[9.351s] Invoking command in '/home/crofi/ros2_ws/src/vision/lane_detector': PYTHONPATH=/home/crofi/ros2_ws/build/lane_detector/prefix_override:/usr/lib/python3/dist-packages/colcon_core/task/python/colcon_distutils_commands:/home/crofi/ros2_ws/install/lane_detector/lib/python3.10/site-packages:${PYTHONPATH} /usr/bin/python3 -W ignore:setup.py install is deprecated -W ignore:easy_install command is deprecated setup.py egg_info --egg-base ../../../build/lane_detector build --build-base /home/crofi/ros2_ws/build/lane_detector/build install --record /home/crofi/ros2_ws/build/lane_detector/install.log --single-version-externally-managed install_data
[11.484s] running egg_info
[11.498s] writing ../../../build/lane_detector/lane_detector.egg-info/PKG-INFO
[11.499s] writing dependency_links to ../../../build/lane_detector/lane_detector.egg-info/dependency_links.txt
[11.500s] writing entry points to ../../../build/lane_detector/lane_detector.egg-info/entry_points.txt
[11.501s] writing requirements to ../../../build/lane_detector/lane_detector.egg-info/requires.txt
[11.501s] writing top-level names to ../../../build/lane_detector/lane_detector.egg-info/top_level.txt
[11.515s] reading manifest file '../../../build/lane_detector/lane_detector.egg-info/SOURCES.txt'
[11.522s] writing manifest file '../../../build/lane_detector/lane_detector.egg-info/SOURCES.txt'
[11.523s] running build
[11.525s] running build_py
[11.526s] running install
[11.526s] running install_lib
[11.543s] running install_data
[11.543s] running install_egg_info
[11.555s] removing '/home/crofi/ros2_ws/install/lane_detector/lib/python3.10/site-packages/lane_detector-0.0.0-py3.10.egg-info' (and everything under it)
[11.556s] Copying ../../../build/lane_detector/lane_detector.egg-info to /home/crofi/ros2_ws/install/lane_detector/lib/python3.10/site-packages/lane_detector-0.0.0-py3.10.egg-info
[11.566s] running install_scripts
[11.798s] Installing lane_detector script to /home/crofi/ros2_ws/install/lane_detector/lib/lane_detector
[11.804s] writing list of installed files to '/home/crofi/ros2_ws/build/lane_detector/install.log'
[11.998s] Invoked command in '/home/crofi/ros2_ws/src/vision/lane_detector' returned '0': PYTHONPATH=/home/crofi/ros2_ws/build/lane_detector/prefix_override:/usr/lib/python3/dist-packages/colcon_core/task/python/colcon_distutils_commands:/home/crofi/ros2_ws/install/lane_detector/lib/python3.10/site-packages:${PYTHONPATH} /usr/bin/python3 -W ignore:setup.py install is deprecated -W ignore:easy_install command is deprecated setup.py egg_info --egg-base ../../../build/lane_detector build --build-base /home/crofi/ros2_ws/build/lane_detector/build install --record /home/crofi/ros2_ws/build/lane_detector/install.log --single-version-externally-managed install_data
