[9.600s] Invoking command in '/home/crofi/ros2_ws/src/hardware/webcam': PYTHONPATH=/home/crofi/ros2_ws/build/webcam/prefix_override:/usr/lib/python3/dist-packages/colcon_core/task/python/colcon_distutils_commands:/home/crofi/ros2_ws/install/webcam/lib/python3.10/site-packages:${PYTHONPATH} /usr/bin/python3 -W ignore:setup.py install is deprecated -W ignore:easy_install command is deprecated setup.py egg_info --egg-base ../../../build/webcam build --build-base /home/crofi/ros2_ws/build/webcam/build install --record /home/crofi/ros2_ws/build/webcam/install.log --single-version-externally-managed install_data
[12.184s] running egg_info
[12.187s] writing ../../../build/webcam/webcam.egg-info/PKG-INFO
[12.188s] writing dependency_links to ../../../build/webcam/webcam.egg-info/dependency_links.txt
[12.189s] writing entry points to ../../../build/webcam/webcam.egg-info/entry_points.txt
[12.191s] writing requirements to ../../../build/webcam/webcam.egg-info/requires.txt
[12.192s] writing top-level names to ../../../build/webcam/webcam.egg-info/top_level.txt
[12.203s] reading manifest file '../../../build/webcam/webcam.egg-info/SOURCES.txt'
[12.208s] adding license file 'LICENSE'
[12.208s] writing manifest file '../../../build/webcam/webcam.egg-info/SOURCES.txt'
[12.209s] running build
[12.210s] running build_py
[12.212s] running install
[12.213s] running install_lib
[12.228s] running install_data
[12.230s] running install_egg_info
[12.240s] removing '/home/crofi/ros2_ws/install/webcam/lib/python3.10/site-packages/webcam-0.0.0-py3.10.egg-info' (and everything under it)
[12.242s] Copying ../../../build/webcam/webcam.egg-info to /home/crofi/ros2_ws/install/webcam/lib/python3.10/site-packages/webcam-0.0.0-py3.10.egg-info
[12.254s] running install_scripts
[12.396s] Installing webcam script to /home/crofi/ros2_ws/install/webcam/lib/webcam
[12.400s] writing list of installed files to '/home/crofi/ros2_ws/build/webcam/install.log'
[12.613s] Invoked command in '/home/crofi/ros2_ws/src/hardware/webcam' returned '0': PYTHONPATH=/home/crofi/ros2_ws/build/webcam/prefix_override:/usr/lib/python3/dist-packages/colcon_core/task/python/colcon_distutils_commands:/home/crofi/ros2_ws/install/webcam/lib/python3.10/site-packages:${PYTHONPATH} /usr/bin/python3 -W ignore:setup.py install is deprecated -W ignore:easy_install command is deprecated setup.py egg_info --egg-base ../../../build/webcam build --build-base /home/crofi/ros2_ws/build/webcam/build install --record /home/crofi/ros2_ws/build/webcam/install.log --single-version-externally-managed install_data
