[19.165s] Invoking command in '/home/crofi/AutoModelCrofi/ros2_ws/build/webcam_recorted': PYTHONPATH=/home/crofi/AutoModelCrofi/ros2_ws/build/webcam_recorted/prefix_override:/usr/lib/python3/dist-packages/colcon_core/task/python/colcon_distutils_commands:/home/crofi/AutoModelCrofi/ros2_ws/install/webcam_recorted/lib/python3.10/site-packages:${PYTHONPATH} /usr/bin/python3 -W ignore:setup.py install is deprecated -W ignore:easy_install command is deprecated setup.py develop --editable --build-directory /home/crofi/AutoModelCrofi/ros2_ws/build/webcam_recorted/build --no-deps symlink_data
[24.581s] running develop
[28.651s] running egg_info
[28.653s] creating webcam_recorted.egg-info
[28.654s] writing webcam_recorted.egg-info/PKG-INFO
[28.657s] writing dependency_links to webcam_recorted.egg-info/dependency_links.txt
[28.661s] writing entry points to webcam_recorted.egg-info/entry_points.txt
[28.662s] writing requirements to webcam_recorted.egg-info/requires.txt
[28.671s] writing top-level names to webcam_recorted.egg-info/top_level.txt
[28.673s] writing manifest file 'webcam_recorted.egg-info/SOURCES.txt'
[28.692s] reading manifest file 'webcam_recorted.egg-info/SOURCES.txt'
[28.705s] writing manifest file 'webcam_recorted.egg-info/SOURCES.txt'
[28.733s] running build_ext
[28.737s] Creating /home/crofi/AutoModelCrofi/ros2_ws/install/webcam_recorted/lib/python3.10/site-packages/webcam-recorted.egg-link (link to .)
[28.750s] Installing webcam_recorted script to /home/crofi/AutoModelCrofi/ros2_ws/install/webcam_recorted/lib/webcam_recorted
[28.758s] 
[28.761s] Installed /home/crofi/AutoModelCrofi/ros2_ws/build/webcam_recorted
[28.764s] running symlink_data
[28.770s] creating /home/crofi/AutoModelCrofi/ros2_ws/install/webcam_recorted/share/ament_index
[28.773s] creating /home/crofi/AutoModelCrofi/ros2_ws/install/webcam_recorted/share/ament_index/resource_index
[28.778s] creating /home/crofi/AutoModelCrofi/ros2_ws/install/webcam_recorted/share/ament_index/resource_index/packages
[28.780s] symbolically linking /home/crofi/AutoModelCrofi/ros2_ws/build/webcam_recorted/resource/webcam_recorted -> /home/crofi/AutoModelCrofi/ros2_ws/install/webcam_recorted/share/ament_index/resource_index/packages
[28.785s] symbolically linking /home/crofi/AutoModelCrofi/ros2_ws/build/webcam_recorted/package.xml -> /home/crofi/AutoModelCrofi/ros2_ws/install/webcam_recorted/share/webcam_recorted
[29.045s] Invoked command in '/home/crofi/AutoModelCrofi/ros2_ws/build/webcam_recorted' returned '0': PYTHONPATH=/home/crofi/AutoModelCrofi/ros2_ws/build/webcam_recorted/prefix_override:/usr/lib/python3/dist-packages/colcon_core/task/python/colcon_distutils_commands:/home/crofi/AutoModelCrofi/ros2_ws/install/webcam_recorted/lib/python3.10/site-packages:${PYTHONPATH} /usr/bin/python3 -W ignore:setup.py install is deprecated -W ignore:easy_install command is deprecated setup.py develop --editable --build-directory /home/crofi/AutoModelCrofi/ros2_ws/build/webcam_recorted/build --no-deps symlink_data
