running egg_info
creating ../../../build/señal_detector/se_al_detector.egg-info
writing ../../../build/señal_detector/se_al_detector.egg-info/PKG-INFO
writing dependency_links to ../../../build/señal_detector/se_al_detector.egg-info/dependency_links.txt
writing entry points to ../../../build/señal_detector/se_al_detector.egg-info/entry_points.txt
writing requirements to ../../../build/señal_detector/se_al_detector.egg-info/requires.txt
writing top-level names to ../../../build/señal_detector/se_al_detector.egg-info/top_level.txt
writing manifest file '../../../build/señal_detector/se_al_detector.egg-info/SOURCES.txt'
reading manifest file '../../../build/señal_detector/se_al_detector.egg-info/SOURCES.txt'
writing manifest file '../../../build/señal_detector/se_al_detector.egg-info/SOURCES.txt'
running build
running build_py
creating /home/crofi/ros2_ws/build/señal_detector/build
creating /home/crofi/ros2_ws/build/señal_detector/build/lib
creating /home/crofi/ros2_ws/build/señal_detector/build/lib/señal_detector
copying señal_detector/__init__.py -> /home/crofi/ros2_ws/build/señal_detector/build/lib/señal_detector
copying señal_detector/señal_detector.py -> /home/crofi/ros2_ws/build/señal_detector/build/lib/señal_detector
running install
running install_lib
creating /home/crofi/ros2_ws/install/señal_detector/lib/python3.10/site-packages/señal_detector
copying /home/crofi/ros2_ws/build/señal_detector/build/lib/señal_detector/__init__.py -> /home/crofi/ros2_ws/install/señal_detector/lib/python3.10/site-packages/señal_detector
copying /home/crofi/ros2_ws/build/señal_detector/build/lib/señal_detector/señal_detector.py -> /home/crofi/ros2_ws/install/señal_detector/lib/python3.10/site-packages/señal_detector
byte-compiling /home/crofi/ros2_ws/install/señal_detector/lib/python3.10/site-packages/señal_detector/__init__.py to __init__.cpython-310.pyc
byte-compiling /home/crofi/ros2_ws/install/señal_detector/lib/python3.10/site-packages/señal_detector/señal_detector.py to señal_detector.cpython-310.pyc
running install_data
creating /home/crofi/ros2_ws/install/señal_detector/share
creating /home/crofi/ros2_ws/install/señal_detector/share/ament_index
creating /home/crofi/ros2_ws/install/señal_detector/share/ament_index/resource_index
creating /home/crofi/ros2_ws/install/señal_detector/share/ament_index/resource_index/packages
copying resource/señal_detector -> /home/crofi/ros2_ws/install/señal_detector/share/ament_index/resource_index/packages
creating /home/crofi/ros2_ws/install/señal_detector/share/señal_detector
copying package.xml -> /home/crofi/ros2_ws/install/señal_detector/share/señal_detector
running install_egg_info
Copying ../../../build/señal_detector/se_al_detector.egg-info to /home/crofi/ros2_ws/install/señal_detector/lib/python3.10/site-packages/se_al_detector-0.0.0-py3.10.egg-info
running install_scripts
Installing señal_detector script to /home/crofi/ros2_ws/install/señal_detector/lib/señal_detector
writing list of installed files to '/home/crofi/ros2_ws/build/señal_detector/install.log'
