[9.350s] Invoking command in '/home/crofi/ros2_ws/src/vision/lane_detector': PYTHONPATH=/home/crofi/ros2_ws/build/lane_detector/prefix_override:/usr/lib/python3/dist-packages/colcon_core/task/python/colcon_distutils_commands:/home/crofi/ros2_ws/install/lane_detector/lib/python3.10/site-packages:${PYTHONPATH} /usr/bin/python3 -W ignore:setup.py install is deprecated -W ignore:easy_install command is deprecated setup.py egg_info --egg-base ../../../build/lane_detector build --build-base /home/crofi/ros2_ws/build/lane_detector/build install --record /home/crofi/ros2_ws/build/lane_detector/install.log --single-version-externally-managed install_data
[11.946s] running egg_info
[11.948s] writing ../../../build/lane_detector/lane_detector.egg-info/PKG-INFO
[11.948s] writing dependency_links to ../../../build/lane_detector/lane_detector.egg-info/dependency_links.txt
[11.949s] writing entry points to ../../../build/lane_detector/lane_detector.egg-info/entry_points.txt
[11.951s] writing requirements to ../../../build/lane_detector/lane_detector.egg-info/requires.txt
[11.952s] writing top-level names to ../../../build/lane_detector/lane_detector.egg-info/top_level.txt
[11.964s] reading manifest file '../../../build/lane_detector/lane_detector.egg-info/SOURCES.txt'
[11.970s] writing manifest file '../../../build/lane_detector/lane_detector.egg-info/SOURCES.txt'
[11.972s] running build
[11.972s] running build_py
[11.973s] running install
[11.976s] running install_lib
[11.997s] running install_data
[11.998s] running install_egg_info
[12.008s] removing '/home/crofi/ros2_ws/install/lane_detector/lib/python3.10/site-packages/lane_detector-0.0.0-py3.10.egg-info' (and everything under it)
[12.013s] Copying ../../../build/lane_detector/lane_detector.egg-info to /home/crofi/ros2_ws/install/lane_detector/lib/python3.10/site-packages/lane_detector-0.0.0-py3.10.egg-info
[12.032s] running install_scripts
[12.223s] Installing lane_detector script to /home/crofi/ros2_ws/install/lane_detector/lib/lane_detector
[12.227s] writing list of installed files to '/home/crofi/ros2_ws/build/lane_detector/install.log'
[12.576s] Invoked command in '/home/crofi/ros2_ws/src/vision/lane_detector' returned '0': PYTHONPATH=/home/crofi/ros2_ws/build/lane_detector/prefix_override:/usr/lib/python3/dist-packages/colcon_core/task/python/colcon_distutils_commands:/home/crofi/ros2_ws/install/lane_detector/lib/python3.10/site-packages:${PYTHONPATH} /usr/bin/python3 -W ignore:setup.py install is deprecated -W ignore:easy_install command is deprecated setup.py egg_info --egg-base ../../../build/lane_detector build --build-base /home/crofi/ros2_ws/build/lane_detector/build install --record /home/crofi/ros2_ws/build/lane_detector/install.log --single-version-externally-managed install_data
