[1.834s] Invoking command in '/home/tars/AutoModelCrofi/ros2_ws/src/hardware/webcam': PYTHONPATH=/home/tars/AutoModelCrofi/ros2_ws/build/webcam/prefix_override:/usr/lib/python3/dist-packages/colcon_core/task/python/colcon_distutils_commands:/home/tars/AutoModelCrofi/ros2_ws/install/webcam/lib/python3.12/site-packages:${PYTHONPATH} /usr/bin/python3 -W ignore:setup.py install is deprecated -W ignore:easy_install command is deprecated setup.py egg_info --egg-base ../../../build/webcam build --build-base /home/tars/AutoModelCrofi/ros2_ws/build/webcam/build install --record /home/tars/AutoModelCrofi/ros2_ws/build/webcam/install.log --single-version-externally-managed install_data
[2.467s] running egg_info
[2.467s] writing ../../../build/webcam/webcam.egg-info/PKG-INFO
[2.467s] writing dependency_links to ../../../build/webcam/webcam.egg-info/dependency_links.txt
[2.468s] writing entry points to ../../../build/webcam/webcam.egg-info/entry_points.txt
[2.468s] writing requirements to ../../../build/webcam/webcam.egg-info/requires.txt
[2.468s] writing top-level names to ../../../build/webcam/webcam.egg-info/top_level.txt
[2.468s] reading manifest file '../../../build/webcam/webcam.egg-info/SOURCES.txt'
[2.468s] adding license file 'LICENSE'
[2.468s] writing manifest file '../../../build/webcam/webcam.egg-info/SOURCES.txt'
[2.468s] running build
[2.468s] running build_py
[2.468s] running install
[2.468s] running install_lib
[2.468s] running install_data
[2.468s] running install_egg_info
[2.469s] removing '/home/tars/AutoModelCrofi/ros2_ws/install/webcam/lib/python3.12/site-packages/webcam-0.0.0-py3.12.egg-info' (and everything under it)
[2.469s] Copying ../../../build/webcam/webcam.egg-info to /home/tars/AutoModelCrofi/ros2_ws/install/webcam/lib/python3.12/site-packages/webcam-0.0.0-py3.12.egg-info
[2.469s] running install_scripts
[2.480s] Installing webcam script to /home/tars/AutoModelCrofi/ros2_ws/install/webcam/lib/webcam
[2.481s] writing list of installed files to '/home/tars/AutoModelCrofi/ros2_ws/build/webcam/install.log'
[2.667s] Invoked command in '/home/tars/AutoModelCrofi/ros2_ws/src/hardware/webcam' returned '0': PYTHONPATH=/home/tars/AutoModelCrofi/ros2_ws/build/webcam/prefix_override:/usr/lib/python3/dist-packages/colcon_core/task/python/colcon_distutils_commands:/home/tars/AutoModelCrofi/ros2_ws/install/webcam/lib/python3.12/site-packages:${PYTHONPATH} /usr/bin/python3 -W ignore:setup.py install is deprecated -W ignore:easy_install command is deprecated setup.py egg_info --egg-base ../../../build/webcam build --build-base /home/tars/AutoModelCrofi/ros2_ws/build/webcam/build install --record /home/tars/AutoModelCrofi/ros2_ws/build/webcam/install.log --single-version-externally-managed install_data
