[0.627s] Invoking command in '/home/tars/AutoModelCrofi/ros2_ws/src/hardware/ydlidar_client': PYTHONPATH=/home/tars/AutoModelCrofi/ros2_ws/build/ydlidar_client/prefix_override:/usr/lib/python3/dist-packages/colcon_core/task/python/colcon_distutils_commands:/home/tars/AutoModelCrofi/ros2_ws/install/ydlidar_client/lib/python3.12/site-packages:${PYTHONPATH} /usr/bin/python3 -W ignore:setup.py install is deprecated -W ignore:easy_install command is deprecated setup.py egg_info --egg-base ../../../build/ydlidar_client build --build-base /home/tars/AutoModelCrofi/ros2_ws/build/ydlidar_client/build install --record /home/tars/AutoModelCrofi/ros2_ws/build/ydlidar_client/install.log --single-version-externally-managed install_data
[0.814s] running egg_info
[0.828s] writing ../../../build/ydlidar_client/ydlidar_client.egg-info/PKG-INFO
[0.828s] writing dependency_links to ../../../build/ydlidar_client/ydlidar_client.egg-info/dependency_links.txt
[0.828s] writing entry points to ../../../build/ydlidar_client/ydlidar_client.egg-info/entry_points.txt
[0.828s] writing requirements to ../../../build/ydlidar_client/ydlidar_client.egg-info/requires.txt
[0.829s] writing top-level names to ../../../build/ydlidar_client/ydlidar_client.egg-info/top_level.txt
[0.856s] reading manifest file '../../../build/ydlidar_client/ydlidar_client.egg-info/SOURCES.txt'
[0.857s] writing manifest file '../../../build/ydlidar_client/ydlidar_client.egg-info/SOURCES.txt'
[0.857s] running build
[0.857s] running build_py
[0.857s] running install
[0.862s] running install_lib
[0.877s] running install_data
[0.877s] running install_egg_info
[0.890s] removing '/home/tars/AutoModelCrofi/ros2_ws/install/ydlidar_client/lib/python3.12/site-packages/ydlidar_client-0.0.0-py3.12.egg-info' (and everything under it)
[0.891s] Copying ../../../build/ydlidar_client/ydlidar_client.egg-info to /home/tars/AutoModelCrofi/ros2_ws/install/ydlidar_client/lib/python3.12/site-packages/ydlidar_client-0.0.0-py3.12.egg-info
[0.891s] running install_scripts
[0.981s] Installing ydlidar_client script to /home/tars/AutoModelCrofi/ros2_ws/install/ydlidar_client/lib/ydlidar_client
[0.981s] writing list of installed files to '/home/tars/AutoModelCrofi/ros2_ws/build/ydlidar_client/install.log'
[0.999s] Invoked command in '/home/tars/AutoModelCrofi/ros2_ws/src/hardware/ydlidar_client' returned '0': PYTHONPATH=/home/tars/AutoModelCrofi/ros2_ws/build/ydlidar_client/prefix_override:/usr/lib/python3/dist-packages/colcon_core/task/python/colcon_distutils_commands:/home/tars/AutoModelCrofi/ros2_ws/install/ydlidar_client/lib/python3.12/site-packages:${PYTHONPATH} /usr/bin/python3 -W ignore:setup.py install is deprecated -W ignore:easy_install command is deprecated setup.py egg_info --egg-base ../../../build/ydlidar_client build --build-base /home/tars/AutoModelCrofi/ros2_ws/build/ydlidar_client/build install --record /home/tars/AutoModelCrofi/ros2_ws/build/ydlidar_client/install.log --single-version-externally-managed install_data
