[18.535s] Invoking command in '/home/crofi/AutoModel_Rep/ros2_ws/src/vision/red_vision': PYTHONPATH=/home/crofi/AutoModel_Rep/build/red_vision/prefix_override:/usr/lib/python3/dist-packages/colcon_core/task/python/colcon_distutils_commands:/home/crofi/AutoModel_Rep/install/red_vision/lib/python3.10/site-packages:${PYTHONPATH} /usr/bin/python3 -W ignore:setup.py install is deprecated -W ignore:easy_install command is deprecated setup.py egg_info --egg-base ../../../../build/red_vision build --build-base /home/crofi/AutoModel_Rep/build/red_vision/build install --record /home/crofi/AutoModel_Rep/build/red_vision/install.log --single-version-externally-managed install_data
[24.858s] running egg_info
[24.865s] writing ../../../../build/red_vision/red_vision.egg-info/PKG-INFO
[24.869s] writing dependency_links to ../../../../build/red_vision/red_vision.egg-info/dependency_links.txt
[24.873s] writing entry points to ../../../../build/red_vision/red_vision.egg-info/entry_points.txt
[24.876s] writing requirements to ../../../../build/red_vision/red_vision.egg-info/requires.txt
[24.880s] writing top-level names to ../../../../build/red_vision/red_vision.egg-info/top_level.txt
[24.908s] reading manifest file '../../../../build/red_vision/red_vision.egg-info/SOURCES.txt'
[24.923s] writing manifest file '../../../../build/red_vision/red_vision.egg-info/SOURCES.txt'
[24.927s] running build
[24.928s] running build_py
[24.936s] running install
[24.963s] running install_lib
[25.095s] running install_data
[25.097s] running install_egg_info
[25.160s] removing '/home/crofi/AutoModel_Rep/install/red_vision/lib/python3.10/site-packages/red_vision-0.0.0-py3.10.egg-info' (and everything under it)
[25.168s] Copying ../../../../build/red_vision/red_vision.egg-info to /home/crofi/AutoModel_Rep/install/red_vision/lib/python3.10/site-packages/red_vision-0.0.0-py3.10.egg-info
[25.287s] running install_scripts
[25.627s] Installing red_vision script to /home/crofi/AutoModel_Rep/install/red_vision/lib/red_vision
[25.628s] writing list of installed files to '/home/crofi/AutoModel_Rep/build/red_vision/install.log'
[26.224s] Invoked command in '/home/crofi/AutoModel_Rep/ros2_ws/src/vision/red_vision' returned '0': PYTHONPATH=/home/crofi/AutoModel_Rep/build/red_vision/prefix_override:/usr/lib/python3/dist-packages/colcon_core/task/python/colcon_distutils_commands:/home/crofi/AutoModel_Rep/install/red_vision/lib/python3.10/site-packages:${PYTHONPATH} /usr/bin/python3 -W ignore:setup.py install is deprecated -W ignore:easy_install command is deprecated setup.py egg_info --egg-base ../../../../build/red_vision build --build-base /home/crofi/AutoModel_Rep/build/red_vision/build install --record /home/crofi/AutoModel_Rep/build/red_vision/install.log --single-version-externally-managed install_data
