[33.971s] Invoking command in '/home/crofi/AutoModel_Rep/ros2_ws/src/vision/lane_angle': PYTHONPATH=/home/crofi/AutoModel_Rep/build/lane_angle/prefix_override:/usr/lib/python3/dist-packages/colcon_core/task/python/colcon_distutils_commands:/home/crofi/AutoModel_Rep/install/lane_angle/lib/python3.10/site-packages:${PYTHONPATH} /usr/bin/python3 -W ignore:setup.py install is deprecated -W ignore:easy_install command is deprecated setup.py egg_info --egg-base ../../../../build/lane_angle build --build-base /home/crofi/AutoModel_Rep/build/lane_angle/build install --record /home/crofi/AutoModel_Rep/build/lane_angle/install.log --single-version-externally-managed install_data
[42.362s] running egg_info
[42.389s] writing ../../../../build/lane_angle/lane_angle.egg-info/PKG-INFO
[42.390s] writing dependency_links to ../../../../build/lane_angle/lane_angle.egg-info/dependency_links.txt
[42.390s] writing entry points to ../../../../build/lane_angle/lane_angle.egg-info/entry_points.txt
[42.391s] writing requirements to ../../../../build/lane_angle/lane_angle.egg-info/requires.txt
[42.392s] writing top-level names to ../../../../build/lane_angle/lane_angle.egg-info/top_level.txt
[42.394s] reading manifest file '../../../../build/lane_angle/lane_angle.egg-info/SOURCES.txt'
[42.400s] writing manifest file '../../../../build/lane_angle/lane_angle.egg-info/SOURCES.txt'
[42.401s] running build
[42.409s] running build_py
[42.410s] copying lane_angle/lane_angle.py -> /home/crofi/AutoModel_Rep/build/lane_angle/build/lib/lane_angle
[42.410s] running install
[42.411s] running install_lib
[42.422s] copying /home/crofi/AutoModel_Rep/build/lane_angle/build/lib/lane_angle/lane_angle.py -> /home/crofi/AutoModel_Rep/install/lane_angle/lib/python3.10/site-packages/lane_angle
[42.437s] byte-compiling /home/crofi/AutoModel_Rep/install/lane_angle/lib/python3.10/site-packages/lane_angle/lane_angle.py to lane_angle.cpython-310.pyc
[42.445s] running install_data
[42.445s] running install_egg_info
[42.457s] removing '/home/crofi/AutoModel_Rep/install/lane_angle/lib/python3.10/site-packages/lane_angle-0.0.0-py3.10.egg-info' (and everything under it)
[42.460s] Copying ../../../../build/lane_angle/lane_angle.egg-info to /home/crofi/AutoModel_Rep/install/lane_angle/lib/python3.10/site-packages/lane_angle-0.0.0-py3.10.egg-info
[42.473s] running install_scripts
[42.688s] Installing lane_angle script to /home/crofi/AutoModel_Rep/install/lane_angle/lib/lane_angle
[42.691s] writing list of installed files to '/home/crofi/AutoModel_Rep/build/lane_angle/install.log'
[47.449s] Invoked command in '/home/crofi/AutoModel_Rep/ros2_ws/src/vision/lane_angle' returned '0': PYTHONPATH=/home/crofi/AutoModel_Rep/build/lane_angle/prefix_override:/usr/lib/python3/dist-packages/colcon_core/task/python/colcon_distutils_commands:/home/crofi/AutoModel_Rep/install/lane_angle/lib/python3.10/site-packages:${PYTHONPATH} /usr/bin/python3 -W ignore:setup.py install is deprecated -W ignore:easy_install command is deprecated setup.py egg_info --egg-base ../../../../build/lane_angle build --build-base /home/crofi/AutoModel_Rep/build/lane_angle/build install --record /home/crofi/AutoModel_Rep/build/lane_angle/install.log --single-version-externally-managed install_data
