[2.157s] Invoking command in '/home/tars/AutoModelCrofi/ros2_ws/src/vision/lane_detector': PYTHONPATH=/home/tars/AutoModelCrofi/ros2_ws/build/lane_detector/prefix_override:/usr/lib/python3/dist-packages/colcon_core/task/python/colcon_distutils_commands:/home/tars/AutoModelCrofi/ros2_ws/install/lane_detector/lib/python3.12/site-packages:${PYTHONPATH} /usr/bin/python3 -W ignore:setup.py install is deprecated -W ignore:easy_install command is deprecated setup.py egg_info --egg-base ../../../build/lane_detector build --build-base /home/tars/AutoModelCrofi/ros2_ws/build/lane_detector/build install --record /home/tars/AutoModelCrofi/ros2_ws/build/lane_detector/install.log --single-version-externally-managed install_data
[2.531s] running egg_info
[2.560s] writing ../../../build/lane_detector/lane_detector.egg-info/PKG-INFO
[2.560s] writing dependency_links to ../../../build/lane_detector/lane_detector.egg-info/dependency_links.txt
[2.560s] writing entry points to ../../../build/lane_detector/lane_detector.egg-info/entry_points.txt
[2.560s] writing requirements to ../../../build/lane_detector/lane_detector.egg-info/requires.txt
[2.560s] writing top-level names to ../../../build/lane_detector/lane_detector.egg-info/top_level.txt
[2.613s] reading manifest file '../../../build/lane_detector/lane_detector.egg-info/SOURCES.txt'
[2.614s] writing manifest file '../../../build/lane_detector/lane_detector.egg-info/SOURCES.txt'
[2.615s] running build
[2.615s] running build_py
[2.615s] running install
[2.625s] running install_lib
[2.652s] running install_data
[2.652s] running install_egg_info
[2.680s] removing '/home/tars/AutoModelCrofi/ros2_ws/install/lane_detector/lib/python3.12/site-packages/lane_detector-0.0.0-py3.12.egg-info' (and everything under it)
[2.682s] Copying ../../../build/lane_detector/lane_detector.egg-info to /home/tars/AutoModelCrofi/ros2_ws/install/lane_detector/lib/python3.12/site-packages/lane_detector-0.0.0-py3.12.egg-info
[2.683s] running install_scripts
[2.859s] Installing lane_detector script to /home/tars/AutoModelCrofi/ros2_ws/install/lane_detector/lib/lane_detector
[2.859s] writing list of installed files to '/home/tars/AutoModelCrofi/ros2_ws/build/lane_detector/install.log'
[2.912s] Invoked command in '/home/tars/AutoModelCrofi/ros2_ws/src/vision/lane_detector' returned '0': PYTHONPATH=/home/tars/AutoModelCrofi/ros2_ws/build/lane_detector/prefix_override:/usr/lib/python3/dist-packages/colcon_core/task/python/colcon_distutils_commands:/home/tars/AutoModelCrofi/ros2_ws/install/lane_detector/lib/python3.12/site-packages:${PYTHONPATH} /usr/bin/python3 -W ignore:setup.py install is deprecated -W ignore:easy_install command is deprecated setup.py egg_info --egg-base ../../../build/lane_detector build --build-base /home/tars/AutoModelCrofi/ros2_ws/build/lane_detector/build install --record /home/tars/AutoModelCrofi/ros2_ws/build/lane_detector/install.log --single-version-externally-managed install_data
