running develop
Removing /home/crofi/AutoModelCrofi/ros2_ws/install/button/lib/python3.10/site-packages/button.egg-link (link to .)
running egg_info
writing ../../../build/button/button.egg-info/PKG-INFO
writing dependency_links to ../../../build/button/button.egg-info/dependency_links.txt
writing entry points to ../../../build/button/button.egg-info/entry_points.txt
writing requirements to ../../../build/button/button.egg-info/requires.txt
writing top-level names to ../../../build/button/button.egg-info/top_level.txt
reading manifest file '../../../build/button/button.egg-info/SOURCES.txt'
writing manifest file '../../../build/button/button.egg-info/SOURCES.txt'
running build
running build_py
creating /home/crofi/AutoModelCrofi/ros2_ws/build/button/build
creating /home/crofi/AutoModelCrofi/ros2_ws/build/button/build/lib
creating /home/crofi/AutoModelCrofi/ros2_ws/build/button/build/lib/button
copying button/button22.py -> /home/crofi/AutoModelCrofi/ros2_ws/build/button/build/lib/button
copying button/__init__.py -> /home/crofi/AutoModelCrofi/ros2_ws/build/button/build/lib/button
running install
running install_lib
creating /home/crofi/AutoModelCrofi/ros2_ws/install/button/lib/python3.10/site-packages/button
copying /home/crofi/AutoModelCrofi/ros2_ws/build/button/build/lib/button/button22.py -> /home/crofi/AutoModelCrofi/ros2_ws/install/button/lib/python3.10/site-packages/button
copying /home/crofi/AutoModelCrofi/ros2_ws/build/button/build/lib/button/__init__.py -> /home/crofi/AutoModelCrofi/ros2_ws/install/button/lib/python3.10/site-packages/button
byte-compiling /home/crofi/AutoModelCrofi/ros2_ws/install/button/lib/python3.10/site-packages/button/button22.py to button22.cpython-310.pyc
byte-compiling /home/crofi/AutoModelCrofi/ros2_ws/install/button/lib/python3.10/site-packages/button/__init__.py to __init__.cpython-310.pyc
running install_data
copying resource/button -> /home/crofi/AutoModelCrofi/ros2_ws/install/button/share/ament_index/resource_index/packages
copying package.xml -> /home/crofi/AutoModelCrofi/ros2_ws/install/button/share/button
running install_egg_info
Copying ../../../build/button/button.egg-info to /home/crofi/AutoModelCrofi/ros2_ws/install/button/lib/python3.10/site-packages/button-0.0.0-py3.10.egg-info
running install_scripts
Installing button22 script to /home/crofi/AutoModelCrofi/ros2_ws/install/button/lib/button
writing list of installed files to '/home/crofi/AutoModelCrofi/ros2_ws/build/button/install.log'
