[19.045s] Invoking command in '/home/crofi/ros2_ws/src/vision/lane_detector': PYTHONPATH=/home/crofi/ros2_ws/build/lane_detector/prefix_override:/usr/lib/python3/dist-packages/colcon_core/task/python/colcon_distutils_commands:/home/crofi/ros2_ws/install/lane_detector/lib/python3.10/site-packages:${PYTHONPATH} /usr/bin/python3 -W ignore:setup.py install is deprecated -W ignore:easy_install command is deprecated setup.py egg_info --egg-base ../../../build/lane_detector build --build-base /home/crofi/ros2_ws/build/lane_detector/build install --record /home/crofi/ros2_ws/build/lane_detector/install.log --single-version-externally-managed install_data
[27.042s] running egg_info
[27.050s] writing ../../../build/lane_detector/lane_detector.egg-info/PKG-INFO
[27.065s] writing dependency_links to ../../../build/lane_detector/lane_detector.egg-info/dependency_links.txt
[27.066s] writing entry points to ../../../build/lane_detector/lane_detector.egg-info/entry_points.txt
[27.087s] writing requirements to ../../../build/lane_detector/lane_detector.egg-info/requires.txt
[27.088s] writing top-level names to ../../../build/lane_detector/lane_detector.egg-info/top_level.txt
[27.102s] reading manifest file '../../../build/lane_detector/lane_detector.egg-info/SOURCES.txt'
[27.122s] writing manifest file '../../../build/lane_detector/lane_detector.egg-info/SOURCES.txt'
[27.122s] running build
[27.157s] running build_py
[27.181s] running install
[27.198s] running install_lib
[27.213s] running install_data
[27.215s] running install_egg_info
[27.234s] removing '/home/crofi/ros2_ws/install/lane_detector/lib/python3.10/site-packages/lane_detector-0.0.0-py3.10.egg-info' (and everything under it)
[27.235s] Copying ../../../build/lane_detector/lane_detector.egg-info to /home/crofi/ros2_ws/install/lane_detector/lib/python3.10/site-packages/lane_detector-0.0.0-py3.10.egg-info
[27.235s] running install_scripts
[27.641s] Installing lane_detector script to /home/crofi/ros2_ws/install/lane_detector/lib/lane_detector
[27.643s] writing list of installed files to '/home/crofi/ros2_ws/build/lane_detector/install.log'
[27.896s] Invoked command in '/home/crofi/ros2_ws/src/vision/lane_detector' returned '0': PYTHONPATH=/home/crofi/ros2_ws/build/lane_detector/prefix_override:/usr/lib/python3/dist-packages/colcon_core/task/python/colcon_distutils_commands:/home/crofi/ros2_ws/install/lane_detector/lib/python3.10/site-packages:${PYTHONPATH} /usr/bin/python3 -W ignore:setup.py install is deprecated -W ignore:easy_install command is deprecated setup.py egg_info --egg-base ../../../build/lane_detector build --build-base /home/crofi/ros2_ws/build/lane_detector/build install --record /home/crofi/ros2_ws/build/lane_detector/install.log --single-version-externally-managed install_data
