[3.891s] Invoking command in '/home/crofi/ros2_ws/src/hardware/webcam': PYTHONPATH=/home/crofi/ros2_ws/build/webcam/prefix_override:/usr/lib/python3/dist-packages/colcon_core/task/python/colcon_distutils_commands:/home/crofi/ros2_ws/install/webcam/lib/python3.10/site-packages:${PYTHONPATH} /usr/bin/python3 -W ignore:setup.py install is deprecated -W ignore:easy_install command is deprecated setup.py egg_info --egg-base ../../../build/webcam build --build-base /home/crofi/ros2_ws/build/webcam/build install --record /home/crofi/ros2_ws/build/webcam/install.log --single-version-externally-managed install_data
[5.286s] running egg_info
[5.289s] writing ../../../build/webcam/webcam.egg-info/PKG-INFO
[5.291s] writing dependency_links to ../../../build/webcam/webcam.egg-info/dependency_links.txt
[5.292s] writing entry points to ../../../build/webcam/webcam.egg-info/entry_points.txt
[5.296s] writing requirements to ../../../build/webcam/webcam.egg-info/requires.txt
[5.296s] writing top-level names to ../../../build/webcam/webcam.egg-info/top_level.txt
[5.304s] reading manifest file '../../../build/webcam/webcam.egg-info/SOURCES.txt'
[5.305s] adding license file 'LICENSE'
[5.308s] writing manifest file '../../../build/webcam/webcam.egg-info/SOURCES.txt'
[5.309s] running build
[5.309s] running build_py
[5.310s] running install
[5.312s] running install_lib
[5.323s] running install_data
[5.323s] running install_egg_info
[5.331s] removing '/home/crofi/ros2_ws/install/webcam/lib/python3.10/site-packages/webcam-0.0.0-py3.10.egg-info' (and everything under it)
[5.333s] Copying ../../../build/webcam/webcam.egg-info to /home/crofi/ros2_ws/install/webcam/lib/python3.10/site-packages/webcam-0.0.0-py3.10.egg-info
[5.341s] running install_scripts
[5.436s] Installing webcam script to /home/crofi/ros2_ws/install/webcam/lib/webcam
[5.439s] writing list of installed files to '/home/crofi/ros2_ws/build/webcam/install.log'
[5.597s] Invoked command in '/home/crofi/ros2_ws/src/hardware/webcam' returned '0': PYTHONPATH=/home/crofi/ros2_ws/build/webcam/prefix_override:/usr/lib/python3/dist-packages/colcon_core/task/python/colcon_distutils_commands:/home/crofi/ros2_ws/install/webcam/lib/python3.10/site-packages:${PYTHONPATH} /usr/bin/python3 -W ignore:setup.py install is deprecated -W ignore:easy_install command is deprecated setup.py egg_info --egg-base ../../../build/webcam build --build-base /home/crofi/ros2_ws/build/webcam/build install --record /home/crofi/ros2_ws/build/webcam/install.log --single-version-externally-managed install_data
