running develop
running egg_info
creating lane_angle.egg-info
writing lane_angle.egg-info/PKG-INFO
writing dependency_links to lane_angle.egg-info/dependency_links.txt
writing entry points to lane_angle.egg-info/entry_points.txt
writing requirements to lane_angle.egg-info/requires.txt
writing top-level names to lane_angle.egg-info/top_level.txt
writing manifest file 'lane_angle.egg-info/SOURCES.txt'
reading manifest file 'lane_angle.egg-info/SOURCES.txt'
writing manifest file 'lane_angle.egg-info/SOURCES.txt'
running build_ext
Creating /home/tars/AutoModelCrofi/install/lane_angle/lib/python3.12/site-packages/lane-angle.egg-link (link to .)
Installing lane_angle script to /home/tars/AutoModelCrofi/install/lane_angle/lib/lane_angle

Installed /home/tars/AutoModelCrofi/build/lane_angle
running symlink_data
creating /home/tars/AutoModelCrofi/install/lane_angle/share/ament_index
creating /home/tars/AutoModelCrofi/install/lane_angle/share/ament_index/resource_index
creating /home/tars/AutoModelCrofi/install/lane_angle/share/ament_index/resource_index/packages
symbolically linking /home/tars/AutoModelCrofi/build/lane_angle/resource/lane_angle -> /home/tars/AutoModelCrofi/install/lane_angle/share/ament_index/resource_index/packages
symbolically linking /home/tars/AutoModelCrofi/build/lane_angle/package.xml -> /home/tars/AutoModelCrofi/install/lane_angle/share/lane_angle
