[2.006s] Invoking command in '/home/tars/AutoModelCrofi/ros2_ws/src/hardware/webcam_recorted': PYTHONPATH=/home/tars/AutoModelCrofi/ros2_ws/build/webcam_recorted/prefix_override:/usr/lib/python3/dist-packages/colcon_core/task/python/colcon_distutils_commands:/home/tars/AutoModelCrofi/ros2_ws/install/webcam_recorted/lib/python3.12/site-packages:${PYTHONPATH} /usr/bin/python3 -W ignore:setup.py install is deprecated -W ignore:easy_install command is deprecated setup.py egg_info --egg-base ../../../build/webcam_recorted build --build-base /home/tars/AutoModelCrofi/ros2_ws/build/webcam_recorted/build install --record /home/tars/AutoModelCrofi/ros2_ws/build/webcam_recorted/install.log --single-version-externally-managed install_data
[2.749s] running egg_info
[2.749s] writing ../../../build/webcam_recorted/webcam_recorted.egg-info/PKG-INFO
[2.749s] writing dependency_links to ../../../build/webcam_recorted/webcam_recorted.egg-info/dependency_links.txt
[2.749s] writing entry points to ../../../build/webcam_recorted/webcam_recorted.egg-info/entry_points.txt
[2.750s] writing requirements to ../../../build/webcam_recorted/webcam_recorted.egg-info/requires.txt
[2.750s] writing top-level names to ../../../build/webcam_recorted/webcam_recorted.egg-info/top_level.txt
[2.750s] reading manifest file '../../../build/webcam_recorted/webcam_recorted.egg-info/SOURCES.txt'
[2.750s] writing manifest file '../../../build/webcam_recorted/webcam_recorted.egg-info/SOURCES.txt'
[2.750s] running build
[2.750s] running build_py
[2.750s] running install
[2.750s] running install_lib
[2.750s] running install_data
[2.750s] running install_egg_info
[2.750s] removing '/home/tars/AutoModelCrofi/ros2_ws/install/webcam_recorted/lib/python3.12/site-packages/webcam_recorted-0.0.0-py3.12.egg-info' (and everything under it)
[2.751s] Copying ../../../build/webcam_recorted/webcam_recorted.egg-info to /home/tars/AutoModelCrofi/ros2_ws/install/webcam_recorted/lib/python3.12/site-packages/webcam_recorted-0.0.0-py3.12.egg-info
[2.751s] running install_scripts
[2.776s] Installing webcam_recorted script to /home/tars/AutoModelCrofi/ros2_ws/install/webcam_recorted/lib/webcam_recorted
[2.776s] writing list of installed files to '/home/tars/AutoModelCrofi/ros2_ws/build/webcam_recorted/install.log'
[2.983s] Invoked command in '/home/tars/AutoModelCrofi/ros2_ws/src/hardware/webcam_recorted' returned '0': PYTHONPATH=/home/tars/AutoModelCrofi/ros2_ws/build/webcam_recorted/prefix_override:/usr/lib/python3/dist-packages/colcon_core/task/python/colcon_distutils_commands:/home/tars/AutoModelCrofi/ros2_ws/install/webcam_recorted/lib/python3.12/site-packages:${PYTHONPATH} /usr/bin/python3 -W ignore:setup.py install is deprecated -W ignore:easy_install command is deprecated setup.py egg_info --egg-base ../../../build/webcam_recorted build --build-base /home/tars/AutoModelCrofi/ros2_ws/build/webcam_recorted/build install --record /home/tars/AutoModelCrofi/ros2_ws/build/webcam_recorted/install.log --single-version-externally-managed install_data
