[19.509s] Invoking command in '/home/crofi/ros2_ws/src/vision/red_vision': PYTHONPATH=/home/crofi/ros2_ws/build/red_vision/prefix_override:/usr/lib/python3/dist-packages/colcon_core/task/python/colcon_distutils_commands:/home/crofi/ros2_ws/install/red_vision/lib/python3.10/site-packages:${PYTHONPATH} /usr/bin/python3 -W ignore:setup.py install is deprecated -W ignore:easy_install command is deprecated setup.py egg_info --egg-base ../../../build/red_vision build --build-base /home/crofi/ros2_ws/build/red_vision/build install --record /home/crofi/ros2_ws/build/red_vision/install.log --single-version-externally-managed install_data
[22.903s] running egg_info
[22.907s] writing ../../../build/red_vision/red_vision.egg-info/PKG-INFO
[22.909s] writing dependency_links to ../../../build/red_vision/red_vision.egg-info/dependency_links.txt
[22.917s] writing entry points to ../../../build/red_vision/red_vision.egg-info/entry_points.txt
[22.918s] writing requirements to ../../../build/red_vision/red_vision.egg-info/requires.txt
[22.919s] writing top-level names to ../../../build/red_vision/red_vision.egg-info/top_level.txt
[22.926s] reading manifest file '../../../build/red_vision/red_vision.egg-info/SOURCES.txt'
[22.939s] writing manifest file '../../../build/red_vision/red_vision.egg-info/SOURCES.txt'
[22.940s] running build
[22.940s] running build_py
[22.941s] copying red_vision/red_vision.py -> /home/crofi/ros2_ws/build/red_vision/build/lib/red_vision
[22.942s] running install
[22.942s] running install_lib
[22.946s] copying /home/crofi/ros2_ws/build/red_vision/build/lib/red_vision/red_vision.py -> /home/crofi/ros2_ws/install/red_vision/lib/python3.10/site-packages/red_vision
[22.957s] byte-compiling /home/crofi/ros2_ws/install/red_vision/lib/python3.10/site-packages/red_vision/red_vision.py to red_vision.cpython-310.pyc
[22.959s] running install_data
[22.960s] running install_egg_info
[22.970s] removing '/home/crofi/ros2_ws/install/red_vision/lib/python3.10/site-packages/red_vision-0.0.0-py3.10.egg-info' (and everything under it)
[22.998s] Copying ../../../build/red_vision/red_vision.egg-info to /home/crofi/ros2_ws/install/red_vision/lib/python3.10/site-packages/red_vision-0.0.0-py3.10.egg-info
[22.999s] running install_scripts
[23.107s] Installing red_vision script to /home/crofi/ros2_ws/install/red_vision/lib/red_vision
[23.109s] writing list of installed files to '/home/crofi/ros2_ws/build/red_vision/install.log'
[24.066s] Invoked command in '/home/crofi/ros2_ws/src/vision/red_vision' returned '0': PYTHONPATH=/home/crofi/ros2_ws/build/red_vision/prefix_override:/usr/lib/python3/dist-packages/colcon_core/task/python/colcon_distutils_commands:/home/crofi/ros2_ws/install/red_vision/lib/python3.10/site-packages:${PYTHONPATH} /usr/bin/python3 -W ignore:setup.py install is deprecated -W ignore:easy_install command is deprecated setup.py egg_info --egg-base ../../../build/red_vision build --build-base /home/crofi/ros2_ws/build/red_vision/build install --record /home/crofi/ros2_ws/build/red_vision/install.log --single-version-externally-managed install_data
