[10.787s] Invoking command in '/home/crofi/ros2_ws/src/vision/senal_detector': PYTHONPATH=/home/crofi/ros2_ws/build/senal_detector/prefix_override:/usr/lib/python3/dist-packages/colcon_core/task/python/colcon_distutils_commands:/home/crofi/ros2_ws/install/senal_detector/lib/python3.10/site-packages:${PYTHONPATH} /usr/bin/python3 -W ignore:setup.py install is deprecated -W ignore:easy_install command is deprecated setup.py egg_info --egg-base ../../../build/senal_detector build --build-base /home/crofi/ros2_ws/build/senal_detector/build install --record /home/crofi/ros2_ws/build/senal_detector/install.log --single-version-externally-managed install_data
[13.836s] running egg_info
[13.848s] writing ../../../build/senal_detector/senal_detector.egg-info/PKG-INFO
[13.849s] writing dependency_links to ../../../build/senal_detector/senal_detector.egg-info/dependency_links.txt
[13.869s] writing entry points to ../../../build/senal_detector/senal_detector.egg-info/entry_points.txt
[13.870s] writing requirements to ../../../build/senal_detector/senal_detector.egg-info/requires.txt
[13.871s] writing top-level names to ../../../build/senal_detector/senal_detector.egg-info/top_level.txt
[13.877s] reading manifest file '../../../build/senal_detector/senal_detector.egg-info/SOURCES.txt'
[13.879s] writing manifest file '../../../build/senal_detector/senal_detector.egg-info/SOURCES.txt'
[13.901s] running build
[13.902s] running build_py
[13.902s] copying senal_detector/senal_detector.py -> /home/crofi/ros2_ws/build/senal_detector/build/lib/senal_detector
[13.903s] running install
[13.903s] running install_lib
[13.904s] copying /home/crofi/ros2_ws/build/senal_detector/build/lib/senal_detector/senal_detector.py -> /home/crofi/ros2_ws/install/senal_detector/lib/python3.10/site-packages/senal_detector
[13.905s] byte-compiling /home/crofi/ros2_ws/install/senal_detector/lib/python3.10/site-packages/senal_detector/senal_detector.py to senal_detector.cpython-310.pyc
[13.905s] running install_data
[13.906s] running install_egg_info
[13.921s] removing '/home/crofi/ros2_ws/install/senal_detector/lib/python3.10/site-packages/senal_detector-0.0.0-py3.10.egg-info' (and everything under it)
[13.921s] Copying ../../../build/senal_detector/senal_detector.egg-info to /home/crofi/ros2_ws/install/senal_detector/lib/python3.10/site-packages/senal_detector-0.0.0-py3.10.egg-info
[13.925s] running install_scripts
[14.071s] Installing senal_detector script to /home/crofi/ros2_ws/install/senal_detector/lib/senal_detector
[14.073s] writing list of installed files to '/home/crofi/ros2_ws/build/senal_detector/install.log'
[14.393s] Invoked command in '/home/crofi/ros2_ws/src/vision/senal_detector' returned '0': PYTHONPATH=/home/crofi/ros2_ws/build/senal_detector/prefix_override:/usr/lib/python3/dist-packages/colcon_core/task/python/colcon_distutils_commands:/home/crofi/ros2_ws/install/senal_detector/lib/python3.10/site-packages:${PYTHONPATH} /usr/bin/python3 -W ignore:setup.py install is deprecated -W ignore:easy_install command is deprecated setup.py egg_info --egg-base ../../../build/senal_detector build --build-base /home/crofi/ros2_ws/build/senal_detector/build install --record /home/crofi/ros2_ws/build/senal_detector/install.log --single-version-externally-managed install_data
