[11.487s] Invoking command in '/home/crofi/AutoModel_Rep/ros2_ws/src/hardware/webcam': PYTHONPATH=/home/crofi/AutoModel_Rep/build/webcam/prefix_override:/usr/lib/python3/dist-packages/colcon_core/task/python/colcon_distutils_commands:/home/crofi/AutoModel_Rep/install/webcam/lib/python3.10/site-packages:${PYTHONPATH} /usr/bin/python3 -W ignore:setup.py install is deprecated -W ignore:easy_install command is deprecated setup.py egg_info --egg-base ../../../../build/webcam build --build-base /home/crofi/AutoModel_Rep/build/webcam/build install --record /home/crofi/AutoModel_Rep/build/webcam/install.log --single-version-externally-managed install_data
[16.445s] running egg_info
[16.476s] writing ../../../../build/webcam/webcam.egg-info/PKG-INFO
[16.476s] writing dependency_links to ../../../../build/webcam/webcam.egg-info/dependency_links.txt
[16.477s] writing entry points to ../../../../build/webcam/webcam.egg-info/entry_points.txt
[16.478s] writing requirements to ../../../../build/webcam/webcam.egg-info/requires.txt
[16.478s] writing top-level names to ../../../../build/webcam/webcam.egg-info/top_level.txt
[16.481s] reading manifest file '../../../../build/webcam/webcam.egg-info/SOURCES.txt'
[16.484s] adding license file 'LICENSE'
[16.499s] writing manifest file '../../../../build/webcam/webcam.egg-info/SOURCES.txt'
[16.500s] running build
[16.501s] running build_py
[16.505s] running install
[16.506s] running install_lib
[16.527s] running install_data
[16.529s] running install_egg_info
[16.542s] removing '/home/crofi/AutoModel_Rep/install/webcam/lib/python3.10/site-packages/webcam-0.0.0-py3.10.egg-info' (and everything under it)
[16.543s] Copying ../../../../build/webcam/webcam.egg-info to /home/crofi/AutoModel_Rep/install/webcam/lib/python3.10/site-packages/webcam-0.0.0-py3.10.egg-info
[16.552s] running install_scripts
[16.736s] Installing webcam script to /home/crofi/AutoModel_Rep/install/webcam/lib/webcam
[16.744s] writing list of installed files to '/home/crofi/AutoModel_Rep/build/webcam/install.log'
[17.031s] Invoked command in '/home/crofi/AutoModel_Rep/ros2_ws/src/hardware/webcam' returned '0': PYTHONPATH=/home/crofi/AutoModel_Rep/build/webcam/prefix_override:/usr/lib/python3/dist-packages/colcon_core/task/python/colcon_distutils_commands:/home/crofi/AutoModel_Rep/install/webcam/lib/python3.10/site-packages:${PYTHONPATH} /usr/bin/python3 -W ignore:setup.py install is deprecated -W ignore:easy_install command is deprecated setup.py egg_info --egg-base ../../../../build/webcam build --build-base /home/crofi/AutoModel_Rep/build/webcam/build install --record /home/crofi/AutoModel_Rep/build/webcam/install.log --single-version-externally-managed install_data
