[5.325s] Invoking command in '/home/crofi/ros2_ws/src/hardware/webcam': PYTHONPATH=/home/crofi/ros2_ws/build/webcam/prefix_override:/usr/lib/python3/dist-packages/colcon_core/task/python/colcon_distutils_commands:/home/crofi/ros2_ws/install/webcam/lib/python3.10/site-packages:${PYTHONPATH} /usr/bin/python3 -W ignore:setup.py install is deprecated -W ignore:easy_install command is deprecated setup.py egg_info --egg-base ../../../build/webcam build --build-base /home/crofi/ros2_ws/build/webcam/build install --record /home/crofi/ros2_ws/build/webcam/install.log --single-version-externally-managed install_data
[7.191s] running egg_info
[7.194s] writing ../../../build/webcam/webcam.egg-info/PKG-INFO
[7.195s] writing dependency_links to ../../../build/webcam/webcam.egg-info/dependency_links.txt
[7.196s] writing entry points to ../../../build/webcam/webcam.egg-info/entry_points.txt
[7.197s] writing requirements to ../../../build/webcam/webcam.egg-info/requires.txt
[7.198s] writing top-level names to ../../../build/webcam/webcam.egg-info/top_level.txt
[7.209s] reading manifest file '../../../build/webcam/webcam.egg-info/SOURCES.txt'
[7.214s] adding license file 'LICENSE'
[7.215s] writing manifest file '../../../build/webcam/webcam.egg-info/SOURCES.txt'
[7.224s] running build
[7.225s] running build_py
[7.226s] running install
[7.229s] running install_lib
[7.241s] running install_data
[7.242s] running install_egg_info
[7.254s] removing '/home/crofi/ros2_ws/install/webcam/lib/python3.10/site-packages/webcam-0.0.0-py3.10.egg-info' (and everything under it)
[7.255s] Copying ../../../build/webcam/webcam.egg-info to /home/crofi/ros2_ws/install/webcam/lib/python3.10/site-packages/webcam-0.0.0-py3.10.egg-info
[7.264s] running install_scripts
[7.396s] Installing webcam script to /home/crofi/ros2_ws/install/webcam/lib/webcam
[7.398s] writing list of installed files to '/home/crofi/ros2_ws/build/webcam/install.log'
[7.634s] Invoked command in '/home/crofi/ros2_ws/src/hardware/webcam' returned '0': PYTHONPATH=/home/crofi/ros2_ws/build/webcam/prefix_override:/usr/lib/python3/dist-packages/colcon_core/task/python/colcon_distutils_commands:/home/crofi/ros2_ws/install/webcam/lib/python3.10/site-packages:${PYTHONPATH} /usr/bin/python3 -W ignore:setup.py install is deprecated -W ignore:easy_install command is deprecated setup.py egg_info --egg-base ../../../build/webcam build --build-base /home/crofi/ros2_ws/build/webcam/build install --record /home/crofi/ros2_ws/build/webcam/install.log --single-version-externally-managed install_data
