[23.662s] Invoking command in '/home/crofi/AutoModel_Rep/ros2_ws/src/vision/red_vision': PYTHONPATH=/home/crofi/AutoModel_Rep/build/red_vision/prefix_override:/usr/lib/python3/dist-packages/colcon_core/task/python/colcon_distutils_commands:/home/crofi/AutoModel_Rep/install/red_vision/lib/python3.10/site-packages:${PYTHONPATH} /usr/bin/python3 -W ignore:setup.py install is deprecated -W ignore:easy_install command is deprecated setup.py egg_info --egg-base ../../../../build/red_vision build --build-base /home/crofi/AutoModel_Rep/build/red_vision/build install --record /home/crofi/AutoModel_Rep/build/red_vision/install.log --single-version-externally-managed install_data
[30.101s] running egg_info
[30.120s] writing ../../../../build/red_vision/red_vision.egg-info/PKG-INFO
[30.121s] writing dependency_links to ../../../../build/red_vision/red_vision.egg-info/dependency_links.txt
[30.139s] writing entry points to ../../../../build/red_vision/red_vision.egg-info/entry_points.txt
[30.143s] writing requirements to ../../../../build/red_vision/red_vision.egg-info/requires.txt
[30.143s] writing top-level names to ../../../../build/red_vision/red_vision.egg-info/top_level.txt
[30.178s] reading manifest file '../../../../build/red_vision/red_vision.egg-info/SOURCES.txt'
[30.182s] writing manifest file '../../../../build/red_vision/red_vision.egg-info/SOURCES.txt'
[30.193s] running build
[30.194s] running build_py
[30.214s] running install
[30.217s] running install_lib
[30.316s] running install_data
[30.349s] running install_egg_info
[30.411s] removing '/home/crofi/AutoModel_Rep/install/red_vision/lib/python3.10/site-packages/red_vision-0.0.0-py3.10.egg-info' (and everything under it)
[30.432s] Copying ../../../../build/red_vision/red_vision.egg-info to /home/crofi/AutoModel_Rep/install/red_vision/lib/python3.10/site-packages/red_vision-0.0.0-py3.10.egg-info
[30.500s] running install_scripts
[31.153s] Installing red_vision script to /home/crofi/AutoModel_Rep/install/red_vision/lib/red_vision
[31.171s] writing list of installed files to '/home/crofi/AutoModel_Rep/build/red_vision/install.log'
[32.715s] Invoked command in '/home/crofi/AutoModel_Rep/ros2_ws/src/vision/red_vision' returned '0': PYTHONPATH=/home/crofi/AutoModel_Rep/build/red_vision/prefix_override:/usr/lib/python3/dist-packages/colcon_core/task/python/colcon_distutils_commands:/home/crofi/AutoModel_Rep/install/red_vision/lib/python3.10/site-packages:${PYTHONPATH} /usr/bin/python3 -W ignore:setup.py install is deprecated -W ignore:easy_install command is deprecated setup.py egg_info --egg-base ../../../../build/red_vision build --build-base /home/crofi/AutoModel_Rep/build/red_vision/build install --record /home/crofi/AutoModel_Rep/build/red_vision/install.log --single-version-externally-managed install_data
