[27.576s] Invoking command in '/home/crofi/AutoModel_Rep/ros2_ws/src/vision/senal_detector': PYTHONPATH=/home/crofi/AutoModel_Rep/build/senal_detector/prefix_override:/usr/lib/python3/dist-packages/colcon_core/task/python/colcon_distutils_commands:/home/crofi/AutoModel_Rep/install/senal_detector/lib/python3.10/site-packages:${PYTHONPATH} /usr/bin/python3 -W ignore:setup.py install is deprecated -W ignore:easy_install command is deprecated setup.py egg_info --egg-base ../../../../build/senal_detector build --build-base /home/crofi/AutoModel_Rep/build/senal_detector/build install --record /home/crofi/AutoModel_Rep/build/senal_detector/install.log --single-version-externally-managed install_data
[37.725s] running egg_info
[37.729s] writing ../../../../build/senal_detector/senal_detector.egg-info/PKG-INFO
[37.738s] writing dependency_links to ../../../../build/senal_detector/senal_detector.egg-info/dependency_links.txt
[37.739s] writing entry points to ../../../../build/senal_detector/senal_detector.egg-info/entry_points.txt
[37.755s] writing requirements to ../../../../build/senal_detector/senal_detector.egg-info/requires.txt
[37.757s] writing top-level names to ../../../../build/senal_detector/senal_detector.egg-info/top_level.txt
[37.758s] reading manifest file '../../../../build/senal_detector/senal_detector.egg-info/SOURCES.txt'
[37.794s] writing manifest file '../../../../build/senal_detector/senal_detector.egg-info/SOURCES.txt'
[37.794s] running build
[37.795s] running build_py
[37.797s] running install
[37.799s] running install_lib
[37.818s] running install_data
[37.831s] running install_egg_info
[37.865s] removing '/home/crofi/AutoModel_Rep/install/senal_detector/lib/python3.10/site-packages/senal_detector-0.0.0-py3.10.egg-info' (and everything under it)
[37.867s] Copying ../../../../build/senal_detector/senal_detector.egg-info to /home/crofi/AutoModel_Rep/install/senal_detector/lib/python3.10/site-packages/senal_detector-0.0.0-py3.10.egg-info
[37.895s] running install_scripts
[38.101s] Installing senal_detector script to /home/crofi/AutoModel_Rep/install/senal_detector/lib/senal_detector
[38.103s] writing list of installed files to '/home/crofi/AutoModel_Rep/build/senal_detector/install.log'
[43.656s] Invoked command in '/home/crofi/AutoModel_Rep/ros2_ws/src/vision/senal_detector' returned '0': PYTHONPATH=/home/crofi/AutoModel_Rep/build/senal_detector/prefix_override:/usr/lib/python3/dist-packages/colcon_core/task/python/colcon_distutils_commands:/home/crofi/AutoModel_Rep/install/senal_detector/lib/python3.10/site-packages:${PYTHONPATH} /usr/bin/python3 -W ignore:setup.py install is deprecated -W ignore:easy_install command is deprecated setup.py egg_info --egg-base ../../../../build/senal_detector build --build-base /home/crofi/AutoModel_Rep/build/senal_detector/build install --record /home/crofi/AutoModel_Rep/build/senal_detector/install.log --single-version-externally-managed install_data
