[2.192s] Invoking command in '/home/tars/AutoModelCrofi/build/driver': PYTHONPATH=/home/tars/AutoModelCrofi/build/driver/prefix_override:/usr/lib/python3/dist-packages/colcon_core/task/python/colcon_distutils_commands:/home/tars/AutoModelCrofi/install/driver/lib/python3.12/site-packages:${PYTHONPATH} /usr/bin/python3 -W ignore:setup.py install is deprecated -W ignore:easy_install command is deprecated setup.py develop --editable --build-directory /home/tars/AutoModelCrofi/build/driver/build --no-deps symlink_data
[2.599s] running develop
[2.869s] running egg_info
[2.870s] creating driver.egg-info
[2.895s] writing driver.egg-info/PKG-INFO
[2.895s] writing dependency_links to driver.egg-info/dependency_links.txt
[2.895s] writing entry points to driver.egg-info/entry_points.txt
[2.895s] writing requirements to driver.egg-info/requires.txt
[2.895s] writing top-level names to driver.egg-info/top_level.txt
[2.896s] writing manifest file 'driver.egg-info/SOURCES.txt'
[2.951s] reading manifest file 'driver.egg-info/SOURCES.txt'
[2.951s] writing manifest file 'driver.egg-info/SOURCES.txt'
[2.976s] running build_ext
[2.976s] Creating /home/tars/AutoModelCrofi/install/driver/lib/python3.12/site-packages/driver.egg-link (link to .)
[2.977s] Installing driver script to /home/tars/AutoModelCrofi/install/driver/lib/driver
[2.979s] 
[2.979s] Installed /home/tars/AutoModelCrofi/build/driver
[2.979s] running symlink_data
[2.979s] creating /home/tars/AutoModelCrofi/install/driver/share/ament_index
[2.980s] creating /home/tars/AutoModelCrofi/install/driver/share/ament_index/resource_index
[2.980s] creating /home/tars/AutoModelCrofi/install/driver/share/ament_index/resource_index/packages
[2.980s] symbolically linking /home/tars/AutoModelCrofi/build/driver/resource/driver -> /home/tars/AutoModelCrofi/install/driver/share/ament_index/resource_index/packages
[2.980s] symbolically linking /home/tars/AutoModelCrofi/build/driver/package.xml -> /home/tars/AutoModelCrofi/install/driver/share/driver
[3.051s] Invoked command in '/home/tars/AutoModelCrofi/build/driver' returned '0': PYTHONPATH=/home/tars/AutoModelCrofi/build/driver/prefix_override:/usr/lib/python3/dist-packages/colcon_core/task/python/colcon_distutils_commands:/home/tars/AutoModelCrofi/install/driver/lib/python3.12/site-packages:${PYTHONPATH} /usr/bin/python3 -W ignore:setup.py install is deprecated -W ignore:easy_install command is deprecated setup.py develop --editable --build-directory /home/tars/AutoModelCrofi/build/driver/build --no-deps symlink_data
