[12.909s] Invoking command in '/home/crofi/ros2_ws/src/hardware/servo': PYTHONPATH=/home/crofi/ros2_ws/build/servo/prefix_override:/usr/lib/python3/dist-packages/colcon_core/task/python/colcon_distutils_commands:/home/crofi/ros2_ws/install/servo/lib/python3.10/site-packages:${PYTHONPATH} /usr/bin/python3 -W ignore:setup.py install is deprecated -W ignore:easy_install command is deprecated setup.py egg_info --egg-base ../../../build/servo build --build-base /home/crofi/ros2_ws/build/servo/build install --record /home/crofi/ros2_ws/build/servo/install.log --single-version-externally-managed install_data
[17.408s] running egg_info
[17.412s] writing ../../../build/servo/servo.egg-info/PKG-INFO
[17.414s] writing dependency_links to ../../../build/servo/servo.egg-info/dependency_links.txt
[17.416s] writing entry points to ../../../build/servo/servo.egg-info/entry_points.txt
[17.422s] writing requirements to ../../../build/servo/servo.egg-info/requires.txt
[17.423s] writing top-level names to ../../../build/servo/servo.egg-info/top_level.txt
[17.444s] reading manifest file '../../../build/servo/servo.egg-info/SOURCES.txt'
[17.450s] writing manifest file '../../../build/servo/servo.egg-info/SOURCES.txt'
[17.450s] running build
[17.451s] running build_py
[17.452s] running install
[17.452s] running install_lib
[17.471s] running install_data
[17.478s] running install_egg_info
[17.494s] removing '/home/crofi/ros2_ws/install/servo/lib/python3.10/site-packages/servo-0.0.0-py3.10.egg-info' (and everything under it)
[17.494s] Copying ../../../build/servo/servo.egg-info to /home/crofi/ros2_ws/install/servo/lib/python3.10/site-packages/servo-0.0.0-py3.10.egg-info
[17.498s] running install_scripts
[17.667s] Installing servo script to /home/crofi/ros2_ws/install/servo/lib/servo
[17.672s] writing list of installed files to '/home/crofi/ros2_ws/build/servo/install.log'
[17.968s] Invoked command in '/home/crofi/ros2_ws/src/hardware/servo' returned '0': PYTHONPATH=/home/crofi/ros2_ws/build/servo/prefix_override:/usr/lib/python3/dist-packages/colcon_core/task/python/colcon_distutils_commands:/home/crofi/ros2_ws/install/servo/lib/python3.10/site-packages:${PYTHONPATH} /usr/bin/python3 -W ignore:setup.py install is deprecated -W ignore:easy_install command is deprecated setup.py egg_info --egg-base ../../../build/servo build --build-base /home/crofi/ros2_ws/build/servo/build install --record /home/crofi/ros2_ws/build/servo/install.log --single-version-externally-managed install_data
