[36.746s] Invoking command in '/home/crofi/AutoModel_Rep/ros2_ws/src/vision/lane_angle': PYTHONPATH=/home/crofi/AutoModel_Rep/build/lane_angle/prefix_override:/usr/lib/python3/dist-packages/colcon_core/task/python/colcon_distutils_commands:/home/crofi/AutoModel_Rep/install/lane_angle/lib/python3.10/site-packages:${PYTHONPATH} /usr/bin/python3 -W ignore:setup.py install is deprecated -W ignore:easy_install command is deprecated setup.py egg_info --egg-base ../../../../build/lane_angle build --build-base /home/crofi/AutoModel_Rep/build/lane_angle/build install --record /home/crofi/AutoModel_Rep/build/lane_angle/install.log --single-version-externally-managed install_data
[46.287s] running egg_info
[46.288s] writing ../../../../build/lane_angle/lane_angle.egg-info/PKG-INFO
[46.307s] writing dependency_links to ../../../../build/lane_angle/lane_angle.egg-info/dependency_links.txt
[46.308s] writing entry points to ../../../../build/lane_angle/lane_angle.egg-info/entry_points.txt
[46.309s] writing requirements to ../../../../build/lane_angle/lane_angle.egg-info/requires.txt
[46.310s] writing top-level names to ../../../../build/lane_angle/lane_angle.egg-info/top_level.txt
[46.348s] reading manifest file '../../../../build/lane_angle/lane_angle.egg-info/SOURCES.txt'
[46.351s] writing manifest file '../../../../build/lane_angle/lane_angle.egg-info/SOURCES.txt'
[46.352s] running build
[46.352s] running build_py
[46.353s] copying lane_angle/lane_angle.py -> /home/crofi/AutoModel_Rep/build/lane_angle/build/lib/lane_angle
[46.354s] running install
[46.355s] running install_lib
[46.360s] copying /home/crofi/AutoModel_Rep/build/lane_angle/build/lib/lane_angle/lane_angle.py -> /home/crofi/AutoModel_Rep/install/lane_angle/lib/python3.10/site-packages/lane_angle
[46.407s] byte-compiling /home/crofi/AutoModel_Rep/install/lane_angle/lib/python3.10/site-packages/lane_angle/lane_angle.py to lane_angle.cpython-310.pyc
[46.408s] running install_data
[46.411s] running install_egg_info
[46.423s] removing '/home/crofi/AutoModel_Rep/install/lane_angle/lib/python3.10/site-packages/lane_angle-0.0.0-py3.10.egg-info' (and everything under it)
[46.424s] Copying ../../../../build/lane_angle/lane_angle.egg-info to /home/crofi/AutoModel_Rep/install/lane_angle/lib/python3.10/site-packages/lane_angle-0.0.0-py3.10.egg-info
[46.445s] running install_scripts
[46.681s] Installing lane_angle script to /home/crofi/AutoModel_Rep/install/lane_angle/lib/lane_angle
[46.684s] writing list of installed files to '/home/crofi/AutoModel_Rep/build/lane_angle/install.log'
[55.689s] Invoked command in '/home/crofi/AutoModel_Rep/ros2_ws/src/vision/lane_angle' returned '0': PYTHONPATH=/home/crofi/AutoModel_Rep/build/lane_angle/prefix_override:/usr/lib/python3/dist-packages/colcon_core/task/python/colcon_distutils_commands:/home/crofi/AutoModel_Rep/install/lane_angle/lib/python3.10/site-packages:${PYTHONPATH} /usr/bin/python3 -W ignore:setup.py install is deprecated -W ignore:easy_install command is deprecated setup.py egg_info --egg-base ../../../../build/lane_angle build --build-base /home/crofi/AutoModel_Rep/build/lane_angle/build install --record /home/crofi/AutoModel_Rep/build/lane_angle/install.log --single-version-externally-managed install_data
