[10.122s] Invoking command in '/home/crofi/ros2_ws/src/vision/lane_angle': PYTHONPATH=/home/crofi/ros2_ws/build/lane_angle/prefix_override:/usr/lib/python3/dist-packages/colcon_core/task/python/colcon_distutils_commands:/home/crofi/ros2_ws/install/lane_angle/lib/python3.10/site-packages:${PYTHONPATH} /usr/bin/python3 -W ignore:setup.py install is deprecated -W ignore:easy_install command is deprecated setup.py egg_info --egg-base ../../../build/lane_angle build --build-base /home/crofi/ros2_ws/build/lane_angle/build install --record /home/crofi/ros2_ws/build/lane_angle/install.log --single-version-externally-managed install_data
[13.288s] running egg_info
[13.292s] writing ../../../build/lane_angle/lane_angle.egg-info/PKG-INFO
[13.293s] writing dependency_links to ../../../build/lane_angle/lane_angle.egg-info/dependency_links.txt
[13.294s] writing entry points to ../../../build/lane_angle/lane_angle.egg-info/entry_points.txt
[13.295s] writing requirements to ../../../build/lane_angle/lane_angle.egg-info/requires.txt
[13.295s] writing top-level names to ../../../build/lane_angle/lane_angle.egg-info/top_level.txt
[13.305s] reading manifest file '../../../build/lane_angle/lane_angle.egg-info/SOURCES.txt'
[13.310s] writing manifest file '../../../build/lane_angle/lane_angle.egg-info/SOURCES.txt'
[13.310s] running build
[13.311s] running build_py
[13.312s] running install
[13.314s] running install_lib
[13.328s] running install_data
[13.329s] running install_egg_info
[13.341s] removing '/home/crofi/ros2_ws/install/lane_angle/lib/python3.10/site-packages/lane_angle-0.0.0-py3.10.egg-info' (and everything under it)
[13.343s] Copying ../../../build/lane_angle/lane_angle.egg-info to /home/crofi/ros2_ws/install/lane_angle/lib/python3.10/site-packages/lane_angle-0.0.0-py3.10.egg-info
[13.355s] running install_scripts
[13.464s] Installing lane_angle script to /home/crofi/ros2_ws/install/lane_angle/lib/lane_angle
[13.466s] writing list of installed files to '/home/crofi/ros2_ws/build/lane_angle/install.log'
[14.600s] Invoked command in '/home/crofi/ros2_ws/src/vision/lane_angle' returned '0': PYTHONPATH=/home/crofi/ros2_ws/build/lane_angle/prefix_override:/usr/lib/python3/dist-packages/colcon_core/task/python/colcon_distutils_commands:/home/crofi/ros2_ws/install/lane_angle/lib/python3.10/site-packages:${PYTHONPATH} /usr/bin/python3 -W ignore:setup.py install is deprecated -W ignore:easy_install command is deprecated setup.py egg_info --egg-base ../../../build/lane_angle build --build-base /home/crofi/ros2_ws/build/lane_angle/build install --record /home/crofi/ros2_ws/build/lane_angle/install.log --single-version-externally-managed install_data
