[18.383s] Invoking command in '/home/crofi/AutoModel_Rep/ros2_ws/src/hardware/servo': PYTHONPATH=/home/crofi/AutoModel_Rep/build/servo/prefix_override:/usr/lib/python3/dist-packages/colcon_core/task/python/colcon_distutils_commands:/home/crofi/AutoModel_Rep/install/servo/lib/python3.10/site-packages:${PYTHONPATH} /usr/bin/python3 -W ignore:setup.py install is deprecated -W ignore:easy_install command is deprecated setup.py egg_info --egg-base ../../../../build/servo build --build-base /home/crofi/AutoModel_Rep/build/servo/build install --record /home/crofi/AutoModel_Rep/build/servo/install.log --single-version-externally-managed install_data
[22.140s] running egg_info
[22.145s] writing ../../../../build/servo/servo.egg-info/PKG-INFO
[22.159s] writing dependency_links to ../../../../build/servo/servo.egg-info/dependency_links.txt
[22.160s] writing entry points to ../../../../build/servo/servo.egg-info/entry_points.txt
[22.162s] writing requirements to ../../../../build/servo/servo.egg-info/requires.txt
[22.194s] writing top-level names to ../../../../build/servo/servo.egg-info/top_level.txt
[22.196s] reading manifest file '../../../../build/servo/servo.egg-info/SOURCES.txt'
[22.199s] writing manifest file '../../../../build/servo/servo.egg-info/SOURCES.txt'
[22.222s] running build
[22.223s] running build_py
[22.227s] running install
[22.227s] running install_lib
[22.228s] running install_data
[22.228s] running install_egg_info
[22.244s] removing '/home/crofi/AutoModel_Rep/install/servo/lib/python3.10/site-packages/servo-0.0.0-py3.10.egg-info' (and everything under it)
[22.256s] Copying ../../../../build/servo/servo.egg-info to /home/crofi/AutoModel_Rep/install/servo/lib/python3.10/site-packages/servo-0.0.0-py3.10.egg-info
[22.271s] running install_scripts
[22.455s] Installing servo script to /home/crofi/AutoModel_Rep/install/servo/lib/servo
[22.465s] writing list of installed files to '/home/crofi/AutoModel_Rep/build/servo/install.log'
[28.621s] Invoked command in '/home/crofi/AutoModel_Rep/ros2_ws/src/hardware/servo' returned '0': PYTHONPATH=/home/crofi/AutoModel_Rep/build/servo/prefix_override:/usr/lib/python3/dist-packages/colcon_core/task/python/colcon_distutils_commands:/home/crofi/AutoModel_Rep/install/servo/lib/python3.10/site-packages:${PYTHONPATH} /usr/bin/python3 -W ignore:setup.py install is deprecated -W ignore:easy_install command is deprecated setup.py egg_info --egg-base ../../../../build/servo build --build-base /home/crofi/AutoModel_Rep/build/servo/build install --record /home/crofi/AutoModel_Rep/build/servo/install.log --single-version-externally-managed install_data
