[20.733s] Invoking command in '/home/crofi/AutoModel_Rep/ros2_ws/src/hardware/servo': PYTHONPATH=/home/crofi/AutoModel_Rep/build/servo/prefix_override:/usr/lib/python3/dist-packages/colcon_core/task/python/colcon_distutils_commands:/home/crofi/AutoModel_Rep/install/servo/lib/python3.10/site-packages:${PYTHONPATH} /usr/bin/python3 -W ignore:setup.py install is deprecated -W ignore:easy_install command is deprecated setup.py egg_info --egg-base ../../../../build/servo build --build-base /home/crofi/AutoModel_Rep/build/servo/build install --record /home/crofi/AutoModel_Rep/build/servo/install.log --single-version-externally-managed install_data
[24.870s] running egg_info
[24.874s] writing ../../../../build/servo/servo.egg-info/PKG-INFO
[24.876s] writing dependency_links to ../../../../build/servo/servo.egg-info/dependency_links.txt
[24.881s] writing entry points to ../../../../build/servo/servo.egg-info/entry_points.txt
[24.885s] writing requirements to ../../../../build/servo/servo.egg-info/requires.txt
[24.891s] writing top-level names to ../../../../build/servo/servo.egg-info/top_level.txt
[24.906s] reading manifest file '../../../../build/servo/servo.egg-info/SOURCES.txt'
[24.911s] writing manifest file '../../../../build/servo/servo.egg-info/SOURCES.txt'
[24.912s] running build
[24.913s] running build_py
[24.917s] running install
[24.929s] running install_lib
[24.951s] running install_data
[24.952s] running install_egg_info
[24.977s] removing '/home/crofi/AutoModel_Rep/install/servo/lib/python3.10/site-packages/servo-0.0.0-py3.10.egg-info' (and everything under it)
[24.990s] Copying ../../../../build/servo/servo.egg-info to /home/crofi/AutoModel_Rep/install/servo/lib/python3.10/site-packages/servo-0.0.0-py3.10.egg-info
[25.012s] running install_scripts
[25.241s] Installing servo script to /home/crofi/AutoModel_Rep/install/servo/lib/servo
[25.244s] writing list of installed files to '/home/crofi/AutoModel_Rep/build/servo/install.log'
[25.588s] Invoked command in '/home/crofi/AutoModel_Rep/ros2_ws/src/hardware/servo' returned '0': PYTHONPATH=/home/crofi/AutoModel_Rep/build/servo/prefix_override:/usr/lib/python3/dist-packages/colcon_core/task/python/colcon_distutils_commands:/home/crofi/AutoModel_Rep/install/servo/lib/python3.10/site-packages:${PYTHONPATH} /usr/bin/python3 -W ignore:setup.py install is deprecated -W ignore:easy_install command is deprecated setup.py egg_info --egg-base ../../../../build/servo build --build-base /home/crofi/AutoModel_Rep/build/servo/build install --record /home/crofi/AutoModel_Rep/build/servo/install.log --single-version-externally-managed install_data
