[30.614s] Invoking command in '/home/crofi/AutoModel_Rep/ros2_ws/src/vision/red_vision': PYTHONPATH=/home/crofi/AutoModel_Rep/build/red_vision/prefix_override:/usr/lib/python3/dist-packages/colcon_core/task/python/colcon_distutils_commands:/home/crofi/AutoModel_Rep/install/red_vision/lib/python3.10/site-packages:${PYTHONPATH} /usr/bin/python3 -W ignore:setup.py install is deprecated -W ignore:easy_install command is deprecated setup.py egg_info --egg-base ../../../../build/red_vision build --build-base /home/crofi/AutoModel_Rep/build/red_vision/build install --record /home/crofi/AutoModel_Rep/build/red_vision/install.log --single-version-externally-managed install_data
[37.203s] running egg_info
[37.228s] writing ../../../../build/red_vision/red_vision.egg-info/PKG-INFO
[37.251s] writing dependency_links to ../../../../build/red_vision/red_vision.egg-info/dependency_links.txt
[37.262s] writing entry points to ../../../../build/red_vision/red_vision.egg-info/entry_points.txt
[37.326s] writing requirements to ../../../../build/red_vision/red_vision.egg-info/requires.txt
[37.339s] writing top-level names to ../../../../build/red_vision/red_vision.egg-info/top_level.txt
[37.395s] reading manifest file '../../../../build/red_vision/red_vision.egg-info/SOURCES.txt'
[37.438s] writing manifest file '../../../../build/red_vision/red_vision.egg-info/SOURCES.txt'
[37.449s] running build
[37.463s] running build_py
[37.483s] running install
[37.503s] running install_lib
[37.636s] running install_data
[37.656s] running install_egg_info
[37.755s] removing '/home/crofi/AutoModel_Rep/install/red_vision/lib/python3.10/site-packages/red_vision-0.0.0-py3.10.egg-info' (and everything under it)
[37.783s] Copying ../../../../build/red_vision/red_vision.egg-info to /home/crofi/AutoModel_Rep/install/red_vision/lib/python3.10/site-packages/red_vision-0.0.0-py3.10.egg-info
[37.847s] running install_scripts
[38.944s] Installing red_vision script to /home/crofi/AutoModel_Rep/install/red_vision/lib/red_vision
[38.959s] writing list of installed files to '/home/crofi/AutoModel_Rep/build/red_vision/install.log'
[46.749s] Invoked command in '/home/crofi/AutoModel_Rep/ros2_ws/src/vision/red_vision' returned '0': PYTHONPATH=/home/crofi/AutoModel_Rep/build/red_vision/prefix_override:/usr/lib/python3/dist-packages/colcon_core/task/python/colcon_distutils_commands:/home/crofi/AutoModel_Rep/install/red_vision/lib/python3.10/site-packages:${PYTHONPATH} /usr/bin/python3 -W ignore:setup.py install is deprecated -W ignore:easy_install command is deprecated setup.py egg_info --egg-base ../../../../build/red_vision build --build-base /home/crofi/AutoModel_Rep/build/red_vision/build install --record /home/crofi/AutoModel_Rep/build/red_vision/install.log --single-version-externally-managed install_data
