[8.671s] Invoking command in '/home/crofi/ros2_ws/src/hardware/webcam': PYTHONPATH=/home/crofi/ros2_ws/build/webcam/prefix_override:/usr/lib/python3/dist-packages/colcon_core/task/python/colcon_distutils_commands:/home/crofi/ros2_ws/install/webcam/lib/python3.10/site-packages:${PYTHONPATH} /usr/bin/python3 -W ignore:setup.py install is deprecated -W ignore:easy_install command is deprecated setup.py egg_info --egg-base ../../../build/webcam build --build-base /home/crofi/ros2_ws/build/webcam/build install --record /home/crofi/ros2_ws/build/webcam/install.log --single-version-externally-managed install_data
[11.930s] running egg_info
[11.934s] writing ../../../build/webcam/webcam.egg-info/PKG-INFO
[11.935s] writing dependency_links to ../../../build/webcam/webcam.egg-info/dependency_links.txt
[11.936s] writing entry points to ../../../build/webcam/webcam.egg-info/entry_points.txt
[11.939s] writing requirements to ../../../build/webcam/webcam.egg-info/requires.txt
[11.940s] writing top-level names to ../../../build/webcam/webcam.egg-info/top_level.txt
[11.950s] reading manifest file '../../../build/webcam/webcam.egg-info/SOURCES.txt'
[11.967s] adding license file 'LICENSE'
[11.972s] writing manifest file '../../../build/webcam/webcam.egg-info/SOURCES.txt'
[11.975s] running build
[11.976s] running build_py
[11.977s] running install
[11.977s] running install_lib
[11.989s] running install_data
[11.992s] running install_egg_info
[12.007s] removing '/home/crofi/ros2_ws/install/webcam/lib/python3.10/site-packages/webcam-0.0.0-py3.10.egg-info' (and everything under it)
[12.014s] Copying ../../../build/webcam/webcam.egg-info to /home/crofi/ros2_ws/install/webcam/lib/python3.10/site-packages/webcam-0.0.0-py3.10.egg-info
[12.025s] running install_scripts
[12.190s] Installing webcam script to /home/crofi/ros2_ws/install/webcam/lib/webcam
[12.193s] writing list of installed files to '/home/crofi/ros2_ws/build/webcam/install.log'
[12.478s] Invoked command in '/home/crofi/ros2_ws/src/hardware/webcam' returned '0': PYTHONPATH=/home/crofi/ros2_ws/build/webcam/prefix_override:/usr/lib/python3/dist-packages/colcon_core/task/python/colcon_distutils_commands:/home/crofi/ros2_ws/install/webcam/lib/python3.10/site-packages:${PYTHONPATH} /usr/bin/python3 -W ignore:setup.py install is deprecated -W ignore:easy_install command is deprecated setup.py egg_info --egg-base ../../../build/webcam build --build-base /home/crofi/ros2_ws/build/webcam/build install --record /home/crofi/ros2_ws/build/webcam/install.log --single-version-externally-managed install_data
