[9.381s] Invoking command in '/home/crofi/ros2_ws/src/vision/lane_detector': PYTHONPATH=/home/crofi/ros2_ws/build/lane_detector/prefix_override:/usr/lib/python3/dist-packages/colcon_core/task/python/colcon_distutils_commands:/home/crofi/ros2_ws/install/lane_detector/lib/python3.10/site-packages:${PYTHONPATH} /usr/bin/python3 -W ignore:setup.py install is deprecated -W ignore:easy_install command is deprecated setup.py egg_info --egg-base ../../../build/lane_detector build --build-base /home/crofi/ros2_ws/build/lane_detector/build install --record /home/crofi/ros2_ws/build/lane_detector/install.log --single-version-externally-managed install_data
[11.993s] running egg_info
[11.994s] writing ../../../build/lane_detector/lane_detector.egg-info/PKG-INFO
[11.995s] writing dependency_links to ../../../build/lane_detector/lane_detector.egg-info/dependency_links.txt
[11.995s] writing entry points to ../../../build/lane_detector/lane_detector.egg-info/entry_points.txt
[11.996s] writing requirements to ../../../build/lane_detector/lane_detector.egg-info/requires.txt
[11.996s] writing top-level names to ../../../build/lane_detector/lane_detector.egg-info/top_level.txt
[12.006s] reading manifest file '../../../build/lane_detector/lane_detector.egg-info/SOURCES.txt'
[12.022s] writing manifest file '../../../build/lane_detector/lane_detector.egg-info/SOURCES.txt'
[12.023s] running build
[12.023s] running build_py
[12.024s] copying lane_detector/lane_detector.py -> /home/crofi/ros2_ws/build/lane_detector/build/lib/lane_detector
[12.025s] running install
[12.030s] running install_lib
[12.035s] copying /home/crofi/ros2_ws/build/lane_detector/build/lib/lane_detector/lane_detector.py -> /home/crofi/ros2_ws/install/lane_detector/lib/python3.10/site-packages/lane_detector
[12.045s] byte-compiling /home/crofi/ros2_ws/install/lane_detector/lib/python3.10/site-packages/lane_detector/lane_detector.py to lane_detector.cpython-310.pyc
[12.046s]   File "/home/crofi/ros2_ws/install/lane_detector/lib/python3.10/site-packages/lane_detector/lane_detector.py", line 89
[12.047s]     cv2.imshow('line detection',cv image)
[12.048s]                                 ^^^^^^^^
[12.049s] SyntaxError: invalid syntax. Perhaps you forgot a comma?
[12.050s] 
[12.050s] running install_data
[12.051s] running install_egg_info
[12.057s] removing '/home/crofi/ros2_ws/install/lane_detector/lib/python3.10/site-packages/lane_detector-0.0.0-py3.10.egg-info' (and everything under it)
[12.061s] Copying ../../../build/lane_detector/lane_detector.egg-info to /home/crofi/ros2_ws/install/lane_detector/lib/python3.10/site-packages/lane_detector-0.0.0-py3.10.egg-info
[12.085s] running install_scripts
[12.246s] Installing lane_detector script to /home/crofi/ros2_ws/install/lane_detector/lib/lane_detector
[12.255s] writing list of installed files to '/home/crofi/ros2_ws/build/lane_detector/install.log'
[13.988s] Invoked command in '/home/crofi/ros2_ws/src/vision/lane_detector' returned '0': PYTHONPATH=/home/crofi/ros2_ws/build/lane_detector/prefix_override:/usr/lib/python3/dist-packages/colcon_core/task/python/colcon_distutils_commands:/home/crofi/ros2_ws/install/lane_detector/lib/python3.10/site-packages:${PYTHONPATH} /usr/bin/python3 -W ignore:setup.py install is deprecated -W ignore:easy_install command is deprecated setup.py egg_info --egg-base ../../../build/lane_detector build --build-base /home/crofi/ros2_ws/build/lane_detector/build install --record /home/crofi/ros2_ws/build/lane_detector/install.log --single-version-externally-managed install_data
