[8.461s] Invoking command in '/home/crofi/ros2_ws/src/vision/lane_detector': PYTHONPATH=/home/crofi/ros2_ws/build/lane_detector/prefix_override:/usr/lib/python3/dist-packages/colcon_core/task/python/colcon_distutils_commands:/home/crofi/ros2_ws/install/lane_detector/lib/python3.10/site-packages:${PYTHONPATH} /usr/bin/python3 -W ignore:setup.py install is deprecated -W ignore:easy_install command is deprecated setup.py egg_info --egg-base ../../../build/lane_detector build --build-base /home/crofi/ros2_ws/build/lane_detector/build install --record /home/crofi/ros2_ws/build/lane_detector/install.log --single-version-externally-managed install_data
[10.852s] running egg_info
[10.861s] writing ../../../build/lane_detector/lane_detector.egg-info/PKG-INFO
[10.863s] writing dependency_links to ../../../build/lane_detector/lane_detector.egg-info/dependency_links.txt
[10.867s] writing entry points to ../../../build/lane_detector/lane_detector.egg-info/entry_points.txt
[10.872s] writing requirements to ../../../build/lane_detector/lane_detector.egg-info/requires.txt
[10.875s] writing top-level names to ../../../build/lane_detector/lane_detector.egg-info/top_level.txt
[10.904s] reading manifest file '../../../build/lane_detector/lane_detector.egg-info/SOURCES.txt'
[10.918s] writing manifest file '../../../build/lane_detector/lane_detector.egg-info/SOURCES.txt'
[10.920s] running build
[10.922s] running build_py
[10.925s] running install
[10.927s] running install_lib
[10.948s] running install_data
[10.950s] running install_egg_info
[10.968s] removing '/home/crofi/ros2_ws/install/lane_detector/lib/python3.10/site-packages/lane_detector-0.0.0-py3.10.egg-info' (and everything under it)
[10.969s] Copying ../../../build/lane_detector/lane_detector.egg-info to /home/crofi/ros2_ws/install/lane_detector/lib/python3.10/site-packages/lane_detector-0.0.0-py3.10.egg-info
[10.975s] running install_scripts
[11.240s] Installing lane_detector script to /home/crofi/ros2_ws/install/lane_detector/lib/lane_detector
[11.243s] writing list of installed files to '/home/crofi/ros2_ws/build/lane_detector/install.log'
[12.827s] Invoked command in '/home/crofi/ros2_ws/src/vision/lane_detector' returned '0': PYTHONPATH=/home/crofi/ros2_ws/build/lane_detector/prefix_override:/usr/lib/python3/dist-packages/colcon_core/task/python/colcon_distutils_commands:/home/crofi/ros2_ws/install/lane_detector/lib/python3.10/site-packages:${PYTHONPATH} /usr/bin/python3 -W ignore:setup.py install is deprecated -W ignore:easy_install command is deprecated setup.py egg_info --egg-base ../../../build/lane_detector build --build-base /home/crofi/ros2_ws/build/lane_detector/build install --record /home/crofi/ros2_ws/build/lane_detector/install.log --single-version-externally-managed install_data
