[9.308s] Invoking command in '/home/crofi/ros2_ws/src/vision/red_vision': PYTHONPATH=/home/crofi/ros2_ws/build/red_vision/prefix_override:/usr/lib/python3/dist-packages/colcon_core/task/python/colcon_distutils_commands:/home/crofi/ros2_ws/install/red_vision/lib/python3.10/site-packages:${PYTHONPATH} /usr/bin/python3 -W ignore:setup.py install is deprecated -W ignore:easy_install command is deprecated setup.py egg_info --egg-base ../../../build/red_vision build --build-base /home/crofi/ros2_ws/build/red_vision/build install --record /home/crofi/ros2_ws/build/red_vision/install.log --single-version-externally-managed install_data
[11.983s] running egg_info
[11.987s] writing ../../../build/red_vision/red_vision.egg-info/PKG-INFO
[11.989s] writing dependency_links to ../../../build/red_vision/red_vision.egg-info/dependency_links.txt
[11.990s] writing entry points to ../../../build/red_vision/red_vision.egg-info/entry_points.txt
[11.991s] writing requirements to ../../../build/red_vision/red_vision.egg-info/requires.txt
[11.993s] writing top-level names to ../../../build/red_vision/red_vision.egg-info/top_level.txt
[12.016s] reading manifest file '../../../build/red_vision/red_vision.egg-info/SOURCES.txt'
[12.018s] writing manifest file '../../../build/red_vision/red_vision.egg-info/SOURCES.txt'
[12.018s] running build
[12.019s] running build_py
[12.020s] copying red_vision/red_vision.py -> /home/crofi/ros2_ws/build/red_vision/build/lib/red_vision
[12.022s] running install
[12.023s] running install_lib
[12.027s] copying /home/crofi/ros2_ws/build/red_vision/build/lib/red_vision/red_vision.py -> /home/crofi/ros2_ws/install/red_vision/lib/python3.10/site-packages/red_vision
[12.040s] byte-compiling /home/crofi/ros2_ws/install/red_vision/lib/python3.10/site-packages/red_vision/red_vision.py to red_vision.cpython-310.pyc
[12.051s] running install_data
[12.052s] running install_egg_info
[12.063s] removing '/home/crofi/ros2_ws/install/red_vision/lib/python3.10/site-packages/red_vision-0.0.0-py3.10.egg-info' (and everything under it)
[12.065s] Copying ../../../build/red_vision/red_vision.egg-info to /home/crofi/ros2_ws/install/red_vision/lib/python3.10/site-packages/red_vision-0.0.0-py3.10.egg-info
[12.075s] running install_scripts
[12.219s] Installing red_vision script to /home/crofi/ros2_ws/install/red_vision/lib/red_vision
[12.221s] writing list of installed files to '/home/crofi/ros2_ws/build/red_vision/install.log'
[12.445s] Invoked command in '/home/crofi/ros2_ws/src/vision/red_vision' returned '0': PYTHONPATH=/home/crofi/ros2_ws/build/red_vision/prefix_override:/usr/lib/python3/dist-packages/colcon_core/task/python/colcon_distutils_commands:/home/crofi/ros2_ws/install/red_vision/lib/python3.10/site-packages:${PYTHONPATH} /usr/bin/python3 -W ignore:setup.py install is deprecated -W ignore:easy_install command is deprecated setup.py egg_info --egg-base ../../../build/red_vision build --build-base /home/crofi/ros2_ws/build/red_vision/build install --record /home/crofi/ros2_ws/build/red_vision/install.log --single-version-externally-managed install_data
