[33.736s] Invoking command in '/home/crofi/AutoModel_Rep/ros2_ws/src/vision/lane_angle': PYTHONPATH=/home/crofi/AutoModel_Rep/build/lane_angle/prefix_override:/usr/lib/python3/dist-packages/colcon_core/task/python/colcon_distutils_commands:/home/crofi/AutoModel_Rep/install/lane_angle/lib/python3.10/site-packages:${PYTHONPATH} /usr/bin/python3 -W ignore:setup.py install is deprecated -W ignore:easy_install command is deprecated setup.py egg_info --egg-base ../../../../build/lane_angle build --build-base /home/crofi/AutoModel_Rep/build/lane_angle/build install --record /home/crofi/AutoModel_Rep/build/lane_angle/install.log --single-version-externally-managed install_data
[40.112s] running egg_info
[40.133s] writing ../../../../build/lane_angle/lane_angle.egg-info/PKG-INFO
[40.152s] writing dependency_links to ../../../../build/lane_angle/lane_angle.egg-info/dependency_links.txt
[40.176s] writing entry points to ../../../../build/lane_angle/lane_angle.egg-info/entry_points.txt
[40.177s] writing requirements to ../../../../build/lane_angle/lane_angle.egg-info/requires.txt
[40.181s] writing top-level names to ../../../../build/lane_angle/lane_angle.egg-info/top_level.txt
[40.182s] reading manifest file '../../../../build/lane_angle/lane_angle.egg-info/SOURCES.txt'
[40.218s] writing manifest file '../../../../build/lane_angle/lane_angle.egg-info/SOURCES.txt'
[40.220s] running build
[40.221s] running build_py
[40.227s] copying lane_angle/lane_angle.py -> /home/crofi/AutoModel_Rep/build/lane_angle/build/lib/lane_angle
[40.228s] running install
[40.228s] running install_lib
[40.255s] copying /home/crofi/AutoModel_Rep/build/lane_angle/build/lib/lane_angle/lane_angle.py -> /home/crofi/AutoModel_Rep/install/lane_angle/lib/python3.10/site-packages/lane_angle
[40.269s] byte-compiling /home/crofi/AutoModel_Rep/install/lane_angle/lib/python3.10/site-packages/lane_angle/lane_angle.py to lane_angle.cpython-310.pyc
[40.299s] running install_data
[40.338s] running install_egg_info
[40.384s] removing '/home/crofi/AutoModel_Rep/install/lane_angle/lib/python3.10/site-packages/lane_angle-0.0.0-py3.10.egg-info' (and everything under it)
[40.384s] Copying ../../../../build/lane_angle/lane_angle.egg-info to /home/crofi/AutoModel_Rep/install/lane_angle/lib/python3.10/site-packages/lane_angle-0.0.0-py3.10.egg-info
[40.402s] running install_scripts
[40.632s] Installing lane_angle script to /home/crofi/AutoModel_Rep/install/lane_angle/lib/lane_angle
[40.633s] writing list of installed files to '/home/crofi/AutoModel_Rep/build/lane_angle/install.log'
[43.855s] Invoked command in '/home/crofi/AutoModel_Rep/ros2_ws/src/vision/lane_angle' returned '0': PYTHONPATH=/home/crofi/AutoModel_Rep/build/lane_angle/prefix_override:/usr/lib/python3/dist-packages/colcon_core/task/python/colcon_distutils_commands:/home/crofi/AutoModel_Rep/install/lane_angle/lib/python3.10/site-packages:${PYTHONPATH} /usr/bin/python3 -W ignore:setup.py install is deprecated -W ignore:easy_install command is deprecated setup.py egg_info --egg-base ../../../../build/lane_angle build --build-base /home/crofi/AutoModel_Rep/build/lane_angle/build install --record /home/crofi/AutoModel_Rep/build/lane_angle/install.log --single-version-externally-managed install_data
