[8.719s] Invoking command in '/home/crofi/ros2_ws/src/hardware/servo': PYTHONPATH=/home/crofi/ros2_ws/build/servo/prefix_override:/usr/lib/python3/dist-packages/colcon_core/task/python/colcon_distutils_commands:/home/crofi/ros2_ws/install/servo/lib/python3.10/site-packages:${PYTHONPATH} /usr/bin/python3 -W ignore:setup.py install is deprecated -W ignore:easy_install command is deprecated setup.py egg_info --egg-base ../../../build/servo build --build-base /home/crofi/ros2_ws/build/servo/build install --record /home/crofi/ros2_ws/build/servo/install.log --single-version-externally-managed install_data
[11.296s] running egg_info
[11.302s] writing ../../../build/servo/servo.egg-info/PKG-INFO
[11.304s] writing dependency_links to ../../../build/servo/servo.egg-info/dependency_links.txt
[11.305s] writing entry points to ../../../build/servo/servo.egg-info/entry_points.txt
[11.306s] writing requirements to ../../../build/servo/servo.egg-info/requires.txt
[11.308s] writing top-level names to ../../../build/servo/servo.egg-info/top_level.txt
[11.326s] reading manifest file '../../../build/servo/servo.egg-info/SOURCES.txt'
[11.328s] writing manifest file '../../../build/servo/servo.egg-info/SOURCES.txt'
[11.343s] running build
[11.344s] running build_py
[11.344s] running install
[11.345s] running install_lib
[11.359s] running install_data
[11.360s] running install_egg_info
[11.372s] removing '/home/crofi/ros2_ws/install/servo/lib/python3.10/site-packages/servo-0.0.0-py3.10.egg-info' (and everything under it)
[11.377s] Copying ../../../build/servo/servo.egg-info to /home/crofi/ros2_ws/install/servo/lib/python3.10/site-packages/servo-0.0.0-py3.10.egg-info
[11.389s] running install_scripts
[11.548s] Installing servo script to /home/crofi/ros2_ws/install/servo/lib/servo
[11.552s] writing list of installed files to '/home/crofi/ros2_ws/build/servo/install.log'
[11.809s] Invoked command in '/home/crofi/ros2_ws/src/hardware/servo' returned '0': PYTHONPATH=/home/crofi/ros2_ws/build/servo/prefix_override:/usr/lib/python3/dist-packages/colcon_core/task/python/colcon_distutils_commands:/home/crofi/ros2_ws/install/servo/lib/python3.10/site-packages:${PYTHONPATH} /usr/bin/python3 -W ignore:setup.py install is deprecated -W ignore:easy_install command is deprecated setup.py egg_info --egg-base ../../../build/servo build --build-base /home/crofi/ros2_ws/build/servo/build install --record /home/crofi/ros2_ws/build/servo/install.log --single-version-externally-managed install_data
