[8.183s] Invoking command in '/home/crofi/AutoModel_Rep/ros2_ws/src/vision/lane_angle': PYTHONPATH=/home/crofi/AutoModel_Rep/build/lane_angle/prefix_override:/usr/lib/python3/dist-packages/colcon_core/task/python/colcon_distutils_commands:/home/crofi/AutoModel_Rep/install/lane_angle/lib/python3.10/site-packages:${PYTHONPATH} /usr/bin/python3 -W ignore:setup.py install is deprecated -W ignore:easy_install command is deprecated setup.py egg_info --egg-base ../../../../build/lane_angle build --build-base /home/crofi/AutoModel_Rep/build/lane_angle/build install --record /home/crofi/AutoModel_Rep/build/lane_angle/install.log --single-version-externally-managed install_data
[10.313s] running egg_info
[10.318s] writing ../../../../build/lane_angle/lane_angle.egg-info/PKG-INFO
[10.320s] writing dependency_links to ../../../../build/lane_angle/lane_angle.egg-info/dependency_links.txt
[10.322s] writing entry points to ../../../../build/lane_angle/lane_angle.egg-info/entry_points.txt
[10.324s] writing requirements to ../../../../build/lane_angle/lane_angle.egg-info/requires.txt
[10.325s] writing top-level names to ../../../../build/lane_angle/lane_angle.egg-info/top_level.txt
[10.337s] reading manifest file '../../../../build/lane_angle/lane_angle.egg-info/SOURCES.txt'
[10.342s] writing manifest file '../../../../build/lane_angle/lane_angle.egg-info/SOURCES.txt'
[10.356s] running build
[10.357s] running build_py
[10.358s] running install
[10.359s] running install_lib
[10.364s] running install_data
[10.365s] running install_egg_info
[10.375s] removing '/home/crofi/AutoModel_Rep/install/lane_angle/lib/python3.10/site-packages/lane_angle-0.0.0-py3.10.egg-info' (and everything under it)
[10.378s] Copying ../../../../build/lane_angle/lane_angle.egg-info to /home/crofi/AutoModel_Rep/install/lane_angle/lib/python3.10/site-packages/lane_angle-0.0.0-py3.10.egg-info
[10.386s] running install_scripts
[10.502s] Installing lane_angle script to /home/crofi/AutoModel_Rep/install/lane_angle/lib/lane_angle
[10.505s] writing list of installed files to '/home/crofi/AutoModel_Rep/build/lane_angle/install.log'
[10.731s] Invoked command in '/home/crofi/AutoModel_Rep/ros2_ws/src/vision/lane_angle' returned '0': PYTHONPATH=/home/crofi/AutoModel_Rep/build/lane_angle/prefix_override:/usr/lib/python3/dist-packages/colcon_core/task/python/colcon_distutils_commands:/home/crofi/AutoModel_Rep/install/lane_angle/lib/python3.10/site-packages:${PYTHONPATH} /usr/bin/python3 -W ignore:setup.py install is deprecated -W ignore:easy_install command is deprecated setup.py egg_info --egg-base ../../../../build/lane_angle build --build-base /home/crofi/AutoModel_Rep/build/lane_angle/build install --record /home/crofi/AutoModel_Rep/build/lane_angle/install.log --single-version-externally-managed install_data
