[20.208s] Invoking command in '/home/crofi/AutoModel_Rep/ros2_ws/src/vision/senal_detector': PYTHONPATH=/home/crofi/AutoModel_Rep/build/senal_detector/prefix_override:/usr/lib/python3/dist-packages/colcon_core/task/python/colcon_distutils_commands:/home/crofi/AutoModel_Rep/install/senal_detector/lib/python3.10/site-packages:${PYTHONPATH} /usr/bin/python3 -W ignore:setup.py install is deprecated -W ignore:easy_install command is deprecated setup.py egg_info --egg-base ../../../../build/senal_detector build --build-base /home/crofi/AutoModel_Rep/build/senal_detector/build install --record /home/crofi/AutoModel_Rep/build/senal_detector/install.log --single-version-externally-managed install_data
[31.324s] running egg_info
[31.333s] writing ../../../../build/senal_detector/senal_detector.egg-info/PKG-INFO
[31.363s] writing dependency_links to ../../../../build/senal_detector/senal_detector.egg-info/dependency_links.txt
[31.372s] writing entry points to ../../../../build/senal_detector/senal_detector.egg-info/entry_points.txt
[31.378s] writing requirements to ../../../../build/senal_detector/senal_detector.egg-info/requires.txt
[31.399s] writing top-level names to ../../../../build/senal_detector/senal_detector.egg-info/top_level.txt
[31.423s] reading manifest file '../../../../build/senal_detector/senal_detector.egg-info/SOURCES.txt'
[31.453s] writing manifest file '../../../../build/senal_detector/senal_detector.egg-info/SOURCES.txt'
[31.454s] running build
[31.459s] running build_py
[31.474s] running install
[31.480s] running install_lib
[31.492s] running install_data
[31.506s] running install_egg_info
[31.511s] removing '/home/crofi/AutoModel_Rep/install/senal_detector/lib/python3.10/site-packages/senal_detector-0.0.0-py3.10.egg-info' (and everything under it)
[31.533s] Copying ../../../../build/senal_detector/senal_detector.egg-info to /home/crofi/AutoModel_Rep/install/senal_detector/lib/python3.10/site-packages/senal_detector-0.0.0-py3.10.egg-info
[31.689s] running install_scripts
[32.705s] Installing senal_detector script to /home/crofi/AutoModel_Rep/install/senal_detector/lib/senal_detector
[32.729s] writing list of installed files to '/home/crofi/AutoModel_Rep/build/senal_detector/install.log'
[33.044s] Invoked command in '/home/crofi/AutoModel_Rep/ros2_ws/src/vision/senal_detector' returned '0': PYTHONPATH=/home/crofi/AutoModel_Rep/build/senal_detector/prefix_override:/usr/lib/python3/dist-packages/colcon_core/task/python/colcon_distutils_commands:/home/crofi/AutoModel_Rep/install/senal_detector/lib/python3.10/site-packages:${PYTHONPATH} /usr/bin/python3 -W ignore:setup.py install is deprecated -W ignore:easy_install command is deprecated setup.py egg_info --egg-base ../../../../build/senal_detector build --build-base /home/crofi/AutoModel_Rep/build/senal_detector/build install --record /home/crofi/AutoModel_Rep/build/senal_detector/install.log --single-version-externally-managed install_data
