[8.834s] Invoking command in '/home/crofi/ros2_ws/src/vision/senal_detector': PYTHONPATH=/home/crofi/ros2_ws/build/senal_detector/prefix_override:/usr/lib/python3/dist-packages/colcon_core/task/python/colcon_distutils_commands:/home/crofi/ros2_ws/install/senal_detector/lib/python3.10/site-packages:${PYTHONPATH} /usr/bin/python3 -W ignore:setup.py install is deprecated -W ignore:easy_install command is deprecated setup.py egg_info --egg-base ../../../build/senal_detector build --build-base /home/crofi/ros2_ws/build/senal_detector/build install --record /home/crofi/ros2_ws/build/senal_detector/install.log --single-version-externally-managed install_data
[11.444s] running egg_info
[11.447s] writing ../../../build/senal_detector/senal_detector.egg-info/PKG-INFO
[11.449s] writing dependency_links to ../../../build/senal_detector/senal_detector.egg-info/dependency_links.txt
[11.451s] writing entry points to ../../../build/senal_detector/senal_detector.egg-info/entry_points.txt
[11.452s] writing requirements to ../../../build/senal_detector/senal_detector.egg-info/requires.txt
[11.453s] writing top-level names to ../../../build/senal_detector/senal_detector.egg-info/top_level.txt
[11.462s] reading manifest file '../../../build/senal_detector/senal_detector.egg-info/SOURCES.txt'
[11.468s] writing manifest file '../../../build/senal_detector/senal_detector.egg-info/SOURCES.txt'
[11.469s] running build
[11.469s] running build_py
[11.471s] running install
[11.473s] running install_lib
[11.488s] running install_data
[11.492s] running install_egg_info
[11.501s] removing '/home/crofi/ros2_ws/install/senal_detector/lib/python3.10/site-packages/senal_detector-0.0.0-py3.10.egg-info' (and everything under it)
[11.504s] Copying ../../../build/senal_detector/senal_detector.egg-info to /home/crofi/ros2_ws/install/senal_detector/lib/python3.10/site-packages/senal_detector-0.0.0-py3.10.egg-info
[11.513s] running install_scripts
[11.632s] Installing senal_detector script to /home/crofi/ros2_ws/install/senal_detector/lib/senal_detector
[11.634s] writing list of installed files to '/home/crofi/ros2_ws/build/senal_detector/install.log'
[11.855s] Invoked command in '/home/crofi/ros2_ws/src/vision/senal_detector' returned '0': PYTHONPATH=/home/crofi/ros2_ws/build/senal_detector/prefix_override:/usr/lib/python3/dist-packages/colcon_core/task/python/colcon_distutils_commands:/home/crofi/ros2_ws/install/senal_detector/lib/python3.10/site-packages:${PYTHONPATH} /usr/bin/python3 -W ignore:setup.py install is deprecated -W ignore:easy_install command is deprecated setup.py egg_info --egg-base ../../../build/senal_detector build --build-base /home/crofi/ros2_ws/build/senal_detector/build install --record /home/crofi/ros2_ws/build/senal_detector/install.log --single-version-externally-managed install_data
