[12.016s] Invoking command in '/home/crofi/ros2_ws/src/vision/lane_angle': PYTHONPATH=/home/crofi/ros2_ws/build/lane_angle/prefix_override:/usr/lib/python3/dist-packages/colcon_core/task/python/colcon_distutils_commands:/home/crofi/ros2_ws/install/lane_angle/lib/python3.10/site-packages:${PYTHONPATH} /usr/bin/python3 -W ignore:setup.py install is deprecated -W ignore:easy_install command is deprecated setup.py egg_info --egg-base ../../../build/lane_angle build --build-base /home/crofi/ros2_ws/build/lane_angle/build install --record /home/crofi/ros2_ws/build/lane_angle/install.log --single-version-externally-managed install_data
[16.358s] running egg_info
[16.363s] writing ../../../build/lane_angle/lane_angle.egg-info/PKG-INFO
[16.366s] writing dependency_links to ../../../build/lane_angle/lane_angle.egg-info/dependency_links.txt
[16.367s] writing entry points to ../../../build/lane_angle/lane_angle.egg-info/entry_points.txt
[16.377s] writing requirements to ../../../build/lane_angle/lane_angle.egg-info/requires.txt
[16.379s] writing top-level names to ../../../build/lane_angle/lane_angle.egg-info/top_level.txt
[16.405s] reading manifest file '../../../build/lane_angle/lane_angle.egg-info/SOURCES.txt'
[16.406s] writing manifest file '../../../build/lane_angle/lane_angle.egg-info/SOURCES.txt'
[16.407s] running build
[16.413s] running build_py
[16.417s] running install
[16.422s] running install_lib
[16.424s] running install_data
[16.426s] running install_egg_info
[16.450s] removing '/home/crofi/ros2_ws/install/lane_angle/lib/python3.10/site-packages/lane_angle-0.0.0-py3.10.egg-info' (and everything under it)
[16.451s] Copying ../../../build/lane_angle/lane_angle.egg-info to /home/crofi/ros2_ws/install/lane_angle/lib/python3.10/site-packages/lane_angle-0.0.0-py3.10.egg-info
[16.462s] running install_scripts
[16.660s] Installing lane_angle script to /home/crofi/ros2_ws/install/lane_angle/lib/lane_angle
[16.668s] writing list of installed files to '/home/crofi/ros2_ws/build/lane_angle/install.log'
[20.007s] Invoked command in '/home/crofi/ros2_ws/src/vision/lane_angle' returned '0': PYTHONPATH=/home/crofi/ros2_ws/build/lane_angle/prefix_override:/usr/lib/python3/dist-packages/colcon_core/task/python/colcon_distutils_commands:/home/crofi/ros2_ws/install/lane_angle/lib/python3.10/site-packages:${PYTHONPATH} /usr/bin/python3 -W ignore:setup.py install is deprecated -W ignore:easy_install command is deprecated setup.py egg_info --egg-base ../../../build/lane_angle build --build-base /home/crofi/ros2_ws/build/lane_angle/build install --record /home/crofi/ros2_ws/build/lane_angle/install.log --single-version-externally-managed install_data
