[0.578s] DEBUG:colcon:Command line arguments: ['/usr/bin/colcon', 'build']
[0.579s] DEBUG:colcon:Parsed command line arguments: Namespace(log_base=None, log_level=None, verb_name='build', build_base='build', install_base='install', merge_install=False, symlink_install=False, test_result_base=None, continue_on_error=False, executor='parallel', parallel_workers=4, event_handlers=None, ignore_user_meta=False, metas=['./colcon.meta'], base_paths=['.'], packages_ignore=None, packages_ignore_regex=None, paths=None, packages_up_to=None, packages_up_to_regex=None, packages_above=None, packages_above_and_dependencies=None, packages_above_depth=None, packages_select_by_dep=None, packages_skip_by_dep=None, packages_skip_up_to=None, packages_select_build_failed=False, packages_skip_build_finished=False, packages_select_test_failures=False, packages_skip_test_passed=False, packages_select=None, packages_skip=None, packages_select_regex=None, packages_skip_regex=None, packages_start=None, packages_end=None, allow_overriding=[], cmake_args=None, cmake_target=None, cmake_target_skip_unavailable=False, cmake_clean_cache=False, cmake_clean_first=False, cmake_force_configure=False, ament_cmake_args=None, catkin_cmake_args=None, catkin_skip_building_tests=False, mixin_files=None, mixin=None, verb_parser=<colcon_mixin.mixin.mixin_argument.MixinArgumentDecorator object at 0xffffab3e6440>, verb_extension=<colcon_core.verb.build.BuildVerb object at 0xffffab5833d0>, main=<bound method BuildVerb.main of <colcon_core.verb.build.BuildVerb object at 0xffffab5833d0>>, mixin_verb=('build',))
[1.600s] Level 1:colcon.colcon_core.package_discovery:discover_packages(colcon_meta) check parameters
[1.601s] Level 1:colcon.colcon_core.package_discovery:discover_packages(recursive) check parameters
[1.601s] Level 1:colcon.colcon_core.package_discovery:discover_packages(ignore) check parameters
[1.601s] Level 1:colcon.colcon_core.package_discovery:discover_packages(path) check parameters
[1.601s] Level 1:colcon.colcon_core.package_discovery:discover_packages(colcon_meta) discover
[1.601s] Level 1:colcon.colcon_core.package_discovery:discover_packages(recursive) discover
[1.601s] INFO:colcon.colcon_core.package_discovery:Crawling recursively for packages in '/home/crofi/ros2_ws'
[1.602s] Level 1:colcon.colcon_core.package_identification:_identify(.) by extensions ['ignore', 'ignore_ament_install']
[1.602s] Level 1:colcon.colcon_core.package_identification:_identify(.) by extension 'ignore'
[1.603s] Level 1:colcon.colcon_core.package_identification:_identify(.) by extension 'ignore_ament_install'
[1.603s] Level 1:colcon.colcon_core.package_identification:_identify(.) by extensions ['colcon_pkg']
[1.603s] Level 1:colcon.colcon_core.package_identification:_identify(.) by extension 'colcon_pkg'
[1.603s] Level 1:colcon.colcon_core.package_identification:_identify(.) by extensions ['colcon_meta']
[1.603s] Level 1:colcon.colcon_core.package_identification:_identify(.) by extension 'colcon_meta'
[1.603s] Level 1:colcon.colcon_core.package_identification:_identify(.) by extensions ['ros']
[1.604s] Level 1:colcon.colcon_core.package_identification:_identify(.) by extension 'ros'
[1.656s] Level 1:colcon.colcon_core.package_identification:_identify(.) by extensions ['cmake', 'python']
[1.657s] Level 1:colcon.colcon_core.package_identification:_identify(.) by extension 'cmake'
[1.657s] Level 1:colcon.colcon_core.package_identification:_identify(.) by extension 'python'
[1.657s] Level 1:colcon.colcon_core.package_identification:_identify(.) by extensions ['python_setup_py']
[1.657s] Level 1:colcon.colcon_core.package_identification:_identify(.) by extension 'python_setup_py'
[1.658s] Level 1:colcon.colcon_core.package_identification:_identify(build) by extensions ['ignore', 'ignore_ament_install']
[1.658s] Level 1:colcon.colcon_core.package_identification:_identify(build) by extension 'ignore'
[1.659s] Level 1:colcon.colcon_core.package_identification:_identify(build) ignored
[1.659s] Level 1:colcon.colcon_core.package_identification:_identify(install) by extensions ['ignore', 'ignore_ament_install']
[1.660s] Level 1:colcon.colcon_core.package_identification:_identify(install) by extension 'ignore'
[1.660s] Level 1:colcon.colcon_core.package_identification:_identify(install) ignored
[1.661s] Level 1:colcon.colcon_core.package_identification:_identify(log) by extensions ['ignore', 'ignore_ament_install']
[1.662s] Level 1:colcon.colcon_core.package_identification:_identify(log) by extension 'ignore'
[1.662s] Level 1:colcon.colcon_core.package_identification:_identify(log) ignored
[1.662s] Level 1:colcon.colcon_core.package_identification:_identify(src) by extensions ['ignore', 'ignore_ament_install']
[1.663s] Level 1:colcon.colcon_core.package_identification:_identify(src) by extension 'ignore'
[1.663s] Level 1:colcon.colcon_core.package_identification:_identify(src) by extension 'ignore_ament_install'
[1.663s] Level 1:colcon.colcon_core.package_identification:_identify(src) by extensions ['colcon_pkg']
[1.663s] Level 1:colcon.colcon_core.package_identification:_identify(src) by extension 'colcon_pkg'
[1.663s] Level 1:colcon.colcon_core.package_identification:_identify(src) by extensions ['colcon_meta']
[1.664s] Level 1:colcon.colcon_core.package_identification:_identify(src) by extension 'colcon_meta'
[1.664s] Level 1:colcon.colcon_core.package_identification:_identify(src) by extensions ['ros']
[1.664s] Level 1:colcon.colcon_core.package_identification:_identify(src) by extension 'ros'
[1.664s] Level 1:colcon.colcon_core.package_identification:_identify(src) by extensions ['cmake', 'python']
[1.664s] Level 1:colcon.colcon_core.package_identification:_identify(src) by extension 'cmake'
[1.664s] Level 1:colcon.colcon_core.package_identification:_identify(src) by extension 'python'
[1.665s] Level 1:colcon.colcon_core.package_identification:_identify(src) by extensions ['python_setup_py']
[1.665s] Level 1:colcon.colcon_core.package_identification:_identify(src) by extension 'python_setup_py'
[1.665s] Level 1:colcon.colcon_core.package_identification:_identify(src/build) by extensions ['ignore', 'ignore_ament_install']
[1.666s] Level 1:colcon.colcon_core.package_identification:_identify(src/build) by extension 'ignore'
[1.666s] Level 1:colcon.colcon_core.package_identification:_identify(src/build) ignored
[1.666s] Level 1:colcon.colcon_core.package_identification:_identify(src/hardware) by extensions ['ignore', 'ignore_ament_install']
[1.667s] Level 1:colcon.colcon_core.package_identification:_identify(src/hardware) by extension 'ignore'
[1.667s] Level 1:colcon.colcon_core.package_identification:_identify(src/hardware) by extension 'ignore_ament_install'
[1.667s] Level 1:colcon.colcon_core.package_identification:_identify(src/hardware) by extensions ['colcon_pkg']
[1.667s] Level 1:colcon.colcon_core.package_identification:_identify(src/hardware) by extension 'colcon_pkg'
[1.667s] Level 1:colcon.colcon_core.package_identification:_identify(src/hardware) by extensions ['colcon_meta']
[1.668s] Level 1:colcon.colcon_core.package_identification:_identify(src/hardware) by extension 'colcon_meta'
[1.668s] Level 1:colcon.colcon_core.package_identification:_identify(src/hardware) by extensions ['ros']
[1.668s] Level 1:colcon.colcon_core.package_identification:_identify(src/hardware) by extension 'ros'
[1.668s] Level 1:colcon.colcon_core.package_identification:_identify(src/hardware) by extensions ['cmake', 'python']
[1.668s] Level 1:colcon.colcon_core.package_identification:_identify(src/hardware) by extension 'cmake'
[1.669s] Level 1:colcon.colcon_core.package_identification:_identify(src/hardware) by extension 'python'
[1.669s] Level 1:colcon.colcon_core.package_identification:_identify(src/hardware) by extensions ['python_setup_py']
[1.669s] Level 1:colcon.colcon_core.package_identification:_identify(src/hardware) by extension 'python_setup_py'
[1.669s] Level 1:colcon.colcon_core.package_identification:_identify(src/hardware/servo) by extensions ['ignore', 'ignore_ament_install']
[1.670s] Level 1:colcon.colcon_core.package_identification:_identify(src/hardware/servo) by extension 'ignore'
[1.670s] Level 1:colcon.colcon_core.package_identification:_identify(src/hardware/servo) by extension 'ignore_ament_install'
[1.670s] Level 1:colcon.colcon_core.package_identification:_identify(src/hardware/servo) by extensions ['colcon_pkg']
[1.670s] Level 1:colcon.colcon_core.package_identification:_identify(src/hardware/servo) by extension 'colcon_pkg'
[1.671s] Level 1:colcon.colcon_core.package_identification:_identify(src/hardware/servo) by extensions ['colcon_meta']
[1.671s] Level 1:colcon.colcon_core.package_identification:_identify(src/hardware/servo) by extension 'colcon_meta'
[1.671s] Level 1:colcon.colcon_core.package_identification:_identify(src/hardware/servo) by extensions ['ros']
[1.671s] Level 1:colcon.colcon_core.package_identification:_identify(src/hardware/servo) by extension 'ros'
[1.680s] DEBUG:colcon.colcon_core.package_identification:Package 'src/hardware/servo' with type 'ros.ament_python' and name 'servo'
[1.681s] Level 1:colcon.colcon_core.package_identification:_identify(src/hardware/webcam) by extensions ['ignore', 'ignore_ament_install']
[1.682s] Level 1:colcon.colcon_core.package_identification:_identify(src/hardware/webcam) by extension 'ignore'
[1.682s] Level 1:colcon.colcon_core.package_identification:_identify(src/hardware/webcam) by extension 'ignore_ament_install'
[1.682s] Level 1:colcon.colcon_core.package_identification:_identify(src/hardware/webcam) by extensions ['colcon_pkg']
[1.682s] Level 1:colcon.colcon_core.package_identification:_identify(src/hardware/webcam) by extension 'colcon_pkg'
[1.683s] Level 1:colcon.colcon_core.package_identification:_identify(src/hardware/webcam) by extensions ['colcon_meta']
[1.683s] Level 1:colcon.colcon_core.package_identification:_identify(src/hardware/webcam) by extension 'colcon_meta'
[1.683s] Level 1:colcon.colcon_core.package_identification:_identify(src/hardware/webcam) by extensions ['ros']
[1.683s] Level 1:colcon.colcon_core.package_identification:_identify(src/hardware/webcam) by extension 'ros'
[1.687s] DEBUG:colcon.colcon_core.package_identification:Package 'src/hardware/webcam' with type 'ros.ament_python' and name 'webcam'
[1.689s] Level 1:colcon.colcon_core.package_identification:_identify(src/install) by extensions ['ignore', 'ignore_ament_install']
[1.690s] Level 1:colcon.colcon_core.package_identification:_identify(src/install) by extension 'ignore'
[1.690s] Level 1:colcon.colcon_core.package_identification:_identify(src/install) ignored
[1.692s] Level 1:colcon.colcon_core.package_identification:_identify(src/log) by extensions ['ignore', 'ignore_ament_install']
[1.693s] Level 1:colcon.colcon_core.package_identification:_identify(src/log) by extension 'ignore'
[1.693s] Level 1:colcon.colcon_core.package_identification:_identify(src/log) ignored
[1.694s] Level 1:colcon.colcon_core.package_identification:_identify(src/vision) by extensions ['ignore', 'ignore_ament_install']
[1.694s] Level 1:colcon.colcon_core.package_identification:_identify(src/vision) by extension 'ignore'
[1.694s] Level 1:colcon.colcon_core.package_identification:_identify(src/vision) by extension 'ignore_ament_install'
[1.695s] Level 1:colcon.colcon_core.package_identification:_identify(src/vision) by extensions ['colcon_pkg']
[1.695s] Level 1:colcon.colcon_core.package_identification:_identify(src/vision) by extension 'colcon_pkg'
[1.695s] Level 1:colcon.colcon_core.package_identification:_identify(src/vision) by extensions ['colcon_meta']
[1.695s] Level 1:colcon.colcon_core.package_identification:_identify(src/vision) by extension 'colcon_meta'
[1.695s] Level 1:colcon.colcon_core.package_identification:_identify(src/vision) by extensions ['ros']
[1.695s] Level 1:colcon.colcon_core.package_identification:_identify(src/vision) by extension 'ros'
[1.696s] Level 1:colcon.colcon_core.package_identification:_identify(src/vision) by extensions ['cmake', 'python']
[1.696s] Level 1:colcon.colcon_core.package_identification:_identify(src/vision) by extension 'cmake'
[1.696s] Level 1:colcon.colcon_core.package_identification:_identify(src/vision) by extension 'python'
[1.696s] Level 1:colcon.colcon_core.package_identification:_identify(src/vision) by extensions ['python_setup_py']
[1.696s] Level 1:colcon.colcon_core.package_identification:_identify(src/vision) by extension 'python_setup_py'
[1.697s] Level 1:colcon.colcon_core.package_identification:_identify(src/vision/lane_angle) by extensions ['ignore', 'ignore_ament_install']
[1.697s] Level 1:colcon.colcon_core.package_identification:_identify(src/vision/lane_angle) by extension 'ignore'
[1.697s] Level 1:colcon.colcon_core.package_identification:_identify(src/vision/lane_angle) by extension 'ignore_ament_install'
[1.698s] Level 1:colcon.colcon_core.package_identification:_identify(src/vision/lane_angle) by extensions ['colcon_pkg']
[1.698s] Level 1:colcon.colcon_core.package_identification:_identify(src/vision/lane_angle) by extension 'colcon_pkg'
[1.698s] Level 1:colcon.colcon_core.package_identification:_identify(src/vision/lane_angle) by extensions ['colcon_meta']
[1.698s] Level 1:colcon.colcon_core.package_identification:_identify(src/vision/lane_angle) by extension 'colcon_meta'
[1.698s] Level 1:colcon.colcon_core.package_identification:_identify(src/vision/lane_angle) by extensions ['ros']
[1.699s] Level 1:colcon.colcon_core.package_identification:_identify(src/vision/lane_angle) by extension 'ros'
[1.701s] DEBUG:colcon.colcon_core.package_identification:Package 'src/vision/lane_angle' with type 'ros.ament_python' and name 'lane_angle'
[1.701s] Level 1:colcon.colcon_core.package_identification:_identify(src/vision/lane_detector) by extensions ['ignore', 'ignore_ament_install']
[1.702s] Level 1:colcon.colcon_core.package_identification:_identify(src/vision/lane_detector) by extension 'ignore'
[1.702s] Level 1:colcon.colcon_core.package_identification:_identify(src/vision/lane_detector) by extension 'ignore_ament_install'
[1.702s] Level 1:colcon.colcon_core.package_identification:_identify(src/vision/lane_detector) by extensions ['colcon_pkg']
[1.702s] Level 1:colcon.colcon_core.package_identification:_identify(src/vision/lane_detector) by extension 'colcon_pkg'
[1.703s] Level 1:colcon.colcon_core.package_identification:_identify(src/vision/lane_detector) by extensions ['colcon_meta']
[1.703s] Level 1:colcon.colcon_core.package_identification:_identify(src/vision/lane_detector) by extension 'colcon_meta'
[1.703s] Level 1:colcon.colcon_core.package_identification:_identify(src/vision/lane_detector) by extensions ['ros']
[1.703s] Level 1:colcon.colcon_core.package_identification:_identify(src/vision/lane_detector) by extension 'ros'
[1.705s] DEBUG:colcon.colcon_core.package_identification:Package 'src/vision/lane_detector' with type 'ros.ament_python' and name 'lane_detector'
[1.706s] Level 1:colcon.colcon_core.package_discovery:discover_packages(recursive) using defaults
[1.706s] Level 1:colcon.colcon_core.package_discovery:discover_packages(ignore) discover
[1.706s] Level 1:colcon.colcon_core.package_discovery:discover_packages(ignore) using defaults
[1.706s] Level 1:colcon.colcon_core.package_discovery:discover_packages(path) discover
[1.706s] Level 1:colcon.colcon_core.package_discovery:discover_packages(path) using defaults
[1.855s] Level 1:colcon.colcon_core.package_discovery:discover_packages(prefix_path) check parameters
[1.856s] Level 1:colcon.colcon_core.package_discovery:discover_packages(prefix_path) discover
[1.874s] DEBUG:colcon.colcon_installed_package_information.package_discovery:Found 5 installed packages in /home/crofi/ros2_ws/install
[1.887s] DEBUG:colcon.colcon_installed_package_information.package_discovery:Found 295 installed packages in /opt/ros/humble
[1.895s] Level 1:colcon.colcon_core.package_discovery:discover_packages(prefix_path) using defaults
[2.105s] Level 5:colcon.colcon_core.verb:set package 'lane_angle' build argument 'cmake_args' from command line to 'None'
[2.105s] Level 5:colcon.colcon_core.verb:set package 'lane_angle' build argument 'cmake_target' from command line to 'None'
[2.106s] Level 5:colcon.colcon_core.verb:set package 'lane_angle' build argument 'cmake_target_skip_unavailable' from command line to 'False'
[2.106s] Level 5:colcon.colcon_core.verb:set package 'lane_angle' build argument 'cmake_clean_cache' from command line to 'False'
[2.106s] Level 5:colcon.colcon_core.verb:set package 'lane_angle' build argument 'cmake_clean_first' from command line to 'False'
[2.106s] Level 5:colcon.colcon_core.verb:set package 'lane_angle' build argument 'cmake_force_configure' from command line to 'False'
[2.106s] Level 5:colcon.colcon_core.verb:set package 'lane_angle' build argument 'ament_cmake_args' from command line to 'None'
[2.106s] Level 5:colcon.colcon_core.verb:set package 'lane_angle' build argument 'catkin_cmake_args' from command line to 'None'
[2.106s] Level 5:colcon.colcon_core.verb:set package 'lane_angle' build argument 'catkin_skip_building_tests' from command line to 'False'
[2.106s] DEBUG:colcon.colcon_core.verb:Building package 'lane_angle' with the following arguments: {'ament_cmake_args': None, 'build_base': '/home/crofi/ros2_ws/build/lane_angle', 'catkin_cmake_args': None, 'catkin_skip_building_tests': False, 'cmake_args': None, 'cmake_clean_cache': False, 'cmake_clean_first': False, 'cmake_force_configure': False, 'cmake_target': None, 'cmake_target_skip_unavailable': False, 'install_base': '/home/crofi/ros2_ws/install/lane_angle', 'merge_install': False, 'path': '/home/crofi/ros2_ws/src/vision/lane_angle', 'symlink_install': False, 'test_result_base': None}
[2.108s] Level 5:colcon.colcon_core.verb:set package 'lane_detector' build argument 'cmake_args' from command line to 'None'
[2.108s] Level 5:colcon.colcon_core.verb:set package 'lane_detector' build argument 'cmake_target' from command line to 'None'
[2.108s] Level 5:colcon.colcon_core.verb:set package 'lane_detector' build argument 'cmake_target_skip_unavailable' from command line to 'False'
[2.108s] Level 5:colcon.colcon_core.verb:set package 'lane_detector' build argument 'cmake_clean_cache' from command line to 'False'
[2.109s] Level 5:colcon.colcon_core.verb:set package 'lane_detector' build argument 'cmake_clean_first' from command line to 'False'
[2.109s] Level 5:colcon.colcon_core.verb:set package 'lane_detector' build argument 'cmake_force_configure' from command line to 'False'
[2.109s] Level 5:colcon.colcon_core.verb:set package 'lane_detector' build argument 'ament_cmake_args' from command line to 'None'
[2.109s] Level 5:colcon.colcon_core.verb:set package 'lane_detector' build argument 'catkin_cmake_args' from command line to 'None'
[2.109s] Level 5:colcon.colcon_core.verb:set package 'lane_detector' build argument 'catkin_skip_building_tests' from command line to 'False'
[2.109s] DEBUG:colcon.colcon_core.verb:Building package 'lane_detector' with the following arguments: {'ament_cmake_args': None, 'build_base': '/home/crofi/ros2_ws/build/lane_detector', 'catkin_cmake_args': None, 'catkin_skip_building_tests': False, 'cmake_args': None, 'cmake_clean_cache': False, 'cmake_clean_first': False, 'cmake_force_configure': False, 'cmake_target': None, 'cmake_target_skip_unavailable': False, 'install_base': '/home/crofi/ros2_ws/install/lane_detector', 'merge_install': False, 'path': '/home/crofi/ros2_ws/src/vision/lane_detector', 'symlink_install': False, 'test_result_base': None}
[2.111s] Level 5:colcon.colcon_core.verb:set package 'servo' build argument 'cmake_args' from command line to 'None'
[2.111s] Level 5:colcon.colcon_core.verb:set package 'servo' build argument 'cmake_target' from command line to 'None'
[2.111s] Level 5:colcon.colcon_core.verb:set package 'servo' build argument 'cmake_target_skip_unavailable' from command line to 'False'
[2.111s] Level 5:colcon.colcon_core.verb:set package 'servo' build argument 'cmake_clean_cache' from command line to 'False'
[2.111s] Level 5:colcon.colcon_core.verb:set package 'servo' build argument 'cmake_clean_first' from command line to 'False'
[2.111s] Level 5:colcon.colcon_core.verb:set package 'servo' build argument 'cmake_force_configure' from command line to 'False'
[2.111s] Level 5:colcon.colcon_core.verb:set package 'servo' build argument 'ament_cmake_args' from command line to 'None'
[2.111s] Level 5:colcon.colcon_core.verb:set package 'servo' build argument 'catkin_cmake_args' from command line to 'None'
[2.112s] Level 5:colcon.colcon_core.verb:set package 'servo' build argument 'catkin_skip_building_tests' from command line to 'False'
[2.112s] DEBUG:colcon.colcon_core.verb:Building package 'servo' with the following arguments: {'ament_cmake_args': None, 'build_base': '/home/crofi/ros2_ws/build/servo', 'catkin_cmake_args': None, 'catkin_skip_building_tests': False, 'cmake_args': None, 'cmake_clean_cache': False, 'cmake_clean_first': False, 'cmake_force_configure': False, 'cmake_target': None, 'cmake_target_skip_unavailable': False, 'install_base': '/home/crofi/ros2_ws/install/servo', 'merge_install': False, 'path': '/home/crofi/ros2_ws/src/hardware/servo', 'symlink_install': False, 'test_result_base': None}
[2.113s] Level 5:colcon.colcon_core.verb:set package 'webcam' build argument 'cmake_args' from command line to 'None'
[2.113s] Level 5:colcon.colcon_core.verb:set package 'webcam' build argument 'cmake_target' from command line to 'None'
[2.114s] Level 5:colcon.colcon_core.verb:set package 'webcam' build argument 'cmake_target_skip_unavailable' from command line to 'False'
[2.114s] Level 5:colcon.colcon_core.verb:set package 'webcam' build argument 'cmake_clean_cache' from command line to 'False'
[2.114s] Level 5:colcon.colcon_core.verb:set package 'webcam' build argument 'cmake_clean_first' from command line to 'False'
[2.114s] Level 5:colcon.colcon_core.verb:set package 'webcam' build argument 'cmake_force_configure' from command line to 'False'
[2.114s] Level 5:colcon.colcon_core.verb:set package 'webcam' build argument 'ament_cmake_args' from command line to 'None'
[2.114s] Level 5:colcon.colcon_core.verb:set package 'webcam' build argument 'catkin_cmake_args' from command line to 'None'
[2.114s] Level 5:colcon.colcon_core.verb:set package 'webcam' build argument 'catkin_skip_building_tests' from command line to 'False'
[2.114s] DEBUG:colcon.colcon_core.verb:Building package 'webcam' with the following arguments: {'ament_cmake_args': None, 'build_base': '/home/crofi/ros2_ws/build/webcam', 'catkin_cmake_args': None, 'catkin_skip_building_tests': False, 'cmake_args': None, 'cmake_clean_cache': False, 'cmake_clean_first': False, 'cmake_force_configure': False, 'cmake_target': None, 'cmake_target_skip_unavailable': False, 'install_base': '/home/crofi/ros2_ws/install/webcam', 'merge_install': False, 'path': '/home/crofi/ros2_ws/src/hardware/webcam', 'symlink_install': False, 'test_result_base': None}
[2.115s] INFO:colcon.colcon_core.executor:Executing jobs using 'parallel' executor
[2.118s] DEBUG:colcon.colcon_parallel_executor.executor.parallel:run_until_complete
[2.120s] INFO:colcon.colcon_ros.task.ament_python.build:Building ROS package in '/home/crofi/ros2_ws/src/vision/lane_angle' with build type 'ament_python'
[2.120s] Level 1:colcon.colcon_core.shell:create_environment_hook('lane_angle', 'ament_prefix_path')
[2.130s] INFO:colcon.colcon_core.plugin_system:Skipping extension 'colcon_core.shell.bat': Not used on non-Windows systems
[2.131s] INFO:colcon.colcon_core.shell:Creating environment hook '/home/crofi/ros2_ws/install/lane_angle/share/lane_angle/hook/ament_prefix_path.ps1'
[2.137s] INFO:colcon.colcon_core.shell:Creating environment descriptor '/home/crofi/ros2_ws/install/lane_angle/share/lane_angle/hook/ament_prefix_path.dsv'
[2.143s] INFO:colcon.colcon_core.shell:Creating environment hook '/home/crofi/ros2_ws/install/lane_angle/share/lane_angle/hook/ament_prefix_path.sh'
[2.150s] INFO:colcon.colcon_core.shell:Skip shell extension 'powershell' for command environment: Not usable outside of PowerShell
[2.150s] DEBUG:colcon.colcon_core.shell:Skip shell extension 'dsv' for command environment
[2.173s] INFO:colcon.colcon_ros.task.ament_python.build:Building ROS package in '/home/crofi/ros2_ws/src/vision/lane_detector' with build type 'ament_python'
[2.174s] Level 1:colcon.colcon_core.shell:create_environment_hook('lane_detector', 'ament_prefix_path')
[2.175s] INFO:colcon.colcon_core.shell:Creating environment hook '/home/crofi/ros2_ws/install/lane_detector/share/lane_detector/hook/ament_prefix_path.ps1'
[2.178s] INFO:colcon.colcon_core.shell:Creating environment descriptor '/home/crofi/ros2_ws/install/lane_detector/share/lane_detector/hook/ament_prefix_path.dsv'
[2.181s] INFO:colcon.colcon_core.shell:Creating environment hook '/home/crofi/ros2_ws/install/lane_detector/share/lane_detector/hook/ament_prefix_path.sh'
[2.185s] INFO:colcon.colcon_core.shell:Skip shell extension 'powershell' for command environment: Not usable outside of PowerShell
[2.186s] DEBUG:colcon.colcon_core.shell:Skip shell extension 'dsv' for command environment
[2.212s] INFO:colcon.colcon_ros.task.ament_python.build:Building ROS package in '/home/crofi/ros2_ws/src/hardware/servo' with build type 'ament_python'
[2.213s] Level 1:colcon.colcon_core.shell:create_environment_hook('servo', 'ament_prefix_path')
[2.214s] INFO:colcon.colcon_core.shell:Creating environment hook '/home/crofi/ros2_ws/install/servo/share/servo/hook/ament_prefix_path.ps1'
[2.217s] INFO:colcon.colcon_core.shell:Creating environment descriptor '/home/crofi/ros2_ws/install/servo/share/servo/hook/ament_prefix_path.dsv'
[2.221s] INFO:colcon.colcon_core.shell:Creating environment hook '/home/crofi/ros2_ws/install/servo/share/servo/hook/ament_prefix_path.sh'
[2.225s] INFO:colcon.colcon_core.shell:Skip shell extension 'powershell' for command environment: Not usable outside of PowerShell
[2.226s] DEBUG:colcon.colcon_core.shell:Skip shell extension 'dsv' for command environment
[2.249s] INFO:colcon.colcon_ros.task.ament_python.build:Building ROS package in '/home/crofi/ros2_ws/src/hardware/webcam' with build type 'ament_python'
[2.251s] Level 1:colcon.colcon_core.shell:create_environment_hook('webcam', 'ament_prefix_path')
[2.252s] INFO:colcon.colcon_core.shell:Creating environment hook '/home/crofi/ros2_ws/install/webcam/share/webcam/hook/ament_prefix_path.ps1'
[2.256s] INFO:colcon.colcon_core.shell:Creating environment descriptor '/home/crofi/ros2_ws/install/webcam/share/webcam/hook/ament_prefix_path.dsv'
[2.259s] INFO:colcon.colcon_core.shell:Creating environment hook '/home/crofi/ros2_ws/install/webcam/share/webcam/hook/ament_prefix_path.sh'
[2.265s] INFO:colcon.colcon_core.shell:Skip shell extension 'powershell' for command environment: Not usable outside of PowerShell
[2.265s] DEBUG:colcon.colcon_core.shell:Skip shell extension 'dsv' for command environment
[3.796s] INFO:colcon.colcon_core.task.python.build:Building Python package in '/home/crofi/ros2_ws/src/vision/lane_angle'
[3.797s] INFO:colcon.colcon_core.shell:Skip shell extension 'powershell' for command environment: Not usable outside of PowerShell
[3.797s] DEBUG:colcon.colcon_core.shell:Skip shell extension 'dsv' for command environment
[5.306s] INFO:colcon.colcon_core.task.python.build:Building Python package in '/home/crofi/ros2_ws/src/vision/lane_detector'
[5.307s] INFO:colcon.colcon_core.shell:Skip shell extension 'powershell' for command environment: Not usable outside of PowerShell
[5.307s] DEBUG:colcon.colcon_core.shell:Skip shell extension 'dsv' for command environment
[6.868s] INFO:colcon.colcon_core.task.python.build:Building Python package in '/home/crofi/ros2_ws/src/hardware/servo'
[6.869s] INFO:colcon.colcon_core.shell:Skip shell extension 'powershell' for command environment: Not usable outside of PowerShell
[6.869s] DEBUG:colcon.colcon_core.shell:Skip shell extension 'dsv' for command environment
[8.387s] INFO:colcon.colcon_core.task.python.build:Building Python package in '/home/crofi/ros2_ws/src/hardware/webcam'
[8.388s] INFO:colcon.colcon_core.shell:Skip shell extension 'powershell' for command environment: Not usable outside of PowerShell
[8.389s] DEBUG:colcon.colcon_core.shell:Skip shell extension 'dsv' for command environment
[11.757s] DEBUG:colcon.colcon_core.event_handler.log_command:Invoking command in '/home/crofi/ros2_ws/src/hardware/servo': PYTHONPATH=/home/crofi/ros2_ws/build/servo/prefix_override:/usr/lib/python3/dist-packages/colcon_core/task/python/colcon_distutils_commands:/home/crofi/ros2_ws/install/servo/lib/python3.10/site-packages:${PYTHONPATH} /usr/bin/python3 -W ignore:setup.py install is deprecated -W ignore:easy_install command is deprecated setup.py egg_info --egg-base ../../../build/servo build --build-base /home/crofi/ros2_ws/build/servo/build install --record /home/crofi/ros2_ws/build/servo/install.log --single-version-externally-managed install_data
[11.893s] DEBUG:colcon.colcon_core.event_handler.log_command:Invoking command in '/home/crofi/ros2_ws/src/vision/lane_detector': PYTHONPATH=/home/crofi/ros2_ws/build/lane_detector/prefix_override:/usr/lib/python3/dist-packages/colcon_core/task/python/colcon_distutils_commands:/home/crofi/ros2_ws/install/lane_detector/lib/python3.10/site-packages:${PYTHONPATH} /usr/bin/python3 -W ignore:setup.py install is deprecated -W ignore:easy_install command is deprecated setup.py egg_info --egg-base ../../../build/lane_detector build --build-base /home/crofi/ros2_ws/build/lane_detector/build install --record /home/crofi/ros2_ws/build/lane_detector/install.log --single-version-externally-managed install_data
[11.919s] DEBUG:colcon.colcon_core.event_handler.log_command:Invoking command in '/home/crofi/ros2_ws/src/vision/lane_angle': PYTHONPATH=/home/crofi/ros2_ws/build/lane_angle/prefix_override:/usr/lib/python3/dist-packages/colcon_core/task/python/colcon_distutils_commands:/home/crofi/ros2_ws/install/lane_angle/lib/python3.10/site-packages:${PYTHONPATH} /usr/bin/python3 -W ignore:setup.py install is deprecated -W ignore:easy_install command is deprecated setup.py egg_info --egg-base ../../../build/lane_angle build --build-base /home/crofi/ros2_ws/build/lane_angle/build install --record /home/crofi/ros2_ws/build/lane_angle/install.log --single-version-externally-managed install_data
[12.120s] DEBUG:colcon.colcon_core.event_handler.log_command:Invoking command in '/home/crofi/ros2_ws/src/hardware/webcam': PYTHONPATH=/home/crofi/ros2_ws/build/webcam/prefix_override:/usr/lib/python3/dist-packages/colcon_core/task/python/colcon_distutils_commands:/home/crofi/ros2_ws/install/webcam/lib/python3.10/site-packages:${PYTHONPATH} /usr/bin/python3 -W ignore:setup.py install is deprecated -W ignore:easy_install command is deprecated setup.py egg_info --egg-base ../../../build/webcam build --build-base /home/crofi/ros2_ws/build/webcam/build install --record /home/crofi/ros2_ws/build/webcam/install.log --single-version-externally-managed install_data
[14.704s] DEBUG:colcon.colcon_core.event_handler.log_command:Invoked command in '/home/crofi/ros2_ws/src/hardware/servo' returned '0': PYTHONPATH=/home/crofi/ros2_ws/build/servo/prefix_override:/usr/lib/python3/dist-packages/colcon_core/task/python/colcon_distutils_commands:/home/crofi/ros2_ws/install/servo/lib/python3.10/site-packages:${PYTHONPATH} /usr/bin/python3 -W ignore:setup.py install is deprecated -W ignore:easy_install command is deprecated setup.py egg_info --egg-base ../../../build/servo build --build-base /home/crofi/ros2_ws/build/servo/build install --record /home/crofi/ros2_ws/build/servo/install.log --single-version-externally-managed install_data
[14.736s] Level 1:colcon.colcon_core.environment:checking '/home/crofi/ros2_ws/install/servo' for CMake module files
[14.739s] Level 1:colcon.colcon_core.environment:checking '/home/crofi/ros2_ws/install/servo' for CMake config files
[14.748s] Level 1:colcon.colcon_core.environment:checking '/home/crofi/ros2_ws/install/servo/lib'
[14.749s] Level 1:colcon.colcon_core.environment:checking '/home/crofi/ros2_ws/install/servo/bin'
[14.750s] Level 1:colcon.colcon_core.environment:checking '/home/crofi/ros2_ws/install/servo/lib/pkgconfig/servo.pc'
[14.752s] Level 1:colcon.colcon_core.environment:checking '/home/crofi/ros2_ws/install/servo/lib/python3.10/site-packages'
[14.752s] Level 1:colcon.colcon_core.shell:create_environment_hook('servo', 'pythonpath')
[14.754s] INFO:colcon.colcon_core.shell:Creating environment hook '/home/crofi/ros2_ws/install/servo/share/servo/hook/pythonpath.ps1'
[14.757s] INFO:colcon.colcon_core.shell:Creating environment descriptor '/home/crofi/ros2_ws/install/servo/share/servo/hook/pythonpath.dsv'
[14.762s] INFO:colcon.colcon_core.shell:Creating environment hook '/home/crofi/ros2_ws/install/servo/share/servo/hook/pythonpath.sh'
[14.768s] Level 1:colcon.colcon_core.environment:checking '/home/crofi/ros2_ws/install/servo/bin'
[14.768s] Level 1:colcon.colcon_core.environment:create_environment_scripts_only(servo)
[14.771s] INFO:colcon.colcon_core.shell:Creating package script '/home/crofi/ros2_ws/install/servo/share/servo/package.ps1'
[14.777s] INFO:colcon.colcon_core.shell:Creating package descriptor '/home/crofi/ros2_ws/install/servo/share/servo/package.dsv'
[14.783s] INFO:colcon.colcon_core.shell:Creating package script '/home/crofi/ros2_ws/install/servo/share/servo/package.sh'
[14.793s] INFO:colcon.colcon_core.shell:Creating package script '/home/crofi/ros2_ws/install/servo/share/servo/package.bash'
[14.799s] INFO:colcon.colcon_core.shell:Creating package script '/home/crofi/ros2_ws/install/servo/share/servo/package.zsh'
[14.803s] Level 1:colcon.colcon_core.environment:create_file_with_runtime_dependencies(/home/crofi/ros2_ws/install/servo/share/colcon-core/packages/servo)
[15.209s] Level 1:colcon.colcon_core.environment:checking '/home/crofi/ros2_ws/install/webcam' for CMake module files
[15.214s] DEBUG:colcon.colcon_core.event_handler.log_command:Invoked command in '/home/crofi/ros2_ws/src/hardware/webcam' returned '0': PYTHONPATH=/home/crofi/ros2_ws/build/webcam/prefix_override:/usr/lib/python3/dist-packages/colcon_core/task/python/colcon_distutils_commands:/home/crofi/ros2_ws/install/webcam/lib/python3.10/site-packages:${PYTHONPATH} /usr/bin/python3 -W ignore:setup.py install is deprecated -W ignore:easy_install command is deprecated setup.py egg_info --egg-base ../../../build/webcam build --build-base /home/crofi/ros2_ws/build/webcam/build install --record /home/crofi/ros2_ws/build/webcam/install.log --single-version-externally-managed install_data
[15.218s] Level 1:colcon.colcon_core.environment:checking '/home/crofi/ros2_ws/install/webcam' for CMake config files
[15.223s] Level 1:colcon.colcon_core.environment:checking '/home/crofi/ros2_ws/install/webcam/lib'
[15.224s] Level 1:colcon.colcon_core.environment:checking '/home/crofi/ros2_ws/install/webcam/bin'
[15.224s] Level 1:colcon.colcon_core.environment:checking '/home/crofi/ros2_ws/install/webcam/lib/pkgconfig/webcam.pc'
[15.226s] Level 1:colcon.colcon_core.environment:checking '/home/crofi/ros2_ws/install/webcam/lib/python3.10/site-packages'
[15.227s] Level 1:colcon.colcon_core.shell:create_environment_hook('webcam', 'pythonpath')
[15.228s] INFO:colcon.colcon_core.shell:Creating environment hook '/home/crofi/ros2_ws/install/webcam/share/webcam/hook/pythonpath.ps1'
[15.232s] INFO:colcon.colcon_core.shell:Creating environment descriptor '/home/crofi/ros2_ws/install/webcam/share/webcam/hook/pythonpath.dsv'
[15.238s] INFO:colcon.colcon_core.shell:Creating environment hook '/home/crofi/ros2_ws/install/webcam/share/webcam/hook/pythonpath.sh'
[15.246s] Level 1:colcon.colcon_core.environment:checking '/home/crofi/ros2_ws/install/webcam/bin'
[15.247s] Level 1:colcon.colcon_core.environment:create_environment_scripts_only(webcam)
[15.250s] INFO:colcon.colcon_core.shell:Creating package script '/home/crofi/ros2_ws/install/webcam/share/webcam/package.ps1'
[15.256s] INFO:colcon.colcon_core.shell:Creating package descriptor '/home/crofi/ros2_ws/install/webcam/share/webcam/package.dsv'
[15.259s] INFO:colcon.colcon_core.shell:Creating package script '/home/crofi/ros2_ws/install/webcam/share/webcam/package.sh'
[15.262s] INFO:colcon.colcon_core.shell:Creating package script '/home/crofi/ros2_ws/install/webcam/share/webcam/package.bash'
[15.265s] INFO:colcon.colcon_core.shell:Creating package script '/home/crofi/ros2_ws/install/webcam/share/webcam/package.zsh'
[15.267s] Level 1:colcon.colcon_core.environment:create_file_with_runtime_dependencies(/home/crofi/ros2_ws/install/webcam/share/colcon-core/packages/webcam)
[15.272s] Level 1:colcon.colcon_core.environment:checking '/home/crofi/ros2_ws/install/lane_angle' for CMake module files
[15.275s] DEBUG:colcon.colcon_core.event_handler.log_command:Invoked command in '/home/crofi/ros2_ws/src/vision/lane_angle' returned '0': PYTHONPATH=/home/crofi/ros2_ws/build/lane_angle/prefix_override:/usr/lib/python3/dist-packages/colcon_core/task/python/colcon_distutils_commands:/home/crofi/ros2_ws/install/lane_angle/lib/python3.10/site-packages:${PYTHONPATH} /usr/bin/python3 -W ignore:setup.py install is deprecated -W ignore:easy_install command is deprecated setup.py egg_info --egg-base ../../../build/lane_angle build --build-base /home/crofi/ros2_ws/build/lane_angle/build install --record /home/crofi/ros2_ws/build/lane_angle/install.log --single-version-externally-managed install_data
[15.277s] Level 1:colcon.colcon_core.environment:checking '/home/crofi/ros2_ws/install/lane_angle' for CMake config files
[15.282s] Level 1:colcon.colcon_core.environment:checking '/home/crofi/ros2_ws/install/lane_angle/lib'
[15.283s] Level 1:colcon.colcon_core.environment:checking '/home/crofi/ros2_ws/install/lane_angle/bin'
[15.284s] Level 1:colcon.colcon_core.environment:checking '/home/crofi/ros2_ws/install/lane_angle/lib/pkgconfig/lane_angle.pc'
[15.287s] Level 1:colcon.colcon_core.environment:checking '/home/crofi/ros2_ws/install/lane_angle/lib/python3.10/site-packages'
[15.288s] Level 1:colcon.colcon_core.shell:create_environment_hook('lane_angle', 'pythonpath')
[15.290s] INFO:colcon.colcon_core.shell:Creating environment hook '/home/crofi/ros2_ws/install/lane_angle/share/lane_angle/hook/pythonpath.ps1'
[15.296s] INFO:colcon.colcon_core.shell:Creating environment descriptor '/home/crofi/ros2_ws/install/lane_angle/share/lane_angle/hook/pythonpath.dsv'
[15.299s] INFO:colcon.colcon_core.shell:Creating environment hook '/home/crofi/ros2_ws/install/lane_angle/share/lane_angle/hook/pythonpath.sh'
[15.302s] Level 1:colcon.colcon_core.environment:checking '/home/crofi/ros2_ws/install/lane_angle/bin'
[15.303s] Level 1:colcon.colcon_core.environment:create_environment_scripts_only(lane_angle)
[15.304s] INFO:colcon.colcon_core.shell:Creating package script '/home/crofi/ros2_ws/install/lane_angle/share/lane_angle/package.ps1'
[15.307s] INFO:colcon.colcon_core.shell:Creating package descriptor '/home/crofi/ros2_ws/install/lane_angle/share/lane_angle/package.dsv'
[15.311s] INFO:colcon.colcon_core.shell:Creating package script '/home/crofi/ros2_ws/install/lane_angle/share/lane_angle/package.sh'
[15.314s] INFO:colcon.colcon_core.shell:Creating package script '/home/crofi/ros2_ws/install/lane_angle/share/lane_angle/package.bash'
[15.317s] INFO:colcon.colcon_core.shell:Creating package script '/home/crofi/ros2_ws/install/lane_angle/share/lane_angle/package.zsh'
[15.319s] Level 1:colcon.colcon_core.environment:create_file_with_runtime_dependencies(/home/crofi/ros2_ws/install/lane_angle/share/colcon-core/packages/lane_angle)
[15.321s] Level 1:colcon.colcon_core.environment:checking '/home/crofi/ros2_ws/install/lane_detector' for CMake module files
[15.326s] DEBUG:colcon.colcon_core.event_handler.log_command:Invoked command in '/home/crofi/ros2_ws/src/vision/lane_detector' returned '0': PYTHONPATH=/home/crofi/ros2_ws/build/lane_detector/prefix_override:/usr/lib/python3/dist-packages/colcon_core/task/python/colcon_distutils_commands:/home/crofi/ros2_ws/install/lane_detector/lib/python3.10/site-packages:${PYTHONPATH} /usr/bin/python3 -W ignore:setup.py install is deprecated -W ignore:easy_install command is deprecated setup.py egg_info --egg-base ../../../build/lane_detector build --build-base /home/crofi/ros2_ws/build/lane_detector/build install --record /home/crofi/ros2_ws/build/lane_detector/install.log --single-version-externally-managed install_data
[15.327s] Level 1:colcon.colcon_core.environment:checking '/home/crofi/ros2_ws/install/lane_detector' for CMake config files
[15.330s] Level 1:colcon.colcon_core.environment:checking '/home/crofi/ros2_ws/install/lane_detector/lib'
[15.331s] Level 1:colcon.colcon_core.environment:checking '/home/crofi/ros2_ws/install/lane_detector/bin'
[15.332s] Level 1:colcon.colcon_core.environment:checking '/home/crofi/ros2_ws/install/lane_detector/lib/pkgconfig/lane_detector.pc'
[15.333s] Level 1:colcon.colcon_core.environment:checking '/home/crofi/ros2_ws/install/lane_detector/lib/python3.10/site-packages'
[15.333s] Level 1:colcon.colcon_core.shell:create_environment_hook('lane_detector', 'pythonpath')
[15.334s] INFO:colcon.colcon_core.shell:Creating environment hook '/home/crofi/ros2_ws/install/lane_detector/share/lane_detector/hook/pythonpath.ps1'
[15.340s] INFO:colcon.colcon_core.shell:Creating environment descriptor '/home/crofi/ros2_ws/install/lane_detector/share/lane_detector/hook/pythonpath.dsv'
[15.345s] INFO:colcon.colcon_core.shell:Creating environment hook '/home/crofi/ros2_ws/install/lane_detector/share/lane_detector/hook/pythonpath.sh'
[15.349s] Level 1:colcon.colcon_core.environment:checking '/home/crofi/ros2_ws/install/lane_detector/bin'
[15.349s] Level 1:colcon.colcon_core.environment:create_environment_scripts_only(lane_detector)
[15.351s] INFO:colcon.colcon_core.shell:Creating package script '/home/crofi/ros2_ws/install/lane_detector/share/lane_detector/package.ps1'
[15.354s] INFO:colcon.colcon_core.shell:Creating package descriptor '/home/crofi/ros2_ws/install/lane_detector/share/lane_detector/package.dsv'
[15.358s] INFO:colcon.colcon_core.shell:Creating package script '/home/crofi/ros2_ws/install/lane_detector/share/lane_detector/package.sh'
[15.361s] INFO:colcon.colcon_core.shell:Creating package script '/home/crofi/ros2_ws/install/lane_detector/share/lane_detector/package.bash'
[15.364s] INFO:colcon.colcon_core.shell:Creating package script '/home/crofi/ros2_ws/install/lane_detector/share/lane_detector/package.zsh'
[15.367s] Level 1:colcon.colcon_core.environment:create_file_with_runtime_dependencies(/home/crofi/ros2_ws/install/lane_detector/share/colcon-core/packages/lane_detector)
[15.368s] DEBUG:colcon.colcon_parallel_executor.executor.parallel:closing loop
[15.369s] DEBUG:colcon.colcon_parallel_executor.executor.parallel:loop closed
[15.370s] DEBUG:colcon.colcon_parallel_executor.executor.parallel:run_until_complete finished with '0'
[15.370s] DEBUG:colcon.colcon_core.event_reactor:joining thread
[15.404s] INFO:colcon.colcon_core.plugin_system:Skipping extension 'colcon_notification.desktop_notification.terminal_notifier': Not used on non-Darwin systems
[15.405s] INFO:colcon.colcon_core.plugin_system:Skipping extension 'colcon_notification.desktop_notification.win32': Not used on non-Windows systems
[15.405s] INFO:colcon.colcon_notification.desktop_notification:Sending desktop notification using 'notify2'
[15.475s] DEBUG:colcon.colcon_core.event_reactor:joined thread
[15.476s] INFO:colcon.colcon_core.shell:Creating prefix script '/home/crofi/ros2_ws/install/local_setup.ps1'
[15.481s] INFO:colcon.colcon_core.shell:Creating prefix util module '/home/crofi/ros2_ws/install/_local_setup_util_ps1.py'
[15.497s] INFO:colcon.colcon_core.shell:Creating prefix chain script '/home/crofi/ros2_ws/install/setup.ps1'
[15.506s] INFO:colcon.colcon_core.shell:Creating prefix script '/home/crofi/ros2_ws/install/local_setup.sh'
[15.511s] INFO:colcon.colcon_core.shell:Creating prefix util module '/home/crofi/ros2_ws/install/_local_setup_util_sh.py'
[15.515s] INFO:colcon.colcon_core.shell:Creating prefix chain script '/home/crofi/ros2_ws/install/setup.sh'
[15.523s] INFO:colcon.colcon_core.shell:Creating prefix script '/home/crofi/ros2_ws/install/local_setup.bash'
[15.526s] INFO:colcon.colcon_core.shell:Creating prefix chain script '/home/crofi/ros2_ws/install/setup.bash'
[15.536s] INFO:colcon.colcon_core.shell:Creating prefix script '/home/crofi/ros2_ws/install/local_setup.zsh'
[15.545s] INFO:colcon.colcon_core.shell:Creating prefix chain script '/home/crofi/ros2_ws/install/setup.zsh'
