[12.383s] Invoking command in '/home/crofi/ros2_ws/src/hardware/servo': PYTHONPATH=/home/crofi/ros2_ws/build/servo/prefix_override:/usr/lib/python3/dist-packages/colcon_core/task/python/colcon_distutils_commands:/home/crofi/ros2_ws/install/servo/lib/python3.10/site-packages:${PYTHONPATH} /usr/bin/python3 -W ignore:setup.py install is deprecated -W ignore:easy_install command is deprecated setup.py egg_info --egg-base ../../../build/servo build --build-base /home/crofi/ros2_ws/build/servo/build install --record /home/crofi/ros2_ws/build/servo/install.log --single-version-externally-managed install_data
[15.969s] running egg_info
[15.973s] writing ../../../build/servo/servo.egg-info/PKG-INFO
[15.974s] writing dependency_links to ../../../build/servo/servo.egg-info/dependency_links.txt
[15.976s] writing entry points to ../../../build/servo/servo.egg-info/entry_points.txt
[15.976s] writing requirements to ../../../build/servo/servo.egg-info/requires.txt
[15.977s] writing top-level names to ../../../build/servo/servo.egg-info/top_level.txt
[15.993s] reading manifest file '../../../build/servo/servo.egg-info/SOURCES.txt'
[15.999s] writing manifest file '../../../build/servo/servo.egg-info/SOURCES.txt'
[16.001s] running build
[16.002s] running build_py
[16.004s] running install
[16.009s] running install_lib
[16.026s] running install_data
[16.027s] running install_egg_info
[16.058s] removing '/home/crofi/ros2_ws/install/servo/lib/python3.10/site-packages/servo-0.0.0-py3.10.egg-info' (and everything under it)
[16.064s] Copying ../../../build/servo/servo.egg-info to /home/crofi/ros2_ws/install/servo/lib/python3.10/site-packages/servo-0.0.0-py3.10.egg-info
[16.076s] running install_scripts
[16.264s] Installing servo script to /home/crofi/ros2_ws/install/servo/lib/servo
[16.266s] writing list of installed files to '/home/crofi/ros2_ws/build/servo/install.log'
[18.057s] Invoked command in '/home/crofi/ros2_ws/src/hardware/servo' returned '0': PYTHONPATH=/home/crofi/ros2_ws/build/servo/prefix_override:/usr/lib/python3/dist-packages/colcon_core/task/python/colcon_distutils_commands:/home/crofi/ros2_ws/install/servo/lib/python3.10/site-packages:${PYTHONPATH} /usr/bin/python3 -W ignore:setup.py install is deprecated -W ignore:easy_install command is deprecated setup.py egg_info --egg-base ../../../build/servo build --build-base /home/crofi/ros2_ws/build/servo/build install --record /home/crofi/ros2_ws/build/servo/install.log --single-version-externally-managed install_data
