running develop
running egg_info
creating ydlidar_client.egg-info
writing ydlidar_client.egg-info/PKG-INFO
writing dependency_links to ydlidar_client.egg-info/dependency_links.txt
writing entry points to ydlidar_client.egg-info/entry_points.txt
writing requirements to ydlidar_client.egg-info/requires.txt
writing top-level names to ydlidar_client.egg-info/top_level.txt
writing manifest file 'ydlidar_client.egg-info/SOURCES.txt'
reading manifest file 'ydlidar_client.egg-info/SOURCES.txt'
writing manifest file 'ydlidar_client.egg-info/SOURCES.txt'
running build_ext
Creating /home/crofi/AutoModelCrofi/ros2_ws/install/ydlidar_client/lib/python3.10/site-packages/ydlidar-client.egg-link (link to .)
Installing colision script to /home/crofi/AutoModelCrofi/ros2_ws/install/ydlidar_client/lib/ydlidar_client
Installing rebase script to /home/crofi/AutoModelCrofi/ros2_ws/install/ydlidar_client/lib/ydlidar_client
Installing ydlidar_client script to /home/crofi/AutoModelCrofi/ros2_ws/install/ydlidar_client/lib/ydlidar_client

Installed /home/crofi/AutoModelCrofi/ros2_ws/build/ydlidar_client
running symlink_data
creating /home/crofi/AutoModelCrofi/ros2_ws/install/ydlidar_client/share/ament_index
creating /home/crofi/AutoModelCrofi/ros2_ws/install/ydlidar_client/share/ament_index/resource_index
creating /home/crofi/AutoModelCrofi/ros2_ws/install/ydlidar_client/share/ament_index/resource_index/packages
symbolically linking /home/crofi/AutoModelCrofi/ros2_ws/build/ydlidar_client/resource/ydlidar_client -> /home/crofi/AutoModelCrofi/ros2_ws/install/ydlidar_client/share/ament_index/resource_index/packages
symbolically linking /home/crofi/AutoModelCrofi/ros2_ws/build/ydlidar_client/package.xml -> /home/crofi/AutoModelCrofi/ros2_ws/install/ydlidar_client/share/ydlidar_client
