[8.559s] Invoking command in '/home/crofi/AutoModel_Rep/ros2_ws/src/vision/lane_detector': PYTHONPATH=/home/crofi/AutoModel_Rep/build/lane_detector/prefix_override:/usr/lib/python3/dist-packages/colcon_core/task/python/colcon_distutils_commands:/home/crofi/AutoModel_Rep/install/lane_detector/lib/python3.10/site-packages:${PYTHONPATH} /usr/bin/python3 -W ignore:setup.py install is deprecated -W ignore:easy_install command is deprecated setup.py egg_info --egg-base ../../../../build/lane_detector build --build-base /home/crofi/AutoModel_Rep/build/lane_detector/build install --record /home/crofi/AutoModel_Rep/build/lane_detector/install.log --single-version-externally-managed install_data
[10.634s] running egg_info
[10.640s] writing ../../../../build/lane_detector/lane_detector.egg-info/PKG-INFO
[10.647s] writing dependency_links to ../../../../build/lane_detector/lane_detector.egg-info/dependency_links.txt
[10.651s] writing entry points to ../../../../build/lane_detector/lane_detector.egg-info/entry_points.txt
[10.654s] writing requirements to ../../../../build/lane_detector/lane_detector.egg-info/requires.txt
[10.657s] writing top-level names to ../../../../build/lane_detector/lane_detector.egg-info/top_level.txt
[10.678s] reading manifest file '../../../../build/lane_detector/lane_detector.egg-info/SOURCES.txt'
[10.687s] writing manifest file '../../../../build/lane_detector/lane_detector.egg-info/SOURCES.txt'
[10.688s] running build
[10.689s] running build_py
[10.690s] copying lane_detector/lane_detector.py -> /home/crofi/AutoModel_Rep/build/lane_detector/build/lib/lane_detector
[10.691s] running install
[10.692s] running install_lib
[10.697s] copying /home/crofi/AutoModel_Rep/build/lane_detector/build/lib/lane_detector/lane_detector.py -> /home/crofi/AutoModel_Rep/install/lane_detector/lib/python3.10/site-packages/lane_detector
[10.723s] byte-compiling /home/crofi/AutoModel_Rep/install/lane_detector/lib/python3.10/site-packages/lane_detector/lane_detector.py to lane_detector.cpython-310.pyc
[10.728s] running install_data
[10.730s] running install_egg_info
[10.742s] removing '/home/crofi/AutoModel_Rep/install/lane_detector/lib/python3.10/site-packages/lane_detector-0.0.0-py3.10.egg-info' (and everything under it)
[10.747s] Copying ../../../../build/lane_detector/lane_detector.egg-info to /home/crofi/AutoModel_Rep/install/lane_detector/lib/python3.10/site-packages/lane_detector-0.0.0-py3.10.egg-info
[10.769s] running install_scripts
[11.058s] Installing lane_detector script to /home/crofi/AutoModel_Rep/install/lane_detector/lib/lane_detector
[11.062s] writing list of installed files to '/home/crofi/AutoModel_Rep/build/lane_detector/install.log'
[12.569s] Invoked command in '/home/crofi/AutoModel_Rep/ros2_ws/src/vision/lane_detector' returned '0': PYTHONPATH=/home/crofi/AutoModel_Rep/build/lane_detector/prefix_override:/usr/lib/python3/dist-packages/colcon_core/task/python/colcon_distutils_commands:/home/crofi/AutoModel_Rep/install/lane_detector/lib/python3.10/site-packages:${PYTHONPATH} /usr/bin/python3 -W ignore:setup.py install is deprecated -W ignore:easy_install command is deprecated setup.py egg_info --egg-base ../../../../build/lane_detector build --build-base /home/crofi/AutoModel_Rep/build/lane_detector/build install --record /home/crofi/AutoModel_Rep/build/lane_detector/install.log --single-version-externally-managed install_data
