[31.135s] Invoking command in '/home/crofi/AutoModel_Rep/ros2_ws/src/vision/red_vision': PYTHONPATH=/home/crofi/AutoModel_Rep/build/red_vision/prefix_override:/usr/lib/python3/dist-packages/colcon_core/task/python/colcon_distutils_commands:/home/crofi/AutoModel_Rep/install/red_vision/lib/python3.10/site-packages:${PYTHONPATH} /usr/bin/python3 -W ignore:setup.py install is deprecated -W ignore:easy_install command is deprecated setup.py egg_info --egg-base ../../../../build/red_vision build --build-base /home/crofi/AutoModel_Rep/build/red_vision/build install --record /home/crofi/AutoModel_Rep/build/red_vision/install.log --single-version-externally-managed install_data
[36.700s] running egg_info
[36.704s] writing ../../../../build/red_vision/red_vision.egg-info/PKG-INFO
[36.706s] writing dependency_links to ../../../../build/red_vision/red_vision.egg-info/dependency_links.txt
[36.724s] writing entry points to ../../../../build/red_vision/red_vision.egg-info/entry_points.txt
[36.744s] writing requirements to ../../../../build/red_vision/red_vision.egg-info/requires.txt
[36.746s] writing top-level names to ../../../../build/red_vision/red_vision.egg-info/top_level.txt
[36.779s] reading manifest file '../../../../build/red_vision/red_vision.egg-info/SOURCES.txt'
[36.799s] writing manifest file '../../../../build/red_vision/red_vision.egg-info/SOURCES.txt'
[36.800s] running build
[36.800s] running build_py
[36.801s] running install
[36.812s] running install_lib
[36.825s] running install_data
[36.839s] running install_egg_info
[36.840s] removing '/home/crofi/AutoModel_Rep/install/red_vision/lib/python3.10/site-packages/red_vision-0.0.0-py3.10.egg-info' (and everything under it)
[36.841s] Copying ../../../../build/red_vision/red_vision.egg-info to /home/crofi/AutoModel_Rep/install/red_vision/lib/python3.10/site-packages/red_vision-0.0.0-py3.10.egg-info
[36.861s] running install_scripts
[37.041s] Installing red_vision script to /home/crofi/AutoModel_Rep/install/red_vision/lib/red_vision
[37.084s] writing list of installed files to '/home/crofi/AutoModel_Rep/build/red_vision/install.log'
[41.449s] Invoked command in '/home/crofi/AutoModel_Rep/ros2_ws/src/vision/red_vision' returned '0': PYTHONPATH=/home/crofi/AutoModel_Rep/build/red_vision/prefix_override:/usr/lib/python3/dist-packages/colcon_core/task/python/colcon_distutils_commands:/home/crofi/AutoModel_Rep/install/red_vision/lib/python3.10/site-packages:${PYTHONPATH} /usr/bin/python3 -W ignore:setup.py install is deprecated -W ignore:easy_install command is deprecated setup.py egg_info --egg-base ../../../../build/red_vision build --build-base /home/crofi/AutoModel_Rep/build/red_vision/build install --record /home/crofi/AutoModel_Rep/build/red_vision/install.log --single-version-externally-managed install_data
