[13.996s] Invoking command in '/home/crofi/ros2_ws/src/vision/lane_detector': PYTHONPATH=/home/crofi/ros2_ws/build/lane_detector/prefix_override:/usr/lib/python3/dist-packages/colcon_core/task/python/colcon_distutils_commands:/home/crofi/ros2_ws/install/lane_detector/lib/python3.10/site-packages:${PYTHONPATH} /usr/bin/python3 -W ignore:setup.py install is deprecated -W ignore:easy_install command is deprecated setup.py egg_info --egg-base ../../../build/lane_detector build --build-base /home/crofi/ros2_ws/build/lane_detector/build install --record /home/crofi/ros2_ws/build/lane_detector/install.log --single-version-externally-managed install_data
[18.513s] running egg_info
[18.516s] writing ../../../build/lane_detector/lane_detector.egg-info/PKG-INFO
[18.518s] writing dependency_links to ../../../build/lane_detector/lane_detector.egg-info/dependency_links.txt
[18.518s] writing entry points to ../../../build/lane_detector/lane_detector.egg-info/entry_points.txt
[18.519s] writing requirements to ../../../build/lane_detector/lane_detector.egg-info/requires.txt
[18.520s] writing top-level names to ../../../build/lane_detector/lane_detector.egg-info/top_level.txt
[18.529s] reading manifest file '../../../build/lane_detector/lane_detector.egg-info/SOURCES.txt'
[18.537s] writing manifest file '../../../build/lane_detector/lane_detector.egg-info/SOURCES.txt'
[18.542s] running build
[18.542s] running build_py
[18.543s] running install
[18.543s] running install_lib
[18.559s] running install_data
[18.560s] running install_egg_info
[18.569s] removing '/home/crofi/ros2_ws/install/lane_detector/lib/python3.10/site-packages/lane_detector-0.0.0-py3.10.egg-info' (and everything under it)
[18.571s] Copying ../../../build/lane_detector/lane_detector.egg-info to /home/crofi/ros2_ws/install/lane_detector/lib/python3.10/site-packages/lane_detector-0.0.0-py3.10.egg-info
[18.584s] running install_scripts
[18.713s] Installing lane_detector script to /home/crofi/ros2_ws/install/lane_detector/lib/lane_detector
[18.715s] writing list of installed files to '/home/crofi/ros2_ws/build/lane_detector/install.log'
[18.921s] Invoked command in '/home/crofi/ros2_ws/src/vision/lane_detector' returned '0': PYTHONPATH=/home/crofi/ros2_ws/build/lane_detector/prefix_override:/usr/lib/python3/dist-packages/colcon_core/task/python/colcon_distutils_commands:/home/crofi/ros2_ws/install/lane_detector/lib/python3.10/site-packages:${PYTHONPATH} /usr/bin/python3 -W ignore:setup.py install is deprecated -W ignore:easy_install command is deprecated setup.py egg_info --egg-base ../../../build/lane_detector build --build-base /home/crofi/ros2_ws/build/lane_detector/build install --record /home/crofi/ros2_ws/build/lane_detector/install.log --single-version-externally-managed install_data
