[16.837s] Invoking command in '/home/crofi/ros2_ws/src/hardware/servo': PYTHONPATH=/home/crofi/ros2_ws/build/servo/prefix_override:/usr/lib/python3/dist-packages/colcon_core/task/python/colcon_distutils_commands:/home/crofi/ros2_ws/install/servo/lib/python3.10/site-packages:${PYTHONPATH} /usr/bin/python3 -W ignore:setup.py install is deprecated -W ignore:easy_install command is deprecated setup.py egg_info --egg-base ../../../build/servo build --build-base /home/crofi/ros2_ws/build/servo/build install --record /home/crofi/ros2_ws/build/servo/install.log --single-version-externally-managed install_data
[21.333s] running egg_info
[21.343s] writing ../../../build/servo/servo.egg-info/PKG-INFO
[21.344s] writing dependency_links to ../../../build/servo/servo.egg-info/dependency_links.txt
[21.346s] writing entry points to ../../../build/servo/servo.egg-info/entry_points.txt
[21.354s] writing requirements to ../../../build/servo/servo.egg-info/requires.txt
[21.355s] writing top-level names to ../../../build/servo/servo.egg-info/top_level.txt
[21.379s] reading manifest file '../../../build/servo/servo.egg-info/SOURCES.txt'
[21.389s] writing manifest file '../../../build/servo/servo.egg-info/SOURCES.txt'
[21.390s] running build
[21.392s] running build_py
[21.393s] running install
[21.403s] running install_lib
[21.439s] running install_data
[21.442s] running install_egg_info
[21.454s] removing '/home/crofi/ros2_ws/install/servo/lib/python3.10/site-packages/servo-0.0.0-py3.10.egg-info' (and everything under it)
[21.460s] Copying ../../../build/servo/servo.egg-info to /home/crofi/ros2_ws/install/servo/lib/python3.10/site-packages/servo-0.0.0-py3.10.egg-info
[21.473s] running install_scripts
[21.706s] Installing servo script to /home/crofi/ros2_ws/install/servo/lib/servo
[21.722s] writing list of installed files to '/home/crofi/ros2_ws/build/servo/install.log'
[23.899s] Invoked command in '/home/crofi/ros2_ws/src/hardware/servo' returned '0': PYTHONPATH=/home/crofi/ros2_ws/build/servo/prefix_override:/usr/lib/python3/dist-packages/colcon_core/task/python/colcon_distutils_commands:/home/crofi/ros2_ws/install/servo/lib/python3.10/site-packages:${PYTHONPATH} /usr/bin/python3 -W ignore:setup.py install is deprecated -W ignore:easy_install command is deprecated setup.py egg_info --egg-base ../../../build/servo build --build-base /home/crofi/ros2_ws/build/servo/build install --record /home/crofi/ros2_ws/build/servo/install.log --single-version-externally-managed install_data
