[22.887s] Invoking command in '/home/crofi/AutoModel_Rep/ros2_ws/src/vision/lane_detector': PYTHONPATH=/home/crofi/AutoModel_Rep/build/lane_detector/prefix_override:/usr/lib/python3/dist-packages/colcon_core/task/python/colcon_distutils_commands:/home/crofi/AutoModel_Rep/install/lane_detector/lib/python3.10/site-packages:${PYTHONPATH} /usr/bin/python3 -W ignore:setup.py install is deprecated -W ignore:easy_install command is deprecated setup.py egg_info --egg-base ../../../../build/lane_detector build --build-base /home/crofi/AutoModel_Rep/build/lane_detector/build install --record /home/crofi/AutoModel_Rep/build/lane_detector/install.log --single-version-externally-managed install_data
[29.474s] running egg_info
[29.489s] writing ../../../../build/lane_detector/lane_detector.egg-info/PKG-INFO
[29.496s] writing dependency_links to ../../../../build/lane_detector/lane_detector.egg-info/dependency_links.txt
[29.501s] writing entry points to ../../../../build/lane_detector/lane_detector.egg-info/entry_points.txt
[29.502s] writing requirements to ../../../../build/lane_detector/lane_detector.egg-info/requires.txt
[29.535s] writing top-level names to ../../../../build/lane_detector/lane_detector.egg-info/top_level.txt
[29.577s] reading manifest file '../../../../build/lane_detector/lane_detector.egg-info/SOURCES.txt'
[29.603s] writing manifest file '../../../../build/lane_detector/lane_detector.egg-info/SOURCES.txt'
[29.607s] running build
[29.608s] running build_py
[29.648s] running install
[29.663s] running install_lib
[29.706s] running install_data
[29.713s] running install_egg_info
[29.759s] removing '/home/crofi/AutoModel_Rep/install/lane_detector/lib/python3.10/site-packages/lane_detector-0.0.0-py3.10.egg-info' (and everything under it)
[29.770s] Copying ../../../../build/lane_detector/lane_detector.egg-info to /home/crofi/AutoModel_Rep/install/lane_detector/lib/python3.10/site-packages/lane_detector-0.0.0-py3.10.egg-info
[29.832s] running install_scripts
[30.174s] Installing lane_detector script to /home/crofi/AutoModel_Rep/install/lane_detector/lib/lane_detector
[30.187s] writing list of installed files to '/home/crofi/AutoModel_Rep/build/lane_detector/install.log'
[32.552s] Invoked command in '/home/crofi/AutoModel_Rep/ros2_ws/src/vision/lane_detector' returned '0': PYTHONPATH=/home/crofi/AutoModel_Rep/build/lane_detector/prefix_override:/usr/lib/python3/dist-packages/colcon_core/task/python/colcon_distutils_commands:/home/crofi/AutoModel_Rep/install/lane_detector/lib/python3.10/site-packages:${PYTHONPATH} /usr/bin/python3 -W ignore:setup.py install is deprecated -W ignore:easy_install command is deprecated setup.py egg_info --egg-base ../../../../build/lane_detector build --build-base /home/crofi/AutoModel_Rep/build/lane_detector/build install --record /home/crofi/AutoModel_Rep/build/lane_detector/install.log --single-version-externally-managed install_data
