[0.004s] Invoking command in '/home/tars/AutoModelCrofi/ros2_ws/build/ydlidar_ros2_driver': CMAKE_PREFIX_PATH=${CMAKE_PREFIX_PATH}:/opt/ros/jazzy /usr/bin/cmake /home/tars/AutoModelCrofi/ros2_ws/src/hardware/ydlidar_ros2_driver -DCMAKE_INSTALL_PREFIX=/home/tars/AutoModelCrofi/ros2_ws/install/ydlidar_ros2_driver
[0.012s] -- Found ament_cmake: 2.5.3 (/opt/ros/jazzy/share/ament_cmake/cmake)
[0.157s] -- Override CMake install command with custom implementation using symlinks instead of copying resources
[0.162s] -- Found rclcpp: 28.1.6 (/opt/ros/jazzy/share/rclcpp/cmake)
[0.180s] -- Found rosidl_generator_c: 4.6.5 (/opt/ros/jazzy/share/rosidl_generator_c/cmake)
[0.186s] -- Found rosidl_generator_cpp: 4.6.5 (/opt/ros/jazzy/share/rosidl_generator_cpp/cmake)
[0.193s] -- Using all available rosidl_typesupport_c: rosidl_typesupport_fastrtps_c;rosidl_typesupport_introspection_c
[0.202s] -- Using all available rosidl_typesupport_cpp: rosidl_typesupport_fastrtps_cpp;rosidl_typesupport_introspection_cpp
[0.244s] -- Found rmw_implementation_cmake: 7.3.1 (/opt/ros/jazzy/share/rmw_implementation_cmake/cmake)
[0.245s] -- Found rmw_fastrtps_cpp: 8.4.1 (/opt/ros/jazzy/share/rmw_fastrtps_cpp/cmake)
[0.289s] -- Using RMW implementation 'rmw_fastrtps_cpp' as default
[0.332s] -- Found sensor_msgs: 5.3.5 (/opt/ros/jazzy/share/sensor_msgs/cmake)
[0.370s] -- Found visualization_msgs: 5.3.5 (/opt/ros/jazzy/share/visualization_msgs/cmake)
[0.390s] -- Found std_srvs: 5.3.5 (/opt/ros/jazzy/share/std_srvs/cmake)
[0.404s] -- Found ament_lint_auto: 0.17.1 (/opt/ros/jazzy/share/ament_lint_auto/cmake)
[0.469s] -- Added test 'copyright' to check source files copyright and LICENSE
[0.471s] -- Added test 'cppcheck' to perform static code analysis on C / C++ code
[0.471s] -- Configured cppcheck include dirs: /home/tars/AutoModelCrofi/ros2_ws/src/hardware/ydlidar_ros2_driver/src
[0.471s] -- Configured cppcheck exclude dirs and/or files: 
[0.473s] -- Added test 'cpplint' to check C / C++ code against the Google style
[0.473s] -- Configured cpplint exclude dirs and/or files: 
[0.473s] -- Added test 'flake8' to check Python code syntax and style conventions
[0.473s] -- Configured 'flake8' exclude dirs and/or files: 
[0.474s] -- Added test 'lint_cmake' to check CMake code style
[0.474s] -- Added test 'pep257' to check Python code against some of the docstring style conventions in PEP 257
[0.476s] -- Added test 'uncrustify' to check C / C++ code style
[0.476s] -- Configured uncrustify additional arguments: 
[0.477s] -- Added test 'xmllint' to check XML markup files
[0.477s] -- Configuring done (0.5s)
[0.488s] -- Generating done (0.0s)
[0.491s] -- Build files have been written to: /home/tars/AutoModelCrofi/ros2_ws/build/ydlidar_ros2_driver
[0.497s] Invoked command in '/home/tars/AutoModelCrofi/ros2_ws/build/ydlidar_ros2_driver' returned '0': CMAKE_PREFIX_PATH=${CMAKE_PREFIX_PATH}:/opt/ros/jazzy /usr/bin/cmake /home/tars/AutoModelCrofi/ros2_ws/src/hardware/ydlidar_ros2_driver -DCMAKE_INSTALL_PREFIX=/home/tars/AutoModelCrofi/ros2_ws/install/ydlidar_ros2_driver
[0.498s] Invoking command in '/home/tars/AutoModelCrofi/ros2_ws/build/ydlidar_ros2_driver': CMAKE_PREFIX_PATH=${CMAKE_PREFIX_PATH}:/opt/ros/jazzy /usr/bin/cmake --build /home/tars/AutoModelCrofi/ros2_ws/build/ydlidar_ros2_driver -- -j8 -l8
[0.535s] [ 50%] Built target ydlidar_ros2_driver_client
[0.535s] [100%] Built target ydlidar_ros2_driver_node
[0.543s] Invoked command in '/home/tars/AutoModelCrofi/ros2_ws/build/ydlidar_ros2_driver' returned '0': CMAKE_PREFIX_PATH=${CMAKE_PREFIX_PATH}:/opt/ros/jazzy /usr/bin/cmake --build /home/tars/AutoModelCrofi/ros2_ws/build/ydlidar_ros2_driver -- -j8 -l8
[0.550s] Invoking command in '/home/tars/AutoModelCrofi/ros2_ws/build/ydlidar_ros2_driver': CMAKE_PREFIX_PATH=${CMAKE_PREFIX_PATH}:/opt/ros/jazzy /usr/bin/cmake --install /home/tars/AutoModelCrofi/ros2_ws/build/ydlidar_ros2_driver
[0.555s] -- Install configuration: ""
[0.555s] -- Execute custom install script
[0.555s] -- Up-to-date symlink: /home/tars/AutoModelCrofi/ros2_ws/install/ydlidar_ros2_driver/lib/ydlidar_ros2_driver/ydlidar_ros2_driver_node
[0.556s] -- Up-to-date symlink: /home/tars/AutoModelCrofi/ros2_ws/install/ydlidar_ros2_driver/lib/ydlidar_ros2_driver/ydlidar_ros2_driver_client
[0.556s] -- Up-to-date symlink: /home/tars/AutoModelCrofi/ros2_ws/install/ydlidar_ros2_driver/share/ydlidar_ros2_driver/launch/ydlidar.py
[0.556s] -- Up-to-date symlink: /home/tars/AutoModelCrofi/ros2_ws/install/ydlidar_ros2_driver/share/ydlidar_ros2_driver/launch/ydlidar_launch.py
[0.556s] -- Up-to-date symlink: /home/tars/AutoModelCrofi/ros2_ws/install/ydlidar_ros2_driver/share/ydlidar_ros2_driver/launch/ydlidar_launch_view.py
[0.556s] -- Up-to-date symlink: /home/tars/AutoModelCrofi/ros2_ws/install/ydlidar_ros2_driver/share/ydlidar_ros2_driver/params/G1.yaml
[0.556s] -- Up-to-date symlink: /home/tars/AutoModelCrofi/ros2_ws/install/ydlidar_ros2_driver/share/ydlidar_ros2_driver/params/G2.yaml
[0.556s] -- Up-to-date symlink: /home/tars/AutoModelCrofi/ros2_ws/install/ydlidar_ros2_driver/share/ydlidar_ros2_driver/params/G6.yaml
[0.556s] -- Up-to-date symlink: /home/tars/AutoModelCrofi/ros2_ws/install/ydlidar_ros2_driver/share/ydlidar_ros2_driver/params/GS2.yaml
[0.557s] -- Up-to-date symlink: /home/tars/AutoModelCrofi/ros2_ws/install/ydlidar_ros2_driver/share/ydlidar_ros2_driver/params/TEA.yaml
[0.557s] -- Up-to-date symlink: /home/tars/AutoModelCrofi/ros2_ws/install/ydlidar_ros2_driver/share/ydlidar_ros2_driver/params/TG.yaml
[0.557s] -- Up-to-date symlink: /home/tars/AutoModelCrofi/ros2_ws/install/ydlidar_ros2_driver/share/ydlidar_ros2_driver/params/TminiPro.yaml
[0.557s] -- Up-to-date symlink: /home/tars/AutoModelCrofi/ros2_ws/install/ydlidar_ros2_driver/share/ydlidar_ros2_driver/params/X2.yaml
[0.557s] -- Up-to-date symlink: /home/tars/AutoModelCrofi/ros2_ws/install/ydlidar_ros2_driver/share/ydlidar_ros2_driver/params/X4-Pro.yaml
[0.557s] -- Up-to-date symlink: /home/tars/AutoModelCrofi/ros2_ws/install/ydlidar_ros2_driver/share/ydlidar_ros2_driver/params/X4.yaml
[0.557s] -- Up-to-date symlink: /home/tars/AutoModelCrofi/ros2_ws/install/ydlidar_ros2_driver/share/ydlidar_ros2_driver/params/ydlidar.yaml
[0.557s] -- Up-to-date symlink: /home/tars/AutoModelCrofi/ros2_ws/install/ydlidar_ros2_driver/share/ydlidar_ros2_driver/startup/initenv.sh
[0.557s] -- Up-to-date symlink: /home/tars/AutoModelCrofi/ros2_ws/install/ydlidar_ros2_driver/share/ydlidar_ros2_driver/config/ydlidar.rviz
[0.557s] -- Up-to-date symlink: /home/tars/AutoModelCrofi/ros2_ws/install/ydlidar_ros2_driver/share/ament_index/resource_index/package_run_dependencies/ydlidar_ros2_driver
[0.558s] -- Up-to-date symlink: /home/tars/AutoModelCrofi/ros2_ws/install/ydlidar_ros2_driver/share/ament_index/resource_index/parent_prefix_path/ydlidar_ros2_driver
[0.558s] -- Up-to-date symlink: /home/tars/AutoModelCrofi/ros2_ws/install/ydlidar_ros2_driver/share/ydlidar_ros2_driver/environment/ament_prefix_path.sh
[0.558s] -- Up-to-date symlink: /home/tars/AutoModelCrofi/ros2_ws/install/ydlidar_ros2_driver/share/ydlidar_ros2_driver/environment/ament_prefix_path.dsv
[0.558s] -- Up-to-date symlink: /home/tars/AutoModelCrofi/ros2_ws/install/ydlidar_ros2_driver/share/ydlidar_ros2_driver/environment/path.sh
[0.558s] -- Up-to-date symlink: /home/tars/AutoModelCrofi/ros2_ws/install/ydlidar_ros2_driver/share/ydlidar_ros2_driver/environment/path.dsv
[0.558s] -- Up-to-date symlink: /home/tars/AutoModelCrofi/ros2_ws/install/ydlidar_ros2_driver/share/ydlidar_ros2_driver/local_setup.bash
[0.558s] -- Up-to-date symlink: /home/tars/AutoModelCrofi/ros2_ws/install/ydlidar_ros2_driver/share/ydlidar_ros2_driver/local_setup.sh
[0.558s] -- Up-to-date symlink: /home/tars/AutoModelCrofi/ros2_ws/install/ydlidar_ros2_driver/share/ydlidar_ros2_driver/local_setup.zsh
[0.558s] -- Up-to-date symlink: /home/tars/AutoModelCrofi/ros2_ws/install/ydlidar_ros2_driver/share/ydlidar_ros2_driver/local_setup.dsv
[0.558s] -- Symlinking: /home/tars/AutoModelCrofi/ros2_ws/install/ydlidar_ros2_driver/share/ydlidar_ros2_driver/package.dsv
[0.564s] -- Up-to-date symlink: /home/tars/AutoModelCrofi/ros2_ws/install/ydlidar_ros2_driver/share/ament_index/resource_index/packages/ydlidar_ros2_driver
[0.564s] -- Up-to-date symlink: /home/tars/AutoModelCrofi/ros2_ws/install/ydlidar_ros2_driver/share/ydlidar_ros2_driver/cmake/ydlidar_ros2_driverConfig.cmake
[0.564s] -- Up-to-date symlink: /home/tars/AutoModelCrofi/ros2_ws/install/ydlidar_ros2_driver/share/ydlidar_ros2_driver/cmake/ydlidar_ros2_driverConfig-version.cmake
[0.564s] -- Up-to-date symlink: /home/tars/AutoModelCrofi/ros2_ws/install/ydlidar_ros2_driver/share/ydlidar_ros2_driver/package.xml
[0.565s] Invoked command in '/home/tars/AutoModelCrofi/ros2_ws/build/ydlidar_ros2_driver' returned '0': CMAKE_PREFIX_PATH=${CMAKE_PREFIX_PATH}:/opt/ros/jazzy /usr/bin/cmake --install /home/tars/AutoModelCrofi/ros2_ws/build/ydlidar_ros2_driver
