[0.510s] DEBUG:colcon:Command line arguments: ['/usr/bin/colcon', 'build']
[0.511s] DEBUG:colcon:Parsed command line arguments: Namespace(log_base=None, log_level=None, verb_name='build', build_base='build', install_base='install', merge_install=False, symlink_install=False, test_result_base=None, continue_on_error=False, executor='parallel', parallel_workers=4, event_handlers=None, ignore_user_meta=False, metas=['./colcon.meta'], base_paths=['.'], packages_ignore=None, packages_ignore_regex=None, paths=None, packages_up_to=None, packages_up_to_regex=None, packages_above=None, packages_above_and_dependencies=None, packages_above_depth=None, packages_select_by_dep=None, packages_skip_by_dep=None, packages_skip_up_to=None, packages_select_build_failed=False, packages_skip_build_finished=False, packages_select_test_failures=False, packages_skip_test_passed=False, packages_select=None, packages_skip=None, packages_select_regex=None, packages_skip_regex=None, packages_start=None, packages_end=None, allow_overriding=[], cmake_args=None, cmake_target=None, cmake_target_skip_unavailable=False, cmake_clean_cache=False, cmake_clean_first=False, cmake_force_configure=False, ament_cmake_args=None, catkin_cmake_args=None, catkin_skip_building_tests=False, mixin_files=None, mixin=None, verb_parser=<colcon_mixin.mixin.mixin_argument.MixinArgumentDecorator object at 0xffff891c2d70>, verb_extension=<colcon_core.verb.build.BuildVerb object at 0xffff89357d00>, main=<bound method BuildVerb.main of <colcon_core.verb.build.BuildVerb object at 0xffff89357d00>>, mixin_verb=('build',))
[1.362s] Level 1:colcon.colcon_core.package_discovery:discover_packages(colcon_meta) check parameters
[1.363s] Level 1:colcon.colcon_core.package_discovery:discover_packages(recursive) check parameters
[1.368s] Level 1:colcon.colcon_core.package_discovery:discover_packages(ignore) check parameters
[1.368s] Level 1:colcon.colcon_core.package_discovery:discover_packages(path) check parameters
[1.368s] Level 1:colcon.colcon_core.package_discovery:discover_packages(colcon_meta) discover
[1.369s] Level 1:colcon.colcon_core.package_discovery:discover_packages(recursive) discover
[1.369s] INFO:colcon.colcon_core.package_discovery:Crawling recursively for packages in '/home/crofi/ros2_ws'
[1.369s] Level 1:colcon.colcon_core.package_identification:_identify(.) by extensions ['ignore', 'ignore_ament_install']
[1.370s] Level 1:colcon.colcon_core.package_identification:_identify(.) by extension 'ignore'
[1.370s] Level 1:colcon.colcon_core.package_identification:_identify(.) by extension 'ignore_ament_install'
[1.370s] Level 1:colcon.colcon_core.package_identification:_identify(.) by extensions ['colcon_pkg']
[1.371s] Level 1:colcon.colcon_core.package_identification:_identify(.) by extension 'colcon_pkg'
[1.371s] Level 1:colcon.colcon_core.package_identification:_identify(.) by extensions ['colcon_meta']
[1.371s] Level 1:colcon.colcon_core.package_identification:_identify(.) by extension 'colcon_meta'
[1.371s] Level 1:colcon.colcon_core.package_identification:_identify(.) by extensions ['ros']
[1.371s] Level 1:colcon.colcon_core.package_identification:_identify(.) by extension 'ros'
[1.420s] Level 1:colcon.colcon_core.package_identification:_identify(.) by extensions ['cmake', 'python']
[1.420s] Level 1:colcon.colcon_core.package_identification:_identify(.) by extension 'cmake'
[1.421s] Level 1:colcon.colcon_core.package_identification:_identify(.) by extension 'python'
[1.421s] Level 1:colcon.colcon_core.package_identification:_identify(.) by extensions ['python_setup_py']
[1.421s] Level 1:colcon.colcon_core.package_identification:_identify(.) by extension 'python_setup_py'
[1.421s] Level 1:colcon.colcon_core.package_identification:_identify(build) by extensions ['ignore', 'ignore_ament_install']
[1.422s] Level 1:colcon.colcon_core.package_identification:_identify(build) by extension 'ignore'
[1.422s] Level 1:colcon.colcon_core.package_identification:_identify(build) ignored
[1.423s] Level 1:colcon.colcon_core.package_identification:_identify(install) by extensions ['ignore', 'ignore_ament_install']
[1.423s] Level 1:colcon.colcon_core.package_identification:_identify(install) by extension 'ignore'
[1.423s] Level 1:colcon.colcon_core.package_identification:_identify(install) ignored
[1.426s] Level 1:colcon.colcon_core.package_identification:_identify(log) by extensions ['ignore', 'ignore_ament_install']
[1.426s] Level 1:colcon.colcon_core.package_identification:_identify(log) by extension 'ignore'
[1.426s] Level 1:colcon.colcon_core.package_identification:_identify(log) ignored
[1.427s] Level 1:colcon.colcon_core.package_identification:_identify(src) by extensions ['ignore', 'ignore_ament_install']
[1.427s] Level 1:colcon.colcon_core.package_identification:_identify(src) by extension 'ignore'
[1.427s] Level 1:colcon.colcon_core.package_identification:_identify(src) by extension 'ignore_ament_install'
[1.428s] Level 1:colcon.colcon_core.package_identification:_identify(src) by extensions ['colcon_pkg']
[1.428s] Level 1:colcon.colcon_core.package_identification:_identify(src) by extension 'colcon_pkg'
[1.428s] Level 1:colcon.colcon_core.package_identification:_identify(src) by extensions ['colcon_meta']
[1.428s] Level 1:colcon.colcon_core.package_identification:_identify(src) by extension 'colcon_meta'
[1.428s] Level 1:colcon.colcon_core.package_identification:_identify(src) by extensions ['ros']
[1.428s] Level 1:colcon.colcon_core.package_identification:_identify(src) by extension 'ros'
[1.429s] Level 1:colcon.colcon_core.package_identification:_identify(src) by extensions ['cmake', 'python']
[1.429s] Level 1:colcon.colcon_core.package_identification:_identify(src) by extension 'cmake'
[1.429s] Level 1:colcon.colcon_core.package_identification:_identify(src) by extension 'python'
[1.429s] Level 1:colcon.colcon_core.package_identification:_identify(src) by extensions ['python_setup_py']
[1.429s] Level 1:colcon.colcon_core.package_identification:_identify(src) by extension 'python_setup_py'
[1.430s] Level 1:colcon.colcon_core.package_identification:_identify(src/build) by extensions ['ignore', 'ignore_ament_install']
[1.430s] Level 1:colcon.colcon_core.package_identification:_identify(src/build) by extension 'ignore'
[1.430s] Level 1:colcon.colcon_core.package_identification:_identify(src/build) ignored
[1.431s] Level 1:colcon.colcon_core.package_identification:_identify(src/hardware) by extensions ['ignore', 'ignore_ament_install']
[1.431s] Level 1:colcon.colcon_core.package_identification:_identify(src/hardware) by extension 'ignore'
[1.431s] Level 1:colcon.colcon_core.package_identification:_identify(src/hardware) by extension 'ignore_ament_install'
[1.431s] Level 1:colcon.colcon_core.package_identification:_identify(src/hardware) by extensions ['colcon_pkg']
[1.431s] Level 1:colcon.colcon_core.package_identification:_identify(src/hardware) by extension 'colcon_pkg'
[1.432s] Level 1:colcon.colcon_core.package_identification:_identify(src/hardware) by extensions ['colcon_meta']
[1.432s] Level 1:colcon.colcon_core.package_identification:_identify(src/hardware) by extension 'colcon_meta'
[1.432s] Level 1:colcon.colcon_core.package_identification:_identify(src/hardware) by extensions ['ros']
[1.432s] Level 1:colcon.colcon_core.package_identification:_identify(src/hardware) by extension 'ros'
[1.432s] Level 1:colcon.colcon_core.package_identification:_identify(src/hardware) by extensions ['cmake', 'python']
[1.432s] Level 1:colcon.colcon_core.package_identification:_identify(src/hardware) by extension 'cmake'
[1.433s] Level 1:colcon.colcon_core.package_identification:_identify(src/hardware) by extension 'python'
[1.433s] Level 1:colcon.colcon_core.package_identification:_identify(src/hardware) by extensions ['python_setup_py']
[1.433s] Level 1:colcon.colcon_core.package_identification:_identify(src/hardware) by extension 'python_setup_py'
[1.433s] Level 1:colcon.colcon_core.package_identification:_identify(src/hardware/servo) by extensions ['ignore', 'ignore_ament_install']
[1.434s] Level 1:colcon.colcon_core.package_identification:_identify(src/hardware/servo) by extension 'ignore'
[1.434s] Level 1:colcon.colcon_core.package_identification:_identify(src/hardware/servo) by extension 'ignore_ament_install'
[1.434s] Level 1:colcon.colcon_core.package_identification:_identify(src/hardware/servo) by extensions ['colcon_pkg']
[1.434s] Level 1:colcon.colcon_core.package_identification:_identify(src/hardware/servo) by extension 'colcon_pkg'
[1.434s] Level 1:colcon.colcon_core.package_identification:_identify(src/hardware/servo) by extensions ['colcon_meta']
[1.435s] Level 1:colcon.colcon_core.package_identification:_identify(src/hardware/servo) by extension 'colcon_meta'
[1.435s] Level 1:colcon.colcon_core.package_identification:_identify(src/hardware/servo) by extensions ['ros']
[1.435s] Level 1:colcon.colcon_core.package_identification:_identify(src/hardware/servo) by extension 'ros'
[1.444s] DEBUG:colcon.colcon_core.package_identification:Package 'src/hardware/servo' with type 'ros.ament_python' and name 'servo'
[1.445s] Level 1:colcon.colcon_core.package_identification:_identify(src/hardware/webcam) by extensions ['ignore', 'ignore_ament_install']
[1.445s] Level 1:colcon.colcon_core.package_identification:_identify(src/hardware/webcam) by extension 'ignore'
[1.445s] Level 1:colcon.colcon_core.package_identification:_identify(src/hardware/webcam) by extension 'ignore_ament_install'
[1.445s] Level 1:colcon.colcon_core.package_identification:_identify(src/hardware/webcam) by extensions ['colcon_pkg']
[1.446s] Level 1:colcon.colcon_core.package_identification:_identify(src/hardware/webcam) by extension 'colcon_pkg'
[1.446s] Level 1:colcon.colcon_core.package_identification:_identify(src/hardware/webcam) by extensions ['colcon_meta']
[1.446s] Level 1:colcon.colcon_core.package_identification:_identify(src/hardware/webcam) by extension 'colcon_meta'
[1.446s] Level 1:colcon.colcon_core.package_identification:_identify(src/hardware/webcam) by extensions ['ros']
[1.446s] Level 1:colcon.colcon_core.package_identification:_identify(src/hardware/webcam) by extension 'ros'
[1.448s] DEBUG:colcon.colcon_core.package_identification:Package 'src/hardware/webcam' with type 'ros.ament_python' and name 'webcam'
[1.449s] Level 1:colcon.colcon_core.package_identification:_identify(src/hardware/webcam_recorted) by extensions ['ignore', 'ignore_ament_install']
[1.449s] Level 1:colcon.colcon_core.package_identification:_identify(src/hardware/webcam_recorted) by extension 'ignore'
[1.450s] Level 1:colcon.colcon_core.package_identification:_identify(src/hardware/webcam_recorted) by extension 'ignore_ament_install'
[1.450s] Level 1:colcon.colcon_core.package_identification:_identify(src/hardware/webcam_recorted) by extensions ['colcon_pkg']
[1.450s] Level 1:colcon.colcon_core.package_identification:_identify(src/hardware/webcam_recorted) by extension 'colcon_pkg'
[1.450s] Level 1:colcon.colcon_core.package_identification:_identify(src/hardware/webcam_recorted) by extensions ['colcon_meta']
[1.450s] Level 1:colcon.colcon_core.package_identification:_identify(src/hardware/webcam_recorted) by extension 'colcon_meta'
[1.451s] Level 1:colcon.colcon_core.package_identification:_identify(src/hardware/webcam_recorted) by extensions ['ros']
[1.451s] Level 1:colcon.colcon_core.package_identification:_identify(src/hardware/webcam_recorted) by extension 'ros'
[1.453s] DEBUG:colcon.colcon_core.package_identification:Package 'src/hardware/webcam_recorted' with type 'ros.ament_python' and name 'webcam_recorted'
[1.454s] Level 1:colcon.colcon_core.package_identification:_identify(src/install) by extensions ['ignore', 'ignore_ament_install']
[1.454s] Level 1:colcon.colcon_core.package_identification:_identify(src/install) by extension 'ignore'
[1.454s] Level 1:colcon.colcon_core.package_identification:_identify(src/install) ignored
[1.455s] Level 1:colcon.colcon_core.package_identification:_identify(src/log) by extensions ['ignore', 'ignore_ament_install']
[1.455s] Level 1:colcon.colcon_core.package_identification:_identify(src/log) by extension 'ignore'
[1.455s] Level 1:colcon.colcon_core.package_identification:_identify(src/log) ignored
[1.456s] Level 1:colcon.colcon_core.package_identification:_identify(src/vision) by extensions ['ignore', 'ignore_ament_install']
[1.456s] Level 1:colcon.colcon_core.package_identification:_identify(src/vision) by extension 'ignore'
[1.456s] Level 1:colcon.colcon_core.package_identification:_identify(src/vision) by extension 'ignore_ament_install'
[1.456s] Level 1:colcon.colcon_core.package_identification:_identify(src/vision) by extensions ['colcon_pkg']
[1.456s] Level 1:colcon.colcon_core.package_identification:_identify(src/vision) by extension 'colcon_pkg'
[1.457s] Level 1:colcon.colcon_core.package_identification:_identify(src/vision) by extensions ['colcon_meta']
[1.457s] Level 1:colcon.colcon_core.package_identification:_identify(src/vision) by extension 'colcon_meta'
[1.457s] Level 1:colcon.colcon_core.package_identification:_identify(src/vision) by extensions ['ros']
[1.457s] Level 1:colcon.colcon_core.package_identification:_identify(src/vision) by extension 'ros'
[1.457s] Level 1:colcon.colcon_core.package_identification:_identify(src/vision) by extensions ['cmake', 'python']
[1.457s] Level 1:colcon.colcon_core.package_identification:_identify(src/vision) by extension 'cmake'
[1.458s] Level 1:colcon.colcon_core.package_identification:_identify(src/vision) by extension 'python'
[1.458s] Level 1:colcon.colcon_core.package_identification:_identify(src/vision) by extensions ['python_setup_py']
[1.458s] Level 1:colcon.colcon_core.package_identification:_identify(src/vision) by extension 'python_setup_py'
[1.458s] Level 1:colcon.colcon_core.package_identification:_identify(src/vision/lane_angle) by extensions ['ignore', 'ignore_ament_install']
[1.459s] Level 1:colcon.colcon_core.package_identification:_identify(src/vision/lane_angle) by extension 'ignore'
[1.459s] Level 1:colcon.colcon_core.package_identification:_identify(src/vision/lane_angle) by extension 'ignore_ament_install'
[1.459s] Level 1:colcon.colcon_core.package_identification:_identify(src/vision/lane_angle) by extensions ['colcon_pkg']
[1.459s] Level 1:colcon.colcon_core.package_identification:_identify(src/vision/lane_angle) by extension 'colcon_pkg'
[1.459s] Level 1:colcon.colcon_core.package_identification:_identify(src/vision/lane_angle) by extensions ['colcon_meta']
[1.460s] Level 1:colcon.colcon_core.package_identification:_identify(src/vision/lane_angle) by extension 'colcon_meta'
[1.460s] Level 1:colcon.colcon_core.package_identification:_identify(src/vision/lane_angle) by extensions ['ros']
[1.460s] Level 1:colcon.colcon_core.package_identification:_identify(src/vision/lane_angle) by extension 'ros'
[1.462s] DEBUG:colcon.colcon_core.package_identification:Package 'src/vision/lane_angle' with type 'ros.ament_python' and name 'lane_angle'
[1.463s] Level 1:colcon.colcon_core.package_identification:_identify(src/vision/lane_detector) by extensions ['ignore', 'ignore_ament_install']
[1.463s] Level 1:colcon.colcon_core.package_identification:_identify(src/vision/lane_detector) by extension 'ignore'
[1.463s] Level 1:colcon.colcon_core.package_identification:_identify(src/vision/lane_detector) by extension 'ignore_ament_install'
[1.463s] Level 1:colcon.colcon_core.package_identification:_identify(src/vision/lane_detector) by extensions ['colcon_pkg']
[1.464s] Level 1:colcon.colcon_core.package_identification:_identify(src/vision/lane_detector) by extension 'colcon_pkg'
[1.464s] Level 1:colcon.colcon_core.package_identification:_identify(src/vision/lane_detector) by extensions ['colcon_meta']
[1.464s] Level 1:colcon.colcon_core.package_identification:_identify(src/vision/lane_detector) by extension 'colcon_meta'
[1.464s] Level 1:colcon.colcon_core.package_identification:_identify(src/vision/lane_detector) by extensions ['ros']
[1.464s] Level 1:colcon.colcon_core.package_identification:_identify(src/vision/lane_detector) by extension 'ros'
[1.466s] DEBUG:colcon.colcon_core.package_identification:Package 'src/vision/lane_detector' with type 'ros.ament_python' and name 'lane_detector'
[1.467s] Level 1:colcon.colcon_core.package_identification:_identify(src/vision/senal_detector) by extensions ['ignore', 'ignore_ament_install']
[1.467s] Level 1:colcon.colcon_core.package_identification:_identify(src/vision/senal_detector) by extension 'ignore'
[1.468s] Level 1:colcon.colcon_core.package_identification:_identify(src/vision/senal_detector) by extension 'ignore_ament_install'
[1.468s] Level 1:colcon.colcon_core.package_identification:_identify(src/vision/senal_detector) by extensions ['colcon_pkg']
[1.468s] Level 1:colcon.colcon_core.package_identification:_identify(src/vision/senal_detector) by extension 'colcon_pkg'
[1.468s] Level 1:colcon.colcon_core.package_identification:_identify(src/vision/senal_detector) by extensions ['colcon_meta']
[1.468s] Level 1:colcon.colcon_core.package_identification:_identify(src/vision/senal_detector) by extension 'colcon_meta'
[1.469s] Level 1:colcon.colcon_core.package_identification:_identify(src/vision/senal_detector) by extensions ['ros']
[1.469s] Level 1:colcon.colcon_core.package_identification:_identify(src/vision/senal_detector) by extension 'ros'
[1.471s] DEBUG:colcon.colcon_core.package_identification:Package 'src/vision/senal_detector' with type 'ros.ament_python' and name 'senal_detector'
[1.471s] Level 1:colcon.colcon_core.package_discovery:discover_packages(recursive) using defaults
[1.471s] Level 1:colcon.colcon_core.package_discovery:discover_packages(ignore) discover
[1.472s] Level 1:colcon.colcon_core.package_discovery:discover_packages(ignore) using defaults
[1.472s] Level 1:colcon.colcon_core.package_discovery:discover_packages(path) discover
[1.472s] Level 1:colcon.colcon_core.package_discovery:discover_packages(path) using defaults
[1.605s] Level 1:colcon.colcon_core.package_discovery:discover_packages(prefix_path) check parameters
[1.605s] Level 1:colcon.colcon_core.package_discovery:discover_packages(prefix_path) discover
[1.615s] DEBUG:colcon.colcon_installed_package_information.package_discovery:Found 8 installed packages in /home/crofi/ros2_ws/install
[1.618s] DEBUG:colcon.colcon_installed_package_information.package_discovery:Found 0 installed packages in /home/crofi/opencv_project/install
[1.627s] DEBUG:colcon.colcon_installed_package_information.package_discovery:Found 295 installed packages in /opt/ros/humble
[1.634s] Level 1:colcon.colcon_core.package_discovery:discover_packages(prefix_path) using defaults
[1.818s] Level 5:colcon.colcon_core.verb:set package 'lane_angle' build argument 'cmake_args' from command line to 'None'
[1.819s] Level 5:colcon.colcon_core.verb:set package 'lane_angle' build argument 'cmake_target' from command line to 'None'
[1.819s] Level 5:colcon.colcon_core.verb:set package 'lane_angle' build argument 'cmake_target_skip_unavailable' from command line to 'False'
[1.819s] Level 5:colcon.colcon_core.verb:set package 'lane_angle' build argument 'cmake_clean_cache' from command line to 'False'
[1.819s] Level 5:colcon.colcon_core.verb:set package 'lane_angle' build argument 'cmake_clean_first' from command line to 'False'
[1.819s] Level 5:colcon.colcon_core.verb:set package 'lane_angle' build argument 'cmake_force_configure' from command line to 'False'
[1.819s] Level 5:colcon.colcon_core.verb:set package 'lane_angle' build argument 'ament_cmake_args' from command line to 'None'
[1.819s] Level 5:colcon.colcon_core.verb:set package 'lane_angle' build argument 'catkin_cmake_args' from command line to 'None'
[1.819s] Level 5:colcon.colcon_core.verb:set package 'lane_angle' build argument 'catkin_skip_building_tests' from command line to 'False'
[1.820s] DEBUG:colcon.colcon_core.verb:Building package 'lane_angle' with the following arguments: {'ament_cmake_args': None, 'build_base': '/home/crofi/ros2_ws/build/lane_angle', 'catkin_cmake_args': None, 'catkin_skip_building_tests': False, 'cmake_args': None, 'cmake_clean_cache': False, 'cmake_clean_first': False, 'cmake_force_configure': False, 'cmake_target': None, 'cmake_target_skip_unavailable': False, 'install_base': '/home/crofi/ros2_ws/install/lane_angle', 'merge_install': False, 'path': '/home/crofi/ros2_ws/src/vision/lane_angle', 'symlink_install': False, 'test_result_base': None}
[1.821s] Level 5:colcon.colcon_core.verb:set package 'lane_detector' build argument 'cmake_args' from command line to 'None'
[1.821s] Level 5:colcon.colcon_core.verb:set package 'lane_detector' build argument 'cmake_target' from command line to 'None'
[1.821s] Level 5:colcon.colcon_core.verb:set package 'lane_detector' build argument 'cmake_target_skip_unavailable' from command line to 'False'
[1.821s] Level 5:colcon.colcon_core.verb:set package 'lane_detector' build argument 'cmake_clean_cache' from command line to 'False'
[1.822s] Level 5:colcon.colcon_core.verb:set package 'lane_detector' build argument 'cmake_clean_first' from command line to 'False'
[1.822s] Level 5:colcon.colcon_core.verb:set package 'lane_detector' build argument 'cmake_force_configure' from command line to 'False'
[1.822s] Level 5:colcon.colcon_core.verb:set package 'lane_detector' build argument 'ament_cmake_args' from command line to 'None'
[1.822s] Level 5:colcon.colcon_core.verb:set package 'lane_detector' build argument 'catkin_cmake_args' from command line to 'None'
[1.822s] Level 5:colcon.colcon_core.verb:set package 'lane_detector' build argument 'catkin_skip_building_tests' from command line to 'False'
[1.822s] DEBUG:colcon.colcon_core.verb:Building package 'lane_detector' with the following arguments: {'ament_cmake_args': None, 'build_base': '/home/crofi/ros2_ws/build/lane_detector', 'catkin_cmake_args': None, 'catkin_skip_building_tests': False, 'cmake_args': None, 'cmake_clean_cache': False, 'cmake_clean_first': False, 'cmake_force_configure': False, 'cmake_target': None, 'cmake_target_skip_unavailable': False, 'install_base': '/home/crofi/ros2_ws/install/lane_detector', 'merge_install': False, 'path': '/home/crofi/ros2_ws/src/vision/lane_detector', 'symlink_install': False, 'test_result_base': None}
[1.824s] Level 5:colcon.colcon_core.verb:set package 'senal_detector' build argument 'cmake_args' from command line to 'None'
[1.824s] Level 5:colcon.colcon_core.verb:set package 'senal_detector' build argument 'cmake_target' from command line to 'None'
[1.824s] Level 5:colcon.colcon_core.verb:set package 'senal_detector' build argument 'cmake_target_skip_unavailable' from command line to 'False'
[1.824s] Level 5:colcon.colcon_core.verb:set package 'senal_detector' build argument 'cmake_clean_cache' from command line to 'False'
[1.824s] Level 5:colcon.colcon_core.verb:set package 'senal_detector' build argument 'cmake_clean_first' from command line to 'False'
[1.824s] Level 5:colcon.colcon_core.verb:set package 'senal_detector' build argument 'cmake_force_configure' from command line to 'False'
[1.824s] Level 5:colcon.colcon_core.verb:set package 'senal_detector' build argument 'ament_cmake_args' from command line to 'None'
[1.824s] Level 5:colcon.colcon_core.verb:set package 'senal_detector' build argument 'catkin_cmake_args' from command line to 'None'
[1.824s] Level 5:colcon.colcon_core.verb:set package 'senal_detector' build argument 'catkin_skip_building_tests' from command line to 'False'
[1.825s] DEBUG:colcon.colcon_core.verb:Building package 'senal_detector' with the following arguments: {'ament_cmake_args': None, 'build_base': '/home/crofi/ros2_ws/build/senal_detector', 'catkin_cmake_args': None, 'catkin_skip_building_tests': False, 'cmake_args': None, 'cmake_clean_cache': False, 'cmake_clean_first': False, 'cmake_force_configure': False, 'cmake_target': None, 'cmake_target_skip_unavailable': False, 'install_base': '/home/crofi/ros2_ws/install/senal_detector', 'merge_install': False, 'path': '/home/crofi/ros2_ws/src/vision/senal_detector', 'symlink_install': False, 'test_result_base': None}
[1.826s] Level 5:colcon.colcon_core.verb:set package 'servo' build argument 'cmake_args' from command line to 'None'
[1.826s] Level 5:colcon.colcon_core.verb:set package 'servo' build argument 'cmake_target' from command line to 'None'
[1.826s] Level 5:colcon.colcon_core.verb:set package 'servo' build argument 'cmake_target_skip_unavailable' from command line to 'False'
[1.826s] Level 5:colcon.colcon_core.verb:set package 'servo' build argument 'cmake_clean_cache' from command line to 'False'
[1.827s] Level 5:colcon.colcon_core.verb:set package 'servo' build argument 'cmake_clean_first' from command line to 'False'
[1.827s] Level 5:colcon.colcon_core.verb:set package 'servo' build argument 'cmake_force_configure' from command line to 'False'
[1.827s] Level 5:colcon.colcon_core.verb:set package 'servo' build argument 'ament_cmake_args' from command line to 'None'
[1.827s] Level 5:colcon.colcon_core.verb:set package 'servo' build argument 'catkin_cmake_args' from command line to 'None'
[1.827s] Level 5:colcon.colcon_core.verb:set package 'servo' build argument 'catkin_skip_building_tests' from command line to 'False'
[1.827s] DEBUG:colcon.colcon_core.verb:Building package 'servo' with the following arguments: {'ament_cmake_args': None, 'build_base': '/home/crofi/ros2_ws/build/servo', 'catkin_cmake_args': None, 'catkin_skip_building_tests': False, 'cmake_args': None, 'cmake_clean_cache': False, 'cmake_clean_first': False, 'cmake_force_configure': False, 'cmake_target': None, 'cmake_target_skip_unavailable': False, 'install_base': '/home/crofi/ros2_ws/install/servo', 'merge_install': False, 'path': '/home/crofi/ros2_ws/src/hardware/servo', 'symlink_install': False, 'test_result_base': None}
[1.828s] Level 5:colcon.colcon_core.verb:set package 'webcam' build argument 'cmake_args' from command line to 'None'
[1.829s] Level 5:colcon.colcon_core.verb:set package 'webcam' build argument 'cmake_target' from command line to 'None'
[1.829s] Level 5:colcon.colcon_core.verb:set package 'webcam' build argument 'cmake_target_skip_unavailable' from command line to 'False'
[1.829s] Level 5:colcon.colcon_core.verb:set package 'webcam' build argument 'cmake_clean_cache' from command line to 'False'
[1.829s] Level 5:colcon.colcon_core.verb:set package 'webcam' build argument 'cmake_clean_first' from command line to 'False'
[1.829s] Level 5:colcon.colcon_core.verb:set package 'webcam' build argument 'cmake_force_configure' from command line to 'False'
[1.829s] Level 5:colcon.colcon_core.verb:set package 'webcam' build argument 'ament_cmake_args' from command line to 'None'
[1.829s] Level 5:colcon.colcon_core.verb:set package 'webcam' build argument 'catkin_cmake_args' from command line to 'None'
[1.829s] Level 5:colcon.colcon_core.verb:set package 'webcam' build argument 'catkin_skip_building_tests' from command line to 'False'
[1.829s] DEBUG:colcon.colcon_core.verb:Building package 'webcam' with the following arguments: {'ament_cmake_args': None, 'build_base': '/home/crofi/ros2_ws/build/webcam', 'catkin_cmake_args': None, 'catkin_skip_building_tests': False, 'cmake_args': None, 'cmake_clean_cache': False, 'cmake_clean_first': False, 'cmake_force_configure': False, 'cmake_target': None, 'cmake_target_skip_unavailable': False, 'install_base': '/home/crofi/ros2_ws/install/webcam', 'merge_install': False, 'path': '/home/crofi/ros2_ws/src/hardware/webcam', 'symlink_install': False, 'test_result_base': None}
[1.831s] Level 5:colcon.colcon_core.verb:set package 'webcam_recorted' build argument 'cmake_args' from command line to 'None'
[1.831s] Level 5:colcon.colcon_core.verb:set package 'webcam_recorted' build argument 'cmake_target' from command line to 'None'
[1.831s] Level 5:colcon.colcon_core.verb:set package 'webcam_recorted' build argument 'cmake_target_skip_unavailable' from command line to 'False'
[1.831s] Level 5:colcon.colcon_core.verb:set package 'webcam_recorted' build argument 'cmake_clean_cache' from command line to 'False'
[1.831s] Level 5:colcon.colcon_core.verb:set package 'webcam_recorted' build argument 'cmake_clean_first' from command line to 'False'
[1.831s] Level 5:colcon.colcon_core.verb:set package 'webcam_recorted' build argument 'cmake_force_configure' from command line to 'False'
[1.831s] Level 5:colcon.colcon_core.verb:set package 'webcam_recorted' build argument 'ament_cmake_args' from command line to 'None'
[1.832s] Level 5:colcon.colcon_core.verb:set package 'webcam_recorted' build argument 'catkin_cmake_args' from command line to 'None'
[1.832s] Level 5:colcon.colcon_core.verb:set package 'webcam_recorted' build argument 'catkin_skip_building_tests' from command line to 'False'
[1.832s] DEBUG:colcon.colcon_core.verb:Building package 'webcam_recorted' with the following arguments: {'ament_cmake_args': None, 'build_base': '/home/crofi/ros2_ws/build/webcam_recorted', 'catkin_cmake_args': None, 'catkin_skip_building_tests': False, 'cmake_args': None, 'cmake_clean_cache': False, 'cmake_clean_first': False, 'cmake_force_configure': False, 'cmake_target': None, 'cmake_target_skip_unavailable': False, 'install_base': '/home/crofi/ros2_ws/install/webcam_recorted', 'merge_install': False, 'path': '/home/crofi/ros2_ws/src/hardware/webcam_recorted', 'symlink_install': False, 'test_result_base': None}
[1.832s] INFO:colcon.colcon_core.executor:Executing jobs using 'parallel' executor
[1.836s] DEBUG:colcon.colcon_parallel_executor.executor.parallel:run_until_complete
[1.837s] INFO:colcon.colcon_ros.task.ament_python.build:Building ROS package in '/home/crofi/ros2_ws/src/vision/lane_angle' with build type 'ament_python'
[1.838s] Level 1:colcon.colcon_core.shell:create_environment_hook('lane_angle', 'ament_prefix_path')
[1.847s] INFO:colcon.colcon_core.plugin_system:Skipping extension 'colcon_core.shell.bat': Not used on non-Windows systems
[1.849s] INFO:colcon.colcon_core.shell:Creating environment hook '/home/crofi/ros2_ws/install/lane_angle/share/lane_angle/hook/ament_prefix_path.ps1'
[1.853s] INFO:colcon.colcon_core.shell:Creating environment descriptor '/home/crofi/ros2_ws/install/lane_angle/share/lane_angle/hook/ament_prefix_path.dsv'
[1.856s] INFO:colcon.colcon_core.shell:Creating environment hook '/home/crofi/ros2_ws/install/lane_angle/share/lane_angle/hook/ament_prefix_path.sh'
[1.861s] INFO:colcon.colcon_core.shell:Skip shell extension 'powershell' for command environment: Not usable outside of PowerShell
[1.862s] DEBUG:colcon.colcon_core.shell:Skip shell extension 'dsv' for command environment
[1.889s] INFO:colcon.colcon_ros.task.ament_python.build:Building ROS package in '/home/crofi/ros2_ws/src/vision/lane_detector' with build type 'ament_python'
[1.890s] Level 1:colcon.colcon_core.shell:create_environment_hook('lane_detector', 'ament_prefix_path')
[1.891s] INFO:colcon.colcon_core.shell:Creating environment hook '/home/crofi/ros2_ws/install/lane_detector/share/lane_detector/hook/ament_prefix_path.ps1'
[1.894s] INFO:colcon.colcon_core.shell:Creating environment descriptor '/home/crofi/ros2_ws/install/lane_detector/share/lane_detector/hook/ament_prefix_path.dsv'
[1.897s] INFO:colcon.colcon_core.shell:Creating environment hook '/home/crofi/ros2_ws/install/lane_detector/share/lane_detector/hook/ament_prefix_path.sh'
[1.901s] INFO:colcon.colcon_core.shell:Skip shell extension 'powershell' for command environment: Not usable outside of PowerShell
[1.902s] DEBUG:colcon.colcon_core.shell:Skip shell extension 'dsv' for command environment
[1.927s] INFO:colcon.colcon_ros.task.ament_python.build:Building ROS package in '/home/crofi/ros2_ws/src/vision/senal_detector' with build type 'ament_python'
[1.928s] Level 1:colcon.colcon_core.shell:create_environment_hook('senal_detector', 'ament_prefix_path')
[1.929s] INFO:colcon.colcon_core.shell:Creating environment hook '/home/crofi/ros2_ws/install/senal_detector/share/senal_detector/hook/ament_prefix_path.ps1'
[1.932s] INFO:colcon.colcon_core.shell:Creating environment descriptor '/home/crofi/ros2_ws/install/senal_detector/share/senal_detector/hook/ament_prefix_path.dsv'
[1.934s] INFO:colcon.colcon_core.shell:Creating environment hook '/home/crofi/ros2_ws/install/senal_detector/share/senal_detector/hook/ament_prefix_path.sh'
[1.938s] INFO:colcon.colcon_core.shell:Skip shell extension 'powershell' for command environment: Not usable outside of PowerShell
[1.938s] DEBUG:colcon.colcon_core.shell:Skip shell extension 'dsv' for command environment
[1.964s] INFO:colcon.colcon_ros.task.ament_python.build:Building ROS package in '/home/crofi/ros2_ws/src/hardware/servo' with build type 'ament_python'
[1.965s] Level 1:colcon.colcon_core.shell:create_environment_hook('servo', 'ament_prefix_path')
[1.966s] INFO:colcon.colcon_core.shell:Creating environment hook '/home/crofi/ros2_ws/install/servo/share/servo/hook/ament_prefix_path.ps1'
[1.969s] INFO:colcon.colcon_core.shell:Creating environment descriptor '/home/crofi/ros2_ws/install/servo/share/servo/hook/ament_prefix_path.dsv'
[1.973s] INFO:colcon.colcon_core.shell:Creating environment hook '/home/crofi/ros2_ws/install/servo/share/servo/hook/ament_prefix_path.sh'
[1.978s] INFO:colcon.colcon_core.shell:Skip shell extension 'powershell' for command environment: Not usable outside of PowerShell
[1.978s] DEBUG:colcon.colcon_core.shell:Skip shell extension 'dsv' for command environment
[3.373s] INFO:colcon.colcon_core.task.python.build:Building Python package in '/home/crofi/ros2_ws/src/vision/lane_angle'
[3.375s] INFO:colcon.colcon_core.shell:Skip shell extension 'powershell' for command environment: Not usable outside of PowerShell
[3.375s] DEBUG:colcon.colcon_core.shell:Skip shell extension 'dsv' for command environment
[4.750s] INFO:colcon.colcon_core.task.python.build:Building Python package in '/home/crofi/ros2_ws/src/vision/lane_detector'
[4.751s] INFO:colcon.colcon_core.shell:Skip shell extension 'powershell' for command environment: Not usable outside of PowerShell
[4.752s] DEBUG:colcon.colcon_core.shell:Skip shell extension 'dsv' for command environment
[6.125s] INFO:colcon.colcon_core.task.python.build:Building Python package in '/home/crofi/ros2_ws/src/vision/senal_detector'
[6.126s] INFO:colcon.colcon_core.shell:Skip shell extension 'powershell' for command environment: Not usable outside of PowerShell
[6.126s] DEBUG:colcon.colcon_core.shell:Skip shell extension 'dsv' for command environment
[7.506s] INFO:colcon.colcon_core.task.python.build:Building Python package in '/home/crofi/ros2_ws/src/hardware/servo'
[7.507s] INFO:colcon.colcon_core.shell:Skip shell extension 'powershell' for command environment: Not usable outside of PowerShell
[7.507s] DEBUG:colcon.colcon_core.shell:Skip shell extension 'dsv' for command environment
[10.305s] DEBUG:colcon.colcon_core.event_handler.log_command:Invoking command in '/home/crofi/ros2_ws/src/hardware/servo': PYTHONPATH=/home/crofi/ros2_ws/build/servo/prefix_override:/usr/lib/python3/dist-packages/colcon_core/task/python/colcon_distutils_commands:/home/crofi/ros2_ws/install/servo/lib/python3.10/site-packages:${PYTHONPATH} /usr/bin/python3 -W ignore:setup.py install is deprecated -W ignore:easy_install command is deprecated setup.py egg_info --egg-base ../../../build/servo build --build-base /home/crofi/ros2_ws/build/servo/build install --record /home/crofi/ros2_ws/build/servo/install.log --single-version-externally-managed install_data
[10.352s] DEBUG:colcon.colcon_core.event_handler.log_command:Invoking command in '/home/crofi/ros2_ws/src/vision/lane_detector': PYTHONPATH=/home/crofi/ros2_ws/build/lane_detector/prefix_override:/usr/lib/python3/dist-packages/colcon_core/task/python/colcon_distutils_commands:/home/crofi/ros2_ws/install/lane_detector/lib/python3.10/site-packages:${PYTHONPATH} /usr/bin/python3 -W ignore:setup.py install is deprecated -W ignore:easy_install command is deprecated setup.py egg_info --egg-base ../../../build/lane_detector build --build-base /home/crofi/ros2_ws/build/lane_detector/build install --record /home/crofi/ros2_ws/build/lane_detector/install.log --single-version-externally-managed install_data
[10.475s] DEBUG:colcon.colcon_core.event_handler.log_command:Invoking command in '/home/crofi/ros2_ws/src/vision/lane_angle': PYTHONPATH=/home/crofi/ros2_ws/build/lane_angle/prefix_override:/usr/lib/python3/dist-packages/colcon_core/task/python/colcon_distutils_commands:/home/crofi/ros2_ws/install/lane_angle/lib/python3.10/site-packages:${PYTHONPATH} /usr/bin/python3 -W ignore:setup.py install is deprecated -W ignore:easy_install command is deprecated setup.py egg_info --egg-base ../../../build/lane_angle build --build-base /home/crofi/ros2_ws/build/lane_angle/build install --record /home/crofi/ros2_ws/build/lane_angle/install.log --single-version-externally-managed install_data
[10.894s] DEBUG:colcon.colcon_core.event_handler.log_command:Invoking command in '/home/crofi/ros2_ws/src/vision/senal_detector': PYTHONPATH=/home/crofi/ros2_ws/build/senal_detector/prefix_override:/usr/lib/python3/dist-packages/colcon_core/task/python/colcon_distutils_commands:/home/crofi/ros2_ws/install/senal_detector/lib/python3.10/site-packages:${PYTHONPATH} /usr/bin/python3 -W ignore:setup.py install is deprecated -W ignore:easy_install command is deprecated setup.py egg_info --egg-base ../../../build/senal_detector build --build-base /home/crofi/ros2_ws/build/senal_detector/build install --record /home/crofi/ros2_ws/build/senal_detector/install.log --single-version-externally-managed install_data
[12.857s] DEBUG:colcon.colcon_core.event_handler.log_command:Invoked command in '/home/crofi/ros2_ws/src/hardware/servo' returned '0': PYTHONPATH=/home/crofi/ros2_ws/build/servo/prefix_override:/usr/lib/python3/dist-packages/colcon_core/task/python/colcon_distutils_commands:/home/crofi/ros2_ws/install/servo/lib/python3.10/site-packages:${PYTHONPATH} /usr/bin/python3 -W ignore:setup.py install is deprecated -W ignore:easy_install command is deprecated setup.py egg_info --egg-base ../../../build/servo build --build-base /home/crofi/ros2_ws/build/servo/build install --record /home/crofi/ros2_ws/build/servo/install.log --single-version-externally-managed install_data
[12.878s] Level 1:colcon.colcon_core.environment:checking '/home/crofi/ros2_ws/install/servo' for CMake module files
[12.885s] Level 1:colcon.colcon_core.environment:checking '/home/crofi/ros2_ws/install/servo' for CMake config files
[12.900s] Level 1:colcon.colcon_core.environment:checking '/home/crofi/ros2_ws/install/servo/lib'
[12.902s] Level 1:colcon.colcon_core.environment:checking '/home/crofi/ros2_ws/install/servo/bin'
[12.904s] Level 1:colcon.colcon_core.environment:checking '/home/crofi/ros2_ws/install/servo/lib/pkgconfig/servo.pc'
[12.906s] Level 1:colcon.colcon_core.environment:checking '/home/crofi/ros2_ws/install/servo/lib/python3.10/site-packages'
[12.907s] Level 1:colcon.colcon_core.shell:create_environment_hook('servo', 'pythonpath')
[12.909s] INFO:colcon.colcon_core.shell:Creating environment hook '/home/crofi/ros2_ws/install/servo/share/servo/hook/pythonpath.ps1'
[12.914s] INFO:colcon.colcon_core.shell:Creating environment descriptor '/home/crofi/ros2_ws/install/servo/share/servo/hook/pythonpath.dsv'
[12.920s] INFO:colcon.colcon_core.shell:Creating environment hook '/home/crofi/ros2_ws/install/servo/share/servo/hook/pythonpath.sh'
[12.927s] Level 1:colcon.colcon_core.environment:checking '/home/crofi/ros2_ws/install/servo/bin'
[12.928s] Level 1:colcon.colcon_core.environment:create_environment_scripts_only(servo)
[12.930s] INFO:colcon.colcon_core.shell:Creating package script '/home/crofi/ros2_ws/install/servo/share/servo/package.ps1'
[12.944s] INFO:colcon.colcon_core.shell:Creating package descriptor '/home/crofi/ros2_ws/install/servo/share/servo/package.dsv'
[12.951s] INFO:colcon.colcon_core.shell:Creating package script '/home/crofi/ros2_ws/install/servo/share/servo/package.sh'
[12.959s] INFO:colcon.colcon_core.shell:Creating package script '/home/crofi/ros2_ws/install/servo/share/servo/package.bash'
[12.967s] INFO:colcon.colcon_core.shell:Creating package script '/home/crofi/ros2_ws/install/servo/share/servo/package.zsh'
[12.974s] Level 1:colcon.colcon_core.environment:create_file_with_runtime_dependencies(/home/crofi/ros2_ws/install/servo/share/colcon-core/packages/servo)
[12.978s] INFO:colcon.colcon_ros.task.ament_python.build:Building ROS package in '/home/crofi/ros2_ws/src/hardware/webcam' with build type 'ament_python'
[12.980s] Level 1:colcon.colcon_core.shell:create_environment_hook('webcam', 'ament_prefix_path')
[12.982s] INFO:colcon.colcon_core.shell:Creating environment hook '/home/crofi/ros2_ws/install/webcam/share/webcam/hook/ament_prefix_path.ps1'
[12.988s] INFO:colcon.colcon_core.shell:Creating environment descriptor '/home/crofi/ros2_ws/install/webcam/share/webcam/hook/ament_prefix_path.dsv'
[12.994s] INFO:colcon.colcon_core.shell:Creating environment hook '/home/crofi/ros2_ws/install/webcam/share/webcam/hook/ament_prefix_path.sh'
[13.001s] INFO:colcon.colcon_core.shell:Skip shell extension 'powershell' for command environment: Not usable outside of PowerShell
[13.002s] DEBUG:colcon.colcon_core.shell:Skip shell extension 'dsv' for command environment
[14.643s] INFO:colcon.colcon_core.task.python.build:Building Python package in '/home/crofi/ros2_ws/src/hardware/webcam'
[14.644s] INFO:colcon.colcon_core.shell:Skip shell extension 'powershell' for command environment: Not usable outside of PowerShell
[14.645s] DEBUG:colcon.colcon_core.shell:Skip shell extension 'dsv' for command environment
[14.676s] Level 1:colcon.colcon_core.environment:checking '/home/crofi/ros2_ws/install/lane_angle' for CMake module files
[14.678s] DEBUG:colcon.colcon_core.event_handler.log_command:Invoked command in '/home/crofi/ros2_ws/src/vision/lane_angle' returned '0': PYTHONPATH=/home/crofi/ros2_ws/build/lane_angle/prefix_override:/usr/lib/python3/dist-packages/colcon_core/task/python/colcon_distutils_commands:/home/crofi/ros2_ws/install/lane_angle/lib/python3.10/site-packages:${PYTHONPATH} /usr/bin/python3 -W ignore:setup.py install is deprecated -W ignore:easy_install command is deprecated setup.py egg_info --egg-base ../../../build/lane_angle build --build-base /home/crofi/ros2_ws/build/lane_angle/build install --record /home/crofi/ros2_ws/build/lane_angle/install.log --single-version-externally-managed install_data
[14.680s] Level 1:colcon.colcon_core.environment:checking '/home/crofi/ros2_ws/install/lane_angle' for CMake config files
[14.684s] Level 1:colcon.colcon_core.environment:checking '/home/crofi/ros2_ws/install/lane_angle/lib'
[14.685s] Level 1:colcon.colcon_core.environment:checking '/home/crofi/ros2_ws/install/lane_angle/bin'
[14.685s] Level 1:colcon.colcon_core.environment:checking '/home/crofi/ros2_ws/install/lane_angle/lib/pkgconfig/lane_angle.pc'
[14.686s] Level 1:colcon.colcon_core.environment:checking '/home/crofi/ros2_ws/install/lane_angle/lib/python3.10/site-packages'
[14.686s] Level 1:colcon.colcon_core.shell:create_environment_hook('lane_angle', 'pythonpath')
[14.688s] INFO:colcon.colcon_core.shell:Creating environment hook '/home/crofi/ros2_ws/install/lane_angle/share/lane_angle/hook/pythonpath.ps1'
[14.690s] INFO:colcon.colcon_core.shell:Creating environment descriptor '/home/crofi/ros2_ws/install/lane_angle/share/lane_angle/hook/pythonpath.dsv'
[14.692s] INFO:colcon.colcon_core.shell:Creating environment hook '/home/crofi/ros2_ws/install/lane_angle/share/lane_angle/hook/pythonpath.sh'
[14.695s] Level 1:colcon.colcon_core.environment:checking '/home/crofi/ros2_ws/install/lane_angle/bin'
[14.696s] Level 1:colcon.colcon_core.environment:create_environment_scripts_only(lane_angle)
[14.697s] INFO:colcon.colcon_core.shell:Creating package script '/home/crofi/ros2_ws/install/lane_angle/share/lane_angle/package.ps1'
[14.700s] INFO:colcon.colcon_core.shell:Creating package descriptor '/home/crofi/ros2_ws/install/lane_angle/share/lane_angle/package.dsv'
[14.703s] INFO:colcon.colcon_core.shell:Creating package script '/home/crofi/ros2_ws/install/lane_angle/share/lane_angle/package.sh'
[14.705s] INFO:colcon.colcon_core.shell:Creating package script '/home/crofi/ros2_ws/install/lane_angle/share/lane_angle/package.bash'
[14.710s] INFO:colcon.colcon_core.shell:Creating package script '/home/crofi/ros2_ws/install/lane_angle/share/lane_angle/package.zsh'
[14.712s] Level 1:colcon.colcon_core.environment:create_file_with_runtime_dependencies(/home/crofi/ros2_ws/install/lane_angle/share/colcon-core/packages/lane_angle)
[14.714s] Level 1:colcon.colcon_core.environment:checking '/home/crofi/ros2_ws/install/lane_detector' for CMake module files
[14.718s] DEBUG:colcon.colcon_core.event_handler.log_command:Invoked command in '/home/crofi/ros2_ws/src/vision/lane_detector' returned '0': PYTHONPATH=/home/crofi/ros2_ws/build/lane_detector/prefix_override:/usr/lib/python3/dist-packages/colcon_core/task/python/colcon_distutils_commands:/home/crofi/ros2_ws/install/lane_detector/lib/python3.10/site-packages:${PYTHONPATH} /usr/bin/python3 -W ignore:setup.py install is deprecated -W ignore:easy_install command is deprecated setup.py egg_info --egg-base ../../../build/lane_detector build --build-base /home/crofi/ros2_ws/build/lane_detector/build install --record /home/crofi/ros2_ws/build/lane_detector/install.log --single-version-externally-managed install_data
[14.719s] Level 1:colcon.colcon_core.environment:checking '/home/crofi/ros2_ws/install/lane_detector' for CMake config files
[14.723s] Level 1:colcon.colcon_core.environment:checking '/home/crofi/ros2_ws/install/lane_detector/lib'
[14.723s] Level 1:colcon.colcon_core.environment:checking '/home/crofi/ros2_ws/install/lane_detector/bin'
[14.723s] Level 1:colcon.colcon_core.environment:checking '/home/crofi/ros2_ws/install/lane_detector/lib/pkgconfig/lane_detector.pc'
[14.724s] Level 1:colcon.colcon_core.environment:checking '/home/crofi/ros2_ws/install/lane_detector/lib/python3.10/site-packages'
[14.725s] Level 1:colcon.colcon_core.shell:create_environment_hook('lane_detector', 'pythonpath')
[14.726s] INFO:colcon.colcon_core.shell:Creating environment hook '/home/crofi/ros2_ws/install/lane_detector/share/lane_detector/hook/pythonpath.ps1'
[14.728s] INFO:colcon.colcon_core.shell:Creating environment descriptor '/home/crofi/ros2_ws/install/lane_detector/share/lane_detector/hook/pythonpath.dsv'
[14.730s] INFO:colcon.colcon_core.shell:Creating environment hook '/home/crofi/ros2_ws/install/lane_detector/share/lane_detector/hook/pythonpath.sh'
[14.735s] Level 1:colcon.colcon_core.environment:checking '/home/crofi/ros2_ws/install/lane_detector/bin'
[14.735s] Level 1:colcon.colcon_core.environment:create_environment_scripts_only(lane_detector)
[14.737s] INFO:colcon.colcon_core.shell:Creating package script '/home/crofi/ros2_ws/install/lane_detector/share/lane_detector/package.ps1'
[14.740s] INFO:colcon.colcon_core.shell:Creating package descriptor '/home/crofi/ros2_ws/install/lane_detector/share/lane_detector/package.dsv'
[14.745s] INFO:colcon.colcon_core.shell:Creating package script '/home/crofi/ros2_ws/install/lane_detector/share/lane_detector/package.sh'
[14.747s] INFO:colcon.colcon_core.shell:Creating package script '/home/crofi/ros2_ws/install/lane_detector/share/lane_detector/package.bash'
[14.749s] INFO:colcon.colcon_core.shell:Creating package script '/home/crofi/ros2_ws/install/lane_detector/share/lane_detector/package.zsh'
[14.751s] Level 1:colcon.colcon_core.environment:create_file_with_runtime_dependencies(/home/crofi/ros2_ws/install/lane_detector/share/colcon-core/packages/lane_detector)
[14.753s] Level 1:colcon.colcon_core.environment:checking '/home/crofi/ros2_ws/install/senal_detector' for CMake module files
[14.758s] DEBUG:colcon.colcon_core.event_handler.log_command:Invoked command in '/home/crofi/ros2_ws/src/vision/senal_detector' returned '0': PYTHONPATH=/home/crofi/ros2_ws/build/senal_detector/prefix_override:/usr/lib/python3/dist-packages/colcon_core/task/python/colcon_distutils_commands:/home/crofi/ros2_ws/install/senal_detector/lib/python3.10/site-packages:${PYTHONPATH} /usr/bin/python3 -W ignore:setup.py install is deprecated -W ignore:easy_install command is deprecated setup.py egg_info --egg-base ../../../build/senal_detector build --build-base /home/crofi/ros2_ws/build/senal_detector/build install --record /home/crofi/ros2_ws/build/senal_detector/install.log --single-version-externally-managed install_data
[14.759s] Level 1:colcon.colcon_core.environment:checking '/home/crofi/ros2_ws/install/senal_detector' for CMake config files
[14.762s] Level 1:colcon.colcon_core.environment:checking '/home/crofi/ros2_ws/install/senal_detector/lib'
[14.763s] Level 1:colcon.colcon_core.environment:checking '/home/crofi/ros2_ws/install/senal_detector/bin'
[14.764s] Level 1:colcon.colcon_core.environment:checking '/home/crofi/ros2_ws/install/senal_detector/lib/pkgconfig/senal_detector.pc'
[14.765s] Level 1:colcon.colcon_core.environment:checking '/home/crofi/ros2_ws/install/senal_detector/lib/python3.10/site-packages'
[14.765s] Level 1:colcon.colcon_core.shell:create_environment_hook('senal_detector', 'pythonpath')
[14.767s] INFO:colcon.colcon_core.shell:Creating environment hook '/home/crofi/ros2_ws/install/senal_detector/share/senal_detector/hook/pythonpath.ps1'
[14.771s] INFO:colcon.colcon_core.shell:Creating environment descriptor '/home/crofi/ros2_ws/install/senal_detector/share/senal_detector/hook/pythonpath.dsv'
[14.774s] INFO:colcon.colcon_core.shell:Creating environment hook '/home/crofi/ros2_ws/install/senal_detector/share/senal_detector/hook/pythonpath.sh'
[14.778s] Level 1:colcon.colcon_core.environment:checking '/home/crofi/ros2_ws/install/senal_detector/bin'
[14.779s] Level 1:colcon.colcon_core.environment:create_environment_scripts_only(senal_detector)
[14.780s] INFO:colcon.colcon_core.shell:Creating package script '/home/crofi/ros2_ws/install/senal_detector/share/senal_detector/package.ps1'
[14.785s] INFO:colcon.colcon_core.shell:Creating package descriptor '/home/crofi/ros2_ws/install/senal_detector/share/senal_detector/package.dsv'
[14.787s] INFO:colcon.colcon_core.shell:Creating package script '/home/crofi/ros2_ws/install/senal_detector/share/senal_detector/package.sh'
[14.791s] INFO:colcon.colcon_core.shell:Creating package script '/home/crofi/ros2_ws/install/senal_detector/share/senal_detector/package.bash'
[14.794s] INFO:colcon.colcon_core.shell:Creating package script '/home/crofi/ros2_ws/install/senal_detector/share/senal_detector/package.zsh'
[14.796s] Level 1:colcon.colcon_core.environment:create_file_with_runtime_dependencies(/home/crofi/ros2_ws/install/senal_detector/share/colcon-core/packages/senal_detector)
[14.801s] INFO:colcon.colcon_ros.task.ament_python.build:Building ROS package in '/home/crofi/ros2_ws/src/hardware/webcam_recorted' with build type 'ament_python'
[14.802s] Level 1:colcon.colcon_core.shell:create_environment_hook('webcam_recorted', 'ament_prefix_path')
[14.803s] INFO:colcon.colcon_core.shell:Creating environment hook '/home/crofi/ros2_ws/install/webcam_recorted/share/webcam_recorted/hook/ament_prefix_path.ps1'
[14.806s] INFO:colcon.colcon_core.shell:Creating environment descriptor '/home/crofi/ros2_ws/install/webcam_recorted/share/webcam_recorted/hook/ament_prefix_path.dsv'
[14.809s] INFO:colcon.colcon_core.shell:Creating environment hook '/home/crofi/ros2_ws/install/webcam_recorted/share/webcam_recorted/hook/ament_prefix_path.sh'
[14.815s] INFO:colcon.colcon_core.shell:Skip shell extension 'powershell' for command environment: Not usable outside of PowerShell
[14.815s] DEBUG:colcon.colcon_core.shell:Skip shell extension 'dsv' for command environment
[16.458s] INFO:colcon.colcon_core.task.python.build:Building Python package in '/home/crofi/ros2_ws/src/hardware/webcam_recorted'
[16.459s] INFO:colcon.colcon_core.shell:Skip shell extension 'powershell' for command environment: Not usable outside of PowerShell
[16.459s] DEBUG:colcon.colcon_core.shell:Skip shell extension 'dsv' for command environment
[16.887s] DEBUG:colcon.colcon_core.event_handler.log_command:Invoking command in '/home/crofi/ros2_ws/src/hardware/webcam': PYTHONPATH=/home/crofi/ros2_ws/build/webcam/prefix_override:/usr/lib/python3/dist-packages/colcon_core/task/python/colcon_distutils_commands:/home/crofi/ros2_ws/install/webcam/lib/python3.10/site-packages:${PYTHONPATH} /usr/bin/python3 -W ignore:setup.py install is deprecated -W ignore:easy_install command is deprecated setup.py egg_info --egg-base ../../../build/webcam build --build-base /home/crofi/ros2_ws/build/webcam/build install --record /home/crofi/ros2_ws/build/webcam/install.log --single-version-externally-managed install_data
[18.597s] DEBUG:colcon.colcon_core.event_handler.log_command:Invoking command in '/home/crofi/ros2_ws/src/hardware/webcam_recorted': PYTHONPATH=/home/crofi/ros2_ws/build/webcam_recorted/prefix_override:/usr/lib/python3/dist-packages/colcon_core/task/python/colcon_distutils_commands:/home/crofi/ros2_ws/install/webcam_recorted/lib/python3.10/site-packages:${PYTHONPATH} /usr/bin/python3 -W ignore:setup.py install is deprecated -W ignore:easy_install command is deprecated setup.py egg_info --egg-base ../../../build/webcam_recorted build --build-base /home/crofi/ros2_ws/build/webcam_recorted/build install --record /home/crofi/ros2_ws/build/webcam_recorted/install.log --single-version-externally-managed install_data
[18.798s] Level 1:colcon.colcon_core.environment:checking '/home/crofi/ros2_ws/install/webcam' for CMake module files
[18.800s] DEBUG:colcon.colcon_core.event_handler.log_command:Invoked command in '/home/crofi/ros2_ws/src/hardware/webcam' returned '0': PYTHONPATH=/home/crofi/ros2_ws/build/webcam/prefix_override:/usr/lib/python3/dist-packages/colcon_core/task/python/colcon_distutils_commands:/home/crofi/ros2_ws/install/webcam/lib/python3.10/site-packages:${PYTHONPATH} /usr/bin/python3 -W ignore:setup.py install is deprecated -W ignore:easy_install command is deprecated setup.py egg_info --egg-base ../../../build/webcam build --build-base /home/crofi/ros2_ws/build/webcam/build install --record /home/crofi/ros2_ws/build/webcam/install.log --single-version-externally-managed install_data
[18.802s] Level 1:colcon.colcon_core.environment:checking '/home/crofi/ros2_ws/install/webcam' for CMake config files
[18.806s] Level 1:colcon.colcon_core.environment:checking '/home/crofi/ros2_ws/install/webcam/lib'
[18.807s] Level 1:colcon.colcon_core.environment:checking '/home/crofi/ros2_ws/install/webcam/bin'
[18.807s] Level 1:colcon.colcon_core.environment:checking '/home/crofi/ros2_ws/install/webcam/lib/pkgconfig/webcam.pc'
[18.808s] Level 1:colcon.colcon_core.environment:checking '/home/crofi/ros2_ws/install/webcam/lib/python3.10/site-packages'
[18.808s] Level 1:colcon.colcon_core.shell:create_environment_hook('webcam', 'pythonpath')
[18.809s] INFO:colcon.colcon_core.shell:Creating environment hook '/home/crofi/ros2_ws/install/webcam/share/webcam/hook/pythonpath.ps1'
[18.812s] INFO:colcon.colcon_core.shell:Creating environment descriptor '/home/crofi/ros2_ws/install/webcam/share/webcam/hook/pythonpath.dsv'
[18.814s] INFO:colcon.colcon_core.shell:Creating environment hook '/home/crofi/ros2_ws/install/webcam/share/webcam/hook/pythonpath.sh'
[18.818s] Level 1:colcon.colcon_core.environment:checking '/home/crofi/ros2_ws/install/webcam/bin'
[18.818s] Level 1:colcon.colcon_core.environment:create_environment_scripts_only(webcam)
[18.820s] INFO:colcon.colcon_core.shell:Creating package script '/home/crofi/ros2_ws/install/webcam/share/webcam/package.ps1'
[18.823s] INFO:colcon.colcon_core.shell:Creating package descriptor '/home/crofi/ros2_ws/install/webcam/share/webcam/package.dsv'
[18.826s] INFO:colcon.colcon_core.shell:Creating package script '/home/crofi/ros2_ws/install/webcam/share/webcam/package.sh'
[18.828s] INFO:colcon.colcon_core.shell:Creating package script '/home/crofi/ros2_ws/install/webcam/share/webcam/package.bash'
[18.832s] INFO:colcon.colcon_core.shell:Creating package script '/home/crofi/ros2_ws/install/webcam/share/webcam/package.zsh'
[18.835s] Level 1:colcon.colcon_core.environment:create_file_with_runtime_dependencies(/home/crofi/ros2_ws/install/webcam/share/colcon-core/packages/webcam)
[20.237s] Level 1:colcon.colcon_core.environment:checking '/home/crofi/ros2_ws/install/webcam_recorted' for CMake module files
[20.240s] Level 1:colcon.colcon_core.environment:checking '/home/crofi/ros2_ws/install/webcam_recorted' for CMake config files
[20.244s] DEBUG:colcon.colcon_core.event_handler.log_command:Invoked command in '/home/crofi/ros2_ws/src/hardware/webcam_recorted' returned '0': PYTHONPATH=/home/crofi/ros2_ws/build/webcam_recorted/prefix_override:/usr/lib/python3/dist-packages/colcon_core/task/python/colcon_distutils_commands:/home/crofi/ros2_ws/install/webcam_recorted/lib/python3.10/site-packages:${PYTHONPATH} /usr/bin/python3 -W ignore:setup.py install is deprecated -W ignore:easy_install command is deprecated setup.py egg_info --egg-base ../../../build/webcam_recorted build --build-base /home/crofi/ros2_ws/build/webcam_recorted/build install --record /home/crofi/ros2_ws/build/webcam_recorted/install.log --single-version-externally-managed install_data
[20.245s] Level 1:colcon.colcon_core.environment:checking '/home/crofi/ros2_ws/install/webcam_recorted/lib'
[20.245s] Level 1:colcon.colcon_core.environment:checking '/home/crofi/ros2_ws/install/webcam_recorted/bin'
[20.246s] Level 1:colcon.colcon_core.environment:checking '/home/crofi/ros2_ws/install/webcam_recorted/lib/pkgconfig/webcam_recorted.pc'
[20.247s] Level 1:colcon.colcon_core.environment:checking '/home/crofi/ros2_ws/install/webcam_recorted/lib/python3.10/site-packages'
[20.247s] Level 1:colcon.colcon_core.shell:create_environment_hook('webcam_recorted', 'pythonpath')
[20.249s] INFO:colcon.colcon_core.shell:Creating environment hook '/home/crofi/ros2_ws/install/webcam_recorted/share/webcam_recorted/hook/pythonpath.ps1'
[20.253s] INFO:colcon.colcon_core.shell:Creating environment descriptor '/home/crofi/ros2_ws/install/webcam_recorted/share/webcam_recorted/hook/pythonpath.dsv'
[20.255s] INFO:colcon.colcon_core.shell:Creating environment hook '/home/crofi/ros2_ws/install/webcam_recorted/share/webcam_recorted/hook/pythonpath.sh'
[20.259s] Level 1:colcon.colcon_core.environment:checking '/home/crofi/ros2_ws/install/webcam_recorted/bin'
[20.259s] Level 1:colcon.colcon_core.environment:create_environment_scripts_only(webcam_recorted)
[20.261s] INFO:colcon.colcon_core.shell:Creating package script '/home/crofi/ros2_ws/install/webcam_recorted/share/webcam_recorted/package.ps1'
[20.263s] INFO:colcon.colcon_core.shell:Creating package descriptor '/home/crofi/ros2_ws/install/webcam_recorted/share/webcam_recorted/package.dsv'
[20.266s] INFO:colcon.colcon_core.shell:Creating package script '/home/crofi/ros2_ws/install/webcam_recorted/share/webcam_recorted/package.sh'
[20.268s] INFO:colcon.colcon_core.shell:Creating package script '/home/crofi/ros2_ws/install/webcam_recorted/share/webcam_recorted/package.bash'
[20.270s] INFO:colcon.colcon_core.shell:Creating package script '/home/crofi/ros2_ws/install/webcam_recorted/share/webcam_recorted/package.zsh'
[20.273s] Level 1:colcon.colcon_core.environment:create_file_with_runtime_dependencies(/home/crofi/ros2_ws/install/webcam_recorted/share/colcon-core/packages/webcam_recorted)
[20.274s] DEBUG:colcon.colcon_parallel_executor.executor.parallel:closing loop
[20.276s] DEBUG:colcon.colcon_parallel_executor.executor.parallel:loop closed
[20.277s] DEBUG:colcon.colcon_parallel_executor.executor.parallel:run_until_complete finished with '0'
[20.277s] DEBUG:colcon.colcon_core.event_reactor:joining thread
[20.300s] INFO:colcon.colcon_core.plugin_system:Skipping extension 'colcon_notification.desktop_notification.terminal_notifier': Not used on non-Darwin systems
[20.301s] INFO:colcon.colcon_core.plugin_system:Skipping extension 'colcon_notification.desktop_notification.win32': Not used on non-Windows systems
[20.301s] INFO:colcon.colcon_notification.desktop_notification:Sending desktop notification using 'notify2'
[20.365s] DEBUG:colcon.colcon_core.event_reactor:joined thread
[20.367s] INFO:colcon.colcon_core.shell:Creating prefix script '/home/crofi/ros2_ws/install/local_setup.ps1'
[20.372s] INFO:colcon.colcon_core.shell:Creating prefix util module '/home/crofi/ros2_ws/install/_local_setup_util_ps1.py'
[20.380s] INFO:colcon.colcon_core.shell:Creating prefix chain script '/home/crofi/ros2_ws/install/setup.ps1'
[20.388s] INFO:colcon.colcon_core.shell:Creating prefix script '/home/crofi/ros2_ws/install/local_setup.sh'
[20.391s] INFO:colcon.colcon_core.shell:Creating prefix util module '/home/crofi/ros2_ws/install/_local_setup_util_sh.py'
[20.395s] INFO:colcon.colcon_core.shell:Creating prefix chain script '/home/crofi/ros2_ws/install/setup.sh'
[20.403s] INFO:colcon.colcon_core.shell:Creating prefix script '/home/crofi/ros2_ws/install/local_setup.bash'
[20.406s] INFO:colcon.colcon_core.shell:Creating prefix chain script '/home/crofi/ros2_ws/install/setup.bash'
[20.416s] INFO:colcon.colcon_core.shell:Creating prefix script '/home/crofi/ros2_ws/install/local_setup.zsh'
[20.420s] INFO:colcon.colcon_core.shell:Creating prefix chain script '/home/crofi/ros2_ws/install/setup.zsh'
