[4.604s] Invoking command in '/home/crofi/ros2_ws/src/hardware/webcam': PYTHONPATH=/home/crofi/ros2_ws/build/webcam/prefix_override:/usr/lib/python3/dist-packages/colcon_core/task/python/colcon_distutils_commands:/home/crofi/ros2_ws/install/webcam/lib/python3.10/site-packages:${PYTHONPATH} /usr/bin/python3 -W ignore:setup.py install is deprecated -W ignore:easy_install command is deprecated setup.py egg_info --egg-base ../../../build/webcam build --build-base /home/crofi/ros2_ws/build/webcam/build install --record /home/crofi/ros2_ws/build/webcam/install.log --single-version-externally-managed install_data
[6.117s] running egg_info
[6.120s] writing ../../../build/webcam/webcam.egg-info/PKG-INFO
[6.121s] writing dependency_links to ../../../build/webcam/webcam.egg-info/dependency_links.txt
[6.122s] writing entry points to ../../../build/webcam/webcam.egg-info/entry_points.txt
[6.123s] writing requirements to ../../../build/webcam/webcam.egg-info/requires.txt
[6.123s] writing top-level names to ../../../build/webcam/webcam.egg-info/top_level.txt
[6.132s] reading manifest file '../../../build/webcam/webcam.egg-info/SOURCES.txt'
[6.134s] adding license file 'LICENSE'
[6.136s] writing manifest file '../../../build/webcam/webcam.egg-info/SOURCES.txt'
[6.137s] running build
[6.137s] running build_py
[6.138s] running install
[6.140s] running install_lib
[6.153s] running install_data
[6.158s] running install_egg_info
[6.168s] removing '/home/crofi/ros2_ws/install/webcam/lib/python3.10/site-packages/webcam-0.0.0-py3.10.egg-info' (and everything under it)
[6.170s] Copying ../../../build/webcam/webcam.egg-info to /home/crofi/ros2_ws/install/webcam/lib/python3.10/site-packages/webcam-0.0.0-py3.10.egg-info
[6.176s] running install_scripts
[6.281s] Installing webcam script to /home/crofi/ros2_ws/install/webcam/lib/webcam
[6.282s] writing list of installed files to '/home/crofi/ros2_ws/build/webcam/install.log'
[6.444s] Invoked command in '/home/crofi/ros2_ws/src/hardware/webcam' returned '0': PYTHONPATH=/home/crofi/ros2_ws/build/webcam/prefix_override:/usr/lib/python3/dist-packages/colcon_core/task/python/colcon_distutils_commands:/home/crofi/ros2_ws/install/webcam/lib/python3.10/site-packages:${PYTHONPATH} /usr/bin/python3 -W ignore:setup.py install is deprecated -W ignore:easy_install command is deprecated setup.py egg_info --egg-base ../../../build/webcam build --build-base /home/crofi/ros2_ws/build/webcam/build install --record /home/crofi/ros2_ws/build/webcam/install.log --single-version-externally-managed install_data
