[1.969s] Invoking command in '/home/tars/AutoModelCrofi/ros2_ws/build/lane_detector': PYTHONPATH=/home/tars/AutoModelCrofi/ros2_ws/build/lane_detector/prefix_override:/usr/lib/python3/dist-packages/colcon_core/task/python/colcon_distutils_commands:/home/tars/AutoModelCrofi/ros2_ws/install/lane_detector/lib/python3.12/site-packages:${PYTHONPATH} /usr/bin/python3 -W ignore:setup.py install is deprecated -W ignore:easy_install command is deprecated setup.py develop --uninstall --editable --build-directory /home/tars/AutoModelCrofi/ros2_ws/build/lane_detector/build
[2.421s] running develop
[2.690s] Removing /home/tars/AutoModelCrofi/ros2_ws/install/lane_detector/lib/python3.12/site-packages/lane-detector.egg-link (link to .)
[2.737s] Invoked command in '/home/tars/AutoModelCrofi/ros2_ws/build/lane_detector' returned '0': PYTHONPATH=/home/tars/AutoModelCrofi/ros2_ws/build/lane_detector/prefix_override:/usr/lib/python3/dist-packages/colcon_core/task/python/colcon_distutils_commands:/home/tars/AutoModelCrofi/ros2_ws/install/lane_detector/lib/python3.12/site-packages:${PYTHONPATH} /usr/bin/python3 -W ignore:setup.py install is deprecated -W ignore:easy_install command is deprecated setup.py develop --uninstall --editable --build-directory /home/tars/AutoModelCrofi/ros2_ws/build/lane_detector/build
[2.739s] Invoking command in '/home/tars/AutoModelCrofi/ros2_ws/src/vision/lane_detector': PYTHONPATH=/home/tars/AutoModelCrofi/ros2_ws/build/lane_detector/prefix_override:/usr/lib/python3/dist-packages/colcon_core/task/python/colcon_distutils_commands:/home/tars/AutoModelCrofi/ros2_ws/install/lane_detector/lib/python3.12/site-packages:${PYTHONPATH} /usr/bin/python3 -W ignore:setup.py install is deprecated -W ignore:easy_install command is deprecated setup.py egg_info --egg-base ../../../build/lane_detector build --build-base /home/tars/AutoModelCrofi/ros2_ws/build/lane_detector/build install --record /home/tars/AutoModelCrofi/ros2_ws/build/lane_detector/install.log --single-version-externally-managed install_data --force
[3.112s] running egg_info
[3.141s] writing ../../../build/lane_detector/lane_detector.egg-info/PKG-INFO
[3.141s] writing dependency_links to ../../../build/lane_detector/lane_detector.egg-info/dependency_links.txt
[3.141s] writing entry points to ../../../build/lane_detector/lane_detector.egg-info/entry_points.txt
[3.141s] writing requirements to ../../../build/lane_detector/lane_detector.egg-info/requires.txt
[3.141s] writing top-level names to ../../../build/lane_detector/lane_detector.egg-info/top_level.txt
[3.193s] reading manifest file '../../../build/lane_detector/lane_detector.egg-info/SOURCES.txt'
[3.194s] writing manifest file '../../../build/lane_detector/lane_detector.egg-info/SOURCES.txt'
[3.194s] running build
[3.194s] running build_py
[3.198s] running install
[3.205s] running install_lib
[3.234s] creating /home/tars/AutoModelCrofi/ros2_ws/install/lane_detector/lib/python3.12/site-packages/lane_detector
[3.234s] copying /home/tars/AutoModelCrofi/ros2_ws/build/lane_detector/build/lib/lane_detector/lane_detector.py -> /home/tars/AutoModelCrofi/ros2_ws/install/lane_detector/lib/python3.12/site-packages/lane_detector
[3.234s] copying /home/tars/AutoModelCrofi/ros2_ws/build/lane_detector/build/lib/lane_detector/__init__.py -> /home/tars/AutoModelCrofi/ros2_ws/install/lane_detector/lib/python3.12/site-packages/lane_detector
[3.235s] byte-compiling /home/tars/AutoModelCrofi/ros2_ws/install/lane_detector/lib/python3.12/site-packages/lane_detector/lane_detector.py to lane_detector.cpython-312.pyc
[3.236s] byte-compiling /home/tars/AutoModelCrofi/ros2_ws/install/lane_detector/lib/python3.12/site-packages/lane_detector/__init__.py to __init__.cpython-312.pyc
[3.236s] running install_data
[3.236s] copying resource/lane_detector -> /home/tars/AutoModelCrofi/ros2_ws/install/lane_detector/share/ament_index/resource_index/packages
[3.236s] copying package.xml -> /home/tars/AutoModelCrofi/ros2_ws/install/lane_detector/share/lane_detector
[3.237s] running install_egg_info
[3.264s] Copying ../../../build/lane_detector/lane_detector.egg-info to /home/tars/AutoModelCrofi/ros2_ws/install/lane_detector/lib/python3.12/site-packages/lane_detector-0.0.0-py3.12.egg-info
[3.264s] running install_scripts
[3.464s] Installing lane_detector script to /home/tars/AutoModelCrofi/ros2_ws/install/lane_detector/lib/lane_detector
[3.464s] writing list of installed files to '/home/tars/AutoModelCrofi/ros2_ws/build/lane_detector/install.log'
[3.768s] Invoked command in '/home/tars/AutoModelCrofi/ros2_ws/src/vision/lane_detector' returned '0': PYTHONPATH=/home/tars/AutoModelCrofi/ros2_ws/build/lane_detector/prefix_override:/usr/lib/python3/dist-packages/colcon_core/task/python/colcon_distutils_commands:/home/tars/AutoModelCrofi/ros2_ws/install/lane_detector/lib/python3.12/site-packages:${PYTHONPATH} /usr/bin/python3 -W ignore:setup.py install is deprecated -W ignore:easy_install command is deprecated setup.py egg_info --egg-base ../../../build/lane_detector build --build-base /home/tars/AutoModelCrofi/ros2_ws/build/lane_detector/build install --record /home/tars/AutoModelCrofi/ros2_ws/build/lane_detector/install.log --single-version-externally-managed install_data --force
