[12.071s] Invoking command in '/home/crofi/AutoModel_Rep/ros2_ws/src/hardware/webcam_recorted': PYTHONPATH=/home/crofi/AutoModel_Rep/build/webcam_recorted/prefix_override:/usr/lib/python3/dist-packages/colcon_core/task/python/colcon_distutils_commands:/home/crofi/AutoModel_Rep/install/webcam_recorted/lib/python3.10/site-packages:${PYTHONPATH} /usr/bin/python3 -W ignore:setup.py install is deprecated -W ignore:easy_install command is deprecated setup.py egg_info --egg-base ../../../../build/webcam_recorted build --build-base /home/crofi/AutoModel_Rep/build/webcam_recorted/build install --record /home/crofi/AutoModel_Rep/build/webcam_recorted/install.log --single-version-externally-managed install_data
[15.239s] running egg_info
[15.243s] writing ../../../../build/webcam_recorted/webcam_recorted.egg-info/PKG-INFO
[15.244s] writing dependency_links to ../../../../build/webcam_recorted/webcam_recorted.egg-info/dependency_links.txt
[15.246s] writing entry points to ../../../../build/webcam_recorted/webcam_recorted.egg-info/entry_points.txt
[15.249s] writing requirements to ../../../../build/webcam_recorted/webcam_recorted.egg-info/requires.txt
[15.250s] writing top-level names to ../../../../build/webcam_recorted/webcam_recorted.egg-info/top_level.txt
[15.259s] reading manifest file '../../../../build/webcam_recorted/webcam_recorted.egg-info/SOURCES.txt'
[15.269s] writing manifest file '../../../../build/webcam_recorted/webcam_recorted.egg-info/SOURCES.txt'
[15.290s] running build
[15.291s] running build_py
[15.293s] running install
[15.294s] running install_lib
[15.312s] running install_data
[15.313s] running install_egg_info
[15.322s] removing '/home/crofi/AutoModel_Rep/install/webcam_recorted/lib/python3.10/site-packages/webcam_recorted-0.0.0-py3.10.egg-info' (and everything under it)
[15.324s] Copying ../../../../build/webcam_recorted/webcam_recorted.egg-info to /home/crofi/AutoModel_Rep/install/webcam_recorted/lib/python3.10/site-packages/webcam_recorted-0.0.0-py3.10.egg-info
[15.338s] running install_scripts
[15.534s] Installing webcam_recorted script to /home/crofi/AutoModel_Rep/install/webcam_recorted/lib/webcam_recorted
[15.537s] writing list of installed files to '/home/crofi/AutoModel_Rep/build/webcam_recorted/install.log'
[15.837s] Invoked command in '/home/crofi/AutoModel_Rep/ros2_ws/src/hardware/webcam_recorted' returned '0': PYTHONPATH=/home/crofi/AutoModel_Rep/build/webcam_recorted/prefix_override:/usr/lib/python3/dist-packages/colcon_core/task/python/colcon_distutils_commands:/home/crofi/AutoModel_Rep/install/webcam_recorted/lib/python3.10/site-packages:${PYTHONPATH} /usr/bin/python3 -W ignore:setup.py install is deprecated -W ignore:easy_install command is deprecated setup.py egg_info --egg-base ../../../../build/webcam_recorted build --build-base /home/crofi/AutoModel_Rep/build/webcam_recorted/build install --record /home/crofi/AutoModel_Rep/build/webcam_recorted/install.log --single-version-externally-managed install_data
