[0.619s] DEBUG:colcon:Command line arguments: ['/usr/bin/colcon', 'build']
[0.620s] DEBUG:colcon:Parsed command line arguments: Namespace(log_base=None, log_level=None, verb_name='build', build_base='build', install_base='install', merge_install=False, symlink_install=False, test_result_base=None, continue_on_error=False, executor='parallel', parallel_workers=4, event_handlers=None, ignore_user_meta=False, metas=['./colcon.meta'], base_paths=['.'], packages_ignore=None, packages_ignore_regex=None, paths=None, packages_up_to=None, packages_up_to_regex=None, packages_above=None, packages_above_and_dependencies=None, packages_above_depth=None, packages_select_by_dep=None, packages_skip_by_dep=None, packages_skip_up_to=None, packages_select_build_failed=False, packages_skip_build_finished=False, packages_select_test_failures=False, packages_skip_test_passed=False, packages_select=None, packages_skip=None, packages_select_regex=None, packages_skip_regex=None, packages_start=None, packages_end=None, allow_overriding=[], cmake_args=None, cmake_target=None, cmake_target_skip_unavailable=False, cmake_clean_cache=False, cmake_clean_first=False, cmake_force_configure=False, ament_cmake_args=None, catkin_cmake_args=None, catkin_skip_building_tests=False, mixin_files=None, mixin=None, verb_parser=<colcon_mixin.mixin.mixin_argument.MixinArgumentDecorator object at 0xffff9d9e6a40>, verb_extension=<colcon_core.verb.build.BuildVerb object at 0xffff9db7f9d0>, main=<bound method BuildVerb.main of <colcon_core.verb.build.BuildVerb object at 0xffff9db7f9d0>>, mixin_verb=('build',))
[1.736s] Level 1:colcon.colcon_core.package_discovery:discover_packages(colcon_meta) check parameters
[1.737s] Level 1:colcon.colcon_core.package_discovery:discover_packages(recursive) check parameters
[1.737s] Level 1:colcon.colcon_core.package_discovery:discover_packages(ignore) check parameters
[1.737s] Level 1:colcon.colcon_core.package_discovery:discover_packages(path) check parameters
[1.737s] Level 1:colcon.colcon_core.package_discovery:discover_packages(colcon_meta) discover
[1.738s] Level 1:colcon.colcon_core.package_discovery:discover_packages(recursive) discover
[1.738s] INFO:colcon.colcon_core.package_discovery:Crawling recursively for packages in '/home/crofi/ros2_ws'
[1.738s] Level 1:colcon.colcon_core.package_identification:_identify(.) by extensions ['ignore', 'ignore_ament_install']
[1.739s] Level 1:colcon.colcon_core.package_identification:_identify(.) by extension 'ignore'
[1.739s] Level 1:colcon.colcon_core.package_identification:_identify(.) by extension 'ignore_ament_install'
[1.739s] Level 1:colcon.colcon_core.package_identification:_identify(.) by extensions ['colcon_pkg']
[1.739s] Level 1:colcon.colcon_core.package_identification:_identify(.) by extension 'colcon_pkg'
[1.739s] Level 1:colcon.colcon_core.package_identification:_identify(.) by extensions ['colcon_meta']
[1.740s] Level 1:colcon.colcon_core.package_identification:_identify(.) by extension 'colcon_meta'
[1.740s] Level 1:colcon.colcon_core.package_identification:_identify(.) by extensions ['ros']
[1.740s] Level 1:colcon.colcon_core.package_identification:_identify(.) by extension 'ros'
[1.790s] Level 1:colcon.colcon_core.package_identification:_identify(.) by extensions ['cmake', 'python']
[1.791s] Level 1:colcon.colcon_core.package_identification:_identify(.) by extension 'cmake'
[1.791s] Level 1:colcon.colcon_core.package_identification:_identify(.) by extension 'python'
[1.791s] Level 1:colcon.colcon_core.package_identification:_identify(.) by extensions ['python_setup_py']
[1.791s] Level 1:colcon.colcon_core.package_identification:_identify(.) by extension 'python_setup_py'
[1.792s] Level 1:colcon.colcon_core.package_identification:_identify(build) by extensions ['ignore', 'ignore_ament_install']
[1.792s] Level 1:colcon.colcon_core.package_identification:_identify(build) by extension 'ignore'
[1.792s] Level 1:colcon.colcon_core.package_identification:_identify(build) ignored
[1.793s] Level 1:colcon.colcon_core.package_identification:_identify(install) by extensions ['ignore', 'ignore_ament_install']
[1.793s] Level 1:colcon.colcon_core.package_identification:_identify(install) by extension 'ignore'
[1.794s] Level 1:colcon.colcon_core.package_identification:_identify(install) ignored
[1.796s] Level 1:colcon.colcon_core.package_identification:_identify(log) by extensions ['ignore', 'ignore_ament_install']
[1.796s] Level 1:colcon.colcon_core.package_identification:_identify(log) by extension 'ignore'
[1.796s] Level 1:colcon.colcon_core.package_identification:_identify(log) ignored
[1.797s] Level 1:colcon.colcon_core.package_identification:_identify(src) by extensions ['ignore', 'ignore_ament_install']
[1.797s] Level 1:colcon.colcon_core.package_identification:_identify(src) by extension 'ignore'
[1.797s] Level 1:colcon.colcon_core.package_identification:_identify(src) by extension 'ignore_ament_install'
[1.798s] Level 1:colcon.colcon_core.package_identification:_identify(src) by extensions ['colcon_pkg']
[1.798s] Level 1:colcon.colcon_core.package_identification:_identify(src) by extension 'colcon_pkg'
[1.798s] Level 1:colcon.colcon_core.package_identification:_identify(src) by extensions ['colcon_meta']
[1.798s] Level 1:colcon.colcon_core.package_identification:_identify(src) by extension 'colcon_meta'
[1.798s] Level 1:colcon.colcon_core.package_identification:_identify(src) by extensions ['ros']
[1.798s] Level 1:colcon.colcon_core.package_identification:_identify(src) by extension 'ros'
[1.799s] Level 1:colcon.colcon_core.package_identification:_identify(src) by extensions ['cmake', 'python']
[1.799s] Level 1:colcon.colcon_core.package_identification:_identify(src) by extension 'cmake'
[1.799s] Level 1:colcon.colcon_core.package_identification:_identify(src) by extension 'python'
[1.799s] Level 1:colcon.colcon_core.package_identification:_identify(src) by extensions ['python_setup_py']
[1.799s] Level 1:colcon.colcon_core.package_identification:_identify(src) by extension 'python_setup_py'
[1.800s] Level 1:colcon.colcon_core.package_identification:_identify(src/build) by extensions ['ignore', 'ignore_ament_install']
[1.800s] Level 1:colcon.colcon_core.package_identification:_identify(src/build) by extension 'ignore'
[1.800s] Level 1:colcon.colcon_core.package_identification:_identify(src/build) ignored
[1.801s] Level 1:colcon.colcon_core.package_identification:_identify(src/hardware) by extensions ['ignore', 'ignore_ament_install']
[1.801s] Level 1:colcon.colcon_core.package_identification:_identify(src/hardware) by extension 'ignore'
[1.801s] Level 1:colcon.colcon_core.package_identification:_identify(src/hardware) by extension 'ignore_ament_install'
[1.801s] Level 1:colcon.colcon_core.package_identification:_identify(src/hardware) by extensions ['colcon_pkg']
[1.802s] Level 1:colcon.colcon_core.package_identification:_identify(src/hardware) by extension 'colcon_pkg'
[1.802s] Level 1:colcon.colcon_core.package_identification:_identify(src/hardware) by extensions ['colcon_meta']
[1.802s] Level 1:colcon.colcon_core.package_identification:_identify(src/hardware) by extension 'colcon_meta'
[1.802s] Level 1:colcon.colcon_core.package_identification:_identify(src/hardware) by extensions ['ros']
[1.802s] Level 1:colcon.colcon_core.package_identification:_identify(src/hardware) by extension 'ros'
[1.803s] Level 1:colcon.colcon_core.package_identification:_identify(src/hardware) by extensions ['cmake', 'python']
[1.803s] Level 1:colcon.colcon_core.package_identification:_identify(src/hardware) by extension 'cmake'
[1.803s] Level 1:colcon.colcon_core.package_identification:_identify(src/hardware) by extension 'python'
[1.803s] Level 1:colcon.colcon_core.package_identification:_identify(src/hardware) by extensions ['python_setup_py']
[1.803s] Level 1:colcon.colcon_core.package_identification:_identify(src/hardware) by extension 'python_setup_py'
[1.804s] Level 1:colcon.colcon_core.package_identification:_identify(src/hardware/servo) by extensions ['ignore', 'ignore_ament_install']
[1.804s] Level 1:colcon.colcon_core.package_identification:_identify(src/hardware/servo) by extension 'ignore'
[1.804s] Level 1:colcon.colcon_core.package_identification:_identify(src/hardware/servo) by extension 'ignore_ament_install'
[1.804s] Level 1:colcon.colcon_core.package_identification:_identify(src/hardware/servo) by extensions ['colcon_pkg']
[1.805s] Level 1:colcon.colcon_core.package_identification:_identify(src/hardware/servo) by extension 'colcon_pkg'
[1.805s] Level 1:colcon.colcon_core.package_identification:_identify(src/hardware/servo) by extensions ['colcon_meta']
[1.805s] Level 1:colcon.colcon_core.package_identification:_identify(src/hardware/servo) by extension 'colcon_meta'
[1.805s] Level 1:colcon.colcon_core.package_identification:_identify(src/hardware/servo) by extensions ['ros']
[1.805s] Level 1:colcon.colcon_core.package_identification:_identify(src/hardware/servo) by extension 'ros'
[1.815s] DEBUG:colcon.colcon_core.package_identification:Package 'src/hardware/servo' with type 'ros.ament_python' and name 'servo'
[1.816s] Level 1:colcon.colcon_core.package_identification:_identify(src/hardware/webcam) by extensions ['ignore', 'ignore_ament_install']
[1.816s] Level 1:colcon.colcon_core.package_identification:_identify(src/hardware/webcam) by extension 'ignore'
[1.816s] Level 1:colcon.colcon_core.package_identification:_identify(src/hardware/webcam) by extension 'ignore_ament_install'
[1.816s] Level 1:colcon.colcon_core.package_identification:_identify(src/hardware/webcam) by extensions ['colcon_pkg']
[1.817s] Level 1:colcon.colcon_core.package_identification:_identify(src/hardware/webcam) by extension 'colcon_pkg'
[1.817s] Level 1:colcon.colcon_core.package_identification:_identify(src/hardware/webcam) by extensions ['colcon_meta']
[1.817s] Level 1:colcon.colcon_core.package_identification:_identify(src/hardware/webcam) by extension 'colcon_meta'
[1.817s] Level 1:colcon.colcon_core.package_identification:_identify(src/hardware/webcam) by extensions ['ros']
[1.817s] Level 1:colcon.colcon_core.package_identification:_identify(src/hardware/webcam) by extension 'ros'
[1.819s] DEBUG:colcon.colcon_core.package_identification:Package 'src/hardware/webcam' with type 'ros.ament_python' and name 'webcam'
[1.820s] Level 1:colcon.colcon_core.package_identification:_identify(src/install) by extensions ['ignore', 'ignore_ament_install']
[1.821s] Level 1:colcon.colcon_core.package_identification:_identify(src/install) by extension 'ignore'
[1.821s] Level 1:colcon.colcon_core.package_identification:_identify(src/install) ignored
[1.821s] Level 1:colcon.colcon_core.package_identification:_identify(src/log) by extensions ['ignore', 'ignore_ament_install']
[1.822s] Level 1:colcon.colcon_core.package_identification:_identify(src/log) by extension 'ignore'
[1.822s] Level 1:colcon.colcon_core.package_identification:_identify(src/log) ignored
[1.822s] Level 1:colcon.colcon_core.package_identification:_identify(src/vision) by extensions ['ignore', 'ignore_ament_install']
[1.823s] Level 1:colcon.colcon_core.package_identification:_identify(src/vision) by extension 'ignore'
[1.823s] Level 1:colcon.colcon_core.package_identification:_identify(src/vision) by extension 'ignore_ament_install'
[1.823s] Level 1:colcon.colcon_core.package_identification:_identify(src/vision) by extensions ['colcon_pkg']
[1.823s] Level 1:colcon.colcon_core.package_identification:_identify(src/vision) by extension 'colcon_pkg'
[1.824s] Level 1:colcon.colcon_core.package_identification:_identify(src/vision) by extensions ['colcon_meta']
[1.824s] Level 1:colcon.colcon_core.package_identification:_identify(src/vision) by extension 'colcon_meta'
[1.824s] Level 1:colcon.colcon_core.package_identification:_identify(src/vision) by extensions ['ros']
[1.824s] Level 1:colcon.colcon_core.package_identification:_identify(src/vision) by extension 'ros'
[1.824s] Level 1:colcon.colcon_core.package_identification:_identify(src/vision) by extensions ['cmake', 'python']
[1.824s] Level 1:colcon.colcon_core.package_identification:_identify(src/vision) by extension 'cmake'
[1.825s] Level 1:colcon.colcon_core.package_identification:_identify(src/vision) by extension 'python'
[1.825s] Level 1:colcon.colcon_core.package_identification:_identify(src/vision) by extensions ['python_setup_py']
[1.825s] Level 1:colcon.colcon_core.package_identification:_identify(src/vision) by extension 'python_setup_py'
[1.826s] Level 1:colcon.colcon_core.package_identification:_identify(src/vision/lane_angle) by extensions ['ignore', 'ignore_ament_install']
[1.826s] Level 1:colcon.colcon_core.package_identification:_identify(src/vision/lane_angle) by extension 'ignore'
[1.826s] Level 1:colcon.colcon_core.package_identification:_identify(src/vision/lane_angle) by extension 'ignore_ament_install'
[1.827s] Level 1:colcon.colcon_core.package_identification:_identify(src/vision/lane_angle) by extensions ['colcon_pkg']
[1.827s] Level 1:colcon.colcon_core.package_identification:_identify(src/vision/lane_angle) by extension 'colcon_pkg'
[1.827s] Level 1:colcon.colcon_core.package_identification:_identify(src/vision/lane_angle) by extensions ['colcon_meta']
[1.827s] Level 1:colcon.colcon_core.package_identification:_identify(src/vision/lane_angle) by extension 'colcon_meta'
[1.827s] Level 1:colcon.colcon_core.package_identification:_identify(src/vision/lane_angle) by extensions ['ros']
[1.827s] Level 1:colcon.colcon_core.package_identification:_identify(src/vision/lane_angle) by extension 'ros'
[1.831s] DEBUG:colcon.colcon_core.package_identification:Package 'src/vision/lane_angle' with type 'ros.ament_python' and name 'lane_angle'
[1.833s] Level 1:colcon.colcon_core.package_identification:_identify(src/vision/lane_detector) by extensions ['ignore', 'ignore_ament_install']
[1.834s] Level 1:colcon.colcon_core.package_identification:_identify(src/vision/lane_detector) by extension 'ignore'
[1.835s] Level 1:colcon.colcon_core.package_identification:_identify(src/vision/lane_detector) by extension 'ignore_ament_install'
[1.835s] Level 1:colcon.colcon_core.package_identification:_identify(src/vision/lane_detector) by extensions ['colcon_pkg']
[1.835s] Level 1:colcon.colcon_core.package_identification:_identify(src/vision/lane_detector) by extension 'colcon_pkg'
[1.835s] Level 1:colcon.colcon_core.package_identification:_identify(src/vision/lane_detector) by extensions ['colcon_meta']
[1.836s] Level 1:colcon.colcon_core.package_identification:_identify(src/vision/lane_detector) by extension 'colcon_meta'
[1.836s] Level 1:colcon.colcon_core.package_identification:_identify(src/vision/lane_detector) by extensions ['ros']
[1.836s] Level 1:colcon.colcon_core.package_identification:_identify(src/vision/lane_detector) by extension 'ros'
[1.838s] DEBUG:colcon.colcon_core.package_identification:Package 'src/vision/lane_detector' with type 'ros.ament_python' and name 'lane_detector'
[1.839s] Level 1:colcon.colcon_core.package_identification:_identify(src/vision/senal_detector) by extensions ['ignore', 'ignore_ament_install']
[1.839s] Level 1:colcon.colcon_core.package_identification:_identify(src/vision/senal_detector) by extension 'ignore'
[1.840s] Level 1:colcon.colcon_core.package_identification:_identify(src/vision/senal_detector) by extension 'ignore_ament_install'
[1.840s] Level 1:colcon.colcon_core.package_identification:_identify(src/vision/senal_detector) by extensions ['colcon_pkg']
[1.840s] Level 1:colcon.colcon_core.package_identification:_identify(src/vision/senal_detector) by extension 'colcon_pkg'
[1.840s] Level 1:colcon.colcon_core.package_identification:_identify(src/vision/senal_detector) by extensions ['colcon_meta']
[1.840s] Level 1:colcon.colcon_core.package_identification:_identify(src/vision/senal_detector) by extension 'colcon_meta'
[1.840s] Level 1:colcon.colcon_core.package_identification:_identify(src/vision/senal_detector) by extensions ['ros']
[1.841s] Level 1:colcon.colcon_core.package_identification:_identify(src/vision/senal_detector) by extension 'ros'
[1.843s] DEBUG:colcon.colcon_core.package_identification:Package 'src/vision/senal_detector' with type 'ros.ament_python' and name 'senal_detector'
[1.843s] Level 1:colcon.colcon_core.package_discovery:discover_packages(recursive) using defaults
[1.843s] Level 1:colcon.colcon_core.package_discovery:discover_packages(ignore) discover
[1.843s] Level 1:colcon.colcon_core.package_discovery:discover_packages(ignore) using defaults
[1.844s] Level 1:colcon.colcon_core.package_discovery:discover_packages(path) discover
[1.844s] Level 1:colcon.colcon_core.package_discovery:discover_packages(path) using defaults
[2.010s] Level 1:colcon.colcon_core.package_discovery:discover_packages(prefix_path) check parameters
[2.011s] Level 1:colcon.colcon_core.package_discovery:discover_packages(prefix_path) discover
[2.031s] DEBUG:colcon.colcon_installed_package_information.package_discovery:Found 7 installed packages in /home/crofi/ros2_ws/install
[2.036s] DEBUG:colcon.colcon_installed_package_information.package_discovery:Found 0 installed packages in /home/crofi/opencv_project/install
[2.047s] DEBUG:colcon.colcon_installed_package_information.package_discovery:Found 295 installed packages in /opt/ros/humble
[2.056s] Level 1:colcon.colcon_core.package_discovery:discover_packages(prefix_path) using defaults
[2.461s] Level 5:colcon.colcon_core.verb:set package 'lane_angle' build argument 'cmake_args' from command line to 'None'
[2.462s] Level 5:colcon.colcon_core.verb:set package 'lane_angle' build argument 'cmake_target' from command line to 'None'
[2.462s] Level 5:colcon.colcon_core.verb:set package 'lane_angle' build argument 'cmake_target_skip_unavailable' from command line to 'False'
[2.462s] Level 5:colcon.colcon_core.verb:set package 'lane_angle' build argument 'cmake_clean_cache' from command line to 'False'
[2.463s] Level 5:colcon.colcon_core.verb:set package 'lane_angle' build argument 'cmake_clean_first' from command line to 'False'
[2.463s] Level 5:colcon.colcon_core.verb:set package 'lane_angle' build argument 'cmake_force_configure' from command line to 'False'
[2.463s] Level 5:colcon.colcon_core.verb:set package 'lane_angle' build argument 'ament_cmake_args' from command line to 'None'
[2.464s] Level 5:colcon.colcon_core.verb:set package 'lane_angle' build argument 'catkin_cmake_args' from command line to 'None'
[2.464s] Level 5:colcon.colcon_core.verb:set package 'lane_angle' build argument 'catkin_skip_building_tests' from command line to 'False'
[2.464s] DEBUG:colcon.colcon_core.verb:Building package 'lane_angle' with the following arguments: {'ament_cmake_args': None, 'build_base': '/home/crofi/ros2_ws/build/lane_angle', 'catkin_cmake_args': None, 'catkin_skip_building_tests': False, 'cmake_args': None, 'cmake_clean_cache': False, 'cmake_clean_first': False, 'cmake_force_configure': False, 'cmake_target': None, 'cmake_target_skip_unavailable': False, 'install_base': '/home/crofi/ros2_ws/install/lane_angle', 'merge_install': False, 'path': '/home/crofi/ros2_ws/src/vision/lane_angle', 'symlink_install': False, 'test_result_base': None}
[2.467s] Level 5:colcon.colcon_core.verb:set package 'lane_detector' build argument 'cmake_args' from command line to 'None'
[2.467s] Level 5:colcon.colcon_core.verb:set package 'lane_detector' build argument 'cmake_target' from command line to 'None'
[2.467s] Level 5:colcon.colcon_core.verb:set package 'lane_detector' build argument 'cmake_target_skip_unavailable' from command line to 'False'
[2.468s] Level 5:colcon.colcon_core.verb:set package 'lane_detector' build argument 'cmake_clean_cache' from command line to 'False'
[2.468s] Level 5:colcon.colcon_core.verb:set package 'lane_detector' build argument 'cmake_clean_first' from command line to 'False'
[2.468s] Level 5:colcon.colcon_core.verb:set package 'lane_detector' build argument 'cmake_force_configure' from command line to 'False'
[2.468s] Level 5:colcon.colcon_core.verb:set package 'lane_detector' build argument 'ament_cmake_args' from command line to 'None'
[2.468s] Level 5:colcon.colcon_core.verb:set package 'lane_detector' build argument 'catkin_cmake_args' from command line to 'None'
[2.468s] Level 5:colcon.colcon_core.verb:set package 'lane_detector' build argument 'catkin_skip_building_tests' from command line to 'False'
[2.468s] DEBUG:colcon.colcon_core.verb:Building package 'lane_detector' with the following arguments: {'ament_cmake_args': None, 'build_base': '/home/crofi/ros2_ws/build/lane_detector', 'catkin_cmake_args': None, 'catkin_skip_building_tests': False, 'cmake_args': None, 'cmake_clean_cache': False, 'cmake_clean_first': False, 'cmake_force_configure': False, 'cmake_target': None, 'cmake_target_skip_unavailable': False, 'install_base': '/home/crofi/ros2_ws/install/lane_detector', 'merge_install': False, 'path': '/home/crofi/ros2_ws/src/vision/lane_detector', 'symlink_install': False, 'test_result_base': None}
[2.471s] Level 5:colcon.colcon_core.verb:set package 'senal_detector' build argument 'cmake_args' from command line to 'None'
[2.471s] Level 5:colcon.colcon_core.verb:set package 'senal_detector' build argument 'cmake_target' from command line to 'None'
[2.471s] Level 5:colcon.colcon_core.verb:set package 'senal_detector' build argument 'cmake_target_skip_unavailable' from command line to 'False'
[2.471s] Level 5:colcon.colcon_core.verb:set package 'senal_detector' build argument 'cmake_clean_cache' from command line to 'False'
[2.471s] Level 5:colcon.colcon_core.verb:set package 'senal_detector' build argument 'cmake_clean_first' from command line to 'False'
[2.471s] Level 5:colcon.colcon_core.verb:set package 'senal_detector' build argument 'cmake_force_configure' from command line to 'False'
[2.472s] Level 5:colcon.colcon_core.verb:set package 'senal_detector' build argument 'ament_cmake_args' from command line to 'None'
[2.472s] Level 5:colcon.colcon_core.verb:set package 'senal_detector' build argument 'catkin_cmake_args' from command line to 'None'
[2.472s] Level 5:colcon.colcon_core.verb:set package 'senal_detector' build argument 'catkin_skip_building_tests' from command line to 'False'
[2.472s] DEBUG:colcon.colcon_core.verb:Building package 'senal_detector' with the following arguments: {'ament_cmake_args': None, 'build_base': '/home/crofi/ros2_ws/build/senal_detector', 'catkin_cmake_args': None, 'catkin_skip_building_tests': False, 'cmake_args': None, 'cmake_clean_cache': False, 'cmake_clean_first': False, 'cmake_force_configure': False, 'cmake_target': None, 'cmake_target_skip_unavailable': False, 'install_base': '/home/crofi/ros2_ws/install/senal_detector', 'merge_install': False, 'path': '/home/crofi/ros2_ws/src/vision/senal_detector', 'symlink_install': False, 'test_result_base': None}
[2.475s] Level 5:colcon.colcon_core.verb:set package 'servo' build argument 'cmake_args' from command line to 'None'
[2.475s] Level 5:colcon.colcon_core.verb:set package 'servo' build argument 'cmake_target' from command line to 'None'
[2.476s] Level 5:colcon.colcon_core.verb:set package 'servo' build argument 'cmake_target_skip_unavailable' from command line to 'False'
[2.476s] Level 5:colcon.colcon_core.verb:set package 'servo' build argument 'cmake_clean_cache' from command line to 'False'
[2.476s] Level 5:colcon.colcon_core.verb:set package 'servo' build argument 'cmake_clean_first' from command line to 'False'
[2.476s] Level 5:colcon.colcon_core.verb:set package 'servo' build argument 'cmake_force_configure' from command line to 'False'
[2.477s] Level 5:colcon.colcon_core.verb:set package 'servo' build argument 'ament_cmake_args' from command line to 'None'
[2.477s] Level 5:colcon.colcon_core.verb:set package 'servo' build argument 'catkin_cmake_args' from command line to 'None'
[2.477s] Level 5:colcon.colcon_core.verb:set package 'servo' build argument 'catkin_skip_building_tests' from command line to 'False'
[2.477s] DEBUG:colcon.colcon_core.verb:Building package 'servo' with the following arguments: {'ament_cmake_args': None, 'build_base': '/home/crofi/ros2_ws/build/servo', 'catkin_cmake_args': None, 'catkin_skip_building_tests': False, 'cmake_args': None, 'cmake_clean_cache': False, 'cmake_clean_first': False, 'cmake_force_configure': False, 'cmake_target': None, 'cmake_target_skip_unavailable': False, 'install_base': '/home/crofi/ros2_ws/install/servo', 'merge_install': False, 'path': '/home/crofi/ros2_ws/src/hardware/servo', 'symlink_install': False, 'test_result_base': None}
[2.480s] Level 5:colcon.colcon_core.verb:set package 'webcam' build argument 'cmake_args' from command line to 'None'
[2.481s] Level 5:colcon.colcon_core.verb:set package 'webcam' build argument 'cmake_target' from command line to 'None'
[2.481s] Level 5:colcon.colcon_core.verb:set package 'webcam' build argument 'cmake_target_skip_unavailable' from command line to 'False'
[2.481s] Level 5:colcon.colcon_core.verb:set package 'webcam' build argument 'cmake_clean_cache' from command line to 'False'
[2.481s] Level 5:colcon.colcon_core.verb:set package 'webcam' build argument 'cmake_clean_first' from command line to 'False'
[2.481s] Level 5:colcon.colcon_core.verb:set package 'webcam' build argument 'cmake_force_configure' from command line to 'False'
[2.481s] Level 5:colcon.colcon_core.verb:set package 'webcam' build argument 'ament_cmake_args' from command line to 'None'
[2.481s] Level 5:colcon.colcon_core.verb:set package 'webcam' build argument 'catkin_cmake_args' from command line to 'None'
[2.481s] Level 5:colcon.colcon_core.verb:set package 'webcam' build argument 'catkin_skip_building_tests' from command line to 'False'
[2.481s] DEBUG:colcon.colcon_core.verb:Building package 'webcam' with the following arguments: {'ament_cmake_args': None, 'build_base': '/home/crofi/ros2_ws/build/webcam', 'catkin_cmake_args': None, 'catkin_skip_building_tests': False, 'cmake_args': None, 'cmake_clean_cache': False, 'cmake_clean_first': False, 'cmake_force_configure': False, 'cmake_target': None, 'cmake_target_skip_unavailable': False, 'install_base': '/home/crofi/ros2_ws/install/webcam', 'merge_install': False, 'path': '/home/crofi/ros2_ws/src/hardware/webcam', 'symlink_install': False, 'test_result_base': None}
[2.482s] INFO:colcon.colcon_core.executor:Executing jobs using 'parallel' executor
[2.491s] DEBUG:colcon.colcon_parallel_executor.executor.parallel:run_until_complete
[2.493s] INFO:colcon.colcon_ros.task.ament_python.build:Building ROS package in '/home/crofi/ros2_ws/src/vision/lane_angle' with build type 'ament_python'
[2.493s] Level 1:colcon.colcon_core.shell:create_environment_hook('lane_angle', 'ament_prefix_path')
[2.512s] INFO:colcon.colcon_core.plugin_system:Skipping extension 'colcon_core.shell.bat': Not used on non-Windows systems
[2.513s] INFO:colcon.colcon_core.shell:Creating environment hook '/home/crofi/ros2_ws/install/lane_angle/share/lane_angle/hook/ament_prefix_path.ps1'
[2.520s] INFO:colcon.colcon_core.shell:Creating environment descriptor '/home/crofi/ros2_ws/install/lane_angle/share/lane_angle/hook/ament_prefix_path.dsv'
[2.525s] INFO:colcon.colcon_core.shell:Creating environment hook '/home/crofi/ros2_ws/install/lane_angle/share/lane_angle/hook/ament_prefix_path.sh'
[2.542s] INFO:colcon.colcon_core.shell:Skip shell extension 'powershell' for command environment: Not usable outside of PowerShell
[2.543s] DEBUG:colcon.colcon_core.shell:Skip shell extension 'dsv' for command environment
[2.574s] INFO:colcon.colcon_ros.task.ament_python.build:Building ROS package in '/home/crofi/ros2_ws/src/vision/lane_detector' with build type 'ament_python'
[2.575s] Level 1:colcon.colcon_core.shell:create_environment_hook('lane_detector', 'ament_prefix_path')
[2.577s] INFO:colcon.colcon_core.shell:Creating environment hook '/home/crofi/ros2_ws/install/lane_detector/share/lane_detector/hook/ament_prefix_path.ps1'
[2.590s] INFO:colcon.colcon_core.shell:Creating environment descriptor '/home/crofi/ros2_ws/install/lane_detector/share/lane_detector/hook/ament_prefix_path.dsv'
[2.596s] INFO:colcon.colcon_core.shell:Creating environment hook '/home/crofi/ros2_ws/install/lane_detector/share/lane_detector/hook/ament_prefix_path.sh'
[2.603s] INFO:colcon.colcon_core.shell:Skip shell extension 'powershell' for command environment: Not usable outside of PowerShell
[2.603s] DEBUG:colcon.colcon_core.shell:Skip shell extension 'dsv' for command environment
[2.646s] INFO:colcon.colcon_ros.task.ament_python.build:Building ROS package in '/home/crofi/ros2_ws/src/vision/senal_detector' with build type 'ament_python'
[2.647s] Level 1:colcon.colcon_core.shell:create_environment_hook('senal_detector', 'ament_prefix_path')
[2.649s] INFO:colcon.colcon_core.shell:Creating environment hook '/home/crofi/ros2_ws/install/senal_detector/share/senal_detector/hook/ament_prefix_path.ps1'
[2.653s] INFO:colcon.colcon_core.shell:Creating environment descriptor '/home/crofi/ros2_ws/install/senal_detector/share/senal_detector/hook/ament_prefix_path.dsv'
[2.657s] INFO:colcon.colcon_core.shell:Creating environment hook '/home/crofi/ros2_ws/install/senal_detector/share/senal_detector/hook/ament_prefix_path.sh'
[2.661s] INFO:colcon.colcon_core.shell:Skip shell extension 'powershell' for command environment: Not usable outside of PowerShell
[2.662s] DEBUG:colcon.colcon_core.shell:Skip shell extension 'dsv' for command environment
[2.704s] INFO:colcon.colcon_ros.task.ament_python.build:Building ROS package in '/home/crofi/ros2_ws/src/hardware/servo' with build type 'ament_python'
[2.706s] Level 1:colcon.colcon_core.shell:create_environment_hook('servo', 'ament_prefix_path')
[2.708s] INFO:colcon.colcon_core.shell:Creating environment hook '/home/crofi/ros2_ws/install/servo/share/servo/hook/ament_prefix_path.ps1'
[2.712s] INFO:colcon.colcon_core.shell:Creating environment descriptor '/home/crofi/ros2_ws/install/servo/share/servo/hook/ament_prefix_path.dsv'
[2.716s] INFO:colcon.colcon_core.shell:Creating environment hook '/home/crofi/ros2_ws/install/servo/share/servo/hook/ament_prefix_path.sh'
[2.721s] INFO:colcon.colcon_core.shell:Skip shell extension 'powershell' for command environment: Not usable outside of PowerShell
[2.722s] DEBUG:colcon.colcon_core.shell:Skip shell extension 'dsv' for command environment
[4.589s] INFO:colcon.colcon_core.task.python.build:Building Python package in '/home/crofi/ros2_ws/src/vision/lane_angle'
[4.590s] INFO:colcon.colcon_core.shell:Skip shell extension 'powershell' for command environment: Not usable outside of PowerShell
[4.590s] DEBUG:colcon.colcon_core.shell:Skip shell extension 'dsv' for command environment
[6.411s] INFO:colcon.colcon_core.task.python.build:Building Python package in '/home/crofi/ros2_ws/src/vision/lane_detector'
[6.413s] INFO:colcon.colcon_core.shell:Skip shell extension 'powershell' for command environment: Not usable outside of PowerShell
[6.413s] DEBUG:colcon.colcon_core.shell:Skip shell extension 'dsv' for command environment
[8.057s] INFO:colcon.colcon_core.task.python.build:Building Python package in '/home/crofi/ros2_ws/src/vision/senal_detector'
[8.059s] INFO:colcon.colcon_core.shell:Skip shell extension 'powershell' for command environment: Not usable outside of PowerShell
[8.059s] DEBUG:colcon.colcon_core.shell:Skip shell extension 'dsv' for command environment
[9.834s] INFO:colcon.colcon_core.task.python.build:Building Python package in '/home/crofi/ros2_ws/src/hardware/servo'
[9.836s] INFO:colcon.colcon_core.shell:Skip shell extension 'powershell' for command environment: Not usable outside of PowerShell
[9.837s] DEBUG:colcon.colcon_core.shell:Skip shell extension 'dsv' for command environment
[13.335s] DEBUG:colcon.colcon_core.event_handler.log_command:Invoking command in '/home/crofi/ros2_ws/src/vision/lane_detector': PYTHONPATH=/home/crofi/ros2_ws/build/lane_detector/prefix_override:/usr/lib/python3/dist-packages/colcon_core/task/python/colcon_distutils_commands:/home/crofi/ros2_ws/install/lane_detector/lib/python3.10/site-packages:${PYTHONPATH} /usr/bin/python3 -W ignore:setup.py install is deprecated -W ignore:easy_install command is deprecated setup.py egg_info --egg-base ../../../build/lane_detector build --build-base /home/crofi/ros2_ws/build/lane_detector/build install --record /home/crofi/ros2_ws/build/lane_detector/install.log --single-version-externally-managed install_data
[13.947s] DEBUG:colcon.colcon_core.event_handler.log_command:Invoking command in '/home/crofi/ros2_ws/src/hardware/servo': PYTHONPATH=/home/crofi/ros2_ws/build/servo/prefix_override:/usr/lib/python3/dist-packages/colcon_core/task/python/colcon_distutils_commands:/home/crofi/ros2_ws/install/servo/lib/python3.10/site-packages:${PYTHONPATH} /usr/bin/python3 -W ignore:setup.py install is deprecated -W ignore:easy_install command is deprecated setup.py egg_info --egg-base ../../../build/servo build --build-base /home/crofi/ros2_ws/build/servo/build install --record /home/crofi/ros2_ws/build/servo/install.log --single-version-externally-managed install_data
[14.327s] DEBUG:colcon.colcon_core.event_handler.log_command:Invoking command in '/home/crofi/ros2_ws/src/vision/senal_detector': PYTHONPATH=/home/crofi/ros2_ws/build/senal_detector/prefix_override:/usr/lib/python3/dist-packages/colcon_core/task/python/colcon_distutils_commands:/home/crofi/ros2_ws/install/senal_detector/lib/python3.10/site-packages:${PYTHONPATH} /usr/bin/python3 -W ignore:setup.py install is deprecated -W ignore:easy_install command is deprecated setup.py egg_info --egg-base ../../../build/senal_detector build --build-base /home/crofi/ros2_ws/build/senal_detector/build install --record /home/crofi/ros2_ws/build/senal_detector/install.log --single-version-externally-managed install_data
[14.458s] DEBUG:colcon.colcon_core.event_handler.log_command:Invoking command in '/home/crofi/ros2_ws/src/vision/lane_angle': PYTHONPATH=/home/crofi/ros2_ws/build/lane_angle/prefix_override:/usr/lib/python3/dist-packages/colcon_core/task/python/colcon_distutils_commands:/home/crofi/ros2_ws/install/lane_angle/lib/python3.10/site-packages:${PYTHONPATH} /usr/bin/python3 -W ignore:setup.py install is deprecated -W ignore:easy_install command is deprecated setup.py egg_info --egg-base ../../../build/lane_angle build --build-base /home/crofi/ros2_ws/build/lane_angle/build install --record /home/crofi/ros2_ws/build/lane_angle/install.log --single-version-externally-managed install_data
[17.203s] DEBUG:colcon.colcon_core.event_handler.log_command:Invoked command in '/home/crofi/ros2_ws/src/hardware/servo' returned '0': PYTHONPATH=/home/crofi/ros2_ws/build/servo/prefix_override:/usr/lib/python3/dist-packages/colcon_core/task/python/colcon_distutils_commands:/home/crofi/ros2_ws/install/servo/lib/python3.10/site-packages:${PYTHONPATH} /usr/bin/python3 -W ignore:setup.py install is deprecated -W ignore:easy_install command is deprecated setup.py egg_info --egg-base ../../../build/servo build --build-base /home/crofi/ros2_ws/build/servo/build install --record /home/crofi/ros2_ws/build/servo/install.log --single-version-externally-managed install_data
[17.259s] Level 1:colcon.colcon_core.environment:checking '/home/crofi/ros2_ws/install/servo' for CMake module files
[17.266s] Level 1:colcon.colcon_core.environment:checking '/home/crofi/ros2_ws/install/servo' for CMake config files
[17.277s] Level 1:colcon.colcon_core.environment:checking '/home/crofi/ros2_ws/install/servo/lib'
[17.278s] Level 1:colcon.colcon_core.environment:checking '/home/crofi/ros2_ws/install/servo/bin'
[17.283s] Level 1:colcon.colcon_core.environment:checking '/home/crofi/ros2_ws/install/servo/lib/pkgconfig/servo.pc'
[17.285s] Level 1:colcon.colcon_core.environment:checking '/home/crofi/ros2_ws/install/servo/lib/python3.10/site-packages'
[17.294s] Level 1:colcon.colcon_core.shell:create_environment_hook('servo', 'pythonpath')
[17.295s] INFO:colcon.colcon_core.shell:Creating environment hook '/home/crofi/ros2_ws/install/servo/share/servo/hook/pythonpath.ps1'
[17.314s] INFO:colcon.colcon_core.shell:Creating environment descriptor '/home/crofi/ros2_ws/install/servo/share/servo/hook/pythonpath.dsv'
[17.320s] INFO:colcon.colcon_core.shell:Creating environment hook '/home/crofi/ros2_ws/install/servo/share/servo/hook/pythonpath.sh'
[17.326s] Level 1:colcon.colcon_core.environment:checking '/home/crofi/ros2_ws/install/servo/bin'
[17.327s] Level 1:colcon.colcon_core.environment:create_environment_scripts_only(servo)
[17.338s] INFO:colcon.colcon_core.shell:Creating package script '/home/crofi/ros2_ws/install/servo/share/servo/package.ps1'
[17.347s] INFO:colcon.colcon_core.shell:Creating package descriptor '/home/crofi/ros2_ws/install/servo/share/servo/package.dsv'
[17.352s] INFO:colcon.colcon_core.shell:Creating package script '/home/crofi/ros2_ws/install/servo/share/servo/package.sh'
[17.360s] INFO:colcon.colcon_core.shell:Creating package script '/home/crofi/ros2_ws/install/servo/share/servo/package.bash'
[17.367s] INFO:colcon.colcon_core.shell:Creating package script '/home/crofi/ros2_ws/install/servo/share/servo/package.zsh'
[17.388s] Level 1:colcon.colcon_core.environment:create_file_with_runtime_dependencies(/home/crofi/ros2_ws/install/servo/share/colcon-core/packages/servo)
[17.402s] INFO:colcon.colcon_ros.task.ament_python.build:Building ROS package in '/home/crofi/ros2_ws/src/hardware/webcam' with build type 'ament_python'
[17.404s] Level 1:colcon.colcon_core.shell:create_environment_hook('webcam', 'ament_prefix_path')
[17.406s] INFO:colcon.colcon_core.shell:Creating environment hook '/home/crofi/ros2_ws/install/webcam/share/webcam/hook/ament_prefix_path.ps1'
[17.409s] INFO:colcon.colcon_core.shell:Creating environment descriptor '/home/crofi/ros2_ws/install/webcam/share/webcam/hook/ament_prefix_path.dsv'
[17.413s] INFO:colcon.colcon_core.shell:Creating environment hook '/home/crofi/ros2_ws/install/webcam/share/webcam/hook/ament_prefix_path.sh'
[17.418s] INFO:colcon.colcon_core.shell:Skip shell extension 'powershell' for command environment: Not usable outside of PowerShell
[17.418s] DEBUG:colcon.colcon_core.shell:Skip shell extension 'dsv' for command environment
[19.946s] INFO:colcon.colcon_core.task.python.build:Building Python package in '/home/crofi/ros2_ws/src/hardware/webcam'
[19.947s] INFO:colcon.colcon_core.shell:Skip shell extension 'powershell' for command environment: Not usable outside of PowerShell
[19.947s] DEBUG:colcon.colcon_core.shell:Skip shell extension 'dsv' for command environment
[19.977s] Level 1:colcon.colcon_core.environment:checking '/home/crofi/ros2_ws/install/lane_detector' for CMake module files
[19.983s] DEBUG:colcon.colcon_core.event_handler.log_command:Invoked command in '/home/crofi/ros2_ws/src/vision/lane_detector' returned '0': PYTHONPATH=/home/crofi/ros2_ws/build/lane_detector/prefix_override:/usr/lib/python3/dist-packages/colcon_core/task/python/colcon_distutils_commands:/home/crofi/ros2_ws/install/lane_detector/lib/python3.10/site-packages:${PYTHONPATH} /usr/bin/python3 -W ignore:setup.py install is deprecated -W ignore:easy_install command is deprecated setup.py egg_info --egg-base ../../../build/lane_detector build --build-base /home/crofi/ros2_ws/build/lane_detector/build install --record /home/crofi/ros2_ws/build/lane_detector/install.log --single-version-externally-managed install_data
[19.987s] Level 1:colcon.colcon_core.environment:checking '/home/crofi/ros2_ws/install/lane_detector' for CMake config files
[19.991s] Level 1:colcon.colcon_core.environment:checking '/home/crofi/ros2_ws/install/lane_detector/lib'
[19.992s] Level 1:colcon.colcon_core.environment:checking '/home/crofi/ros2_ws/install/lane_detector/bin'
[19.992s] Level 1:colcon.colcon_core.environment:checking '/home/crofi/ros2_ws/install/lane_detector/lib/pkgconfig/lane_detector.pc'
[19.994s] Level 1:colcon.colcon_core.environment:checking '/home/crofi/ros2_ws/install/lane_detector/lib/python3.10/site-packages'
[19.995s] Level 1:colcon.colcon_core.shell:create_environment_hook('lane_detector', 'pythonpath')
[19.997s] INFO:colcon.colcon_core.shell:Creating environment hook '/home/crofi/ros2_ws/install/lane_detector/share/lane_detector/hook/pythonpath.ps1'
[19.999s] INFO:colcon.colcon_core.shell:Creating environment descriptor '/home/crofi/ros2_ws/install/lane_detector/share/lane_detector/hook/pythonpath.dsv'
[20.002s] INFO:colcon.colcon_core.shell:Creating environment hook '/home/crofi/ros2_ws/install/lane_detector/share/lane_detector/hook/pythonpath.sh'
[20.006s] Level 1:colcon.colcon_core.environment:checking '/home/crofi/ros2_ws/install/lane_detector/bin'
[20.006s] Level 1:colcon.colcon_core.environment:create_environment_scripts_only(lane_detector)
[20.008s] INFO:colcon.colcon_core.shell:Creating package script '/home/crofi/ros2_ws/install/lane_detector/share/lane_detector/package.ps1'
[20.010s] INFO:colcon.colcon_core.shell:Creating package descriptor '/home/crofi/ros2_ws/install/lane_detector/share/lane_detector/package.dsv'
[20.012s] INFO:colcon.colcon_core.shell:Creating package script '/home/crofi/ros2_ws/install/lane_detector/share/lane_detector/package.sh'
[20.015s] INFO:colcon.colcon_core.shell:Creating package script '/home/crofi/ros2_ws/install/lane_detector/share/lane_detector/package.bash'
[20.017s] INFO:colcon.colcon_core.shell:Creating package script '/home/crofi/ros2_ws/install/lane_detector/share/lane_detector/package.zsh'
[20.019s] Level 1:colcon.colcon_core.environment:create_file_with_runtime_dependencies(/home/crofi/ros2_ws/install/lane_detector/share/colcon-core/packages/lane_detector)
[20.021s] Level 1:colcon.colcon_core.environment:checking '/home/crofi/ros2_ws/install/senal_detector' for CMake module files
[20.025s] DEBUG:colcon.colcon_core.event_handler.log_command:Invoked command in '/home/crofi/ros2_ws/src/vision/senal_detector' returned '0': PYTHONPATH=/home/crofi/ros2_ws/build/senal_detector/prefix_override:/usr/lib/python3/dist-packages/colcon_core/task/python/colcon_distutils_commands:/home/crofi/ros2_ws/install/senal_detector/lib/python3.10/site-packages:${PYTHONPATH} /usr/bin/python3 -W ignore:setup.py install is deprecated -W ignore:easy_install command is deprecated setup.py egg_info --egg-base ../../../build/senal_detector build --build-base /home/crofi/ros2_ws/build/senal_detector/build install --record /home/crofi/ros2_ws/build/senal_detector/install.log --single-version-externally-managed install_data
[20.026s] Level 1:colcon.colcon_core.environment:checking '/home/crofi/ros2_ws/install/senal_detector' for CMake config files
[20.034s] Level 1:colcon.colcon_core.environment:checking '/home/crofi/ros2_ws/install/senal_detector/lib'
[20.035s] Level 1:colcon.colcon_core.environment:checking '/home/crofi/ros2_ws/install/senal_detector/bin'
[20.035s] Level 1:colcon.colcon_core.environment:checking '/home/crofi/ros2_ws/install/senal_detector/lib/pkgconfig/senal_detector.pc'
[20.037s] Level 1:colcon.colcon_core.environment:checking '/home/crofi/ros2_ws/install/senal_detector/lib/python3.10/site-packages'
[20.037s] Level 1:colcon.colcon_core.shell:create_environment_hook('senal_detector', 'pythonpath')
[20.039s] INFO:colcon.colcon_core.shell:Creating environment hook '/home/crofi/ros2_ws/install/senal_detector/share/senal_detector/hook/pythonpath.ps1'
[20.041s] INFO:colcon.colcon_core.shell:Creating environment descriptor '/home/crofi/ros2_ws/install/senal_detector/share/senal_detector/hook/pythonpath.dsv'
[20.159s] INFO:colcon.colcon_core.shell:Creating environment hook '/home/crofi/ros2_ws/install/senal_detector/share/senal_detector/hook/pythonpath.sh'
[20.163s] Level 1:colcon.colcon_core.environment:checking '/home/crofi/ros2_ws/install/senal_detector/bin'
[20.164s] Level 1:colcon.colcon_core.environment:create_environment_scripts_only(senal_detector)
[20.166s] INFO:colcon.colcon_core.shell:Creating package script '/home/crofi/ros2_ws/install/senal_detector/share/senal_detector/package.ps1'
[20.170s] INFO:colcon.colcon_core.shell:Creating package descriptor '/home/crofi/ros2_ws/install/senal_detector/share/senal_detector/package.dsv'
[20.175s] INFO:colcon.colcon_core.shell:Creating package script '/home/crofi/ros2_ws/install/senal_detector/share/senal_detector/package.sh'
[20.178s] INFO:colcon.colcon_core.shell:Creating package script '/home/crofi/ros2_ws/install/senal_detector/share/senal_detector/package.bash'
[20.182s] INFO:colcon.colcon_core.shell:Creating package script '/home/crofi/ros2_ws/install/senal_detector/share/senal_detector/package.zsh'
[20.187s] Level 1:colcon.colcon_core.environment:create_file_with_runtime_dependencies(/home/crofi/ros2_ws/install/senal_detector/share/colcon-core/packages/senal_detector)
[20.199s] Level 1:colcon.colcon_core.environment:checking '/home/crofi/ros2_ws/install/lane_angle' for CMake module files
[20.202s] DEBUG:colcon.colcon_core.event_handler.log_command:Invoked command in '/home/crofi/ros2_ws/src/vision/lane_angle' returned '0': PYTHONPATH=/home/crofi/ros2_ws/build/lane_angle/prefix_override:/usr/lib/python3/dist-packages/colcon_core/task/python/colcon_distutils_commands:/home/crofi/ros2_ws/install/lane_angle/lib/python3.10/site-packages:${PYTHONPATH} /usr/bin/python3 -W ignore:setup.py install is deprecated -W ignore:easy_install command is deprecated setup.py egg_info --egg-base ../../../build/lane_angle build --build-base /home/crofi/ros2_ws/build/lane_angle/build install --record /home/crofi/ros2_ws/build/lane_angle/install.log --single-version-externally-managed install_data
[20.207s] Level 1:colcon.colcon_core.environment:checking '/home/crofi/ros2_ws/install/lane_angle' for CMake config files
[20.213s] Level 1:colcon.colcon_core.environment:checking '/home/crofi/ros2_ws/install/lane_angle/lib'
[20.214s] Level 1:colcon.colcon_core.environment:checking '/home/crofi/ros2_ws/install/lane_angle/bin'
[20.215s] Level 1:colcon.colcon_core.environment:checking '/home/crofi/ros2_ws/install/lane_angle/lib/pkgconfig/lane_angle.pc'
[20.218s] Level 1:colcon.colcon_core.environment:checking '/home/crofi/ros2_ws/install/lane_angle/lib/python3.10/site-packages'
[20.219s] Level 1:colcon.colcon_core.shell:create_environment_hook('lane_angle', 'pythonpath')
[20.222s] INFO:colcon.colcon_core.shell:Creating environment hook '/home/crofi/ros2_ws/install/lane_angle/share/lane_angle/hook/pythonpath.ps1'
[20.228s] INFO:colcon.colcon_core.shell:Creating environment descriptor '/home/crofi/ros2_ws/install/lane_angle/share/lane_angle/hook/pythonpath.dsv'
[20.234s] INFO:colcon.colcon_core.shell:Creating environment hook '/home/crofi/ros2_ws/install/lane_angle/share/lane_angle/hook/pythonpath.sh'
[20.242s] Level 1:colcon.colcon_core.environment:checking '/home/crofi/ros2_ws/install/lane_angle/bin'
[20.244s] Level 1:colcon.colcon_core.environment:create_environment_scripts_only(lane_angle)
[20.246s] INFO:colcon.colcon_core.shell:Creating package script '/home/crofi/ros2_ws/install/lane_angle/share/lane_angle/package.ps1'
[20.249s] INFO:colcon.colcon_core.shell:Creating package descriptor '/home/crofi/ros2_ws/install/lane_angle/share/lane_angle/package.dsv'
[20.252s] INFO:colcon.colcon_core.shell:Creating package script '/home/crofi/ros2_ws/install/lane_angle/share/lane_angle/package.sh'
[20.257s] INFO:colcon.colcon_core.shell:Creating package script '/home/crofi/ros2_ws/install/lane_angle/share/lane_angle/package.bash'
[20.261s] INFO:colcon.colcon_core.shell:Creating package script '/home/crofi/ros2_ws/install/lane_angle/share/lane_angle/package.zsh'
[20.264s] Level 1:colcon.colcon_core.environment:create_file_with_runtime_dependencies(/home/crofi/ros2_ws/install/lane_angle/share/colcon-core/packages/lane_angle)
[22.464s] DEBUG:colcon.colcon_core.event_handler.log_command:Invoking command in '/home/crofi/ros2_ws/src/hardware/webcam': PYTHONPATH=/home/crofi/ros2_ws/build/webcam/prefix_override:/usr/lib/python3/dist-packages/colcon_core/task/python/colcon_distutils_commands:/home/crofi/ros2_ws/install/webcam/lib/python3.10/site-packages:${PYTHONPATH} /usr/bin/python3 -W ignore:setup.py install is deprecated -W ignore:easy_install command is deprecated setup.py egg_info --egg-base ../../../build/webcam build --build-base /home/crofi/ros2_ws/build/webcam/build install --record /home/crofi/ros2_ws/build/webcam/install.log --single-version-externally-managed install_data
[24.388s] Level 1:colcon.colcon_core.environment:checking '/home/crofi/ros2_ws/install/webcam' for CMake module files
[24.391s] DEBUG:colcon.colcon_core.event_handler.log_command:Invoked command in '/home/crofi/ros2_ws/src/hardware/webcam' returned '0': PYTHONPATH=/home/crofi/ros2_ws/build/webcam/prefix_override:/usr/lib/python3/dist-packages/colcon_core/task/python/colcon_distutils_commands:/home/crofi/ros2_ws/install/webcam/lib/python3.10/site-packages:${PYTHONPATH} /usr/bin/python3 -W ignore:setup.py install is deprecated -W ignore:easy_install command is deprecated setup.py egg_info --egg-base ../../../build/webcam build --build-base /home/crofi/ros2_ws/build/webcam/build install --record /home/crofi/ros2_ws/build/webcam/install.log --single-version-externally-managed install_data
[24.393s] Level 1:colcon.colcon_core.environment:checking '/home/crofi/ros2_ws/install/webcam' for CMake config files
[24.396s] Level 1:colcon.colcon_core.environment:checking '/home/crofi/ros2_ws/install/webcam/lib'
[24.396s] Level 1:colcon.colcon_core.environment:checking '/home/crofi/ros2_ws/install/webcam/bin'
[24.397s] Level 1:colcon.colcon_core.environment:checking '/home/crofi/ros2_ws/install/webcam/lib/pkgconfig/webcam.pc'
[24.398s] Level 1:colcon.colcon_core.environment:checking '/home/crofi/ros2_ws/install/webcam/lib/python3.10/site-packages'
[24.398s] Level 1:colcon.colcon_core.shell:create_environment_hook('webcam', 'pythonpath')
[24.399s] INFO:colcon.colcon_core.shell:Creating environment hook '/home/crofi/ros2_ws/install/webcam/share/webcam/hook/pythonpath.ps1'
[24.402s] INFO:colcon.colcon_core.shell:Creating environment descriptor '/home/crofi/ros2_ws/install/webcam/share/webcam/hook/pythonpath.dsv'
[24.404s] INFO:colcon.colcon_core.shell:Creating environment hook '/home/crofi/ros2_ws/install/webcam/share/webcam/hook/pythonpath.sh'
[24.407s] Level 1:colcon.colcon_core.environment:checking '/home/crofi/ros2_ws/install/webcam/bin'
[24.407s] Level 1:colcon.colcon_core.environment:create_environment_scripts_only(webcam)
[24.409s] INFO:colcon.colcon_core.shell:Creating package script '/home/crofi/ros2_ws/install/webcam/share/webcam/package.ps1'
[24.411s] INFO:colcon.colcon_core.shell:Creating package descriptor '/home/crofi/ros2_ws/install/webcam/share/webcam/package.dsv'
[24.414s] INFO:colcon.colcon_core.shell:Creating package script '/home/crofi/ros2_ws/install/webcam/share/webcam/package.sh'
[24.416s] INFO:colcon.colcon_core.shell:Creating package script '/home/crofi/ros2_ws/install/webcam/share/webcam/package.bash'
[24.418s] INFO:colcon.colcon_core.shell:Creating package script '/home/crofi/ros2_ws/install/webcam/share/webcam/package.zsh'
[24.421s] Level 1:colcon.colcon_core.environment:create_file_with_runtime_dependencies(/home/crofi/ros2_ws/install/webcam/share/colcon-core/packages/webcam)
[24.423s] DEBUG:colcon.colcon_parallel_executor.executor.parallel:closing loop
[24.424s] DEBUG:colcon.colcon_parallel_executor.executor.parallel:loop closed
[24.425s] DEBUG:colcon.colcon_parallel_executor.executor.parallel:run_until_complete finished with '0'
[24.425s] DEBUG:colcon.colcon_core.event_reactor:joining thread
[24.460s] INFO:colcon.colcon_core.plugin_system:Skipping extension 'colcon_notification.desktop_notification.terminal_notifier': Not used on non-Darwin systems
[24.460s] INFO:colcon.colcon_core.plugin_system:Skipping extension 'colcon_notification.desktop_notification.win32': Not used on non-Windows systems
[24.460s] INFO:colcon.colcon_notification.desktop_notification:Sending desktop notification using 'notify2'
[24.533s] DEBUG:colcon.colcon_core.event_reactor:joined thread
[24.535s] INFO:colcon.colcon_core.shell:Creating prefix script '/home/crofi/ros2_ws/install/local_setup.ps1'
[24.541s] INFO:colcon.colcon_core.shell:Creating prefix util module '/home/crofi/ros2_ws/install/_local_setup_util_ps1.py'
[24.550s] INFO:colcon.colcon_core.shell:Creating prefix chain script '/home/crofi/ros2_ws/install/setup.ps1'
[24.558s] INFO:colcon.colcon_core.shell:Creating prefix script '/home/crofi/ros2_ws/install/local_setup.sh'
[24.562s] INFO:colcon.colcon_core.shell:Creating prefix util module '/home/crofi/ros2_ws/install/_local_setup_util_sh.py'
[24.567s] INFO:colcon.colcon_core.shell:Creating prefix chain script '/home/crofi/ros2_ws/install/setup.sh'
[24.575s] INFO:colcon.colcon_core.shell:Creating prefix script '/home/crofi/ros2_ws/install/local_setup.bash'
[24.579s] INFO:colcon.colcon_core.shell:Creating prefix chain script '/home/crofi/ros2_ws/install/setup.bash'
[24.591s] INFO:colcon.colcon_core.shell:Creating prefix script '/home/crofi/ros2_ws/install/local_setup.zsh'
[24.595s] INFO:colcon.colcon_core.shell:Creating prefix chain script '/home/crofi/ros2_ws/install/setup.zsh'
