[10.059s] Invoking command in '/home/crofi/ros2_ws/src/vision/red_vision': PYTHONPATH=/home/crofi/ros2_ws/build/red_vision/prefix_override:/usr/lib/python3/dist-packages/colcon_core/task/python/colcon_distutils_commands:/home/crofi/ros2_ws/install/red_vision/lib/python3.10/site-packages:${PYTHONPATH} /usr/bin/python3 -W ignore:setup.py install is deprecated -W ignore:easy_install command is deprecated setup.py egg_info --egg-base ../../../build/red_vision build --build-base /home/crofi/ros2_ws/build/red_vision/build install --record /home/crofi/ros2_ws/build/red_vision/install.log --single-version-externally-managed install_data
[12.231s] running egg_info
[12.235s] writing ../../../build/red_vision/red_vision.egg-info/PKG-INFO
[12.236s] writing dependency_links to ../../../build/red_vision/red_vision.egg-info/dependency_links.txt
[12.238s] writing entry points to ../../../build/red_vision/red_vision.egg-info/entry_points.txt
[12.239s] writing requirements to ../../../build/red_vision/red_vision.egg-info/requires.txt
[12.239s] writing top-level names to ../../../build/red_vision/red_vision.egg-info/top_level.txt
[12.251s] reading manifest file '../../../build/red_vision/red_vision.egg-info/SOURCES.txt'
[12.257s] writing manifest file '../../../build/red_vision/red_vision.egg-info/SOURCES.txt'
[12.268s] running build
[12.269s] running build_py
[12.270s] copying red_vision/red_vision.py -> /home/crofi/ros2_ws/build/red_vision/build/lib/red_vision
[12.271s] running install
[12.272s] running install_lib
[12.272s] copying /home/crofi/ros2_ws/build/red_vision/build/lib/red_vision/red_vision.py -> /home/crofi/ros2_ws/install/red_vision/lib/python3.10/site-packages/red_vision
[12.286s] byte-compiling /home/crofi/ros2_ws/install/red_vision/lib/python3.10/site-packages/red_vision/red_vision.py to red_vision.cpython-310.pyc
[12.290s] running install_data
[12.291s] running install_egg_info
[12.302s] removing '/home/crofi/ros2_ws/install/red_vision/lib/python3.10/site-packages/red_vision-0.0.0-py3.10.egg-info' (and everything under it)
[12.305s] Copying ../../../build/red_vision/red_vision.egg-info to /home/crofi/ros2_ws/install/red_vision/lib/python3.10/site-packages/red_vision-0.0.0-py3.10.egg-info
[12.318s] running install_scripts
[12.451s] Installing red_vision script to /home/crofi/ros2_ws/install/red_vision/lib/red_vision
[12.454s] writing list of installed files to '/home/crofi/ros2_ws/build/red_vision/install.log'
[12.681s] Invoked command in '/home/crofi/ros2_ws/src/vision/red_vision' returned '0': PYTHONPATH=/home/crofi/ros2_ws/build/red_vision/prefix_override:/usr/lib/python3/dist-packages/colcon_core/task/python/colcon_distutils_commands:/home/crofi/ros2_ws/install/red_vision/lib/python3.10/site-packages:${PYTHONPATH} /usr/bin/python3 -W ignore:setup.py install is deprecated -W ignore:easy_install command is deprecated setup.py egg_info --egg-base ../../../build/red_vision build --build-base /home/crofi/ros2_ws/build/red_vision/build install --record /home/crofi/ros2_ws/build/red_vision/install.log --single-version-externally-managed install_data
