[1.423s] Invoking command in '/home/tars/AutoModelCrofi/ros2_ws/build/lane_angle': PYTHONPATH=/home/tars/AutoModelCrofi/ros2_ws/build/lane_angle/prefix_override:/usr/lib/python3/dist-packages/colcon_core/task/python/colcon_distutils_commands:/home/tars/AutoModelCrofi/ros2_ws/install/lane_angle/lib/python3.12/site-packages: /usr/bin/python3 -W ignore:setup.py install is deprecated -W ignore:easy_install command is deprecated setup.py develop --uninstall --editable --build-directory /home/tars/AutoModelCrofi/ros2_ws/build/lane_angle/build
[1.694s] running develop
[1.831s] Removing /home/tars/AutoModelCrofi/ros2_ws/install/lane_angle/lib/python3.12/site-packages/lane-angle.egg-link (link to .)
[1.893s] Invoked command in '/home/tars/AutoModelCrofi/ros2_ws/build/lane_angle' returned '0': PYTHONPATH=/home/tars/AutoModelCrofi/ros2_ws/build/lane_angle/prefix_override:/usr/lib/python3/dist-packages/colcon_core/task/python/colcon_distutils_commands:/home/tars/AutoModelCrofi/ros2_ws/install/lane_angle/lib/python3.12/site-packages: /usr/bin/python3 -W ignore:setup.py install is deprecated -W ignore:easy_install command is deprecated setup.py develop --uninstall --editable --build-directory /home/tars/AutoModelCrofi/ros2_ws/build/lane_angle/build
[1.894s] Invoking command in '/home/tars/AutoModelCrofi/ros2_ws/src/vision/lane_angle': PYTHONPATH=/home/tars/AutoModelCrofi/ros2_ws/build/lane_angle/prefix_override:/usr/lib/python3/dist-packages/colcon_core/task/python/colcon_distutils_commands:/home/tars/AutoModelCrofi/ros2_ws/install/lane_angle/lib/python3.12/site-packages: /usr/bin/python3 -W ignore:setup.py install is deprecated -W ignore:easy_install command is deprecated setup.py egg_info --egg-base ../../../build/lane_angle build --build-base /home/tars/AutoModelCrofi/ros2_ws/build/lane_angle/build install --record /home/tars/AutoModelCrofi/ros2_ws/build/lane_angle/install.log --single-version-externally-managed install_data --force
[2.126s] running egg_info
[2.140s] writing ../../../build/lane_angle/lane_angle.egg-info/PKG-INFO
[2.140s] writing dependency_links to ../../../build/lane_angle/lane_angle.egg-info/dependency_links.txt
[2.140s] writing entry points to ../../../build/lane_angle/lane_angle.egg-info/entry_points.txt
[2.140s] writing requirements to ../../../build/lane_angle/lane_angle.egg-info/requires.txt
[2.140s] writing top-level names to ../../../build/lane_angle/lane_angle.egg-info/top_level.txt
[2.168s] reading manifest file '../../../build/lane_angle/lane_angle.egg-info/SOURCES.txt'
[2.168s] writing manifest file '../../../build/lane_angle/lane_angle.egg-info/SOURCES.txt'
[2.169s] running build
[2.169s] running build_py
[2.169s] copying lane_angle/lane_angle.py -> /home/tars/AutoModelCrofi/ros2_ws/build/lane_angle/build/lib/lane_angle
[2.173s] running install
[2.181s] running install_lib
[2.192s] creating /home/tars/AutoModelCrofi/ros2_ws/install/lane_angle/lib/python3.12/site-packages/lane_angle
[2.192s] copying /home/tars/AutoModelCrofi/ros2_ws/build/lane_angle/build/lib/lane_angle/lane_angle.py -> /home/tars/AutoModelCrofi/ros2_ws/install/lane_angle/lib/python3.12/site-packages/lane_angle
[2.194s] copying /home/tars/AutoModelCrofi/ros2_ws/build/lane_angle/build/lib/lane_angle/__init__.py -> /home/tars/AutoModelCrofi/ros2_ws/install/lane_angle/lib/python3.12/site-packages/lane_angle
[2.194s] byte-compiling /home/tars/AutoModelCrofi/ros2_ws/install/lane_angle/lib/python3.12/site-packages/lane_angle/lane_angle.py to lane_angle.cpython-312.pyc
[2.195s] byte-compiling /home/tars/AutoModelCrofi/ros2_ws/install/lane_angle/lib/python3.12/site-packages/lane_angle/__init__.py to __init__.cpython-312.pyc
[2.195s] running install_data
[2.196s] copying resource/lane_angle -> /home/tars/AutoModelCrofi/ros2_ws/install/lane_angle/share/ament_index/resource_index/packages
[2.198s] copying package.xml -> /home/tars/AutoModelCrofi/ros2_ws/install/lane_angle/share/lane_angle
[2.198s] running install_egg_info
[2.212s] Copying ../../../build/lane_angle/lane_angle.egg-info to /home/tars/AutoModelCrofi/ros2_ws/install/lane_angle/lib/python3.12/site-packages/lane_angle-0.0.0-py3.12.egg-info
[2.213s] running install_scripts
[2.316s] Installing lane_angle script to /home/tars/AutoModelCrofi/ros2_ws/install/lane_angle/lib/lane_angle
[2.317s] writing list of installed files to '/home/tars/AutoModelCrofi/ros2_ws/build/lane_angle/install.log'
[2.369s] Invoked command in '/home/tars/AutoModelCrofi/ros2_ws/src/vision/lane_angle' returned '0': PYTHONPATH=/home/tars/AutoModelCrofi/ros2_ws/build/lane_angle/prefix_override:/usr/lib/python3/dist-packages/colcon_core/task/python/colcon_distutils_commands:/home/tars/AutoModelCrofi/ros2_ws/install/lane_angle/lib/python3.12/site-packages: /usr/bin/python3 -W ignore:setup.py install is deprecated -W ignore:easy_install command is deprecated setup.py egg_info --egg-base ../../../build/lane_angle build --build-base /home/tars/AutoModelCrofi/ros2_ws/build/lane_angle/build install --record /home/tars/AutoModelCrofi/ros2_ws/build/lane_angle/install.log --single-version-externally-managed install_data --force
