[8.080s] Invoking command in '/home/crofi/ros2_ws/src/hardware/webcam': PYTHONPATH=/home/crofi/ros2_ws/build/webcam/prefix_override:/usr/lib/python3/dist-packages/colcon_core/task/python/colcon_distutils_commands:/home/crofi/ros2_ws/install/webcam/lib/python3.10/site-packages:${PYTHONPATH} /usr/bin/python3 -W ignore:setup.py install is deprecated -W ignore:easy_install command is deprecated setup.py egg_info --egg-base ../../../build/webcam build --build-base /home/crofi/ros2_ws/build/webcam/build install --record /home/crofi/ros2_ws/build/webcam/install.log --single-version-externally-managed install_data
[9.902s] running egg_info
[9.917s] writing ../../../build/webcam/webcam.egg-info/PKG-INFO
[9.918s] writing dependency_links to ../../../build/webcam/webcam.egg-info/dependency_links.txt
[9.919s] writing entry points to ../../../build/webcam/webcam.egg-info/entry_points.txt
[9.919s] writing requirements to ../../../build/webcam/webcam.egg-info/requires.txt
[9.920s] writing top-level names to ../../../build/webcam/webcam.egg-info/top_level.txt
[9.931s] reading manifest file '../../../build/webcam/webcam.egg-info/SOURCES.txt'
[9.934s] adding license file 'LICENSE'
[9.937s] writing manifest file '../../../build/webcam/webcam.egg-info/SOURCES.txt'
[9.939s] running build
[9.940s] running build_py
[9.944s] running install
[9.944s] running install_lib
[9.963s] running install_data
[9.965s] running install_egg_info
[9.974s] removing '/home/crofi/ros2_ws/install/webcam/lib/python3.10/site-packages/webcam-0.0.0-py3.10.egg-info' (and everything under it)
[9.977s] Copying ../../../build/webcam/webcam.egg-info to /home/crofi/ros2_ws/install/webcam/lib/python3.10/site-packages/webcam-0.0.0-py3.10.egg-info
[9.987s] running install_scripts
[10.108s] Installing webcam script to /home/crofi/ros2_ws/install/webcam/lib/webcam
[10.124s] writing list of installed files to '/home/crofi/ros2_ws/build/webcam/install.log'
[10.394s] Invoked command in '/home/crofi/ros2_ws/src/hardware/webcam' returned '0': PYTHONPATH=/home/crofi/ros2_ws/build/webcam/prefix_override:/usr/lib/python3/dist-packages/colcon_core/task/python/colcon_distutils_commands:/home/crofi/ros2_ws/install/webcam/lib/python3.10/site-packages:${PYTHONPATH} /usr/bin/python3 -W ignore:setup.py install is deprecated -W ignore:easy_install command is deprecated setup.py egg_info --egg-base ../../../build/webcam build --build-base /home/crofi/ros2_ws/build/webcam/build install --record /home/crofi/ros2_ws/build/webcam/install.log --single-version-externally-managed install_data
