[1.899s] Invoking command in '/home/tars/AutoModelCrofi/build/servo': PYTHONPATH=/home/tars/AutoModelCrofi/build/servo/prefix_override:/usr/lib/python3/dist-packages/colcon_core/task/python/colcon_distutils_commands:/home/tars/AutoModelCrofi/install/servo/lib/python3.12/site-packages:${PYTHONPATH} /usr/bin/python3 -W ignore:setup.py install is deprecated -W ignore:easy_install command is deprecated setup.py develop --uninstall --editable --build-directory /home/tars/AutoModelCrofi/build/servo/build
[2.304s] running develop
[2.591s] Removing /home/tars/AutoModelCrofi/install/servo/lib/python3.12/site-packages/servo.egg-link (link to .)
[2.624s] Invoked command in '/home/tars/AutoModelCrofi/build/servo' returned '0': PYTHONPATH=/home/tars/AutoModelCrofi/build/servo/prefix_override:/usr/lib/python3/dist-packages/colcon_core/task/python/colcon_distutils_commands:/home/tars/AutoModelCrofi/install/servo/lib/python3.12/site-packages:${PYTHONPATH} /usr/bin/python3 -W ignore:setup.py install is deprecated -W ignore:easy_install command is deprecated setup.py develop --uninstall --editable --build-directory /home/tars/AutoModelCrofi/build/servo/build
[2.627s] Invoking command in '/home/tars/AutoModelCrofi/ros2_ws/src/hardware/servo': PYTHONPATH=/home/tars/AutoModelCrofi/build/servo/prefix_override:/usr/lib/python3/dist-packages/colcon_core/task/python/colcon_distutils_commands:/home/tars/AutoModelCrofi/install/servo/lib/python3.12/site-packages:${PYTHONPATH} /usr/bin/python3 -W ignore:setup.py install is deprecated -W ignore:easy_install command is deprecated setup.py egg_info --egg-base ../../../../build/servo build --build-base /home/tars/AutoModelCrofi/build/servo/build install --record /home/tars/AutoModelCrofi/build/servo/install.log --single-version-externally-managed install_data --force
[2.980s] running egg_info
[3.005s] writing ../../../../build/servo/servo.egg-info/PKG-INFO
[3.005s] writing dependency_links to ../../../../build/servo/servo.egg-info/dependency_links.txt
[3.006s] writing entry points to ../../../../build/servo/servo.egg-info/entry_points.txt
[3.006s] writing requirements to ../../../../build/servo/servo.egg-info/requires.txt
[3.006s] writing top-level names to ../../../../build/servo/servo.egg-info/top_level.txt
[3.057s] reading manifest file '../../../../build/servo/servo.egg-info/SOURCES.txt'
[3.058s] writing manifest file '../../../../build/servo/servo.egg-info/SOURCES.txt'
[3.058s] running build
[3.058s] running build_py
[3.058s] creating /home/tars/AutoModelCrofi/build/servo/build
[3.059s] creating /home/tars/AutoModelCrofi/build/servo/build/lib
[3.059s] creating /home/tars/AutoModelCrofi/build/servo/build/lib/servo
[3.059s] copying servo/servo.py -> /home/tars/AutoModelCrofi/build/servo/build/lib/servo
[3.059s] copying servo/__init__.py -> /home/tars/AutoModelCrofi/build/servo/build/lib/servo
[3.059s] running install
[3.067s] running install_lib
[3.092s] creating /home/tars/AutoModelCrofi/install/servo/lib/python3.12/site-packages/servo
[3.092s] copying /home/tars/AutoModelCrofi/build/servo/build/lib/servo/servo.py -> /home/tars/AutoModelCrofi/install/servo/lib/python3.12/site-packages/servo
[3.092s] copying /home/tars/AutoModelCrofi/build/servo/build/lib/servo/__init__.py -> /home/tars/AutoModelCrofi/install/servo/lib/python3.12/site-packages/servo
[3.093s] byte-compiling /home/tars/AutoModelCrofi/install/servo/lib/python3.12/site-packages/servo/servo.py to servo.cpython-312.pyc
[3.094s] byte-compiling /home/tars/AutoModelCrofi/install/servo/lib/python3.12/site-packages/servo/__init__.py to __init__.cpython-312.pyc
[3.094s] running install_data
[3.094s] copying resource/servo -> /home/tars/AutoModelCrofi/install/servo/share/ament_index/resource_index/packages
[3.094s] copying package.xml -> /home/tars/AutoModelCrofi/install/servo/share/servo
[3.094s] running install_egg_info
[3.122s] Copying ../../../../build/servo/servo.egg-info to /home/tars/AutoModelCrofi/install/servo/lib/python3.12/site-packages/servo-0.0.0-py3.12.egg-info
[3.123s] running install_scripts
[3.306s] Installing servo script to /home/tars/AutoModelCrofi/install/servo/lib/servo
[3.306s] writing list of installed files to '/home/tars/AutoModelCrofi/build/servo/install.log'
[3.334s] Invoked command in '/home/tars/AutoModelCrofi/ros2_ws/src/hardware/servo' returned '0': PYTHONPATH=/home/tars/AutoModelCrofi/build/servo/prefix_override:/usr/lib/python3/dist-packages/colcon_core/task/python/colcon_distutils_commands:/home/tars/AutoModelCrofi/install/servo/lib/python3.12/site-packages:${PYTHONPATH} /usr/bin/python3 -W ignore:setup.py install is deprecated -W ignore:easy_install command is deprecated setup.py egg_info --egg-base ../../../../build/servo build --build-base /home/tars/AutoModelCrofi/build/servo/build install --record /home/tars/AutoModelCrofi/build/servo/install.log --single-version-externally-managed install_data --force
