[23.267s] Invoking command in '/home/crofi/ros2_ws/src/vision/lane_detector': PYTHONPATH=/home/crofi/ros2_ws/build/lane_detector/prefix_override:/usr/lib/python3/dist-packages/colcon_core/task/python/colcon_distutils_commands:/home/crofi/ros2_ws/install/lane_detector/lib/python3.10/site-packages:${PYTHONPATH} /usr/bin/python3 -W ignore:setup.py install is deprecated -W ignore:easy_install command is deprecated setup.py egg_info --egg-base ../../../build/lane_detector build --build-base /home/crofi/ros2_ws/build/lane_detector/build install --record /home/crofi/ros2_ws/build/lane_detector/install.log --single-version-externally-managed install_data
[29.616s] running egg_info
[29.622s] writing ../../../build/lane_detector/lane_detector.egg-info/PKG-INFO
[29.630s] writing dependency_links to ../../../build/lane_detector/lane_detector.egg-info/dependency_links.txt
[29.632s] writing entry points to ../../../build/lane_detector/lane_detector.egg-info/entry_points.txt
[29.633s] writing requirements to ../../../build/lane_detector/lane_detector.egg-info/requires.txt
[29.635s] writing top-level names to ../../../build/lane_detector/lane_detector.egg-info/top_level.txt
[29.656s] reading manifest file '../../../build/lane_detector/lane_detector.egg-info/SOURCES.txt'
[29.675s] writing manifest file '../../../build/lane_detector/lane_detector.egg-info/SOURCES.txt'
[29.675s] running build
[29.676s] running build_py
[29.683s] copying lane_detector/lane_detector.py -> /home/crofi/ros2_ws/build/lane_detector/build/lib/lane_detector
[29.683s] running install
[29.684s] running install_lib
[29.692s] copying /home/crofi/ros2_ws/build/lane_detector/build/lib/lane_detector/lane_detector.py -> /home/crofi/ros2_ws/install/lane_detector/lib/python3.10/site-packages/lane_detector
[29.715s] byte-compiling /home/crofi/ros2_ws/install/lane_detector/lib/python3.10/site-packages/lane_detector/lane_detector.py to lane_detector.cpython-310.pyc
[29.724s] running install_data
[29.725s] running install_egg_info
[29.737s] removing '/home/crofi/ros2_ws/install/lane_detector/lib/python3.10/site-packages/lane_detector-0.0.0-py3.10.egg-info' (and everything under it)
[29.739s] Copying ../../../build/lane_detector/lane_detector.egg-info to /home/crofi/ros2_ws/install/lane_detector/lib/python3.10/site-packages/lane_detector-0.0.0-py3.10.egg-info
[29.757s] running install_scripts
[29.957s] Installing lane_detector script to /home/crofi/ros2_ws/install/lane_detector/lib/lane_detector
[29.965s] writing list of installed files to '/home/crofi/ros2_ws/build/lane_detector/install.log'
[30.318s] Invoked command in '/home/crofi/ros2_ws/src/vision/lane_detector' returned '0': PYTHONPATH=/home/crofi/ros2_ws/build/lane_detector/prefix_override:/usr/lib/python3/dist-packages/colcon_core/task/python/colcon_distutils_commands:/home/crofi/ros2_ws/install/lane_detector/lib/python3.10/site-packages:${PYTHONPATH} /usr/bin/python3 -W ignore:setup.py install is deprecated -W ignore:easy_install command is deprecated setup.py egg_info --egg-base ../../../build/lane_detector build --build-base /home/crofi/ros2_ws/build/lane_detector/build install --record /home/crofi/ros2_ws/build/lane_detector/install.log --single-version-externally-managed install_data
