[22.216s] Invoking command in '/home/crofi/AutoModel_Rep/ros2_ws/src/hardware/webcam_recorted': PYTHONPATH=/home/crofi/AutoModel_Rep/build/webcam_recorted/prefix_override:/usr/lib/python3/dist-packages/colcon_core/task/python/colcon_distutils_commands:/home/crofi/AutoModel_Rep/install/webcam_recorted/lib/python3.10/site-packages:${PYTHONPATH} /usr/bin/python3 -W ignore:setup.py install is deprecated -W ignore:easy_install command is deprecated setup.py egg_info --egg-base ../../../../build/webcam_recorted build --build-base /home/crofi/AutoModel_Rep/build/webcam_recorted/build install --record /home/crofi/AutoModel_Rep/build/webcam_recorted/install.log --single-version-externally-managed install_data
[27.988s] running egg_info
[27.993s] writing ../../../../build/webcam_recorted/webcam_recorted.egg-info/PKG-INFO
[27.995s] writing dependency_links to ../../../../build/webcam_recorted/webcam_recorted.egg-info/dependency_links.txt
[27.997s] writing entry points to ../../../../build/webcam_recorted/webcam_recorted.egg-info/entry_points.txt
[28.000s] writing requirements to ../../../../build/webcam_recorted/webcam_recorted.egg-info/requires.txt
[28.001s] writing top-level names to ../../../../build/webcam_recorted/webcam_recorted.egg-info/top_level.txt
[28.013s] reading manifest file '../../../../build/webcam_recorted/webcam_recorted.egg-info/SOURCES.txt'
[28.023s] writing manifest file '../../../../build/webcam_recorted/webcam_recorted.egg-info/SOURCES.txt'
[28.027s] running build
[28.030s] running build_py
[28.037s] running install
[28.040s] running install_lib
[28.085s] running install_data
[28.088s] running install_egg_info
[28.120s] removing '/home/crofi/AutoModel_Rep/install/webcam_recorted/lib/python3.10/site-packages/webcam_recorted-0.0.0-py3.10.egg-info' (and everything under it)
[28.139s] Copying ../../../../build/webcam_recorted/webcam_recorted.egg-info to /home/crofi/AutoModel_Rep/install/webcam_recorted/lib/python3.10/site-packages/webcam_recorted-0.0.0-py3.10.egg-info
[28.172s] running install_scripts
[28.395s] Installing webcam_recorted script to /home/crofi/AutoModel_Rep/install/webcam_recorted/lib/webcam_recorted
[28.400s] writing list of installed files to '/home/crofi/AutoModel_Rep/build/webcam_recorted/install.log'
[28.728s] Invoked command in '/home/crofi/AutoModel_Rep/ros2_ws/src/hardware/webcam_recorted' returned '0': PYTHONPATH=/home/crofi/AutoModel_Rep/build/webcam_recorted/prefix_override:/usr/lib/python3/dist-packages/colcon_core/task/python/colcon_distutils_commands:/home/crofi/AutoModel_Rep/install/webcam_recorted/lib/python3.10/site-packages:${PYTHONPATH} /usr/bin/python3 -W ignore:setup.py install is deprecated -W ignore:easy_install command is deprecated setup.py egg_info --egg-base ../../../../build/webcam_recorted build --build-base /home/crofi/AutoModel_Rep/build/webcam_recorted/build install --record /home/crofi/AutoModel_Rep/build/webcam_recorted/install.log --single-version-externally-managed install_data
