[18.562s] Invoking command in '/home/crofi/ros2_ws/src/vision/lane_angle': PYTHONPATH=/home/crofi/ros2_ws/build/lane_angle/prefix_override:/usr/lib/python3/dist-packages/colcon_core/task/python/colcon_distutils_commands:/home/crofi/ros2_ws/install/lane_angle/lib/python3.10/site-packages:${PYTHONPATH} /usr/bin/python3 -W ignore:setup.py install is deprecated -W ignore:easy_install command is deprecated setup.py egg_info --egg-base ../../../build/lane_angle build --build-base /home/crofi/ros2_ws/build/lane_angle/build install --record /home/crofi/ros2_ws/build/lane_angle/install.log --single-version-externally-managed install_data
[25.008s] running egg_info
[25.015s] writing ../../../build/lane_angle/lane_angle.egg-info/PKG-INFO
[25.018s] writing dependency_links to ../../../build/lane_angle/lane_angle.egg-info/dependency_links.txt
[25.020s] writing entry points to ../../../build/lane_angle/lane_angle.egg-info/entry_points.txt
[25.023s] writing requirements to ../../../build/lane_angle/lane_angle.egg-info/requires.txt
[25.025s] writing top-level names to ../../../build/lane_angle/lane_angle.egg-info/top_level.txt
[25.043s] reading manifest file '../../../build/lane_angle/lane_angle.egg-info/SOURCES.txt'
[25.048s] writing manifest file '../../../build/lane_angle/lane_angle.egg-info/SOURCES.txt'
[25.052s] running build
[25.062s] running build_py
[25.062s] copying lane_angle/lane_angle.py -> /home/crofi/ros2_ws/build/lane_angle/build/lib/lane_angle
[25.076s] running install
[25.079s] running install_lib
[25.085s] copying /home/crofi/ros2_ws/build/lane_angle/build/lib/lane_angle/lane_angle.py -> /home/crofi/ros2_ws/install/lane_angle/lib/python3.10/site-packages/lane_angle
[25.101s] byte-compiling /home/crofi/ros2_ws/install/lane_angle/lib/python3.10/site-packages/lane_angle/lane_angle.py to lane_angle.cpython-310.pyc
[25.107s] running install_data
[25.109s] running install_egg_info
[25.138s] removing '/home/crofi/ros2_ws/install/lane_angle/lib/python3.10/site-packages/lane_angle-0.0.0-py3.10.egg-info' (and everything under it)
[25.139s] Copying ../../../build/lane_angle/lane_angle.egg-info to /home/crofi/ros2_ws/install/lane_angle/lib/python3.10/site-packages/lane_angle-0.0.0-py3.10.egg-info
[25.179s] running install_scripts
[25.450s] Installing lane_angle script to /home/crofi/ros2_ws/install/lane_angle/lib/lane_angle
[25.454s] writing list of installed files to '/home/crofi/ros2_ws/build/lane_angle/install.log'
[25.949s] Invoked command in '/home/crofi/ros2_ws/src/vision/lane_angle' returned '0': PYTHONPATH=/home/crofi/ros2_ws/build/lane_angle/prefix_override:/usr/lib/python3/dist-packages/colcon_core/task/python/colcon_distutils_commands:/home/crofi/ros2_ws/install/lane_angle/lib/python3.10/site-packages:${PYTHONPATH} /usr/bin/python3 -W ignore:setup.py install is deprecated -W ignore:easy_install command is deprecated setup.py egg_info --egg-base ../../../build/lane_angle build --build-base /home/crofi/ros2_ws/build/lane_angle/build install --record /home/crofi/ros2_ws/build/lane_angle/install.log --single-version-externally-managed install_data
