[13.470s] Invoking command in '/home/crofi/AutoModel_Rep/ros2_ws/src/vision/lane_angle': PYTHONPATH=/home/crofi/AutoModel_Rep/build/lane_angle/prefix_override:/usr/lib/python3/dist-packages/colcon_core/task/python/colcon_distutils_commands:/home/crofi/AutoModel_Rep/install/lane_angle/lib/python3.10/site-packages:${PYTHONPATH} /usr/bin/python3 -W ignore:setup.py install is deprecated -W ignore:easy_install command is deprecated setup.py egg_info --egg-base ../../../../build/lane_angle build --build-base /home/crofi/AutoModel_Rep/build/lane_angle/build install --record /home/crofi/AutoModel_Rep/build/lane_angle/install.log --single-version-externally-managed install_data
[17.554s] running egg_info
[17.557s] writing ../../../../build/lane_angle/lane_angle.egg-info/PKG-INFO
[17.559s] writing dependency_links to ../../../../build/lane_angle/lane_angle.egg-info/dependency_links.txt
[17.560s] writing entry points to ../../../../build/lane_angle/lane_angle.egg-info/entry_points.txt
[17.561s] writing requirements to ../../../../build/lane_angle/lane_angle.egg-info/requires.txt
[17.562s] writing top-level names to ../../../../build/lane_angle/lane_angle.egg-info/top_level.txt
[17.573s] reading manifest file '../../../../build/lane_angle/lane_angle.egg-info/SOURCES.txt'
[17.581s] writing manifest file '../../../../build/lane_angle/lane_angle.egg-info/SOURCES.txt'
[17.587s] running build
[17.588s] running build_py
[17.591s] running install
[17.591s] running install_lib
[17.615s] running install_data
[17.616s] running install_egg_info
[17.625s] removing '/home/crofi/AutoModel_Rep/install/lane_angle/lib/python3.10/site-packages/lane_angle-0.0.0-py3.10.egg-info' (and everything under it)
[17.627s] Copying ../../../../build/lane_angle/lane_angle.egg-info to /home/crofi/AutoModel_Rep/install/lane_angle/lib/python3.10/site-packages/lane_angle-0.0.0-py3.10.egg-info
[17.648s] running install_scripts
[17.786s] Installing lane_angle script to /home/crofi/AutoModel_Rep/install/lane_angle/lib/lane_angle
[17.789s] writing list of installed files to '/home/crofi/AutoModel_Rep/build/lane_angle/install.log'
[18.886s] Invoked command in '/home/crofi/AutoModel_Rep/ros2_ws/src/vision/lane_angle' returned '0': PYTHONPATH=/home/crofi/AutoModel_Rep/build/lane_angle/prefix_override:/usr/lib/python3/dist-packages/colcon_core/task/python/colcon_distutils_commands:/home/crofi/AutoModel_Rep/install/lane_angle/lib/python3.10/site-packages:${PYTHONPATH} /usr/bin/python3 -W ignore:setup.py install is deprecated -W ignore:easy_install command is deprecated setup.py egg_info --egg-base ../../../../build/lane_angle build --build-base /home/crofi/AutoModel_Rep/build/lane_angle/build install --record /home/crofi/AutoModel_Rep/build/lane_angle/install.log --single-version-externally-managed install_data
