[2.727s] Invoking command in '/home/tars/AutoModelCrofi/build/driver': PYTHONPATH=/home/tars/AutoModelCrofi/build/driver/prefix_override:/usr/lib/python3/dist-packages/colcon_core/task/python/colcon_distutils_commands:/home/tars/AutoModelCrofi/install/driver/lib/python3.12/site-packages:${PYTHONPATH} /usr/bin/python3 -W ignore:setup.py install is deprecated -W ignore:easy_install command is deprecated setup.py develop --uninstall --editable --build-directory /home/tars/AutoModelCrofi/build/driver/build
[3.374s] running develop
[3.824s] Removing /home/tars/AutoModelCrofi/install/driver/lib/python3.12/site-packages/driver.egg-link (link to .)
[3.880s] Invoked command in '/home/tars/AutoModelCrofi/build/driver' returned '0': PYTHONPATH=/home/tars/AutoModelCrofi/build/driver/prefix_override:/usr/lib/python3/dist-packages/colcon_core/task/python/colcon_distutils_commands:/home/tars/AutoModelCrofi/install/driver/lib/python3.12/site-packages:${PYTHONPATH} /usr/bin/python3 -W ignore:setup.py install is deprecated -W ignore:easy_install command is deprecated setup.py develop --uninstall --editable --build-directory /home/tars/AutoModelCrofi/build/driver/build
[3.883s] Invoking command in '/home/tars/AutoModelCrofi/ros2_ws/src/hardware/driver': PYTHONPATH=/home/tars/AutoModelCrofi/build/driver/prefix_override:/usr/lib/python3/dist-packages/colcon_core/task/python/colcon_distutils_commands:/home/tars/AutoModelCrofi/install/driver/lib/python3.12/site-packages:${PYTHONPATH} /usr/bin/python3 -W ignore:setup.py install is deprecated -W ignore:easy_install command is deprecated setup.py egg_info --egg-base ../../../../build/driver build --build-base /home/tars/AutoModelCrofi/build/driver/build install --record /home/tars/AutoModelCrofi/build/driver/install.log --single-version-externally-managed install_data --force
[4.475s] running egg_info
[4.516s] writing ../../../../build/driver/driver.egg-info/PKG-INFO
[4.554s] writing dependency_links to ../../../../build/driver/driver.egg-info/dependency_links.txt
[4.554s] writing entry points to ../../../../build/driver/driver.egg-info/entry_points.txt
[4.565s] writing requirements to ../../../../build/driver/driver.egg-info/requires.txt
[4.569s] writing top-level names to ../../../../build/driver/driver.egg-info/top_level.txt
[4.658s] reading manifest file '../../../../build/driver/driver.egg-info/SOURCES.txt'
[4.660s] writing manifest file '../../../../build/driver/driver.egg-info/SOURCES.txt'
[4.660s] running build
[4.662s] running build_py
[4.662s] creating /home/tars/AutoModelCrofi/build/driver/build
[4.662s] creating /home/tars/AutoModelCrofi/build/driver/build/lib
[4.662s] creating /home/tars/AutoModelCrofi/build/driver/build/lib/driver
[4.662s] copying driver/driver.py -> /home/tars/AutoModelCrofi/build/driver/build/lib/driver
[4.662s] copying driver/__init__.py -> /home/tars/AutoModelCrofi/build/driver/build/lib/driver
[4.662s] running install
[4.678s] running install_lib
[4.727s] creating /home/tars/AutoModelCrofi/install/driver/lib/python3.12/site-packages/driver
[4.728s] copying /home/tars/AutoModelCrofi/build/driver/build/lib/driver/driver.py -> /home/tars/AutoModelCrofi/install/driver/lib/python3.12/site-packages/driver
[4.728s] copying /home/tars/AutoModelCrofi/build/driver/build/lib/driver/__init__.py -> /home/tars/AutoModelCrofi/install/driver/lib/python3.12/site-packages/driver
[4.730s] byte-compiling /home/tars/AutoModelCrofi/install/driver/lib/python3.12/site-packages/driver/driver.py to driver.cpython-312.pyc
[4.731s] byte-compiling /home/tars/AutoModelCrofi/install/driver/lib/python3.12/site-packages/driver/__init__.py to __init__.cpython-312.pyc
[4.731s] running install_data
[4.732s] copying resource/driver -> /home/tars/AutoModelCrofi/install/driver/share/ament_index/resource_index/packages
[4.732s] copying package.xml -> /home/tars/AutoModelCrofi/install/driver/share/driver
[4.733s] running install_egg_info
[4.783s] Copying ../../../../build/driver/driver.egg-info to /home/tars/AutoModelCrofi/install/driver/lib/python3.12/site-packages/driver-0.0.0-py3.12.egg-info
[4.784s] running install_scripts
[5.075s] Installing driver script to /home/tars/AutoModelCrofi/install/driver/lib/driver
[5.076s] writing list of installed files to '/home/tars/AutoModelCrofi/build/driver/install.log'
[5.284s] Invoked command in '/home/tars/AutoModelCrofi/ros2_ws/src/hardware/driver' returned '0': PYTHONPATH=/home/tars/AutoModelCrofi/build/driver/prefix_override:/usr/lib/python3/dist-packages/colcon_core/task/python/colcon_distutils_commands:/home/tars/AutoModelCrofi/install/driver/lib/python3.12/site-packages:${PYTHONPATH} /usr/bin/python3 -W ignore:setup.py install is deprecated -W ignore:easy_install command is deprecated setup.py egg_info --egg-base ../../../../build/driver build --build-base /home/tars/AutoModelCrofi/build/driver/build install --record /home/tars/AutoModelCrofi/build/driver/install.log --single-version-externally-managed install_data --force
