[23.872s] Invoking command in '/home/crofi/AutoModel_Rep/ros2_ws/src/vision/lane_detector': PYTHONPATH=/home/crofi/AutoModel_Rep/build/lane_detector/prefix_override:/usr/lib/python3/dist-packages/colcon_core/task/python/colcon_distutils_commands:/home/crofi/AutoModel_Rep/install/lane_detector/lib/python3.10/site-packages:${PYTHONPATH} /usr/bin/python3 -W ignore:setup.py install is deprecated -W ignore:easy_install command is deprecated setup.py egg_info --egg-base ../../../../build/lane_detector build --build-base /home/crofi/AutoModel_Rep/build/lane_detector/build install --record /home/crofi/AutoModel_Rep/build/lane_detector/install.log --single-version-externally-managed install_data
[28.843s] running egg_info
[28.855s] writing ../../../../build/lane_detector/lane_detector.egg-info/PKG-INFO
[28.858s] writing dependency_links to ../../../../build/lane_detector/lane_detector.egg-info/dependency_links.txt
[28.862s] writing entry points to ../../../../build/lane_detector/lane_detector.egg-info/entry_points.txt
[28.868s] writing requirements to ../../../../build/lane_detector/lane_detector.egg-info/requires.txt
[28.869s] writing top-level names to ../../../../build/lane_detector/lane_detector.egg-info/top_level.txt
[28.886s] reading manifest file '../../../../build/lane_detector/lane_detector.egg-info/SOURCES.txt'
[28.907s] writing manifest file '../../../../build/lane_detector/lane_detector.egg-info/SOURCES.txt'
[28.908s] running build
[28.913s] running build_py
[28.913s] running install
[28.922s] running install_lib
[28.928s] running install_data
[28.929s] running install_egg_info
[28.946s] removing '/home/crofi/AutoModel_Rep/install/lane_detector/lib/python3.10/site-packages/lane_detector-0.0.0-py3.10.egg-info' (and everything under it)
[28.948s] Copying ../../../../build/lane_detector/lane_detector.egg-info to /home/crofi/AutoModel_Rep/install/lane_detector/lib/python3.10/site-packages/lane_detector-0.0.0-py3.10.egg-info
[28.966s] running install_scripts
[29.204s] Installing lane_detector script to /home/crofi/AutoModel_Rep/install/lane_detector/lib/lane_detector
[29.211s] writing list of installed files to '/home/crofi/AutoModel_Rep/build/lane_detector/install.log'
[29.606s] Invoked command in '/home/crofi/AutoModel_Rep/ros2_ws/src/vision/lane_detector' returned '0': PYTHONPATH=/home/crofi/AutoModel_Rep/build/lane_detector/prefix_override:/usr/lib/python3/dist-packages/colcon_core/task/python/colcon_distutils_commands:/home/crofi/AutoModel_Rep/install/lane_detector/lib/python3.10/site-packages:${PYTHONPATH} /usr/bin/python3 -W ignore:setup.py install is deprecated -W ignore:easy_install command is deprecated setup.py egg_info --egg-base ../../../../build/lane_detector build --build-base /home/crofi/AutoModel_Rep/build/lane_detector/build install --record /home/crofi/AutoModel_Rep/build/lane_detector/install.log --single-version-externally-managed install_data
