running develop
running egg_info
creating webcam_recorted.egg-info
writing webcam_recorted.egg-info/PKG-INFO
writing dependency_links to webcam_recorted.egg-info/dependency_links.txt
writing entry points to webcam_recorted.egg-info/entry_points.txt
writing requirements to webcam_recorted.egg-info/requires.txt
writing top-level names to webcam_recorted.egg-info/top_level.txt
writing manifest file 'webcam_recorted.egg-info/SOURCES.txt'
reading manifest file 'webcam_recorted.egg-info/SOURCES.txt'
writing manifest file 'webcam_recorted.egg-info/SOURCES.txt'
running build_ext
Creating /home/tars/AutoModelCrofi/ros2_ws/src/install/webcam_recorted/lib/python3.12/site-packages/webcam-recorted.egg-link (link to .)
Installing webcam_recorted script to /home/tars/AutoModelCrofi/ros2_ws/src/install/webcam_recorted/lib/webcam_recorted

Installed /home/tars/AutoModelCrofi/ros2_ws/src/build/webcam_recorted
running symlink_data
creating /home/tars/AutoModelCrofi/ros2_ws/src/install/webcam_recorted/share/ament_index
creating /home/tars/AutoModelCrofi/ros2_ws/src/install/webcam_recorted/share/ament_index/resource_index
creating /home/tars/AutoModelCrofi/ros2_ws/src/install/webcam_recorted/share/ament_index/resource_index/packages
symbolically linking /home/tars/AutoModelCrofi/ros2_ws/src/build/webcam_recorted/resource/webcam_recorted -> /home/tars/AutoModelCrofi/ros2_ws/src/install/webcam_recorted/share/ament_index/resource_index/packages
symbolically linking /home/tars/AutoModelCrofi/ros2_ws/src/build/webcam_recorted/package.xml -> /home/tars/AutoModelCrofi/ros2_ws/src/install/webcam_recorted/share/webcam_recorted
