[1.194s] Invoking command in '/home/tars/AutoModelCrofi/build/serial_bridge': PYTHONPATH=/home/tars/AutoModelCrofi/build/serial_bridge/prefix_override:/usr/lib/python3/dist-packages/colcon_core/task/python/colcon_distutils_commands:/home/tars/AutoModelCrofi/install/serial_bridge/lib/python3.12/site-packages:${PYTHONPATH} /usr/bin/python3 -W ignore:setup.py install is deprecated -W ignore:easy_install command is deprecated setup.py develop --uninstall --editable --build-directory /home/tars/AutoModelCrofi/build/serial_bridge/build
[1.828s] running develop
[2.267s] Removing /home/tars/AutoModelCrofi/install/serial_bridge/lib/python3.12/site-packages/serial-bridge.egg-link (link to .)
[2.316s] Invoked command in '/home/tars/AutoModelCrofi/build/serial_bridge' returned '0': PYTHONPATH=/home/tars/AutoModelCrofi/build/serial_bridge/prefix_override:/usr/lib/python3/dist-packages/colcon_core/task/python/colcon_distutils_commands:/home/tars/AutoModelCrofi/install/serial_bridge/lib/python3.12/site-packages:${PYTHONPATH} /usr/bin/python3 -W ignore:setup.py install is deprecated -W ignore:easy_install command is deprecated setup.py develop --uninstall --editable --build-directory /home/tars/AutoModelCrofi/build/serial_bridge/build
[2.318s] Invoking command in '/home/tars/AutoModelCrofi/ros2_ws/src/test/serial_bridge': PYTHONPATH=/home/tars/AutoModelCrofi/build/serial_bridge/prefix_override:/usr/lib/python3/dist-packages/colcon_core/task/python/colcon_distutils_commands:/home/tars/AutoModelCrofi/install/serial_bridge/lib/python3.12/site-packages:${PYTHONPATH} /usr/bin/python3 -W ignore:setup.py install is deprecated -W ignore:easy_install command is deprecated setup.py egg_info --egg-base ../../../../build/serial_bridge build --build-base /home/tars/AutoModelCrofi/build/serial_bridge/build install --record /home/tars/AutoModelCrofi/build/serial_bridge/install.log --single-version-externally-managed install_data --force
[2.895s] running egg_info
[2.927s] writing ../../../../build/serial_bridge/serial_bridge.egg-info/PKG-INFO
[2.927s] writing dependency_links to ../../../../build/serial_bridge/serial_bridge.egg-info/dependency_links.txt
[2.927s] writing entry points to ../../../../build/serial_bridge/serial_bridge.egg-info/entry_points.txt
[2.927s] writing requirements to ../../../../build/serial_bridge/serial_bridge.egg-info/requires.txt
[2.928s] writing top-level names to ../../../../build/serial_bridge/serial_bridge.egg-info/top_level.txt
[2.998s] reading manifest file '../../../../build/serial_bridge/serial_bridge.egg-info/SOURCES.txt'
[2.999s] writing manifest file '../../../../build/serial_bridge/serial_bridge.egg-info/SOURCES.txt'
[2.999s] running build
[3.000s] running build_py
[3.000s] creating /home/tars/AutoModelCrofi/build/serial_bridge/build
[3.000s] creating /home/tars/AutoModelCrofi/build/serial_bridge/build/lib
[3.000s] creating /home/tars/AutoModelCrofi/build/serial_bridge/build/lib/serial_bridge
[3.000s] copying serial_bridge/serial_node.py -> /home/tars/AutoModelCrofi/build/serial_bridge/build/lib/serial_bridge
[3.000s] copying serial_bridge/__init__.py -> /home/tars/AutoModelCrofi/build/serial_bridge/build/lib/serial_bridge
[3.001s] running install
[3.016s] running install_lib
[3.060s] creating /home/tars/AutoModelCrofi/install/serial_bridge/lib/python3.12/site-packages/serial_bridge
[3.061s] copying /home/tars/AutoModelCrofi/build/serial_bridge/build/lib/serial_bridge/serial_node.py -> /home/tars/AutoModelCrofi/install/serial_bridge/lib/python3.12/site-packages/serial_bridge
[3.061s] copying /home/tars/AutoModelCrofi/build/serial_bridge/build/lib/serial_bridge/__init__.py -> /home/tars/AutoModelCrofi/install/serial_bridge/lib/python3.12/site-packages/serial_bridge
[3.062s] byte-compiling /home/tars/AutoModelCrofi/install/serial_bridge/lib/python3.12/site-packages/serial_bridge/serial_node.py to serial_node.cpython-312.pyc
[3.063s] byte-compiling /home/tars/AutoModelCrofi/install/serial_bridge/lib/python3.12/site-packages/serial_bridge/__init__.py to __init__.cpython-312.pyc
[3.063s] running install_data
[3.063s] copying resource/serial_bridge -> /home/tars/AutoModelCrofi/install/serial_bridge/share/ament_index/resource_index/packages
[3.063s] copying package.xml -> /home/tars/AutoModelCrofi/install/serial_bridge/share/serial_bridge
[3.064s] running install_egg_info
[3.109s] Copying ../../../../build/serial_bridge/serial_bridge.egg-info to /home/tars/AutoModelCrofi/install/serial_bridge/lib/python3.12/site-packages/serial_bridge-0.0.0-py3.12.egg-info
[3.111s] running install_scripts
[3.389s] Installing serial_node script to /home/tars/AutoModelCrofi/install/serial_bridge/lib/serial_bridge
[3.390s] writing list of installed files to '/home/tars/AutoModelCrofi/build/serial_bridge/install.log'
[3.435s] Invoked command in '/home/tars/AutoModelCrofi/ros2_ws/src/test/serial_bridge' returned '0': PYTHONPATH=/home/tars/AutoModelCrofi/build/serial_bridge/prefix_override:/usr/lib/python3/dist-packages/colcon_core/task/python/colcon_distutils_commands:/home/tars/AutoModelCrofi/install/serial_bridge/lib/python3.12/site-packages:${PYTHONPATH} /usr/bin/python3 -W ignore:setup.py install is deprecated -W ignore:easy_install command is deprecated setup.py egg_info --egg-base ../../../../build/serial_bridge build --build-base /home/tars/AutoModelCrofi/build/serial_bridge/build install --record /home/tars/AutoModelCrofi/build/serial_bridge/install.log --single-version-externally-managed install_data --force
