running egg_info
creating ../../../../build/senal_detector/senal_detector.egg-info
writing ../../../../build/senal_detector/senal_detector.egg-info/PKG-INFO
writing dependency_links to ../../../../build/senal_detector/senal_detector.egg-info/dependency_links.txt
writing entry points to ../../../../build/senal_detector/senal_detector.egg-info/entry_points.txt
writing requirements to ../../../../build/senal_detector/senal_detector.egg-info/requires.txt
writing top-level names to ../../../../build/senal_detector/senal_detector.egg-info/top_level.txt
writing manifest file '../../../../build/senal_detector/senal_detector.egg-info/SOURCES.txt'
reading manifest file '../../../../build/senal_detector/senal_detector.egg-info/SOURCES.txt'
writing manifest file '../../../../build/senal_detector/senal_detector.egg-info/SOURCES.txt'
running build
running build_py
creating /home/crofi/AutoModel_Rep/build/senal_detector/build
creating /home/crofi/AutoModel_Rep/build/senal_detector/build/lib
creating /home/crofi/AutoModel_Rep/build/senal_detector/build/lib/senal_detector
copying senal_detector/__init__.py -> /home/crofi/AutoModel_Rep/build/senal_detector/build/lib/senal_detector
copying senal_detector/senal_detector.py -> /home/crofi/AutoModel_Rep/build/senal_detector/build/lib/senal_detector
running install
running install_lib
creating /home/crofi/AutoModel_Rep/install/senal_detector/lib/python3.10/site-packages/senal_detector
copying /home/crofi/AutoModel_Rep/build/senal_detector/build/lib/senal_detector/__init__.py -> /home/crofi/AutoModel_Rep/install/senal_detector/lib/python3.10/site-packages/senal_detector
copying /home/crofi/AutoModel_Rep/build/senal_detector/build/lib/senal_detector/senal_detector.py -> /home/crofi/AutoModel_Rep/install/senal_detector/lib/python3.10/site-packages/senal_detector
byte-compiling /home/crofi/AutoModel_Rep/install/senal_detector/lib/python3.10/site-packages/senal_detector/__init__.py to __init__.cpython-310.pyc
byte-compiling /home/crofi/AutoModel_Rep/install/senal_detector/lib/python3.10/site-packages/senal_detector/senal_detector.py to senal_detector.cpython-310.pyc
running install_data
creating /home/crofi/AutoModel_Rep/install/senal_detector/share/ament_index
creating /home/crofi/AutoModel_Rep/install/senal_detector/share/ament_index/resource_index
creating /home/crofi/AutoModel_Rep/install/senal_detector/share/ament_index/resource_index/packages
copying resource/senal_detector -> /home/crofi/AutoModel_Rep/install/senal_detector/share/ament_index/resource_index/packages
copying package.xml -> /home/crofi/AutoModel_Rep/install/senal_detector/share/senal_detector
running install_egg_info
Copying ../../../../build/senal_detector/senal_detector.egg-info to /home/crofi/AutoModel_Rep/install/senal_detector/lib/python3.10/site-packages/senal_detector-0.0.0-py3.10.egg-info
running install_scripts
Installing senal_detector script to /home/crofi/AutoModel_Rep/install/senal_detector/lib/senal_detector
writing list of installed files to '/home/crofi/AutoModel_Rep/build/senal_detector/install.log'
