[8.516s] Invoking command in '/home/crofi/AutoModel_Rep/ros2_ws/src/vision/senal_detector': PYTHONPATH=/home/crofi/AutoModel_Rep/build/senal_detector/prefix_override:/usr/lib/python3/dist-packages/colcon_core/task/python/colcon_distutils_commands:/home/crofi/AutoModel_Rep/install/senal_detector/lib/python3.10/site-packages:${PYTHONPATH} /usr/bin/python3 -W ignore:setup.py install is deprecated -W ignore:easy_install command is deprecated setup.py egg_info --egg-base ../../../../build/senal_detector build --build-base /home/crofi/AutoModel_Rep/build/senal_detector/build install --record /home/crofi/AutoModel_Rep/build/senal_detector/install.log --single-version-externally-managed install_data
[10.679s] running egg_info
[10.683s] creating ../../../../build/senal_detector/senal_detector.egg-info
[10.684s] writing ../../../../build/senal_detector/senal_detector.egg-info/PKG-INFO
[10.686s] writing dependency_links to ../../../../build/senal_detector/senal_detector.egg-info/dependency_links.txt
[10.688s] writing entry points to ../../../../build/senal_detector/senal_detector.egg-info/entry_points.txt
[10.689s] writing requirements to ../../../../build/senal_detector/senal_detector.egg-info/requires.txt
[10.705s] writing top-level names to ../../../../build/senal_detector/senal_detector.egg-info/top_level.txt
[10.707s] writing manifest file '../../../../build/senal_detector/senal_detector.egg-info/SOURCES.txt'
[10.729s] reading manifest file '../../../../build/senal_detector/senal_detector.egg-info/SOURCES.txt'
[10.735s] writing manifest file '../../../../build/senal_detector/senal_detector.egg-info/SOURCES.txt'
[10.746s] running build
[10.752s] running build_py
[10.754s] creating /home/crofi/AutoModel_Rep/build/senal_detector/build
[10.756s] creating /home/crofi/AutoModel_Rep/build/senal_detector/build/lib
[10.757s] creating /home/crofi/AutoModel_Rep/build/senal_detector/build/lib/senal_detector
[10.758s] copying senal_detector/__init__.py -> /home/crofi/AutoModel_Rep/build/senal_detector/build/lib/senal_detector
[10.775s] copying senal_detector/senal_detector.py -> /home/crofi/AutoModel_Rep/build/senal_detector/build/lib/senal_detector
[10.791s] running install
[10.794s] running install_lib
[10.797s] creating /home/crofi/AutoModel_Rep/install/senal_detector/lib/python3.10/site-packages/senal_detector
[10.799s] copying /home/crofi/AutoModel_Rep/build/senal_detector/build/lib/senal_detector/__init__.py -> /home/crofi/AutoModel_Rep/install/senal_detector/lib/python3.10/site-packages/senal_detector
[10.801s] copying /home/crofi/AutoModel_Rep/build/senal_detector/build/lib/senal_detector/senal_detector.py -> /home/crofi/AutoModel_Rep/install/senal_detector/lib/python3.10/site-packages/senal_detector
[10.802s] byte-compiling /home/crofi/AutoModel_Rep/install/senal_detector/lib/python3.10/site-packages/senal_detector/__init__.py to __init__.cpython-310.pyc
[10.803s] byte-compiling /home/crofi/AutoModel_Rep/install/senal_detector/lib/python3.10/site-packages/senal_detector/senal_detector.py to senal_detector.cpython-310.pyc
[10.804s] running install_data
[10.805s] creating /home/crofi/AutoModel_Rep/install/senal_detector/share/ament_index
[10.809s] creating /home/crofi/AutoModel_Rep/install/senal_detector/share/ament_index/resource_index
[10.811s] creating /home/crofi/AutoModel_Rep/install/senal_detector/share/ament_index/resource_index/packages
[10.828s] copying resource/senal_detector -> /home/crofi/AutoModel_Rep/install/senal_detector/share/ament_index/resource_index/packages
[10.829s] copying package.xml -> /home/crofi/AutoModel_Rep/install/senal_detector/share/senal_detector
[10.830s] running install_egg_info
[10.831s] Copying ../../../../build/senal_detector/senal_detector.egg-info to /home/crofi/AutoModel_Rep/install/senal_detector/lib/python3.10/site-packages/senal_detector-0.0.0-py3.10.egg-info
[10.849s] running install_scripts
[11.066s] Installing senal_detector script to /home/crofi/AutoModel_Rep/install/senal_detector/lib/senal_detector
[11.070s] writing list of installed files to '/home/crofi/AutoModel_Rep/build/senal_detector/install.log'
[11.460s] Invoked command in '/home/crofi/AutoModel_Rep/ros2_ws/src/vision/senal_detector' returned '0': PYTHONPATH=/home/crofi/AutoModel_Rep/build/senal_detector/prefix_override:/usr/lib/python3/dist-packages/colcon_core/task/python/colcon_distutils_commands:/home/crofi/AutoModel_Rep/install/senal_detector/lib/python3.10/site-packages:${PYTHONPATH} /usr/bin/python3 -W ignore:setup.py install is deprecated -W ignore:easy_install command is deprecated setup.py egg_info --egg-base ../../../../build/senal_detector build --build-base /home/crofi/AutoModel_Rep/build/senal_detector/build install --record /home/crofi/AutoModel_Rep/build/senal_detector/install.log --single-version-externally-managed install_data
