[6.439s] Invoking command in '/home/crofi/ros2_ws/src/vision/lane_detector': PYTHONPATH=/home/crofi/ros2_ws/build/lane_detector/prefix_override:/usr/lib/python3/dist-packages/colcon_core/task/python/colcon_distutils_commands:/home/crofi/ros2_ws/install/lane_detector/lib/python3.10/site-packages:${PYTHONPATH} /usr/bin/python3 -W ignore:setup.py install is deprecated -W ignore:easy_install command is deprecated setup.py egg_info --egg-base ../../../build/lane_detector build --build-base /home/crofi/ros2_ws/build/lane_detector/build install --record /home/crofi/ros2_ws/build/lane_detector/install.log --single-version-externally-managed install_data
[8.158s] running egg_info
[8.164s] writing ../../../build/lane_detector/lane_detector.egg-info/PKG-INFO
[8.168s] writing dependency_links to ../../../build/lane_detector/lane_detector.egg-info/dependency_links.txt
[8.169s] writing entry points to ../../../build/lane_detector/lane_detector.egg-info/entry_points.txt
[8.170s] writing requirements to ../../../build/lane_detector/lane_detector.egg-info/requires.txt
[8.171s] writing top-level names to ../../../build/lane_detector/lane_detector.egg-info/top_level.txt
[8.178s] reading manifest file '../../../build/lane_detector/lane_detector.egg-info/SOURCES.txt'
[8.190s] writing manifest file '../../../build/lane_detector/lane_detector.egg-info/SOURCES.txt'
[8.191s] running build
[8.193s] running build_py
[8.196s] running install
[8.198s] running install_lib
[8.215s] running install_data
[8.218s] running install_egg_info
[8.233s] removing '/home/crofi/ros2_ws/install/lane_detector/lib/python3.10/site-packages/lane_detector-0.0.0-py3.10.egg-info' (and everything under it)
[8.236s] Copying ../../../build/lane_detector/lane_detector.egg-info to /home/crofi/ros2_ws/install/lane_detector/lib/python3.10/site-packages/lane_detector-0.0.0-py3.10.egg-info
[8.245s] running install_scripts
[8.366s] Installing lane_detector script to /home/crofi/ros2_ws/install/lane_detector/lib/lane_detector
[8.371s] writing list of installed files to '/home/crofi/ros2_ws/build/lane_detector/install.log'
[8.734s] Invoked command in '/home/crofi/ros2_ws/src/vision/lane_detector' returned '0': PYTHONPATH=/home/crofi/ros2_ws/build/lane_detector/prefix_override:/usr/lib/python3/dist-packages/colcon_core/task/python/colcon_distutils_commands:/home/crofi/ros2_ws/install/lane_detector/lib/python3.10/site-packages:${PYTHONPATH} /usr/bin/python3 -W ignore:setup.py install is deprecated -W ignore:easy_install command is deprecated setup.py egg_info --egg-base ../../../build/lane_detector build --build-base /home/crofi/ros2_ws/build/lane_detector/build install --record /home/crofi/ros2_ws/build/lane_detector/install.log --single-version-externally-managed install_data
