[13.545s] Invoking command in '/home/crofi/AutoModel_Rep/ros2_ws/src/hardware/webcam_recorted': PYTHONPATH=/home/crofi/AutoModel_Rep/build/webcam_recorted/prefix_override:/usr/lib/python3/dist-packages/colcon_core/task/python/colcon_distutils_commands:/home/crofi/AutoModel_Rep/install/webcam_recorted/lib/python3.10/site-packages:${PYTHONPATH} /usr/bin/python3 -W ignore:setup.py install is deprecated -W ignore:easy_install command is deprecated setup.py egg_info --egg-base ../../../../build/webcam_recorted build --build-base /home/crofi/AutoModel_Rep/build/webcam_recorted/build install --record /home/crofi/AutoModel_Rep/build/webcam_recorted/install.log --single-version-externally-managed install_data
[19.123s] running egg_info
[19.127s] writing ../../../../build/webcam_recorted/webcam_recorted.egg-info/PKG-INFO
[19.129s] writing dependency_links to ../../../../build/webcam_recorted/webcam_recorted.egg-info/dependency_links.txt
[19.130s] writing entry points to ../../../../build/webcam_recorted/webcam_recorted.egg-info/entry_points.txt
[19.132s] writing requirements to ../../../../build/webcam_recorted/webcam_recorted.egg-info/requires.txt
[19.132s] writing top-level names to ../../../../build/webcam_recorted/webcam_recorted.egg-info/top_level.txt
[19.147s] reading manifest file '../../../../build/webcam_recorted/webcam_recorted.egg-info/SOURCES.txt'
[19.155s] writing manifest file '../../../../build/webcam_recorted/webcam_recorted.egg-info/SOURCES.txt'
[19.157s] running build
[19.158s] running build_py
[19.161s] running install
[19.164s] running install_lib
[19.189s] running install_data
[19.189s] running install_egg_info
[19.208s] removing '/home/crofi/AutoModel_Rep/install/webcam_recorted/lib/python3.10/site-packages/webcam_recorted-0.0.0-py3.10.egg-info' (and everything under it)
[19.217s] Copying ../../../../build/webcam_recorted/webcam_recorted.egg-info to /home/crofi/AutoModel_Rep/install/webcam_recorted/lib/python3.10/site-packages/webcam_recorted-0.0.0-py3.10.egg-info
[19.241s] running install_scripts
[19.442s] Installing webcam_recorted script to /home/crofi/AutoModel_Rep/install/webcam_recorted/lib/webcam_recorted
[19.445s] writing list of installed files to '/home/crofi/AutoModel_Rep/build/webcam_recorted/install.log'
[19.728s] Invoked command in '/home/crofi/AutoModel_Rep/ros2_ws/src/hardware/webcam_recorted' returned '0': PYTHONPATH=/home/crofi/AutoModel_Rep/build/webcam_recorted/prefix_override:/usr/lib/python3/dist-packages/colcon_core/task/python/colcon_distutils_commands:/home/crofi/AutoModel_Rep/install/webcam_recorted/lib/python3.10/site-packages:${PYTHONPATH} /usr/bin/python3 -W ignore:setup.py install is deprecated -W ignore:easy_install command is deprecated setup.py egg_info --egg-base ../../../../build/webcam_recorted build --build-base /home/crofi/AutoModel_Rep/build/webcam_recorted/build install --record /home/crofi/AutoModel_Rep/build/webcam_recorted/install.log --single-version-externally-managed install_data
