[8.549s] Invoking command in '/home/crofi/AutoModelCrofi/ros2_ws/build/webcam': PYTHONPATH=/home/crofi/AutoModelCrofi/ros2_ws/build/webcam/prefix_override:/usr/lib/python3/dist-packages/colcon_core/task/python/colcon_distutils_commands:/home/crofi/AutoModelCrofi/ros2_ws/install/webcam/lib/python3.10/site-packages:${PYTHONPATH} /usr/bin/python3 -W ignore:setup.py install is deprecated -W ignore:easy_install command is deprecated setup.py develop --editable --build-directory /home/crofi/AutoModelCrofi/ros2_ws/build/webcam/build --no-deps symlink_data
[10.588s] running develop
[12.402s] running egg_info
[12.404s] creating webcam.egg-info
[12.405s] writing webcam.egg-info/PKG-INFO
[12.410s] writing dependency_links to webcam.egg-info/dependency_links.txt
[12.413s] writing entry points to webcam.egg-info/entry_points.txt
[12.423s] writing requirements to webcam.egg-info/requires.txt
[12.425s] writing top-level names to webcam.egg-info/top_level.txt
[12.426s] writing manifest file 'webcam.egg-info/SOURCES.txt'
[12.444s] reading manifest file 'webcam.egg-info/SOURCES.txt'
[12.452s] writing manifest file 'webcam.egg-info/SOURCES.txt'
[12.475s] running build_ext
[12.476s] Creating /home/crofi/AutoModelCrofi/ros2_ws/install/webcam/lib/python3.10/site-packages/webcam.egg-link (link to .)
[12.482s] Installing webcam script to /home/crofi/AutoModelCrofi/ros2_ws/install/webcam/lib/webcam
[12.483s] 
[12.484s] Installed /home/crofi/AutoModelCrofi/ros2_ws/build/webcam
[12.485s] running symlink_data
[12.489s] creating /home/crofi/AutoModelCrofi/ros2_ws/install/webcam/share/ament_index
[12.490s] creating /home/crofi/AutoModelCrofi/ros2_ws/install/webcam/share/ament_index/resource_index
[12.492s] creating /home/crofi/AutoModelCrofi/ros2_ws/install/webcam/share/ament_index/resource_index/packages
[12.496s] symbolically linking /home/crofi/AutoModelCrofi/ros2_ws/build/webcam/resource/webcam -> /home/crofi/AutoModelCrofi/ros2_ws/install/webcam/share/ament_index/resource_index/packages
[12.498s] symbolically linking /home/crofi/AutoModelCrofi/ros2_ws/build/webcam/package.xml -> /home/crofi/AutoModelCrofi/ros2_ws/install/webcam/share/webcam
[12.861s] Invoked command in '/home/crofi/AutoModelCrofi/ros2_ws/build/webcam' returned '0': PYTHONPATH=/home/crofi/AutoModelCrofi/ros2_ws/build/webcam/prefix_override:/usr/lib/python3/dist-packages/colcon_core/task/python/colcon_distutils_commands:/home/crofi/AutoModelCrofi/ros2_ws/install/webcam/lib/python3.10/site-packages:${PYTHONPATH} /usr/bin/python3 -W ignore:setup.py install is deprecated -W ignore:easy_install command is deprecated setup.py develop --editable --build-directory /home/crofi/AutoModelCrofi/ros2_ws/build/webcam/build --no-deps symlink_data
