[1.639s] Invoking command in '/home/tars/AutoModelCrofi/build/webcam_recorted': PYTHONPATH=/home/tars/AutoModelCrofi/build/webcam_recorted/prefix_override:/usr/lib/python3/dist-packages/colcon_core/task/python/colcon_distutils_commands:/home/tars/AutoModelCrofi/install/webcam_recorted/lib/python3.12/site-packages:${PYTHONPATH} /usr/bin/python3 -W ignore:setup.py install is deprecated -W ignore:easy_install command is deprecated setup.py develop --uninstall --editable --build-directory /home/tars/AutoModelCrofi/build/webcam_recorted/build
[2.029s] running develop
[2.369s] Removing /home/tars/AutoModelCrofi/install/webcam_recorted/lib/python3.12/site-packages/webcam-recorted.egg-link (link to .)
[2.403s] Invoked command in '/home/tars/AutoModelCrofi/build/webcam_recorted' returned '0': PYTHONPATH=/home/tars/AutoModelCrofi/build/webcam_recorted/prefix_override:/usr/lib/python3/dist-packages/colcon_core/task/python/colcon_distutils_commands:/home/tars/AutoModelCrofi/install/webcam_recorted/lib/python3.12/site-packages:${PYTHONPATH} /usr/bin/python3 -W ignore:setup.py install is deprecated -W ignore:easy_install command is deprecated setup.py develop --uninstall --editable --build-directory /home/tars/AutoModelCrofi/build/webcam_recorted/build
[2.404s] Invoking command in '/home/tars/AutoModelCrofi/ros2_ws/src/hardware/webcam_recorted': PYTHONPATH=/home/tars/AutoModelCrofi/build/webcam_recorted/prefix_override:/usr/lib/python3/dist-packages/colcon_core/task/python/colcon_distutils_commands:/home/tars/AutoModelCrofi/install/webcam_recorted/lib/python3.12/site-packages:${PYTHONPATH} /usr/bin/python3 -W ignore:setup.py install is deprecated -W ignore:easy_install command is deprecated setup.py egg_info --egg-base ../../../../build/webcam_recorted build --build-base /home/tars/AutoModelCrofi/build/webcam_recorted/build install --record /home/tars/AutoModelCrofi/build/webcam_recorted/install.log --single-version-externally-managed install_data --force
[2.842s] running egg_info
[2.868s] writing ../../../../build/webcam_recorted/webcam_recorted.egg-info/PKG-INFO
[2.869s] writing dependency_links to ../../../../build/webcam_recorted/webcam_recorted.egg-info/dependency_links.txt
[2.869s] writing entry points to ../../../../build/webcam_recorted/webcam_recorted.egg-info/entry_points.txt
[2.869s] writing requirements to ../../../../build/webcam_recorted/webcam_recorted.egg-info/requires.txt
[2.869s] writing top-level names to ../../../../build/webcam_recorted/webcam_recorted.egg-info/top_level.txt
[2.918s] reading manifest file '../../../../build/webcam_recorted/webcam_recorted.egg-info/SOURCES.txt'
[2.919s] writing manifest file '../../../../build/webcam_recorted/webcam_recorted.egg-info/SOURCES.txt'
[2.919s] running build
[2.919s] running build_py
[2.920s] creating /home/tars/AutoModelCrofi/build/webcam_recorted/build
[2.920s] creating /home/tars/AutoModelCrofi/build/webcam_recorted/build/lib
[2.920s] creating /home/tars/AutoModelCrofi/build/webcam_recorted/build/lib/webcam_recorted
[2.920s] copying webcam_recorted/webcam_recorted.py -> /home/tars/AutoModelCrofi/build/webcam_recorted/build/lib/webcam_recorted
[2.920s] copying webcam_recorted/__init__.py -> /home/tars/AutoModelCrofi/build/webcam_recorted/build/lib/webcam_recorted
[2.920s] running install
[2.928s] running install_lib
[2.954s] creating /home/tars/AutoModelCrofi/install/webcam_recorted/lib/python3.12/site-packages/webcam_recorted
[2.954s] copying /home/tars/AutoModelCrofi/build/webcam_recorted/build/lib/webcam_recorted/webcam_recorted.py -> /home/tars/AutoModelCrofi/install/webcam_recorted/lib/python3.12/site-packages/webcam_recorted
[2.954s] copying /home/tars/AutoModelCrofi/build/webcam_recorted/build/lib/webcam_recorted/__init__.py -> /home/tars/AutoModelCrofi/install/webcam_recorted/lib/python3.12/site-packages/webcam_recorted
[2.955s] byte-compiling /home/tars/AutoModelCrofi/install/webcam_recorted/lib/python3.12/site-packages/webcam_recorted/webcam_recorted.py to webcam_recorted.cpython-312.pyc
[2.956s] byte-compiling /home/tars/AutoModelCrofi/install/webcam_recorted/lib/python3.12/site-packages/webcam_recorted/__init__.py to __init__.cpython-312.pyc
[2.956s] running install_data
[2.956s] copying resource/webcam_recorted -> /home/tars/AutoModelCrofi/install/webcam_recorted/share/ament_index/resource_index/packages
[2.956s] copying package.xml -> /home/tars/AutoModelCrofi/install/webcam_recorted/share/webcam_recorted
[2.957s] running install_egg_info
[2.984s] Copying ../../../../build/webcam_recorted/webcam_recorted.egg-info to /home/tars/AutoModelCrofi/install/webcam_recorted/lib/python3.12/site-packages/webcam_recorted-0.0.0-py3.12.egg-info
[2.985s] running install_scripts
[3.153s] Installing webcam_recorted script to /home/tars/AutoModelCrofi/install/webcam_recorted/lib/webcam_recorted
[3.153s] writing list of installed files to '/home/tars/AutoModelCrofi/build/webcam_recorted/install.log'
[3.189s] Invoked command in '/home/tars/AutoModelCrofi/ros2_ws/src/hardware/webcam_recorted' returned '0': PYTHONPATH=/home/tars/AutoModelCrofi/build/webcam_recorted/prefix_override:/usr/lib/python3/dist-packages/colcon_core/task/python/colcon_distutils_commands:/home/tars/AutoModelCrofi/install/webcam_recorted/lib/python3.12/site-packages:${PYTHONPATH} /usr/bin/python3 -W ignore:setup.py install is deprecated -W ignore:easy_install command is deprecated setup.py egg_info --egg-base ../../../../build/webcam_recorted build --build-base /home/tars/AutoModelCrofi/build/webcam_recorted/build install --record /home/tars/AutoModelCrofi/build/webcam_recorted/install.log --single-version-externally-managed install_data --force
