[26.617s] Invoking command in '/home/crofi/AutoModel_Rep/ros2_ws/src/vision/red_vision': PYTHONPATH=/home/crofi/AutoModel_Rep/build/red_vision/prefix_override:/usr/lib/python3/dist-packages/colcon_core/task/python/colcon_distutils_commands:/home/crofi/AutoModel_Rep/install/red_vision/lib/python3.10/site-packages:${PYTHONPATH} /usr/bin/python3 -W ignore:setup.py install is deprecated -W ignore:easy_install command is deprecated setup.py egg_info --egg-base ../../../../build/red_vision build --build-base /home/crofi/AutoModel_Rep/build/red_vision/build install --record /home/crofi/AutoModel_Rep/build/red_vision/install.log --single-version-externally-managed install_data
[32.510s] running egg_info
[32.528s] writing ../../../../build/red_vision/red_vision.egg-info/PKG-INFO
[32.529s] writing dependency_links to ../../../../build/red_vision/red_vision.egg-info/dependency_links.txt
[32.540s] writing entry points to ../../../../build/red_vision/red_vision.egg-info/entry_points.txt
[32.551s] writing requirements to ../../../../build/red_vision/red_vision.egg-info/requires.txt
[32.566s] writing top-level names to ../../../../build/red_vision/red_vision.egg-info/top_level.txt
[32.587s] reading manifest file '../../../../build/red_vision/red_vision.egg-info/SOURCES.txt'
[32.638s] writing manifest file '../../../../build/red_vision/red_vision.egg-info/SOURCES.txt'
[32.639s] running build
[32.640s] running build_py
[32.665s] running install
[32.671s] running install_lib
[32.890s] running install_data
[32.933s] running install_egg_info
[33.004s] removing '/home/crofi/AutoModel_Rep/install/red_vision/lib/python3.10/site-packages/red_vision-0.0.0-py3.10.egg-info' (and everything under it)
[33.005s] Copying ../../../../build/red_vision/red_vision.egg-info to /home/crofi/AutoModel_Rep/install/red_vision/lib/python3.10/site-packages/red_vision-0.0.0-py3.10.egg-info
[33.047s] running install_scripts
[33.868s] Installing red_vision script to /home/crofi/AutoModel_Rep/install/red_vision/lib/red_vision
[33.883s] writing list of installed files to '/home/crofi/AutoModel_Rep/build/red_vision/install.log'
[38.335s] Invoked command in '/home/crofi/AutoModel_Rep/ros2_ws/src/vision/red_vision' returned '0': PYTHONPATH=/home/crofi/AutoModel_Rep/build/red_vision/prefix_override:/usr/lib/python3/dist-packages/colcon_core/task/python/colcon_distutils_commands:/home/crofi/AutoModel_Rep/install/red_vision/lib/python3.10/site-packages:${PYTHONPATH} /usr/bin/python3 -W ignore:setup.py install is deprecated -W ignore:easy_install command is deprecated setup.py egg_info --egg-base ../../../../build/red_vision build --build-base /home/crofi/AutoModel_Rep/build/red_vision/build install --record /home/crofi/AutoModel_Rep/build/red_vision/install.log --single-version-externally-managed install_data
