[13.519s] Invoking command in '/home/crofi/ros2_ws/src/vision/red_vision': PYTHONPATH=/home/crofi/ros2_ws/build/red_vision/prefix_override:/usr/lib/python3/dist-packages/colcon_core/task/python/colcon_distutils_commands:/home/crofi/ros2_ws/install/red_vision/lib/python3.10/site-packages:${PYTHONPATH} /usr/bin/python3 -W ignore:setup.py install is deprecated -W ignore:easy_install command is deprecated setup.py egg_info --egg-base ../../../build/red_vision build --build-base /home/crofi/ros2_ws/build/red_vision/build install --record /home/crofi/ros2_ws/build/red_vision/install.log --single-version-externally-managed install_data
[18.042s] running egg_info
[18.045s] writing ../../../build/red_vision/red_vision.egg-info/PKG-INFO
[18.046s] writing dependency_links to ../../../build/red_vision/red_vision.egg-info/dependency_links.txt
[18.048s] writing entry points to ../../../build/red_vision/red_vision.egg-info/entry_points.txt
[18.051s] writing requirements to ../../../build/red_vision/red_vision.egg-info/requires.txt
[18.052s] writing top-level names to ../../../build/red_vision/red_vision.egg-info/top_level.txt
[18.061s] reading manifest file '../../../build/red_vision/red_vision.egg-info/SOURCES.txt'
[18.067s] writing manifest file '../../../build/red_vision/red_vision.egg-info/SOURCES.txt'
[18.068s] running build
[18.069s] running build_py
[18.070s] running install
[18.071s] running install_lib
[18.088s] running install_data
[18.090s] running install_egg_info
[18.098s] removing '/home/crofi/ros2_ws/install/red_vision/lib/python3.10/site-packages/red_vision-0.0.0-py3.10.egg-info' (and everything under it)
[18.102s] Copying ../../../build/red_vision/red_vision.egg-info to /home/crofi/ros2_ws/install/red_vision/lib/python3.10/site-packages/red_vision-0.0.0-py3.10.egg-info
[18.111s] running install_scripts
[18.238s] Installing red_vision script to /home/crofi/ros2_ws/install/red_vision/lib/red_vision
[18.240s] writing list of installed files to '/home/crofi/ros2_ws/build/red_vision/install.log'
[19.205s] Invoked command in '/home/crofi/ros2_ws/src/vision/red_vision' returned '0': PYTHONPATH=/home/crofi/ros2_ws/build/red_vision/prefix_override:/usr/lib/python3/dist-packages/colcon_core/task/python/colcon_distutils_commands:/home/crofi/ros2_ws/install/red_vision/lib/python3.10/site-packages:${PYTHONPATH} /usr/bin/python3 -W ignore:setup.py install is deprecated -W ignore:easy_install command is deprecated setup.py egg_info --egg-base ../../../build/red_vision build --build-base /home/crofi/ros2_ws/build/red_vision/build install --record /home/crofi/ros2_ws/build/red_vision/install.log --single-version-externally-managed install_data
