[1.831s] Invoking command in '/home/tars/AutoModelCrofi/ros2_ws/src/vision/prueba_angle': PYTHONPATH=/home/tars/AutoModelCrofi/ros2_ws/build/prueba_angle/prefix_override:/usr/lib/python3/dist-packages/colcon_core/task/python/colcon_distutils_commands:/home/tars/AutoModelCrofi/ros2_ws/install/prueba_angle/lib/python3.12/site-packages:${PYTHONPATH} /usr/bin/python3 -W ignore:setup.py install is deprecated -W ignore:easy_install command is deprecated setup.py egg_info --egg-base ../../../build/prueba_angle build --build-base /home/tars/AutoModelCrofi/ros2_ws/build/prueba_angle/build install --record /home/tars/AutoModelCrofi/ros2_ws/build/prueba_angle/install.log --single-version-externally-managed install_data
[2.165s] running egg_info
[2.188s] writing ../../../build/prueba_angle/prueba_angle.egg-info/PKG-INFO
[2.191s] writing dependency_links to ../../../build/prueba_angle/prueba_angle.egg-info/dependency_links.txt
[2.191s] writing entry points to ../../../build/prueba_angle/prueba_angle.egg-info/entry_points.txt
[2.191s] writing requirements to ../../../build/prueba_angle/prueba_angle.egg-info/requires.txt
[2.191s] writing top-level names to ../../../build/prueba_angle/prueba_angle.egg-info/top_level.txt
[2.240s] reading manifest file '../../../build/prueba_angle/prueba_angle.egg-info/SOURCES.txt'
[2.243s] writing manifest file '../../../build/prueba_angle/prueba_angle.egg-info/SOURCES.txt'
[2.243s] running build
[2.243s] running build_py
[2.243s] running install
[2.252s] running install_lib
[2.280s] running install_data
[2.280s] running install_egg_info
[2.303s] removing '/home/tars/AutoModelCrofi/ros2_ws/install/prueba_angle/lib/python3.12/site-packages/prueba_angle-0.0.0-py3.12.egg-info' (and everything under it)
[2.304s] Copying ../../../build/prueba_angle/prueba_angle.egg-info to /home/tars/AutoModelCrofi/ros2_ws/install/prueba_angle/lib/python3.12/site-packages/prueba_angle-0.0.0-py3.12.egg-info
[2.305s] running install_scripts
[2.469s] Installing prueba_angle script to /home/tars/AutoModelCrofi/ros2_ws/install/prueba_angle/lib/prueba_angle
[2.470s] writing list of installed files to '/home/tars/AutoModelCrofi/ros2_ws/build/prueba_angle/install.log'
[2.663s] Invoked command in '/home/tars/AutoModelCrofi/ros2_ws/src/vision/prueba_angle' returned '0': PYTHONPATH=/home/tars/AutoModelCrofi/ros2_ws/build/prueba_angle/prefix_override:/usr/lib/python3/dist-packages/colcon_core/task/python/colcon_distutils_commands:/home/tars/AutoModelCrofi/ros2_ws/install/prueba_angle/lib/python3.12/site-packages:${PYTHONPATH} /usr/bin/python3 -W ignore:setup.py install is deprecated -W ignore:easy_install command is deprecated setup.py egg_info --egg-base ../../../build/prueba_angle build --build-base /home/tars/AutoModelCrofi/ros2_ws/build/prueba_angle/build install --record /home/tars/AutoModelCrofi/ros2_ws/build/prueba_angle/install.log --single-version-externally-managed install_data
