[14.011s] Invoking command in '/home/crofi/ros2_ws/src/vision/lane_detector': PYTHONPATH=/home/crofi/ros2_ws/build/lane_detector/prefix_override:/usr/lib/python3/dist-packages/colcon_core/task/python/colcon_distutils_commands:/home/crofi/ros2_ws/install/lane_detector/lib/python3.10/site-packages:${PYTHONPATH} /usr/bin/python3 -W ignore:setup.py install is deprecated -W ignore:easy_install command is deprecated setup.py egg_info --egg-base ../../../build/lane_detector build --build-base /home/crofi/ros2_ws/build/lane_detector/build install --record /home/crofi/ros2_ws/build/lane_detector/install.log --single-version-externally-managed install_data
[19.348s] running egg_info
[19.350s] writing ../../../build/lane_detector/lane_detector.egg-info/PKG-INFO
[19.351s] writing dependency_links to ../../../build/lane_detector/lane_detector.egg-info/dependency_links.txt
[19.353s] writing entry points to ../../../build/lane_detector/lane_detector.egg-info/entry_points.txt
[19.355s] writing requirements to ../../../build/lane_detector/lane_detector.egg-info/requires.txt
[19.356s] writing top-level names to ../../../build/lane_detector/lane_detector.egg-info/top_level.txt
[19.370s] reading manifest file '../../../build/lane_detector/lane_detector.egg-info/SOURCES.txt'
[19.377s] writing manifest file '../../../build/lane_detector/lane_detector.egg-info/SOURCES.txt'
[19.379s] running build
[19.379s] running build_py
[19.380s] running install
[19.380s] running install_lib
[19.397s] running install_data
[19.398s] running install_egg_info
[19.412s] removing '/home/crofi/ros2_ws/install/lane_detector/lib/python3.10/site-packages/lane_detector-0.0.0-py3.10.egg-info' (and everything under it)
[19.419s] Copying ../../../build/lane_detector/lane_detector.egg-info to /home/crofi/ros2_ws/install/lane_detector/lib/python3.10/site-packages/lane_detector-0.0.0-py3.10.egg-info
[19.434s] running install_scripts
[19.599s] Installing lane_detector script to /home/crofi/ros2_ws/install/lane_detector/lib/lane_detector
[19.601s] writing list of installed files to '/home/crofi/ros2_ws/build/lane_detector/install.log'
[21.075s] Invoked command in '/home/crofi/ros2_ws/src/vision/lane_detector' returned '0': PYTHONPATH=/home/crofi/ros2_ws/build/lane_detector/prefix_override:/usr/lib/python3/dist-packages/colcon_core/task/python/colcon_distutils_commands:/home/crofi/ros2_ws/install/lane_detector/lib/python3.10/site-packages:${PYTHONPATH} /usr/bin/python3 -W ignore:setup.py install is deprecated -W ignore:easy_install command is deprecated setup.py egg_info --egg-base ../../../build/lane_detector build --build-base /home/crofi/ros2_ws/build/lane_detector/build install --record /home/crofi/ros2_ws/build/lane_detector/install.log --single-version-externally-managed install_data
