[5.674s] Invoking command in '/home/crofi/AutoModelCrofi/ros2_ws/build/webcam_recorted': PYTHONPATH=/home/crofi/AutoModelCrofi/ros2_ws/build/webcam_recorted/prefix_override:/usr/lib/python3/dist-packages/colcon_core/task/python/colcon_distutils_commands:/home/crofi/AutoModelCrofi/ros2_ws/install/webcam_recorted/lib/python3.10/site-packages:${PYTHONPATH} /usr/bin/python3 -W ignore:setup.py install is deprecated -W ignore:easy_install command is deprecated setup.py develop --editable --build-directory /home/crofi/AutoModelCrofi/ros2_ws/build/webcam_recorted/build --no-deps symlink_data
[7.529s] running develop
[8.929s] running egg_info
[8.930s] creating webcam_recorted.egg-info
[8.931s] writing webcam_recorted.egg-info/PKG-INFO
[8.933s] writing dependency_links to webcam_recorted.egg-info/dependency_links.txt
[8.934s] writing entry points to webcam_recorted.egg-info/entry_points.txt
[8.937s] writing requirements to webcam_recorted.egg-info/requires.txt
[8.939s] writing top-level names to webcam_recorted.egg-info/top_level.txt
[8.940s] writing manifest file 'webcam_recorted.egg-info/SOURCES.txt'
[8.954s] reading manifest file 'webcam_recorted.egg-info/SOURCES.txt'
[8.959s] writing manifest file 'webcam_recorted.egg-info/SOURCES.txt'
[8.972s] running build_ext
[8.974s] Creating /home/crofi/AutoModelCrofi/ros2_ws/install/webcam_recorted/lib/python3.10/site-packages/webcam-recorted.egg-link (link to .)
[8.982s] Installing webcam_recorted script to /home/crofi/AutoModelCrofi/ros2_ws/install/webcam_recorted/lib/webcam_recorted
[8.984s] 
[8.986s] Installed /home/crofi/AutoModelCrofi/ros2_ws/build/webcam_recorted
[8.987s] running symlink_data
[8.988s] creating /home/crofi/AutoModelCrofi/ros2_ws/install/webcam_recorted/share/ament_index
[8.990s] creating /home/crofi/AutoModelCrofi/ros2_ws/install/webcam_recorted/share/ament_index/resource_index
[8.992s] creating /home/crofi/AutoModelCrofi/ros2_ws/install/webcam_recorted/share/ament_index/resource_index/packages
[8.993s] symbolically linking /home/crofi/AutoModelCrofi/ros2_ws/build/webcam_recorted/resource/webcam_recorted -> /home/crofi/AutoModelCrofi/ros2_ws/install/webcam_recorted/share/ament_index/resource_index/packages
[8.995s] symbolically linking /home/crofi/AutoModelCrofi/ros2_ws/build/webcam_recorted/package.xml -> /home/crofi/AutoModelCrofi/ros2_ws/install/webcam_recorted/share/webcam_recorted
[9.182s] Invoked command in '/home/crofi/AutoModelCrofi/ros2_ws/build/webcam_recorted' returned '0': PYTHONPATH=/home/crofi/AutoModelCrofi/ros2_ws/build/webcam_recorted/prefix_override:/usr/lib/python3/dist-packages/colcon_core/task/python/colcon_distutils_commands:/home/crofi/AutoModelCrofi/ros2_ws/install/webcam_recorted/lib/python3.10/site-packages:${PYTHONPATH} /usr/bin/python3 -W ignore:setup.py install is deprecated -W ignore:easy_install command is deprecated setup.py develop --editable --build-directory /home/crofi/AutoModelCrofi/ros2_ws/build/webcam_recorted/build --no-deps symlink_data
