[10.211s] Invoking command in '/home/crofi/ros2_ws/src/hardware/servo': PYTHONPATH=/home/crofi/ros2_ws/build/servo/prefix_override:/usr/lib/python3/dist-packages/colcon_core/task/python/colcon_distutils_commands:/home/crofi/ros2_ws/install/servo/lib/python3.10/site-packages:${PYTHONPATH} /usr/bin/python3 -W ignore:setup.py install is deprecated -W ignore:easy_install command is deprecated setup.py egg_info --egg-base ../../../build/servo build --build-base /home/crofi/ros2_ws/build/servo/build install --record /home/crofi/ros2_ws/build/servo/install.log --single-version-externally-managed install_data
[12.265s] Traceback (most recent call last):
[12.265s]   File "/home/crofi/ros2_ws/src/hardware/servo/setup.py", line 1, in <module>
[12.266s]     from setuptools import find_packages, setup
[12.266s]   File "/usr/lib/python3/dist-packages/setuptools/__init__.py", line 16, in <module>
[12.269s]     import setuptools.version
[12.270s]   File "/usr/lib/python3/dist-packages/setuptools/version.py", line 1, in <module>
[12.271s]     import pkg_resources
[12.271s]   File "/usr/lib/python3/dist-packages/pkg_resources/__init__.py", line 3267, in <module>
[12.276s]     def _initialize_master_working_set():
[12.277s]   File "/usr/lib/python3/dist-packages/pkg_resources/__init__.py", line 3241, in _call_aside
[12.281s]     f(*args, **kwargs)
[12.283s]   File "/usr/lib/python3/dist-packages/pkg_resources/__init__.py", line 3302, in _initialize_master_working_set
[12.286s]     list(map(working_set.add_entry, sys.path))
[12.287s]   File "/usr/lib/python3/dist-packages/pkg_resources/__init__.py", line 613, in add_entry
[12.291s]     for dist in find_distributions(entry, True):
[12.292s]   File "/usr/lib/python3/dist-packages/pkg_resources/__init__.py", line 2077, in find_on_path
[12.296s]     for dist in factory(fullpath):
[12.298s]   File "/usr/lib/python3/dist-packages/pkg_resources/__init__.py", line 2142, in distributions_from_metadata
[12.300s]     yield Distribution.from_location(
[12.301s]   File "/usr/lib/python3/dist-packages/pkg_resources/__init__.py", line 2606, in from_location
[12.304s]     )._reload_version()
[12.305s]   File "/usr/lib/python3/dist-packages/pkg_resources/__init__.py", line 3004, in _reload_version
[12.308s]     md_version = self._get_version()
[12.309s]   File "/usr/lib/python3/dist-packages/pkg_resources/__init__.py", line 2785, in _get_version
[12.312s]     version = _version_from_file(lines)
[12.313s]   File "/usr/lib/python3/dist-packages/pkg_resources/__init__.py", line 2569, in _version_from_file
[12.316s]     line = next(iter(version_lines), '')
[12.317s]   File "/usr/lib/python3/dist-packages/pkg_resources/__init__.py", line 2780, in _get_metadata
[12.320s]     for line in self.get_metadata_lines(name):
[12.321s]   File "/usr/lib/python3/dist-packages/pkg_resources/__init__.py", line 1422, in get_metadata_lines
[12.324s]     return yield_lines(self.get_metadata(name))
[12.325s]   File "/usr/lib/python3/dist-packages/pkg_resources/__init__.py", line 1412, in get_metadata
[12.328s]     value = self._get(path)
[12.329s]   File "/usr/lib/python3/dist-packages/pkg_resources/__init__.py", line 1616, in _get
[12.333s]     with open(path, 'rb') as stream:
[12.343s] FileNotFoundError: [Errno 2] No such file or directory: '/home/crofi/ros2_ws/install/lane_detector/lib/python3.10/site-packages/lane_detector-0.0.0-py3.10.egg-info/PKG-INFO'
[12.574s] Invoked command in '/home/crofi/ros2_ws/src/hardware/servo' returned '1': PYTHONPATH=/home/crofi/ros2_ws/build/servo/prefix_override:/usr/lib/python3/dist-packages/colcon_core/task/python/colcon_distutils_commands:/home/crofi/ros2_ws/install/servo/lib/python3.10/site-packages:${PYTHONPATH} /usr/bin/python3 -W ignore:setup.py install is deprecated -W ignore:easy_install command is deprecated setup.py egg_info --egg-base ../../../build/servo build --build-base /home/crofi/ros2_ws/build/servo/build install --record /home/crofi/ros2_ws/build/servo/install.log --single-version-externally-managed install_data
