[22.799s] Invoking command in '/home/crofi/AutoModel_Rep/ros2_ws/src/vision/red_vision': PYTHONPATH=/home/crofi/AutoModel_Rep/build/red_vision/prefix_override:/usr/lib/python3/dist-packages/colcon_core/task/python/colcon_distutils_commands:/home/crofi/AutoModel_Rep/install/red_vision/lib/python3.10/site-packages:${PYTHONPATH} /usr/bin/python3 -W ignore:setup.py install is deprecated -W ignore:easy_install command is deprecated setup.py egg_info --egg-base ../../../../build/red_vision build --build-base /home/crofi/AutoModel_Rep/build/red_vision/build install --record /home/crofi/AutoModel_Rep/build/red_vision/install.log --single-version-externally-managed install_data
[28.159s] running egg_info
[28.205s] writing ../../../../build/red_vision/red_vision.egg-info/PKG-INFO
[28.231s] writing dependency_links to ../../../../build/red_vision/red_vision.egg-info/dependency_links.txt
[28.237s] writing entry points to ../../../../build/red_vision/red_vision.egg-info/entry_points.txt
[28.247s] writing requirements to ../../../../build/red_vision/red_vision.egg-info/requires.txt
[28.267s] writing top-level names to ../../../../build/red_vision/red_vision.egg-info/top_level.txt
[28.306s] reading manifest file '../../../../build/red_vision/red_vision.egg-info/SOURCES.txt'
[28.321s] writing manifest file '../../../../build/red_vision/red_vision.egg-info/SOURCES.txt'
[28.322s] running build
[28.324s] running build_py
[28.325s] running install
[28.325s] running install_lib
[28.341s] running install_data
[28.343s] running install_egg_info
[28.363s] removing '/home/crofi/AutoModel_Rep/install/red_vision/lib/python3.10/site-packages/red_vision-0.0.0-py3.10.egg-info' (and everything under it)
[28.377s] Copying ../../../../build/red_vision/red_vision.egg-info to /home/crofi/AutoModel_Rep/install/red_vision/lib/python3.10/site-packages/red_vision-0.0.0-py3.10.egg-info
[28.496s] running install_scripts
[29.251s] Installing red_vision script to /home/crofi/AutoModel_Rep/install/red_vision/lib/red_vision
[29.257s] writing list of installed files to '/home/crofi/AutoModel_Rep/build/red_vision/install.log'
[29.851s] Invoked command in '/home/crofi/AutoModel_Rep/ros2_ws/src/vision/red_vision' returned '0': PYTHONPATH=/home/crofi/AutoModel_Rep/build/red_vision/prefix_override:/usr/lib/python3/dist-packages/colcon_core/task/python/colcon_distutils_commands:/home/crofi/AutoModel_Rep/install/red_vision/lib/python3.10/site-packages:${PYTHONPATH} /usr/bin/python3 -W ignore:setup.py install is deprecated -W ignore:easy_install command is deprecated setup.py egg_info --egg-base ../../../../build/red_vision build --build-base /home/crofi/AutoModel_Rep/build/red_vision/build install --record /home/crofi/AutoModel_Rep/build/red_vision/install.log --single-version-externally-managed install_data
