[9.919s] Invoking command in '/home/crofi/ros2_ws/src/vision/senal_detector': PYTHONPATH=/home/crofi/ros2_ws/build/senal_detector/prefix_override:/usr/lib/python3/dist-packages/colcon_core/task/python/colcon_distutils_commands:/home/crofi/ros2_ws/install/senal_detector/lib/python3.10/site-packages:${PYTHONPATH} /usr/bin/python3 -W ignore:setup.py install is deprecated -W ignore:easy_install command is deprecated setup.py egg_info --egg-base ../../../build/senal_detector build --build-base /home/crofi/ros2_ws/build/senal_detector/build install --record /home/crofi/ros2_ws/build/senal_detector/install.log --single-version-externally-managed install_data
[12.971s] running egg_info
[12.973s] writing ../../../build/senal_detector/senal_detector.egg-info/PKG-INFO
[12.974s] writing dependency_links to ../../../build/senal_detector/senal_detector.egg-info/dependency_links.txt
[12.975s] writing entry points to ../../../build/senal_detector/senal_detector.egg-info/entry_points.txt
[12.976s] writing requirements to ../../../build/senal_detector/senal_detector.egg-info/requires.txt
[12.977s] writing top-level names to ../../../build/senal_detector/senal_detector.egg-info/top_level.txt
[12.988s] reading manifest file '../../../build/senal_detector/senal_detector.egg-info/SOURCES.txt'
[12.995s] writing manifest file '../../../build/senal_detector/senal_detector.egg-info/SOURCES.txt'
[12.998s] running build
[12.999s] running build_py
[13.002s] running install
[13.015s] running install_lib
[13.018s] running install_data
[13.019s] running install_egg_info
[13.076s] removing '/home/crofi/ros2_ws/install/senal_detector/lib/python3.10/site-packages/senal_detector-0.0.0-py3.10.egg-info' (and everything under it)
[13.078s] Copying ../../../build/senal_detector/senal_detector.egg-info to /home/crofi/ros2_ws/install/senal_detector/lib/python3.10/site-packages/senal_detector-0.0.0-py3.10.egg-info
[13.085s] running install_scripts
[13.243s] Installing senal_detector script to /home/crofi/ros2_ws/install/senal_detector/lib/senal_detector
[13.248s] writing list of installed files to '/home/crofi/ros2_ws/build/senal_detector/install.log'
[16.434s] Invoked command in '/home/crofi/ros2_ws/src/vision/senal_detector' returned '0': PYTHONPATH=/home/crofi/ros2_ws/build/senal_detector/prefix_override:/usr/lib/python3/dist-packages/colcon_core/task/python/colcon_distutils_commands:/home/crofi/ros2_ws/install/senal_detector/lib/python3.10/site-packages:${PYTHONPATH} /usr/bin/python3 -W ignore:setup.py install is deprecated -W ignore:easy_install command is deprecated setup.py egg_info --egg-base ../../../build/senal_detector build --build-base /home/crofi/ros2_ws/build/senal_detector/build install --record /home/crofi/ros2_ws/build/senal_detector/install.log --single-version-externally-managed install_data
