[2.705s] Invoking command in '/home/tars/AutoModelCrofi/build/lane_angle': PYTHONPATH=/home/tars/AutoModelCrofi/build/lane_angle/prefix_override:/usr/lib/python3/dist-packages/colcon_core/task/python/colcon_distutils_commands:/home/tars/AutoModelCrofi/install/lane_angle/lib/python3.12/site-packages:${PYTHONPATH} /usr/bin/python3 -W ignore:setup.py install is deprecated -W ignore:easy_install command is deprecated setup.py develop --uninstall --editable --build-directory /home/tars/AutoModelCrofi/build/lane_angle/build
[3.332s] running develop
[3.771s] Removing /home/tars/AutoModelCrofi/install/lane_angle/lib/python3.12/site-packages/lane-angle.egg-link (link to .)
[3.837s] Invoked command in '/home/tars/AutoModelCrofi/build/lane_angle' returned '0': PYTHONPATH=/home/tars/AutoModelCrofi/build/lane_angle/prefix_override:/usr/lib/python3/dist-packages/colcon_core/task/python/colcon_distutils_commands:/home/tars/AutoModelCrofi/install/lane_angle/lib/python3.12/site-packages:${PYTHONPATH} /usr/bin/python3 -W ignore:setup.py install is deprecated -W ignore:easy_install command is deprecated setup.py develop --uninstall --editable --build-directory /home/tars/AutoModelCrofi/build/lane_angle/build
[3.839s] Invoking command in '/home/tars/AutoModelCrofi/ros2_ws/src/vision/lane_angle': PYTHONPATH=/home/tars/AutoModelCrofi/build/lane_angle/prefix_override:/usr/lib/python3/dist-packages/colcon_core/task/python/colcon_distutils_commands:/home/tars/AutoModelCrofi/install/lane_angle/lib/python3.12/site-packages:${PYTHONPATH} /usr/bin/python3 -W ignore:setup.py install is deprecated -W ignore:easy_install command is deprecated setup.py egg_info --egg-base ../../../../build/lane_angle build --build-base /home/tars/AutoModelCrofi/build/lane_angle/build install --record /home/tars/AutoModelCrofi/build/lane_angle/install.log --single-version-externally-managed install_data --force
[4.412s] running egg_info
[4.456s] writing ../../../../build/lane_angle/lane_angle.egg-info/PKG-INFO
[4.457s] writing dependency_links to ../../../../build/lane_angle/lane_angle.egg-info/dependency_links.txt
[4.457s] writing entry points to ../../../../build/lane_angle/lane_angle.egg-info/entry_points.txt
[4.458s] writing requirements to ../../../../build/lane_angle/lane_angle.egg-info/requires.txt
[4.458s] writing top-level names to ../../../../build/lane_angle/lane_angle.egg-info/top_level.txt
[4.635s] reading manifest file '../../../../build/lane_angle/lane_angle.egg-info/SOURCES.txt'
[4.637s] writing manifest file '../../../../build/lane_angle/lane_angle.egg-info/SOURCES.txt'
[4.637s] running build
[4.640s] running build_py
[4.641s] creating /home/tars/AutoModelCrofi/build/lane_angle/build
[4.641s] creating /home/tars/AutoModelCrofi/build/lane_angle/build/lib
[4.641s] creating /home/tars/AutoModelCrofi/build/lane_angle/build/lib/lane_angle
[4.641s] copying lane_angle/lane_angle.py -> /home/tars/AutoModelCrofi/build/lane_angle/build/lib/lane_angle
[4.641s] copying lane_angle/__init__.py -> /home/tars/AutoModelCrofi/build/lane_angle/build/lib/lane_angle
[4.641s] running install
[4.654s] running install_lib
[4.699s] creating /home/tars/AutoModelCrofi/install/lane_angle/lib/python3.12/site-packages/lane_angle
[4.699s] copying /home/tars/AutoModelCrofi/build/lane_angle/build/lib/lane_angle/lane_angle.py -> /home/tars/AutoModelCrofi/install/lane_angle/lib/python3.12/site-packages/lane_angle
[4.700s] copying /home/tars/AutoModelCrofi/build/lane_angle/build/lib/lane_angle/__init__.py -> /home/tars/AutoModelCrofi/install/lane_angle/lib/python3.12/site-packages/lane_angle
[4.700s] byte-compiling /home/tars/AutoModelCrofi/install/lane_angle/lib/python3.12/site-packages/lane_angle/lane_angle.py to lane_angle.cpython-312.pyc
[4.701s] byte-compiling /home/tars/AutoModelCrofi/install/lane_angle/lib/python3.12/site-packages/lane_angle/__init__.py to __init__.cpython-312.pyc
[4.703s] running install_data
[4.704s] copying resource/lane_angle -> /home/tars/AutoModelCrofi/install/lane_angle/share/ament_index/resource_index/packages
[4.704s] copying package.xml -> /home/tars/AutoModelCrofi/install/lane_angle/share/lane_angle
[4.704s] running install_egg_info
[4.752s] Copying ../../../../build/lane_angle/lane_angle.egg-info to /home/tars/AutoModelCrofi/install/lane_angle/lib/python3.12/site-packages/lane_angle-0.0.0-py3.12.egg-info
[4.754s] running install_scripts
[5.089s] Installing lane_angle script to /home/tars/AutoModelCrofi/install/lane_angle/lib/lane_angle
[5.089s] writing list of installed files to '/home/tars/AutoModelCrofi/build/lane_angle/install.log'
[5.288s] Invoked command in '/home/tars/AutoModelCrofi/ros2_ws/src/vision/lane_angle' returned '0': PYTHONPATH=/home/tars/AutoModelCrofi/build/lane_angle/prefix_override:/usr/lib/python3/dist-packages/colcon_core/task/python/colcon_distutils_commands:/home/tars/AutoModelCrofi/install/lane_angle/lib/python3.12/site-packages:${PYTHONPATH} /usr/bin/python3 -W ignore:setup.py install is deprecated -W ignore:easy_install command is deprecated setup.py egg_info --egg-base ../../../../build/lane_angle build --build-base /home/tars/AutoModelCrofi/build/lane_angle/build install --record /home/tars/AutoModelCrofi/build/lane_angle/install.log --single-version-externally-managed install_data --force
