[15.842s] Invoking command in '/home/crofi/ros2_ws/src/vision/lane_angle': PYTHONPATH=/home/crofi/ros2_ws/build/lane_angle/prefix_override:/usr/lib/python3/dist-packages/colcon_core/task/python/colcon_distutils_commands:/home/crofi/ros2_ws/install/lane_angle/lib/python3.10/site-packages:${PYTHONPATH} /usr/bin/python3 -W ignore:setup.py install is deprecated -W ignore:easy_install command is deprecated setup.py egg_info --egg-base ../../../build/lane_angle build --build-base /home/crofi/ros2_ws/build/lane_angle/build install --record /home/crofi/ros2_ws/build/lane_angle/install.log --single-version-externally-managed install_data
[19.800s] running egg_info
[19.806s] writing ../../../build/lane_angle/lane_angle.egg-info/PKG-INFO
[19.809s] writing dependency_links to ../../../build/lane_angle/lane_angle.egg-info/dependency_links.txt
[19.812s] writing entry points to ../../../build/lane_angle/lane_angle.egg-info/entry_points.txt
[19.817s] writing requirements to ../../../build/lane_angle/lane_angle.egg-info/requires.txt
[19.820s] writing top-level names to ../../../build/lane_angle/lane_angle.egg-info/top_level.txt
[19.836s] reading manifest file '../../../build/lane_angle/lane_angle.egg-info/SOURCES.txt'
[19.842s] writing manifest file '../../../build/lane_angle/lane_angle.egg-info/SOURCES.txt'
[19.845s] running build
[19.846s] running build_py
[19.850s] running install
[19.853s] running install_lib
[19.872s] running install_data
[19.874s] running install_egg_info
[19.886s] removing '/home/crofi/ros2_ws/install/lane_angle/lib/python3.10/site-packages/lane_angle-0.0.0-py3.10.egg-info' (and everything under it)
[19.891s] Copying ../../../build/lane_angle/lane_angle.egg-info to /home/crofi/ros2_ws/install/lane_angle/lib/python3.10/site-packages/lane_angle-0.0.0-py3.10.egg-info
[19.902s] running install_scripts
[20.060s] Installing lane_angle script to /home/crofi/ros2_ws/install/lane_angle/lib/lane_angle
[20.067s] writing list of installed files to '/home/crofi/ros2_ws/build/lane_angle/install.log'
[20.427s] Invoked command in '/home/crofi/ros2_ws/src/vision/lane_angle' returned '0': PYTHONPATH=/home/crofi/ros2_ws/build/lane_angle/prefix_override:/usr/lib/python3/dist-packages/colcon_core/task/python/colcon_distutils_commands:/home/crofi/ros2_ws/install/lane_angle/lib/python3.10/site-packages:${PYTHONPATH} /usr/bin/python3 -W ignore:setup.py install is deprecated -W ignore:easy_install command is deprecated setup.py egg_info --egg-base ../../../build/lane_angle build --build-base /home/crofi/ros2_ws/build/lane_angle/build install --record /home/crofi/ros2_ws/build/lane_angle/install.log --single-version-externally-managed install_data
