[8.609s] Invoking command in '/home/crofi/ros2_ws/src/vision/lane_detector': PYTHONPATH=/home/crofi/ros2_ws/build/lane_detector/prefix_override:/usr/lib/python3/dist-packages/colcon_core/task/python/colcon_distutils_commands:/home/crofi/ros2_ws/install/lane_detector/lib/python3.10/site-packages:${PYTHONPATH} /usr/bin/python3 -W ignore:setup.py install is deprecated -W ignore:easy_install command is deprecated setup.py egg_info --egg-base ../../../build/lane_detector build --build-base /home/crofi/ros2_ws/build/lane_detector/build install --record /home/crofi/ros2_ws/build/lane_detector/install.log --single-version-externally-managed install_data
[10.565s] running egg_info
[10.572s] writing ../../../build/lane_detector/lane_detector.egg-info/PKG-INFO
[10.576s] writing dependency_links to ../../../build/lane_detector/lane_detector.egg-info/dependency_links.txt
[10.585s] writing entry points to ../../../build/lane_detector/lane_detector.egg-info/entry_points.txt
[10.588s] writing requirements to ../../../build/lane_detector/lane_detector.egg-info/requires.txt
[10.591s] writing top-level names to ../../../build/lane_detector/lane_detector.egg-info/top_level.txt
[10.609s] reading manifest file '../../../build/lane_detector/lane_detector.egg-info/SOURCES.txt'
[10.614s] writing manifest file '../../../build/lane_detector/lane_detector.egg-info/SOURCES.txt'
[10.616s] running build
[10.616s] running build_py
[10.618s] copying lane_detector/lane_detector.py -> /home/crofi/ros2_ws/build/lane_detector/build/lib/lane_detector
[10.620s] running install
[10.621s] running install_lib
[10.628s] copying /home/crofi/ros2_ws/build/lane_detector/build/lib/lane_detector/lane_detector.py -> /home/crofi/ros2_ws/install/lane_detector/lib/python3.10/site-packages/lane_detector
[10.639s] byte-compiling /home/crofi/ros2_ws/install/lane_detector/lib/python3.10/site-packages/lane_detector/lane_detector.py to lane_detector.cpython-310.pyc
[10.644s] running install_data
[10.645s] running install_egg_info
[10.660s] removing '/home/crofi/ros2_ws/install/lane_detector/lib/python3.10/site-packages/lane_detector-0.0.0-py3.10.egg-info' (and everything under it)
[10.664s] Copying ../../../build/lane_detector/lane_detector.egg-info to /home/crofi/ros2_ws/install/lane_detector/lib/python3.10/site-packages/lane_detector-0.0.0-py3.10.egg-info
[10.686s] running install_scripts
[10.942s] Installing lane_detector script to /home/crofi/ros2_ws/install/lane_detector/lib/lane_detector
[10.945s] writing list of installed files to '/home/crofi/ros2_ws/build/lane_detector/install.log'
[11.241s] Invoked command in '/home/crofi/ros2_ws/src/vision/lane_detector' returned '0': PYTHONPATH=/home/crofi/ros2_ws/build/lane_detector/prefix_override:/usr/lib/python3/dist-packages/colcon_core/task/python/colcon_distutils_commands:/home/crofi/ros2_ws/install/lane_detector/lib/python3.10/site-packages:${PYTHONPATH} /usr/bin/python3 -W ignore:setup.py install is deprecated -W ignore:easy_install command is deprecated setup.py egg_info --egg-base ../../../build/lane_detector build --build-base /home/crofi/ros2_ws/build/lane_detector/build install --record /home/crofi/ros2_ws/build/lane_detector/install.log --single-version-externally-managed install_data
