[12.078s] Invoking command in '/home/crofi/ros2_ws/src/vision/lane_angle': PYTHONPATH=/home/crofi/ros2_ws/build/lane_angle/prefix_override:/usr/lib/python3/dist-packages/colcon_core/task/python/colcon_distutils_commands:/home/crofi/ros2_ws/install/lane_angle/lib/python3.10/site-packages:${PYTHONPATH} /usr/bin/python3 -W ignore:setup.py install is deprecated -W ignore:easy_install command is deprecated setup.py egg_info --egg-base ../../../build/lane_angle build --build-base /home/crofi/ros2_ws/build/lane_angle/build install --record /home/crofi/ros2_ws/build/lane_angle/install.log --single-version-externally-managed install_data
[14.917s] running egg_info
[14.921s] writing ../../../build/lane_angle/lane_angle.egg-info/PKG-INFO
[14.928s] writing dependency_links to ../../../build/lane_angle/lane_angle.egg-info/dependency_links.txt
[14.930s] writing entry points to ../../../build/lane_angle/lane_angle.egg-info/entry_points.txt
[14.932s] writing requirements to ../../../build/lane_angle/lane_angle.egg-info/requires.txt
[14.933s] writing top-level names to ../../../build/lane_angle/lane_angle.egg-info/top_level.txt
[14.944s] reading manifest file '../../../build/lane_angle/lane_angle.egg-info/SOURCES.txt'
[14.947s] writing manifest file '../../../build/lane_angle/lane_angle.egg-info/SOURCES.txt'
[14.948s] running build
[14.948s] running build_py
[14.950s] running install
[14.952s] running install_lib
[14.965s] running install_data
[14.966s] running install_egg_info
[14.988s] removing '/home/crofi/ros2_ws/install/lane_angle/lib/python3.10/site-packages/lane_angle-0.0.0-py3.10.egg-info' (and everything under it)
[14.988s] Copying ../../../build/lane_angle/lane_angle.egg-info to /home/crofi/ros2_ws/install/lane_angle/lib/python3.10/site-packages/lane_angle-0.0.0-py3.10.egg-info
[14.994s] running install_scripts
[15.112s] Installing lane_angle script to /home/crofi/ros2_ws/install/lane_angle/lib/lane_angle
[15.114s] writing list of installed files to '/home/crofi/ros2_ws/build/lane_angle/install.log'
[16.151s] Invoked command in '/home/crofi/ros2_ws/src/vision/lane_angle' returned '0': PYTHONPATH=/home/crofi/ros2_ws/build/lane_angle/prefix_override:/usr/lib/python3/dist-packages/colcon_core/task/python/colcon_distutils_commands:/home/crofi/ros2_ws/install/lane_angle/lib/python3.10/site-packages:${PYTHONPATH} /usr/bin/python3 -W ignore:setup.py install is deprecated -W ignore:easy_install command is deprecated setup.py egg_info --egg-base ../../../build/lane_angle build --build-base /home/crofi/ros2_ws/build/lane_angle/build install --record /home/crofi/ros2_ws/build/lane_angle/install.log --single-version-externally-managed install_data
