[3.158s] Invoking command in '/home/crofi/ros2_ws/src/hardware/webcam': PYTHONPATH=/home/crofi/ros2_ws/build/webcam/prefix_override:/usr/lib/python3/dist-packages/colcon_core/task/python/colcon_distutils_commands:/home/crofi/ros2_ws/install/webcam/lib/python3.10/site-packages:${PYTHONPATH} /usr/bin/python3 -W ignore:setup.py install is deprecated -W ignore:easy_install command is deprecated setup.py egg_info --egg-base ../../../build/webcam build --build-base /home/crofi/ros2_ws/build/webcam/build install --record /home/crofi/ros2_ws/build/webcam/install.log --single-version-externally-managed install_data
[4.351s] running egg_info
[4.354s] writing ../../../build/webcam/webcam.egg-info/PKG-INFO
[4.355s] writing dependency_links to ../../../build/webcam/webcam.egg-info/dependency_links.txt
[4.356s] writing entry points to ../../../build/webcam/webcam.egg-info/entry_points.txt
[4.356s] writing requirements to ../../../build/webcam/webcam.egg-info/requires.txt
[4.357s] writing top-level names to ../../../build/webcam/webcam.egg-info/top_level.txt
[4.365s] reading manifest file '../../../build/webcam/webcam.egg-info/SOURCES.txt'
[4.366s] adding license file 'LICENSE'
[4.369s] writing manifest file '../../../build/webcam/webcam.egg-info/SOURCES.txt'
[4.369s] running build
[4.369s] running build_py
[4.371s] running install
[4.372s] running install_lib
[4.383s] running install_data
[4.383s] running install_egg_info
[4.391s] removing '/home/crofi/ros2_ws/install/webcam/lib/python3.10/site-packages/webcam-0.0.0-py3.10.egg-info' (and everything under it)
[4.392s] Copying ../../../build/webcam/webcam.egg-info to /home/crofi/ros2_ws/install/webcam/lib/python3.10/site-packages/webcam-0.0.0-py3.10.egg-info
[4.400s] running install_scripts
[4.486s] Installing webcam script to /home/crofi/ros2_ws/install/webcam/lib/webcam
[4.487s] writing list of installed files to '/home/crofi/ros2_ws/build/webcam/install.log'
[4.626s] Invoked command in '/home/crofi/ros2_ws/src/hardware/webcam' returned '0': PYTHONPATH=/home/crofi/ros2_ws/build/webcam/prefix_override:/usr/lib/python3/dist-packages/colcon_core/task/python/colcon_distutils_commands:/home/crofi/ros2_ws/install/webcam/lib/python3.10/site-packages:${PYTHONPATH} /usr/bin/python3 -W ignore:setup.py install is deprecated -W ignore:easy_install command is deprecated setup.py egg_info --egg-base ../../../build/webcam build --build-base /home/crofi/ros2_ws/build/webcam/build install --record /home/crofi/ros2_ws/build/webcam/install.log --single-version-externally-managed install_data
