[23.917s] Invoking command in '/home/crofi/AutoModel_Rep/ros2_ws/src/vision/lane_detector': PYTHONPATH=/home/crofi/AutoModel_Rep/build/lane_detector/prefix_override:/usr/lib/python3/dist-packages/colcon_core/task/python/colcon_distutils_commands:/home/crofi/AutoModel_Rep/install/lane_detector/lib/python3.10/site-packages:${PYTHONPATH} /usr/bin/python3 -W ignore:setup.py install is deprecated -W ignore:easy_install command is deprecated setup.py egg_info --egg-base ../../../../build/lane_detector build --build-base /home/crofi/AutoModel_Rep/build/lane_detector/build install --record /home/crofi/AutoModel_Rep/build/lane_detector/install.log --single-version-externally-managed install_data
[30.688s] running egg_info
[30.695s] writing ../../../../build/lane_detector/lane_detector.egg-info/PKG-INFO
[30.698s] writing dependency_links to ../../../../build/lane_detector/lane_detector.egg-info/dependency_links.txt
[30.699s] writing entry points to ../../../../build/lane_detector/lane_detector.egg-info/entry_points.txt
[30.703s] writing requirements to ../../../../build/lane_detector/lane_detector.egg-info/requires.txt
[30.703s] writing top-level names to ../../../../build/lane_detector/lane_detector.egg-info/top_level.txt
[30.727s] reading manifest file '../../../../build/lane_detector/lane_detector.egg-info/SOURCES.txt'
[30.732s] writing manifest file '../../../../build/lane_detector/lane_detector.egg-info/SOURCES.txt'
[30.732s] running build
[30.733s] running build_py
[30.735s] running install
[30.736s] running install_lib
[30.751s] running install_data
[30.752s] running install_egg_info
[30.773s] removing '/home/crofi/AutoModel_Rep/install/lane_detector/lib/python3.10/site-packages/lane_detector-0.0.0-py3.10.egg-info' (and everything under it)
[30.777s] Copying ../../../../build/lane_detector/lane_detector.egg-info to /home/crofi/AutoModel_Rep/install/lane_detector/lib/python3.10/site-packages/lane_detector-0.0.0-py3.10.egg-info
[30.788s] running install_scripts
[30.978s] Installing lane_detector script to /home/crofi/AutoModel_Rep/install/lane_detector/lib/lane_detector
[30.980s] writing list of installed files to '/home/crofi/AutoModel_Rep/build/lane_detector/install.log'
[33.070s] Invoked command in '/home/crofi/AutoModel_Rep/ros2_ws/src/vision/lane_detector' returned '0': PYTHONPATH=/home/crofi/AutoModel_Rep/build/lane_detector/prefix_override:/usr/lib/python3/dist-packages/colcon_core/task/python/colcon_distutils_commands:/home/crofi/AutoModel_Rep/install/lane_detector/lib/python3.10/site-packages:${PYTHONPATH} /usr/bin/python3 -W ignore:setup.py install is deprecated -W ignore:easy_install command is deprecated setup.py egg_info --egg-base ../../../../build/lane_detector build --build-base /home/crofi/AutoModel_Rep/build/lane_detector/build install --record /home/crofi/AutoModel_Rep/build/lane_detector/install.log --single-version-externally-managed install_data
