[8.180s] Invoking command in '/home/crofi/AutoModel_Rep/ros2_ws/src/hardware/webcam': PYTHONPATH=/home/crofi/AutoModel_Rep/build/webcam/prefix_override:/usr/lib/python3/dist-packages/colcon_core/task/python/colcon_distutils_commands:/home/crofi/AutoModel_Rep/install/webcam/lib/python3.10/site-packages:${PYTHONPATH} /usr/bin/python3 -W ignore:setup.py install is deprecated -W ignore:easy_install command is deprecated setup.py egg_info --egg-base ../../../../build/webcam build --build-base /home/crofi/AutoModel_Rep/build/webcam/build install --record /home/crofi/AutoModel_Rep/build/webcam/install.log --single-version-externally-managed install_data
[10.192s] running egg_info
[10.194s] writing ../../../../build/webcam/webcam.egg-info/PKG-INFO
[10.197s] writing dependency_links to ../../../../build/webcam/webcam.egg-info/dependency_links.txt
[10.199s] writing entry points to ../../../../build/webcam/webcam.egg-info/entry_points.txt
[10.211s] writing requirements to ../../../../build/webcam/webcam.egg-info/requires.txt
[10.221s] writing top-level names to ../../../../build/webcam/webcam.egg-info/top_level.txt
[10.223s] reading manifest file '../../../../build/webcam/webcam.egg-info/SOURCES.txt'
[10.227s] adding license file 'LICENSE'
[10.230s] writing manifest file '../../../../build/webcam/webcam.egg-info/SOURCES.txt'
[10.231s] running build
[10.231s] running build_py
[10.240s] running install
[10.241s] running install_lib
[10.254s] running install_data
[10.255s] running install_egg_info
[10.269s] removing '/home/crofi/AutoModel_Rep/install/webcam/lib/python3.10/site-packages/webcam-0.0.0-py3.10.egg-info' (and everything under it)
[10.271s] Copying ../../../../build/webcam/webcam.egg-info to /home/crofi/AutoModel_Rep/install/webcam/lib/python3.10/site-packages/webcam-0.0.0-py3.10.egg-info
[10.279s] running install_scripts
[10.419s] Installing webcam script to /home/crofi/AutoModel_Rep/install/webcam/lib/webcam
[10.423s] writing list of installed files to '/home/crofi/AutoModel_Rep/build/webcam/install.log'
[10.737s] Invoked command in '/home/crofi/AutoModel_Rep/ros2_ws/src/hardware/webcam' returned '0': PYTHONPATH=/home/crofi/AutoModel_Rep/build/webcam/prefix_override:/usr/lib/python3/dist-packages/colcon_core/task/python/colcon_distutils_commands:/home/crofi/AutoModel_Rep/install/webcam/lib/python3.10/site-packages:${PYTHONPATH} /usr/bin/python3 -W ignore:setup.py install is deprecated -W ignore:easy_install command is deprecated setup.py egg_info --egg-base ../../../../build/webcam build --build-base /home/crofi/AutoModel_Rep/build/webcam/build install --record /home/crofi/AutoModel_Rep/build/webcam/install.log --single-version-externally-managed install_data
