[9.541s] Invoking command in '/home/crofi/ros2_ws/src/vision/lane_detector': PYTHONPATH=/home/crofi/ros2_ws/build/lane_detector/prefix_override:/usr/lib/python3/dist-packages/colcon_core/task/python/colcon_distutils_commands:/home/crofi/ros2_ws/install/lane_detector/lib/python3.10/site-packages:${PYTHONPATH} /usr/bin/python3 -W ignore:setup.py install is deprecated -W ignore:easy_install command is deprecated setup.py egg_info --egg-base ../../../build/lane_detector build --build-base /home/crofi/ros2_ws/build/lane_detector/build install --record /home/crofi/ros2_ws/build/lane_detector/install.log --single-version-externally-managed install_data
[11.806s] running egg_info
[11.817s] writing ../../../build/lane_detector/lane_detector.egg-info/PKG-INFO
[11.823s] writing dependency_links to ../../../build/lane_detector/lane_detector.egg-info/dependency_links.txt
[11.827s] writing entry points to ../../../build/lane_detector/lane_detector.egg-info/entry_points.txt
[11.832s] writing requirements to ../../../build/lane_detector/lane_detector.egg-info/requires.txt
[11.834s] writing top-level names to ../../../build/lane_detector/lane_detector.egg-info/top_level.txt
[11.859s] reading manifest file '../../../build/lane_detector/lane_detector.egg-info/SOURCES.txt'
[11.867s] writing manifest file '../../../build/lane_detector/lane_detector.egg-info/SOURCES.txt'
[11.869s] running build
[11.871s] running build_py
[11.872s] copying lane_detector/lane_detector.py -> /home/crofi/ros2_ws/build/lane_detector/build/lib/lane_detector
[11.874s] running install
[11.877s] running install_lib
[11.901s] copying /home/crofi/ros2_ws/build/lane_detector/build/lib/lane_detector/lane_detector.py -> /home/crofi/ros2_ws/install/lane_detector/lib/python3.10/site-packages/lane_detector
[11.908s] byte-compiling /home/crofi/ros2_ws/install/lane_detector/lib/python3.10/site-packages/lane_detector/lane_detector.py to lane_detector.cpython-310.pyc
[11.916s] running install_data
[11.918s] running install_egg_info
[11.935s] removing '/home/crofi/ros2_ws/install/lane_detector/lib/python3.10/site-packages/lane_detector-0.0.0-py3.10.egg-info' (and everything under it)
[11.936s] Copying ../../../build/lane_detector/lane_detector.egg-info to /home/crofi/ros2_ws/install/lane_detector/lib/python3.10/site-packages/lane_detector-0.0.0-py3.10.egg-info
[11.956s] running install_scripts
[12.149s] Installing lane_detector script to /home/crofi/ros2_ws/install/lane_detector/lib/lane_detector
[12.155s] writing list of installed files to '/home/crofi/ros2_ws/build/lane_detector/install.log'
[14.049s] Invoked command in '/home/crofi/ros2_ws/src/vision/lane_detector' returned '0': PYTHONPATH=/home/crofi/ros2_ws/build/lane_detector/prefix_override:/usr/lib/python3/dist-packages/colcon_core/task/python/colcon_distutils_commands:/home/crofi/ros2_ws/install/lane_detector/lib/python3.10/site-packages:${PYTHONPATH} /usr/bin/python3 -W ignore:setup.py install is deprecated -W ignore:easy_install command is deprecated setup.py egg_info --egg-base ../../../build/lane_detector build --build-base /home/crofi/ros2_ws/build/lane_detector/build install --record /home/crofi/ros2_ws/build/lane_detector/install.log --single-version-externally-managed install_data
