[10.152s] Invoking command in '/home/crofi/ros2_ws/src/vision/senal_detector': PYTHONPATH=/home/crofi/ros2_ws/build/senal_detector/prefix_override:/usr/lib/python3/dist-packages/colcon_core/task/python/colcon_distutils_commands:/home/crofi/ros2_ws/install/senal_detector/lib/python3.10/site-packages:${PYTHONPATH} /usr/bin/python3 -W ignore:setup.py install is deprecated -W ignore:easy_install command is deprecated setup.py egg_info --egg-base ../../../build/senal_detector build --build-base /home/crofi/ros2_ws/build/senal_detector/build install --record /home/crofi/ros2_ws/build/senal_detector/install.log --single-version-externally-managed install_data
[12.552s] running egg_info
[12.553s] writing ../../../build/senal_detector/senal_detector.egg-info/PKG-INFO
[12.555s] writing dependency_links to ../../../build/senal_detector/senal_detector.egg-info/dependency_links.txt
[12.556s] writing entry points to ../../../build/senal_detector/senal_detector.egg-info/entry_points.txt
[12.557s] writing requirements to ../../../build/senal_detector/senal_detector.egg-info/requires.txt
[12.558s] writing top-level names to ../../../build/senal_detector/senal_detector.egg-info/top_level.txt
[12.574s] reading manifest file '../../../build/senal_detector/senal_detector.egg-info/SOURCES.txt'
[12.604s] writing manifest file '../../../build/senal_detector/senal_detector.egg-info/SOURCES.txt'
[12.608s] running build
[12.612s] running build_py
[12.620s] running install
[12.620s] running install_lib
[12.631s] running install_data
[12.633s] running install_egg_info
[12.641s] removing '/home/crofi/ros2_ws/install/senal_detector/lib/python3.10/site-packages/senal_detector-0.0.0-py3.10.egg-info' (and everything under it)
[12.644s] Copying ../../../build/senal_detector/senal_detector.egg-info to /home/crofi/ros2_ws/install/senal_detector/lib/python3.10/site-packages/senal_detector-0.0.0-py3.10.egg-info
[12.653s] running install_scripts
[12.805s] Installing senal_detector script to /home/crofi/ros2_ws/install/senal_detector/lib/senal_detector
[12.809s] writing list of installed files to '/home/crofi/ros2_ws/build/senal_detector/install.log'
[14.582s] Invoked command in '/home/crofi/ros2_ws/src/vision/senal_detector' returned '0': PYTHONPATH=/home/crofi/ros2_ws/build/senal_detector/prefix_override:/usr/lib/python3/dist-packages/colcon_core/task/python/colcon_distutils_commands:/home/crofi/ros2_ws/install/senal_detector/lib/python3.10/site-packages:${PYTHONPATH} /usr/bin/python3 -W ignore:setup.py install is deprecated -W ignore:easy_install command is deprecated setup.py egg_info --egg-base ../../../build/senal_detector build --build-base /home/crofi/ros2_ws/build/senal_detector/build install --record /home/crofi/ros2_ws/build/senal_detector/install.log --single-version-externally-managed install_data
