[15.936s] Invoking command in '/home/crofi/AutoModel_Rep/ros2_ws/src/hardware/servo': PYTHONPATH=/home/crofi/AutoModel_Rep/build/servo/prefix_override:/usr/lib/python3/dist-packages/colcon_core/task/python/colcon_distutils_commands:/home/crofi/AutoModel_Rep/install/servo/lib/python3.10/site-packages:${PYTHONPATH} /usr/bin/python3 -W ignore:setup.py install is deprecated -W ignore:easy_install command is deprecated setup.py egg_info --egg-base ../../../../build/servo build --build-base /home/crofi/AutoModel_Rep/build/servo/build install --record /home/crofi/AutoModel_Rep/build/servo/install.log --single-version-externally-managed install_data
[22.231s] running egg_info
[22.235s] writing ../../../../build/servo/servo.egg-info/PKG-INFO
[22.237s] writing dependency_links to ../../../../build/servo/servo.egg-info/dependency_links.txt
[22.238s] writing entry points to ../../../../build/servo/servo.egg-info/entry_points.txt
[22.250s] writing requirements to ../../../../build/servo/servo.egg-info/requires.txt
[22.258s] writing top-level names to ../../../../build/servo/servo.egg-info/top_level.txt
[22.259s] reading manifest file '../../../../build/servo/servo.egg-info/SOURCES.txt'
[22.271s] writing manifest file '../../../../build/servo/servo.egg-info/SOURCES.txt'
[22.272s] running build
[22.293s] running build_py
[22.294s] running install
[22.295s] running install_lib
[22.318s] running install_data
[22.319s] running install_egg_info
[22.330s] removing '/home/crofi/AutoModel_Rep/install/servo/lib/python3.10/site-packages/servo-0.0.0-py3.10.egg-info' (and everything under it)
[22.331s] Copying ../../../../build/servo/servo.egg-info to /home/crofi/AutoModel_Rep/install/servo/lib/python3.10/site-packages/servo-0.0.0-py3.10.egg-info
[22.342s] running install_scripts
[22.542s] Installing servo script to /home/crofi/AutoModel_Rep/install/servo/lib/servo
[22.546s] writing list of installed files to '/home/crofi/AutoModel_Rep/build/servo/install.log'
[25.016s] Invoked command in '/home/crofi/AutoModel_Rep/ros2_ws/src/hardware/servo' returned '0': PYTHONPATH=/home/crofi/AutoModel_Rep/build/servo/prefix_override:/usr/lib/python3/dist-packages/colcon_core/task/python/colcon_distutils_commands:/home/crofi/AutoModel_Rep/install/servo/lib/python3.10/site-packages:${PYTHONPATH} /usr/bin/python3 -W ignore:setup.py install is deprecated -W ignore:easy_install command is deprecated setup.py egg_info --egg-base ../../../../build/servo build --build-base /home/crofi/AutoModel_Rep/build/servo/build install --record /home/crofi/AutoModel_Rep/build/servo/install.log --single-version-externally-managed install_data
