[1.988s] Invoking command in '/home/tars/AutoModelCrofi/ros2_ws/src/hardware/webcam': PYTHONPATH=/home/tars/AutoModelCrofi/ros2_ws/build/webcam/prefix_override:/usr/lib/python3/dist-packages/colcon_core/task/python/colcon_distutils_commands:/home/tars/AutoModelCrofi/ros2_ws/install/webcam/lib/python3.12/site-packages:${PYTHONPATH} /usr/bin/python3 -W ignore:setup.py install is deprecated -W ignore:easy_install command is deprecated setup.py egg_info --egg-base ../../../build/webcam build --build-base /home/tars/AutoModelCrofi/ros2_ws/build/webcam/build install --record /home/tars/AutoModelCrofi/ros2_ws/build/webcam/install.log --single-version-externally-managed install_data
[2.347s] running egg_info
[2.376s] writing ../../../build/webcam/webcam.egg-info/PKG-INFO
[2.377s] writing dependency_links to ../../../build/webcam/webcam.egg-info/dependency_links.txt
[2.378s] writing entry points to ../../../build/webcam/webcam.egg-info/entry_points.txt
[2.379s] writing requirements to ../../../build/webcam/webcam.egg-info/requires.txt
[2.379s] writing top-level names to ../../../build/webcam/webcam.egg-info/top_level.txt
[2.433s] reading manifest file '../../../build/webcam/webcam.egg-info/SOURCES.txt'
[2.433s] adding license file 'LICENSE'
[2.434s] writing manifest file '../../../build/webcam/webcam.egg-info/SOURCES.txt'
[2.434s] running build
[2.434s] running build_py
[2.435s] copying webcam/webcam.py -> /home/tars/AutoModelCrofi/ros2_ws/build/webcam/build/lib/webcam
[2.435s] running install
[2.444s] running install_lib
[2.471s] copying /home/tars/AutoModelCrofi/ros2_ws/build/webcam/build/lib/webcam/webcam.py -> /home/tars/AutoModelCrofi/ros2_ws/install/webcam/lib/python3.12/site-packages/webcam
[2.472s] byte-compiling /home/tars/AutoModelCrofi/ros2_ws/install/webcam/lib/python3.12/site-packages/webcam/webcam.py to webcam.cpython-312.pyc
[2.475s] running install_data
[2.475s] running install_egg_info
[2.503s] removing '/home/tars/AutoModelCrofi/ros2_ws/install/webcam/lib/python3.12/site-packages/webcam-0.0.0-py3.12.egg-info' (and everything under it)
[2.505s] Copying ../../../build/webcam/webcam.egg-info to /home/tars/AutoModelCrofi/ros2_ws/install/webcam/lib/python3.12/site-packages/webcam-0.0.0-py3.12.egg-info
[2.507s] running install_scripts
[2.703s] Installing webcam script to /home/tars/AutoModelCrofi/ros2_ws/install/webcam/lib/webcam
[2.704s] writing list of installed files to '/home/tars/AutoModelCrofi/ros2_ws/build/webcam/install.log'
[2.777s] Invoked command in '/home/tars/AutoModelCrofi/ros2_ws/src/hardware/webcam' returned '0': PYTHONPATH=/home/tars/AutoModelCrofi/ros2_ws/build/webcam/prefix_override:/usr/lib/python3/dist-packages/colcon_core/task/python/colcon_distutils_commands:/home/tars/AutoModelCrofi/ros2_ws/install/webcam/lib/python3.12/site-packages:${PYTHONPATH} /usr/bin/python3 -W ignore:setup.py install is deprecated -W ignore:easy_install command is deprecated setup.py egg_info --egg-base ../../../build/webcam build --build-base /home/tars/AutoModelCrofi/ros2_ws/build/webcam/build install --record /home/tars/AutoModelCrofi/ros2_ws/build/webcam/install.log --single-version-externally-managed install_data
