[5.405s] Invoking command in '/home/crofi/ros2_ws/src/hardware/webcam': PYTHONPATH=/home/crofi/ros2_ws/build/webcam/prefix_override:/usr/lib/python3/dist-packages/colcon_core/task/python/colcon_distutils_commands:/home/crofi/ros2_ws/install/webcam/lib/python3.10/site-packages:${PYTHONPATH} /usr/bin/python3 -W ignore:setup.py install is deprecated -W ignore:easy_install command is deprecated setup.py egg_info --egg-base ../../../build/webcam build --build-base /home/crofi/ros2_ws/build/webcam/build install --record /home/crofi/ros2_ws/build/webcam/install.log --single-version-externally-managed install_data
[6.933s] running egg_info
[6.936s] writing ../../../build/webcam/webcam.egg-info/PKG-INFO
[6.937s] writing dependency_links to ../../../build/webcam/webcam.egg-info/dependency_links.txt
[6.938s] writing entry points to ../../../build/webcam/webcam.egg-info/entry_points.txt
[6.939s] writing requirements to ../../../build/webcam/webcam.egg-info/requires.txt
[6.940s] writing top-level names to ../../../build/webcam/webcam.egg-info/top_level.txt
[6.949s] reading manifest file '../../../build/webcam/webcam.egg-info/SOURCES.txt'
[6.951s] adding license file 'LICENSE'
[6.953s] writing manifest file '../../../build/webcam/webcam.egg-info/SOURCES.txt'
[6.954s] running build
[6.954s] running build_py
[6.956s] running install
[6.958s] running install_lib
[6.970s] running install_data
[6.971s] running install_egg_info
[6.986s] removing '/home/crofi/ros2_ws/install/webcam/lib/python3.10/site-packages/webcam-0.0.0-py3.10.egg-info' (and everything under it)
[6.989s] Copying ../../../build/webcam/webcam.egg-info to /home/crofi/ros2_ws/install/webcam/lib/python3.10/site-packages/webcam-0.0.0-py3.10.egg-info
[6.994s] running install_scripts
[7.147s] Installing webcam script to /home/crofi/ros2_ws/install/webcam/lib/webcam
[7.150s] writing list of installed files to '/home/crofi/ros2_ws/build/webcam/install.log'
[7.399s] Invoked command in '/home/crofi/ros2_ws/src/hardware/webcam' returned '0': PYTHONPATH=/home/crofi/ros2_ws/build/webcam/prefix_override:/usr/lib/python3/dist-packages/colcon_core/task/python/colcon_distutils_commands:/home/crofi/ros2_ws/install/webcam/lib/python3.10/site-packages:${PYTHONPATH} /usr/bin/python3 -W ignore:setup.py install is deprecated -W ignore:easy_install command is deprecated setup.py egg_info --egg-base ../../../build/webcam build --build-base /home/crofi/ros2_ws/build/webcam/build install --record /home/crofi/ros2_ws/build/webcam/install.log --single-version-externally-managed install_data
