[9.568s] Invoking command in '/home/crofi/ros2_ws/src/hardware/webcam': PYTHONPATH=/home/crofi/ros2_ws/build/webcam/prefix_override:/usr/lib/python3/dist-packages/colcon_core/task/python/colcon_distutils_commands:/home/crofi/ros2_ws/install/webcam/lib/python3.10/site-packages:${PYTHONPATH} /usr/bin/python3 -W ignore:setup.py install is deprecated -W ignore:easy_install command is deprecated setup.py egg_info --egg-base ../../../build/webcam build --build-base /home/crofi/ros2_ws/build/webcam/build install --record /home/crofi/ros2_ws/build/webcam/install.log --single-version-externally-managed install_data
[12.212s] running egg_info
[12.220s] writing ../../../build/webcam/webcam.egg-info/PKG-INFO
[12.228s] writing dependency_links to ../../../build/webcam/webcam.egg-info/dependency_links.txt
[12.237s] writing entry points to ../../../build/webcam/webcam.egg-info/entry_points.txt
[12.242s] writing requirements to ../../../build/webcam/webcam.egg-info/requires.txt
[12.248s] writing top-level names to ../../../build/webcam/webcam.egg-info/top_level.txt
[12.280s] reading manifest file '../../../build/webcam/webcam.egg-info/SOURCES.txt'
[12.284s] adding license file 'LICENSE'
[12.288s] writing manifest file '../../../build/webcam/webcam.egg-info/SOURCES.txt'
[12.289s] running build
[12.290s] running build_py
[12.293s] running install
[12.295s] running install_lib
[12.318s] running install_data
[12.320s] running install_egg_info
[12.336s] removing '/home/crofi/ros2_ws/install/webcam/lib/python3.10/site-packages/webcam-0.0.0-py3.10.egg-info' (and everything under it)
[12.339s] Copying ../../../build/webcam/webcam.egg-info to /home/crofi/ros2_ws/install/webcam/lib/python3.10/site-packages/webcam-0.0.0-py3.10.egg-info
[12.350s] running install_scripts
[12.523s] Installing webcam script to /home/crofi/ros2_ws/install/webcam/lib/webcam
[12.529s] writing list of installed files to '/home/crofi/ros2_ws/build/webcam/install.log'
[12.953s] Invoked command in '/home/crofi/ros2_ws/src/hardware/webcam' returned '0': PYTHONPATH=/home/crofi/ros2_ws/build/webcam/prefix_override:/usr/lib/python3/dist-packages/colcon_core/task/python/colcon_distutils_commands:/home/crofi/ros2_ws/install/webcam/lib/python3.10/site-packages:${PYTHONPATH} /usr/bin/python3 -W ignore:setup.py install is deprecated -W ignore:easy_install command is deprecated setup.py egg_info --egg-base ../../../build/webcam build --build-base /home/crofi/ros2_ws/build/webcam/build install --record /home/crofi/ros2_ws/build/webcam/install.log --single-version-externally-managed install_data
