[9.851s] Invoking command in '/home/crofi/ros2_ws/src/vision/lane_detector': PYTHONPATH=/home/crofi/ros2_ws/build/lane_detector/prefix_override:/usr/lib/python3/dist-packages/colcon_core/task/python/colcon_distutils_commands:/home/crofi/ros2_ws/install/lane_detector/lib/python3.10/site-packages:${PYTHONPATH} /usr/bin/python3 -W ignore:setup.py install is deprecated -W ignore:easy_install command is deprecated setup.py egg_info --egg-base ../../../build/lane_detector build --build-base /home/crofi/ros2_ws/build/lane_detector/build install --record /home/crofi/ros2_ws/build/lane_detector/install.log --single-version-externally-managed install_data
[12.593s] running egg_info
[12.595s] writing ../../../build/lane_detector/lane_detector.egg-info/PKG-INFO
[12.602s] writing dependency_links to ../../../build/lane_detector/lane_detector.egg-info/dependency_links.txt
[12.606s] writing entry points to ../../../build/lane_detector/lane_detector.egg-info/entry_points.txt
[12.609s] writing requirements to ../../../build/lane_detector/lane_detector.egg-info/requires.txt
[12.611s] writing top-level names to ../../../build/lane_detector/lane_detector.egg-info/top_level.txt
[12.628s] reading manifest file '../../../build/lane_detector/lane_detector.egg-info/SOURCES.txt'
[12.629s] writing manifest file '../../../build/lane_detector/lane_detector.egg-info/SOURCES.txt'
[12.630s] running build
[12.631s] running build_py
[12.632s] running install
[12.633s] running install_lib
[12.635s] running install_data
[12.638s] running install_egg_info
[12.647s] removing '/home/crofi/ros2_ws/install/lane_detector/lib/python3.10/site-packages/lane_detector-0.0.0-py3.10.egg-info' (and everything under it)
[12.651s] Copying ../../../build/lane_detector/lane_detector.egg-info to /home/crofi/ros2_ws/install/lane_detector/lib/python3.10/site-packages/lane_detector-0.0.0-py3.10.egg-info
[12.666s] running install_scripts
[12.812s] Installing lane_detector script to /home/crofi/ros2_ws/install/lane_detector/lib/lane_detector
[12.826s] writing list of installed files to '/home/crofi/ros2_ws/build/lane_detector/install.log'
[14.710s] Invoked command in '/home/crofi/ros2_ws/src/vision/lane_detector' returned '0': PYTHONPATH=/home/crofi/ros2_ws/build/lane_detector/prefix_override:/usr/lib/python3/dist-packages/colcon_core/task/python/colcon_distutils_commands:/home/crofi/ros2_ws/install/lane_detector/lib/python3.10/site-packages:${PYTHONPATH} /usr/bin/python3 -W ignore:setup.py install is deprecated -W ignore:easy_install command is deprecated setup.py egg_info --egg-base ../../../build/lane_detector build --build-base /home/crofi/ros2_ws/build/lane_detector/build install --record /home/crofi/ros2_ws/build/lane_detector/install.log --single-version-externally-managed install_data
