[1.036s] DEBUG:colcon:Command line arguments: ['/usr/bin/colcon', 'build']
[1.037s] DEBUG:colcon:Parsed command line arguments: Namespace(log_base=None, log_level=None, verb_name='build', build_base='build', install_base='install', merge_install=False, symlink_install=False, test_result_base=None, continue_on_error=False, executor='parallel', parallel_workers=4, event_handlers=None, ignore_user_meta=False, metas=['./colcon.meta'], base_paths=['.'], packages_ignore=None, packages_ignore_regex=None, paths=None, packages_up_to=None, packages_up_to_regex=None, packages_above=None, packages_above_and_dependencies=None, packages_above_depth=None, packages_select_by_dep=None, packages_skip_by_dep=None, packages_skip_up_to=None, packages_select_build_failed=False, packages_skip_build_finished=False, packages_select_test_failures=False, packages_skip_test_passed=False, packages_select=None, packages_skip=None, packages_select_regex=None, packages_skip_regex=None, packages_start=None, packages_end=None, allow_overriding=[], cmake_args=None, cmake_target=None, cmake_target_skip_unavailable=False, cmake_clean_cache=False, cmake_clean_first=False, cmake_force_configure=False, ament_cmake_args=None, catkin_cmake_args=None, catkin_skip_building_tests=False, mixin_files=None, mixin=None, verb_parser=<colcon_mixin.mixin.mixin_argument.MixinArgumentDecorator object at 0xffff9162c250>, verb_extension=<colcon_core.verb.build.BuildVerb object at 0xffff917d9150>, main=<bound method BuildVerb.main of <colcon_core.verb.build.BuildVerb object at 0xffff917d9150>>, mixin_verb=('build',))
[2.689s] Level 1:colcon.colcon_core.package_discovery:discover_packages(colcon_meta) check parameters
[2.689s] Level 1:colcon.colcon_core.package_discovery:discover_packages(recursive) check parameters
[2.690s] Level 1:colcon.colcon_core.package_discovery:discover_packages(ignore) check parameters
[2.690s] Level 1:colcon.colcon_core.package_discovery:discover_packages(path) check parameters
[2.690s] Level 1:colcon.colcon_core.package_discovery:discover_packages(colcon_meta) discover
[2.690s] Level 1:colcon.colcon_core.package_discovery:discover_packages(recursive) discover
[2.690s] INFO:colcon.colcon_core.package_discovery:Crawling recursively for packages in '/home/crofi/AutoModel_Rep'
[2.691s] Level 1:colcon.colcon_core.package_identification:_identify(.) by extensions ['ignore', 'ignore_ament_install']
[2.691s] Level 1:colcon.colcon_core.package_identification:_identify(.) by extension 'ignore'
[2.692s] Level 1:colcon.colcon_core.package_identification:_identify(.) by extension 'ignore_ament_install'
[2.692s] Level 1:colcon.colcon_core.package_identification:_identify(.) by extensions ['colcon_pkg']
[2.692s] Level 1:colcon.colcon_core.package_identification:_identify(.) by extension 'colcon_pkg'
[2.692s] Level 1:colcon.colcon_core.package_identification:_identify(.) by extensions ['colcon_meta']
[2.692s] Level 1:colcon.colcon_core.package_identification:_identify(.) by extension 'colcon_meta'
[2.692s] Level 1:colcon.colcon_core.package_identification:_identify(.) by extensions ['ros']
[2.693s] Level 1:colcon.colcon_core.package_identification:_identify(.) by extension 'ros'
[2.746s] Level 1:colcon.colcon_core.package_identification:_identify(.) by extensions ['cmake', 'python']
[2.747s] Level 1:colcon.colcon_core.package_identification:_identify(.) by extension 'cmake'
[2.747s] Level 1:colcon.colcon_core.package_identification:_identify(.) by extension 'python'
[2.747s] Level 1:colcon.colcon_core.package_identification:_identify(.) by extensions ['python_setup_py']
[2.747s] Level 1:colcon.colcon_core.package_identification:_identify(.) by extension 'python_setup_py'
[2.748s] Level 1:colcon.colcon_core.package_identification:_identify(build) by extensions ['ignore', 'ignore_ament_install']
[2.748s] Level 1:colcon.colcon_core.package_identification:_identify(build) by extension 'ignore'
[2.748s] Level 1:colcon.colcon_core.package_identification:_identify(build) ignored
[2.749s] Level 1:colcon.colcon_core.package_identification:_identify(install) by extensions ['ignore', 'ignore_ament_install']
[2.749s] Level 1:colcon.colcon_core.package_identification:_identify(install) by extension 'ignore'
[2.750s] Level 1:colcon.colcon_core.package_identification:_identify(install) ignored
[2.750s] Level 1:colcon.colcon_core.package_identification:_identify(log) by extensions ['ignore', 'ignore_ament_install']
[2.751s] Level 1:colcon.colcon_core.package_identification:_identify(log) by extension 'ignore'
[2.751s] Level 1:colcon.colcon_core.package_identification:_identify(log) ignored
[2.751s] Level 1:colcon.colcon_core.package_identification:_identify(ros2_ws) by extensions ['ignore', 'ignore_ament_install']
[2.752s] Level 1:colcon.colcon_core.package_identification:_identify(ros2_ws) by extension 'ignore'
[2.752s] Level 1:colcon.colcon_core.package_identification:_identify(ros2_ws) by extension 'ignore_ament_install'
[2.752s] Level 1:colcon.colcon_core.package_identification:_identify(ros2_ws) by extensions ['colcon_pkg']
[2.752s] Level 1:colcon.colcon_core.package_identification:_identify(ros2_ws) by extension 'colcon_pkg'
[2.752s] Level 1:colcon.colcon_core.package_identification:_identify(ros2_ws) by extensions ['colcon_meta']
[2.753s] Level 1:colcon.colcon_core.package_identification:_identify(ros2_ws) by extension 'colcon_meta'
[2.753s] Level 1:colcon.colcon_core.package_identification:_identify(ros2_ws) by extensions ['ros']
[2.753s] Level 1:colcon.colcon_core.package_identification:_identify(ros2_ws) by extension 'ros'
[2.753s] Level 1:colcon.colcon_core.package_identification:_identify(ros2_ws) by extensions ['cmake', 'python']
[2.753s] Level 1:colcon.colcon_core.package_identification:_identify(ros2_ws) by extension 'cmake'
[2.753s] Level 1:colcon.colcon_core.package_identification:_identify(ros2_ws) by extension 'python'
[2.754s] Level 1:colcon.colcon_core.package_identification:_identify(ros2_ws) by extensions ['python_setup_py']
[2.754s] Level 1:colcon.colcon_core.package_identification:_identify(ros2_ws) by extension 'python_setup_py'
[2.754s] Level 1:colcon.colcon_core.package_identification:_identify(ros2_ws/build) by extensions ['ignore', 'ignore_ament_install']
[2.755s] Level 1:colcon.colcon_core.package_identification:_identify(ros2_ws/build) by extension 'ignore'
[2.755s] Level 1:colcon.colcon_core.package_identification:_identify(ros2_ws/build) ignored
[2.756s] Level 1:colcon.colcon_core.package_identification:_identify(ros2_ws/install) by extensions ['ignore', 'ignore_ament_install']
[2.756s] Level 1:colcon.colcon_core.package_identification:_identify(ros2_ws/install) by extension 'ignore'
[2.756s] Level 1:colcon.colcon_core.package_identification:_identify(ros2_ws/install) ignored
[2.760s] Level 1:colcon.colcon_core.package_identification:_identify(ros2_ws/log) by extensions ['ignore', 'ignore_ament_install']
[2.760s] Level 1:colcon.colcon_core.package_identification:_identify(ros2_ws/log) by extension 'ignore'
[2.760s] Level 1:colcon.colcon_core.package_identification:_identify(ros2_ws/log) ignored
[2.761s] Level 1:colcon.colcon_core.package_identification:_identify(ros2_ws/src) by extensions ['ignore', 'ignore_ament_install']
[2.761s] Level 1:colcon.colcon_core.package_identification:_identify(ros2_ws/src) by extension 'ignore'
[2.761s] Level 1:colcon.colcon_core.package_identification:_identify(ros2_ws/src) by extension 'ignore_ament_install'
[2.761s] Level 1:colcon.colcon_core.package_identification:_identify(ros2_ws/src) by extensions ['colcon_pkg']
[2.761s] Level 1:colcon.colcon_core.package_identification:_identify(ros2_ws/src) by extension 'colcon_pkg'
[2.762s] Level 1:colcon.colcon_core.package_identification:_identify(ros2_ws/src) by extensions ['colcon_meta']
[2.762s] Level 1:colcon.colcon_core.package_identification:_identify(ros2_ws/src) by extension 'colcon_meta'
[2.762s] Level 1:colcon.colcon_core.package_identification:_identify(ros2_ws/src) by extensions ['ros']
[2.762s] Level 1:colcon.colcon_core.package_identification:_identify(ros2_ws/src) by extension 'ros'
[2.762s] Level 1:colcon.colcon_core.package_identification:_identify(ros2_ws/src) by extensions ['cmake', 'python']
[2.763s] Level 1:colcon.colcon_core.package_identification:_identify(ros2_ws/src) by extension 'cmake'
[2.763s] Level 1:colcon.colcon_core.package_identification:_identify(ros2_ws/src) by extension 'python'
[2.763s] Level 1:colcon.colcon_core.package_identification:_identify(ros2_ws/src) by extensions ['python_setup_py']
[2.763s] Level 1:colcon.colcon_core.package_identification:_identify(ros2_ws/src) by extension 'python_setup_py'
[2.764s] Level 1:colcon.colcon_core.package_identification:_identify(ros2_ws/src/build) by extensions ['ignore', 'ignore_ament_install']
[2.764s] Level 1:colcon.colcon_core.package_identification:_identify(ros2_ws/src/build) by extension 'ignore'
[2.764s] Level 1:colcon.colcon_core.package_identification:_identify(ros2_ws/src/build) ignored
[2.765s] Level 1:colcon.colcon_core.package_identification:_identify(ros2_ws/src/hardware) by extensions ['ignore', 'ignore_ament_install']
[2.765s] Level 1:colcon.colcon_core.package_identification:_identify(ros2_ws/src/hardware) by extension 'ignore'
[2.767s] Level 1:colcon.colcon_core.package_identification:_identify(ros2_ws/src/hardware) by extension 'ignore_ament_install'
[2.768s] Level 1:colcon.colcon_core.package_identification:_identify(ros2_ws/src/hardware) by extensions ['colcon_pkg']
[2.769s] Level 1:colcon.colcon_core.package_identification:_identify(ros2_ws/src/hardware) by extension 'colcon_pkg'
[2.770s] Level 1:colcon.colcon_core.package_identification:_identify(ros2_ws/src/hardware) by extensions ['colcon_meta']
[2.771s] Level 1:colcon.colcon_core.package_identification:_identify(ros2_ws/src/hardware) by extension 'colcon_meta'
[2.771s] Level 1:colcon.colcon_core.package_identification:_identify(ros2_ws/src/hardware) by extensions ['ros']
[2.772s] Level 1:colcon.colcon_core.package_identification:_identify(ros2_ws/src/hardware) by extension 'ros'
[2.772s] Level 1:colcon.colcon_core.package_identification:_identify(ros2_ws/src/hardware) by extensions ['cmake', 'python']
[2.772s] Level 1:colcon.colcon_core.package_identification:_identify(ros2_ws/src/hardware) by extension 'cmake'
[2.772s] Level 1:colcon.colcon_core.package_identification:_identify(ros2_ws/src/hardware) by extension 'python'
[2.773s] Level 1:colcon.colcon_core.package_identification:_identify(ros2_ws/src/hardware) by extensions ['python_setup_py']
[2.773s] Level 1:colcon.colcon_core.package_identification:_identify(ros2_ws/src/hardware) by extension 'python_setup_py'
[2.773s] Level 1:colcon.colcon_core.package_identification:_identify(ros2_ws/src/hardware/servo) by extensions ['ignore', 'ignore_ament_install']
[2.774s] Level 1:colcon.colcon_core.package_identification:_identify(ros2_ws/src/hardware/servo) by extension 'ignore'
[2.774s] Level 1:colcon.colcon_core.package_identification:_identify(ros2_ws/src/hardware/servo) by extension 'ignore_ament_install'
[2.774s] Level 1:colcon.colcon_core.package_identification:_identify(ros2_ws/src/hardware/servo) by extensions ['colcon_pkg']
[2.774s] Level 1:colcon.colcon_core.package_identification:_identify(ros2_ws/src/hardware/servo) by extension 'colcon_pkg'
[2.774s] Level 1:colcon.colcon_core.package_identification:_identify(ros2_ws/src/hardware/servo) by extensions ['colcon_meta']
[2.774s] Level 1:colcon.colcon_core.package_identification:_identify(ros2_ws/src/hardware/servo) by extension 'colcon_meta'
[2.775s] Level 1:colcon.colcon_core.package_identification:_identify(ros2_ws/src/hardware/servo) by extensions ['ros']
[2.775s] Level 1:colcon.colcon_core.package_identification:_identify(ros2_ws/src/hardware/servo) by extension 'ros'
[2.784s] DEBUG:colcon.colcon_core.package_identification:Package 'ros2_ws/src/hardware/servo' with type 'ros.ament_python' and name 'servo'
[2.785s] Level 1:colcon.colcon_core.package_identification:_identify(ros2_ws/src/hardware/webcam) by extensions ['ignore', 'ignore_ament_install']
[2.785s] Level 1:colcon.colcon_core.package_identification:_identify(ros2_ws/src/hardware/webcam) by extension 'ignore'
[2.785s] Level 1:colcon.colcon_core.package_identification:_identify(ros2_ws/src/hardware/webcam) by extension 'ignore_ament_install'
[2.786s] Level 1:colcon.colcon_core.package_identification:_identify(ros2_ws/src/hardware/webcam) by extensions ['colcon_pkg']
[2.786s] Level 1:colcon.colcon_core.package_identification:_identify(ros2_ws/src/hardware/webcam) by extension 'colcon_pkg'
[2.786s] Level 1:colcon.colcon_core.package_identification:_identify(ros2_ws/src/hardware/webcam) by extensions ['colcon_meta']
[2.786s] Level 1:colcon.colcon_core.package_identification:_identify(ros2_ws/src/hardware/webcam) by extension 'colcon_meta'
[2.786s] Level 1:colcon.colcon_core.package_identification:_identify(ros2_ws/src/hardware/webcam) by extensions ['ros']
[2.786s] Level 1:colcon.colcon_core.package_identification:_identify(ros2_ws/src/hardware/webcam) by extension 'ros'
[2.789s] DEBUG:colcon.colcon_core.package_identification:Package 'ros2_ws/src/hardware/webcam' with type 'ros.ament_python' and name 'webcam'
[2.789s] Level 1:colcon.colcon_core.package_identification:_identify(ros2_ws/src/hardware/webcam_recorted) by extensions ['ignore', 'ignore_ament_install']
[2.790s] Level 1:colcon.colcon_core.package_identification:_identify(ros2_ws/src/hardware/webcam_recorted) by extension 'ignore'
[2.790s] Level 1:colcon.colcon_core.package_identification:_identify(ros2_ws/src/hardware/webcam_recorted) by extension 'ignore_ament_install'
[2.790s] Level 1:colcon.colcon_core.package_identification:_identify(ros2_ws/src/hardware/webcam_recorted) by extensions ['colcon_pkg']
[2.790s] Level 1:colcon.colcon_core.package_identification:_identify(ros2_ws/src/hardware/webcam_recorted) by extension 'colcon_pkg'
[2.790s] Level 1:colcon.colcon_core.package_identification:_identify(ros2_ws/src/hardware/webcam_recorted) by extensions ['colcon_meta']
[2.791s] Level 1:colcon.colcon_core.package_identification:_identify(ros2_ws/src/hardware/webcam_recorted) by extension 'colcon_meta'
[2.791s] Level 1:colcon.colcon_core.package_identification:_identify(ros2_ws/src/hardware/webcam_recorted) by extensions ['ros']
[2.791s] Level 1:colcon.colcon_core.package_identification:_identify(ros2_ws/src/hardware/webcam_recorted) by extension 'ros'
[2.793s] DEBUG:colcon.colcon_core.package_identification:Package 'ros2_ws/src/hardware/webcam_recorted' with type 'ros.ament_python' and name 'webcam_recorted'
[2.794s] Level 1:colcon.colcon_core.package_identification:_identify(ros2_ws/src/install) by extensions ['ignore', 'ignore_ament_install']
[2.794s] Level 1:colcon.colcon_core.package_identification:_identify(ros2_ws/src/install) by extension 'ignore'
[2.795s] Level 1:colcon.colcon_core.package_identification:_identify(ros2_ws/src/install) ignored
[2.795s] Level 1:colcon.colcon_core.package_identification:_identify(ros2_ws/src/log) by extensions ['ignore', 'ignore_ament_install']
[2.796s] Level 1:colcon.colcon_core.package_identification:_identify(ros2_ws/src/log) by extension 'ignore'
[2.796s] Level 1:colcon.colcon_core.package_identification:_identify(ros2_ws/src/log) ignored
[2.796s] Level 1:colcon.colcon_core.package_identification:_identify(ros2_ws/src/vision) by extensions ['ignore', 'ignore_ament_install']
[2.797s] Level 1:colcon.colcon_core.package_identification:_identify(ros2_ws/src/vision) by extension 'ignore'
[2.797s] Level 1:colcon.colcon_core.package_identification:_identify(ros2_ws/src/vision) by extension 'ignore_ament_install'
[2.797s] Level 1:colcon.colcon_core.package_identification:_identify(ros2_ws/src/vision) by extensions ['colcon_pkg']
[2.797s] Level 1:colcon.colcon_core.package_identification:_identify(ros2_ws/src/vision) by extension 'colcon_pkg'
[2.797s] Level 1:colcon.colcon_core.package_identification:_identify(ros2_ws/src/vision) by extensions ['colcon_meta']
[2.797s] Level 1:colcon.colcon_core.package_identification:_identify(ros2_ws/src/vision) by extension 'colcon_meta'
[2.798s] Level 1:colcon.colcon_core.package_identification:_identify(ros2_ws/src/vision) by extensions ['ros']
[2.798s] Level 1:colcon.colcon_core.package_identification:_identify(ros2_ws/src/vision) by extension 'ros'
[2.798s] Level 1:colcon.colcon_core.package_identification:_identify(ros2_ws/src/vision) by extensions ['cmake', 'python']
[2.798s] Level 1:colcon.colcon_core.package_identification:_identify(ros2_ws/src/vision) by extension 'cmake'
[2.798s] Level 1:colcon.colcon_core.package_identification:_identify(ros2_ws/src/vision) by extension 'python'
[2.799s] Level 1:colcon.colcon_core.package_identification:_identify(ros2_ws/src/vision) by extensions ['python_setup_py']
[2.799s] Level 1:colcon.colcon_core.package_identification:_identify(ros2_ws/src/vision) by extension 'python_setup_py'
[2.799s] Level 1:colcon.colcon_core.package_identification:_identify(ros2_ws/src/vision/lane_angle) by extensions ['ignore', 'ignore_ament_install']
[2.800s] Level 1:colcon.colcon_core.package_identification:_identify(ros2_ws/src/vision/lane_angle) by extension 'ignore'
[2.800s] Level 1:colcon.colcon_core.package_identification:_identify(ros2_ws/src/vision/lane_angle) by extension 'ignore_ament_install'
[2.800s] Level 1:colcon.colcon_core.package_identification:_identify(ros2_ws/src/vision/lane_angle) by extensions ['colcon_pkg']
[2.800s] Level 1:colcon.colcon_core.package_identification:_identify(ros2_ws/src/vision/lane_angle) by extension 'colcon_pkg'
[2.800s] Level 1:colcon.colcon_core.package_identification:_identify(ros2_ws/src/vision/lane_angle) by extensions ['colcon_meta']
[2.801s] Level 1:colcon.colcon_core.package_identification:_identify(ros2_ws/src/vision/lane_angle) by extension 'colcon_meta'
[2.801s] Level 1:colcon.colcon_core.package_identification:_identify(ros2_ws/src/vision/lane_angle) by extensions ['ros']
[2.801s] Level 1:colcon.colcon_core.package_identification:_identify(ros2_ws/src/vision/lane_angle) by extension 'ros'
[2.803s] DEBUG:colcon.colcon_core.package_identification:Package 'ros2_ws/src/vision/lane_angle' with type 'ros.ament_python' and name 'lane_angle'
[2.804s] Level 1:colcon.colcon_core.package_identification:_identify(ros2_ws/src/vision/lane_detector) by extensions ['ignore', 'ignore_ament_install']
[2.804s] Level 1:colcon.colcon_core.package_identification:_identify(ros2_ws/src/vision/lane_detector) by extension 'ignore'
[2.805s] Level 1:colcon.colcon_core.package_identification:_identify(ros2_ws/src/vision/lane_detector) by extension 'ignore_ament_install'
[2.805s] Level 1:colcon.colcon_core.package_identification:_identify(ros2_ws/src/vision/lane_detector) by extensions ['colcon_pkg']
[2.805s] Level 1:colcon.colcon_core.package_identification:_identify(ros2_ws/src/vision/lane_detector) by extension 'colcon_pkg'
[2.805s] Level 1:colcon.colcon_core.package_identification:_identify(ros2_ws/src/vision/lane_detector) by extensions ['colcon_meta']
[2.805s] Level 1:colcon.colcon_core.package_identification:_identify(ros2_ws/src/vision/lane_detector) by extension 'colcon_meta'
[2.805s] Level 1:colcon.colcon_core.package_identification:_identify(ros2_ws/src/vision/lane_detector) by extensions ['ros']
[2.806s] Level 1:colcon.colcon_core.package_identification:_identify(ros2_ws/src/vision/lane_detector) by extension 'ros'
[2.808s] DEBUG:colcon.colcon_core.package_identification:Package 'ros2_ws/src/vision/lane_detector' with type 'ros.ament_python' and name 'lane_detector'
[2.809s] Level 1:colcon.colcon_core.package_identification:_identify(ros2_ws/src/vision/prueba_angle) by extensions ['ignore', 'ignore_ament_install']
[2.809s] Level 1:colcon.colcon_core.package_identification:_identify(ros2_ws/src/vision/prueba_angle) by extension 'ignore'
[2.809s] Level 1:colcon.colcon_core.package_identification:_identify(ros2_ws/src/vision/prueba_angle) by extension 'ignore_ament_install'
[2.810s] Level 1:colcon.colcon_core.package_identification:_identify(ros2_ws/src/vision/prueba_angle) by extensions ['colcon_pkg']
[2.810s] Level 1:colcon.colcon_core.package_identification:_identify(ros2_ws/src/vision/prueba_angle) by extension 'colcon_pkg'
[2.810s] Level 1:colcon.colcon_core.package_identification:_identify(ros2_ws/src/vision/prueba_angle) by extensions ['colcon_meta']
[2.810s] Level 1:colcon.colcon_core.package_identification:_identify(ros2_ws/src/vision/prueba_angle) by extension 'colcon_meta'
[2.810s] Level 1:colcon.colcon_core.package_identification:_identify(ros2_ws/src/vision/prueba_angle) by extensions ['ros']
[2.810s] Level 1:colcon.colcon_core.package_identification:_identify(ros2_ws/src/vision/prueba_angle) by extension 'ros'
[2.823s] DEBUG:colcon.colcon_core.package_identification:Package 'ros2_ws/src/vision/prueba_angle' with type 'ros.ament_python' and name 'prueba_angle'
[2.824s] Level 1:colcon.colcon_core.package_identification:_identify(ros2_ws/src/vision/red_vision) by extensions ['ignore', 'ignore_ament_install']
[2.824s] Level 1:colcon.colcon_core.package_identification:_identify(ros2_ws/src/vision/red_vision) by extension 'ignore'
[2.825s] Level 1:colcon.colcon_core.package_identification:_identify(ros2_ws/src/vision/red_vision) by extension 'ignore_ament_install'
[2.825s] Level 1:colcon.colcon_core.package_identification:_identify(ros2_ws/src/vision/red_vision) by extensions ['colcon_pkg']
[2.825s] Level 1:colcon.colcon_core.package_identification:_identify(ros2_ws/src/vision/red_vision) by extension 'colcon_pkg'
[2.825s] Level 1:colcon.colcon_core.package_identification:_identify(ros2_ws/src/vision/red_vision) by extensions ['colcon_meta']
[2.825s] Level 1:colcon.colcon_core.package_identification:_identify(ros2_ws/src/vision/red_vision) by extension 'colcon_meta'
[2.826s] Level 1:colcon.colcon_core.package_identification:_identify(ros2_ws/src/vision/red_vision) by extensions ['ros']
[2.826s] Level 1:colcon.colcon_core.package_identification:_identify(ros2_ws/src/vision/red_vision) by extension 'ros'
[2.828s] DEBUG:colcon.colcon_core.package_identification:Package 'ros2_ws/src/vision/red_vision' with type 'ros.ament_python' and name 'red_vision'
[2.829s] Level 1:colcon.colcon_core.package_identification:_identify(ros2_ws/src/vision/senal_detector) by extensions ['ignore', 'ignore_ament_install']
[2.829s] Level 1:colcon.colcon_core.package_identification:_identify(ros2_ws/src/vision/senal_detector) by extension 'ignore'
[2.830s] Level 1:colcon.colcon_core.package_identification:_identify(ros2_ws/src/vision/senal_detector) by extension 'ignore_ament_install'
[2.830s] Level 1:colcon.colcon_core.package_identification:_identify(ros2_ws/src/vision/senal_detector) by extensions ['colcon_pkg']
[2.830s] Level 1:colcon.colcon_core.package_identification:_identify(ros2_ws/src/vision/senal_detector) by extension 'colcon_pkg'
[2.830s] Level 1:colcon.colcon_core.package_identification:_identify(ros2_ws/src/vision/senal_detector) by extensions ['colcon_meta']
[2.830s] Level 1:colcon.colcon_core.package_identification:_identify(ros2_ws/src/vision/senal_detector) by extension 'colcon_meta'
[2.831s] Level 1:colcon.colcon_core.package_identification:_identify(ros2_ws/src/vision/senal_detector) by extensions ['ros']
[2.831s] Level 1:colcon.colcon_core.package_identification:_identify(ros2_ws/src/vision/senal_detector) by extension 'ros'
[2.833s] DEBUG:colcon.colcon_core.package_identification:Package 'ros2_ws/src/vision/senal_detector' with type 'ros.ament_python' and name 'senal_detector'
[2.834s] Level 1:colcon.colcon_core.package_discovery:discover_packages(recursive) using defaults
[2.834s] Level 1:colcon.colcon_core.package_discovery:discover_packages(ignore) discover
[2.834s] Level 1:colcon.colcon_core.package_discovery:discover_packages(ignore) using defaults
[2.834s] Level 1:colcon.colcon_core.package_discovery:discover_packages(path) discover
[2.834s] Level 1:colcon.colcon_core.package_discovery:discover_packages(path) using defaults
[3.062s] Level 1:colcon.colcon_core.package_discovery:discover_packages(prefix_path) check parameters
[3.064s] Level 1:colcon.colcon_core.package_discovery:discover_packages(prefix_path) discover
[3.116s] DEBUG:colcon.colcon_installed_package_information.package_discovery:Found 8 installed packages in /home/crofi/AutoModel_Rep/install
[3.127s] DEBUG:colcon.colcon_installed_package_information.package_discovery:Found 9 installed packages in /home/crofi/ros2_ws/install
[3.143s] DEBUG:colcon.colcon_installed_package_information.package_discovery:Found 295 installed packages in /opt/ros/humble
[3.152s] Level 1:colcon.colcon_core.package_discovery:discover_packages(prefix_path) using defaults
[3.451s] Level 5:colcon.colcon_core.verb:set package 'lane_angle' build argument 'cmake_args' from command line to 'None'
[3.451s] Level 5:colcon.colcon_core.verb:set package 'lane_angle' build argument 'cmake_target' from command line to 'None'
[3.452s] Level 5:colcon.colcon_core.verb:set package 'lane_angle' build argument 'cmake_target_skip_unavailable' from command line to 'False'
[3.452s] Level 5:colcon.colcon_core.verb:set package 'lane_angle' build argument 'cmake_clean_cache' from command line to 'False'
[3.452s] Level 5:colcon.colcon_core.verb:set package 'lane_angle' build argument 'cmake_clean_first' from command line to 'False'
[3.452s] Level 5:colcon.colcon_core.verb:set package 'lane_angle' build argument 'cmake_force_configure' from command line to 'False'
[3.452s] Level 5:colcon.colcon_core.verb:set package 'lane_angle' build argument 'ament_cmake_args' from command line to 'None'
[3.452s] Level 5:colcon.colcon_core.verb:set package 'lane_angle' build argument 'catkin_cmake_args' from command line to 'None'
[3.452s] Level 5:colcon.colcon_core.verb:set package 'lane_angle' build argument 'catkin_skip_building_tests' from command line to 'False'
[3.452s] DEBUG:colcon.colcon_core.verb:Building package 'lane_angle' with the following arguments: {'ament_cmake_args': None, 'build_base': '/home/crofi/AutoModel_Rep/build/lane_angle', 'catkin_cmake_args': None, 'catkin_skip_building_tests': False, 'cmake_args': None, 'cmake_clean_cache': False, 'cmake_clean_first': False, 'cmake_force_configure': False, 'cmake_target': None, 'cmake_target_skip_unavailable': False, 'install_base': '/home/crofi/AutoModel_Rep/install/lane_angle', 'merge_install': False, 'path': '/home/crofi/AutoModel_Rep/ros2_ws/src/vision/lane_angle', 'symlink_install': False, 'test_result_base': None}
[3.454s] Level 5:colcon.colcon_core.verb:set package 'lane_detector' build argument 'cmake_args' from command line to 'None'
[3.454s] Level 5:colcon.colcon_core.verb:set package 'lane_detector' build argument 'cmake_target' from command line to 'None'
[3.454s] Level 5:colcon.colcon_core.verb:set package 'lane_detector' build argument 'cmake_target_skip_unavailable' from command line to 'False'
[3.454s] Level 5:colcon.colcon_core.verb:set package 'lane_detector' build argument 'cmake_clean_cache' from command line to 'False'
[3.454s] Level 5:colcon.colcon_core.verb:set package 'lane_detector' build argument 'cmake_clean_first' from command line to 'False'
[3.454s] Level 5:colcon.colcon_core.verb:set package 'lane_detector' build argument 'cmake_force_configure' from command line to 'False'
[3.455s] Level 5:colcon.colcon_core.verb:set package 'lane_detector' build argument 'ament_cmake_args' from command line to 'None'
[3.455s] Level 5:colcon.colcon_core.verb:set package 'lane_detector' build argument 'catkin_cmake_args' from command line to 'None'
[3.455s] Level 5:colcon.colcon_core.verb:set package 'lane_detector' build argument 'catkin_skip_building_tests' from command line to 'False'
[3.455s] DEBUG:colcon.colcon_core.verb:Building package 'lane_detector' with the following arguments: {'ament_cmake_args': None, 'build_base': '/home/crofi/AutoModel_Rep/build/lane_detector', 'catkin_cmake_args': None, 'catkin_skip_building_tests': False, 'cmake_args': None, 'cmake_clean_cache': False, 'cmake_clean_first': False, 'cmake_force_configure': False, 'cmake_target': None, 'cmake_target_skip_unavailable': False, 'install_base': '/home/crofi/AutoModel_Rep/install/lane_detector', 'merge_install': False, 'path': '/home/crofi/AutoModel_Rep/ros2_ws/src/vision/lane_detector', 'symlink_install': False, 'test_result_base': None}
[3.457s] Level 5:colcon.colcon_core.verb:set package 'prueba_angle' build argument 'cmake_args' from command line to 'None'
[3.457s] Level 5:colcon.colcon_core.verb:set package 'prueba_angle' build argument 'cmake_target' from command line to 'None'
[3.457s] Level 5:colcon.colcon_core.verb:set package 'prueba_angle' build argument 'cmake_target_skip_unavailable' from command line to 'False'
[3.457s] Level 5:colcon.colcon_core.verb:set package 'prueba_angle' build argument 'cmake_clean_cache' from command line to 'False'
[3.457s] Level 5:colcon.colcon_core.verb:set package 'prueba_angle' build argument 'cmake_clean_first' from command line to 'False'
[3.457s] Level 5:colcon.colcon_core.verb:set package 'prueba_angle' build argument 'cmake_force_configure' from command line to 'False'
[3.458s] Level 5:colcon.colcon_core.verb:set package 'prueba_angle' build argument 'ament_cmake_args' from command line to 'None'
[3.458s] Level 5:colcon.colcon_core.verb:set package 'prueba_angle' build argument 'catkin_cmake_args' from command line to 'None'
[3.458s] Level 5:colcon.colcon_core.verb:set package 'prueba_angle' build argument 'catkin_skip_building_tests' from command line to 'False'
[3.458s] DEBUG:colcon.colcon_core.verb:Building package 'prueba_angle' with the following arguments: {'ament_cmake_args': None, 'build_base': '/home/crofi/AutoModel_Rep/build/prueba_angle', 'catkin_cmake_args': None, 'catkin_skip_building_tests': False, 'cmake_args': None, 'cmake_clean_cache': False, 'cmake_clean_first': False, 'cmake_force_configure': False, 'cmake_target': None, 'cmake_target_skip_unavailable': False, 'install_base': '/home/crofi/AutoModel_Rep/install/prueba_angle', 'merge_install': False, 'path': '/home/crofi/AutoModel_Rep/ros2_ws/src/vision/prueba_angle', 'symlink_install': False, 'test_result_base': None}
[3.459s] Level 5:colcon.colcon_core.verb:set package 'red_vision' build argument 'cmake_args' from command line to 'None'
[3.460s] Level 5:colcon.colcon_core.verb:set package 'red_vision' build argument 'cmake_target' from command line to 'None'
[3.460s] Level 5:colcon.colcon_core.verb:set package 'red_vision' build argument 'cmake_target_skip_unavailable' from command line to 'False'
[3.460s] Level 5:colcon.colcon_core.verb:set package 'red_vision' build argument 'cmake_clean_cache' from command line to 'False'
[3.460s] Level 5:colcon.colcon_core.verb:set package 'red_vision' build argument 'cmake_clean_first' from command line to 'False'
[3.460s] Level 5:colcon.colcon_core.verb:set package 'red_vision' build argument 'cmake_force_configure' from command line to 'False'
[3.460s] Level 5:colcon.colcon_core.verb:set package 'red_vision' build argument 'ament_cmake_args' from command line to 'None'
[3.460s] Level 5:colcon.colcon_core.verb:set package 'red_vision' build argument 'catkin_cmake_args' from command line to 'None'
[3.460s] Level 5:colcon.colcon_core.verb:set package 'red_vision' build argument 'catkin_skip_building_tests' from command line to 'False'
[3.460s] DEBUG:colcon.colcon_core.verb:Building package 'red_vision' with the following arguments: {'ament_cmake_args': None, 'build_base': '/home/crofi/AutoModel_Rep/build/red_vision', 'catkin_cmake_args': None, 'catkin_skip_building_tests': False, 'cmake_args': None, 'cmake_clean_cache': False, 'cmake_clean_first': False, 'cmake_force_configure': False, 'cmake_target': None, 'cmake_target_skip_unavailable': False, 'install_base': '/home/crofi/AutoModel_Rep/install/red_vision', 'merge_install': False, 'path': '/home/crofi/AutoModel_Rep/ros2_ws/src/vision/red_vision', 'symlink_install': False, 'test_result_base': None}
[3.462s] Level 5:colcon.colcon_core.verb:set package 'senal_detector' build argument 'cmake_args' from command line to 'None'
[3.462s] Level 5:colcon.colcon_core.verb:set package 'senal_detector' build argument 'cmake_target' from command line to 'None'
[3.462s] Level 5:colcon.colcon_core.verb:set package 'senal_detector' build argument 'cmake_target_skip_unavailable' from command line to 'False'
[3.462s] Level 5:colcon.colcon_core.verb:set package 'senal_detector' build argument 'cmake_clean_cache' from command line to 'False'
[3.462s] Level 5:colcon.colcon_core.verb:set package 'senal_detector' build argument 'cmake_clean_first' from command line to 'False'
[3.462s] Level 5:colcon.colcon_core.verb:set package 'senal_detector' build argument 'cmake_force_configure' from command line to 'False'
[3.463s] Level 5:colcon.colcon_core.verb:set package 'senal_detector' build argument 'ament_cmake_args' from command line to 'None'
[3.463s] Level 5:colcon.colcon_core.verb:set package 'senal_detector' build argument 'catkin_cmake_args' from command line to 'None'
[3.463s] Level 5:colcon.colcon_core.verb:set package 'senal_detector' build argument 'catkin_skip_building_tests' from command line to 'False'
[3.463s] DEBUG:colcon.colcon_core.verb:Building package 'senal_detector' with the following arguments: {'ament_cmake_args': None, 'build_base': '/home/crofi/AutoModel_Rep/build/senal_detector', 'catkin_cmake_args': None, 'catkin_skip_building_tests': False, 'cmake_args': None, 'cmake_clean_cache': False, 'cmake_clean_first': False, 'cmake_force_configure': False, 'cmake_target': None, 'cmake_target_skip_unavailable': False, 'install_base': '/home/crofi/AutoModel_Rep/install/senal_detector', 'merge_install': False, 'path': '/home/crofi/AutoModel_Rep/ros2_ws/src/vision/senal_detector', 'symlink_install': False, 'test_result_base': None}
[3.464s] Level 5:colcon.colcon_core.verb:set package 'servo' build argument 'cmake_args' from command line to 'None'
[3.465s] Level 5:colcon.colcon_core.verb:set package 'servo' build argument 'cmake_target' from command line to 'None'
[3.465s] Level 5:colcon.colcon_core.verb:set package 'servo' build argument 'cmake_target_skip_unavailable' from command line to 'False'
[3.465s] Level 5:colcon.colcon_core.verb:set package 'servo' build argument 'cmake_clean_cache' from command line to 'False'
[3.465s] Level 5:colcon.colcon_core.verb:set package 'servo' build argument 'cmake_clean_first' from command line to 'False'
[3.466s] Level 5:colcon.colcon_core.verb:set package 'servo' build argument 'cmake_force_configure' from command line to 'False'
[3.466s] Level 5:colcon.colcon_core.verb:set package 'servo' build argument 'ament_cmake_args' from command line to 'None'
[3.467s] Level 5:colcon.colcon_core.verb:set package 'servo' build argument 'catkin_cmake_args' from command line to 'None'
[3.467s] Level 5:colcon.colcon_core.verb:set package 'servo' build argument 'catkin_skip_building_tests' from command line to 'False'
[3.467s] DEBUG:colcon.colcon_core.verb:Building package 'servo' with the following arguments: {'ament_cmake_args': None, 'build_base': '/home/crofi/AutoModel_Rep/build/servo', 'catkin_cmake_args': None, 'catkin_skip_building_tests': False, 'cmake_args': None, 'cmake_clean_cache': False, 'cmake_clean_first': False, 'cmake_force_configure': False, 'cmake_target': None, 'cmake_target_skip_unavailable': False, 'install_base': '/home/crofi/AutoModel_Rep/install/servo', 'merge_install': False, 'path': '/home/crofi/AutoModel_Rep/ros2_ws/src/hardware/servo', 'symlink_install': False, 'test_result_base': None}
[3.471s] Level 5:colcon.colcon_core.verb:set package 'webcam' build argument 'cmake_args' from command line to 'None'
[3.471s] Level 5:colcon.colcon_core.verb:set package 'webcam' build argument 'cmake_target' from command line to 'None'
[3.472s] Level 5:colcon.colcon_core.verb:set package 'webcam' build argument 'cmake_target_skip_unavailable' from command line to 'False'
[3.472s] Level 5:colcon.colcon_core.verb:set package 'webcam' build argument 'cmake_clean_cache' from command line to 'False'
[3.472s] Level 5:colcon.colcon_core.verb:set package 'webcam' build argument 'cmake_clean_first' from command line to 'False'
[3.472s] Level 5:colcon.colcon_core.verb:set package 'webcam' build argument 'cmake_force_configure' from command line to 'False'
[3.472s] Level 5:colcon.colcon_core.verb:set package 'webcam' build argument 'ament_cmake_args' from command line to 'None'
[3.472s] Level 5:colcon.colcon_core.verb:set package 'webcam' build argument 'catkin_cmake_args' from command line to 'None'
[3.472s] Level 5:colcon.colcon_core.verb:set package 'webcam' build argument 'catkin_skip_building_tests' from command line to 'False'
[3.472s] DEBUG:colcon.colcon_core.verb:Building package 'webcam' with the following arguments: {'ament_cmake_args': None, 'build_base': '/home/crofi/AutoModel_Rep/build/webcam', 'catkin_cmake_args': None, 'catkin_skip_building_tests': False, 'cmake_args': None, 'cmake_clean_cache': False, 'cmake_clean_first': False, 'cmake_force_configure': False, 'cmake_target': None, 'cmake_target_skip_unavailable': False, 'install_base': '/home/crofi/AutoModel_Rep/install/webcam', 'merge_install': False, 'path': '/home/crofi/AutoModel_Rep/ros2_ws/src/hardware/webcam', 'symlink_install': False, 'test_result_base': None}
[3.474s] Level 5:colcon.colcon_core.verb:set package 'webcam_recorted' build argument 'cmake_args' from command line to 'None'
[3.474s] Level 5:colcon.colcon_core.verb:set package 'webcam_recorted' build argument 'cmake_target' from command line to 'None'
[3.474s] Level 5:colcon.colcon_core.verb:set package 'webcam_recorted' build argument 'cmake_target_skip_unavailable' from command line to 'False'
[3.474s] Level 5:colcon.colcon_core.verb:set package 'webcam_recorted' build argument 'cmake_clean_cache' from command line to 'False'
[3.474s] Level 5:colcon.colcon_core.verb:set package 'webcam_recorted' build argument 'cmake_clean_first' from command line to 'False'
[3.475s] Level 5:colcon.colcon_core.verb:set package 'webcam_recorted' build argument 'cmake_force_configure' from command line to 'False'
[3.475s] Level 5:colcon.colcon_core.verb:set package 'webcam_recorted' build argument 'ament_cmake_args' from command line to 'None'
[3.475s] Level 5:colcon.colcon_core.verb:set package 'webcam_recorted' build argument 'catkin_cmake_args' from command line to 'None'
[3.475s] Level 5:colcon.colcon_core.verb:set package 'webcam_recorted' build argument 'catkin_skip_building_tests' from command line to 'False'
[3.475s] DEBUG:colcon.colcon_core.verb:Building package 'webcam_recorted' with the following arguments: {'ament_cmake_args': None, 'build_base': '/home/crofi/AutoModel_Rep/build/webcam_recorted', 'catkin_cmake_args': None, 'catkin_skip_building_tests': False, 'cmake_args': None, 'cmake_clean_cache': False, 'cmake_clean_first': False, 'cmake_force_configure': False, 'cmake_target': None, 'cmake_target_skip_unavailable': False, 'install_base': '/home/crofi/AutoModel_Rep/install/webcam_recorted', 'merge_install': False, 'path': '/home/crofi/AutoModel_Rep/ros2_ws/src/hardware/webcam_recorted', 'symlink_install': False, 'test_result_base': None}
[3.476s] INFO:colcon.colcon_core.executor:Executing jobs using 'parallel' executor
[3.479s] DEBUG:colcon.colcon_parallel_executor.executor.parallel:run_until_complete
[3.480s] INFO:colcon.colcon_ros.task.ament_python.build:Building ROS package in '/home/crofi/AutoModel_Rep/ros2_ws/src/vision/lane_angle' with build type 'ament_python'
[3.481s] Level 1:colcon.colcon_core.shell:create_environment_hook('lane_angle', 'ament_prefix_path')
[3.504s] INFO:colcon.colcon_core.plugin_system:Skipping extension 'colcon_core.shell.bat': Not used on non-Windows systems
[3.506s] INFO:colcon.colcon_core.shell:Creating environment hook '/home/crofi/AutoModel_Rep/install/lane_angle/share/lane_angle/hook/ament_prefix_path.ps1'
[3.513s] INFO:colcon.colcon_core.shell:Creating environment descriptor '/home/crofi/AutoModel_Rep/install/lane_angle/share/lane_angle/hook/ament_prefix_path.dsv'
[3.520s] INFO:colcon.colcon_core.shell:Creating environment hook '/home/crofi/AutoModel_Rep/install/lane_angle/share/lane_angle/hook/ament_prefix_path.sh'
[3.527s] INFO:colcon.colcon_core.shell:Skip shell extension 'powershell' for command environment: Not usable outside of PowerShell
[3.528s] DEBUG:colcon.colcon_core.shell:Skip shell extension 'dsv' for command environment
[3.595s] INFO:colcon.colcon_ros.task.ament_python.build:Building ROS package in '/home/crofi/AutoModel_Rep/ros2_ws/src/vision/lane_detector' with build type 'ament_python'
[3.601s] Level 1:colcon.colcon_core.shell:create_environment_hook('lane_detector', 'ament_prefix_path')
[3.605s] INFO:colcon.colcon_core.shell:Creating environment hook '/home/crofi/AutoModel_Rep/install/lane_detector/share/lane_detector/hook/ament_prefix_path.ps1'
[3.611s] INFO:colcon.colcon_core.shell:Creating environment descriptor '/home/crofi/AutoModel_Rep/install/lane_detector/share/lane_detector/hook/ament_prefix_path.dsv'
[3.616s] INFO:colcon.colcon_core.shell:Creating environment hook '/home/crofi/AutoModel_Rep/install/lane_detector/share/lane_detector/hook/ament_prefix_path.sh'
[3.621s] INFO:colcon.colcon_core.shell:Skip shell extension 'powershell' for command environment: Not usable outside of PowerShell
[3.622s] DEBUG:colcon.colcon_core.shell:Skip shell extension 'dsv' for command environment
[3.691s] INFO:colcon.colcon_ros.task.ament_python.build:Building ROS package in '/home/crofi/AutoModel_Rep/ros2_ws/src/vision/prueba_angle' with build type 'ament_python'
[3.692s] Level 1:colcon.colcon_core.shell:create_environment_hook('prueba_angle', 'ament_prefix_path')
[3.701s] INFO:colcon.colcon_core.shell:Creating environment hook '/home/crofi/AutoModel_Rep/install/prueba_angle/share/prueba_angle/hook/ament_prefix_path.ps1'
[3.707s] INFO:colcon.colcon_core.shell:Creating environment descriptor '/home/crofi/AutoModel_Rep/install/prueba_angle/share/prueba_angle/hook/ament_prefix_path.dsv'
[3.712s] INFO:colcon.colcon_core.shell:Creating environment hook '/home/crofi/AutoModel_Rep/install/prueba_angle/share/prueba_angle/hook/ament_prefix_path.sh'
[3.720s] INFO:colcon.colcon_core.shell:Skip shell extension 'powershell' for command environment: Not usable outside of PowerShell
[3.721s] DEBUG:colcon.colcon_core.shell:Skip shell extension 'dsv' for command environment
[3.800s] INFO:colcon.colcon_ros.task.ament_python.build:Building ROS package in '/home/crofi/AutoModel_Rep/ros2_ws/src/vision/red_vision' with build type 'ament_python'
[3.801s] Level 1:colcon.colcon_core.shell:create_environment_hook('red_vision', 'ament_prefix_path')
[3.802s] INFO:colcon.colcon_core.shell:Creating environment hook '/home/crofi/AutoModel_Rep/install/red_vision/share/red_vision/hook/ament_prefix_path.ps1'
[3.811s] INFO:colcon.colcon_core.shell:Creating environment descriptor '/home/crofi/AutoModel_Rep/install/red_vision/share/red_vision/hook/ament_prefix_path.dsv'
[3.818s] INFO:colcon.colcon_core.shell:Creating environment hook '/home/crofi/AutoModel_Rep/install/red_vision/share/red_vision/hook/ament_prefix_path.sh'
[3.825s] INFO:colcon.colcon_core.shell:Skip shell extension 'powershell' for command environment: Not usable outside of PowerShell
[3.825s] DEBUG:colcon.colcon_core.shell:Skip shell extension 'dsv' for command environment
[6.778s] INFO:colcon.colcon_core.task.python.build:Building Python package in '/home/crofi/AutoModel_Rep/ros2_ws/src/vision/lane_angle'
[6.780s] INFO:colcon.colcon_core.shell:Skip shell extension 'powershell' for command environment: Not usable outside of PowerShell
[6.781s] DEBUG:colcon.colcon_core.shell:Skip shell extension 'dsv' for command environment
[9.805s] INFO:colcon.colcon_core.task.python.build:Building Python package in '/home/crofi/AutoModel_Rep/ros2_ws/src/vision/lane_detector'
[9.807s] INFO:colcon.colcon_core.shell:Skip shell extension 'powershell' for command environment: Not usable outside of PowerShell
[9.808s] DEBUG:colcon.colcon_core.shell:Skip shell extension 'dsv' for command environment
[13.297s] INFO:colcon.colcon_core.task.python.build:Building Python package in '/home/crofi/AutoModel_Rep/ros2_ws/src/vision/prueba_angle'
[13.299s] INFO:colcon.colcon_core.shell:Skip shell extension 'powershell' for command environment: Not usable outside of PowerShell
[13.300s] DEBUG:colcon.colcon_core.shell:Skip shell extension 'dsv' for command environment
[16.291s] INFO:colcon.colcon_core.task.python.build:Building Python package in '/home/crofi/AutoModel_Rep/ros2_ws/src/vision/red_vision'
[16.292s] INFO:colcon.colcon_core.shell:Skip shell extension 'powershell' for command environment: Not usable outside of PowerShell
[16.293s] DEBUG:colcon.colcon_core.shell:Skip shell extension 'dsv' for command environment
[27.670s] DEBUG:colcon.colcon_core.event_handler.log_command:Invoking command in '/home/crofi/AutoModel_Rep/ros2_ws/src/vision/lane_angle': PYTHONPATH=/home/crofi/AutoModel_Rep/build/lane_angle/prefix_override:/usr/lib/python3/dist-packages/colcon_core/task/python/colcon_distutils_commands:/home/crofi/AutoModel_Rep/install/lane_angle/lib/python3.10/site-packages:${PYTHONPATH} /usr/bin/python3 -W ignore:setup.py install is deprecated -W ignore:easy_install command is deprecated setup.py egg_info --egg-base ../../../../build/lane_angle build --build-base /home/crofi/AutoModel_Rep/build/lane_angle/build install --record /home/crofi/AutoModel_Rep/build/lane_angle/install.log --single-version-externally-managed install_data
[28.121s] DEBUG:colcon.colcon_core.event_handler.log_command:Invoking command in '/home/crofi/AutoModel_Rep/ros2_ws/src/vision/prueba_angle': PYTHONPATH=/home/crofi/AutoModel_Rep/build/prueba_angle/prefix_override:/usr/lib/python3/dist-packages/colcon_core/task/python/colcon_distutils_commands:/home/crofi/AutoModel_Rep/install/prueba_angle/lib/python3.10/site-packages:${PYTHONPATH} /usr/bin/python3 -W ignore:setup.py install is deprecated -W ignore:easy_install command is deprecated setup.py egg_info --egg-base ../../../../build/prueba_angle build --build-base /home/crofi/AutoModel_Rep/build/prueba_angle/build install --record /home/crofi/AutoModel_Rep/build/prueba_angle/install.log --single-version-externally-managed install_data
[29.027s] DEBUG:colcon.colcon_core.event_handler.log_command:Invoking command in '/home/crofi/AutoModel_Rep/ros2_ws/src/vision/red_vision': PYTHONPATH=/home/crofi/AutoModel_Rep/build/red_vision/prefix_override:/usr/lib/python3/dist-packages/colcon_core/task/python/colcon_distutils_commands:/home/crofi/AutoModel_Rep/install/red_vision/lib/python3.10/site-packages:${PYTHONPATH} /usr/bin/python3 -W ignore:setup.py install is deprecated -W ignore:easy_install command is deprecated setup.py egg_info --egg-base ../../../../build/red_vision build --build-base /home/crofi/AutoModel_Rep/build/red_vision/build install --record /home/crofi/AutoModel_Rep/build/red_vision/install.log --single-version-externally-managed install_data
[31.236s] DEBUG:colcon.colcon_core.event_handler.log_command:Invoking command in '/home/crofi/AutoModel_Rep/ros2_ws/src/vision/lane_detector': PYTHONPATH=/home/crofi/AutoModel_Rep/build/lane_detector/prefix_override:/usr/lib/python3/dist-packages/colcon_core/task/python/colcon_distutils_commands:/home/crofi/AutoModel_Rep/install/lane_detector/lib/python3.10/site-packages:${PYTHONPATH} /usr/bin/python3 -W ignore:setup.py install is deprecated -W ignore:easy_install command is deprecated setup.py egg_info --egg-base ../../../../build/lane_detector build --build-base /home/crofi/AutoModel_Rep/build/lane_detector/build install --record /home/crofi/AutoModel_Rep/build/lane_detector/install.log --single-version-externally-managed install_data
[35.491s] DEBUG:colcon.colcon_core.event_handler.log_command:Invoked command in '/home/crofi/AutoModel_Rep/ros2_ws/src/vision/red_vision' returned '0': PYTHONPATH=/home/crofi/AutoModel_Rep/build/red_vision/prefix_override:/usr/lib/python3/dist-packages/colcon_core/task/python/colcon_distutils_commands:/home/crofi/AutoModel_Rep/install/red_vision/lib/python3.10/site-packages:${PYTHONPATH} /usr/bin/python3 -W ignore:setup.py install is deprecated -W ignore:easy_install command is deprecated setup.py egg_info --egg-base ../../../../build/red_vision build --build-base /home/crofi/AutoModel_Rep/build/red_vision/build install --record /home/crofi/AutoModel_Rep/build/red_vision/install.log --single-version-externally-managed install_data
[35.590s] Level 1:colcon.colcon_core.environment:checking '/home/crofi/AutoModel_Rep/install/red_vision' for CMake module files
[35.620s] Level 1:colcon.colcon_core.environment:checking '/home/crofi/AutoModel_Rep/install/red_vision' for CMake config files
[35.634s] Level 1:colcon.colcon_core.environment:checking '/home/crofi/AutoModel_Rep/install/red_vision/lib'
[35.649s] Level 1:colcon.colcon_core.environment:checking '/home/crofi/AutoModel_Rep/install/red_vision/bin'
[35.649s] Level 1:colcon.colcon_core.environment:checking '/home/crofi/AutoModel_Rep/install/red_vision/lib/pkgconfig/red_vision.pc'
[35.651s] Level 1:colcon.colcon_core.environment:checking '/home/crofi/AutoModel_Rep/install/red_vision/lib/python3.10/site-packages'
[35.652s] Level 1:colcon.colcon_core.shell:create_environment_hook('red_vision', 'pythonpath')
[35.653s] INFO:colcon.colcon_core.shell:Creating environment hook '/home/crofi/AutoModel_Rep/install/red_vision/share/red_vision/hook/pythonpath.ps1'
[35.661s] INFO:colcon.colcon_core.shell:Creating environment descriptor '/home/crofi/AutoModel_Rep/install/red_vision/share/red_vision/hook/pythonpath.dsv'
[35.664s] INFO:colcon.colcon_core.shell:Creating environment hook '/home/crofi/AutoModel_Rep/install/red_vision/share/red_vision/hook/pythonpath.sh'
[35.668s] Level 1:colcon.colcon_core.environment:checking '/home/crofi/AutoModel_Rep/install/red_vision/bin'
[35.669s] Level 1:colcon.colcon_core.environment:create_environment_scripts_only(red_vision)
[35.673s] INFO:colcon.colcon_core.shell:Creating package script '/home/crofi/AutoModel_Rep/install/red_vision/share/red_vision/package.ps1'
[35.686s] INFO:colcon.colcon_core.shell:Creating package descriptor '/home/crofi/AutoModel_Rep/install/red_vision/share/red_vision/package.dsv'
[35.692s] INFO:colcon.colcon_core.shell:Creating package script '/home/crofi/AutoModel_Rep/install/red_vision/share/red_vision/package.sh'
[35.697s] INFO:colcon.colcon_core.shell:Creating package script '/home/crofi/AutoModel_Rep/install/red_vision/share/red_vision/package.bash'
[35.703s] INFO:colcon.colcon_core.shell:Creating package script '/home/crofi/AutoModel_Rep/install/red_vision/share/red_vision/package.zsh'
[35.708s] Level 1:colcon.colcon_core.environment:create_file_with_runtime_dependencies(/home/crofi/AutoModel_Rep/install/red_vision/share/colcon-core/packages/red_vision)
[35.753s] INFO:colcon.colcon_ros.task.ament_python.build:Building ROS package in '/home/crofi/AutoModel_Rep/ros2_ws/src/vision/senal_detector' with build type 'ament_python'
[35.755s] Level 1:colcon.colcon_core.shell:create_environment_hook('senal_detector', 'ament_prefix_path')
[35.766s] INFO:colcon.colcon_core.shell:Creating environment hook '/home/crofi/AutoModel_Rep/install/senal_detector/share/senal_detector/hook/ament_prefix_path.ps1'
[35.794s] INFO:colcon.colcon_core.shell:Creating environment descriptor '/home/crofi/AutoModel_Rep/install/senal_detector/share/senal_detector/hook/ament_prefix_path.dsv'
[35.836s] INFO:colcon.colcon_core.shell:Creating environment hook '/home/crofi/AutoModel_Rep/install/senal_detector/share/senal_detector/hook/ament_prefix_path.sh'
[35.856s] INFO:colcon.colcon_core.shell:Skip shell extension 'powershell' for command environment: Not usable outside of PowerShell
[35.857s] DEBUG:colcon.colcon_core.shell:Skip shell extension 'dsv' for command environment
[40.935s] INFO:colcon.colcon_core.task.python.build:Building Python package in '/home/crofi/AutoModel_Rep/ros2_ws/src/vision/senal_detector'
[40.937s] INFO:colcon.colcon_core.shell:Skip shell extension 'powershell' for command environment: Not usable outside of PowerShell
[40.937s] DEBUG:colcon.colcon_core.shell:Skip shell extension 'dsv' for command environment
[41.024s] Level 1:colcon.colcon_core.environment:checking '/home/crofi/AutoModel_Rep/install/lane_detector' for CMake module files
[41.028s] DEBUG:colcon.colcon_core.event_handler.log_command:Invoked command in '/home/crofi/AutoModel_Rep/ros2_ws/src/vision/lane_detector' returned '0': PYTHONPATH=/home/crofi/AutoModel_Rep/build/lane_detector/prefix_override:/usr/lib/python3/dist-packages/colcon_core/task/python/colcon_distutils_commands:/home/crofi/AutoModel_Rep/install/lane_detector/lib/python3.10/site-packages:${PYTHONPATH} /usr/bin/python3 -W ignore:setup.py install is deprecated -W ignore:easy_install command is deprecated setup.py egg_info --egg-base ../../../../build/lane_detector build --build-base /home/crofi/AutoModel_Rep/build/lane_detector/build install --record /home/crofi/AutoModel_Rep/build/lane_detector/install.log --single-version-externally-managed install_data
[41.032s] Level 1:colcon.colcon_core.environment:checking '/home/crofi/AutoModel_Rep/install/lane_detector' for CMake config files
[41.039s] Level 1:colcon.colcon_core.environment:checking '/home/crofi/AutoModel_Rep/install/lane_detector/lib'
[41.040s] Level 1:colcon.colcon_core.environment:checking '/home/crofi/AutoModel_Rep/install/lane_detector/bin'
[41.041s] Level 1:colcon.colcon_core.environment:checking '/home/crofi/AutoModel_Rep/install/lane_detector/lib/pkgconfig/lane_detector.pc'
[41.042s] Level 1:colcon.colcon_core.environment:checking '/home/crofi/AutoModel_Rep/install/lane_detector/lib/python3.10/site-packages'
[41.043s] Level 1:colcon.colcon_core.shell:create_environment_hook('lane_detector', 'pythonpath')
[41.044s] INFO:colcon.colcon_core.shell:Creating environment hook '/home/crofi/AutoModel_Rep/install/lane_detector/share/lane_detector/hook/pythonpath.ps1'
[41.048s] INFO:colcon.colcon_core.shell:Creating environment descriptor '/home/crofi/AutoModel_Rep/install/lane_detector/share/lane_detector/hook/pythonpath.dsv'
[41.053s] INFO:colcon.colcon_core.shell:Creating environment hook '/home/crofi/AutoModel_Rep/install/lane_detector/share/lane_detector/hook/pythonpath.sh'
[41.056s] Level 1:colcon.colcon_core.environment:checking '/home/crofi/AutoModel_Rep/install/lane_detector/bin'
[41.057s] Level 1:colcon.colcon_core.environment:create_environment_scripts_only(lane_detector)
[41.058s] INFO:colcon.colcon_core.shell:Creating package script '/home/crofi/AutoModel_Rep/install/lane_detector/share/lane_detector/package.ps1'
[41.070s] INFO:colcon.colcon_core.shell:Creating package descriptor '/home/crofi/AutoModel_Rep/install/lane_detector/share/lane_detector/package.dsv'
[41.081s] INFO:colcon.colcon_core.shell:Creating package script '/home/crofi/AutoModel_Rep/install/lane_detector/share/lane_detector/package.sh'
[41.085s] INFO:colcon.colcon_core.shell:Creating package script '/home/crofi/AutoModel_Rep/install/lane_detector/share/lane_detector/package.bash'
[41.089s] INFO:colcon.colcon_core.shell:Creating package script '/home/crofi/AutoModel_Rep/install/lane_detector/share/lane_detector/package.zsh'
[41.093s] Level 1:colcon.colcon_core.environment:create_file_with_runtime_dependencies(/home/crofi/AutoModel_Rep/install/lane_detector/share/colcon-core/packages/lane_detector)
[41.096s] Level 1:colcon.colcon_core.environment:checking '/home/crofi/AutoModel_Rep/install/prueba_angle' for CMake module files
[41.104s] Level 1:colcon.colcon_core.environment:checking '/home/crofi/AutoModel_Rep/install/prueba_angle' for CMake config files
[41.111s] Level 1:colcon.colcon_core.environment:checking '/home/crofi/AutoModel_Rep/install/prueba_angle/lib'
[41.114s] DEBUG:colcon.colcon_core.event_handler.log_command:Invoked command in '/home/crofi/AutoModel_Rep/ros2_ws/src/vision/prueba_angle' returned '0': PYTHONPATH=/home/crofi/AutoModel_Rep/build/prueba_angle/prefix_override:/usr/lib/python3/dist-packages/colcon_core/task/python/colcon_distutils_commands:/home/crofi/AutoModel_Rep/install/prueba_angle/lib/python3.10/site-packages:${PYTHONPATH} /usr/bin/python3 -W ignore:setup.py install is deprecated -W ignore:easy_install command is deprecated setup.py egg_info --egg-base ../../../../build/prueba_angle build --build-base /home/crofi/AutoModel_Rep/build/prueba_angle/build install --record /home/crofi/AutoModel_Rep/build/prueba_angle/install.log --single-version-externally-managed install_data
[41.116s] Level 1:colcon.colcon_core.environment:checking '/home/crofi/AutoModel_Rep/install/prueba_angle/bin'
[41.116s] Level 1:colcon.colcon_core.environment:checking '/home/crofi/AutoModel_Rep/install/prueba_angle/lib/pkgconfig/prueba_angle.pc'
[41.119s] Level 1:colcon.colcon_core.environment:checking '/home/crofi/AutoModel_Rep/install/prueba_angle/lib/python3.10/site-packages'
[41.121s] Level 1:colcon.colcon_core.shell:create_environment_hook('prueba_angle', 'pythonpath')
[41.124s] INFO:colcon.colcon_core.shell:Creating environment hook '/home/crofi/AutoModel_Rep/install/prueba_angle/share/prueba_angle/hook/pythonpath.ps1'
[41.130s] INFO:colcon.colcon_core.shell:Creating environment descriptor '/home/crofi/AutoModel_Rep/install/prueba_angle/share/prueba_angle/hook/pythonpath.dsv'
[41.144s] INFO:colcon.colcon_core.shell:Creating environment hook '/home/crofi/AutoModel_Rep/install/prueba_angle/share/prueba_angle/hook/pythonpath.sh'
[41.151s] Level 1:colcon.colcon_core.environment:checking '/home/crofi/AutoModel_Rep/install/prueba_angle/bin'
[41.152s] Level 1:colcon.colcon_core.environment:create_environment_scripts_only(prueba_angle)
[41.153s] INFO:colcon.colcon_core.shell:Creating package script '/home/crofi/AutoModel_Rep/install/prueba_angle/share/prueba_angle/package.ps1'
[41.157s] INFO:colcon.colcon_core.shell:Creating package descriptor '/home/crofi/AutoModel_Rep/install/prueba_angle/share/prueba_angle/package.dsv'
[41.160s] INFO:colcon.colcon_core.shell:Creating package script '/home/crofi/AutoModel_Rep/install/prueba_angle/share/prueba_angle/package.sh'
[41.164s] INFO:colcon.colcon_core.shell:Creating package script '/home/crofi/AutoModel_Rep/install/prueba_angle/share/prueba_angle/package.bash'
[41.170s] INFO:colcon.colcon_core.shell:Creating package script '/home/crofi/AutoModel_Rep/install/prueba_angle/share/prueba_angle/package.zsh'
[41.183s] Level 1:colcon.colcon_core.environment:create_file_with_runtime_dependencies(/home/crofi/AutoModel_Rep/install/prueba_angle/share/colcon-core/packages/prueba_angle)
[41.190s] Level 1:colcon.colcon_core.environment:checking '/home/crofi/AutoModel_Rep/install/lane_angle' for CMake module files
[41.195s] Level 1:colcon.colcon_core.environment:checking '/home/crofi/AutoModel_Rep/install/lane_angle' for CMake config files
[41.201s] Level 1:colcon.colcon_core.environment:checking '/home/crofi/AutoModel_Rep/install/lane_angle/lib'
[41.202s] Level 1:colcon.colcon_core.environment:checking '/home/crofi/AutoModel_Rep/install/lane_angle/bin'
[41.207s] DEBUG:colcon.colcon_core.event_handler.log_command:Invoked command in '/home/crofi/AutoModel_Rep/ros2_ws/src/vision/lane_angle' returned '0': PYTHONPATH=/home/crofi/AutoModel_Rep/build/lane_angle/prefix_override:/usr/lib/python3/dist-packages/colcon_core/task/python/colcon_distutils_commands:/home/crofi/AutoModel_Rep/install/lane_angle/lib/python3.10/site-packages:${PYTHONPATH} /usr/bin/python3 -W ignore:setup.py install is deprecated -W ignore:easy_install command is deprecated setup.py egg_info --egg-base ../../../../build/lane_angle build --build-base /home/crofi/AutoModel_Rep/build/lane_angle/build install --record /home/crofi/AutoModel_Rep/build/lane_angle/install.log --single-version-externally-managed install_data
[41.208s] Level 1:colcon.colcon_core.environment:checking '/home/crofi/AutoModel_Rep/install/lane_angle/lib/pkgconfig/lane_angle.pc'
[41.210s] Level 1:colcon.colcon_core.environment:checking '/home/crofi/AutoModel_Rep/install/lane_angle/lib/python3.10/site-packages'
[41.211s] Level 1:colcon.colcon_core.shell:create_environment_hook('lane_angle', 'pythonpath')
[41.212s] INFO:colcon.colcon_core.shell:Creating environment hook '/home/crofi/AutoModel_Rep/install/lane_angle/share/lane_angle/hook/pythonpath.ps1'
[41.216s] INFO:colcon.colcon_core.shell:Creating environment descriptor '/home/crofi/AutoModel_Rep/install/lane_angle/share/lane_angle/hook/pythonpath.dsv'
[41.224s] INFO:colcon.colcon_core.shell:Creating environment hook '/home/crofi/AutoModel_Rep/install/lane_angle/share/lane_angle/hook/pythonpath.sh'
[41.229s] Level 1:colcon.colcon_core.environment:checking '/home/crofi/AutoModel_Rep/install/lane_angle/bin'
[41.230s] Level 1:colcon.colcon_core.environment:create_environment_scripts_only(lane_angle)
[41.234s] INFO:colcon.colcon_core.shell:Creating package script '/home/crofi/AutoModel_Rep/install/lane_angle/share/lane_angle/package.ps1'
[41.252s] INFO:colcon.colcon_core.shell:Creating package descriptor '/home/crofi/AutoModel_Rep/install/lane_angle/share/lane_angle/package.dsv'
[41.259s] INFO:colcon.colcon_core.shell:Creating package script '/home/crofi/AutoModel_Rep/install/lane_angle/share/lane_angle/package.sh'
[41.267s] INFO:colcon.colcon_core.shell:Creating package script '/home/crofi/AutoModel_Rep/install/lane_angle/share/lane_angle/package.bash'
[41.280s] INFO:colcon.colcon_core.shell:Creating package script '/home/crofi/AutoModel_Rep/install/lane_angle/share/lane_angle/package.zsh'
[41.289s] Level 1:colcon.colcon_core.environment:create_file_with_runtime_dependencies(/home/crofi/AutoModel_Rep/install/lane_angle/share/colcon-core/packages/lane_angle)
[41.293s] INFO:colcon.colcon_ros.task.ament_python.build:Building ROS package in '/home/crofi/AutoModel_Rep/ros2_ws/src/hardware/servo' with build type 'ament_python'
[41.294s] Level 1:colcon.colcon_core.shell:create_environment_hook('servo', 'ament_prefix_path')
[41.297s] INFO:colcon.colcon_core.shell:Creating environment hook '/home/crofi/AutoModel_Rep/install/servo/share/servo/hook/ament_prefix_path.ps1'
[41.318s] INFO:colcon.colcon_core.shell:Creating environment descriptor '/home/crofi/AutoModel_Rep/install/servo/share/servo/hook/ament_prefix_path.dsv'
[41.325s] INFO:colcon.colcon_core.shell:Creating environment hook '/home/crofi/AutoModel_Rep/install/servo/share/servo/hook/ament_prefix_path.sh'
[41.330s] INFO:colcon.colcon_core.shell:Skip shell extension 'powershell' for command environment: Not usable outside of PowerShell
[41.331s] DEBUG:colcon.colcon_core.shell:Skip shell extension 'dsv' for command environment
[41.387s] INFO:colcon.colcon_ros.task.ament_python.build:Building ROS package in '/home/crofi/AutoModel_Rep/ros2_ws/src/hardware/webcam' with build type 'ament_python'
[41.388s] Level 1:colcon.colcon_core.shell:create_environment_hook('webcam', 'ament_prefix_path')
[41.389s] INFO:colcon.colcon_core.shell:Creating environment hook '/home/crofi/AutoModel_Rep/install/webcam/share/webcam/hook/ament_prefix_path.ps1'
[41.392s] INFO:colcon.colcon_core.shell:Creating environment descriptor '/home/crofi/AutoModel_Rep/install/webcam/share/webcam/hook/ament_prefix_path.dsv'
[41.397s] INFO:colcon.colcon_core.shell:Creating environment hook '/home/crofi/AutoModel_Rep/install/webcam/share/webcam/hook/ament_prefix_path.sh'
[41.411s] INFO:colcon.colcon_core.shell:Skip shell extension 'powershell' for command environment: Not usable outside of PowerShell
[41.411s] DEBUG:colcon.colcon_core.shell:Skip shell extension 'dsv' for command environment
[41.511s] INFO:colcon.colcon_ros.task.ament_python.build:Building ROS package in '/home/crofi/AutoModel_Rep/ros2_ws/src/hardware/webcam_recorted' with build type 'ament_python'
[41.512s] Level 1:colcon.colcon_core.shell:create_environment_hook('webcam_recorted', 'ament_prefix_path')
[41.527s] INFO:colcon.colcon_core.shell:Creating environment hook '/home/crofi/AutoModel_Rep/install/webcam_recorted/share/webcam_recorted/hook/ament_prefix_path.ps1'
[41.538s] INFO:colcon.colcon_core.shell:Creating environment descriptor '/home/crofi/AutoModel_Rep/install/webcam_recorted/share/webcam_recorted/hook/ament_prefix_path.dsv'
[41.542s] INFO:colcon.colcon_core.shell:Creating environment hook '/home/crofi/AutoModel_Rep/install/webcam_recorted/share/webcam_recorted/hook/ament_prefix_path.sh'
[41.560s] INFO:colcon.colcon_core.shell:Skip shell extension 'powershell' for command environment: Not usable outside of PowerShell
[41.562s] DEBUG:colcon.colcon_core.shell:Skip shell extension 'dsv' for command environment
[46.365s] INFO:colcon.colcon_core.task.python.build:Building Python package in '/home/crofi/AutoModel_Rep/ros2_ws/src/hardware/servo'
[46.368s] INFO:colcon.colcon_core.shell:Skip shell extension 'powershell' for command environment: Not usable outside of PowerShell
[46.369s] DEBUG:colcon.colcon_core.shell:Skip shell extension 'dsv' for command environment
[50.975s] INFO:colcon.colcon_core.task.python.build:Building Python package in '/home/crofi/AutoModel_Rep/ros2_ws/src/hardware/webcam'
[50.977s] INFO:colcon.colcon_core.shell:Skip shell extension 'powershell' for command environment: Not usable outside of PowerShell
[50.977s] DEBUG:colcon.colcon_core.shell:Skip shell extension 'dsv' for command environment
[55.145s] INFO:colcon.colcon_core.task.python.build:Building Python package in '/home/crofi/AutoModel_Rep/ros2_ws/src/hardware/webcam_recorted'
[55.150s] INFO:colcon.colcon_core.shell:Skip shell extension 'powershell' for command environment: Not usable outside of PowerShell
[55.152s] DEBUG:colcon.colcon_core.shell:Skip shell extension 'dsv' for command environment
[55.241s] DEBUG:colcon.colcon_core.event_handler.log_command:Invoking command in '/home/crofi/AutoModel_Rep/ros2_ws/src/vision/senal_detector': PYTHONPATH=/home/crofi/AutoModel_Rep/build/senal_detector/prefix_override:/usr/lib/python3/dist-packages/colcon_core/task/python/colcon_distutils_commands:/home/crofi/AutoModel_Rep/install/senal_detector/lib/python3.10/site-packages:${PYTHONPATH} /usr/bin/python3 -W ignore:setup.py install is deprecated -W ignore:easy_install command is deprecated setup.py egg_info --egg-base ../../../../build/senal_detector build --build-base /home/crofi/AutoModel_Rep/build/senal_detector/build install --record /home/crofi/AutoModel_Rep/build/senal_detector/install.log --single-version-externally-managed install_data
[60.766s] DEBUG:colcon.colcon_core.event_handler.log_command:Invoking command in '/home/crofi/AutoModel_Rep/ros2_ws/src/hardware/servo': PYTHONPATH=/home/crofi/AutoModel_Rep/build/servo/prefix_override:/usr/lib/python3/dist-packages/colcon_core/task/python/colcon_distutils_commands:/home/crofi/AutoModel_Rep/install/servo/lib/python3.10/site-packages:${PYTHONPATH} /usr/bin/python3 -W ignore:setup.py install is deprecated -W ignore:easy_install command is deprecated setup.py egg_info --egg-base ../../../../build/servo build --build-base /home/crofi/AutoModel_Rep/build/servo/build install --record /home/crofi/AutoModel_Rep/build/servo/install.log --single-version-externally-managed install_data
[62.616s] Level 1:colcon.colcon_core.environment:checking '/home/crofi/AutoModel_Rep/install/senal_detector' for CMake module files
[62.654s] DEBUG:colcon.colcon_core.event_handler.log_command:Invoked command in '/home/crofi/AutoModel_Rep/ros2_ws/src/vision/senal_detector' returned '0': PYTHONPATH=/home/crofi/AutoModel_Rep/build/senal_detector/prefix_override:/usr/lib/python3/dist-packages/colcon_core/task/python/colcon_distutils_commands:/home/crofi/AutoModel_Rep/install/senal_detector/lib/python3.10/site-packages:${PYTHONPATH} /usr/bin/python3 -W ignore:setup.py install is deprecated -W ignore:easy_install command is deprecated setup.py egg_info --egg-base ../../../../build/senal_detector build --build-base /home/crofi/AutoModel_Rep/build/senal_detector/build install --record /home/crofi/AutoModel_Rep/build/senal_detector/install.log --single-version-externally-managed install_data
[62.660s] Level 1:colcon.colcon_core.environment:checking '/home/crofi/AutoModel_Rep/install/senal_detector' for CMake config files
[62.694s] Level 1:colcon.colcon_core.environment:checking '/home/crofi/AutoModel_Rep/install/senal_detector/lib'
[62.701s] Level 1:colcon.colcon_core.environment:checking '/home/crofi/AutoModel_Rep/install/senal_detector/bin'
[62.702s] Level 1:colcon.colcon_core.environment:checking '/home/crofi/AutoModel_Rep/install/senal_detector/lib/pkgconfig/senal_detector.pc'
[62.729s] Level 1:colcon.colcon_core.environment:checking '/home/crofi/AutoModel_Rep/install/senal_detector/lib/python3.10/site-packages'
[62.734s] Level 1:colcon.colcon_core.shell:create_environment_hook('senal_detector', 'pythonpath')
[62.749s] INFO:colcon.colcon_core.shell:Creating environment hook '/home/crofi/AutoModel_Rep/install/senal_detector/share/senal_detector/hook/pythonpath.ps1'
[62.776s] INFO:colcon.colcon_core.shell:Creating environment descriptor '/home/crofi/AutoModel_Rep/install/senal_detector/share/senal_detector/hook/pythonpath.dsv'
[62.816s] INFO:colcon.colcon_core.shell:Creating environment hook '/home/crofi/AutoModel_Rep/install/senal_detector/share/senal_detector/hook/pythonpath.sh'
[62.856s] Level 1:colcon.colcon_core.environment:checking '/home/crofi/AutoModel_Rep/install/senal_detector/bin'
[62.856s] Level 1:colcon.colcon_core.environment:create_environment_scripts_only(senal_detector)
[62.858s] INFO:colcon.colcon_core.shell:Creating package script '/home/crofi/AutoModel_Rep/install/senal_detector/share/senal_detector/package.ps1'
[62.920s] INFO:colcon.colcon_core.shell:Creating package descriptor '/home/crofi/AutoModel_Rep/install/senal_detector/share/senal_detector/package.dsv'
[62.940s] INFO:colcon.colcon_core.shell:Creating package script '/home/crofi/AutoModel_Rep/install/senal_detector/share/senal_detector/package.sh'
[62.954s] INFO:colcon.colcon_core.shell:Creating package script '/home/crofi/AutoModel_Rep/install/senal_detector/share/senal_detector/package.bash'
[62.962s] INFO:colcon.colcon_core.shell:Creating package script '/home/crofi/AutoModel_Rep/install/senal_detector/share/senal_detector/package.zsh'
[62.982s] Level 1:colcon.colcon_core.environment:create_file_with_runtime_dependencies(/home/crofi/AutoModel_Rep/install/senal_detector/share/colcon-core/packages/senal_detector)
[64.140s] DEBUG:colcon.colcon_core.event_handler.log_command:Invoking command in '/home/crofi/AutoModel_Rep/ros2_ws/src/hardware/webcam_recorted': PYTHONPATH=/home/crofi/AutoModel_Rep/build/webcam_recorted/prefix_override:/usr/lib/python3/dist-packages/colcon_core/task/python/colcon_distutils_commands:/home/crofi/AutoModel_Rep/install/webcam_recorted/lib/python3.10/site-packages:${PYTHONPATH} /usr/bin/python3 -W ignore:setup.py install is deprecated -W ignore:easy_install command is deprecated setup.py egg_info --egg-base ../../../../build/webcam_recorted build --build-base /home/crofi/AutoModel_Rep/build/webcam_recorted/build install --record /home/crofi/AutoModel_Rep/build/webcam_recorted/install.log --single-version-externally-managed install_data
[66.630s] DEBUG:colcon.colcon_core.event_handler.log_command:Invoking command in '/home/crofi/AutoModel_Rep/ros2_ws/src/hardware/webcam': PYTHONPATH=/home/crofi/AutoModel_Rep/build/webcam/prefix_override:/usr/lib/python3/dist-packages/colcon_core/task/python/colcon_distutils_commands:/home/crofi/AutoModel_Rep/install/webcam/lib/python3.10/site-packages:${PYTHONPATH} /usr/bin/python3 -W ignore:setup.py install is deprecated -W ignore:easy_install command is deprecated setup.py egg_info --egg-base ../../../../build/webcam build --build-base /home/crofi/AutoModel_Rep/build/webcam/build install --record /home/crofi/AutoModel_Rep/build/webcam/install.log --single-version-externally-managed install_data
[69.523s] Level 1:colcon.colcon_core.environment:checking '/home/crofi/AutoModel_Rep/install/servo' for CMake module files
[69.529s] Level 1:colcon.colcon_core.environment:checking '/home/crofi/AutoModel_Rep/install/servo' for CMake config files
[69.532s] DEBUG:colcon.colcon_core.event_handler.log_command:Invoked command in '/home/crofi/AutoModel_Rep/ros2_ws/src/hardware/servo' returned '0': PYTHONPATH=/home/crofi/AutoModel_Rep/build/servo/prefix_override:/usr/lib/python3/dist-packages/colcon_core/task/python/colcon_distutils_commands:/home/crofi/AutoModel_Rep/install/servo/lib/python3.10/site-packages:${PYTHONPATH} /usr/bin/python3 -W ignore:setup.py install is deprecated -W ignore:easy_install command is deprecated setup.py egg_info --egg-base ../../../../build/servo build --build-base /home/crofi/AutoModel_Rep/build/servo/build install --record /home/crofi/AutoModel_Rep/build/servo/install.log --single-version-externally-managed install_data
[69.547s] Level 1:colcon.colcon_core.environment:checking '/home/crofi/AutoModel_Rep/install/servo/lib'
[69.551s] Level 1:colcon.colcon_core.environment:checking '/home/crofi/AutoModel_Rep/install/servo/bin'
[69.554s] Level 1:colcon.colcon_core.environment:checking '/home/crofi/AutoModel_Rep/install/servo/lib/pkgconfig/servo.pc'
[69.574s] Level 1:colcon.colcon_core.environment:checking '/home/crofi/AutoModel_Rep/install/servo/lib/python3.10/site-packages'
[69.576s] Level 1:colcon.colcon_core.shell:create_environment_hook('servo', 'pythonpath')
[69.584s] INFO:colcon.colcon_core.shell:Creating environment hook '/home/crofi/AutoModel_Rep/install/servo/share/servo/hook/pythonpath.ps1'
[69.590s] INFO:colcon.colcon_core.shell:Creating environment descriptor '/home/crofi/AutoModel_Rep/install/servo/share/servo/hook/pythonpath.dsv'
[69.597s] INFO:colcon.colcon_core.shell:Creating environment hook '/home/crofi/AutoModel_Rep/install/servo/share/servo/hook/pythonpath.sh'
[69.604s] Level 1:colcon.colcon_core.environment:checking '/home/crofi/AutoModel_Rep/install/servo/bin'
[69.607s] Level 1:colcon.colcon_core.environment:create_environment_scripts_only(servo)
[69.613s] INFO:colcon.colcon_core.shell:Creating package script '/home/crofi/AutoModel_Rep/install/servo/share/servo/package.ps1'
[69.633s] INFO:colcon.colcon_core.shell:Creating package descriptor '/home/crofi/AutoModel_Rep/install/servo/share/servo/package.dsv'
[69.638s] INFO:colcon.colcon_core.shell:Creating package script '/home/crofi/AutoModel_Rep/install/servo/share/servo/package.sh'
[69.659s] INFO:colcon.colcon_core.shell:Creating package script '/home/crofi/AutoModel_Rep/install/servo/share/servo/package.bash'
[69.672s] INFO:colcon.colcon_core.shell:Creating package script '/home/crofi/AutoModel_Rep/install/servo/share/servo/package.zsh'
[69.679s] Level 1:colcon.colcon_core.environment:create_file_with_runtime_dependencies(/home/crofi/AutoModel_Rep/install/servo/share/colcon-core/packages/servo)
[69.965s] Level 1:colcon.colcon_core.environment:checking '/home/crofi/AutoModel_Rep/install/webcam_recorted' for CMake module files
[69.988s] DEBUG:colcon.colcon_core.event_handler.log_command:Invoked command in '/home/crofi/AutoModel_Rep/ros2_ws/src/hardware/webcam_recorted' returned '0': PYTHONPATH=/home/crofi/AutoModel_Rep/build/webcam_recorted/prefix_override:/usr/lib/python3/dist-packages/colcon_core/task/python/colcon_distutils_commands:/home/crofi/AutoModel_Rep/install/webcam_recorted/lib/python3.10/site-packages:${PYTHONPATH} /usr/bin/python3 -W ignore:setup.py install is deprecated -W ignore:easy_install command is deprecated setup.py egg_info --egg-base ../../../../build/webcam_recorted build --build-base /home/crofi/AutoModel_Rep/build/webcam_recorted/build install --record /home/crofi/AutoModel_Rep/build/webcam_recorted/install.log --single-version-externally-managed install_data
[69.993s] Level 1:colcon.colcon_core.environment:checking '/home/crofi/AutoModel_Rep/install/webcam_recorted' for CMake config files
[70.005s] Level 1:colcon.colcon_core.environment:checking '/home/crofi/AutoModel_Rep/install/webcam_recorted/lib'
[70.006s] Level 1:colcon.colcon_core.environment:checking '/home/crofi/AutoModel_Rep/install/webcam_recorted/bin'
[70.009s] Level 1:colcon.colcon_core.environment:checking '/home/crofi/AutoModel_Rep/install/webcam_recorted/lib/pkgconfig/webcam_recorted.pc'
[70.011s] Level 1:colcon.colcon_core.environment:checking '/home/crofi/AutoModel_Rep/install/webcam_recorted/lib/python3.10/site-packages'
[70.012s] Level 1:colcon.colcon_core.shell:create_environment_hook('webcam_recorted', 'pythonpath')
[70.015s] INFO:colcon.colcon_core.shell:Creating environment hook '/home/crofi/AutoModel_Rep/install/webcam_recorted/share/webcam_recorted/hook/pythonpath.ps1'
[70.023s] INFO:colcon.colcon_core.shell:Creating environment descriptor '/home/crofi/AutoModel_Rep/install/webcam_recorted/share/webcam_recorted/hook/pythonpath.dsv'
[70.029s] INFO:colcon.colcon_core.shell:Creating environment hook '/home/crofi/AutoModel_Rep/install/webcam_recorted/share/webcam_recorted/hook/pythonpath.sh'
[70.038s] Level 1:colcon.colcon_core.environment:checking '/home/crofi/AutoModel_Rep/install/webcam_recorted/bin'
[70.045s] Level 1:colcon.colcon_core.environment:create_environment_scripts_only(webcam_recorted)
[70.048s] INFO:colcon.colcon_core.shell:Creating package script '/home/crofi/AutoModel_Rep/install/webcam_recorted/share/webcam_recorted/package.ps1'
[70.053s] INFO:colcon.colcon_core.shell:Creating package descriptor '/home/crofi/AutoModel_Rep/install/webcam_recorted/share/webcam_recorted/package.dsv'
[70.058s] INFO:colcon.colcon_core.shell:Creating package script '/home/crofi/AutoModel_Rep/install/webcam_recorted/share/webcam_recorted/package.sh'
[70.076s] INFO:colcon.colcon_core.shell:Creating package script '/home/crofi/AutoModel_Rep/install/webcam_recorted/share/webcam_recorted/package.bash'
[70.081s] INFO:colcon.colcon_core.shell:Creating package script '/home/crofi/AutoModel_Rep/install/webcam_recorted/share/webcam_recorted/package.zsh'
[70.085s] Level 1:colcon.colcon_core.environment:create_file_with_runtime_dependencies(/home/crofi/AutoModel_Rep/install/webcam_recorted/share/colcon-core/packages/webcam_recorted)
[72.219s] Level 1:colcon.colcon_core.environment:checking '/home/crofi/AutoModel_Rep/install/webcam' for CMake module files
[72.223s] Level 1:colcon.colcon_core.environment:checking '/home/crofi/AutoModel_Rep/install/webcam' for CMake config files
[72.228s] DEBUG:colcon.colcon_core.event_handler.log_command:Invoked command in '/home/crofi/AutoModel_Rep/ros2_ws/src/hardware/webcam' returned '0': PYTHONPATH=/home/crofi/AutoModel_Rep/build/webcam/prefix_override:/usr/lib/python3/dist-packages/colcon_core/task/python/colcon_distutils_commands:/home/crofi/AutoModel_Rep/install/webcam/lib/python3.10/site-packages:${PYTHONPATH} /usr/bin/python3 -W ignore:setup.py install is deprecated -W ignore:easy_install command is deprecated setup.py egg_info --egg-base ../../../../build/webcam build --build-base /home/crofi/AutoModel_Rep/build/webcam/build install --record /home/crofi/AutoModel_Rep/build/webcam/install.log --single-version-externally-managed install_data
[72.231s] Level 1:colcon.colcon_core.environment:checking '/home/crofi/AutoModel_Rep/install/webcam/lib'
[72.234s] Level 1:colcon.colcon_core.environment:checking '/home/crofi/AutoModel_Rep/install/webcam/bin'
[72.236s] Level 1:colcon.colcon_core.environment:checking '/home/crofi/AutoModel_Rep/install/webcam/lib/pkgconfig/webcam.pc'
[72.242s] Level 1:colcon.colcon_core.environment:checking '/home/crofi/AutoModel_Rep/install/webcam/lib/python3.10/site-packages'
[72.243s] Level 1:colcon.colcon_core.shell:create_environment_hook('webcam', 'pythonpath')
[72.248s] INFO:colcon.colcon_core.shell:Creating environment hook '/home/crofi/AutoModel_Rep/install/webcam/share/webcam/hook/pythonpath.ps1'
[72.254s] INFO:colcon.colcon_core.shell:Creating environment descriptor '/home/crofi/AutoModel_Rep/install/webcam/share/webcam/hook/pythonpath.dsv'
[72.259s] INFO:colcon.colcon_core.shell:Creating environment hook '/home/crofi/AutoModel_Rep/install/webcam/share/webcam/hook/pythonpath.sh'
[72.264s] Level 1:colcon.colcon_core.environment:checking '/home/crofi/AutoModel_Rep/install/webcam/bin'
[72.265s] Level 1:colcon.colcon_core.environment:create_environment_scripts_only(webcam)
[72.268s] INFO:colcon.colcon_core.shell:Creating package script '/home/crofi/AutoModel_Rep/install/webcam/share/webcam/package.ps1'
[72.278s] INFO:colcon.colcon_core.shell:Creating package descriptor '/home/crofi/AutoModel_Rep/install/webcam/share/webcam/package.dsv'
[72.283s] INFO:colcon.colcon_core.shell:Creating package script '/home/crofi/AutoModel_Rep/install/webcam/share/webcam/package.sh'
[72.290s] INFO:colcon.colcon_core.shell:Creating package script '/home/crofi/AutoModel_Rep/install/webcam/share/webcam/package.bash'
[72.294s] INFO:colcon.colcon_core.shell:Creating package script '/home/crofi/AutoModel_Rep/install/webcam/share/webcam/package.zsh'
[72.299s] Level 1:colcon.colcon_core.environment:create_file_with_runtime_dependencies(/home/crofi/AutoModel_Rep/install/webcam/share/colcon-core/packages/webcam)
[72.301s] DEBUG:colcon.colcon_parallel_executor.executor.parallel:closing loop
[72.308s] DEBUG:colcon.colcon_parallel_executor.executor.parallel:loop closed
[72.309s] DEBUG:colcon.colcon_parallel_executor.executor.parallel:run_until_complete finished with '0'
[72.310s] DEBUG:colcon.colcon_core.event_reactor:joining thread
[72.426s] INFO:colcon.colcon_core.plugin_system:Skipping extension 'colcon_notification.desktop_notification.terminal_notifier': Not used on non-Darwin systems
[72.428s] INFO:colcon.colcon_core.plugin_system:Skipping extension 'colcon_notification.desktop_notification.win32': Not used on non-Windows systems
[72.429s] INFO:colcon.colcon_notification.desktop_notification:Sending desktop notification using 'notify2'
[72.565s] DEBUG:colcon.colcon_core.event_reactor:joined thread
[72.568s] INFO:colcon.colcon_core.shell:Creating prefix script '/home/crofi/AutoModel_Rep/install/local_setup.ps1'
[72.579s] INFO:colcon.colcon_core.shell:Creating prefix util module '/home/crofi/AutoModel_Rep/install/_local_setup_util_ps1.py'
[72.599s] INFO:colcon.colcon_core.shell:Creating prefix chain script '/home/crofi/AutoModel_Rep/install/setup.ps1'
[72.644s] INFO:colcon.colcon_core.shell:Creating prefix script '/home/crofi/AutoModel_Rep/install/local_setup.sh'
[72.654s] INFO:colcon.colcon_core.shell:Creating prefix util module '/home/crofi/AutoModel_Rep/install/_local_setup_util_sh.py'
[72.663s] INFO:colcon.colcon_core.shell:Creating prefix chain script '/home/crofi/AutoModel_Rep/install/setup.sh'
[72.691s] INFO:colcon.colcon_core.shell:Creating prefix script '/home/crofi/AutoModel_Rep/install/local_setup.bash'
[72.696s] INFO:colcon.colcon_core.shell:Creating prefix chain script '/home/crofi/AutoModel_Rep/install/setup.bash'
[72.733s] INFO:colcon.colcon_core.shell:Creating prefix script '/home/crofi/AutoModel_Rep/install/local_setup.zsh'
[72.742s] INFO:colcon.colcon_core.shell:Creating prefix chain script '/home/crofi/AutoModel_Rep/install/setup.zsh'
