[1.936s] Invoking command in '/home/tars/AutoModelCrofi/ros2_ws/src/hardware/servo': PYTHONPATH=/home/tars/AutoModelCrofi/ros2_ws/build/servo/prefix_override:/usr/lib/python3/dist-packages/colcon_core/task/python/colcon_distutils_commands:/home/tars/AutoModelCrofi/ros2_ws/install/servo/lib/python3.12/site-packages:${PYTHONPATH} /usr/bin/python3 -W ignore:setup.py install is deprecated -W ignore:easy_install command is deprecated setup.py egg_info --egg-base ../../../build/servo build --build-base /home/tars/AutoModelCrofi/ros2_ws/build/servo/build install --record /home/tars/AutoModelCrofi/ros2_ws/build/servo/install.log --single-version-externally-managed install_data
[2.626s] running egg_info
[2.627s] writing ../../../build/servo/servo.egg-info/PKG-INFO
[2.627s] writing dependency_links to ../../../build/servo/servo.egg-info/dependency_links.txt
[2.627s] writing entry points to ../../../build/servo/servo.egg-info/entry_points.txt
[2.627s] writing requirements to ../../../build/servo/servo.egg-info/requires.txt
[2.627s] writing top-level names to ../../../build/servo/servo.egg-info/top_level.txt
[2.627s] reading manifest file '../../../build/servo/servo.egg-info/SOURCES.txt'
[2.627s] writing manifest file '../../../build/servo/servo.egg-info/SOURCES.txt'
[2.627s] running build
[2.627s] running build_py
[2.627s] running install
[2.627s] running install_lib
[2.628s] running install_data
[2.628s] running install_egg_info
[2.628s] removing '/home/tars/AutoModelCrofi/ros2_ws/install/servo/lib/python3.12/site-packages/servo-0.0.0-py3.12.egg-info' (and everything under it)
[2.628s] Copying ../../../build/servo/servo.egg-info to /home/tars/AutoModelCrofi/ros2_ws/install/servo/lib/python3.12/site-packages/servo-0.0.0-py3.12.egg-info
[2.628s] running install_scripts
[2.674s] Installing servo script to /home/tars/AutoModelCrofi/ros2_ws/install/servo/lib/servo
[2.675s] writing list of installed files to '/home/tars/AutoModelCrofi/ros2_ws/build/servo/install.log'
[2.870s] Invoked command in '/home/tars/AutoModelCrofi/ros2_ws/src/hardware/servo' returned '0': PYTHONPATH=/home/tars/AutoModelCrofi/ros2_ws/build/servo/prefix_override:/usr/lib/python3/dist-packages/colcon_core/task/python/colcon_distutils_commands:/home/tars/AutoModelCrofi/ros2_ws/install/servo/lib/python3.12/site-packages:${PYTHONPATH} /usr/bin/python3 -W ignore:setup.py install is deprecated -W ignore:easy_install command is deprecated setup.py egg_info --egg-base ../../../build/servo build --build-base /home/tars/AutoModelCrofi/ros2_ws/build/servo/build install --record /home/tars/AutoModelCrofi/ros2_ws/build/servo/install.log --single-version-externally-managed install_data
