[8.524s] Invoking command in '/home/crofi/ros2_ws/src/vision/lane_angle': PYTHONPATH=/home/crofi/ros2_ws/build/lane_angle/prefix_override:/usr/lib/python3/dist-packages/colcon_core/task/python/colcon_distutils_commands:/home/crofi/ros2_ws/install/lane_angle/lib/python3.10/site-packages:${PYTHONPATH} /usr/bin/python3 -W ignore:setup.py install is deprecated -W ignore:easy_install command is deprecated setup.py egg_info --egg-base ../../../build/lane_angle build --build-base /home/crofi/ros2_ws/build/lane_angle/build install --record /home/crofi/ros2_ws/build/lane_angle/install.log --single-version-externally-managed install_data
[10.614s] running egg_info
[10.621s] writing ../../../build/lane_angle/lane_angle.egg-info/PKG-INFO
[10.622s] writing dependency_links to ../../../build/lane_angle/lane_angle.egg-info/dependency_links.txt
[10.623s] writing entry points to ../../../build/lane_angle/lane_angle.egg-info/entry_points.txt
[10.625s] writing requirements to ../../../build/lane_angle/lane_angle.egg-info/requires.txt
[10.626s] writing top-level names to ../../../build/lane_angle/lane_angle.egg-info/top_level.txt
[10.652s] reading manifest file '../../../build/lane_angle/lane_angle.egg-info/SOURCES.txt'
[10.668s] writing manifest file '../../../build/lane_angle/lane_angle.egg-info/SOURCES.txt'
[10.670s] running build
[10.674s] running build_py
[10.679s] copying lane_angle/lane_angle.py -> /home/crofi/ros2_ws/build/lane_angle/build/lib/lane_angle
[10.682s] running install
[10.686s] running install_lib
[10.699s] copying /home/crofi/ros2_ws/build/lane_angle/build/lib/lane_angle/lane_angle.py -> /home/crofi/ros2_ws/install/lane_angle/lib/python3.10/site-packages/lane_angle
[10.729s] byte-compiling /home/crofi/ros2_ws/install/lane_angle/lib/python3.10/site-packages/lane_angle/lane_angle.py to lane_angle.cpython-310.pyc
[10.751s] running install_data
[10.753s] running install_egg_info
[10.780s] removing '/home/crofi/ros2_ws/install/lane_angle/lib/python3.10/site-packages/lane_angle-0.0.0-py3.10.egg-info' (and everything under it)
[10.788s] Copying ../../../build/lane_angle/lane_angle.egg-info to /home/crofi/ros2_ws/install/lane_angle/lib/python3.10/site-packages/lane_angle-0.0.0-py3.10.egg-info
[10.811s] running install_scripts
[11.069s] Installing lane_angle script to /home/crofi/ros2_ws/install/lane_angle/lib/lane_angle
[11.074s] writing list of installed files to '/home/crofi/ros2_ws/build/lane_angle/install.log'
[11.334s] Invoked command in '/home/crofi/ros2_ws/src/vision/lane_angle' returned '0': PYTHONPATH=/home/crofi/ros2_ws/build/lane_angle/prefix_override:/usr/lib/python3/dist-packages/colcon_core/task/python/colcon_distutils_commands:/home/crofi/ros2_ws/install/lane_angle/lib/python3.10/site-packages:${PYTHONPATH} /usr/bin/python3 -W ignore:setup.py install is deprecated -W ignore:easy_install command is deprecated setup.py egg_info --egg-base ../../../build/lane_angle build --build-base /home/crofi/ros2_ws/build/lane_angle/build install --record /home/crofi/ros2_ws/build/lane_angle/install.log --single-version-externally-managed install_data
