[21.366s] Invoking command in '/home/crofi/ros2_ws/src/hardware/servo': PYTHONPATH=/home/crofi/ros2_ws/build/servo/prefix_override:/usr/lib/python3/dist-packages/colcon_core/task/python/colcon_distutils_commands:/home/crofi/ros2_ws/install/servo/lib/python3.10/site-packages:${PYTHONPATH} /usr/bin/python3 -W ignore:setup.py install is deprecated -W ignore:easy_install command is deprecated setup.py egg_info --egg-base ../../../build/servo build --build-base /home/crofi/ros2_ws/build/servo/build install --record /home/crofi/ros2_ws/build/servo/install.log --single-version-externally-managed install_data
[25.626s] running egg_info
[25.638s] writing ../../../build/servo/servo.egg-info/PKG-INFO
[25.645s] writing dependency_links to ../../../build/servo/servo.egg-info/dependency_links.txt
[25.646s] writing entry points to ../../../build/servo/servo.egg-info/entry_points.txt
[25.653s] writing requirements to ../../../build/servo/servo.egg-info/requires.txt
[25.659s] writing top-level names to ../../../build/servo/servo.egg-info/top_level.txt
[25.660s] reading manifest file '../../../build/servo/servo.egg-info/SOURCES.txt'
[25.672s] writing manifest file '../../../build/servo/servo.egg-info/SOURCES.txt'
[25.691s] running build
[25.695s] running build_py
[25.696s] running install
[25.697s] running install_lib
[25.709s] running install_data
[25.711s] running install_egg_info
[25.726s] removing '/home/crofi/ros2_ws/install/servo/lib/python3.10/site-packages/servo-0.0.0-py3.10.egg-info' (and everything under it)
[25.737s] Copying ../../../build/servo/servo.egg-info to /home/crofi/ros2_ws/install/servo/lib/python3.10/site-packages/servo-0.0.0-py3.10.egg-info
[25.741s] running install_scripts
[25.914s] Installing servo script to /home/crofi/ros2_ws/install/servo/lib/servo
[25.918s] writing list of installed files to '/home/crofi/ros2_ws/build/servo/install.log'
[26.214s] Invoked command in '/home/crofi/ros2_ws/src/hardware/servo' returned '0': PYTHONPATH=/home/crofi/ros2_ws/build/servo/prefix_override:/usr/lib/python3/dist-packages/colcon_core/task/python/colcon_distutils_commands:/home/crofi/ros2_ws/install/servo/lib/python3.10/site-packages:${PYTHONPATH} /usr/bin/python3 -W ignore:setup.py install is deprecated -W ignore:easy_install command is deprecated setup.py egg_info --egg-base ../../../build/servo build --build-base /home/crofi/ros2_ws/build/servo/build install --record /home/crofi/ros2_ws/build/servo/install.log --single-version-externally-managed install_data
