running egg_info
writing ../../../build/webcam_recorted/webcam_recorted.egg-info/PKG-INFO
writing dependency_links to ../../../build/webcam_recorted/webcam_recorted.egg-info/dependency_links.txt
writing entry points to ../../../build/webcam_recorted/webcam_recorted.egg-info/entry_points.txt
writing requirements to ../../../build/webcam_recorted/webcam_recorted.egg-info/requires.txt
writing top-level names to ../../../build/webcam_recorted/webcam_recorted.egg-info/top_level.txt
reading manifest file '../../../build/webcam_recorted/webcam_recorted.egg-info/SOURCES.txt'
writing manifest file '../../../build/webcam_recorted/webcam_recorted.egg-info/SOURCES.txt'
running build
running build_py
copying webcam_recorted/webcam_recorted.py -> /home/crofi/ros2_ws/build/webcam_recorted/build/lib/webcam_recorted
running install
running install_lib
copying /home/crofi/ros2_ws/build/webcam_recorted/build/lib/webcam_recorted/webcam_recorted.py -> /home/crofi/ros2_ws/install/webcam_recorted/lib/python3.10/site-packages/webcam_recorted
byte-compiling /home/crofi/ros2_ws/install/webcam_recorted/lib/python3.10/site-packages/webcam_recorted/webcam_recorted.py to webcam_recorted.cpython-310.pyc
running install_data
running install_egg_info
removing '/home/crofi/ros2_ws/install/webcam_recorted/lib/python3.10/site-packages/webcam_recorted-0.0.0-py3.10.egg-info' (and everything under it)
Copying ../../../build/webcam_recorted/webcam_recorted.egg-info to /home/crofi/ros2_ws/install/webcam_recorted/lib/python3.10/site-packages/webcam_recorted-0.0.0-py3.10.egg-info
running install_scripts
Installing webcam_recorted script to /home/crofi/ros2_ws/install/webcam_recorted/lib/webcam_recorted
writing list of installed files to '/home/crofi/ros2_ws/build/webcam_recorted/install.log'
