[16.444s] Invoking command in '/home/crofi/ros2_ws/src/vision/lane_detector': PYTHONPATH=/home/crofi/ros2_ws/build/lane_detector/prefix_override:/usr/lib/python3/dist-packages/colcon_core/task/python/colcon_distutils_commands:/home/crofi/ros2_ws/install/lane_detector/lib/python3.10/site-packages:${PYTHONPATH} /usr/bin/python3 -W ignore:setup.py install is deprecated -W ignore:easy_install command is deprecated setup.py egg_info --egg-base ../../../build/lane_detector build --build-base /home/crofi/ros2_ws/build/lane_detector/build install --record /home/crofi/ros2_ws/build/lane_detector/install.log --single-version-externally-managed install_data
[22.115s] running egg_info
[22.134s] writing ../../../build/lane_detector/lane_detector.egg-info/PKG-INFO
[22.139s] writing dependency_links to ../../../build/lane_detector/lane_detector.egg-info/dependency_links.txt
[22.145s] writing entry points to ../../../build/lane_detector/lane_detector.egg-info/entry_points.txt
[22.152s] writing requirements to ../../../build/lane_detector/lane_detector.egg-info/requires.txt
[22.185s] writing top-level names to ../../../build/lane_detector/lane_detector.egg-info/top_level.txt
[22.229s] reading manifest file '../../../build/lane_detector/lane_detector.egg-info/SOURCES.txt'
[22.259s] writing manifest file '../../../build/lane_detector/lane_detector.egg-info/SOURCES.txt'
[22.273s] running build
[22.273s] running build_py
[22.297s] running install
[22.303s] running install_lib
[22.356s] running install_data
[22.379s] running install_egg_info
[22.450s] removing '/home/crofi/ros2_ws/install/lane_detector/lib/python3.10/site-packages/lane_detector-0.0.0-py3.10.egg-info' (and everything under it)
[22.451s] Copying ../../../build/lane_detector/lane_detector.egg-info to /home/crofi/ros2_ws/install/lane_detector/lib/python3.10/site-packages/lane_detector-0.0.0-py3.10.egg-info
[22.495s] running install_scripts
[23.114s] Installing lane_detector script to /home/crofi/ros2_ws/install/lane_detector/lib/lane_detector
[23.116s] writing list of installed files to '/home/crofi/ros2_ws/build/lane_detector/install.log'
[23.459s] Invoked command in '/home/crofi/ros2_ws/src/vision/lane_detector' returned '0': PYTHONPATH=/home/crofi/ros2_ws/build/lane_detector/prefix_override:/usr/lib/python3/dist-packages/colcon_core/task/python/colcon_distutils_commands:/home/crofi/ros2_ws/install/lane_detector/lib/python3.10/site-packages:${PYTHONPATH} /usr/bin/python3 -W ignore:setup.py install is deprecated -W ignore:easy_install command is deprecated setup.py egg_info --egg-base ../../../build/lane_detector build --build-base /home/crofi/ros2_ws/build/lane_detector/build install --record /home/crofi/ros2_ws/build/lane_detector/install.log --single-version-externally-managed install_data
