[0.662s] DEBUG:colcon:Command line arguments: ['/usr/bin/colcon', 'build', '--symlink-install']
[0.662s] DEBUG:colcon:Parsed command line arguments: Namespace(log_base=None, log_level=None, verb_name='build', build_base='build', install_base='install', merge_install=False, symlink_install=True, test_result_base=None, continue_on_error=False, executor='parallel', parallel_workers=4, event_handlers=None, ignore_user_meta=False, metas=['./colcon.meta'], base_paths=['.'], packages_ignore=None, packages_ignore_regex=None, paths=None, packages_up_to=None, packages_up_to_regex=None, packages_above=None, packages_above_and_dependencies=None, packages_above_depth=None, packages_select_by_dep=None, packages_skip_by_dep=None, packages_skip_up_to=None, packages_select_build_failed=False, packages_skip_build_finished=False, packages_select_test_failures=False, packages_skip_test_passed=False, packages_select=None, packages_skip=None, packages_select_regex=None, packages_skip_regex=None, packages_start=None, packages_end=None, allow_overriding=[], cmake_args=None, cmake_target=None, cmake_target_skip_unavailable=False, cmake_clean_cache=False, cmake_clean_first=False, cmake_force_configure=False, ament_cmake_args=None, catkin_cmake_args=None, catkin_skip_building_tests=False, mixin_files=None, mixin=None, verb_parser=<colcon_mixin.mixin.mixin_argument.MixinArgumentDecorator object at 0xffffaf899c60>, verb_extension=<colcon_core.verb.build.BuildVerb object at 0xffffafa1a1d0>, main=<bound method BuildVerb.main of <colcon_core.verb.build.BuildVerb object at 0xffffafa1a1d0>>, mixin_verb=('build',))
[1.984s] Level 1:colcon.colcon_core.package_discovery:discover_packages(colcon_meta) check parameters
[1.985s] Level 1:colcon.colcon_core.package_discovery:discover_packages(recursive) check parameters
[1.985s] Level 1:colcon.colcon_core.package_discovery:discover_packages(ignore) check parameters
[1.985s] Level 1:colcon.colcon_core.package_discovery:discover_packages(path) check parameters
[1.986s] Level 1:colcon.colcon_core.package_discovery:discover_packages(colcon_meta) discover
[1.986s] Level 1:colcon.colcon_core.package_discovery:discover_packages(recursive) discover
[1.986s] INFO:colcon.colcon_core.package_discovery:Crawling recursively for packages in '/home/crofi/AutoModelCrofi/ros2_ws'
[1.987s] Level 1:colcon.colcon_core.package_identification:_identify(.) by extensions ['ignore', 'ignore_ament_install']
[1.987s] Level 1:colcon.colcon_core.package_identification:_identify(.) by extension 'ignore'
[1.987s] Level 1:colcon.colcon_core.package_identification:_identify(.) by extension 'ignore_ament_install'
[1.988s] Level 1:colcon.colcon_core.package_identification:_identify(.) by extensions ['colcon_pkg']
[1.988s] Level 1:colcon.colcon_core.package_identification:_identify(.) by extension 'colcon_pkg'
[1.988s] Level 1:colcon.colcon_core.package_identification:_identify(.) by extensions ['colcon_meta']
[1.988s] Level 1:colcon.colcon_core.package_identification:_identify(.) by extension 'colcon_meta'
[1.988s] Level 1:colcon.colcon_core.package_identification:_identify(.) by extensions ['ros']
[1.988s] Level 1:colcon.colcon_core.package_identification:_identify(.) by extension 'ros'
[2.092s] Level 1:colcon.colcon_core.package_identification:_identify(.) by extensions ['cmake', 'python']
[2.092s] Level 1:colcon.colcon_core.package_identification:_identify(.) by extension 'cmake'
[2.092s] Level 1:colcon.colcon_core.package_identification:_identify(.) by extension 'python'
[2.092s] Level 1:colcon.colcon_core.package_identification:_identify(.) by extensions ['python_setup_py']
[2.093s] Level 1:colcon.colcon_core.package_identification:_identify(.) by extension 'python_setup_py'
[2.093s] Level 1:colcon.colcon_core.package_identification:_identify(build) by extensions ['ignore', 'ignore_ament_install']
[2.094s] Level 1:colcon.colcon_core.package_identification:_identify(build) by extension 'ignore'
[2.094s] Level 1:colcon.colcon_core.package_identification:_identify(build) ignored
[2.095s] Level 1:colcon.colcon_core.package_identification:_identify(install) by extensions ['ignore', 'ignore_ament_install']
[2.095s] Level 1:colcon.colcon_core.package_identification:_identify(install) by extension 'ignore'
[2.095s] Level 1:colcon.colcon_core.package_identification:_identify(install) ignored
[2.096s] Level 1:colcon.colcon_core.package_identification:_identify(launch) by extensions ['ignore', 'ignore_ament_install']
[2.096s] Level 1:colcon.colcon_core.package_identification:_identify(launch) by extension 'ignore'
[2.096s] Level 1:colcon.colcon_core.package_identification:_identify(launch) by extension 'ignore_ament_install'
[2.097s] Level 1:colcon.colcon_core.package_identification:_identify(launch) by extensions ['colcon_pkg']
[2.097s] Level 1:colcon.colcon_core.package_identification:_identify(launch) by extension 'colcon_pkg'
[2.097s] Level 1:colcon.colcon_core.package_identification:_identify(launch) by extensions ['colcon_meta']
[2.097s] Level 1:colcon.colcon_core.package_identification:_identify(launch) by extension 'colcon_meta'
[2.097s] Level 1:colcon.colcon_core.package_identification:_identify(launch) by extensions ['ros']
[2.097s] Level 1:colcon.colcon_core.package_identification:_identify(launch) by extension 'ros'
[2.098s] Level 1:colcon.colcon_core.package_identification:_identify(launch) by extensions ['cmake', 'python']
[2.098s] Level 1:colcon.colcon_core.package_identification:_identify(launch) by extension 'cmake'
[2.098s] Level 1:colcon.colcon_core.package_identification:_identify(launch) by extension 'python'
[2.098s] Level 1:colcon.colcon_core.package_identification:_identify(launch) by extensions ['python_setup_py']
[2.098s] Level 1:colcon.colcon_core.package_identification:_identify(launch) by extension 'python_setup_py'
[2.099s] Level 1:colcon.colcon_core.package_identification:_identify(launch/__pycache__) by extensions ['ignore', 'ignore_ament_install']
[2.099s] Level 1:colcon.colcon_core.package_identification:_identify(launch/__pycache__) by extension 'ignore'
[2.100s] Level 1:colcon.colcon_core.package_identification:_identify(launch/__pycache__) by extension 'ignore_ament_install'
[2.100s] Level 1:colcon.colcon_core.package_identification:_identify(launch/__pycache__) by extensions ['colcon_pkg']
[2.100s] Level 1:colcon.colcon_core.package_identification:_identify(launch/__pycache__) by extension 'colcon_pkg'
[2.100s] Level 1:colcon.colcon_core.package_identification:_identify(launch/__pycache__) by extensions ['colcon_meta']
[2.100s] Level 1:colcon.colcon_core.package_identification:_identify(launch/__pycache__) by extension 'colcon_meta'
[2.100s] Level 1:colcon.colcon_core.package_identification:_identify(launch/__pycache__) by extensions ['ros']
[2.101s] Level 1:colcon.colcon_core.package_identification:_identify(launch/__pycache__) by extension 'ros'
[2.101s] Level 1:colcon.colcon_core.package_identification:_identify(launch/__pycache__) by extensions ['cmake', 'python']
[2.101s] Level 1:colcon.colcon_core.package_identification:_identify(launch/__pycache__) by extension 'cmake'
[2.101s] Level 1:colcon.colcon_core.package_identification:_identify(launch/__pycache__) by extension 'python'
[2.101s] Level 1:colcon.colcon_core.package_identification:_identify(launch/__pycache__) by extensions ['python_setup_py']
[2.102s] Level 1:colcon.colcon_core.package_identification:_identify(launch/__pycache__) by extension 'python_setup_py'
[2.105s] Level 1:colcon.colcon_core.package_identification:_identify(log) by extensions ['ignore', 'ignore_ament_install']
[2.106s] Level 1:colcon.colcon_core.package_identification:_identify(log) by extension 'ignore'
[2.106s] Level 1:colcon.colcon_core.package_identification:_identify(log) ignored
[2.106s] Level 1:colcon.colcon_core.package_identification:_identify(src) by extensions ['ignore', 'ignore_ament_install']
[2.107s] Level 1:colcon.colcon_core.package_identification:_identify(src) by extension 'ignore'
[2.107s] Level 1:colcon.colcon_core.package_identification:_identify(src) by extension 'ignore_ament_install'
[2.107s] Level 1:colcon.colcon_core.package_identification:_identify(src) by extensions ['colcon_pkg']
[2.107s] Level 1:colcon.colcon_core.package_identification:_identify(src) by extension 'colcon_pkg'
[2.108s] Level 1:colcon.colcon_core.package_identification:_identify(src) by extensions ['colcon_meta']
[2.108s] Level 1:colcon.colcon_core.package_identification:_identify(src) by extension 'colcon_meta'
[2.108s] Level 1:colcon.colcon_core.package_identification:_identify(src) by extensions ['ros']
[2.108s] Level 1:colcon.colcon_core.package_identification:_identify(src) by extension 'ros'
[2.108s] Level 1:colcon.colcon_core.package_identification:_identify(src) by extensions ['cmake', 'python']
[2.109s] Level 1:colcon.colcon_core.package_identification:_identify(src) by extension 'cmake'
[2.109s] Level 1:colcon.colcon_core.package_identification:_identify(src) by extension 'python'
[2.109s] Level 1:colcon.colcon_core.package_identification:_identify(src) by extensions ['python_setup_py']
[2.109s] Level 1:colcon.colcon_core.package_identification:_identify(src) by extension 'python_setup_py'
[2.110s] Level 1:colcon.colcon_core.package_identification:_identify(src/build) by extensions ['ignore', 'ignore_ament_install']
[2.110s] Level 1:colcon.colcon_core.package_identification:_identify(src/build) by extension 'ignore'
[2.110s] Level 1:colcon.colcon_core.package_identification:_identify(src/build) ignored
[2.111s] Level 1:colcon.colcon_core.package_identification:_identify(src/hardware) by extensions ['ignore', 'ignore_ament_install']
[2.111s] Level 1:colcon.colcon_core.package_identification:_identify(src/hardware) by extension 'ignore'
[2.111s] Level 1:colcon.colcon_core.package_identification:_identify(src/hardware) by extension 'ignore_ament_install'
[2.111s] Level 1:colcon.colcon_core.package_identification:_identify(src/hardware) by extensions ['colcon_pkg']
[2.112s] Level 1:colcon.colcon_core.package_identification:_identify(src/hardware) by extension 'colcon_pkg'
[2.112s] Level 1:colcon.colcon_core.package_identification:_identify(src/hardware) by extensions ['colcon_meta']
[2.112s] Level 1:colcon.colcon_core.package_identification:_identify(src/hardware) by extension 'colcon_meta'
[2.112s] Level 1:colcon.colcon_core.package_identification:_identify(src/hardware) by extensions ['ros']
[2.112s] Level 1:colcon.colcon_core.package_identification:_identify(src/hardware) by extension 'ros'
[2.113s] Level 1:colcon.colcon_core.package_identification:_identify(src/hardware) by extensions ['cmake', 'python']
[2.113s] Level 1:colcon.colcon_core.package_identification:_identify(src/hardware) by extension 'cmake'
[2.113s] Level 1:colcon.colcon_core.package_identification:_identify(src/hardware) by extension 'python'
[2.113s] Level 1:colcon.colcon_core.package_identification:_identify(src/hardware) by extensions ['python_setup_py']
[2.113s] Level 1:colcon.colcon_core.package_identification:_identify(src/hardware) by extension 'python_setup_py'
[2.114s] Level 1:colcon.colcon_core.package_identification:_identify(src/hardware/servo) by extensions ['ignore', 'ignore_ament_install']
[2.114s] Level 1:colcon.colcon_core.package_identification:_identify(src/hardware/servo) by extension 'ignore'
[2.114s] Level 1:colcon.colcon_core.package_identification:_identify(src/hardware/servo) by extension 'ignore_ament_install'
[2.115s] Level 1:colcon.colcon_core.package_identification:_identify(src/hardware/servo) by extensions ['colcon_pkg']
[2.115s] Level 1:colcon.colcon_core.package_identification:_identify(src/hardware/servo) by extension 'colcon_pkg'
[2.115s] Level 1:colcon.colcon_core.package_identification:_identify(src/hardware/servo) by extensions ['colcon_meta']
[2.115s] Level 1:colcon.colcon_core.package_identification:_identify(src/hardware/servo) by extension 'colcon_meta'
[2.115s] Level 1:colcon.colcon_core.package_identification:_identify(src/hardware/servo) by extensions ['ros']
[2.115s] Level 1:colcon.colcon_core.package_identification:_identify(src/hardware/servo) by extension 'ros'
[2.127s] DEBUG:colcon.colcon_core.package_identification:Package 'src/hardware/servo' with type 'ros.ament_python' and name 'servo'
[2.128s] Level 1:colcon.colcon_core.package_identification:_identify(src/hardware/webcam) by extensions ['ignore', 'ignore_ament_install']
[2.129s] Level 1:colcon.colcon_core.package_identification:_identify(src/hardware/webcam) by extension 'ignore'
[2.129s] Level 1:colcon.colcon_core.package_identification:_identify(src/hardware/webcam) by extension 'ignore_ament_install'
[2.129s] Level 1:colcon.colcon_core.package_identification:_identify(src/hardware/webcam) by extensions ['colcon_pkg']
[2.129s] Level 1:colcon.colcon_core.package_identification:_identify(src/hardware/webcam) by extension 'colcon_pkg'
[2.130s] Level 1:colcon.colcon_core.package_identification:_identify(src/hardware/webcam) by extensions ['colcon_meta']
[2.130s] Level 1:colcon.colcon_core.package_identification:_identify(src/hardware/webcam) by extension 'colcon_meta'
[2.130s] Level 1:colcon.colcon_core.package_identification:_identify(src/hardware/webcam) by extensions ['ros']
[2.130s] Level 1:colcon.colcon_core.package_identification:_identify(src/hardware/webcam) by extension 'ros'
[2.133s] DEBUG:colcon.colcon_core.package_identification:Package 'src/hardware/webcam' with type 'ros.ament_python' and name 'webcam'
[2.134s] Level 1:colcon.colcon_core.package_identification:_identify(src/hardware/webcam_recorted) by extensions ['ignore', 'ignore_ament_install']
[2.134s] Level 1:colcon.colcon_core.package_identification:_identify(src/hardware/webcam_recorted) by extension 'ignore'
[2.134s] Level 1:colcon.colcon_core.package_identification:_identify(src/hardware/webcam_recorted) by extension 'ignore_ament_install'
[2.135s] Level 1:colcon.colcon_core.package_identification:_identify(src/hardware/webcam_recorted) by extensions ['colcon_pkg']
[2.135s] Level 1:colcon.colcon_core.package_identification:_identify(src/hardware/webcam_recorted) by extension 'colcon_pkg'
[2.135s] Level 1:colcon.colcon_core.package_identification:_identify(src/hardware/webcam_recorted) by extensions ['colcon_meta']
[2.136s] Level 1:colcon.colcon_core.package_identification:_identify(src/hardware/webcam_recorted) by extension 'colcon_meta'
[2.136s] Level 1:colcon.colcon_core.package_identification:_identify(src/hardware/webcam_recorted) by extensions ['ros']
[2.136s] Level 1:colcon.colcon_core.package_identification:_identify(src/hardware/webcam_recorted) by extension 'ros'
[2.139s] DEBUG:colcon.colcon_core.package_identification:Package 'src/hardware/webcam_recorted' with type 'ros.ament_python' and name 'webcam_recorted'
[2.140s] Level 1:colcon.colcon_core.package_identification:_identify(src/hardware/ydlidar_client) by extensions ['ignore', 'ignore_ament_install']
[2.140s] Level 1:colcon.colcon_core.package_identification:_identify(src/hardware/ydlidar_client) by extension 'ignore'
[2.140s] Level 1:colcon.colcon_core.package_identification:_identify(src/hardware/ydlidar_client) by extension 'ignore_ament_install'
[2.141s] Level 1:colcon.colcon_core.package_identification:_identify(src/hardware/ydlidar_client) by extensions ['colcon_pkg']
[2.141s] Level 1:colcon.colcon_core.package_identification:_identify(src/hardware/ydlidar_client) by extension 'colcon_pkg'
[2.141s] Level 1:colcon.colcon_core.package_identification:_identify(src/hardware/ydlidar_client) by extensions ['colcon_meta']
[2.141s] Level 1:colcon.colcon_core.package_identification:_identify(src/hardware/ydlidar_client) by extension 'colcon_meta'
[2.141s] Level 1:colcon.colcon_core.package_identification:_identify(src/hardware/ydlidar_client) by extensions ['ros']
[2.141s] Level 1:colcon.colcon_core.package_identification:_identify(src/hardware/ydlidar_client) by extension 'ros'
[2.145s] DEBUG:colcon.colcon_core.package_identification:Package 'src/hardware/ydlidar_client' with type 'ros.ament_python' and name 'ydlidar_client'
[2.145s] Level 1:colcon.colcon_core.package_identification:_identify(src/hardware/ydlidar_ros2_driver) by extensions ['ignore', 'ignore_ament_install']
[2.146s] Level 1:colcon.colcon_core.package_identification:_identify(src/hardware/ydlidar_ros2_driver) by extension 'ignore'
[2.146s] Level 1:colcon.colcon_core.package_identification:_identify(src/hardware/ydlidar_ros2_driver) by extension 'ignore_ament_install'
[2.146s] Level 1:colcon.colcon_core.package_identification:_identify(src/hardware/ydlidar_ros2_driver) by extensions ['colcon_pkg']
[2.147s] Level 1:colcon.colcon_core.package_identification:_identify(src/hardware/ydlidar_ros2_driver) by extension 'colcon_pkg'
[2.147s] Level 1:colcon.colcon_core.package_identification:_identify(src/hardware/ydlidar_ros2_driver) by extensions ['colcon_meta']
[2.147s] Level 1:colcon.colcon_core.package_identification:_identify(src/hardware/ydlidar_ros2_driver) by extension 'colcon_meta'
[2.147s] Level 1:colcon.colcon_core.package_identification:_identify(src/hardware/ydlidar_ros2_driver) by extensions ['ros']
[2.147s] Level 1:colcon.colcon_core.package_identification:_identify(src/hardware/ydlidar_ros2_driver) by extension 'ros'
[2.148s] Level 1:colcon.colcon_core.package_identification:_identify(src/hardware/ydlidar_ros2_driver) by extensions ['cmake', 'python']
[2.148s] Level 1:colcon.colcon_core.package_identification:_identify(src/hardware/ydlidar_ros2_driver) by extension 'cmake'
[2.148s] Level 1:colcon.colcon_core.package_identification:_identify(src/hardware/ydlidar_ros2_driver) by extension 'python'
[2.148s] Level 1:colcon.colcon_core.package_identification:_identify(src/hardware/ydlidar_ros2_driver) by extensions ['python_setup_py']
[2.149s] Level 1:colcon.colcon_core.package_identification:_identify(src/hardware/ydlidar_ros2_driver) by extension 'python_setup_py'
[2.149s] Level 1:colcon.colcon_core.package_identification:_identify(src/install) by extensions ['ignore', 'ignore_ament_install']
[2.150s] Level 1:colcon.colcon_core.package_identification:_identify(src/install) by extension 'ignore'
[2.150s] Level 1:colcon.colcon_core.package_identification:_identify(src/install) ignored
[2.150s] Level 1:colcon.colcon_core.package_identification:_identify(src/log) by extensions ['ignore', 'ignore_ament_install']
[2.151s] Level 1:colcon.colcon_core.package_identification:_identify(src/log) by extension 'ignore'
[2.151s] Level 1:colcon.colcon_core.package_identification:_identify(src/log) ignored
[2.151s] Level 1:colcon.colcon_core.package_identification:_identify(src/vision) by extensions ['ignore', 'ignore_ament_install']
[2.152s] Level 1:colcon.colcon_core.package_identification:_identify(src/vision) by extension 'ignore'
[2.152s] Level 1:colcon.colcon_core.package_identification:_identify(src/vision) by extension 'ignore_ament_install'
[2.152s] Level 1:colcon.colcon_core.package_identification:_identify(src/vision) by extensions ['colcon_pkg']
[2.153s] Level 1:colcon.colcon_core.package_identification:_identify(src/vision) by extension 'colcon_pkg'
[2.153s] Level 1:colcon.colcon_core.package_identification:_identify(src/vision) by extensions ['colcon_meta']
[2.153s] Level 1:colcon.colcon_core.package_identification:_identify(src/vision) by extension 'colcon_meta'
[2.153s] Level 1:colcon.colcon_core.package_identification:_identify(src/vision) by extensions ['ros']
[2.153s] Level 1:colcon.colcon_core.package_identification:_identify(src/vision) by extension 'ros'
[2.154s] Level 1:colcon.colcon_core.package_identification:_identify(src/vision) by extensions ['cmake', 'python']
[2.154s] Level 1:colcon.colcon_core.package_identification:_identify(src/vision) by extension 'cmake'
[2.154s] Level 1:colcon.colcon_core.package_identification:_identify(src/vision) by extension 'python'
[2.154s] Level 1:colcon.colcon_core.package_identification:_identify(src/vision) by extensions ['python_setup_py']
[2.154s] Level 1:colcon.colcon_core.package_identification:_identify(src/vision) by extension 'python_setup_py'
[2.155s] Level 1:colcon.colcon_core.package_identification:_identify(src/vision/lane_angle) by extensions ['ignore', 'ignore_ament_install']
[2.155s] Level 1:colcon.colcon_core.package_identification:_identify(src/vision/lane_angle) by extension 'ignore'
[2.156s] Level 1:colcon.colcon_core.package_identification:_identify(src/vision/lane_angle) by extension 'ignore_ament_install'
[2.156s] Level 1:colcon.colcon_core.package_identification:_identify(src/vision/lane_angle) by extensions ['colcon_pkg']
[2.156s] Level 1:colcon.colcon_core.package_identification:_identify(src/vision/lane_angle) by extension 'colcon_pkg'
[2.156s] Level 1:colcon.colcon_core.package_identification:_identify(src/vision/lane_angle) by extensions ['colcon_meta']
[2.156s] Level 1:colcon.colcon_core.package_identification:_identify(src/vision/lane_angle) by extension 'colcon_meta'
[2.157s] Level 1:colcon.colcon_core.package_identification:_identify(src/vision/lane_angle) by extensions ['ros']
[2.157s] Level 1:colcon.colcon_core.package_identification:_identify(src/vision/lane_angle) by extension 'ros'
[2.159s] DEBUG:colcon.colcon_core.package_identification:Package 'src/vision/lane_angle' with type 'ros.ament_python' and name 'lane_angle'
[2.160s] Level 1:colcon.colcon_core.package_identification:_identify(src/vision/lane_detector) by extensions ['ignore', 'ignore_ament_install']
[2.161s] Level 1:colcon.colcon_core.package_identification:_identify(src/vision/lane_detector) by extension 'ignore'
[2.161s] Level 1:colcon.colcon_core.package_identification:_identify(src/vision/lane_detector) by extension 'ignore_ament_install'
[2.161s] Level 1:colcon.colcon_core.package_identification:_identify(src/vision/lane_detector) by extensions ['colcon_pkg']
[2.161s] Level 1:colcon.colcon_core.package_identification:_identify(src/vision/lane_detector) by extension 'colcon_pkg'
[2.161s] Level 1:colcon.colcon_core.package_identification:_identify(src/vision/lane_detector) by extensions ['colcon_meta']
[2.162s] Level 1:colcon.colcon_core.package_identification:_identify(src/vision/lane_detector) by extension 'colcon_meta'
[2.162s] Level 1:colcon.colcon_core.package_identification:_identify(src/vision/lane_detector) by extensions ['ros']
[2.162s] Level 1:colcon.colcon_core.package_identification:_identify(src/vision/lane_detector) by extension 'ros'
[2.165s] DEBUG:colcon.colcon_core.package_identification:Package 'src/vision/lane_detector' with type 'ros.ament_python' and name 'lane_detector'
[2.165s] Level 1:colcon.colcon_core.package_identification:_identify(src/vision/prueba_angle) by extensions ['ignore', 'ignore_ament_install']
[2.166s] Level 1:colcon.colcon_core.package_identification:_identify(src/vision/prueba_angle) by extension 'ignore'
[2.166s] Level 1:colcon.colcon_core.package_identification:_identify(src/vision/prueba_angle) by extension 'ignore_ament_install'
[2.166s] Level 1:colcon.colcon_core.package_identification:_identify(src/vision/prueba_angle) by extensions ['colcon_pkg']
[2.167s] Level 1:colcon.colcon_core.package_identification:_identify(src/vision/prueba_angle) by extension 'colcon_pkg'
[2.167s] Level 1:colcon.colcon_core.package_identification:_identify(src/vision/prueba_angle) by extensions ['colcon_meta']
[2.167s] Level 1:colcon.colcon_core.package_identification:_identify(src/vision/prueba_angle) by extension 'colcon_meta'
[2.168s] Level 1:colcon.colcon_core.package_identification:_identify(src/vision/prueba_angle) by extensions ['ros']
[2.168s] Level 1:colcon.colcon_core.package_identification:_identify(src/vision/prueba_angle) by extension 'ros'
[2.171s] DEBUG:colcon.colcon_core.package_identification:Package 'src/vision/prueba_angle' with type 'ros.ament_python' and name 'prueba_angle'
[2.172s] Level 1:colcon.colcon_core.package_identification:_identify(src/vision/red_vision) by extensions ['ignore', 'ignore_ament_install']
[2.173s] Level 1:colcon.colcon_core.package_identification:_identify(src/vision/red_vision) by extension 'ignore'
[2.173s] Level 1:colcon.colcon_core.package_identification:_identify(src/vision/red_vision) by extension 'ignore_ament_install'
[2.173s] Level 1:colcon.colcon_core.package_identification:_identify(src/vision/red_vision) by extensions ['colcon_pkg']
[2.173s] Level 1:colcon.colcon_core.package_identification:_identify(src/vision/red_vision) by extension 'colcon_pkg'
[2.174s] Level 1:colcon.colcon_core.package_identification:_identify(src/vision/red_vision) by extensions ['colcon_meta']
[2.174s] Level 1:colcon.colcon_core.package_identification:_identify(src/vision/red_vision) by extension 'colcon_meta'
[2.174s] Level 1:colcon.colcon_core.package_identification:_identify(src/vision/red_vision) by extensions ['ros']
[2.174s] Level 1:colcon.colcon_core.package_identification:_identify(src/vision/red_vision) by extension 'ros'
[2.177s] DEBUG:colcon.colcon_core.package_identification:Package 'src/vision/red_vision' with type 'ros.ament_python' and name 'red_vision'
[2.178s] Level 1:colcon.colcon_core.package_identification:_identify(src/vision/senal_detector) by extensions ['ignore', 'ignore_ament_install']
[2.178s] Level 1:colcon.colcon_core.package_identification:_identify(src/vision/senal_detector) by extension 'ignore'
[2.178s] Level 1:colcon.colcon_core.package_identification:_identify(src/vision/senal_detector) by extension 'ignore_ament_install'
[2.179s] Level 1:colcon.colcon_core.package_identification:_identify(src/vision/senal_detector) by extensions ['colcon_pkg']
[2.179s] Level 1:colcon.colcon_core.package_identification:_identify(src/vision/senal_detector) by extension 'colcon_pkg'
[2.179s] Level 1:colcon.colcon_core.package_identification:_identify(src/vision/senal_detector) by extensions ['colcon_meta']
[2.179s] Level 1:colcon.colcon_core.package_identification:_identify(src/vision/senal_detector) by extension 'colcon_meta'
[2.179s] Level 1:colcon.colcon_core.package_identification:_identify(src/vision/senal_detector) by extensions ['ros']
[2.179s] Level 1:colcon.colcon_core.package_identification:_identify(src/vision/senal_detector) by extension 'ros'
[2.182s] DEBUG:colcon.colcon_core.package_identification:Package 'src/vision/senal_detector' with type 'ros.ament_python' and name 'senal_detector'
[2.182s] Level 1:colcon.colcon_core.package_discovery:discover_packages(recursive) using defaults
[2.182s] Level 1:colcon.colcon_core.package_discovery:discover_packages(ignore) discover
[2.183s] Level 1:colcon.colcon_core.package_discovery:discover_packages(ignore) using defaults
[2.183s] Level 1:colcon.colcon_core.package_discovery:discover_packages(path) discover
[2.183s] Level 1:colcon.colcon_core.package_discovery:discover_packages(path) using defaults
[2.309s] Level 1:colcon.colcon_core.package_discovery:discover_packages(prefix_path) check parameters
[2.309s] Level 1:colcon.colcon_core.package_discovery:discover_packages(prefix_path) discover
[2.327s] DEBUG:colcon.colcon_installed_package_information.package_discovery:Found 13 installed packages in /home/crofi/AutoModelCrofi/ros2_ws/install
[2.386s] DEBUG:colcon.colcon_installed_package_information.package_discovery:Found 341 installed packages in /home/crofi/ros2_humble/ros2-linux
[2.401s] DEBUG:colcon.colcon_installed_package_information.package_discovery:Found 56 installed packages in /opt/ros/humble
[2.412s] Level 1:colcon.colcon_core.package_discovery:discover_packages(prefix_path) using defaults
[2.714s] Level 5:colcon.colcon_core.verb:set package 'lane_angle' build argument 'cmake_args' from command line to 'None'
[2.714s] Level 5:colcon.colcon_core.verb:set package 'lane_angle' build argument 'cmake_target' from command line to 'None'
[2.714s] Level 5:colcon.colcon_core.verb:set package 'lane_angle' build argument 'cmake_target_skip_unavailable' from command line to 'False'
[2.714s] Level 5:colcon.colcon_core.verb:set package 'lane_angle' build argument 'cmake_clean_cache' from command line to 'False'
[2.714s] Level 5:colcon.colcon_core.verb:set package 'lane_angle' build argument 'cmake_clean_first' from command line to 'False'
[2.714s] Level 5:colcon.colcon_core.verb:set package 'lane_angle' build argument 'cmake_force_configure' from command line to 'False'
[2.715s] Level 5:colcon.colcon_core.verb:set package 'lane_angle' build argument 'ament_cmake_args' from command line to 'None'
[2.715s] Level 5:colcon.colcon_core.verb:set package 'lane_angle' build argument 'catkin_cmake_args' from command line to 'None'
[2.715s] Level 5:colcon.colcon_core.verb:set package 'lane_angle' build argument 'catkin_skip_building_tests' from command line to 'False'
[2.715s] DEBUG:colcon.colcon_core.verb:Building package 'lane_angle' with the following arguments: {'ament_cmake_args': None, 'build_base': '/home/crofi/AutoModelCrofi/ros2_ws/build/lane_angle', 'catkin_cmake_args': None, 'catkin_skip_building_tests': False, 'cmake_args': None, 'cmake_clean_cache': False, 'cmake_clean_first': False, 'cmake_force_configure': False, 'cmake_target': None, 'cmake_target_skip_unavailable': False, 'install_base': '/home/crofi/AutoModelCrofi/ros2_ws/install/lane_angle', 'merge_install': False, 'path': '/home/crofi/AutoModelCrofi/ros2_ws/src/vision/lane_angle', 'symlink_install': True, 'test_result_base': None}
[2.717s] Level 5:colcon.colcon_core.verb:set package 'lane_detector' build argument 'cmake_args' from command line to 'None'
[2.717s] Level 5:colcon.colcon_core.verb:set package 'lane_detector' build argument 'cmake_target' from command line to 'None'
[2.717s] Level 5:colcon.colcon_core.verb:set package 'lane_detector' build argument 'cmake_target_skip_unavailable' from command line to 'False'
[2.717s] Level 5:colcon.colcon_core.verb:set package 'lane_detector' build argument 'cmake_clean_cache' from command line to 'False'
[2.717s] Level 5:colcon.colcon_core.verb:set package 'lane_detector' build argument 'cmake_clean_first' from command line to 'False'
[2.717s] Level 5:colcon.colcon_core.verb:set package 'lane_detector' build argument 'cmake_force_configure' from command line to 'False'
[2.717s] Level 5:colcon.colcon_core.verb:set package 'lane_detector' build argument 'ament_cmake_args' from command line to 'None'
[2.717s] Level 5:colcon.colcon_core.verb:set package 'lane_detector' build argument 'catkin_cmake_args' from command line to 'None'
[2.718s] Level 5:colcon.colcon_core.verb:set package 'lane_detector' build argument 'catkin_skip_building_tests' from command line to 'False'
[2.718s] DEBUG:colcon.colcon_core.verb:Building package 'lane_detector' with the following arguments: {'ament_cmake_args': None, 'build_base': '/home/crofi/AutoModelCrofi/ros2_ws/build/lane_detector', 'catkin_cmake_args': None, 'catkin_skip_building_tests': False, 'cmake_args': None, 'cmake_clean_cache': False, 'cmake_clean_first': False, 'cmake_force_configure': False, 'cmake_target': None, 'cmake_target_skip_unavailable': False, 'install_base': '/home/crofi/AutoModelCrofi/ros2_ws/install/lane_detector', 'merge_install': False, 'path': '/home/crofi/AutoModelCrofi/ros2_ws/src/vision/lane_detector', 'symlink_install': True, 'test_result_base': None}
[2.719s] Level 5:colcon.colcon_core.verb:set package 'prueba_angle' build argument 'cmake_args' from command line to 'None'
[2.719s] Level 5:colcon.colcon_core.verb:set package 'prueba_angle' build argument 'cmake_target' from command line to 'None'
[2.719s] Level 5:colcon.colcon_core.verb:set package 'prueba_angle' build argument 'cmake_target_skip_unavailable' from command line to 'False'
[2.720s] Level 5:colcon.colcon_core.verb:set package 'prueba_angle' build argument 'cmake_clean_cache' from command line to 'False'
[2.720s] Level 5:colcon.colcon_core.verb:set package 'prueba_angle' build argument 'cmake_clean_first' from command line to 'False'
[2.720s] Level 5:colcon.colcon_core.verb:set package 'prueba_angle' build argument 'cmake_force_configure' from command line to 'False'
[2.720s] Level 5:colcon.colcon_core.verb:set package 'prueba_angle' build argument 'ament_cmake_args' from command line to 'None'
[2.720s] Level 5:colcon.colcon_core.verb:set package 'prueba_angle' build argument 'catkin_cmake_args' from command line to 'None'
[2.720s] Level 5:colcon.colcon_core.verb:set package 'prueba_angle' build argument 'catkin_skip_building_tests' from command line to 'False'
[2.720s] DEBUG:colcon.colcon_core.verb:Building package 'prueba_angle' with the following arguments: {'ament_cmake_args': None, 'build_base': '/home/crofi/AutoModelCrofi/ros2_ws/build/prueba_angle', 'catkin_cmake_args': None, 'catkin_skip_building_tests': False, 'cmake_args': None, 'cmake_clean_cache': False, 'cmake_clean_first': False, 'cmake_force_configure': False, 'cmake_target': None, 'cmake_target_skip_unavailable': False, 'install_base': '/home/crofi/AutoModelCrofi/ros2_ws/install/prueba_angle', 'merge_install': False, 'path': '/home/crofi/AutoModelCrofi/ros2_ws/src/vision/prueba_angle', 'symlink_install': True, 'test_result_base': None}
[2.722s] Level 5:colcon.colcon_core.verb:set package 'red_vision' build argument 'cmake_args' from command line to 'None'
[2.722s] Level 5:colcon.colcon_core.verb:set package 'red_vision' build argument 'cmake_target' from command line to 'None'
[2.722s] Level 5:colcon.colcon_core.verb:set package 'red_vision' build argument 'cmake_target_skip_unavailable' from command line to 'False'
[2.722s] Level 5:colcon.colcon_core.verb:set package 'red_vision' build argument 'cmake_clean_cache' from command line to 'False'
[2.722s] Level 5:colcon.colcon_core.verb:set package 'red_vision' build argument 'cmake_clean_first' from command line to 'False'
[2.722s] Level 5:colcon.colcon_core.verb:set package 'red_vision' build argument 'cmake_force_configure' from command line to 'False'
[2.722s] Level 5:colcon.colcon_core.verb:set package 'red_vision' build argument 'ament_cmake_args' from command line to 'None'
[2.723s] Level 5:colcon.colcon_core.verb:set package 'red_vision' build argument 'catkin_cmake_args' from command line to 'None'
[2.723s] Level 5:colcon.colcon_core.verb:set package 'red_vision' build argument 'catkin_skip_building_tests' from command line to 'False'
[2.723s] DEBUG:colcon.colcon_core.verb:Building package 'red_vision' with the following arguments: {'ament_cmake_args': None, 'build_base': '/home/crofi/AutoModelCrofi/ros2_ws/build/red_vision', 'catkin_cmake_args': None, 'catkin_skip_building_tests': False, 'cmake_args': None, 'cmake_clean_cache': False, 'cmake_clean_first': False, 'cmake_force_configure': False, 'cmake_target': None, 'cmake_target_skip_unavailable': False, 'install_base': '/home/crofi/AutoModelCrofi/ros2_ws/install/red_vision', 'merge_install': False, 'path': '/home/crofi/AutoModelCrofi/ros2_ws/src/vision/red_vision', 'symlink_install': True, 'test_result_base': None}
[2.724s] Level 5:colcon.colcon_core.verb:set package 'senal_detector' build argument 'cmake_args' from command line to 'None'
[2.724s] Level 5:colcon.colcon_core.verb:set package 'senal_detector' build argument 'cmake_target' from command line to 'None'
[2.725s] Level 5:colcon.colcon_core.verb:set package 'senal_detector' build argument 'cmake_target_skip_unavailable' from command line to 'False'
[2.725s] Level 5:colcon.colcon_core.verb:set package 'senal_detector' build argument 'cmake_clean_cache' from command line to 'False'
[2.725s] Level 5:colcon.colcon_core.verb:set package 'senal_detector' build argument 'cmake_clean_first' from command line to 'False'
[2.725s] Level 5:colcon.colcon_core.verb:set package 'senal_detector' build argument 'cmake_force_configure' from command line to 'False'
[2.725s] Level 5:colcon.colcon_core.verb:set package 'senal_detector' build argument 'ament_cmake_args' from command line to 'None'
[2.725s] Level 5:colcon.colcon_core.verb:set package 'senal_detector' build argument 'catkin_cmake_args' from command line to 'None'
[2.725s] Level 5:colcon.colcon_core.verb:set package 'senal_detector' build argument 'catkin_skip_building_tests' from command line to 'False'
[2.725s] DEBUG:colcon.colcon_core.verb:Building package 'senal_detector' with the following arguments: {'ament_cmake_args': None, 'build_base': '/home/crofi/AutoModelCrofi/ros2_ws/build/senal_detector', 'catkin_cmake_args': None, 'catkin_skip_building_tests': False, 'cmake_args': None, 'cmake_clean_cache': False, 'cmake_clean_first': False, 'cmake_force_configure': False, 'cmake_target': None, 'cmake_target_skip_unavailable': False, 'install_base': '/home/crofi/AutoModelCrofi/ros2_ws/install/senal_detector', 'merge_install': False, 'path': '/home/crofi/AutoModelCrofi/ros2_ws/src/vision/senal_detector', 'symlink_install': True, 'test_result_base': None}
[2.727s] Level 5:colcon.colcon_core.verb:set package 'servo' build argument 'cmake_args' from command line to 'None'
[2.727s] Level 5:colcon.colcon_core.verb:set package 'servo' build argument 'cmake_target' from command line to 'None'
[2.727s] Level 5:colcon.colcon_core.verb:set package 'servo' build argument 'cmake_target_skip_unavailable' from command line to 'False'
[2.727s] Level 5:colcon.colcon_core.verb:set package 'servo' build argument 'cmake_clean_cache' from command line to 'False'
[2.727s] Level 5:colcon.colcon_core.verb:set package 'servo' build argument 'cmake_clean_first' from command line to 'False'
[2.727s] Level 5:colcon.colcon_core.verb:set package 'servo' build argument 'cmake_force_configure' from command line to 'False'
[2.727s] Level 5:colcon.colcon_core.verb:set package 'servo' build argument 'ament_cmake_args' from command line to 'None'
[2.728s] Level 5:colcon.colcon_core.verb:set package 'servo' build argument 'catkin_cmake_args' from command line to 'None'
[2.728s] Level 5:colcon.colcon_core.verb:set package 'servo' build argument 'catkin_skip_building_tests' from command line to 'False'
[2.728s] DEBUG:colcon.colcon_core.verb:Building package 'servo' with the following arguments: {'ament_cmake_args': None, 'build_base': '/home/crofi/AutoModelCrofi/ros2_ws/build/servo', 'catkin_cmake_args': None, 'catkin_skip_building_tests': False, 'cmake_args': None, 'cmake_clean_cache': False, 'cmake_clean_first': False, 'cmake_force_configure': False, 'cmake_target': None, 'cmake_target_skip_unavailable': False, 'install_base': '/home/crofi/AutoModelCrofi/ros2_ws/install/servo', 'merge_install': False, 'path': '/home/crofi/AutoModelCrofi/ros2_ws/src/hardware/servo', 'symlink_install': True, 'test_result_base': None}
[2.729s] Level 5:colcon.colcon_core.verb:set package 'webcam' build argument 'cmake_args' from command line to 'None'
[2.729s] Level 5:colcon.colcon_core.verb:set package 'webcam' build argument 'cmake_target' from command line to 'None'
[2.730s] Level 5:colcon.colcon_core.verb:set package 'webcam' build argument 'cmake_target_skip_unavailable' from command line to 'False'
[2.730s] Level 5:colcon.colcon_core.verb:set package 'webcam' build argument 'cmake_clean_cache' from command line to 'False'
[2.730s] Level 5:colcon.colcon_core.verb:set package 'webcam' build argument 'cmake_clean_first' from command line to 'False'
[2.730s] Level 5:colcon.colcon_core.verb:set package 'webcam' build argument 'cmake_force_configure' from command line to 'False'
[2.730s] Level 5:colcon.colcon_core.verb:set package 'webcam' build argument 'ament_cmake_args' from command line to 'None'
[2.730s] Level 5:colcon.colcon_core.verb:set package 'webcam' build argument 'catkin_cmake_args' from command line to 'None'
[2.730s] Level 5:colcon.colcon_core.verb:set package 'webcam' build argument 'catkin_skip_building_tests' from command line to 'False'
[2.730s] DEBUG:colcon.colcon_core.verb:Building package 'webcam' with the following arguments: {'ament_cmake_args': None, 'build_base': '/home/crofi/AutoModelCrofi/ros2_ws/build/webcam', 'catkin_cmake_args': None, 'catkin_skip_building_tests': False, 'cmake_args': None, 'cmake_clean_cache': False, 'cmake_clean_first': False, 'cmake_force_configure': False, 'cmake_target': None, 'cmake_target_skip_unavailable': False, 'install_base': '/home/crofi/AutoModelCrofi/ros2_ws/install/webcam', 'merge_install': False, 'path': '/home/crofi/AutoModelCrofi/ros2_ws/src/hardware/webcam', 'symlink_install': True, 'test_result_base': None}
[2.732s] Level 5:colcon.colcon_core.verb:set package 'webcam_recorted' build argument 'cmake_args' from command line to 'None'
[2.732s] Level 5:colcon.colcon_core.verb:set package 'webcam_recorted' build argument 'cmake_target' from command line to 'None'
[2.732s] Level 5:colcon.colcon_core.verb:set package 'webcam_recorted' build argument 'cmake_target_skip_unavailable' from command line to 'False'
[2.732s] Level 5:colcon.colcon_core.verb:set package 'webcam_recorted' build argument 'cmake_clean_cache' from command line to 'False'
[2.732s] Level 5:colcon.colcon_core.verb:set package 'webcam_recorted' build argument 'cmake_clean_first' from command line to 'False'
[2.732s] Level 5:colcon.colcon_core.verb:set package 'webcam_recorted' build argument 'cmake_force_configure' from command line to 'False'
[2.732s] Level 5:colcon.colcon_core.verb:set package 'webcam_recorted' build argument 'ament_cmake_args' from command line to 'None'
[2.733s] Level 5:colcon.colcon_core.verb:set package 'webcam_recorted' build argument 'catkin_cmake_args' from command line to 'None'
[2.733s] Level 5:colcon.colcon_core.verb:set package 'webcam_recorted' build argument 'catkin_skip_building_tests' from command line to 'False'
[2.733s] DEBUG:colcon.colcon_core.verb:Building package 'webcam_recorted' with the following arguments: {'ament_cmake_args': None, 'build_base': '/home/crofi/AutoModelCrofi/ros2_ws/build/webcam_recorted', 'catkin_cmake_args': None, 'catkin_skip_building_tests': False, 'cmake_args': None, 'cmake_clean_cache': False, 'cmake_clean_first': False, 'cmake_force_configure': False, 'cmake_target': None, 'cmake_target_skip_unavailable': False, 'install_base': '/home/crofi/AutoModelCrofi/ros2_ws/install/webcam_recorted', 'merge_install': False, 'path': '/home/crofi/AutoModelCrofi/ros2_ws/src/hardware/webcam_recorted', 'symlink_install': True, 'test_result_base': None}
[2.734s] Level 5:colcon.colcon_core.verb:set package 'ydlidar_client' build argument 'cmake_args' from command line to 'None'
[2.734s] Level 5:colcon.colcon_core.verb:set package 'ydlidar_client' build argument 'cmake_target' from command line to 'None'
[2.735s] Level 5:colcon.colcon_core.verb:set package 'ydlidar_client' build argument 'cmake_target_skip_unavailable' from command line to 'False'
[2.735s] Level 5:colcon.colcon_core.verb:set package 'ydlidar_client' build argument 'cmake_clean_cache' from command line to 'False'
[2.735s] Level 5:colcon.colcon_core.verb:set package 'ydlidar_client' build argument 'cmake_clean_first' from command line to 'False'
[2.735s] Level 5:colcon.colcon_core.verb:set package 'ydlidar_client' build argument 'cmake_force_configure' from command line to 'False'
[2.735s] Level 5:colcon.colcon_core.verb:set package 'ydlidar_client' build argument 'ament_cmake_args' from command line to 'None'
[2.735s] Level 5:colcon.colcon_core.verb:set package 'ydlidar_client' build argument 'catkin_cmake_args' from command line to 'None'
[2.735s] Level 5:colcon.colcon_core.verb:set package 'ydlidar_client' build argument 'catkin_skip_building_tests' from command line to 'False'
[2.735s] DEBUG:colcon.colcon_core.verb:Building package 'ydlidar_client' with the following arguments: {'ament_cmake_args': None, 'build_base': '/home/crofi/AutoModelCrofi/ros2_ws/build/ydlidar_client', 'catkin_cmake_args': None, 'catkin_skip_building_tests': False, 'cmake_args': None, 'cmake_clean_cache': False, 'cmake_clean_first': False, 'cmake_force_configure': False, 'cmake_target': None, 'cmake_target_skip_unavailable': False, 'install_base': '/home/crofi/AutoModelCrofi/ros2_ws/install/ydlidar_client', 'merge_install': False, 'path': '/home/crofi/AutoModelCrofi/ros2_ws/src/hardware/ydlidar_client', 'symlink_install': True, 'test_result_base': None}
[2.736s] INFO:colcon.colcon_core.executor:Executing jobs using 'parallel' executor
[2.739s] DEBUG:colcon.colcon_parallel_executor.executor.parallel:run_until_complete
[2.740s] INFO:colcon.colcon_ros.task.ament_python.build:Building ROS package in '/home/crofi/AutoModelCrofi/ros2_ws/src/vision/lane_angle' with build type 'ament_python'
[2.741s] Level 1:colcon.colcon_core.shell:create_environment_hook('lane_angle', 'ament_prefix_path')
[2.758s] INFO:colcon.colcon_core.plugin_system:Skipping extension 'colcon_core.shell.bat': Not used on non-Windows systems
[2.759s] INFO:colcon.colcon_core.shell:Creating environment hook '/home/crofi/AutoModelCrofi/ros2_ws/install/lane_angle/share/lane_angle/hook/ament_prefix_path.ps1'
[2.762s] INFO:colcon.colcon_core.shell:Creating environment descriptor '/home/crofi/AutoModelCrofi/ros2_ws/install/lane_angle/share/lane_angle/hook/ament_prefix_path.dsv'
[2.766s] INFO:colcon.colcon_core.shell:Creating environment hook '/home/crofi/AutoModelCrofi/ros2_ws/install/lane_angle/share/lane_angle/hook/ament_prefix_path.sh'
[2.770s] INFO:colcon.colcon_core.shell:Skip shell extension 'powershell' for command environment: Not usable outside of PowerShell
[2.771s] DEBUG:colcon.colcon_core.shell:Skip shell extension 'dsv' for command environment
[2.836s] INFO:colcon.colcon_ros.task.ament_python.build:Building ROS package in '/home/crofi/AutoModelCrofi/ros2_ws/src/vision/lane_detector' with build type 'ament_python'
[2.837s] Level 1:colcon.colcon_core.shell:create_environment_hook('lane_detector', 'ament_prefix_path')
[2.838s] INFO:colcon.colcon_core.shell:Creating environment hook '/home/crofi/AutoModelCrofi/ros2_ws/install/lane_detector/share/lane_detector/hook/ament_prefix_path.ps1'
[2.842s] INFO:colcon.colcon_core.shell:Creating environment descriptor '/home/crofi/AutoModelCrofi/ros2_ws/install/lane_detector/share/lane_detector/hook/ament_prefix_path.dsv'
[2.845s] INFO:colcon.colcon_core.shell:Creating environment hook '/home/crofi/AutoModelCrofi/ros2_ws/install/lane_detector/share/lane_detector/hook/ament_prefix_path.sh'
[2.848s] INFO:colcon.colcon_core.shell:Skip shell extension 'powershell' for command environment: Not usable outside of PowerShell
[2.848s] DEBUG:colcon.colcon_core.shell:Skip shell extension 'dsv' for command environment
[2.913s] INFO:colcon.colcon_ros.task.ament_python.build:Building ROS package in '/home/crofi/AutoModelCrofi/ros2_ws/src/vision/prueba_angle' with build type 'ament_python'
[2.914s] Level 1:colcon.colcon_core.shell:create_environment_hook('prueba_angle', 'ament_prefix_path')
[2.916s] INFO:colcon.colcon_core.shell:Creating environment hook '/home/crofi/AutoModelCrofi/ros2_ws/install/prueba_angle/share/prueba_angle/hook/ament_prefix_path.ps1'
[2.919s] INFO:colcon.colcon_core.shell:Creating environment descriptor '/home/crofi/AutoModelCrofi/ros2_ws/install/prueba_angle/share/prueba_angle/hook/ament_prefix_path.dsv'
[2.922s] INFO:colcon.colcon_core.shell:Creating environment hook '/home/crofi/AutoModelCrofi/ros2_ws/install/prueba_angle/share/prueba_angle/hook/ament_prefix_path.sh'
[2.926s] INFO:colcon.colcon_core.shell:Skip shell extension 'powershell' for command environment: Not usable outside of PowerShell
[2.927s] DEBUG:colcon.colcon_core.shell:Skip shell extension 'dsv' for command environment
[2.992s] INFO:colcon.colcon_ros.task.ament_python.build:Building ROS package in '/home/crofi/AutoModelCrofi/ros2_ws/src/vision/red_vision' with build type 'ament_python'
[2.994s] Level 1:colcon.colcon_core.shell:create_environment_hook('red_vision', 'ament_prefix_path')
[2.995s] INFO:colcon.colcon_core.shell:Creating environment hook '/home/crofi/AutoModelCrofi/ros2_ws/install/red_vision/share/red_vision/hook/ament_prefix_path.ps1'
[2.999s] INFO:colcon.colcon_core.shell:Creating environment descriptor '/home/crofi/AutoModelCrofi/ros2_ws/install/red_vision/share/red_vision/hook/ament_prefix_path.dsv'
[3.002s] INFO:colcon.colcon_core.shell:Creating environment hook '/home/crofi/AutoModelCrofi/ros2_ws/install/red_vision/share/red_vision/hook/ament_prefix_path.sh'
[3.005s] INFO:colcon.colcon_core.shell:Skip shell extension 'powershell' for command environment: Not usable outside of PowerShell
[3.005s] DEBUG:colcon.colcon_core.shell:Skip shell extension 'dsv' for command environment
[4.536s] INFO:colcon.colcon_core.task.python.build:Building Python package in '/home/crofi/AutoModelCrofi/ros2_ws/src/vision/lane_angle'
[4.537s] INFO:colcon.colcon_core.shell:Skip shell extension 'powershell' for command environment: Not usable outside of PowerShell
[4.537s] DEBUG:colcon.colcon_core.shell:Skip shell extension 'dsv' for command environment
[6.061s] INFO:colcon.colcon_core.task.python.build:Building Python package in '/home/crofi/AutoModelCrofi/ros2_ws/src/vision/lane_detector'
[6.062s] INFO:colcon.colcon_core.shell:Skip shell extension 'powershell' for command environment: Not usable outside of PowerShell
[6.062s] DEBUG:colcon.colcon_core.shell:Skip shell extension 'dsv' for command environment
[7.585s] INFO:colcon.colcon_core.task.python.build:Building Python package in '/home/crofi/AutoModelCrofi/ros2_ws/src/vision/prueba_angle'
[7.586s] INFO:colcon.colcon_core.shell:Skip shell extension 'powershell' for command environment: Not usable outside of PowerShell
[7.586s] DEBUG:colcon.colcon_core.shell:Skip shell extension 'dsv' for command environment
[9.097s] INFO:colcon.colcon_core.task.python.build:Building Python package in '/home/crofi/AutoModelCrofi/ros2_ws/src/vision/red_vision'
[9.098s] INFO:colcon.colcon_core.shell:Skip shell extension 'powershell' for command environment: Not usable outside of PowerShell
[9.098s] DEBUG:colcon.colcon_core.shell:Skip shell extension 'dsv' for command environment
[12.273s] DEBUG:colcon.colcon_core.event_handler.log_command:Invoking command in '/home/crofi/AutoModelCrofi/ros2_ws/build/lane_detector': PYTHONPATH=/home/crofi/AutoModelCrofi/ros2_ws/build/lane_detector/prefix_override:/usr/lib/python3/dist-packages/colcon_core/task/python/colcon_distutils_commands:/home/crofi/AutoModelCrofi/ros2_ws/install/lane_detector/lib/python3.10/site-packages:${PYTHONPATH} /usr/bin/python3 -W ignore:setup.py install is deprecated -W ignore:easy_install command is deprecated setup.py develop --editable --build-directory /home/crofi/AutoModelCrofi/ros2_ws/build/lane_detector/build --no-deps symlink_data
[12.325s] DEBUG:colcon.colcon_core.event_handler.log_command:Invoking command in '/home/crofi/AutoModelCrofi/ros2_ws/build/prueba_angle': PYTHONPATH=/home/crofi/AutoModelCrofi/ros2_ws/build/prueba_angle/prefix_override:/usr/lib/python3/dist-packages/colcon_core/task/python/colcon_distutils_commands:/home/crofi/AutoModelCrofi/ros2_ws/install/prueba_angle/lib/python3.10/site-packages:${PYTHONPATH} /usr/bin/python3 -W ignore:setup.py install is deprecated -W ignore:easy_install command is deprecated setup.py develop --editable --build-directory /home/crofi/AutoModelCrofi/ros2_ws/build/prueba_angle/build --no-deps symlink_data
[12.346s] DEBUG:colcon.colcon_core.event_handler.log_command:Invoking command in '/home/crofi/AutoModelCrofi/ros2_ws/build/lane_angle': PYTHONPATH=/home/crofi/AutoModelCrofi/ros2_ws/build/lane_angle/prefix_override:/usr/lib/python3/dist-packages/colcon_core/task/python/colcon_distutils_commands:/home/crofi/AutoModelCrofi/ros2_ws/install/lane_angle/lib/python3.10/site-packages:${PYTHONPATH} /usr/bin/python3 -W ignore:setup.py install is deprecated -W ignore:easy_install command is deprecated setup.py develop --editable --build-directory /home/crofi/AutoModelCrofi/ros2_ws/build/lane_angle/build --no-deps symlink_data
[12.380s] DEBUG:colcon.colcon_core.event_handler.log_command:Invoking command in '/home/crofi/AutoModelCrofi/ros2_ws/build/red_vision': PYTHONPATH=/home/crofi/AutoModelCrofi/ros2_ws/build/red_vision/prefix_override:/usr/lib/python3/dist-packages/colcon_core/task/python/colcon_distutils_commands:/home/crofi/AutoModelCrofi/ros2_ws/install/red_vision/lib/python3.10/site-packages:${PYTHONPATH} /usr/bin/python3 -W ignore:setup.py install is deprecated -W ignore:easy_install command is deprecated setup.py develop --editable --build-directory /home/crofi/AutoModelCrofi/ros2_ws/build/red_vision/build --no-deps symlink_data
[16.555s] Level 1:colcon.colcon_core.shell:create_environment_hook('prueba_angle', 'pythonpath_develop')
[16.557s] INFO:colcon.colcon_core.shell:Creating environment hook '/home/crofi/AutoModelCrofi/ros2_ws/build/prueba_angle/share/prueba_angle/hook/pythonpath_develop.ps1'
[16.561s] DEBUG:colcon.colcon_core.event_handler.log_command:Invoked command in '/home/crofi/AutoModelCrofi/ros2_ws/build/prueba_angle' returned '0': PYTHONPATH=/home/crofi/AutoModelCrofi/ros2_ws/build/prueba_angle/prefix_override:/usr/lib/python3/dist-packages/colcon_core/task/python/colcon_distutils_commands:/home/crofi/AutoModelCrofi/ros2_ws/install/prueba_angle/lib/python3.10/site-packages:${PYTHONPATH} /usr/bin/python3 -W ignore:setup.py install is deprecated -W ignore:easy_install command is deprecated setup.py develop --editable --build-directory /home/crofi/AutoModelCrofi/ros2_ws/build/prueba_angle/build --no-deps symlink_data
[16.567s] INFO:colcon.colcon_core.shell:Creating environment descriptor '/home/crofi/AutoModelCrofi/ros2_ws/build/prueba_angle/share/prueba_angle/hook/pythonpath_develop.dsv'
[16.571s] INFO:colcon.colcon_core.shell:Creating environment hook '/home/crofi/AutoModelCrofi/ros2_ws/build/prueba_angle/share/prueba_angle/hook/pythonpath_develop.sh'
[16.624s] Level 1:colcon.colcon_core.environment:checking '/home/crofi/AutoModelCrofi/ros2_ws/install/prueba_angle' for CMake module files
[16.628s] Level 1:colcon.colcon_core.environment:checking '/home/crofi/AutoModelCrofi/ros2_ws/install/prueba_angle' for CMake config files
[16.640s] Level 1:colcon.colcon_core.environment:checking '/home/crofi/AutoModelCrofi/ros2_ws/install/prueba_angle/lib'
[16.642s] Level 1:colcon.colcon_core.environment:checking '/home/crofi/AutoModelCrofi/ros2_ws/install/prueba_angle/bin'
[16.644s] Level 1:colcon.colcon_core.environment:checking '/home/crofi/AutoModelCrofi/ros2_ws/install/prueba_angle/lib/pkgconfig/prueba_angle.pc'
[16.647s] Level 1:colcon.colcon_core.environment:checking '/home/crofi/AutoModelCrofi/ros2_ws/install/prueba_angle/lib/python3.10/site-packages'
[16.649s] Level 1:colcon.colcon_core.shell:create_environment_hook('prueba_angle', 'pythonpath')
[16.651s] INFO:colcon.colcon_core.shell:Creating environment hook '/home/crofi/AutoModelCrofi/ros2_ws/install/prueba_angle/share/prueba_angle/hook/pythonpath.ps1'
[16.657s] INFO:colcon.colcon_core.shell:Creating environment descriptor '/home/crofi/AutoModelCrofi/ros2_ws/install/prueba_angle/share/prueba_angle/hook/pythonpath.dsv'
[16.663s] INFO:colcon.colcon_core.shell:Creating environment hook '/home/crofi/AutoModelCrofi/ros2_ws/install/prueba_angle/share/prueba_angle/hook/pythonpath.sh'
[16.670s] Level 1:colcon.colcon_core.environment:checking '/home/crofi/AutoModelCrofi/ros2_ws/install/prueba_angle/bin'
[16.672s] Level 1:colcon.colcon_core.environment:create_environment_scripts_only(prueba_angle)
[16.674s] INFO:colcon.colcon_core.shell:Creating package script '/home/crofi/AutoModelCrofi/ros2_ws/install/prueba_angle/share/prueba_angle/package.ps1'
[16.683s] INFO:colcon.colcon_core.shell:Creating package descriptor '/home/crofi/AutoModelCrofi/ros2_ws/install/prueba_angle/share/prueba_angle/package.dsv'
[16.691s] INFO:colcon.colcon_core.shell:Creating package script '/home/crofi/AutoModelCrofi/ros2_ws/install/prueba_angle/share/prueba_angle/package.sh'
[16.710s] INFO:colcon.colcon_core.shell:Creating package script '/home/crofi/AutoModelCrofi/ros2_ws/install/prueba_angle/share/prueba_angle/package.bash'
[16.724s] INFO:colcon.colcon_core.shell:Creating package script '/home/crofi/AutoModelCrofi/ros2_ws/install/prueba_angle/share/prueba_angle/package.zsh'
[16.742s] Level 1:colcon.colcon_core.environment:create_file_with_runtime_dependencies(/home/crofi/AutoModelCrofi/ros2_ws/install/prueba_angle/share/colcon-core/packages/prueba_angle)
[16.749s] INFO:colcon.colcon_ros.task.ament_python.build:Building ROS package in '/home/crofi/AutoModelCrofi/ros2_ws/src/vision/senal_detector' with build type 'ament_python'
[16.752s] Level 1:colcon.colcon_core.shell:create_environment_hook('senal_detector', 'ament_prefix_path')
[16.756s] INFO:colcon.colcon_core.shell:Creating environment hook '/home/crofi/AutoModelCrofi/ros2_ws/install/senal_detector/share/senal_detector/hook/ament_prefix_path.ps1'
[16.766s] INFO:colcon.colcon_core.shell:Creating environment descriptor '/home/crofi/AutoModelCrofi/ros2_ws/install/senal_detector/share/senal_detector/hook/ament_prefix_path.dsv'
[16.777s] INFO:colcon.colcon_core.shell:Creating environment hook '/home/crofi/AutoModelCrofi/ros2_ws/install/senal_detector/share/senal_detector/hook/ament_prefix_path.sh'
[16.787s] INFO:colcon.colcon_core.shell:Skip shell extension 'powershell' for command environment: Not usable outside of PowerShell
[16.789s] DEBUG:colcon.colcon_core.shell:Skip shell extension 'dsv' for command environment
[16.874s] Level 1:colcon.colcon_core.shell:create_environment_hook('lane_detector', 'pythonpath_develop')
[16.875s] INFO:colcon.colcon_core.shell:Creating environment hook '/home/crofi/AutoModelCrofi/ros2_ws/build/lane_detector/share/lane_detector/hook/pythonpath_develop.ps1'
[16.880s] INFO:colcon.colcon_core.shell:Creating environment descriptor '/home/crofi/AutoModelCrofi/ros2_ws/build/lane_detector/share/lane_detector/hook/pythonpath_develop.dsv'
[16.883s] DEBUG:colcon.colcon_core.event_handler.log_command:Invoked command in '/home/crofi/AutoModelCrofi/ros2_ws/build/lane_detector' returned '0': PYTHONPATH=/home/crofi/AutoModelCrofi/ros2_ws/build/lane_detector/prefix_override:/usr/lib/python3/dist-packages/colcon_core/task/python/colcon_distutils_commands:/home/crofi/AutoModelCrofi/ros2_ws/install/lane_detector/lib/python3.10/site-packages:${PYTHONPATH} /usr/bin/python3 -W ignore:setup.py install is deprecated -W ignore:easy_install command is deprecated setup.py develop --editable --build-directory /home/crofi/AutoModelCrofi/ros2_ws/build/lane_detector/build --no-deps symlink_data
[16.887s] INFO:colcon.colcon_core.shell:Creating environment hook '/home/crofi/AutoModelCrofi/ros2_ws/build/lane_detector/share/lane_detector/hook/pythonpath_develop.sh'
[16.891s] Level 1:colcon.colcon_core.environment:checking '/home/crofi/AutoModelCrofi/ros2_ws/install/lane_detector' for CMake module files
[16.894s] Level 1:colcon.colcon_core.environment:checking '/home/crofi/AutoModelCrofi/ros2_ws/install/lane_detector' for CMake config files
[16.899s] Level 1:colcon.colcon_core.environment:checking '/home/crofi/AutoModelCrofi/ros2_ws/install/lane_detector/lib'
[16.900s] Level 1:colcon.colcon_core.environment:checking '/home/crofi/AutoModelCrofi/ros2_ws/install/lane_detector/bin'
[16.901s] Level 1:colcon.colcon_core.environment:checking '/home/crofi/AutoModelCrofi/ros2_ws/install/lane_detector/lib/pkgconfig/lane_detector.pc'
[16.902s] Level 1:colcon.colcon_core.environment:checking '/home/crofi/AutoModelCrofi/ros2_ws/install/lane_detector/lib/python3.10/site-packages'
[16.903s] Level 1:colcon.colcon_core.shell:create_environment_hook('lane_detector', 'pythonpath')
[16.905s] INFO:colcon.colcon_core.shell:Creating environment hook '/home/crofi/AutoModelCrofi/ros2_ws/install/lane_detector/share/lane_detector/hook/pythonpath.ps1'
[16.908s] INFO:colcon.colcon_core.shell:Creating environment descriptor '/home/crofi/AutoModelCrofi/ros2_ws/install/lane_detector/share/lane_detector/hook/pythonpath.dsv'
[16.910s] INFO:colcon.colcon_core.shell:Creating environment hook '/home/crofi/AutoModelCrofi/ros2_ws/install/lane_detector/share/lane_detector/hook/pythonpath.sh'
[16.914s] Level 1:colcon.colcon_core.environment:checking '/home/crofi/AutoModelCrofi/ros2_ws/install/lane_detector/bin'
[16.914s] Level 1:colcon.colcon_core.environment:create_environment_scripts_only(lane_detector)
[16.916s] INFO:colcon.colcon_core.shell:Creating package script '/home/crofi/AutoModelCrofi/ros2_ws/install/lane_detector/share/lane_detector/package.ps1'
[16.920s] INFO:colcon.colcon_core.shell:Creating package descriptor '/home/crofi/AutoModelCrofi/ros2_ws/install/lane_detector/share/lane_detector/package.dsv'
[16.924s] INFO:colcon.colcon_core.shell:Creating package script '/home/crofi/AutoModelCrofi/ros2_ws/install/lane_detector/share/lane_detector/package.sh'
[16.927s] INFO:colcon.colcon_core.shell:Creating package script '/home/crofi/AutoModelCrofi/ros2_ws/install/lane_detector/share/lane_detector/package.bash'
[16.930s] INFO:colcon.colcon_core.shell:Creating package script '/home/crofi/AutoModelCrofi/ros2_ws/install/lane_detector/share/lane_detector/package.zsh'
[16.932s] Level 1:colcon.colcon_core.environment:create_file_with_runtime_dependencies(/home/crofi/AutoModelCrofi/ros2_ws/install/lane_detector/share/colcon-core/packages/lane_detector)
[16.937s] INFO:colcon.colcon_ros.task.ament_python.build:Building ROS package in '/home/crofi/AutoModelCrofi/ros2_ws/src/hardware/servo' with build type 'ament_python'
[16.938s] Level 1:colcon.colcon_core.shell:create_environment_hook('servo', 'ament_prefix_path')
[16.939s] INFO:colcon.colcon_core.shell:Creating environment hook '/home/crofi/AutoModelCrofi/ros2_ws/install/servo/share/servo/hook/ament_prefix_path.ps1'
[16.944s] INFO:colcon.colcon_core.shell:Creating environment descriptor '/home/crofi/AutoModelCrofi/ros2_ws/install/servo/share/servo/hook/ament_prefix_path.dsv'
[16.947s] INFO:colcon.colcon_core.shell:Creating environment hook '/home/crofi/AutoModelCrofi/ros2_ws/install/servo/share/servo/hook/ament_prefix_path.sh'
[16.951s] INFO:colcon.colcon_core.shell:Skip shell extension 'powershell' for command environment: Not usable outside of PowerShell
[16.952s] DEBUG:colcon.colcon_core.shell:Skip shell extension 'dsv' for command environment
[17.030s] Level 1:colcon.colcon_core.shell:create_environment_hook('lane_angle', 'pythonpath_develop')
[17.033s] DEBUG:colcon.colcon_core.event_handler.log_command:Invoked command in '/home/crofi/AutoModelCrofi/ros2_ws/build/lane_angle' returned '0': PYTHONPATH=/home/crofi/AutoModelCrofi/ros2_ws/build/lane_angle/prefix_override:/usr/lib/python3/dist-packages/colcon_core/task/python/colcon_distutils_commands:/home/crofi/AutoModelCrofi/ros2_ws/install/lane_angle/lib/python3.10/site-packages:${PYTHONPATH} /usr/bin/python3 -W ignore:setup.py install is deprecated -W ignore:easy_install command is deprecated setup.py develop --editable --build-directory /home/crofi/AutoModelCrofi/ros2_ws/build/lane_angle/build --no-deps symlink_data
[17.034s] INFO:colcon.colcon_core.shell:Creating environment hook '/home/crofi/AutoModelCrofi/ros2_ws/build/lane_angle/share/lane_angle/hook/pythonpath_develop.ps1'
[17.038s] INFO:colcon.colcon_core.shell:Creating environment descriptor '/home/crofi/AutoModelCrofi/ros2_ws/build/lane_angle/share/lane_angle/hook/pythonpath_develop.dsv'
[17.041s] INFO:colcon.colcon_core.shell:Creating environment hook '/home/crofi/AutoModelCrofi/ros2_ws/build/lane_angle/share/lane_angle/hook/pythonpath_develop.sh'
[17.044s] Level 1:colcon.colcon_core.environment:checking '/home/crofi/AutoModelCrofi/ros2_ws/install/lane_angle' for CMake module files
[17.047s] Level 1:colcon.colcon_core.environment:checking '/home/crofi/AutoModelCrofi/ros2_ws/install/lane_angle' for CMake config files
[17.053s] Level 1:colcon.colcon_core.environment:checking '/home/crofi/AutoModelCrofi/ros2_ws/install/lane_angle/lib'
[17.054s] Level 1:colcon.colcon_core.environment:checking '/home/crofi/AutoModelCrofi/ros2_ws/install/lane_angle/bin'
[17.054s] Level 1:colcon.colcon_core.environment:checking '/home/crofi/AutoModelCrofi/ros2_ws/install/lane_angle/lib/pkgconfig/lane_angle.pc'
[17.056s] Level 1:colcon.colcon_core.environment:checking '/home/crofi/AutoModelCrofi/ros2_ws/install/lane_angle/lib/python3.10/site-packages'
[17.056s] Level 1:colcon.colcon_core.shell:create_environment_hook('lane_angle', 'pythonpath')
[17.058s] INFO:colcon.colcon_core.shell:Creating environment hook '/home/crofi/AutoModelCrofi/ros2_ws/install/lane_angle/share/lane_angle/hook/pythonpath.ps1'
[17.061s] INFO:colcon.colcon_core.shell:Creating environment descriptor '/home/crofi/AutoModelCrofi/ros2_ws/install/lane_angle/share/lane_angle/hook/pythonpath.dsv'
[17.064s] INFO:colcon.colcon_core.shell:Creating environment hook '/home/crofi/AutoModelCrofi/ros2_ws/install/lane_angle/share/lane_angle/hook/pythonpath.sh'
[17.068s] Level 1:colcon.colcon_core.environment:checking '/home/crofi/AutoModelCrofi/ros2_ws/install/lane_angle/bin'
[17.068s] Level 1:colcon.colcon_core.environment:create_environment_scripts_only(lane_angle)
[17.070s] INFO:colcon.colcon_core.shell:Creating package script '/home/crofi/AutoModelCrofi/ros2_ws/install/lane_angle/share/lane_angle/package.ps1'
[17.074s] INFO:colcon.colcon_core.shell:Creating package descriptor '/home/crofi/AutoModelCrofi/ros2_ws/install/lane_angle/share/lane_angle/package.dsv'
[17.077s] INFO:colcon.colcon_core.shell:Creating package script '/home/crofi/AutoModelCrofi/ros2_ws/install/lane_angle/share/lane_angle/package.sh'
[17.080s] INFO:colcon.colcon_core.shell:Creating package script '/home/crofi/AutoModelCrofi/ros2_ws/install/lane_angle/share/lane_angle/package.bash'
[17.084s] INFO:colcon.colcon_core.shell:Creating package script '/home/crofi/AutoModelCrofi/ros2_ws/install/lane_angle/share/lane_angle/package.zsh'
[17.087s] Level 1:colcon.colcon_core.environment:create_file_with_runtime_dependencies(/home/crofi/AutoModelCrofi/ros2_ws/install/lane_angle/share/colcon-core/packages/lane_angle)
[17.093s] INFO:colcon.colcon_ros.task.ament_python.build:Building ROS package in '/home/crofi/AutoModelCrofi/ros2_ws/src/hardware/webcam' with build type 'ament_python'
[17.094s] Level 1:colcon.colcon_core.shell:create_environment_hook('webcam', 'ament_prefix_path')
[17.096s] INFO:colcon.colcon_core.shell:Creating environment hook '/home/crofi/AutoModelCrofi/ros2_ws/install/webcam/share/webcam/hook/ament_prefix_path.ps1'
[17.098s] INFO:colcon.colcon_core.shell:Creating environment descriptor '/home/crofi/AutoModelCrofi/ros2_ws/install/webcam/share/webcam/hook/ament_prefix_path.dsv'
[17.101s] INFO:colcon.colcon_core.shell:Creating environment hook '/home/crofi/AutoModelCrofi/ros2_ws/install/webcam/share/webcam/hook/ament_prefix_path.sh'
[17.105s] INFO:colcon.colcon_core.shell:Skip shell extension 'powershell' for command environment: Not usable outside of PowerShell
[17.105s] DEBUG:colcon.colcon_core.shell:Skip shell extension 'dsv' for command environment
[17.178s] Level 1:colcon.colcon_core.shell:create_environment_hook('red_vision', 'pythonpath_develop')
[17.179s] DEBUG:colcon.colcon_core.event_handler.log_command:Invoked command in '/home/crofi/AutoModelCrofi/ros2_ws/build/red_vision' returned '0': PYTHONPATH=/home/crofi/AutoModelCrofi/ros2_ws/build/red_vision/prefix_override:/usr/lib/python3/dist-packages/colcon_core/task/python/colcon_distutils_commands:/home/crofi/AutoModelCrofi/ros2_ws/install/red_vision/lib/python3.10/site-packages:${PYTHONPATH} /usr/bin/python3 -W ignore:setup.py install is deprecated -W ignore:easy_install command is deprecated setup.py develop --editable --build-directory /home/crofi/AutoModelCrofi/ros2_ws/build/red_vision/build --no-deps symlink_data
[17.181s] INFO:colcon.colcon_core.shell:Creating environment hook '/home/crofi/AutoModelCrofi/ros2_ws/build/red_vision/share/red_vision/hook/pythonpath_develop.ps1'
[17.184s] INFO:colcon.colcon_core.shell:Creating environment descriptor '/home/crofi/AutoModelCrofi/ros2_ws/build/red_vision/share/red_vision/hook/pythonpath_develop.dsv'
[17.188s] INFO:colcon.colcon_core.shell:Creating environment hook '/home/crofi/AutoModelCrofi/ros2_ws/build/red_vision/share/red_vision/hook/pythonpath_develop.sh'
[17.192s] Level 1:colcon.colcon_core.environment:checking '/home/crofi/AutoModelCrofi/ros2_ws/install/red_vision' for CMake module files
[17.195s] Level 1:colcon.colcon_core.environment:checking '/home/crofi/AutoModelCrofi/ros2_ws/install/red_vision' for CMake config files
[17.200s] Level 1:colcon.colcon_core.environment:checking '/home/crofi/AutoModelCrofi/ros2_ws/install/red_vision/lib'
[17.201s] Level 1:colcon.colcon_core.environment:checking '/home/crofi/AutoModelCrofi/ros2_ws/install/red_vision/bin'
[17.202s] Level 1:colcon.colcon_core.environment:checking '/home/crofi/AutoModelCrofi/ros2_ws/install/red_vision/lib/pkgconfig/red_vision.pc'
[17.203s] Level 1:colcon.colcon_core.environment:checking '/home/crofi/AutoModelCrofi/ros2_ws/install/red_vision/lib/python3.10/site-packages'
[17.204s] Level 1:colcon.colcon_core.shell:create_environment_hook('red_vision', 'pythonpath')
[17.205s] INFO:colcon.colcon_core.shell:Creating environment hook '/home/crofi/AutoModelCrofi/ros2_ws/install/red_vision/share/red_vision/hook/pythonpath.ps1'
[17.208s] INFO:colcon.colcon_core.shell:Creating environment descriptor '/home/crofi/AutoModelCrofi/ros2_ws/install/red_vision/share/red_vision/hook/pythonpath.dsv'
[17.211s] INFO:colcon.colcon_core.shell:Creating environment hook '/home/crofi/AutoModelCrofi/ros2_ws/install/red_vision/share/red_vision/hook/pythonpath.sh'
[17.215s] Level 1:colcon.colcon_core.environment:checking '/home/crofi/AutoModelCrofi/ros2_ws/install/red_vision/bin'
[17.215s] Level 1:colcon.colcon_core.environment:create_environment_scripts_only(red_vision)
[17.217s] INFO:colcon.colcon_core.shell:Creating package script '/home/crofi/AutoModelCrofi/ros2_ws/install/red_vision/share/red_vision/package.ps1'
[17.220s] INFO:colcon.colcon_core.shell:Creating package descriptor '/home/crofi/AutoModelCrofi/ros2_ws/install/red_vision/share/red_vision/package.dsv'
[17.223s] INFO:colcon.colcon_core.shell:Creating package script '/home/crofi/AutoModelCrofi/ros2_ws/install/red_vision/share/red_vision/package.sh'
[17.226s] INFO:colcon.colcon_core.shell:Creating package script '/home/crofi/AutoModelCrofi/ros2_ws/install/red_vision/share/red_vision/package.bash'
[17.229s] INFO:colcon.colcon_core.shell:Creating package script '/home/crofi/AutoModelCrofi/ros2_ws/install/red_vision/share/red_vision/package.zsh'
[17.232s] Level 1:colcon.colcon_core.environment:create_file_with_runtime_dependencies(/home/crofi/AutoModelCrofi/ros2_ws/install/red_vision/share/colcon-core/packages/red_vision)
[18.752s] INFO:colcon.colcon_core.task.python.build:Building Python package in '/home/crofi/AutoModelCrofi/ros2_ws/src/vision/senal_detector'
[18.753s] INFO:colcon.colcon_core.shell:Skip shell extension 'powershell' for command environment: Not usable outside of PowerShell
[18.753s] DEBUG:colcon.colcon_core.shell:Skip shell extension 'dsv' for command environment
[18.824s] INFO:colcon.colcon_ros.task.ament_python.build:Building ROS package in '/home/crofi/AutoModelCrofi/ros2_ws/src/hardware/webcam_recorted' with build type 'ament_python'
[18.825s] Level 1:colcon.colcon_core.shell:create_environment_hook('webcam_recorted', 'ament_prefix_path')
[18.826s] INFO:colcon.colcon_core.shell:Creating environment hook '/home/crofi/AutoModelCrofi/ros2_ws/install/webcam_recorted/share/webcam_recorted/hook/ament_prefix_path.ps1'
[18.830s] INFO:colcon.colcon_core.shell:Creating environment descriptor '/home/crofi/AutoModelCrofi/ros2_ws/install/webcam_recorted/share/webcam_recorted/hook/ament_prefix_path.dsv'
[18.832s] INFO:colcon.colcon_core.shell:Creating environment hook '/home/crofi/AutoModelCrofi/ros2_ws/install/webcam_recorted/share/webcam_recorted/hook/ament_prefix_path.sh'
[18.836s] INFO:colcon.colcon_core.shell:Skip shell extension 'powershell' for command environment: Not usable outside of PowerShell
[18.837s] DEBUG:colcon.colcon_core.shell:Skip shell extension 'dsv' for command environment
[20.358s] INFO:colcon.colcon_core.task.python.build:Building Python package in '/home/crofi/AutoModelCrofi/ros2_ws/src/hardware/servo'
[20.359s] INFO:colcon.colcon_core.shell:Skip shell extension 'powershell' for command environment: Not usable outside of PowerShell
[20.360s] DEBUG:colcon.colcon_core.shell:Skip shell extension 'dsv' for command environment
[21.918s] INFO:colcon.colcon_core.task.python.build:Building Python package in '/home/crofi/AutoModelCrofi/ros2_ws/src/hardware/webcam'
[21.920s] INFO:colcon.colcon_core.shell:Skip shell extension 'powershell' for command environment: Not usable outside of PowerShell
[21.920s] DEBUG:colcon.colcon_core.shell:Skip shell extension 'dsv' for command environment
[23.621s] INFO:colcon.colcon_core.task.python.build:Building Python package in '/home/crofi/AutoModelCrofi/ros2_ws/src/hardware/webcam_recorted'
[23.622s] INFO:colcon.colcon_core.shell:Skip shell extension 'powershell' for command environment: Not usable outside of PowerShell
[23.623s] DEBUG:colcon.colcon_core.shell:Skip shell extension 'dsv' for command environment
[24.260s] DEBUG:colcon.colcon_core.event_handler.log_command:Invoking command in '/home/crofi/AutoModelCrofi/ros2_ws/build/senal_detector': PYTHONPATH=/home/crofi/AutoModelCrofi/ros2_ws/build/senal_detector/prefix_override:/usr/lib/python3/dist-packages/colcon_core/task/python/colcon_distutils_commands:/home/crofi/AutoModelCrofi/ros2_ws/install/senal_detector/lib/python3.10/site-packages:${PYTHONPATH} /usr/bin/python3 -W ignore:setup.py install is deprecated -W ignore:easy_install command is deprecated setup.py develop --editable --build-directory /home/crofi/AutoModelCrofi/ros2_ws/build/senal_detector/build --no-deps symlink_data
[26.742s] DEBUG:colcon.colcon_core.event_handler.log_command:Invoking command in '/home/crofi/AutoModelCrofi/ros2_ws/build/webcam': PYTHONPATH=/home/crofi/AutoModelCrofi/ros2_ws/build/webcam/prefix_override:/usr/lib/python3/dist-packages/colcon_core/task/python/colcon_distutils_commands:/home/crofi/AutoModelCrofi/ros2_ws/install/webcam/lib/python3.10/site-packages:${PYTHONPATH} /usr/bin/python3 -W ignore:setup.py install is deprecated -W ignore:easy_install command is deprecated setup.py develop --editable --build-directory /home/crofi/AutoModelCrofi/ros2_ws/build/webcam/build --no-deps symlink_data
[26.776s] DEBUG:colcon.colcon_core.event_handler.log_command:Invoking command in '/home/crofi/AutoModelCrofi/ros2_ws/build/servo': PYTHONPATH=/home/crofi/AutoModelCrofi/ros2_ws/build/servo/prefix_override:/usr/lib/python3/dist-packages/colcon_core/task/python/colcon_distutils_commands:/home/crofi/AutoModelCrofi/ros2_ws/install/servo/lib/python3.10/site-packages:${PYTHONPATH} /usr/bin/python3 -W ignore:setup.py install is deprecated -W ignore:easy_install command is deprecated setup.py develop --editable --build-directory /home/crofi/AutoModelCrofi/ros2_ws/build/servo/build --no-deps symlink_data
[26.794s] DEBUG:colcon.colcon_core.event_handler.log_command:Invoking command in '/home/crofi/AutoModelCrofi/ros2_ws/build/webcam_recorted': PYTHONPATH=/home/crofi/AutoModelCrofi/ros2_ws/build/webcam_recorted/prefix_override:/usr/lib/python3/dist-packages/colcon_core/task/python/colcon_distutils_commands:/home/crofi/AutoModelCrofi/ros2_ws/install/webcam_recorted/lib/python3.10/site-packages:${PYTHONPATH} /usr/bin/python3 -W ignore:setup.py install is deprecated -W ignore:easy_install command is deprecated setup.py develop --editable --build-directory /home/crofi/AutoModelCrofi/ros2_ws/build/webcam_recorted/build --no-deps symlink_data
[28.802s] Level 1:colcon.colcon_core.shell:create_environment_hook('senal_detector', 'pythonpath_develop')
[28.807s] INFO:colcon.colcon_core.shell:Creating environment hook '/home/crofi/AutoModelCrofi/ros2_ws/build/senal_detector/share/senal_detector/hook/pythonpath_develop.ps1'
[28.806s] DEBUG:colcon.colcon_core.event_handler.log_command:Invoked command in '/home/crofi/AutoModelCrofi/ros2_ws/build/senal_detector' returned '0': PYTHONPATH=/home/crofi/AutoModelCrofi/ros2_ws/build/senal_detector/prefix_override:/usr/lib/python3/dist-packages/colcon_core/task/python/colcon_distutils_commands:/home/crofi/AutoModelCrofi/ros2_ws/install/senal_detector/lib/python3.10/site-packages:${PYTHONPATH} /usr/bin/python3 -W ignore:setup.py install is deprecated -W ignore:easy_install command is deprecated setup.py develop --editable --build-directory /home/crofi/AutoModelCrofi/ros2_ws/build/senal_detector/build --no-deps symlink_data
[28.813s] INFO:colcon.colcon_core.shell:Creating environment descriptor '/home/crofi/AutoModelCrofi/ros2_ws/build/senal_detector/share/senal_detector/hook/pythonpath_develop.dsv'
[28.817s] INFO:colcon.colcon_core.shell:Creating environment hook '/home/crofi/AutoModelCrofi/ros2_ws/build/senal_detector/share/senal_detector/hook/pythonpath_develop.sh'
[28.823s] Level 1:colcon.colcon_core.environment:checking '/home/crofi/AutoModelCrofi/ros2_ws/install/senal_detector' for CMake module files
[28.827s] Level 1:colcon.colcon_core.environment:checking '/home/crofi/AutoModelCrofi/ros2_ws/install/senal_detector' for CMake config files
[28.832s] Level 1:colcon.colcon_core.environment:checking '/home/crofi/AutoModelCrofi/ros2_ws/install/senal_detector/lib'
[28.834s] Level 1:colcon.colcon_core.environment:checking '/home/crofi/AutoModelCrofi/ros2_ws/install/senal_detector/bin'
[28.835s] Level 1:colcon.colcon_core.environment:checking '/home/crofi/AutoModelCrofi/ros2_ws/install/senal_detector/lib/pkgconfig/senal_detector.pc'
[28.838s] Level 1:colcon.colcon_core.environment:checking '/home/crofi/AutoModelCrofi/ros2_ws/install/senal_detector/lib/python3.10/site-packages'
[28.840s] Level 1:colcon.colcon_core.shell:create_environment_hook('senal_detector', 'pythonpath')
[28.841s] INFO:colcon.colcon_core.shell:Creating environment hook '/home/crofi/AutoModelCrofi/ros2_ws/install/senal_detector/share/senal_detector/hook/pythonpath.ps1'
[28.846s] INFO:colcon.colcon_core.shell:Creating environment descriptor '/home/crofi/AutoModelCrofi/ros2_ws/install/senal_detector/share/senal_detector/hook/pythonpath.dsv'
[28.850s] INFO:colcon.colcon_core.shell:Creating environment hook '/home/crofi/AutoModelCrofi/ros2_ws/install/senal_detector/share/senal_detector/hook/pythonpath.sh'
[28.856s] Level 1:colcon.colcon_core.environment:checking '/home/crofi/AutoModelCrofi/ros2_ws/install/senal_detector/bin'
[28.857s] Level 1:colcon.colcon_core.environment:create_environment_scripts_only(senal_detector)
[28.859s] INFO:colcon.colcon_core.shell:Creating package script '/home/crofi/AutoModelCrofi/ros2_ws/install/senal_detector/share/senal_detector/package.ps1'
[28.867s] INFO:colcon.colcon_core.shell:Creating package descriptor '/home/crofi/AutoModelCrofi/ros2_ws/install/senal_detector/share/senal_detector/package.dsv'
[28.872s] INFO:colcon.colcon_core.shell:Creating package script '/home/crofi/AutoModelCrofi/ros2_ws/install/senal_detector/share/senal_detector/package.sh'
[28.877s] INFO:colcon.colcon_core.shell:Creating package script '/home/crofi/AutoModelCrofi/ros2_ws/install/senal_detector/share/senal_detector/package.bash'
[28.881s] INFO:colcon.colcon_core.shell:Creating package script '/home/crofi/AutoModelCrofi/ros2_ws/install/senal_detector/share/senal_detector/package.zsh'
[28.886s] Level 1:colcon.colcon_core.environment:create_file_with_runtime_dependencies(/home/crofi/AutoModelCrofi/ros2_ws/install/senal_detector/share/colcon-core/packages/senal_detector)
[28.896s] INFO:colcon.colcon_ros.task.ament_python.build:Building ROS package in '/home/crofi/AutoModelCrofi/ros2_ws/src/hardware/ydlidar_client' with build type 'ament_python'
[28.899s] Level 1:colcon.colcon_core.shell:create_environment_hook('ydlidar_client', 'ament_prefix_path')
[28.901s] INFO:colcon.colcon_core.shell:Creating environment hook '/home/crofi/AutoModelCrofi/ros2_ws/install/ydlidar_client/share/ydlidar_client/hook/ament_prefix_path.ps1'
[28.906s] INFO:colcon.colcon_core.shell:Creating environment descriptor '/home/crofi/AutoModelCrofi/ros2_ws/install/ydlidar_client/share/ydlidar_client/hook/ament_prefix_path.dsv'
[28.910s] INFO:colcon.colcon_core.shell:Creating environment hook '/home/crofi/AutoModelCrofi/ros2_ws/install/ydlidar_client/share/ydlidar_client/hook/ament_prefix_path.sh'
[28.916s] INFO:colcon.colcon_core.shell:Skip shell extension 'powershell' for command environment: Not usable outside of PowerShell
[28.917s] DEBUG:colcon.colcon_core.shell:Skip shell extension 'dsv' for command environment
[31.464s] INFO:colcon.colcon_core.task.python.build:Building Python package in '/home/crofi/AutoModelCrofi/ros2_ws/src/hardware/ydlidar_client'
[31.465s] INFO:colcon.colcon_core.shell:Skip shell extension 'powershell' for command environment: Not usable outside of PowerShell
[31.465s] DEBUG:colcon.colcon_core.shell:Skip shell extension 'dsv' for command environment
[31.534s] Level 1:colcon.colcon_core.shell:create_environment_hook('webcam', 'pythonpath_develop')
[31.536s] INFO:colcon.colcon_core.shell:Creating environment hook '/home/crofi/AutoModelCrofi/ros2_ws/build/webcam/share/webcam/hook/pythonpath_develop.ps1'
[31.537s] DEBUG:colcon.colcon_core.event_handler.log_command:Invoked command in '/home/crofi/AutoModelCrofi/ros2_ws/build/webcam' returned '0': PYTHONPATH=/home/crofi/AutoModelCrofi/ros2_ws/build/webcam/prefix_override:/usr/lib/python3/dist-packages/colcon_core/task/python/colcon_distutils_commands:/home/crofi/AutoModelCrofi/ros2_ws/install/webcam/lib/python3.10/site-packages:${PYTHONPATH} /usr/bin/python3 -W ignore:setup.py install is deprecated -W ignore:easy_install command is deprecated setup.py develop --editable --build-directory /home/crofi/AutoModelCrofi/ros2_ws/build/webcam/build --no-deps symlink_data
[31.540s] INFO:colcon.colcon_core.shell:Creating environment descriptor '/home/crofi/AutoModelCrofi/ros2_ws/build/webcam/share/webcam/hook/pythonpath_develop.dsv'
[31.542s] INFO:colcon.colcon_core.shell:Creating environment hook '/home/crofi/AutoModelCrofi/ros2_ws/build/webcam/share/webcam/hook/pythonpath_develop.sh'
[31.545s] Level 1:colcon.colcon_core.environment:checking '/home/crofi/AutoModelCrofi/ros2_ws/install/webcam' for CMake module files
[31.547s] Level 1:colcon.colcon_core.environment:checking '/home/crofi/AutoModelCrofi/ros2_ws/install/webcam' for CMake config files
[31.551s] Level 1:colcon.colcon_core.environment:checking '/home/crofi/AutoModelCrofi/ros2_ws/install/webcam/lib'
[31.551s] Level 1:colcon.colcon_core.environment:checking '/home/crofi/AutoModelCrofi/ros2_ws/install/webcam/bin'
[31.552s] Level 1:colcon.colcon_core.environment:checking '/home/crofi/AutoModelCrofi/ros2_ws/install/webcam/lib/pkgconfig/webcam.pc'
[31.553s] Level 1:colcon.colcon_core.environment:checking '/home/crofi/AutoModelCrofi/ros2_ws/install/webcam/lib/python3.10/site-packages'
[31.553s] Level 1:colcon.colcon_core.shell:create_environment_hook('webcam', 'pythonpath')
[31.554s] INFO:colcon.colcon_core.shell:Creating environment hook '/home/crofi/AutoModelCrofi/ros2_ws/install/webcam/share/webcam/hook/pythonpath.ps1'
[31.556s] INFO:colcon.colcon_core.shell:Creating environment descriptor '/home/crofi/AutoModelCrofi/ros2_ws/install/webcam/share/webcam/hook/pythonpath.dsv'
[31.558s] INFO:colcon.colcon_core.shell:Creating environment hook '/home/crofi/AutoModelCrofi/ros2_ws/install/webcam/share/webcam/hook/pythonpath.sh'
[31.561s] Level 1:colcon.colcon_core.environment:checking '/home/crofi/AutoModelCrofi/ros2_ws/install/webcam/bin'
[31.561s] Level 1:colcon.colcon_core.environment:create_environment_scripts_only(webcam)
[31.562s] INFO:colcon.colcon_core.shell:Creating package script '/home/crofi/AutoModelCrofi/ros2_ws/install/webcam/share/webcam/package.ps1'
[31.565s] INFO:colcon.colcon_core.shell:Creating package descriptor '/home/crofi/AutoModelCrofi/ros2_ws/install/webcam/share/webcam/package.dsv'
[31.568s] INFO:colcon.colcon_core.shell:Creating package script '/home/crofi/AutoModelCrofi/ros2_ws/install/webcam/share/webcam/package.sh'
[31.570s] INFO:colcon.colcon_core.shell:Creating package script '/home/crofi/AutoModelCrofi/ros2_ws/install/webcam/share/webcam/package.bash'
[31.572s] INFO:colcon.colcon_core.shell:Creating package script '/home/crofi/AutoModelCrofi/ros2_ws/install/webcam/share/webcam/package.zsh'
[31.574s] Level 1:colcon.colcon_core.environment:create_file_with_runtime_dependencies(/home/crofi/AutoModelCrofi/ros2_ws/install/webcam/share/colcon-core/packages/webcam)
[31.575s] Level 1:colcon.colcon_core.shell:create_environment_hook('webcam_recorted', 'pythonpath_develop')
[31.576s] INFO:colcon.colcon_core.shell:Creating environment hook '/home/crofi/AutoModelCrofi/ros2_ws/build/webcam_recorted/share/webcam_recorted/hook/pythonpath_develop.ps1'
[31.579s] INFO:colcon.colcon_core.shell:Creating environment descriptor '/home/crofi/AutoModelCrofi/ros2_ws/build/webcam_recorted/share/webcam_recorted/hook/pythonpath_develop.dsv'
[31.581s] DEBUG:colcon.colcon_core.event_handler.log_command:Invoked command in '/home/crofi/AutoModelCrofi/ros2_ws/build/webcam_recorted' returned '0': PYTHONPATH=/home/crofi/AutoModelCrofi/ros2_ws/build/webcam_recorted/prefix_override:/usr/lib/python3/dist-packages/colcon_core/task/python/colcon_distutils_commands:/home/crofi/AutoModelCrofi/ros2_ws/install/webcam_recorted/lib/python3.10/site-packages:${PYTHONPATH} /usr/bin/python3 -W ignore:setup.py install is deprecated -W ignore:easy_install command is deprecated setup.py develop --editable --build-directory /home/crofi/AutoModelCrofi/ros2_ws/build/webcam_recorted/build --no-deps symlink_data
[31.583s] INFO:colcon.colcon_core.shell:Creating environment hook '/home/crofi/AutoModelCrofi/ros2_ws/build/webcam_recorted/share/webcam_recorted/hook/pythonpath_develop.sh'
[31.586s] Level 1:colcon.colcon_core.environment:checking '/home/crofi/AutoModelCrofi/ros2_ws/install/webcam_recorted' for CMake module files
[31.588s] Level 1:colcon.colcon_core.environment:checking '/home/crofi/AutoModelCrofi/ros2_ws/install/webcam_recorted' for CMake config files
[31.593s] Level 1:colcon.colcon_core.environment:checking '/home/crofi/AutoModelCrofi/ros2_ws/install/webcam_recorted/lib'
[31.593s] Level 1:colcon.colcon_core.environment:checking '/home/crofi/AutoModelCrofi/ros2_ws/install/webcam_recorted/bin'
[31.594s] Level 1:colcon.colcon_core.environment:checking '/home/crofi/AutoModelCrofi/ros2_ws/install/webcam_recorted/lib/pkgconfig/webcam_recorted.pc'
[31.595s] Level 1:colcon.colcon_core.environment:checking '/home/crofi/AutoModelCrofi/ros2_ws/install/webcam_recorted/lib/python3.10/site-packages'
[31.595s] Level 1:colcon.colcon_core.shell:create_environment_hook('webcam_recorted', 'pythonpath')
[31.596s] INFO:colcon.colcon_core.shell:Creating environment hook '/home/crofi/AutoModelCrofi/ros2_ws/install/webcam_recorted/share/webcam_recorted/hook/pythonpath.ps1'
[31.598s] INFO:colcon.colcon_core.shell:Creating environment descriptor '/home/crofi/AutoModelCrofi/ros2_ws/install/webcam_recorted/share/webcam_recorted/hook/pythonpath.dsv'
[31.600s] INFO:colcon.colcon_core.shell:Creating environment hook '/home/crofi/AutoModelCrofi/ros2_ws/install/webcam_recorted/share/webcam_recorted/hook/pythonpath.sh'
[31.603s] Level 1:colcon.colcon_core.environment:checking '/home/crofi/AutoModelCrofi/ros2_ws/install/webcam_recorted/bin'
[31.603s] Level 1:colcon.colcon_core.environment:create_environment_scripts_only(webcam_recorted)
[31.605s] INFO:colcon.colcon_core.shell:Creating package script '/home/crofi/AutoModelCrofi/ros2_ws/install/webcam_recorted/share/webcam_recorted/package.ps1'
[31.607s] INFO:colcon.colcon_core.shell:Creating package descriptor '/home/crofi/AutoModelCrofi/ros2_ws/install/webcam_recorted/share/webcam_recorted/package.dsv'
[31.610s] INFO:colcon.colcon_core.shell:Creating package script '/home/crofi/AutoModelCrofi/ros2_ws/install/webcam_recorted/share/webcam_recorted/package.sh'
[31.612s] INFO:colcon.colcon_core.shell:Creating package script '/home/crofi/AutoModelCrofi/ros2_ws/install/webcam_recorted/share/webcam_recorted/package.bash'
[31.614s] INFO:colcon.colcon_core.shell:Creating package script '/home/crofi/AutoModelCrofi/ros2_ws/install/webcam_recorted/share/webcam_recorted/package.zsh'
[31.616s] Level 1:colcon.colcon_core.environment:create_file_with_runtime_dependencies(/home/crofi/AutoModelCrofi/ros2_ws/install/webcam_recorted/share/colcon-core/packages/webcam_recorted)
[31.618s] Level 1:colcon.colcon_core.shell:create_environment_hook('servo', 'pythonpath_develop')
[31.619s] INFO:colcon.colcon_core.shell:Creating environment hook '/home/crofi/AutoModelCrofi/ros2_ws/build/servo/share/servo/hook/pythonpath_develop.ps1'
[31.622s] INFO:colcon.colcon_core.shell:Creating environment descriptor '/home/crofi/AutoModelCrofi/ros2_ws/build/servo/share/servo/hook/pythonpath_develop.dsv'
[31.623s] DEBUG:colcon.colcon_core.event_handler.log_command:Invoked command in '/home/crofi/AutoModelCrofi/ros2_ws/build/servo' returned '0': PYTHONPATH=/home/crofi/AutoModelCrofi/ros2_ws/build/servo/prefix_override:/usr/lib/python3/dist-packages/colcon_core/task/python/colcon_distutils_commands:/home/crofi/AutoModelCrofi/ros2_ws/install/servo/lib/python3.10/site-packages:${PYTHONPATH} /usr/bin/python3 -W ignore:setup.py install is deprecated -W ignore:easy_install command is deprecated setup.py develop --editable --build-directory /home/crofi/AutoModelCrofi/ros2_ws/build/servo/build --no-deps symlink_data
[31.625s] INFO:colcon.colcon_core.shell:Creating environment hook '/home/crofi/AutoModelCrofi/ros2_ws/build/servo/share/servo/hook/pythonpath_develop.sh'
[31.628s] Level 1:colcon.colcon_core.environment:checking '/home/crofi/AutoModelCrofi/ros2_ws/install/servo' for CMake module files
[31.631s] Level 1:colcon.colcon_core.environment:checking '/home/crofi/AutoModelCrofi/ros2_ws/install/servo' for CMake config files
[31.635s] Level 1:colcon.colcon_core.environment:checking '/home/crofi/AutoModelCrofi/ros2_ws/install/servo/lib'
[31.635s] Level 1:colcon.colcon_core.environment:checking '/home/crofi/AutoModelCrofi/ros2_ws/install/servo/bin'
[31.636s] Level 1:colcon.colcon_core.environment:checking '/home/crofi/AutoModelCrofi/ros2_ws/install/servo/lib/pkgconfig/servo.pc'
[31.637s] Level 1:colcon.colcon_core.environment:checking '/home/crofi/AutoModelCrofi/ros2_ws/install/servo/lib/python3.10/site-packages'
[31.637s] Level 1:colcon.colcon_core.shell:create_environment_hook('servo', 'pythonpath')
[31.638s] INFO:colcon.colcon_core.shell:Creating environment hook '/home/crofi/AutoModelCrofi/ros2_ws/install/servo/share/servo/hook/pythonpath.ps1'
[31.640s] INFO:colcon.colcon_core.shell:Creating environment descriptor '/home/crofi/AutoModelCrofi/ros2_ws/install/servo/share/servo/hook/pythonpath.dsv'
[31.642s] INFO:colcon.colcon_core.shell:Creating environment hook '/home/crofi/AutoModelCrofi/ros2_ws/install/servo/share/servo/hook/pythonpath.sh'
[31.645s] Level 1:colcon.colcon_core.environment:checking '/home/crofi/AutoModelCrofi/ros2_ws/install/servo/bin'
[31.645s] Level 1:colcon.colcon_core.environment:create_environment_scripts_only(servo)
[31.646s] INFO:colcon.colcon_core.shell:Creating package script '/home/crofi/AutoModelCrofi/ros2_ws/install/servo/share/servo/package.ps1'
[31.649s] INFO:colcon.colcon_core.shell:Creating package descriptor '/home/crofi/AutoModelCrofi/ros2_ws/install/servo/share/servo/package.dsv'
[31.651s] INFO:colcon.colcon_core.shell:Creating package script '/home/crofi/AutoModelCrofi/ros2_ws/install/servo/share/servo/package.sh'
[31.654s] INFO:colcon.colcon_core.shell:Creating package script '/home/crofi/AutoModelCrofi/ros2_ws/install/servo/share/servo/package.bash'
[31.656s] INFO:colcon.colcon_core.shell:Creating package script '/home/crofi/AutoModelCrofi/ros2_ws/install/servo/share/servo/package.zsh'
[31.658s] Level 1:colcon.colcon_core.environment:create_file_with_runtime_dependencies(/home/crofi/AutoModelCrofi/ros2_ws/install/servo/share/colcon-core/packages/servo)
[33.568s] DEBUG:colcon.colcon_core.event_handler.log_command:Invoking command in '/home/crofi/AutoModelCrofi/ros2_ws/build/ydlidar_client': PYTHONPATH=/home/crofi/AutoModelCrofi/ros2_ws/build/ydlidar_client/prefix_override:/usr/lib/python3/dist-packages/colcon_core/task/python/colcon_distutils_commands:/home/crofi/AutoModelCrofi/ros2_ws/install/ydlidar_client/lib/python3.10/site-packages:${PYTHONPATH} /usr/bin/python3 -W ignore:setup.py install is deprecated -W ignore:easy_install command is deprecated setup.py develop --editable --build-directory /home/crofi/AutoModelCrofi/ros2_ws/build/ydlidar_client/build --no-deps symlink_data
[36.215s] Level 1:colcon.colcon_core.shell:create_environment_hook('ydlidar_client', 'pythonpath_develop')
[36.217s] INFO:colcon.colcon_core.shell:Creating environment hook '/home/crofi/AutoModelCrofi/ros2_ws/build/ydlidar_client/share/ydlidar_client/hook/pythonpath_develop.ps1'
[36.218s] DEBUG:colcon.colcon_core.event_handler.log_command:Invoked command in '/home/crofi/AutoModelCrofi/ros2_ws/build/ydlidar_client' returned '0': PYTHONPATH=/home/crofi/AutoModelCrofi/ros2_ws/build/ydlidar_client/prefix_override:/usr/lib/python3/dist-packages/colcon_core/task/python/colcon_distutils_commands:/home/crofi/AutoModelCrofi/ros2_ws/install/ydlidar_client/lib/python3.10/site-packages:${PYTHONPATH} /usr/bin/python3 -W ignore:setup.py install is deprecated -W ignore:easy_install command is deprecated setup.py develop --editable --build-directory /home/crofi/AutoModelCrofi/ros2_ws/build/ydlidar_client/build --no-deps symlink_data
[36.220s] INFO:colcon.colcon_core.shell:Creating environment descriptor '/home/crofi/AutoModelCrofi/ros2_ws/build/ydlidar_client/share/ydlidar_client/hook/pythonpath_develop.dsv'
[36.222s] INFO:colcon.colcon_core.shell:Creating environment hook '/home/crofi/AutoModelCrofi/ros2_ws/build/ydlidar_client/share/ydlidar_client/hook/pythonpath_develop.sh'
[36.225s] Level 1:colcon.colcon_core.environment:checking '/home/crofi/AutoModelCrofi/ros2_ws/install/ydlidar_client' for CMake module files
[36.228s] Level 1:colcon.colcon_core.environment:checking '/home/crofi/AutoModelCrofi/ros2_ws/install/ydlidar_client' for CMake config files
[36.232s] Level 1:colcon.colcon_core.environment:checking '/home/crofi/AutoModelCrofi/ros2_ws/install/ydlidar_client/lib'
[36.233s] Level 1:colcon.colcon_core.environment:checking '/home/crofi/AutoModelCrofi/ros2_ws/install/ydlidar_client/bin'
[36.233s] Level 1:colcon.colcon_core.environment:checking '/home/crofi/AutoModelCrofi/ros2_ws/install/ydlidar_client/lib/pkgconfig/ydlidar_client.pc'
[36.234s] Level 1:colcon.colcon_core.environment:checking '/home/crofi/AutoModelCrofi/ros2_ws/install/ydlidar_client/lib/python3.10/site-packages'
[36.234s] Level 1:colcon.colcon_core.shell:create_environment_hook('ydlidar_client', 'pythonpath')
[36.235s] INFO:colcon.colcon_core.shell:Creating environment hook '/home/crofi/AutoModelCrofi/ros2_ws/install/ydlidar_client/share/ydlidar_client/hook/pythonpath.ps1'
[36.237s] INFO:colcon.colcon_core.shell:Creating environment descriptor '/home/crofi/AutoModelCrofi/ros2_ws/install/ydlidar_client/share/ydlidar_client/hook/pythonpath.dsv'
[36.239s] INFO:colcon.colcon_core.shell:Creating environment hook '/home/crofi/AutoModelCrofi/ros2_ws/install/ydlidar_client/share/ydlidar_client/hook/pythonpath.sh'
[36.242s] Level 1:colcon.colcon_core.environment:checking '/home/crofi/AutoModelCrofi/ros2_ws/install/ydlidar_client/bin'
[36.242s] Level 1:colcon.colcon_core.environment:create_environment_scripts_only(ydlidar_client)
[36.244s] INFO:colcon.colcon_core.shell:Creating package script '/home/crofi/AutoModelCrofi/ros2_ws/install/ydlidar_client/share/ydlidar_client/package.ps1'
[36.246s] INFO:colcon.colcon_core.shell:Creating package descriptor '/home/crofi/AutoModelCrofi/ros2_ws/install/ydlidar_client/share/ydlidar_client/package.dsv'
[36.249s] INFO:colcon.colcon_core.shell:Creating package script '/home/crofi/AutoModelCrofi/ros2_ws/install/ydlidar_client/share/ydlidar_client/package.sh'
[36.252s] INFO:colcon.colcon_core.shell:Creating package script '/home/crofi/AutoModelCrofi/ros2_ws/install/ydlidar_client/share/ydlidar_client/package.bash'
[36.254s] INFO:colcon.colcon_core.shell:Creating package script '/home/crofi/AutoModelCrofi/ros2_ws/install/ydlidar_client/share/ydlidar_client/package.zsh'
[36.256s] Level 1:colcon.colcon_core.environment:create_file_with_runtime_dependencies(/home/crofi/AutoModelCrofi/ros2_ws/install/ydlidar_client/share/colcon-core/packages/ydlidar_client)
[36.258s] DEBUG:colcon.colcon_parallel_executor.executor.parallel:closing loop
[36.261s] DEBUG:colcon.colcon_parallel_executor.executor.parallel:loop closed
[36.262s] DEBUG:colcon.colcon_parallel_executor.executor.parallel:run_until_complete finished with '0'
[36.262s] DEBUG:colcon.colcon_core.event_reactor:joining thread
[36.312s] INFO:colcon.colcon_core.plugin_system:Skipping extension 'colcon_notification.desktop_notification.terminal_notifier': Not used on non-Darwin systems
[36.312s] INFO:colcon.colcon_core.plugin_system:Skipping extension 'colcon_notification.desktop_notification.win32': Not used on non-Windows systems
[36.312s] INFO:colcon.colcon_notification.desktop_notification:Sending desktop notification using 'notify2'
[36.318s] DEBUG:colcon.colcon_notification.desktop_notification.notify2:Failed to initialize notify2: org.freedesktop.DBus.Error.ServiceUnknown: The name org.freedesktop.Notifications was not provided by any .service files
[36.319s] DEBUG:colcon.colcon_core.event_reactor:joined thread
[36.320s] INFO:colcon.colcon_core.shell:Creating prefix script '/home/crofi/AutoModelCrofi/ros2_ws/install/local_setup.ps1'
[36.326s] INFO:colcon.colcon_core.shell:Creating prefix util module '/home/crofi/AutoModelCrofi/ros2_ws/install/_local_setup_util_ps1.py'
[36.334s] INFO:colcon.colcon_core.shell:Creating prefix chain script '/home/crofi/AutoModelCrofi/ros2_ws/install/setup.ps1'
[36.343s] INFO:colcon.colcon_core.shell:Creating prefix script '/home/crofi/AutoModelCrofi/ros2_ws/install/local_setup.sh'
[36.347s] INFO:colcon.colcon_core.shell:Creating prefix util module '/home/crofi/AutoModelCrofi/ros2_ws/install/_local_setup_util_sh.py'
[36.351s] INFO:colcon.colcon_core.shell:Creating prefix chain script '/home/crofi/AutoModelCrofi/ros2_ws/install/setup.sh'
[36.359s] INFO:colcon.colcon_core.shell:Creating prefix script '/home/crofi/AutoModelCrofi/ros2_ws/install/local_setup.bash'
[36.362s] INFO:colcon.colcon_core.shell:Creating prefix chain script '/home/crofi/AutoModelCrofi/ros2_ws/install/setup.bash'
[36.370s] INFO:colcon.colcon_core.shell:Creating prefix script '/home/crofi/AutoModelCrofi/ros2_ws/install/local_setup.zsh'
[36.373s] INFO:colcon.colcon_core.shell:Creating prefix chain script '/home/crofi/AutoModelCrofi/ros2_ws/install/setup.zsh'
