[25.658s] Invoking command in '/home/crofi/AutoModel_Rep/ros2_ws/src/vision/lane_angle': PYTHONPATH=/home/crofi/AutoModel_Rep/build/lane_angle/prefix_override:/usr/lib/python3/dist-packages/colcon_core/task/python/colcon_distutils_commands:/home/crofi/AutoModel_Rep/install/lane_angle/lib/python3.10/site-packages:${PYTHONPATH} /usr/bin/python3 -W ignore:setup.py install is deprecated -W ignore:easy_install command is deprecated setup.py egg_info --egg-base ../../../../build/lane_angle build --build-base /home/crofi/AutoModel_Rep/build/lane_angle/build install --record /home/crofi/AutoModel_Rep/build/lane_angle/install.log --single-version-externally-managed install_data
[35.501s] running egg_info
[35.511s] writing ../../../../build/lane_angle/lane_angle.egg-info/PKG-INFO
[35.518s] writing dependency_links to ../../../../build/lane_angle/lane_angle.egg-info/dependency_links.txt
[35.520s] writing entry points to ../../../../build/lane_angle/lane_angle.egg-info/entry_points.txt
[35.523s] writing requirements to ../../../../build/lane_angle/lane_angle.egg-info/requires.txt
[35.544s] writing top-level names to ../../../../build/lane_angle/lane_angle.egg-info/top_level.txt
[35.564s] reading manifest file '../../../../build/lane_angle/lane_angle.egg-info/SOURCES.txt'
[35.566s] writing manifest file '../../../../build/lane_angle/lane_angle.egg-info/SOURCES.txt'
[35.568s] running build
[35.570s] running build_py
[35.593s] copying lane_angle/lane_angle.py -> /home/crofi/AutoModel_Rep/build/lane_angle/build/lib/lane_angle
[35.595s] running install
[35.597s] running install_lib
[35.650s] copying /home/crofi/AutoModel_Rep/build/lane_angle/build/lib/lane_angle/lane_angle.py -> /home/crofi/AutoModel_Rep/install/lane_angle/lib/python3.10/site-packages/lane_angle
[35.663s] byte-compiling /home/crofi/AutoModel_Rep/install/lane_angle/lib/python3.10/site-packages/lane_angle/lane_angle.py to lane_angle.cpython-310.pyc
[35.664s] running install_data
[35.664s] running install_egg_info
[35.671s] removing '/home/crofi/AutoModel_Rep/install/lane_angle/lib/python3.10/site-packages/lane_angle-0.0.0-py3.10.egg-info' (and everything under it)
[35.673s] Copying ../../../../build/lane_angle/lane_angle.egg-info to /home/crofi/AutoModel_Rep/install/lane_angle/lib/python3.10/site-packages/lane_angle-0.0.0-py3.10.egg-info
[35.686s] running install_scripts
[35.896s] Installing lane_angle script to /home/crofi/AutoModel_Rep/install/lane_angle/lib/lane_angle
[35.899s] writing list of installed files to '/home/crofi/AutoModel_Rep/build/lane_angle/install.log'
[44.114s] Invoked command in '/home/crofi/AutoModel_Rep/ros2_ws/src/vision/lane_angle' returned '0': PYTHONPATH=/home/crofi/AutoModel_Rep/build/lane_angle/prefix_override:/usr/lib/python3/dist-packages/colcon_core/task/python/colcon_distutils_commands:/home/crofi/AutoModel_Rep/install/lane_angle/lib/python3.10/site-packages:${PYTHONPATH} /usr/bin/python3 -W ignore:setup.py install is deprecated -W ignore:easy_install command is deprecated setup.py egg_info --egg-base ../../../../build/lane_angle build --build-base /home/crofi/AutoModel_Rep/build/lane_angle/build install --record /home/crofi/AutoModel_Rep/build/lane_angle/install.log --single-version-externally-managed install_data
