[21.798s] Invoking command in '/home/crofi/ros2_ws/src/vision/lane_angle': PYTHONPATH=/home/crofi/ros2_ws/build/lane_angle/prefix_override:/usr/lib/python3/dist-packages/colcon_core/task/python/colcon_distutils_commands:/home/crofi/ros2_ws/install/lane_angle/lib/python3.10/site-packages:${PYTHONPATH} /usr/bin/python3 -W ignore:setup.py install is deprecated -W ignore:easy_install command is deprecated setup.py egg_info --egg-base ../../../build/lane_angle build --build-base /home/crofi/ros2_ws/build/lane_angle/build install --record /home/crofi/ros2_ws/build/lane_angle/install.log --single-version-externally-managed install_data
[26.688s] running egg_info
[26.693s] writing ../../../build/lane_angle/lane_angle.egg-info/PKG-INFO
[26.703s] writing dependency_links to ../../../build/lane_angle/lane_angle.egg-info/dependency_links.txt
[26.707s] writing entry points to ../../../build/lane_angle/lane_angle.egg-info/entry_points.txt
[26.708s] writing requirements to ../../../build/lane_angle/lane_angle.egg-info/requires.txt
[26.722s] writing top-level names to ../../../build/lane_angle/lane_angle.egg-info/top_level.txt
[26.731s] reading manifest file '../../../build/lane_angle/lane_angle.egg-info/SOURCES.txt'
[26.743s] writing manifest file '../../../build/lane_angle/lane_angle.egg-info/SOURCES.txt'
[26.744s] running build
[26.745s] running build_py
[26.745s] copying lane_angle/lane_angle.py -> /home/crofi/ros2_ws/build/lane_angle/build/lib/lane_angle
[26.768s] running install
[26.786s] running install_lib
[26.801s] copying /home/crofi/ros2_ws/build/lane_angle/build/lib/lane_angle/lane_angle.py -> /home/crofi/ros2_ws/install/lane_angle/lib/python3.10/site-packages/lane_angle
[26.838s] byte-compiling /home/crofi/ros2_ws/install/lane_angle/lib/python3.10/site-packages/lane_angle/lane_angle.py to lane_angle.cpython-310.pyc
[26.863s] running install_data
[26.870s] running install_egg_info
[26.889s] removing '/home/crofi/ros2_ws/install/lane_angle/lib/python3.10/site-packages/lane_angle-0.0.0-py3.10.egg-info' (and everything under it)
[26.897s] Copying ../../../build/lane_angle/lane_angle.egg-info to /home/crofi/ros2_ws/install/lane_angle/lib/python3.10/site-packages/lane_angle-0.0.0-py3.10.egg-info
[26.944s] running install_scripts
[27.326s] Installing lane_angle script to /home/crofi/ros2_ws/install/lane_angle/lib/lane_angle
[27.336s] writing list of installed files to '/home/crofi/ros2_ws/build/lane_angle/install.log'
[27.788s] Invoked command in '/home/crofi/ros2_ws/src/vision/lane_angle' returned '0': PYTHONPATH=/home/crofi/ros2_ws/build/lane_angle/prefix_override:/usr/lib/python3/dist-packages/colcon_core/task/python/colcon_distutils_commands:/home/crofi/ros2_ws/install/lane_angle/lib/python3.10/site-packages:${PYTHONPATH} /usr/bin/python3 -W ignore:setup.py install is deprecated -W ignore:easy_install command is deprecated setup.py egg_info --egg-base ../../../build/lane_angle build --build-base /home/crofi/ros2_ws/build/lane_angle/build install --record /home/crofi/ros2_ws/build/lane_angle/install.log --single-version-externally-managed install_data
