[27.146s] Invoking command in '/home/crofi/ros2_ws/src/vision/lane_angle': PYTHONPATH=/home/crofi/ros2_ws/build/lane_angle/prefix_override:/usr/lib/python3/dist-packages/colcon_core/task/python/colcon_distutils_commands:/home/crofi/ros2_ws/install/lane_angle/lib/python3.10/site-packages:${PYTHONPATH} /usr/bin/python3 -W ignore:setup.py install is deprecated -W ignore:easy_install command is deprecated setup.py egg_info --egg-base ../../../build/lane_angle build --build-base /home/crofi/ros2_ws/build/lane_angle/build install --record /home/crofi/ros2_ws/build/lane_angle/install.log --single-version-externally-managed install_data
[33.812s] running egg_info
[33.818s] writing ../../../build/lane_angle/lane_angle.egg-info/PKG-INFO
[33.819s] writing dependency_links to ../../../build/lane_angle/lane_angle.egg-info/dependency_links.txt
[33.821s] writing entry points to ../../../build/lane_angle/lane_angle.egg-info/entry_points.txt
[33.825s] writing requirements to ../../../build/lane_angle/lane_angle.egg-info/requires.txt
[33.826s] writing top-level names to ../../../build/lane_angle/lane_angle.egg-info/top_level.txt
[33.844s] reading manifest file '../../../build/lane_angle/lane_angle.egg-info/SOURCES.txt'
[33.851s] writing manifest file '../../../build/lane_angle/lane_angle.egg-info/SOURCES.txt'
[33.854s] running build
[33.854s] running build_py
[33.855s] running install
[33.856s] running install_lib
[33.870s] running install_data
[33.871s] running install_egg_info
[33.886s] removing '/home/crofi/ros2_ws/install/lane_angle/lib/python3.10/site-packages/lane_angle-0.0.0-py3.10.egg-info' (and everything under it)
[33.897s] Copying ../../../build/lane_angle/lane_angle.egg-info to /home/crofi/ros2_ws/install/lane_angle/lib/python3.10/site-packages/lane_angle-0.0.0-py3.10.egg-info
[33.903s] running install_scripts
[34.069s] Installing lane_angle script to /home/crofi/ros2_ws/install/lane_angle/lib/lane_angle
[34.081s] writing list of installed files to '/home/crofi/ros2_ws/build/lane_angle/install.log'
[34.353s] Invoked command in '/home/crofi/ros2_ws/src/vision/lane_angle' returned '0': PYTHONPATH=/home/crofi/ros2_ws/build/lane_angle/prefix_override:/usr/lib/python3/dist-packages/colcon_core/task/python/colcon_distutils_commands:/home/crofi/ros2_ws/install/lane_angle/lib/python3.10/site-packages:${PYTHONPATH} /usr/bin/python3 -W ignore:setup.py install is deprecated -W ignore:easy_install command is deprecated setup.py egg_info --egg-base ../../../build/lane_angle build --build-base /home/crofi/ros2_ws/build/lane_angle/build install --record /home/crofi/ros2_ws/build/lane_angle/install.log --single-version-externally-managed install_data
