[15.577s] Invoking command in '/home/crofi/ros2_ws/src/vision/lane_angle': PYTHONPATH=/home/crofi/ros2_ws/build/lane_angle/prefix_override:/usr/lib/python3/dist-packages/colcon_core/task/python/colcon_distutils_commands:/home/crofi/ros2_ws/install/lane_angle/lib/python3.10/site-packages:${PYTHONPATH} /usr/bin/python3 -W ignore:setup.py install is deprecated -W ignore:easy_install command is deprecated setup.py egg_info --egg-base ../../../build/lane_angle build --build-base /home/crofi/ros2_ws/build/lane_angle/build install --record /home/crofi/ros2_ws/build/lane_angle/install.log --single-version-externally-managed install_data
[18.835s] running egg_info
[18.848s] writing ../../../build/lane_angle/lane_angle.egg-info/PKG-INFO
[18.849s] writing dependency_links to ../../../build/lane_angle/lane_angle.egg-info/dependency_links.txt
[18.860s] writing entry points to ../../../build/lane_angle/lane_angle.egg-info/entry_points.txt
[18.860s] writing requirements to ../../../build/lane_angle/lane_angle.egg-info/requires.txt
[18.861s] writing top-level names to ../../../build/lane_angle/lane_angle.egg-info/top_level.txt
[18.863s] reading manifest file '../../../build/lane_angle/lane_angle.egg-info/SOURCES.txt'
[18.871s] writing manifest file '../../../build/lane_angle/lane_angle.egg-info/SOURCES.txt'
[18.873s] running build
[18.876s] running build_py
[18.885s] copying lane_angle/lane_angle.py -> /home/crofi/ros2_ws/build/lane_angle/build/lib/lane_angle
[18.886s] running install
[18.898s] running install_lib
[18.917s] copying /home/crofi/ros2_ws/build/lane_angle/build/lib/lane_angle/lane_angle.py -> /home/crofi/ros2_ws/install/lane_angle/lib/python3.10/site-packages/lane_angle
[18.956s] byte-compiling /home/crofi/ros2_ws/install/lane_angle/lib/python3.10/site-packages/lane_angle/lane_angle.py to lane_angle.cpython-310.pyc
[18.968s] running install_data
[18.971s] running install_egg_info
[19.010s] removing '/home/crofi/ros2_ws/install/lane_angle/lib/python3.10/site-packages/lane_angle-0.0.0-py3.10.egg-info' (and everything under it)
[19.016s] Copying ../../../build/lane_angle/lane_angle.egg-info to /home/crofi/ros2_ws/install/lane_angle/lib/python3.10/site-packages/lane_angle-0.0.0-py3.10.egg-info
[19.065s] running install_scripts
[19.270s] Installing lane_angle script to /home/crofi/ros2_ws/install/lane_angle/lib/lane_angle
[19.273s] writing list of installed files to '/home/crofi/ros2_ws/build/lane_angle/install.log'
[19.663s] Invoked command in '/home/crofi/ros2_ws/src/vision/lane_angle' returned '0': PYTHONPATH=/home/crofi/ros2_ws/build/lane_angle/prefix_override:/usr/lib/python3/dist-packages/colcon_core/task/python/colcon_distutils_commands:/home/crofi/ros2_ws/install/lane_angle/lib/python3.10/site-packages:${PYTHONPATH} /usr/bin/python3 -W ignore:setup.py install is deprecated -W ignore:easy_install command is deprecated setup.py egg_info --egg-base ../../../build/lane_angle build --build-base /home/crofi/ros2_ws/build/lane_angle/build install --record /home/crofi/ros2_ws/build/lane_angle/install.log --single-version-externally-managed install_data
