[3.090s] Invoking command in '/home/crofi/AutoModelCrofi/ros2_ws/build/ydlidar_client': PYTHONPATH=/home/crofi/AutoModelCrofi/ros2_ws/build/ydlidar_client/prefix_override:/usr/lib/python3/dist-packages/colcon_core/task/python/colcon_distutils_commands:/home/crofi/AutoModelCrofi/ros2_ws/install/ydlidar_client/lib/python3.10/site-packages:${PYTHONPATH} /usr/bin/python3 -W ignore:setup.py install is deprecated -W ignore:easy_install command is deprecated setup.py develop --uninstall --editable --build-directory /home/crofi/AutoModelCrofi/ros2_ws/build/ydlidar_client/build
[4.087s] running develop
[4.871s] Removing /home/crofi/AutoModelCrofi/ros2_ws/install/ydlidar_client/lib/python3.10/site-packages/ydlidar-client.egg-link (link to .)
[4.939s] Invoked command in '/home/crofi/AutoModelCrofi/ros2_ws/build/ydlidar_client' returned '0': PYTHONPATH=/home/crofi/AutoModelCrofi/ros2_ws/build/ydlidar_client/prefix_override:/usr/lib/python3/dist-packages/colcon_core/task/python/colcon_distutils_commands:/home/crofi/AutoModelCrofi/ros2_ws/install/ydlidar_client/lib/python3.10/site-packages:${PYTHONPATH} /usr/bin/python3 -W ignore:setup.py install is deprecated -W ignore:easy_install command is deprecated setup.py develop --uninstall --editable --build-directory /home/crofi/AutoModelCrofi/ros2_ws/build/ydlidar_client/build
[4.943s] Invoking command in '/home/crofi/AutoModelCrofi/ros2_ws/src/hardware/ydlidar_client': PYTHONPATH=/home/crofi/AutoModelCrofi/ros2_ws/build/ydlidar_client/prefix_override:/usr/lib/python3/dist-packages/colcon_core/task/python/colcon_distutils_commands:/home/crofi/AutoModelCrofi/ros2_ws/install/ydlidar_client/lib/python3.10/site-packages:${PYTHONPATH} /usr/bin/python3 -W ignore:setup.py install is deprecated -W ignore:easy_install command is deprecated setup.py egg_info --egg-base ../../../build/ydlidar_client build --build-base /home/crofi/AutoModelCrofi/ros2_ws/build/ydlidar_client/build install --record /home/crofi/AutoModelCrofi/ros2_ws/build/ydlidar_client/install.log --single-version-externally-managed install_data --force
[5.707s] running egg_info
[5.708s] writing ../../../build/ydlidar_client/ydlidar_client.egg-info/PKG-INFO
[5.708s] writing dependency_links to ../../../build/ydlidar_client/ydlidar_client.egg-info/dependency_links.txt
[5.708s] writing entry points to ../../../build/ydlidar_client/ydlidar_client.egg-info/entry_points.txt
[5.708s] writing requirements to ../../../build/ydlidar_client/ydlidar_client.egg-info/requires.txt
[5.708s] writing top-level names to ../../../build/ydlidar_client/ydlidar_client.egg-info/top_level.txt
[5.713s] reading manifest file '../../../build/ydlidar_client/ydlidar_client.egg-info/SOURCES.txt'
[5.713s] writing manifest file '../../../build/ydlidar_client/ydlidar_client.egg-info/SOURCES.txt'
[5.713s] running build
[5.714s] running build_py
[5.714s] creating /home/crofi/AutoModelCrofi/ros2_ws/build/ydlidar_client/build
[5.716s] creating /home/crofi/AutoModelCrofi/ros2_ws/build/ydlidar_client/build/lib
[5.717s] creating /home/crofi/AutoModelCrofi/ros2_ws/build/ydlidar_client/build/lib/ydlidar_client
[5.721s] copying ydlidar_client/rebase.py -> /home/crofi/AutoModelCrofi/ros2_ws/build/ydlidar_client/build/lib/ydlidar_client
[5.722s] copying ydlidar_client/ParkingTestDaniel.py -> /home/crofi/AutoModelCrofi/ros2_ws/build/ydlidar_client/build/lib/ydlidar_client
[5.722s] copying ydlidar_client/colision.py -> /home/crofi/AutoModelCrofi/ros2_ws/build/ydlidar_client/build/lib/ydlidar_client
[5.725s] copying ydlidar_client/__init__.py -> /home/crofi/AutoModelCrofi/ros2_ws/build/ydlidar_client/build/lib/ydlidar_client
[5.725s] copying ydlidar_client/ydlidar_client.py -> /home/crofi/AutoModelCrofi/ros2_ws/build/ydlidar_client/build/lib/ydlidar_client
[5.726s] copying ydlidar_client/parkyng.py -> /home/crofi/AutoModelCrofi/ros2_ws/build/ydlidar_client/build/lib/ydlidar_client
[5.726s] copying ydlidar_client/ydlidar_publisher.py -> /home/crofi/AutoModelCrofi/ros2_ws/build/ydlidar_client/build/lib/ydlidar_client
[5.727s] running install
[5.731s] running install_lib
[5.731s] creating /home/crofi/AutoModelCrofi/ros2_ws/install/ydlidar_client/lib/python3.10/site-packages/ydlidar_client
[5.731s] copying /home/crofi/AutoModelCrofi/ros2_ws/build/ydlidar_client/build/lib/ydlidar_client/rebase.py -> /home/crofi/AutoModelCrofi/ros2_ws/install/ydlidar_client/lib/python3.10/site-packages/ydlidar_client
[5.734s] copying /home/crofi/AutoModelCrofi/ros2_ws/build/ydlidar_client/build/lib/ydlidar_client/ParkingTestDaniel.py -> /home/crofi/AutoModelCrofi/ros2_ws/install/ydlidar_client/lib/python3.10/site-packages/ydlidar_client
[5.735s] copying /home/crofi/AutoModelCrofi/ros2_ws/build/ydlidar_client/build/lib/ydlidar_client/colision.py -> /home/crofi/AutoModelCrofi/ros2_ws/install/ydlidar_client/lib/python3.10/site-packages/ydlidar_client
[5.736s] copying /home/crofi/AutoModelCrofi/ros2_ws/build/ydlidar_client/build/lib/ydlidar_client/__init__.py -> /home/crofi/AutoModelCrofi/ros2_ws/install/ydlidar_client/lib/python3.10/site-packages/ydlidar_client
[5.736s] copying /home/crofi/AutoModelCrofi/ros2_ws/build/ydlidar_client/build/lib/ydlidar_client/ydlidar_client.py -> /home/crofi/AutoModelCrofi/ros2_ws/install/ydlidar_client/lib/python3.10/site-packages/ydlidar_client
[5.737s] copying /home/crofi/AutoModelCrofi/ros2_ws/build/ydlidar_client/build/lib/ydlidar_client/parkyng.py -> /home/crofi/AutoModelCrofi/ros2_ws/install/ydlidar_client/lib/python3.10/site-packages/ydlidar_client
[5.737s] copying /home/crofi/AutoModelCrofi/ros2_ws/build/ydlidar_client/build/lib/ydlidar_client/ydlidar_publisher.py -> /home/crofi/AutoModelCrofi/ros2_ws/install/ydlidar_client/lib/python3.10/site-packages/ydlidar_client
[5.737s] byte-compiling /home/crofi/AutoModelCrofi/ros2_ws/install/ydlidar_client/lib/python3.10/site-packages/ydlidar_client/rebase.py to rebase.cpython-310.pyc
[5.739s] byte-compiling /home/crofi/AutoModelCrofi/ros2_ws/install/ydlidar_client/lib/python3.10/site-packages/ydlidar_client/ParkingTestDaniel.py to ParkingTestDaniel.cpython-310.pyc
[5.741s] byte-compiling /home/crofi/AutoModelCrofi/ros2_ws/install/ydlidar_client/lib/python3.10/site-packages/ydlidar_client/colision.py to colision.cpython-310.pyc
[5.752s] byte-compiling /home/crofi/AutoModelCrofi/ros2_ws/install/ydlidar_client/lib/python3.10/site-packages/ydlidar_client/__init__.py to __init__.cpython-310.pyc
[5.755s] byte-compiling /home/crofi/AutoModelCrofi/ros2_ws/install/ydlidar_client/lib/python3.10/site-packages/ydlidar_client/ydlidar_client.py to ydlidar_client.cpython-310.pyc
[5.759s] byte-compiling /home/crofi/AutoModelCrofi/ros2_ws/install/ydlidar_client/lib/python3.10/site-packages/ydlidar_client/parkyng.py to parkyng.cpython-310.pyc
[5.766s] byte-compiling /home/crofi/AutoModelCrofi/ros2_ws/install/ydlidar_client/lib/python3.10/site-packages/ydlidar_client/ydlidar_publisher.py to ydlidar_publisher.cpython-310.pyc
[5.768s] running install_data
[5.769s] copying resource/ydlidar_client -> /home/crofi/AutoModelCrofi/ros2_ws/install/ydlidar_client/share/ament_index/resource_index/packages
[5.771s] copying package.xml -> /home/crofi/AutoModelCrofi/ros2_ws/install/ydlidar_client/share/ydlidar_client
[5.771s] running install_egg_info
[5.782s] Copying ../../../build/ydlidar_client/ydlidar_client.egg-info to /home/crofi/AutoModelCrofi/ros2_ws/install/ydlidar_client/lib/python3.10/site-packages/ydlidar_client-0.0.0-py3.10.egg-info
[5.788s] running install_scripts
[5.863s] Installing colision script to /home/crofi/AutoModelCrofi/ros2_ws/install/ydlidar_client/lib/ydlidar_client
[5.864s] Installing parkyng script to /home/crofi/AutoModelCrofi/ros2_ws/install/ydlidar_client/lib/ydlidar_client
[5.865s] Installing rebase script to /home/crofi/AutoModelCrofi/ros2_ws/install/ydlidar_client/lib/ydlidar_client
[5.868s] Installing ydlidar_client script to /home/crofi/AutoModelCrofi/ros2_ws/install/ydlidar_client/lib/ydlidar_client
[5.869s] Installing ydlidar_publisher script to /home/crofi/AutoModelCrofi/ros2_ws/install/ydlidar_client/lib/ydlidar_client
[5.871s] writing list of installed files to '/home/crofi/AutoModelCrofi/ros2_ws/build/ydlidar_client/install.log'
[5.939s] Invoked command in '/home/crofi/AutoModelCrofi/ros2_ws/src/hardware/ydlidar_client' returned '0': PYTHONPATH=/home/crofi/AutoModelCrofi/ros2_ws/build/ydlidar_client/prefix_override:/usr/lib/python3/dist-packages/colcon_core/task/python/colcon_distutils_commands:/home/crofi/AutoModelCrofi/ros2_ws/install/ydlidar_client/lib/python3.10/site-packages:${PYTHONPATH} /usr/bin/python3 -W ignore:setup.py install is deprecated -W ignore:easy_install command is deprecated setup.py egg_info --egg-base ../../../build/ydlidar_client build --build-base /home/crofi/AutoModelCrofi/ros2_ws/build/ydlidar_client/build install --record /home/crofi/AutoModelCrofi/ros2_ws/build/ydlidar_client/install.log --single-version-externally-managed install_data --force
