[9.437s] Invoking command in '/home/crofi/ros2_ws/src/hardware/servo': PYTHONPATH=/home/crofi/ros2_ws/build/servo/prefix_override:/usr/lib/python3/dist-packages/colcon_core/task/python/colcon_distutils_commands:/home/crofi/ros2_ws/install/servo/lib/python3.10/site-packages:${PYTHONPATH} /usr/bin/python3 -W ignore:setup.py install is deprecated -W ignore:easy_install command is deprecated setup.py egg_info --egg-base ../../../build/servo build --build-base /home/crofi/ros2_ws/build/servo/build install --record /home/crofi/ros2_ws/build/servo/install.log --single-version-externally-managed install_data
[11.479s] running egg_info
[11.482s] writing ../../../build/servo/servo.egg-info/PKG-INFO
[11.486s] writing dependency_links to ../../../build/servo/servo.egg-info/dependency_links.txt
[11.487s] writing entry points to ../../../build/servo/servo.egg-info/entry_points.txt
[11.488s] writing requirements to ../../../build/servo/servo.egg-info/requires.txt
[11.488s] writing top-level names to ../../../build/servo/servo.egg-info/top_level.txt
[11.499s] reading manifest file '../../../build/servo/servo.egg-info/SOURCES.txt'
[11.504s] writing manifest file '../../../build/servo/servo.egg-info/SOURCES.txt'
[11.505s] running build
[11.506s] running build_py
[11.508s] running install
[11.519s] running install_lib
[11.526s] running install_data
[11.527s] running install_egg_info
[11.536s] removing '/home/crofi/ros2_ws/install/servo/lib/python3.10/site-packages/servo-0.0.0-py3.10.egg-info' (and everything under it)
[11.539s] Copying ../../../build/servo/servo.egg-info to /home/crofi/ros2_ws/install/servo/lib/python3.10/site-packages/servo-0.0.0-py3.10.egg-info
[11.548s] running install_scripts
[11.683s] Installing servo script to /home/crofi/ros2_ws/install/servo/lib/servo
[11.685s] writing list of installed files to '/home/crofi/ros2_ws/build/servo/install.log'
[11.903s] Invoked command in '/home/crofi/ros2_ws/src/hardware/servo' returned '0': PYTHONPATH=/home/crofi/ros2_ws/build/servo/prefix_override:/usr/lib/python3/dist-packages/colcon_core/task/python/colcon_distutils_commands:/home/crofi/ros2_ws/install/servo/lib/python3.10/site-packages:${PYTHONPATH} /usr/bin/python3 -W ignore:setup.py install is deprecated -W ignore:easy_install command is deprecated setup.py egg_info --egg-base ../../../build/servo build --build-base /home/crofi/ros2_ws/build/servo/build install --record /home/crofi/ros2_ws/build/servo/install.log --single-version-externally-managed install_data
