[14.823s] Invoking command in '/home/crofi/AutoModel_Rep/ros2_ws/src/hardware/servo': PYTHONPATH=/home/crofi/AutoModel_Rep/build/servo/prefix_override:/usr/lib/python3/dist-packages/colcon_core/task/python/colcon_distutils_commands:/home/crofi/AutoModel_Rep/install/servo/lib/python3.10/site-packages:${PYTHONPATH} /usr/bin/python3 -W ignore:setup.py install is deprecated -W ignore:easy_install command is deprecated setup.py egg_info --egg-base ../../../../build/servo build --build-base /home/crofi/AutoModel_Rep/build/servo/build install --record /home/crofi/AutoModel_Rep/build/servo/install.log --single-version-externally-managed install_data
[21.089s] running egg_info
[21.100s] writing ../../../../build/servo/servo.egg-info/PKG-INFO
[21.109s] writing dependency_links to ../../../../build/servo/servo.egg-info/dependency_links.txt
[21.150s] writing entry points to ../../../../build/servo/servo.egg-info/entry_points.txt
[21.163s] writing requirements to ../../../../build/servo/servo.egg-info/requires.txt
[21.165s] writing top-level names to ../../../../build/servo/servo.egg-info/top_level.txt
[21.183s] reading manifest file '../../../../build/servo/servo.egg-info/SOURCES.txt'
[21.185s] writing manifest file '../../../../build/servo/servo.egg-info/SOURCES.txt'
[21.225s] running build
[21.226s] running build_py
[21.227s] running install
[21.235s] running install_lib
[21.262s] running install_data
[21.268s] running install_egg_info
[21.270s] removing '/home/crofi/AutoModel_Rep/install/servo/lib/python3.10/site-packages/servo-0.0.0-py3.10.egg-info' (and everything under it)
[21.287s] Copying ../../../../build/servo/servo.egg-info to /home/crofi/AutoModel_Rep/install/servo/lib/python3.10/site-packages/servo-0.0.0-py3.10.egg-info
[21.287s] running install_scripts
[21.535s] Installing servo script to /home/crofi/AutoModel_Rep/install/servo/lib/servo
[21.538s] writing list of installed files to '/home/crofi/AutoModel_Rep/build/servo/install.log'
[21.955s] Invoked command in '/home/crofi/AutoModel_Rep/ros2_ws/src/hardware/servo' returned '0': PYTHONPATH=/home/crofi/AutoModel_Rep/build/servo/prefix_override:/usr/lib/python3/dist-packages/colcon_core/task/python/colcon_distutils_commands:/home/crofi/AutoModel_Rep/install/servo/lib/python3.10/site-packages:${PYTHONPATH} /usr/bin/python3 -W ignore:setup.py install is deprecated -W ignore:easy_install command is deprecated setup.py egg_info --egg-base ../../../../build/servo build --build-base /home/crofi/AutoModel_Rep/build/servo/build install --record /home/crofi/AutoModel_Rep/build/servo/install.log --single-version-externally-managed install_data
