[28.960s] Invoking command in '/home/crofi/AutoModel_Rep/ros2_ws/src/vision/lane_detector': PYTHONPATH=/home/crofi/AutoModel_Rep/build/lane_detector/prefix_override:/usr/lib/python3/dist-packages/colcon_core/task/python/colcon_distutils_commands:/home/crofi/AutoModel_Rep/install/lane_detector/lib/python3.10/site-packages:${PYTHONPATH} /usr/bin/python3 -W ignore:setup.py install is deprecated -W ignore:easy_install command is deprecated setup.py egg_info --egg-base ../../../../build/lane_detector build --build-base /home/crofi/AutoModel_Rep/build/lane_detector/build install --record /home/crofi/AutoModel_Rep/build/lane_detector/install.log --single-version-externally-managed install_data
[40.953s] running egg_info
[40.961s] writing ../../../../build/lane_detector/lane_detector.egg-info/PKG-INFO
[40.963s] writing dependency_links to ../../../../build/lane_detector/lane_detector.egg-info/dependency_links.txt
[40.965s] writing entry points to ../../../../build/lane_detector/lane_detector.egg-info/entry_points.txt
[40.966s] writing requirements to ../../../../build/lane_detector/lane_detector.egg-info/requires.txt
[40.968s] writing top-level names to ../../../../build/lane_detector/lane_detector.egg-info/top_level.txt
[41.005s] reading manifest file '../../../../build/lane_detector/lane_detector.egg-info/SOURCES.txt'
[41.039s] writing manifest file '../../../../build/lane_detector/lane_detector.egg-info/SOURCES.txt'
[41.058s] running build
[41.067s] running build_py
[41.102s] running install
[41.123s] running install_lib
[41.202s] running install_data
[41.246s] running install_egg_info
[41.330s] removing '/home/crofi/AutoModel_Rep/install/lane_detector/lib/python3.10/site-packages/lane_detector-0.0.0-py3.10.egg-info' (and everything under it)
[41.342s] Copying ../../../../build/lane_detector/lane_detector.egg-info to /home/crofi/AutoModel_Rep/install/lane_detector/lib/python3.10/site-packages/lane_detector-0.0.0-py3.10.egg-info
[41.409s] running install_scripts
[41.664s] Installing lane_detector script to /home/crofi/AutoModel_Rep/install/lane_detector/lib/lane_detector
[41.670s] writing list of installed files to '/home/crofi/AutoModel_Rep/build/lane_detector/install.log'
[42.252s] Invoked command in '/home/crofi/AutoModel_Rep/ros2_ws/src/vision/lane_detector' returned '0': PYTHONPATH=/home/crofi/AutoModel_Rep/build/lane_detector/prefix_override:/usr/lib/python3/dist-packages/colcon_core/task/python/colcon_distutils_commands:/home/crofi/AutoModel_Rep/install/lane_detector/lib/python3.10/site-packages:${PYTHONPATH} /usr/bin/python3 -W ignore:setup.py install is deprecated -W ignore:easy_install command is deprecated setup.py egg_info --egg-base ../../../../build/lane_detector build --build-base /home/crofi/AutoModel_Rep/build/lane_detector/build install --record /home/crofi/AutoModel_Rep/build/lane_detector/install.log --single-version-externally-managed install_data
