[10.115s] Invoking command in '/home/crofi/ros2_ws/src/hardware/servo': PYTHONPATH=/home/crofi/ros2_ws/src/build/servo/prefix_override:/usr/lib/python3/dist-packages/colcon_core/task/python/colcon_distutils_commands:/home/crofi/ros2_ws/src/install/servo/lib/python3.10/site-packages:${PYTHONPATH} /usr/bin/python3 -W ignore:setup.py install is deprecated -W ignore:easy_install command is deprecated setup.py egg_info --egg-base ../../build/servo build --build-base /home/crofi/ros2_ws/src/build/servo/build install --record /home/crofi/ros2_ws/src/build/servo/install.log --single-version-externally-managed install_data
[12.557s] running egg_info
[12.560s] creating ../../build/servo/servo.egg-info
[12.565s] writing ../../build/servo/servo.egg-info/PKG-INFO
[12.594s] writing dependency_links to ../../build/servo/servo.egg-info/dependency_links.txt
[12.597s] writing entry points to ../../build/servo/servo.egg-info/entry_points.txt
[12.623s] writing requirements to ../../build/servo/servo.egg-info/requires.txt
[12.627s] writing top-level names to ../../build/servo/servo.egg-info/top_level.txt
[12.628s] writing manifest file '../../build/servo/servo.egg-info/SOURCES.txt'
[12.632s] reading manifest file '../../build/servo/servo.egg-info/SOURCES.txt'
[12.634s] writing manifest file '../../build/servo/servo.egg-info/SOURCES.txt'
[12.644s] running build
[12.646s] running build_py
[12.649s] creating /home/crofi/ros2_ws/src/build/servo/build
[12.651s] creating /home/crofi/ros2_ws/src/build/servo/build/lib
[12.653s] creating /home/crofi/ros2_ws/src/build/servo/build/lib/servo
[12.657s] copying servo/__init__.py -> /home/crofi/ros2_ws/src/build/servo/build/lib/servo
[12.664s] copying servo/servo.py -> /home/crofi/ros2_ws/src/build/servo/build/lib/servo
[12.675s] running install
[12.688s] running install_lib
[12.697s] creating /home/crofi/ros2_ws/src/install/servo/lib/python3.10/site-packages/servo
[12.700s] copying /home/crofi/ros2_ws/src/build/servo/build/lib/servo/__init__.py -> /home/crofi/ros2_ws/src/install/servo/lib/python3.10/site-packages/servo
[12.708s] copying /home/crofi/ros2_ws/src/build/servo/build/lib/servo/servo.py -> /home/crofi/ros2_ws/src/install/servo/lib/python3.10/site-packages/servo
[12.710s] byte-compiling /home/crofi/ros2_ws/src/install/servo/lib/python3.10/site-packages/servo/__init__.py to __init__.cpython-310.pyc
[12.714s] byte-compiling /home/crofi/ros2_ws/src/install/servo/lib/python3.10/site-packages/servo/servo.py to servo.cpython-310.pyc
[12.723s] running install_data
[12.725s] creating /home/crofi/ros2_ws/src/install/servo/share/ament_index
[12.727s] creating /home/crofi/ros2_ws/src/install/servo/share/ament_index/resource_index
[12.731s] creating /home/crofi/ros2_ws/src/install/servo/share/ament_index/resource_index/packages
[12.734s] copying resource/servo -> /home/crofi/ros2_ws/src/install/servo/share/ament_index/resource_index/packages
[12.737s] copying package.xml -> /home/crofi/ros2_ws/src/install/servo/share/servo
[12.754s] running install_egg_info
[12.756s] Copying ../../build/servo/servo.egg-info to /home/crofi/ros2_ws/src/install/servo/lib/python3.10/site-packages/servo-0.0.0-py3.10.egg-info
[12.758s] running install_scripts
[12.878s] Installing servo script to /home/crofi/ros2_ws/src/install/servo/lib/servo
[12.881s] writing list of installed files to '/home/crofi/ros2_ws/src/build/servo/install.log'
[13.047s] Invoked command in '/home/crofi/ros2_ws/src/hardware/servo' returned '0': PYTHONPATH=/home/crofi/ros2_ws/src/build/servo/prefix_override:/usr/lib/python3/dist-packages/colcon_core/task/python/colcon_distutils_commands:/home/crofi/ros2_ws/src/install/servo/lib/python3.10/site-packages:${PYTHONPATH} /usr/bin/python3 -W ignore:setup.py install is deprecated -W ignore:easy_install command is deprecated setup.py egg_info --egg-base ../../build/servo build --build-base /home/crofi/ros2_ws/src/build/servo/build install --record /home/crofi/ros2_ws/src/build/servo/install.log --single-version-externally-managed install_data
