[12.356s] Invoking command in '/home/crofi/ros2_ws/src/vision/lane_detector': PYTHONPATH=/home/crofi/ros2_ws/build/lane_detector/prefix_override:/usr/lib/python3/dist-packages/colcon_core/task/python/colcon_distutils_commands:/home/crofi/ros2_ws/install/lane_detector/lib/python3.10/site-packages:${PYTHONPATH} /usr/bin/python3 -W ignore:setup.py install is deprecated -W ignore:easy_install command is deprecated setup.py egg_info --egg-base ../../../build/lane_detector build --build-base /home/crofi/ros2_ws/build/lane_detector/build install --record /home/crofi/ros2_ws/build/lane_detector/install.log --single-version-externally-managed install_data
[14.379s] running egg_info
[14.382s] writing ../../../build/lane_detector/lane_detector.egg-info/PKG-INFO
[14.388s] writing dependency_links to ../../../build/lane_detector/lane_detector.egg-info/dependency_links.txt
[14.390s] writing entry points to ../../../build/lane_detector/lane_detector.egg-info/entry_points.txt
[14.392s] writing requirements to ../../../build/lane_detector/lane_detector.egg-info/requires.txt
[14.392s] writing top-level names to ../../../build/lane_detector/lane_detector.egg-info/top_level.txt
[14.402s] reading manifest file '../../../build/lane_detector/lane_detector.egg-info/SOURCES.txt'
[14.411s] writing manifest file '../../../build/lane_detector/lane_detector.egg-info/SOURCES.txt'
[14.412s] running build
[14.413s] running build_py
[14.423s] copying lane_detector/lane_detector.py -> /home/crofi/ros2_ws/build/lane_detector/build/lib/lane_detector
[14.428s] running install
[14.434s] running install_lib
[14.453s] copying /home/crofi/ros2_ws/build/lane_detector/build/lib/lane_detector/lane_detector.py -> /home/crofi/ros2_ws/install/lane_detector/lib/python3.10/site-packages/lane_detector
[14.461s] byte-compiling /home/crofi/ros2_ws/install/lane_detector/lib/python3.10/site-packages/lane_detector/lane_detector.py to lane_detector.cpython-310.pyc
[14.471s] running install_data
[14.474s] running install_egg_info
[14.496s] removing '/home/crofi/ros2_ws/install/lane_detector/lib/python3.10/site-packages/lane_detector-0.0.0-py3.10.egg-info' (and everything under it)
[14.500s] Copying ../../../build/lane_detector/lane_detector.egg-info to /home/crofi/ros2_ws/install/lane_detector/lib/python3.10/site-packages/lane_detector-0.0.0-py3.10.egg-info
[14.526s] running install_scripts
[14.669s] Installing lane_detector script to /home/crofi/ros2_ws/install/lane_detector/lib/lane_detector
[14.675s] writing list of installed files to '/home/crofi/ros2_ws/build/lane_detector/install.log'
[15.268s] Invoked command in '/home/crofi/ros2_ws/src/vision/lane_detector' returned '0': PYTHONPATH=/home/crofi/ros2_ws/build/lane_detector/prefix_override:/usr/lib/python3/dist-packages/colcon_core/task/python/colcon_distutils_commands:/home/crofi/ros2_ws/install/lane_detector/lib/python3.10/site-packages:${PYTHONPATH} /usr/bin/python3 -W ignore:setup.py install is deprecated -W ignore:easy_install command is deprecated setup.py egg_info --egg-base ../../../build/lane_detector build --build-base /home/crofi/ros2_ws/build/lane_detector/build install --record /home/crofi/ros2_ws/build/lane_detector/install.log --single-version-externally-managed install_data
