[10.479s] Invoking command in '/home/crofi/ros2_ws/src/vision/lane_angle': PYTHONPATH=/home/crofi/ros2_ws/build/lane_angle/prefix_override:/usr/lib/python3/dist-packages/colcon_core/task/python/colcon_distutils_commands:/home/crofi/ros2_ws/install/lane_angle/lib/python3.10/site-packages:${PYTHONPATH} /usr/bin/python3 -W ignore:setup.py install is deprecated -W ignore:easy_install command is deprecated setup.py egg_info --egg-base ../../../build/lane_angle build --build-base /home/crofi/ros2_ws/build/lane_angle/build install --record /home/crofi/ros2_ws/build/lane_angle/install.log --single-version-externally-managed install_data
[15.436s] running egg_info
[15.437s] writing ../../../build/lane_angle/lane_angle.egg-info/PKG-INFO
[15.442s] writing dependency_links to ../../../build/lane_angle/lane_angle.egg-info/dependency_links.txt
[15.452s] writing entry points to ../../../build/lane_angle/lane_angle.egg-info/entry_points.txt
[15.454s] writing requirements to ../../../build/lane_angle/lane_angle.egg-info/requires.txt
[15.457s] writing top-level names to ../../../build/lane_angle/lane_angle.egg-info/top_level.txt
[15.487s] reading manifest file '../../../build/lane_angle/lane_angle.egg-info/SOURCES.txt'
[15.489s] writing manifest file '../../../build/lane_angle/lane_angle.egg-info/SOURCES.txt'
[15.491s] running build
[15.494s] running build_py
[15.496s] running install
[15.498s] running install_lib
[15.524s] running install_data
[15.525s] running install_egg_info
[15.543s] removing '/home/crofi/ros2_ws/install/lane_angle/lib/python3.10/site-packages/lane_angle-0.0.0-py3.10.egg-info' (and everything under it)
[15.549s] Copying ../../../build/lane_angle/lane_angle.egg-info to /home/crofi/ros2_ws/install/lane_angle/lib/python3.10/site-packages/lane_angle-0.0.0-py3.10.egg-info
[15.571s] running install_scripts
[15.778s] Installing lane_angle script to /home/crofi/ros2_ws/install/lane_angle/lib/lane_angle
[15.789s] writing list of installed files to '/home/crofi/ros2_ws/build/lane_angle/install.log'
[17.800s] Invoked command in '/home/crofi/ros2_ws/src/vision/lane_angle' returned '0': PYTHONPATH=/home/crofi/ros2_ws/build/lane_angle/prefix_override:/usr/lib/python3/dist-packages/colcon_core/task/python/colcon_distutils_commands:/home/crofi/ros2_ws/install/lane_angle/lib/python3.10/site-packages:${PYTHONPATH} /usr/bin/python3 -W ignore:setup.py install is deprecated -W ignore:easy_install command is deprecated setup.py egg_info --egg-base ../../../build/lane_angle build --build-base /home/crofi/ros2_ws/build/lane_angle/build install --record /home/crofi/ros2_ws/build/lane_angle/install.log --single-version-externally-managed install_data
