[14.731s] Invoking command in '/home/crofi/ros2_ws/src/hardware/webcam': PYTHONPATH=/home/crofi/ros2_ws/build/webcam/prefix_override:/usr/lib/python3/dist-packages/colcon_core/task/python/colcon_distutils_commands:/home/crofi/ros2_ws/install/webcam/lib/python3.10/site-packages:${PYTHONPATH} /usr/bin/python3 -W ignore:setup.py install is deprecated -W ignore:easy_install command is deprecated setup.py egg_info --egg-base ../../../build/webcam build --build-base /home/crofi/ros2_ws/build/webcam/build install --record /home/crofi/ros2_ws/build/webcam/install.log --single-version-externally-managed install_data
[20.664s] running egg_info
[20.675s] writing ../../../build/webcam/webcam.egg-info/PKG-INFO
[20.679s] writing dependency_links to ../../../build/webcam/webcam.egg-info/dependency_links.txt
[20.690s] writing entry points to ../../../build/webcam/webcam.egg-info/entry_points.txt
[20.699s] writing requirements to ../../../build/webcam/webcam.egg-info/requires.txt
[20.700s] writing top-level names to ../../../build/webcam/webcam.egg-info/top_level.txt
[20.725s] reading manifest file '../../../build/webcam/webcam.egg-info/SOURCES.txt'
[20.736s] adding license file 'LICENSE'
[20.736s] writing manifest file '../../../build/webcam/webcam.egg-info/SOURCES.txt'
[20.737s] running build
[20.741s] running build_py
[20.746s] running install
[20.760s] running install_lib
[20.774s] running install_data
[20.774s] running install_egg_info
[20.781s] removing '/home/crofi/ros2_ws/install/webcam/lib/python3.10/site-packages/webcam-0.0.0-py3.10.egg-info' (and everything under it)
[20.785s] Copying ../../../build/webcam/webcam.egg-info to /home/crofi/ros2_ws/install/webcam/lib/python3.10/site-packages/webcam-0.0.0-py3.10.egg-info
[20.806s] running install_scripts
[21.085s] Installing webcam script to /home/crofi/ros2_ws/install/webcam/lib/webcam
[21.103s] writing list of installed files to '/home/crofi/ros2_ws/build/webcam/install.log'
[21.552s] Invoked command in '/home/crofi/ros2_ws/src/hardware/webcam' returned '0': PYTHONPATH=/home/crofi/ros2_ws/build/webcam/prefix_override:/usr/lib/python3/dist-packages/colcon_core/task/python/colcon_distutils_commands:/home/crofi/ros2_ws/install/webcam/lib/python3.10/site-packages:${PYTHONPATH} /usr/bin/python3 -W ignore:setup.py install is deprecated -W ignore:easy_install command is deprecated setup.py egg_info --egg-base ../../../build/webcam build --build-base /home/crofi/ros2_ws/build/webcam/build install --record /home/crofi/ros2_ws/build/webcam/install.log --single-version-externally-managed install_data
