[50.470s] Invoking command in '/home/crofi/AutoModel_Rep/ros2_ws/src/vision/lane_angle': PYTHONPATH=/home/crofi/AutoModel_Rep/build/lane_angle/prefix_override:/usr/lib/python3/dist-packages/colcon_core/task/python/colcon_distutils_commands:/home/crofi/AutoModel_Rep/install/lane_angle/lib/python3.10/site-packages:${PYTHONPATH} /usr/bin/python3 -W ignore:setup.py install is deprecated -W ignore:easy_install command is deprecated setup.py egg_info --egg-base ../../../../build/lane_angle build --build-base /home/crofi/AutoModel_Rep/build/lane_angle/build install --record /home/crofi/AutoModel_Rep/build/lane_angle/install.log --single-version-externally-managed install_data
[59.806s] running egg_info
[59.807s] writing ../../../../build/lane_angle/lane_angle.egg-info/PKG-INFO
[59.808s] writing dependency_links to ../../../../build/lane_angle/lane_angle.egg-info/dependency_links.txt
[59.808s] writing entry points to ../../../../build/lane_angle/lane_angle.egg-info/entry_points.txt
[59.884s] writing requirements to ../../../../build/lane_angle/lane_angle.egg-info/requires.txt
[59.901s] writing top-level names to ../../../../build/lane_angle/lane_angle.egg-info/top_level.txt
[59.922s] reading manifest file '../../../../build/lane_angle/lane_angle.egg-info/SOURCES.txt'
[59.923s] writing manifest file '../../../../build/lane_angle/lane_angle.egg-info/SOURCES.txt'
[59.924s] running build
[59.924s] running build_py
[59.945s] running install
[59.946s] running install_lib
[59.974s]   File "/home/crofi/AutoModel_Rep/install/lane_angle/lib/python3.10/site-packages/lane_angle/lane_angle.py", line 47
[59.993s]     print(f"right lines: {len(right_lines}")            
[60.019s]                                            ^
[60.030s] SyntaxError: f-string: closing parenthesis '}' does not match opening parenthesis '('
[60.035s] 
[60.113s] byte-compiling /home/crofi/AutoModel_Rep/install/lane_angle/lib/python3.10/site-packages/lane_angle/lane_angle.py to lane_angle.cpython-310.pyc
[60.114s] running install_data
[60.116s] running install_egg_info
[60.176s] removing '/home/crofi/AutoModel_Rep/install/lane_angle/lib/python3.10/site-packages/lane_angle-0.0.0-py3.10.egg-info' (and everything under it)
[60.222s] Copying ../../../../build/lane_angle/lane_angle.egg-info to /home/crofi/AutoModel_Rep/install/lane_angle/lib/python3.10/site-packages/lane_angle-0.0.0-py3.10.egg-info
[60.223s] running install_scripts
[60.785s] Installing lane_angle script to /home/crofi/AutoModel_Rep/install/lane_angle/lib/lane_angle
[60.786s] writing list of installed files to '/home/crofi/AutoModel_Rep/build/lane_angle/install.log'
[62.595s] Invoked command in '/home/crofi/AutoModel_Rep/ros2_ws/src/vision/lane_angle' returned '0': PYTHONPATH=/home/crofi/AutoModel_Rep/build/lane_angle/prefix_override:/usr/lib/python3/dist-packages/colcon_core/task/python/colcon_distutils_commands:/home/crofi/AutoModel_Rep/install/lane_angle/lib/python3.10/site-packages:${PYTHONPATH} /usr/bin/python3 -W ignore:setup.py install is deprecated -W ignore:easy_install command is deprecated setup.py egg_info --egg-base ../../../../build/lane_angle build --build-base /home/crofi/AutoModel_Rep/build/lane_angle/build install --record /home/crofi/AutoModel_Rep/build/lane_angle/install.log --single-version-externally-managed install_data
