[11.314s] Invoking command in '/home/crofi/ros2_ws/src/vision/lane_angle': PYTHONPATH=/home/crofi/ros2_ws/build/lane_angle/prefix_override:/usr/lib/python3/dist-packages/colcon_core/task/python/colcon_distutils_commands:/home/crofi/ros2_ws/install/lane_angle/lib/python3.10/site-packages:${PYTHONPATH} /usr/bin/python3 -W ignore:setup.py install is deprecated -W ignore:easy_install command is deprecated setup.py egg_info --egg-base ../../../build/lane_angle build --build-base /home/crofi/ros2_ws/build/lane_angle/build install --record /home/crofi/ros2_ws/build/lane_angle/install.log --single-version-externally-managed install_data
[14.155s] running egg_info
[14.164s] writing ../../../build/lane_angle/lane_angle.egg-info/PKG-INFO
[14.165s] writing dependency_links to ../../../build/lane_angle/lane_angle.egg-info/dependency_links.txt
[14.166s] writing entry points to ../../../build/lane_angle/lane_angle.egg-info/entry_points.txt
[14.167s] writing requirements to ../../../build/lane_angle/lane_angle.egg-info/requires.txt
[14.168s] writing top-level names to ../../../build/lane_angle/lane_angle.egg-info/top_level.txt
[14.179s] reading manifest file '../../../build/lane_angle/lane_angle.egg-info/SOURCES.txt'
[14.187s] writing manifest file '../../../build/lane_angle/lane_angle.egg-info/SOURCES.txt'
[14.188s] running build
[14.188s] running build_py
[14.191s] running install
[14.193s] running install_lib
[14.209s] running install_data
[14.210s] running install_egg_info
[14.222s] removing '/home/crofi/ros2_ws/install/lane_angle/lib/python3.10/site-packages/lane_angle-0.0.0-py3.10.egg-info' (and everything under it)
[14.226s] Copying ../../../build/lane_angle/lane_angle.egg-info to /home/crofi/ros2_ws/install/lane_angle/lib/python3.10/site-packages/lane_angle-0.0.0-py3.10.egg-info
[14.237s] running install_scripts
[14.400s] Installing lane_angle script to /home/crofi/ros2_ws/install/lane_angle/lib/lane_angle
[14.404s] writing list of installed files to '/home/crofi/ros2_ws/build/lane_angle/install.log'
[16.076s] Invoked command in '/home/crofi/ros2_ws/src/vision/lane_angle' returned '0': PYTHONPATH=/home/crofi/ros2_ws/build/lane_angle/prefix_override:/usr/lib/python3/dist-packages/colcon_core/task/python/colcon_distutils_commands:/home/crofi/ros2_ws/install/lane_angle/lib/python3.10/site-packages:${PYTHONPATH} /usr/bin/python3 -W ignore:setup.py install is deprecated -W ignore:easy_install command is deprecated setup.py egg_info --egg-base ../../../build/lane_angle build --build-base /home/crofi/ros2_ws/build/lane_angle/build install --record /home/crofi/ros2_ws/build/lane_angle/install.log --single-version-externally-managed install_data
