[13.120s] Invoking command in '/home/crofi/AutoModel_Rep/ros2_ws/src/vision/lane_detector': PYTHONPATH=/home/crofi/AutoModel_Rep/build/lane_detector/prefix_override:/usr/lib/python3/dist-packages/colcon_core/task/python/colcon_distutils_commands:/home/crofi/AutoModel_Rep/install/lane_detector/lib/python3.10/site-packages:${PYTHONPATH} /usr/bin/python3 -W ignore:setup.py install is deprecated -W ignore:easy_install command is deprecated setup.py egg_info --egg-base ../../../../build/lane_detector build --build-base /home/crofi/AutoModel_Rep/build/lane_detector/build install --record /home/crofi/AutoModel_Rep/build/lane_detector/install.log --single-version-externally-managed install_data
[17.146s] running egg_info
[17.152s] writing ../../../../build/lane_detector/lane_detector.egg-info/PKG-INFO
[17.154s] writing dependency_links to ../../../../build/lane_detector/lane_detector.egg-info/dependency_links.txt
[17.156s] writing entry points to ../../../../build/lane_detector/lane_detector.egg-info/entry_points.txt
[17.158s] writing requirements to ../../../../build/lane_detector/lane_detector.egg-info/requires.txt
[17.172s] writing top-level names to ../../../../build/lane_detector/lane_detector.egg-info/top_level.txt
[17.184s] reading manifest file '../../../../build/lane_detector/lane_detector.egg-info/SOURCES.txt'
[17.193s] writing manifest file '../../../../build/lane_detector/lane_detector.egg-info/SOURCES.txt'
[17.195s] running build
[17.196s] running build_py
[17.197s] copying lane_detector/lane_detector.py -> /home/crofi/AutoModel_Rep/build/lane_detector/build/lib/lane_detector
[17.200s] running install
[17.203s] running install_lib
[17.214s] copying /home/crofi/AutoModel_Rep/build/lane_detector/build/lib/lane_detector/lane_detector.py -> /home/crofi/AutoModel_Rep/install/lane_detector/lib/python3.10/site-packages/lane_detector
[17.248s] byte-compiling /home/crofi/AutoModel_Rep/install/lane_detector/lib/python3.10/site-packages/lane_detector/lane_detector.py to lane_detector.cpython-310.pyc
[17.251s] running install_data
[17.253s] running install_egg_info
[17.274s] removing '/home/crofi/AutoModel_Rep/install/lane_detector/lib/python3.10/site-packages/lane_detector-0.0.0-py3.10.egg-info' (and everything under it)
[17.276s] Copying ../../../../build/lane_detector/lane_detector.egg-info to /home/crofi/AutoModel_Rep/install/lane_detector/lib/python3.10/site-packages/lane_detector-0.0.0-py3.10.egg-info
[17.297s] running install_scripts
[17.492s] Installing lane_detector script to /home/crofi/AutoModel_Rep/install/lane_detector/lib/lane_detector
[17.495s] writing list of installed files to '/home/crofi/AutoModel_Rep/build/lane_detector/install.log'
[18.617s] Invoked command in '/home/crofi/AutoModel_Rep/ros2_ws/src/vision/lane_detector' returned '0': PYTHONPATH=/home/crofi/AutoModel_Rep/build/lane_detector/prefix_override:/usr/lib/python3/dist-packages/colcon_core/task/python/colcon_distutils_commands:/home/crofi/AutoModel_Rep/install/lane_detector/lib/python3.10/site-packages:${PYTHONPATH} /usr/bin/python3 -W ignore:setup.py install is deprecated -W ignore:easy_install command is deprecated setup.py egg_info --egg-base ../../../../build/lane_detector build --build-base /home/crofi/AutoModel_Rep/build/lane_detector/build install --record /home/crofi/AutoModel_Rep/build/lane_detector/install.log --single-version-externally-managed install_data
