[15.759s] Invoking command in '/home/crofi/ros2_ws/src/hardware/servo': PYTHONPATH=/home/crofi/ros2_ws/build/servo/prefix_override:/usr/lib/python3/dist-packages/colcon_core/task/python/colcon_distutils_commands:/home/crofi/ros2_ws/install/servo/lib/python3.10/site-packages:${PYTHONPATH} /usr/bin/python3 -W ignore:setup.py install is deprecated -W ignore:easy_install command is deprecated setup.py egg_info --egg-base ../../../build/servo build --build-base /home/crofi/ros2_ws/build/servo/build install --record /home/crofi/ros2_ws/build/servo/install.log --single-version-externally-managed install_data
[19.518s] running egg_info
[19.520s] writing ../../../build/servo/servo.egg-info/PKG-INFO
[19.521s] writing dependency_links to ../../../build/servo/servo.egg-info/dependency_links.txt
[19.524s] writing entry points to ../../../build/servo/servo.egg-info/entry_points.txt
[19.525s] writing requirements to ../../../build/servo/servo.egg-info/requires.txt
[19.527s] writing top-level names to ../../../build/servo/servo.egg-info/top_level.txt
[19.545s] reading manifest file '../../../build/servo/servo.egg-info/SOURCES.txt'
[19.552s] writing manifest file '../../../build/servo/servo.egg-info/SOURCES.txt'
[19.555s] running build
[19.557s] running build_py
[19.559s] running install
[19.563s] running install_lib
[19.595s] running install_data
[19.596s] running install_egg_info
[19.639s] removing '/home/crofi/ros2_ws/install/servo/lib/python3.10/site-packages/servo-0.0.0-py3.10.egg-info' (and everything under it)
[19.650s] Copying ../../../build/servo/servo.egg-info to /home/crofi/ros2_ws/install/servo/lib/python3.10/site-packages/servo-0.0.0-py3.10.egg-info
[19.654s] running install_scripts
[19.842s] Installing servo script to /home/crofi/ros2_ws/install/servo/lib/servo
[19.845s] writing list of installed files to '/home/crofi/ros2_ws/build/servo/install.log'
[22.331s] Invoked command in '/home/crofi/ros2_ws/src/hardware/servo' returned '0': PYTHONPATH=/home/crofi/ros2_ws/build/servo/prefix_override:/usr/lib/python3/dist-packages/colcon_core/task/python/colcon_distutils_commands:/home/crofi/ros2_ws/install/servo/lib/python3.10/site-packages:${PYTHONPATH} /usr/bin/python3 -W ignore:setup.py install is deprecated -W ignore:easy_install command is deprecated setup.py egg_info --egg-base ../../../build/servo build --build-base /home/crofi/ros2_ws/build/servo/build install --record /home/crofi/ros2_ws/build/servo/install.log --single-version-externally-managed install_data
