[2.967s] Invoking command in '/home/crofi/ros2_ws/src/hardware/webcam': PYTHONPATH=/home/crofi/ros2_ws/build/webcam/prefix_override:/usr/lib/python3/dist-packages/colcon_core/task/python/colcon_distutils_commands:/home/crofi/ros2_ws/install/webcam/lib/python3.10/site-packages:${PYTHONPATH} /usr/bin/python3 -W ignore:setup.py install is deprecated -W ignore:easy_install command is deprecated setup.py egg_info --egg-base ../../../build/webcam build --build-base /home/crofi/ros2_ws/build/webcam/build install --record /home/crofi/ros2_ws/build/webcam/install.log --single-version-externally-managed install_data
[4.140s] running egg_info
[4.143s] writing ../../../build/webcam/webcam.egg-info/PKG-INFO
[4.144s] writing dependency_links to ../../../build/webcam/webcam.egg-info/dependency_links.txt
[4.145s] writing entry points to ../../../build/webcam/webcam.egg-info/entry_points.txt
[4.145s] writing requirements to ../../../build/webcam/webcam.egg-info/requires.txt
[4.146s] writing top-level names to ../../../build/webcam/webcam.egg-info/top_level.txt
[4.155s] reading manifest file '../../../build/webcam/webcam.egg-info/SOURCES.txt'
[4.156s] adding license file 'LICENSE'
[4.160s] writing manifest file '../../../build/webcam/webcam.egg-info/SOURCES.txt'
[4.160s] running build
[4.161s] running build_py
[4.161s] copying webcam/webcam.py -> /home/crofi/ros2_ws/build/webcam/build/lib/webcam
[4.163s] running install
[4.165s] running install_lib
[4.169s] copying /home/crofi/ros2_ws/build/webcam/build/lib/webcam/webcam.py -> /home/crofi/ros2_ws/install/webcam/lib/python3.10/site-packages/webcam
[4.172s] byte-compiling /home/crofi/ros2_ws/install/webcam/lib/python3.10/site-packages/webcam/webcam.py to webcam.cpython-310.pyc
[4.174s] running install_data
[4.175s] running install_egg_info
[4.183s] removing '/home/crofi/ros2_ws/install/webcam/lib/python3.10/site-packages/webcam-0.0.0-py3.10.egg-info' (and everything under it)
[4.184s] Copying ../../../build/webcam/webcam.egg-info to /home/crofi/ros2_ws/install/webcam/lib/python3.10/site-packages/webcam-0.0.0-py3.10.egg-info
[4.189s] running install_scripts
[4.277s] Installing webcam script to /home/crofi/ros2_ws/install/webcam/lib/webcam
[4.279s] writing list of installed files to '/home/crofi/ros2_ws/build/webcam/install.log'
[4.413s] Invoked command in '/home/crofi/ros2_ws/src/hardware/webcam' returned '0': PYTHONPATH=/home/crofi/ros2_ws/build/webcam/prefix_override:/usr/lib/python3/dist-packages/colcon_core/task/python/colcon_distutils_commands:/home/crofi/ros2_ws/install/webcam/lib/python3.10/site-packages:${PYTHONPATH} /usr/bin/python3 -W ignore:setup.py install is deprecated -W ignore:easy_install command is deprecated setup.py egg_info --egg-base ../../../build/webcam build --build-base /home/crofi/ros2_ws/build/webcam/build install --record /home/crofi/ros2_ws/build/webcam/install.log --single-version-externally-managed install_data
