[9.480s] Invoking command in '/home/crofi/ros2_ws/src/vision/lane_angle': PYTHONPATH=/home/crofi/ros2_ws/build/lane_angle/prefix_override:/usr/lib/python3/dist-packages/colcon_core/task/python/colcon_distutils_commands:/home/crofi/ros2_ws/install/lane_angle/lib/python3.10/site-packages:${PYTHONPATH} /usr/bin/python3 -W ignore:setup.py install is deprecated -W ignore:easy_install command is deprecated setup.py egg_info --egg-base ../../../build/lane_angle build --build-base /home/crofi/ros2_ws/build/lane_angle/build install --record /home/crofi/ros2_ws/build/lane_angle/install.log --single-version-externally-managed install_data
[12.373s] running egg_info
[12.379s] writing ../../../build/lane_angle/lane_angle.egg-info/PKG-INFO
[12.382s] writing dependency_links to ../../../build/lane_angle/lane_angle.egg-info/dependency_links.txt
[12.384s] writing entry points to ../../../build/lane_angle/lane_angle.egg-info/entry_points.txt
[12.386s] writing requirements to ../../../build/lane_angle/lane_angle.egg-info/requires.txt
[12.388s] writing top-level names to ../../../build/lane_angle/lane_angle.egg-info/top_level.txt
[12.411s] reading manifest file '../../../build/lane_angle/lane_angle.egg-info/SOURCES.txt'
[12.439s] writing manifest file '../../../build/lane_angle/lane_angle.egg-info/SOURCES.txt'
[12.441s] running build
[12.446s] running build_py
[12.458s] running install
[12.461s] running install_lib
[12.463s] running install_data
[12.464s] running install_egg_info
[12.471s] removing '/home/crofi/ros2_ws/install/lane_angle/lib/python3.10/site-packages/lane_angle-0.0.0-py3.10.egg-info' (and everything under it)
[12.475s] Copying ../../../build/lane_angle/lane_angle.egg-info to /home/crofi/ros2_ws/install/lane_angle/lib/python3.10/site-packages/lane_angle-0.0.0-py3.10.egg-info
[12.505s] running install_scripts
[12.733s] Installing lane_angle script to /home/crofi/ros2_ws/install/lane_angle/lib/lane_angle
[12.736s] writing list of installed files to '/home/crofi/ros2_ws/build/lane_angle/install.log'
[12.980s] Invoked command in '/home/crofi/ros2_ws/src/vision/lane_angle' returned '0': PYTHONPATH=/home/crofi/ros2_ws/build/lane_angle/prefix_override:/usr/lib/python3/dist-packages/colcon_core/task/python/colcon_distutils_commands:/home/crofi/ros2_ws/install/lane_angle/lib/python3.10/site-packages:${PYTHONPATH} /usr/bin/python3 -W ignore:setup.py install is deprecated -W ignore:easy_install command is deprecated setup.py egg_info --egg-base ../../../build/lane_angle build --build-base /home/crofi/ros2_ws/build/lane_angle/build install --record /home/crofi/ros2_ws/build/lane_angle/install.log --single-version-externally-managed install_data
