running develop
Removing /home/crofi/AutoModelCrofi/ros2_ws/install/directional_led/lib/python3.10/site-packages/directional-led.egg-link (link to .)
running egg_info
writing ../../../build/directional_led/directional_led.egg-info/PKG-INFO
writing dependency_links to ../../../build/directional_led/directional_led.egg-info/dependency_links.txt
writing entry points to ../../../build/directional_led/directional_led.egg-info/entry_points.txt
writing requirements to ../../../build/directional_led/directional_led.egg-info/requires.txt
writing top-level names to ../../../build/directional_led/directional_led.egg-info/top_level.txt
reading manifest file '../../../build/directional_led/directional_led.egg-info/SOURCES.txt'
writing manifest file '../../../build/directional_led/directional_led.egg-info/SOURCES.txt'
running build
running build_py
creating /home/crofi/AutoModelCrofi/ros2_ws/build/directional_led/build
creating /home/crofi/AutoModelCrofi/ros2_ws/build/directional_led/build/lib
creating /home/crofi/AutoModelCrofi/ros2_ws/build/directional_led/build/lib/directional_led
copying directional_led/directional_led.py -> /home/crofi/AutoModelCrofi/ros2_ws/build/directional_led/build/lib/directional_led
copying directional_led/__init__.py -> /home/crofi/AutoModelCrofi/ros2_ws/build/directional_led/build/lib/directional_led
running install
running install_lib
creating /home/crofi/AutoModelCrofi/ros2_ws/install/directional_led/lib/python3.10/site-packages/directional_led
copying /home/crofi/AutoModelCrofi/ros2_ws/build/directional_led/build/lib/directional_led/directional_led.py -> /home/crofi/AutoModelCrofi/ros2_ws/install/directional_led/lib/python3.10/site-packages/directional_led
copying /home/crofi/AutoModelCrofi/ros2_ws/build/directional_led/build/lib/directional_led/__init__.py -> /home/crofi/AutoModelCrofi/ros2_ws/install/directional_led/lib/python3.10/site-packages/directional_led
byte-compiling /home/crofi/AutoModelCrofi/ros2_ws/install/directional_led/lib/python3.10/site-packages/directional_led/directional_led.py to directional_led.cpython-310.pyc
byte-compiling /home/crofi/AutoModelCrofi/ros2_ws/install/directional_led/lib/python3.10/site-packages/directional_led/__init__.py to __init__.cpython-310.pyc
running install_data
copying resource/directional_led -> /home/crofi/AutoModelCrofi/ros2_ws/install/directional_led/share/ament_index/resource_index/packages
copying package.xml -> /home/crofi/AutoModelCrofi/ros2_ws/install/directional_led/share/directional_led
running install_egg_info
Copying ../../../build/directional_led/directional_led.egg-info to /home/crofi/AutoModelCrofi/ros2_ws/install/directional_led/lib/python3.10/site-packages/directional_led-0.0.0-py3.10.egg-info
running install_scripts
Installing directional_led script to /home/crofi/AutoModelCrofi/ros2_ws/install/directional_led/lib/directional_led
writing list of installed files to '/home/crofi/AutoModelCrofi/ros2_ws/build/directional_led/install.log'
