[9.658s] Invoking command in '/home/crofi/ros2_ws/src/vision/senal_detector': PYTHONPATH=/home/crofi/ros2_ws/build/senal_detector/prefix_override:/usr/lib/python3/dist-packages/colcon_core/task/python/colcon_distutils_commands:/home/crofi/ros2_ws/install/senal_detector/lib/python3.10/site-packages:${PYTHONPATH} /usr/bin/python3 -W ignore:setup.py install is deprecated -W ignore:easy_install command is deprecated setup.py egg_info --egg-base ../../../build/senal_detector build --build-base /home/crofi/ros2_ws/build/senal_detector/build install --record /home/crofi/ros2_ws/build/senal_detector/install.log --single-version-externally-managed install_data
[12.317s] running egg_info
[12.340s] writing ../../../build/senal_detector/senal_detector.egg-info/PKG-INFO
[12.341s] writing dependency_links to ../../../build/senal_detector/senal_detector.egg-info/dependency_links.txt
[12.342s] writing entry points to ../../../build/senal_detector/senal_detector.egg-info/entry_points.txt
[12.343s] writing requirements to ../../../build/senal_detector/senal_detector.egg-info/requires.txt
[12.343s] writing top-level names to ../../../build/senal_detector/senal_detector.egg-info/top_level.txt
[12.348s] reading manifest file '../../../build/senal_detector/senal_detector.egg-info/SOURCES.txt'
[12.354s] writing manifest file '../../../build/senal_detector/senal_detector.egg-info/SOURCES.txt'
[12.355s] running build
[12.356s] running build_py
[12.358s] running install
[12.359s] running install_lib
[12.387s] running install_data
[12.388s] running install_egg_info
[12.401s] removing '/home/crofi/ros2_ws/install/senal_detector/lib/python3.10/site-packages/senal_detector-0.0.0-py3.10.egg-info' (and everything under it)
[12.427s] Copying ../../../build/senal_detector/senal_detector.egg-info to /home/crofi/ros2_ws/install/senal_detector/lib/python3.10/site-packages/senal_detector-0.0.0-py3.10.egg-info
[12.438s] running install_scripts
[12.650s] Installing senal_detector script to /home/crofi/ros2_ws/install/senal_detector/lib/senal_detector
[12.655s] writing list of installed files to '/home/crofi/ros2_ws/build/senal_detector/install.log'
[14.225s] Invoked command in '/home/crofi/ros2_ws/src/vision/senal_detector' returned '0': PYTHONPATH=/home/crofi/ros2_ws/build/senal_detector/prefix_override:/usr/lib/python3/dist-packages/colcon_core/task/python/colcon_distutils_commands:/home/crofi/ros2_ws/install/senal_detector/lib/python3.10/site-packages:${PYTHONPATH} /usr/bin/python3 -W ignore:setup.py install is deprecated -W ignore:easy_install command is deprecated setup.py egg_info --egg-base ../../../build/senal_detector build --build-base /home/crofi/ros2_ws/build/senal_detector/build install --record /home/crofi/ros2_ws/build/senal_detector/install.log --single-version-externally-managed install_data
