[6.152s] Invoking command in '/home/crofi/ros2_ws/src/hardware/servo': PYTHONPATH=/home/crofi/ros2_ws/build/servo/prefix_override:/usr/lib/python3/dist-packages/colcon_core/task/python/colcon_distutils_commands:/home/crofi/ros2_ws/install/servo/lib/python3.10/site-packages:${PYTHONPATH} /usr/bin/python3 -W ignore:setup.py install is deprecated -W ignore:easy_install command is deprecated setup.py egg_info --egg-base ../../../build/servo build --build-base /home/crofi/ros2_ws/build/servo/build install --record /home/crofi/ros2_ws/build/servo/install.log --single-version-externally-managed install_data
[8.056s] running egg_info
[8.059s] writing ../../../build/servo/servo.egg-info/PKG-INFO
[8.063s] writing dependency_links to ../../../build/servo/servo.egg-info/dependency_links.txt
[8.068s] writing entry points to ../../../build/servo/servo.egg-info/entry_points.txt
[8.073s] writing requirements to ../../../build/servo/servo.egg-info/requires.txt
[8.075s] writing top-level names to ../../../build/servo/servo.egg-info/top_level.txt
[8.087s] reading manifest file '../../../build/servo/servo.egg-info/SOURCES.txt'
[8.094s] writing manifest file '../../../build/servo/servo.egg-info/SOURCES.txt'
[8.095s] running build
[8.096s] running build_py
[8.097s] running install
[8.100s] running install_lib
[8.117s] running install_data
[8.118s] running install_egg_info
[8.127s] removing '/home/crofi/ros2_ws/install/servo/lib/python3.10/site-packages/servo-0.0.0-py3.10.egg-info' (and everything under it)
[8.129s] Copying ../../../build/servo/servo.egg-info to /home/crofi/ros2_ws/install/servo/lib/python3.10/site-packages/servo-0.0.0-py3.10.egg-info
[8.137s] running install_scripts
[8.261s] Installing servo script to /home/crofi/ros2_ws/install/servo/lib/servo
[8.264s] writing list of installed files to '/home/crofi/ros2_ws/build/servo/install.log'
[8.476s] Invoked command in '/home/crofi/ros2_ws/src/hardware/servo' returned '0': PYTHONPATH=/home/crofi/ros2_ws/build/servo/prefix_override:/usr/lib/python3/dist-packages/colcon_core/task/python/colcon_distutils_commands:/home/crofi/ros2_ws/install/servo/lib/python3.10/site-packages:${PYTHONPATH} /usr/bin/python3 -W ignore:setup.py install is deprecated -W ignore:easy_install command is deprecated setup.py egg_info --egg-base ../../../build/servo build --build-base /home/crofi/ros2_ws/build/servo/build install --record /home/crofi/ros2_ws/build/servo/install.log --single-version-externally-managed install_data
