[5.847s] Invoking command in '/home/crofi/ros2_ws/src/hardware/webcam': PYTHONPATH=/home/crofi/ros2_ws/build/webcam/prefix_override:/usr/lib/python3/dist-packages/colcon_core/task/python/colcon_distutils_commands:/home/crofi/ros2_ws/install/webcam/lib/python3.10/site-packages:${PYTHONPATH} /usr/bin/python3 -W ignore:setup.py install is deprecated -W ignore:easy_install command is deprecated setup.py egg_info --egg-base ../../../build/webcam build --build-base /home/crofi/ros2_ws/build/webcam/build install --record /home/crofi/ros2_ws/build/webcam/install.log --single-version-externally-managed install_data
[7.434s] running egg_info
[7.439s] writing ../../../build/webcam/webcam.egg-info/PKG-INFO
[7.442s] writing dependency_links to ../../../build/webcam/webcam.egg-info/dependency_links.txt
[7.443s] writing entry points to ../../../build/webcam/webcam.egg-info/entry_points.txt
[7.445s] writing requirements to ../../../build/webcam/webcam.egg-info/requires.txt
[7.446s] writing top-level names to ../../../build/webcam/webcam.egg-info/top_level.txt
[7.459s] reading manifest file '../../../build/webcam/webcam.egg-info/SOURCES.txt'
[7.460s] adding license file 'LICENSE'
[7.461s] writing manifest file '../../../build/webcam/webcam.egg-info/SOURCES.txt'
[7.464s] running build
[7.464s] running build_py
[7.465s] running install
[7.472s] running install_lib
[7.478s] running install_data
[7.480s] running install_egg_info
[7.489s] removing '/home/crofi/ros2_ws/install/webcam/lib/python3.10/site-packages/webcam-0.0.0-py3.10.egg-info' (and everything under it)
[7.490s] Copying ../../../build/webcam/webcam.egg-info to /home/crofi/ros2_ws/install/webcam/lib/python3.10/site-packages/webcam-0.0.0-py3.10.egg-info
[7.495s] running install_scripts
[7.610s] Installing webcam script to /home/crofi/ros2_ws/install/webcam/lib/webcam
[7.619s] writing list of installed files to '/home/crofi/ros2_ws/build/webcam/install.log'
[7.866s] Invoked command in '/home/crofi/ros2_ws/src/hardware/webcam' returned '0': PYTHONPATH=/home/crofi/ros2_ws/build/webcam/prefix_override:/usr/lib/python3/dist-packages/colcon_core/task/python/colcon_distutils_commands:/home/crofi/ros2_ws/install/webcam/lib/python3.10/site-packages:${PYTHONPATH} /usr/bin/python3 -W ignore:setup.py install is deprecated -W ignore:easy_install command is deprecated setup.py egg_info --egg-base ../../../build/webcam build --build-base /home/crofi/ros2_ws/build/webcam/build install --record /home/crofi/ros2_ws/build/webcam/install.log --single-version-externally-managed install_data
