[11.304s] Invoking command in '/home/crofi/ros2_ws/src/vision/lane_angle': PYTHONPATH=/home/crofi/ros2_ws/build/lane_angle/prefix_override:/usr/lib/python3/dist-packages/colcon_core/task/python/colcon_distutils_commands:/home/crofi/ros2_ws/install/lane_angle/lib/python3.10/site-packages:${PYTHONPATH} /usr/bin/python3 -W ignore:setup.py install is deprecated -W ignore:easy_install command is deprecated setup.py egg_info --egg-base ../../../build/lane_angle build --build-base /home/crofi/ros2_ws/build/lane_angle/build install --record /home/crofi/ros2_ws/build/lane_angle/install.log --single-version-externally-managed install_data
[14.426s] running egg_info
[14.433s] writing ../../../build/lane_angle/lane_angle.egg-info/PKG-INFO
[14.434s] writing dependency_links to ../../../build/lane_angle/lane_angle.egg-info/dependency_links.txt
[14.436s] writing entry points to ../../../build/lane_angle/lane_angle.egg-info/entry_points.txt
[14.437s] writing requirements to ../../../build/lane_angle/lane_angle.egg-info/requires.txt
[14.439s] writing top-level names to ../../../build/lane_angle/lane_angle.egg-info/top_level.txt
[14.486s] reading manifest file '../../../build/lane_angle/lane_angle.egg-info/SOURCES.txt'
[14.495s] writing manifest file '../../../build/lane_angle/lane_angle.egg-info/SOURCES.txt'
[14.496s] running build
[14.497s] running build_py
[14.498s] running install
[14.499s] running install_lib
[14.503s] running install_data
[14.505s] running install_egg_info
[14.521s] removing '/home/crofi/ros2_ws/install/lane_angle/lib/python3.10/site-packages/lane_angle-0.0.0-py3.10.egg-info' (and everything under it)
[14.532s] Copying ../../../build/lane_angle/lane_angle.egg-info to /home/crofi/ros2_ws/install/lane_angle/lib/python3.10/site-packages/lane_angle-0.0.0-py3.10.egg-info
[14.551s] running install_scripts
[14.725s] Installing lane_angle script to /home/crofi/ros2_ws/install/lane_angle/lib/lane_angle
[14.736s] writing list of installed files to '/home/crofi/ros2_ws/build/lane_angle/install.log'
[15.961s] Invoked command in '/home/crofi/ros2_ws/src/vision/lane_angle' returned '0': PYTHONPATH=/home/crofi/ros2_ws/build/lane_angle/prefix_override:/usr/lib/python3/dist-packages/colcon_core/task/python/colcon_distutils_commands:/home/crofi/ros2_ws/install/lane_angle/lib/python3.10/site-packages:${PYTHONPATH} /usr/bin/python3 -W ignore:setup.py install is deprecated -W ignore:easy_install command is deprecated setup.py egg_info --egg-base ../../../build/lane_angle build --build-base /home/crofi/ros2_ws/build/lane_angle/build install --record /home/crofi/ros2_ws/build/lane_angle/install.log --single-version-externally-managed install_data
