[15.694s] Invoking command in '/home/crofi/AutoModel_Rep/ros2_ws/src/vision/senal_detector': PYTHONPATH=/home/crofi/AutoModel_Rep/build/senal_detector/prefix_override:/usr/lib/python3/dist-packages/colcon_core/task/python/colcon_distutils_commands:/home/crofi/AutoModel_Rep/install/senal_detector/lib/python3.10/site-packages:${PYTHONPATH} /usr/bin/python3 -W ignore:setup.py install is deprecated -W ignore:easy_install command is deprecated setup.py egg_info --egg-base ../../../../build/senal_detector build --build-base /home/crofi/AutoModel_Rep/build/senal_detector/build install --record /home/crofi/AutoModel_Rep/build/senal_detector/install.log --single-version-externally-managed install_data
[23.753s] running egg_info
[23.754s] writing ../../../../build/senal_detector/senal_detector.egg-info/PKG-INFO
[23.776s] writing dependency_links to ../../../../build/senal_detector/senal_detector.egg-info/dependency_links.txt
[23.777s] writing entry points to ../../../../build/senal_detector/senal_detector.egg-info/entry_points.txt
[23.777s] writing requirements to ../../../../build/senal_detector/senal_detector.egg-info/requires.txt
[23.778s] writing top-level names to ../../../../build/senal_detector/senal_detector.egg-info/top_level.txt
[23.791s] reading manifest file '../../../../build/senal_detector/senal_detector.egg-info/SOURCES.txt'
[23.799s] writing manifest file '../../../../build/senal_detector/senal_detector.egg-info/SOURCES.txt'
[23.799s] running build
[23.800s] running build_py
[23.804s] running install
[23.805s] running install_lib
[23.833s] running install_data
[23.844s] running install_egg_info
[23.850s] removing '/home/crofi/AutoModel_Rep/install/senal_detector/lib/python3.10/site-packages/senal_detector-0.0.0-py3.10.egg-info' (and everything under it)
[23.851s] Copying ../../../../build/senal_detector/senal_detector.egg-info to /home/crofi/AutoModel_Rep/install/senal_detector/lib/python3.10/site-packages/senal_detector-0.0.0-py3.10.egg-info
[23.876s] running install_scripts
[24.039s] Installing senal_detector script to /home/crofi/AutoModel_Rep/install/senal_detector/lib/senal_detector
[24.041s] writing list of installed files to '/home/crofi/AutoModel_Rep/build/senal_detector/install.log'
[32.345s] Invoked command in '/home/crofi/AutoModel_Rep/ros2_ws/src/vision/senal_detector' returned '0': PYTHONPATH=/home/crofi/AutoModel_Rep/build/senal_detector/prefix_override:/usr/lib/python3/dist-packages/colcon_core/task/python/colcon_distutils_commands:/home/crofi/AutoModel_Rep/install/senal_detector/lib/python3.10/site-packages:${PYTHONPATH} /usr/bin/python3 -W ignore:setup.py install is deprecated -W ignore:easy_install command is deprecated setup.py egg_info --egg-base ../../../../build/senal_detector build --build-base /home/crofi/AutoModel_Rep/build/senal_detector/build install --record /home/crofi/AutoModel_Rep/build/senal_detector/install.log --single-version-externally-managed install_data
