[10.886s] Invoking command in '/home/crofi/ros2_ws/src/vision/senal_detector': PYTHONPATH=/home/crofi/ros2_ws/build/senal_detector/prefix_override:/usr/lib/python3/dist-packages/colcon_core/task/python/colcon_distutils_commands:/home/crofi/ros2_ws/install/senal_detector/lib/python3.10/site-packages:${PYTHONPATH} /usr/bin/python3 -W ignore:setup.py install is deprecated -W ignore:easy_install command is deprecated setup.py egg_info --egg-base ../../../build/senal_detector build --build-base /home/crofi/ros2_ws/build/senal_detector/build install --record /home/crofi/ros2_ws/build/senal_detector/install.log --single-version-externally-managed install_data
[14.350s] running egg_info
[14.381s] writing ../../../build/senal_detector/senal_detector.egg-info/PKG-INFO
[14.386s] writing dependency_links to ../../../build/senal_detector/senal_detector.egg-info/dependency_links.txt
[14.387s] writing entry points to ../../../build/senal_detector/senal_detector.egg-info/entry_points.txt
[14.388s] writing requirements to ../../../build/senal_detector/senal_detector.egg-info/requires.txt
[14.388s] writing top-level names to ../../../build/senal_detector/senal_detector.egg-info/top_level.txt
[14.392s] reading manifest file '../../../build/senal_detector/senal_detector.egg-info/SOURCES.txt'
[14.398s] writing manifest file '../../../build/senal_detector/senal_detector.egg-info/SOURCES.txt'
[14.399s] running build
[14.400s] running build_py
[14.401s] copying senal_detector/senal_detector.py -> /home/crofi/ros2_ws/build/senal_detector/build/lib/senal_detector
[14.403s] running install
[14.413s] running install_lib
[14.426s] copying /home/crofi/ros2_ws/build/senal_detector/build/lib/senal_detector/senal_detector.py -> /home/crofi/ros2_ws/install/senal_detector/lib/python3.10/site-packages/senal_detector
[14.431s] byte-compiling /home/crofi/ros2_ws/install/senal_detector/lib/python3.10/site-packages/senal_detector/senal_detector.py to senal_detector.cpython-310.pyc
[14.439s] running install_data
[14.439s] running install_egg_info
[14.449s] removing '/home/crofi/ros2_ws/install/senal_detector/lib/python3.10/site-packages/senal_detector-0.0.0-py3.10.egg-info' (and everything under it)
[14.452s] Copying ../../../build/senal_detector/senal_detector.egg-info to /home/crofi/ros2_ws/install/senal_detector/lib/python3.10/site-packages/senal_detector-0.0.0-py3.10.egg-info
[14.478s] running install_scripts
[14.641s] Installing senal_detector script to /home/crofi/ros2_ws/install/senal_detector/lib/senal_detector
[14.645s] writing list of installed files to '/home/crofi/ros2_ws/build/senal_detector/install.log'
[15.945s] Invoked command in '/home/crofi/ros2_ws/src/vision/senal_detector' returned '0': PYTHONPATH=/home/crofi/ros2_ws/build/senal_detector/prefix_override:/usr/lib/python3/dist-packages/colcon_core/task/python/colcon_distutils_commands:/home/crofi/ros2_ws/install/senal_detector/lib/python3.10/site-packages:${PYTHONPATH} /usr/bin/python3 -W ignore:setup.py install is deprecated -W ignore:easy_install command is deprecated setup.py egg_info --egg-base ../../../build/senal_detector build --build-base /home/crofi/ros2_ws/build/senal_detector/build install --record /home/crofi/ros2_ws/build/senal_detector/install.log --single-version-externally-managed install_data
