[5.593s] Invoking command in '/home/crofi/ros2_ws/src/hardware/webcam_recorted': PYTHONPATH=/home/crofi/ros2_ws/build/webcam_recorted/prefix_override:/usr/lib/python3/dist-packages/colcon_core/task/python/colcon_distutils_commands:/home/crofi/ros2_ws/install/webcam_recorted/lib/python3.10/site-packages:${PYTHONPATH} /usr/bin/python3 -W ignore:setup.py install is deprecated -W ignore:easy_install command is deprecated setup.py egg_info --egg-base ../../../build/webcam_recorted build --build-base /home/crofi/ros2_ws/build/webcam_recorted/build install --record /home/crofi/ros2_ws/build/webcam_recorted/install.log --single-version-externally-managed install_data
[7.003s] running egg_info
[7.005s] writing ../../../build/webcam_recorted/webcam_recorted.egg-info/PKG-INFO
[7.007s] writing dependency_links to ../../../build/webcam_recorted/webcam_recorted.egg-info/dependency_links.txt
[7.008s] writing entry points to ../../../build/webcam_recorted/webcam_recorted.egg-info/entry_points.txt
[7.008s] writing requirements to ../../../build/webcam_recorted/webcam_recorted.egg-info/requires.txt
[7.009s] writing top-level names to ../../../build/webcam_recorted/webcam_recorted.egg-info/top_level.txt
[7.020s] reading manifest file '../../../build/webcam_recorted/webcam_recorted.egg-info/SOURCES.txt'
[7.025s] writing manifest file '../../../build/webcam_recorted/webcam_recorted.egg-info/SOURCES.txt'
[7.025s] running build
[7.026s] running build_py
[7.027s] running install
[7.029s] running install_lib
[7.040s] running install_data
[7.040s] running install_egg_info
[7.048s] removing '/home/crofi/ros2_ws/install/webcam_recorted/lib/python3.10/site-packages/webcam_recorted-0.0.0-py3.10.egg-info' (and everything under it)
[7.050s] Copying ../../../build/webcam_recorted/webcam_recorted.egg-info to /home/crofi/ros2_ws/install/webcam_recorted/lib/python3.10/site-packages/webcam_recorted-0.0.0-py3.10.egg-info
[7.055s] running install_scripts
[7.154s] Installing webcam_recorted script to /home/crofi/ros2_ws/install/webcam_recorted/lib/webcam_recorted
[7.155s] writing list of installed files to '/home/crofi/ros2_ws/build/webcam_recorted/install.log'
[7.326s] Invoked command in '/home/crofi/ros2_ws/src/hardware/webcam_recorted' returned '0': PYTHONPATH=/home/crofi/ros2_ws/build/webcam_recorted/prefix_override:/usr/lib/python3/dist-packages/colcon_core/task/python/colcon_distutils_commands:/home/crofi/ros2_ws/install/webcam_recorted/lib/python3.10/site-packages:${PYTHONPATH} /usr/bin/python3 -W ignore:setup.py install is deprecated -W ignore:easy_install command is deprecated setup.py egg_info --egg-base ../../../build/webcam_recorted build --build-base /home/crofi/ros2_ws/build/webcam_recorted/build install --record /home/crofi/ros2_ws/build/webcam_recorted/install.log --single-version-externally-managed install_data
