[10.406s] Invoking command in '/home/crofi/ros2_ws/src/hardware/servo': PYTHONPATH=/home/crofi/ros2_ws/build/servo/prefix_override:/usr/lib/python3/dist-packages/colcon_core/task/python/colcon_distutils_commands:/home/crofi/ros2_ws/install/servo/lib/python3.10/site-packages:${PYTHONPATH} /usr/bin/python3 -W ignore:setup.py install is deprecated -W ignore:easy_install command is deprecated setup.py egg_info --egg-base ../../../build/servo build --build-base /home/crofi/ros2_ws/build/servo/build install --record /home/crofi/ros2_ws/build/servo/install.log --single-version-externally-managed install_data
[13.493s] running egg_info
[13.501s] writing ../../../build/servo/servo.egg-info/PKG-INFO
[13.509s] writing dependency_links to ../../../build/servo/servo.egg-info/dependency_links.txt
[13.511s] writing entry points to ../../../build/servo/servo.egg-info/entry_points.txt
[13.512s] writing requirements to ../../../build/servo/servo.egg-info/requires.txt
[13.514s] writing top-level names to ../../../build/servo/servo.egg-info/top_level.txt
[13.538s] reading manifest file '../../../build/servo/servo.egg-info/SOURCES.txt'
[13.544s] writing manifest file '../../../build/servo/servo.egg-info/SOURCES.txt'
[13.545s] running build
[13.546s] running build_py
[13.549s] running install
[13.551s] running install_lib
[13.580s] running install_data
[13.581s] running install_egg_info
[13.592s] removing '/home/crofi/ros2_ws/install/servo/lib/python3.10/site-packages/servo-0.0.0-py3.10.egg-info' (and everything under it)
[13.600s] Copying ../../../build/servo/servo.egg-info to /home/crofi/ros2_ws/install/servo/lib/python3.10/site-packages/servo-0.0.0-py3.10.egg-info
[13.612s] running install_scripts
[13.763s] Installing servo script to /home/crofi/ros2_ws/install/servo/lib/servo
[13.782s] writing list of installed files to '/home/crofi/ros2_ws/build/servo/install.log'
[15.567s] Invoked command in '/home/crofi/ros2_ws/src/hardware/servo' returned '0': PYTHONPATH=/home/crofi/ros2_ws/build/servo/prefix_override:/usr/lib/python3/dist-packages/colcon_core/task/python/colcon_distutils_commands:/home/crofi/ros2_ws/install/servo/lib/python3.10/site-packages:${PYTHONPATH} /usr/bin/python3 -W ignore:setup.py install is deprecated -W ignore:easy_install command is deprecated setup.py egg_info --egg-base ../../../build/servo build --build-base /home/crofi/ros2_ws/build/servo/build install --record /home/crofi/ros2_ws/build/servo/install.log --single-version-externally-managed install_data
