[14.493s] Invoking command in '/home/crofi/AutoModel_Rep/ros2_ws/src/hardware/servo': PYTHONPATH=/home/crofi/AutoModel_Rep/build/servo/prefix_override:/usr/lib/python3/dist-packages/colcon_core/task/python/colcon_distutils_commands:/home/crofi/AutoModel_Rep/install/servo/lib/python3.10/site-packages:${PYTHONPATH} /usr/bin/python3 -W ignore:setup.py install is deprecated -W ignore:easy_install command is deprecated setup.py egg_info --egg-base ../../../../build/servo build --build-base /home/crofi/AutoModel_Rep/build/servo/build install --record /home/crofi/AutoModel_Rep/build/servo/install.log --single-version-externally-managed install_data
[19.492s] running egg_info
[19.507s] writing ../../../../build/servo/servo.egg-info/PKG-INFO
[19.517s] writing dependency_links to ../../../../build/servo/servo.egg-info/dependency_links.txt
[19.518s] writing entry points to ../../../../build/servo/servo.egg-info/entry_points.txt
[19.519s] writing requirements to ../../../../build/servo/servo.egg-info/requires.txt
[19.520s] writing top-level names to ../../../../build/servo/servo.egg-info/top_level.txt
[19.527s] reading manifest file '../../../../build/servo/servo.egg-info/SOURCES.txt'
[19.528s] writing manifest file '../../../../build/servo/servo.egg-info/SOURCES.txt'
[19.530s] running build
[19.531s] running build_py
[19.534s] running install
[19.547s] running install_lib
[19.563s] running install_data
[19.564s] running install_egg_info
[19.584s] removing '/home/crofi/AutoModel_Rep/install/servo/lib/python3.10/site-packages/servo-0.0.0-py3.10.egg-info' (and everything under it)
[19.594s] Copying ../../../../build/servo/servo.egg-info to /home/crofi/AutoModel_Rep/install/servo/lib/python3.10/site-packages/servo-0.0.0-py3.10.egg-info
[19.613s] running install_scripts
[19.808s] Installing servo script to /home/crofi/AutoModel_Rep/install/servo/lib/servo
[19.823s] writing list of installed files to '/home/crofi/AutoModel_Rep/build/servo/install.log'
[20.423s] Invoked command in '/home/crofi/AutoModel_Rep/ros2_ws/src/hardware/servo' returned '0': PYTHONPATH=/home/crofi/AutoModel_Rep/build/servo/prefix_override:/usr/lib/python3/dist-packages/colcon_core/task/python/colcon_distutils_commands:/home/crofi/AutoModel_Rep/install/servo/lib/python3.10/site-packages:${PYTHONPATH} /usr/bin/python3 -W ignore:setup.py install is deprecated -W ignore:easy_install command is deprecated setup.py egg_info --egg-base ../../../../build/servo build --build-base /home/crofi/AutoModel_Rep/build/servo/build install --record /home/crofi/AutoModel_Rep/build/servo/install.log --single-version-externally-managed install_data
