[8.624s] Invoking command in '/home/crofi/AutoModelCrofi/ros2_ws/build/lane_detector': PYTHONPATH=/home/crofi/AutoModelCrofi/ros2_ws/build/lane_detector/prefix_override:/usr/lib/python3/dist-packages/colcon_core/task/python/colcon_distutils_commands:/home/crofi/AutoModelCrofi/ros2_ws/install/lane_detector/lib/python3.10/site-packages:${PYTHONPATH} /usr/bin/python3 -W ignore:setup.py install is deprecated -W ignore:easy_install command is deprecated setup.py develop --editable --build-directory /home/crofi/AutoModelCrofi/ros2_ws/build/lane_detector/build --no-deps symlink_data
[10.590s] running develop
[12.340s] running egg_info
[12.345s] creating lane_detector.egg-info
[12.352s] writing lane_detector.egg-info/PKG-INFO
[12.364s] writing dependency_links to lane_detector.egg-info/dependency_links.txt
[12.382s] writing entry points to lane_detector.egg-info/entry_points.txt
[12.384s] writing requirements to lane_detector.egg-info/requires.txt
[12.386s] writing top-level names to lane_detector.egg-info/top_level.txt
[12.394s] writing manifest file 'lane_detector.egg-info/SOURCES.txt'
[12.396s] reading manifest file 'lane_detector.egg-info/SOURCES.txt'
[12.397s] writing manifest file 'lane_detector.egg-info/SOURCES.txt'
[12.405s] running build_ext
[12.409s] Creating /home/crofi/AutoModelCrofi/ros2_ws/install/lane_detector/lib/python3.10/site-packages/lane-detector.egg-link (link to .)
[12.416s] Installing lane_detector script to /home/crofi/AutoModelCrofi/ros2_ws/install/lane_detector/lib/lane_detector
[12.419s] 
[12.421s] Installed /home/crofi/AutoModelCrofi/ros2_ws/build/lane_detector
[12.424s] running symlink_data
[12.428s] creating /home/crofi/AutoModelCrofi/ros2_ws/install/lane_detector/share/ament_index
[12.431s] creating /home/crofi/AutoModelCrofi/ros2_ws/install/lane_detector/share/ament_index/resource_index
[12.435s] creating /home/crofi/AutoModelCrofi/ros2_ws/install/lane_detector/share/ament_index/resource_index/packages
[12.437s] symbolically linking /home/crofi/AutoModelCrofi/ros2_ws/build/lane_detector/resource/lane_detector -> /home/crofi/AutoModelCrofi/ros2_ws/install/lane_detector/share/ament_index/resource_index/packages
[12.440s] symbolically linking /home/crofi/AutoModelCrofi/ros2_ws/build/lane_detector/package.xml -> /home/crofi/AutoModelCrofi/ros2_ws/install/lane_detector/share/lane_detector
[12.852s] Invoked command in '/home/crofi/AutoModelCrofi/ros2_ws/build/lane_detector' returned '0': PYTHONPATH=/home/crofi/AutoModelCrofi/ros2_ws/build/lane_detector/prefix_override:/usr/lib/python3/dist-packages/colcon_core/task/python/colcon_distutils_commands:/home/crofi/AutoModelCrofi/ros2_ws/install/lane_detector/lib/python3.10/site-packages:${PYTHONPATH} /usr/bin/python3 -W ignore:setup.py install is deprecated -W ignore:easy_install command is deprecated setup.py develop --editable --build-directory /home/crofi/AutoModelCrofi/ros2_ws/build/lane_detector/build --no-deps symlink_data
