[0.513s] DEBUG:colcon:Command line arguments: ['/usr/bin/colcon', 'build']
[0.514s] DEBUG:colcon:Parsed command line arguments: Namespace(log_base=None, log_level=None, verb_name='build', build_base='build', install_base='install', merge_install=False, symlink_install=False, test_result_base=None, continue_on_error=False, executor='parallel', parallel_workers=4, event_handlers=None, ignore_user_meta=False, metas=['./colcon.meta'], base_paths=['.'], packages_ignore=None, packages_ignore_regex=None, paths=None, packages_up_to=None, packages_up_to_regex=None, packages_above=None, packages_above_and_dependencies=None, packages_above_depth=None, packages_select_by_dep=None, packages_skip_by_dep=None, packages_skip_up_to=None, packages_select_build_failed=False, packages_skip_build_finished=False, packages_select_test_failures=False, packages_skip_test_passed=False, packages_select=None, packages_skip=None, packages_select_regex=None, packages_skip_regex=None, packages_start=None, packages_end=None, allow_overriding=[], cmake_args=None, cmake_target=None, cmake_target_skip_unavailable=False, cmake_clean_cache=False, cmake_clean_first=False, cmake_force_configure=False, ament_cmake_args=None, catkin_cmake_args=None, catkin_skip_building_tests=False, mixin_files=None, mixin=None, verb_parser=<colcon_mixin.mixin.mixin_argument.MixinArgumentDecorator object at 0xffff8cb02590>, verb_extension=<colcon_core.verb.build.BuildVerb object at 0xffff8cc83520>, main=<bound method BuildVerb.main of <colcon_core.verb.build.BuildVerb object at 0xffff8cc83520>>, mixin_verb=('build',))
[1.644s] Level 1:colcon.colcon_core.package_discovery:discover_packages(colcon_meta) check parameters
[1.644s] Level 1:colcon.colcon_core.package_discovery:discover_packages(recursive) check parameters
[1.645s] Level 1:colcon.colcon_core.package_discovery:discover_packages(ignore) check parameters
[1.645s] Level 1:colcon.colcon_core.package_discovery:discover_packages(path) check parameters
[1.645s] Level 1:colcon.colcon_core.package_discovery:discover_packages(colcon_meta) discover
[1.645s] Level 1:colcon.colcon_core.package_discovery:discover_packages(recursive) discover
[1.646s] INFO:colcon.colcon_core.package_discovery:Crawling recursively for packages in '/home/crofi/AutoModelCrofi/ros2_ws'
[1.646s] Level 1:colcon.colcon_core.package_identification:_identify(.) by extensions ['ignore', 'ignore_ament_install']
[1.646s] Level 1:colcon.colcon_core.package_identification:_identify(.) by extension 'ignore'
[1.647s] Level 1:colcon.colcon_core.package_identification:_identify(.) by extension 'ignore_ament_install'
[1.647s] Level 1:colcon.colcon_core.package_identification:_identify(.) by extensions ['colcon_pkg']
[1.647s] Level 1:colcon.colcon_core.package_identification:_identify(.) by extension 'colcon_pkg'
[1.647s] Level 1:colcon.colcon_core.package_identification:_identify(.) by extensions ['colcon_meta']
[1.647s] Level 1:colcon.colcon_core.package_identification:_identify(.) by extension 'colcon_meta'
[1.647s] Level 1:colcon.colcon_core.package_identification:_identify(.) by extensions ['ros']
[1.648s] Level 1:colcon.colcon_core.package_identification:_identify(.) by extension 'ros'
[1.704s] Level 1:colcon.colcon_core.package_identification:_identify(.) by extensions ['cmake', 'python']
[1.704s] Level 1:colcon.colcon_core.package_identification:_identify(.) by extension 'cmake'
[1.704s] Level 1:colcon.colcon_core.package_identification:_identify(.) by extension 'python'
[1.705s] Level 1:colcon.colcon_core.package_identification:_identify(.) by extensions ['python_setup_py']
[1.705s] Level 1:colcon.colcon_core.package_identification:_identify(.) by extension 'python_setup_py'
[1.705s] Level 1:colcon.colcon_core.package_identification:_identify(build) by extensions ['ignore', 'ignore_ament_install']
[1.706s] Level 1:colcon.colcon_core.package_identification:_identify(build) by extension 'ignore'
[1.706s] Level 1:colcon.colcon_core.package_identification:_identify(build) ignored
[1.707s] Level 1:colcon.colcon_core.package_identification:_identify(install) by extensions ['ignore', 'ignore_ament_install']
[1.707s] Level 1:colcon.colcon_core.package_identification:_identify(install) by extension 'ignore'
[1.707s] Level 1:colcon.colcon_core.package_identification:_identify(install) ignored
[1.710s] Level 1:colcon.colcon_core.package_identification:_identify(log) by extensions ['ignore', 'ignore_ament_install']
[1.711s] Level 1:colcon.colcon_core.package_identification:_identify(log) by extension 'ignore'
[1.711s] Level 1:colcon.colcon_core.package_identification:_identify(log) ignored
[1.711s] Level 1:colcon.colcon_core.package_identification:_identify(src) by extensions ['ignore', 'ignore_ament_install']
[1.712s] Level 1:colcon.colcon_core.package_identification:_identify(src) by extension 'ignore'
[1.712s] Level 1:colcon.colcon_core.package_identification:_identify(src) by extension 'ignore_ament_install'
[1.712s] Level 1:colcon.colcon_core.package_identification:_identify(src) by extensions ['colcon_pkg']
[1.712s] Level 1:colcon.colcon_core.package_identification:_identify(src) by extension 'colcon_pkg'
[1.713s] Level 1:colcon.colcon_core.package_identification:_identify(src) by extensions ['colcon_meta']
[1.713s] Level 1:colcon.colcon_core.package_identification:_identify(src) by extension 'colcon_meta'
[1.713s] Level 1:colcon.colcon_core.package_identification:_identify(src) by extensions ['ros']
[1.713s] Level 1:colcon.colcon_core.package_identification:_identify(src) by extension 'ros'
[1.713s] Level 1:colcon.colcon_core.package_identification:_identify(src) by extensions ['cmake', 'python']
[1.713s] Level 1:colcon.colcon_core.package_identification:_identify(src) by extension 'cmake'
[1.714s] Level 1:colcon.colcon_core.package_identification:_identify(src) by extension 'python'
[1.714s] Level 1:colcon.colcon_core.package_identification:_identify(src) by extensions ['python_setup_py']
[1.714s] Level 1:colcon.colcon_core.package_identification:_identify(src) by extension 'python_setup_py'
[1.714s] Level 1:colcon.colcon_core.package_identification:_identify(src/build) by extensions ['ignore', 'ignore_ament_install']
[1.715s] Level 1:colcon.colcon_core.package_identification:_identify(src/build) by extension 'ignore'
[1.715s] Level 1:colcon.colcon_core.package_identification:_identify(src/build) ignored
[1.715s] Level 1:colcon.colcon_core.package_identification:_identify(src/hardware) by extensions ['ignore', 'ignore_ament_install']
[1.716s] Level 1:colcon.colcon_core.package_identification:_identify(src/hardware) by extension 'ignore'
[1.716s] Level 1:colcon.colcon_core.package_identification:_identify(src/hardware) by extension 'ignore_ament_install'
[1.716s] Level 1:colcon.colcon_core.package_identification:_identify(src/hardware) by extensions ['colcon_pkg']
[1.716s] Level 1:colcon.colcon_core.package_identification:_identify(src/hardware) by extension 'colcon_pkg'
[1.716s] Level 1:colcon.colcon_core.package_identification:_identify(src/hardware) by extensions ['colcon_meta']
[1.716s] Level 1:colcon.colcon_core.package_identification:_identify(src/hardware) by extension 'colcon_meta'
[1.717s] Level 1:colcon.colcon_core.package_identification:_identify(src/hardware) by extensions ['ros']
[1.717s] Level 1:colcon.colcon_core.package_identification:_identify(src/hardware) by extension 'ros'
[1.717s] Level 1:colcon.colcon_core.package_identification:_identify(src/hardware) by extensions ['cmake', 'python']
[1.717s] Level 1:colcon.colcon_core.package_identification:_identify(src/hardware) by extension 'cmake'
[1.717s] Level 1:colcon.colcon_core.package_identification:_identify(src/hardware) by extension 'python'
[1.718s] Level 1:colcon.colcon_core.package_identification:_identify(src/hardware) by extensions ['python_setup_py']
[1.718s] Level 1:colcon.colcon_core.package_identification:_identify(src/hardware) by extension 'python_setup_py'
[1.718s] Level 1:colcon.colcon_core.package_identification:_identify(src/hardware/servo) by extensions ['ignore', 'ignore_ament_install']
[1.719s] Level 1:colcon.colcon_core.package_identification:_identify(src/hardware/servo) by extension 'ignore'
[1.719s] Level 1:colcon.colcon_core.package_identification:_identify(src/hardware/servo) by extension 'ignore_ament_install'
[1.719s] Level 1:colcon.colcon_core.package_identification:_identify(src/hardware/servo) by extensions ['colcon_pkg']
[1.719s] Level 1:colcon.colcon_core.package_identification:_identify(src/hardware/servo) by extension 'colcon_pkg'
[1.720s] Level 1:colcon.colcon_core.package_identification:_identify(src/hardware/servo) by extensions ['colcon_meta']
[1.720s] Level 1:colcon.colcon_core.package_identification:_identify(src/hardware/servo) by extension 'colcon_meta'
[1.720s] Level 1:colcon.colcon_core.package_identification:_identify(src/hardware/servo) by extensions ['ros']
[1.720s] Level 1:colcon.colcon_core.package_identification:_identify(src/hardware/servo) by extension 'ros'
[1.729s] DEBUG:colcon.colcon_core.package_identification:Package 'src/hardware/servo' with type 'ros.ament_python' and name 'servo'
[1.729s] Level 1:colcon.colcon_core.package_identification:_identify(src/hardware/webcam) by extensions ['ignore', 'ignore_ament_install']
[1.730s] Level 1:colcon.colcon_core.package_identification:_identify(src/hardware/webcam) by extension 'ignore'
[1.730s] Level 1:colcon.colcon_core.package_identification:_identify(src/hardware/webcam) by extension 'ignore_ament_install'
[1.730s] Level 1:colcon.colcon_core.package_identification:_identify(src/hardware/webcam) by extensions ['colcon_pkg']
[1.730s] Level 1:colcon.colcon_core.package_identification:_identify(src/hardware/webcam) by extension 'colcon_pkg'
[1.731s] Level 1:colcon.colcon_core.package_identification:_identify(src/hardware/webcam) by extensions ['colcon_meta']
[1.731s] Level 1:colcon.colcon_core.package_identification:_identify(src/hardware/webcam) by extension 'colcon_meta'
[1.731s] Level 1:colcon.colcon_core.package_identification:_identify(src/hardware/webcam) by extensions ['ros']
[1.731s] Level 1:colcon.colcon_core.package_identification:_identify(src/hardware/webcam) by extension 'ros'
[1.740s] DEBUG:colcon.colcon_core.package_identification:Package 'src/hardware/webcam' with type 'ros.ament_python' and name 'webcam'
[1.740s] Level 1:colcon.colcon_core.package_identification:_identify(src/hardware/webcam_recorted) by extensions ['ignore', 'ignore_ament_install']
[1.741s] Level 1:colcon.colcon_core.package_identification:_identify(src/hardware/webcam_recorted) by extension 'ignore'
[1.741s] Level 1:colcon.colcon_core.package_identification:_identify(src/hardware/webcam_recorted) by extension 'ignore_ament_install'
[1.741s] Level 1:colcon.colcon_core.package_identification:_identify(src/hardware/webcam_recorted) by extensions ['colcon_pkg']
[1.741s] Level 1:colcon.colcon_core.package_identification:_identify(src/hardware/webcam_recorted) by extension 'colcon_pkg'
[1.742s] Level 1:colcon.colcon_core.package_identification:_identify(src/hardware/webcam_recorted) by extensions ['colcon_meta']
[1.742s] Level 1:colcon.colcon_core.package_identification:_identify(src/hardware/webcam_recorted) by extension 'colcon_meta'
[1.742s] Level 1:colcon.colcon_core.package_identification:_identify(src/hardware/webcam_recorted) by extensions ['ros']
[1.742s] Level 1:colcon.colcon_core.package_identification:_identify(src/hardware/webcam_recorted) by extension 'ros'
[1.744s] DEBUG:colcon.colcon_core.package_identification:Package 'src/hardware/webcam_recorted' with type 'ros.ament_python' and name 'webcam_recorted'
[1.745s] Level 1:colcon.colcon_core.package_identification:_identify(src/hardware/ydlidar_client) by extensions ['ignore', 'ignore_ament_install']
[1.745s] Level 1:colcon.colcon_core.package_identification:_identify(src/hardware/ydlidar_client) by extension 'ignore'
[1.746s] Level 1:colcon.colcon_core.package_identification:_identify(src/hardware/ydlidar_client) by extension 'ignore_ament_install'
[1.746s] Level 1:colcon.colcon_core.package_identification:_identify(src/hardware/ydlidar_client) by extensions ['colcon_pkg']
[1.746s] Level 1:colcon.colcon_core.package_identification:_identify(src/hardware/ydlidar_client) by extension 'colcon_pkg'
[1.746s] Level 1:colcon.colcon_core.package_identification:_identify(src/hardware/ydlidar_client) by extensions ['colcon_meta']
[1.746s] Level 1:colcon.colcon_core.package_identification:_identify(src/hardware/ydlidar_client) by extension 'colcon_meta'
[1.747s] Level 1:colcon.colcon_core.package_identification:_identify(src/hardware/ydlidar_client) by extensions ['ros']
[1.747s] Level 1:colcon.colcon_core.package_identification:_identify(src/hardware/ydlidar_client) by extension 'ros'
[1.750s] DEBUG:colcon.colcon_core.package_identification:Package 'src/hardware/ydlidar_client' with type 'ros.ament_python' and name 'ydlidar_client'
[1.750s] Level 1:colcon.colcon_core.package_identification:_identify(src/hardware/ydlidar_ros2_driver) by extensions ['ignore', 'ignore_ament_install']
[1.751s] Level 1:colcon.colcon_core.package_identification:_identify(src/hardware/ydlidar_ros2_driver) by extension 'ignore'
[1.751s] Level 1:colcon.colcon_core.package_identification:_identify(src/hardware/ydlidar_ros2_driver) by extension 'ignore_ament_install'
[1.751s] Level 1:colcon.colcon_core.package_identification:_identify(src/hardware/ydlidar_ros2_driver) by extensions ['colcon_pkg']
[1.751s] Level 1:colcon.colcon_core.package_identification:_identify(src/hardware/ydlidar_ros2_driver) by extension 'colcon_pkg'
[1.752s] Level 1:colcon.colcon_core.package_identification:_identify(src/hardware/ydlidar_ros2_driver) by extensions ['colcon_meta']
[1.752s] Level 1:colcon.colcon_core.package_identification:_identify(src/hardware/ydlidar_ros2_driver) by extension 'colcon_meta'
[1.752s] Level 1:colcon.colcon_core.package_identification:_identify(src/hardware/ydlidar_ros2_driver) by extensions ['ros']
[1.752s] Level 1:colcon.colcon_core.package_identification:_identify(src/hardware/ydlidar_ros2_driver) by extension 'ros'
[1.752s] Level 1:colcon.colcon_core.package_identification:_identify(src/hardware/ydlidar_ros2_driver) by extensions ['cmake', 'python']
[1.752s] Level 1:colcon.colcon_core.package_identification:_identify(src/hardware/ydlidar_ros2_driver) by extension 'cmake'
[1.753s] Level 1:colcon.colcon_core.package_identification:_identify(src/hardware/ydlidar_ros2_driver) by extension 'python'
[1.753s] Level 1:colcon.colcon_core.package_identification:_identify(src/hardware/ydlidar_ros2_driver) by extensions ['python_setup_py']
[1.753s] Level 1:colcon.colcon_core.package_identification:_identify(src/hardware/ydlidar_ros2_driver) by extension 'python_setup_py'
[1.754s] Level 1:colcon.colcon_core.package_identification:_identify(src/install) by extensions ['ignore', 'ignore_ament_install']
[1.754s] Level 1:colcon.colcon_core.package_identification:_identify(src/install) by extension 'ignore'
[1.754s] Level 1:colcon.colcon_core.package_identification:_identify(src/install) ignored
[1.755s] Level 1:colcon.colcon_core.package_identification:_identify(src/log) by extensions ['ignore', 'ignore_ament_install']
[1.755s] Level 1:colcon.colcon_core.package_identification:_identify(src/log) by extension 'ignore'
[1.755s] Level 1:colcon.colcon_core.package_identification:_identify(src/log) ignored
[1.756s] Level 1:colcon.colcon_core.package_identification:_identify(src/vision) by extensions ['ignore', 'ignore_ament_install']
[1.756s] Level 1:colcon.colcon_core.package_identification:_identify(src/vision) by extension 'ignore'
[1.756s] Level 1:colcon.colcon_core.package_identification:_identify(src/vision) by extension 'ignore_ament_install'
[1.756s] Level 1:colcon.colcon_core.package_identification:_identify(src/vision) by extensions ['colcon_pkg']
[1.756s] Level 1:colcon.colcon_core.package_identification:_identify(src/vision) by extension 'colcon_pkg'
[1.757s] Level 1:colcon.colcon_core.package_identification:_identify(src/vision) by extensions ['colcon_meta']
[1.757s] Level 1:colcon.colcon_core.package_identification:_identify(src/vision) by extension 'colcon_meta'
[1.757s] Level 1:colcon.colcon_core.package_identification:_identify(src/vision) by extensions ['ros']
[1.757s] Level 1:colcon.colcon_core.package_identification:_identify(src/vision) by extension 'ros'
[1.757s] Level 1:colcon.colcon_core.package_identification:_identify(src/vision) by extensions ['cmake', 'python']
[1.758s] Level 1:colcon.colcon_core.package_identification:_identify(src/vision) by extension 'cmake'
[1.758s] Level 1:colcon.colcon_core.package_identification:_identify(src/vision) by extension 'python'
[1.758s] Level 1:colcon.colcon_core.package_identification:_identify(src/vision) by extensions ['python_setup_py']
[1.758s] Level 1:colcon.colcon_core.package_identification:_identify(src/vision) by extension 'python_setup_py'
[1.759s] Level 1:colcon.colcon_core.package_identification:_identify(src/vision/lane_angle) by extensions ['ignore', 'ignore_ament_install']
[1.759s] Level 1:colcon.colcon_core.package_identification:_identify(src/vision/lane_angle) by extension 'ignore'
[1.759s] Level 1:colcon.colcon_core.package_identification:_identify(src/vision/lane_angle) by extension 'ignore_ament_install'
[1.759s] Level 1:colcon.colcon_core.package_identification:_identify(src/vision/lane_angle) by extensions ['colcon_pkg']
[1.759s] Level 1:colcon.colcon_core.package_identification:_identify(src/vision/lane_angle) by extension 'colcon_pkg'
[1.760s] Level 1:colcon.colcon_core.package_identification:_identify(src/vision/lane_angle) by extensions ['colcon_meta']
[1.760s] Level 1:colcon.colcon_core.package_identification:_identify(src/vision/lane_angle) by extension 'colcon_meta'
[1.760s] Level 1:colcon.colcon_core.package_identification:_identify(src/vision/lane_angle) by extensions ['ros']
[1.760s] Level 1:colcon.colcon_core.package_identification:_identify(src/vision/lane_angle) by extension 'ros'
[1.762s] DEBUG:colcon.colcon_core.package_identification:Package 'src/vision/lane_angle' with type 'ros.ament_python' and name 'lane_angle'
[1.763s] Level 1:colcon.colcon_core.package_identification:_identify(src/vision/lane_detector) by extensions ['ignore', 'ignore_ament_install']
[1.763s] Level 1:colcon.colcon_core.package_identification:_identify(src/vision/lane_detector) by extension 'ignore'
[1.764s] Level 1:colcon.colcon_core.package_identification:_identify(src/vision/lane_detector) by extension 'ignore_ament_install'
[1.764s] Level 1:colcon.colcon_core.package_identification:_identify(src/vision/lane_detector) by extensions ['colcon_pkg']
[1.764s] Level 1:colcon.colcon_core.package_identification:_identify(src/vision/lane_detector) by extension 'colcon_pkg'
[1.764s] Level 1:colcon.colcon_core.package_identification:_identify(src/vision/lane_detector) by extensions ['colcon_meta']
[1.764s] Level 1:colcon.colcon_core.package_identification:_identify(src/vision/lane_detector) by extension 'colcon_meta'
[1.765s] Level 1:colcon.colcon_core.package_identification:_identify(src/vision/lane_detector) by extensions ['ros']
[1.765s] Level 1:colcon.colcon_core.package_identification:_identify(src/vision/lane_detector) by extension 'ros'
[1.767s] DEBUG:colcon.colcon_core.package_identification:Package 'src/vision/lane_detector' with type 'ros.ament_python' and name 'lane_detector'
[1.768s] Level 1:colcon.colcon_core.package_identification:_identify(src/vision/prueba_angle) by extensions ['ignore', 'ignore_ament_install']
[1.768s] Level 1:colcon.colcon_core.package_identification:_identify(src/vision/prueba_angle) by extension 'ignore'
[1.768s] Level 1:colcon.colcon_core.package_identification:_identify(src/vision/prueba_angle) by extension 'ignore_ament_install'
[1.769s] Level 1:colcon.colcon_core.package_identification:_identify(src/vision/prueba_angle) by extensions ['colcon_pkg']
[1.769s] Level 1:colcon.colcon_core.package_identification:_identify(src/vision/prueba_angle) by extension 'colcon_pkg'
[1.769s] Level 1:colcon.colcon_core.package_identification:_identify(src/vision/prueba_angle) by extensions ['colcon_meta']
[1.769s] Level 1:colcon.colcon_core.package_identification:_identify(src/vision/prueba_angle) by extension 'colcon_meta'
[1.769s] Level 1:colcon.colcon_core.package_identification:_identify(src/vision/prueba_angle) by extensions ['ros']
[1.769s] Level 1:colcon.colcon_core.package_identification:_identify(src/vision/prueba_angle) by extension 'ros'
[1.772s] DEBUG:colcon.colcon_core.package_identification:Package 'src/vision/prueba_angle' with type 'ros.ament_python' and name 'prueba_angle'
[1.772s] Level 1:colcon.colcon_core.package_identification:_identify(src/vision/red_vision) by extensions ['ignore', 'ignore_ament_install']
[1.773s] Level 1:colcon.colcon_core.package_identification:_identify(src/vision/red_vision) by extension 'ignore'
[1.773s] Level 1:colcon.colcon_core.package_identification:_identify(src/vision/red_vision) by extension 'ignore_ament_install'
[1.773s] Level 1:colcon.colcon_core.package_identification:_identify(src/vision/red_vision) by extensions ['colcon_pkg']
[1.773s] Level 1:colcon.colcon_core.package_identification:_identify(src/vision/red_vision) by extension 'colcon_pkg'
[1.773s] Level 1:colcon.colcon_core.package_identification:_identify(src/vision/red_vision) by extensions ['colcon_meta']
[1.774s] Level 1:colcon.colcon_core.package_identification:_identify(src/vision/red_vision) by extension 'colcon_meta'
[1.774s] Level 1:colcon.colcon_core.package_identification:_identify(src/vision/red_vision) by extensions ['ros']
[1.774s] Level 1:colcon.colcon_core.package_identification:_identify(src/vision/red_vision) by extension 'ros'
[1.776s] DEBUG:colcon.colcon_core.package_identification:Package 'src/vision/red_vision' with type 'ros.ament_python' and name 'red_vision'
[1.777s] Level 1:colcon.colcon_core.package_identification:_identify(src/vision/senal_detector) by extensions ['ignore', 'ignore_ament_install']
[1.777s] Level 1:colcon.colcon_core.package_identification:_identify(src/vision/senal_detector) by extension 'ignore'
[1.777s] Level 1:colcon.colcon_core.package_identification:_identify(src/vision/senal_detector) by extension 'ignore_ament_install'
[1.778s] Level 1:colcon.colcon_core.package_identification:_identify(src/vision/senal_detector) by extensions ['colcon_pkg']
[1.778s] Level 1:colcon.colcon_core.package_identification:_identify(src/vision/senal_detector) by extension 'colcon_pkg'
[1.778s] Level 1:colcon.colcon_core.package_identification:_identify(src/vision/senal_detector) by extensions ['colcon_meta']
[1.778s] Level 1:colcon.colcon_core.package_identification:_identify(src/vision/senal_detector) by extension 'colcon_meta'
[1.778s] Level 1:colcon.colcon_core.package_identification:_identify(src/vision/senal_detector) by extensions ['ros']
[1.778s] Level 1:colcon.colcon_core.package_identification:_identify(src/vision/senal_detector) by extension 'ros'
[1.821s] DEBUG:colcon.colcon_core.package_identification:Package 'src/vision/senal_detector' with type 'ros.ament_python' and name 'senal_detector'
[1.821s] Level 1:colcon.colcon_core.package_discovery:discover_packages(recursive) using defaults
[1.821s] Level 1:colcon.colcon_core.package_discovery:discover_packages(ignore) discover
[1.822s] Level 1:colcon.colcon_core.package_discovery:discover_packages(ignore) using defaults
[1.822s] Level 1:colcon.colcon_core.package_discovery:discover_packages(path) discover
[1.822s] Level 1:colcon.colcon_core.package_discovery:discover_packages(path) using defaults
[1.914s] Level 1:colcon.colcon_core.package_discovery:discover_packages(prefix_path) check parameters
[1.915s] Level 1:colcon.colcon_core.package_discovery:discover_packages(prefix_path) discover
[1.969s] DEBUG:colcon.colcon_installed_package_information.package_discovery:Found 341 installed packages in /home/crofi/ros2_humble/ros2-linux
[1.979s] DEBUG:colcon.colcon_installed_package_information.package_discovery:Found 51 installed packages in /opt/ros/humble
[1.990s] Level 1:colcon.colcon_core.package_discovery:discover_packages(prefix_path) using defaults
[2.290s] Level 5:colcon.colcon_core.verb:set package 'lane_angle' build argument 'cmake_args' from command line to 'None'
[2.291s] Level 5:colcon.colcon_core.verb:set package 'lane_angle' build argument 'cmake_target' from command line to 'None'
[2.291s] Level 5:colcon.colcon_core.verb:set package 'lane_angle' build argument 'cmake_target_skip_unavailable' from command line to 'False'
[2.291s] Level 5:colcon.colcon_core.verb:set package 'lane_angle' build argument 'cmake_clean_cache' from command line to 'False'
[2.291s] Level 5:colcon.colcon_core.verb:set package 'lane_angle' build argument 'cmake_clean_first' from command line to 'False'
[2.291s] Level 5:colcon.colcon_core.verb:set package 'lane_angle' build argument 'cmake_force_configure' from command line to 'False'
[2.291s] Level 5:colcon.colcon_core.verb:set package 'lane_angle' build argument 'ament_cmake_args' from command line to 'None'
[2.292s] Level 5:colcon.colcon_core.verb:set package 'lane_angle' build argument 'catkin_cmake_args' from command line to 'None'
[2.292s] Level 5:colcon.colcon_core.verb:set package 'lane_angle' build argument 'catkin_skip_building_tests' from command line to 'False'
[2.292s] DEBUG:colcon.colcon_core.verb:Building package 'lane_angle' with the following arguments: {'ament_cmake_args': None, 'build_base': '/home/crofi/AutoModelCrofi/ros2_ws/build/lane_angle', 'catkin_cmake_args': None, 'catkin_skip_building_tests': False, 'cmake_args': None, 'cmake_clean_cache': False, 'cmake_clean_first': False, 'cmake_force_configure': False, 'cmake_target': None, 'cmake_target_skip_unavailable': False, 'install_base': '/home/crofi/AutoModelCrofi/ros2_ws/install/lane_angle', 'merge_install': False, 'path': '/home/crofi/AutoModelCrofi/ros2_ws/src/vision/lane_angle', 'symlink_install': False, 'test_result_base': None}
[2.293s] Level 5:colcon.colcon_core.verb:set package 'lane_detector' build argument 'cmake_args' from command line to 'None'
[2.293s] Level 5:colcon.colcon_core.verb:set package 'lane_detector' build argument 'cmake_target' from command line to 'None'
[2.294s] Level 5:colcon.colcon_core.verb:set package 'lane_detector' build argument 'cmake_target_skip_unavailable' from command line to 'False'
[2.294s] Level 5:colcon.colcon_core.verb:set package 'lane_detector' build argument 'cmake_clean_cache' from command line to 'False'
[2.294s] Level 5:colcon.colcon_core.verb:set package 'lane_detector' build argument 'cmake_clean_first' from command line to 'False'
[2.294s] Level 5:colcon.colcon_core.verb:set package 'lane_detector' build argument 'cmake_force_configure' from command line to 'False'
[2.294s] Level 5:colcon.colcon_core.verb:set package 'lane_detector' build argument 'ament_cmake_args' from command line to 'None'
[2.294s] Level 5:colcon.colcon_core.verb:set package 'lane_detector' build argument 'catkin_cmake_args' from command line to 'None'
[2.294s] Level 5:colcon.colcon_core.verb:set package 'lane_detector' build argument 'catkin_skip_building_tests' from command line to 'False'
[2.294s] DEBUG:colcon.colcon_core.verb:Building package 'lane_detector' with the following arguments: {'ament_cmake_args': None, 'build_base': '/home/crofi/AutoModelCrofi/ros2_ws/build/lane_detector', 'catkin_cmake_args': None, 'catkin_skip_building_tests': False, 'cmake_args': None, 'cmake_clean_cache': False, 'cmake_clean_first': False, 'cmake_force_configure': False, 'cmake_target': None, 'cmake_target_skip_unavailable': False, 'install_base': '/home/crofi/AutoModelCrofi/ros2_ws/install/lane_detector', 'merge_install': False, 'path': '/home/crofi/AutoModelCrofi/ros2_ws/src/vision/lane_detector', 'symlink_install': False, 'test_result_base': None}
[2.296s] Level 5:colcon.colcon_core.verb:set package 'prueba_angle' build argument 'cmake_args' from command line to 'None'
[2.296s] Level 5:colcon.colcon_core.verb:set package 'prueba_angle' build argument 'cmake_target' from command line to 'None'
[2.296s] Level 5:colcon.colcon_core.verb:set package 'prueba_angle' build argument 'cmake_target_skip_unavailable' from command line to 'False'
[2.296s] Level 5:colcon.colcon_core.verb:set package 'prueba_angle' build argument 'cmake_clean_cache' from command line to 'False'
[2.296s] Level 5:colcon.colcon_core.verb:set package 'prueba_angle' build argument 'cmake_clean_first' from command line to 'False'
[2.297s] Level 5:colcon.colcon_core.verb:set package 'prueba_angle' build argument 'cmake_force_configure' from command line to 'False'
[2.297s] Level 5:colcon.colcon_core.verb:set package 'prueba_angle' build argument 'ament_cmake_args' from command line to 'None'
[2.297s] Level 5:colcon.colcon_core.verb:set package 'prueba_angle' build argument 'catkin_cmake_args' from command line to 'None'
[2.297s] Level 5:colcon.colcon_core.verb:set package 'prueba_angle' build argument 'catkin_skip_building_tests' from command line to 'False'
[2.297s] DEBUG:colcon.colcon_core.verb:Building package 'prueba_angle' with the following arguments: {'ament_cmake_args': None, 'build_base': '/home/crofi/AutoModelCrofi/ros2_ws/build/prueba_angle', 'catkin_cmake_args': None, 'catkin_skip_building_tests': False, 'cmake_args': None, 'cmake_clean_cache': False, 'cmake_clean_first': False, 'cmake_force_configure': False, 'cmake_target': None, 'cmake_target_skip_unavailable': False, 'install_base': '/home/crofi/AutoModelCrofi/ros2_ws/install/prueba_angle', 'merge_install': False, 'path': '/home/crofi/AutoModelCrofi/ros2_ws/src/vision/prueba_angle', 'symlink_install': False, 'test_result_base': None}
[2.298s] Level 5:colcon.colcon_core.verb:set package 'red_vision' build argument 'cmake_args' from command line to 'None'
[2.299s] Level 5:colcon.colcon_core.verb:set package 'red_vision' build argument 'cmake_target' from command line to 'None'
[2.299s] Level 5:colcon.colcon_core.verb:set package 'red_vision' build argument 'cmake_target_skip_unavailable' from command line to 'False'
[2.299s] Level 5:colcon.colcon_core.verb:set package 'red_vision' build argument 'cmake_clean_cache' from command line to 'False'
[2.299s] Level 5:colcon.colcon_core.verb:set package 'red_vision' build argument 'cmake_clean_first' from command line to 'False'
[2.299s] Level 5:colcon.colcon_core.verb:set package 'red_vision' build argument 'cmake_force_configure' from command line to 'False'
[2.299s] Level 5:colcon.colcon_core.verb:set package 'red_vision' build argument 'ament_cmake_args' from command line to 'None'
[2.299s] Level 5:colcon.colcon_core.verb:set package 'red_vision' build argument 'catkin_cmake_args' from command line to 'None'
[2.299s] Level 5:colcon.colcon_core.verb:set package 'red_vision' build argument 'catkin_skip_building_tests' from command line to 'False'
[2.300s] DEBUG:colcon.colcon_core.verb:Building package 'red_vision' with the following arguments: {'ament_cmake_args': None, 'build_base': '/home/crofi/AutoModelCrofi/ros2_ws/build/red_vision', 'catkin_cmake_args': None, 'catkin_skip_building_tests': False, 'cmake_args': None, 'cmake_clean_cache': False, 'cmake_clean_first': False, 'cmake_force_configure': False, 'cmake_target': None, 'cmake_target_skip_unavailable': False, 'install_base': '/home/crofi/AutoModelCrofi/ros2_ws/install/red_vision', 'merge_install': False, 'path': '/home/crofi/AutoModelCrofi/ros2_ws/src/vision/red_vision', 'symlink_install': False, 'test_result_base': None}
[2.301s] Level 5:colcon.colcon_core.verb:set package 'senal_detector' build argument 'cmake_args' from command line to 'None'
[2.301s] Level 5:colcon.colcon_core.verb:set package 'senal_detector' build argument 'cmake_target' from command line to 'None'
[2.301s] Level 5:colcon.colcon_core.verb:set package 'senal_detector' build argument 'cmake_target_skip_unavailable' from command line to 'False'
[2.301s] Level 5:colcon.colcon_core.verb:set package 'senal_detector' build argument 'cmake_clean_cache' from command line to 'False'
[2.301s] Level 5:colcon.colcon_core.verb:set package 'senal_detector' build argument 'cmake_clean_first' from command line to 'False'
[2.302s] Level 5:colcon.colcon_core.verb:set package 'senal_detector' build argument 'cmake_force_configure' from command line to 'False'
[2.302s] Level 5:colcon.colcon_core.verb:set package 'senal_detector' build argument 'ament_cmake_args' from command line to 'None'
[2.302s] Level 5:colcon.colcon_core.verb:set package 'senal_detector' build argument 'catkin_cmake_args' from command line to 'None'
[2.302s] Level 5:colcon.colcon_core.verb:set package 'senal_detector' build argument 'catkin_skip_building_tests' from command line to 'False'
[2.302s] DEBUG:colcon.colcon_core.verb:Building package 'senal_detector' with the following arguments: {'ament_cmake_args': None, 'build_base': '/home/crofi/AutoModelCrofi/ros2_ws/build/senal_detector', 'catkin_cmake_args': None, 'catkin_skip_building_tests': False, 'cmake_args': None, 'cmake_clean_cache': False, 'cmake_clean_first': False, 'cmake_force_configure': False, 'cmake_target': None, 'cmake_target_skip_unavailable': False, 'install_base': '/home/crofi/AutoModelCrofi/ros2_ws/install/senal_detector', 'merge_install': False, 'path': '/home/crofi/AutoModelCrofi/ros2_ws/src/vision/senal_detector', 'symlink_install': False, 'test_result_base': None}
[2.303s] Level 5:colcon.colcon_core.verb:set package 'servo' build argument 'cmake_args' from command line to 'None'
[2.304s] Level 5:colcon.colcon_core.verb:set package 'servo' build argument 'cmake_target' from command line to 'None'
[2.304s] Level 5:colcon.colcon_core.verb:set package 'servo' build argument 'cmake_target_skip_unavailable' from command line to 'False'
[2.304s] Level 5:colcon.colcon_core.verb:set package 'servo' build argument 'cmake_clean_cache' from command line to 'False'
[2.304s] Level 5:colcon.colcon_core.verb:set package 'servo' build argument 'cmake_clean_first' from command line to 'False'
[2.304s] Level 5:colcon.colcon_core.verb:set package 'servo' build argument 'cmake_force_configure' from command line to 'False'
[2.304s] Level 5:colcon.colcon_core.verb:set package 'servo' build argument 'ament_cmake_args' from command line to 'None'
[2.304s] Level 5:colcon.colcon_core.verb:set package 'servo' build argument 'catkin_cmake_args' from command line to 'None'
[2.304s] Level 5:colcon.colcon_core.verb:set package 'servo' build argument 'catkin_skip_building_tests' from command line to 'False'
[2.304s] DEBUG:colcon.colcon_core.verb:Building package 'servo' with the following arguments: {'ament_cmake_args': None, 'build_base': '/home/crofi/AutoModelCrofi/ros2_ws/build/servo', 'catkin_cmake_args': None, 'catkin_skip_building_tests': False, 'cmake_args': None, 'cmake_clean_cache': False, 'cmake_clean_first': False, 'cmake_force_configure': False, 'cmake_target': None, 'cmake_target_skip_unavailable': False, 'install_base': '/home/crofi/AutoModelCrofi/ros2_ws/install/servo', 'merge_install': False, 'path': '/home/crofi/AutoModelCrofi/ros2_ws/src/hardware/servo', 'symlink_install': False, 'test_result_base': None}
[2.306s] Level 5:colcon.colcon_core.verb:set package 'webcam' build argument 'cmake_args' from command line to 'None'
[2.306s] Level 5:colcon.colcon_core.verb:set package 'webcam' build argument 'cmake_target' from command line to 'None'
[2.306s] Level 5:colcon.colcon_core.verb:set package 'webcam' build argument 'cmake_target_skip_unavailable' from command line to 'False'
[2.306s] Level 5:colcon.colcon_core.verb:set package 'webcam' build argument 'cmake_clean_cache' from command line to 'False'
[2.306s] Level 5:colcon.colcon_core.verb:set package 'webcam' build argument 'cmake_clean_first' from command line to 'False'
[2.306s] Level 5:colcon.colcon_core.verb:set package 'webcam' build argument 'cmake_force_configure' from command line to 'False'
[2.307s] Level 5:colcon.colcon_core.verb:set package 'webcam' build argument 'ament_cmake_args' from command line to 'None'
[2.307s] Level 5:colcon.colcon_core.verb:set package 'webcam' build argument 'catkin_cmake_args' from command line to 'None'
[2.307s] Level 5:colcon.colcon_core.verb:set package 'webcam' build argument 'catkin_skip_building_tests' from command line to 'False'
[2.307s] DEBUG:colcon.colcon_core.verb:Building package 'webcam' with the following arguments: {'ament_cmake_args': None, 'build_base': '/home/crofi/AutoModelCrofi/ros2_ws/build/webcam', 'catkin_cmake_args': None, 'catkin_skip_building_tests': False, 'cmake_args': None, 'cmake_clean_cache': False, 'cmake_clean_first': False, 'cmake_force_configure': False, 'cmake_target': None, 'cmake_target_skip_unavailable': False, 'install_base': '/home/crofi/AutoModelCrofi/ros2_ws/install/webcam', 'merge_install': False, 'path': '/home/crofi/AutoModelCrofi/ros2_ws/src/hardware/webcam', 'symlink_install': False, 'test_result_base': None}
[2.308s] Level 5:colcon.colcon_core.verb:set package 'webcam_recorted' build argument 'cmake_args' from command line to 'None'
[2.308s] Level 5:colcon.colcon_core.verb:set package 'webcam_recorted' build argument 'cmake_target' from command line to 'None'
[2.309s] Level 5:colcon.colcon_core.verb:set package 'webcam_recorted' build argument 'cmake_target_skip_unavailable' from command line to 'False'
[2.309s] Level 5:colcon.colcon_core.verb:set package 'webcam_recorted' build argument 'cmake_clean_cache' from command line to 'False'
[2.309s] Level 5:colcon.colcon_core.verb:set package 'webcam_recorted' build argument 'cmake_clean_first' from command line to 'False'
[2.309s] Level 5:colcon.colcon_core.verb:set package 'webcam_recorted' build argument 'cmake_force_configure' from command line to 'False'
[2.309s] Level 5:colcon.colcon_core.verb:set package 'webcam_recorted' build argument 'ament_cmake_args' from command line to 'None'
[2.309s] Level 5:colcon.colcon_core.verb:set package 'webcam_recorted' build argument 'catkin_cmake_args' from command line to 'None'
[2.309s] Level 5:colcon.colcon_core.verb:set package 'webcam_recorted' build argument 'catkin_skip_building_tests' from command line to 'False'
[2.309s] DEBUG:colcon.colcon_core.verb:Building package 'webcam_recorted' with the following arguments: {'ament_cmake_args': None, 'build_base': '/home/crofi/AutoModelCrofi/ros2_ws/build/webcam_recorted', 'catkin_cmake_args': None, 'catkin_skip_building_tests': False, 'cmake_args': None, 'cmake_clean_cache': False, 'cmake_clean_first': False, 'cmake_force_configure': False, 'cmake_target': None, 'cmake_target_skip_unavailable': False, 'install_base': '/home/crofi/AutoModelCrofi/ros2_ws/install/webcam_recorted', 'merge_install': False, 'path': '/home/crofi/AutoModelCrofi/ros2_ws/src/hardware/webcam_recorted', 'symlink_install': False, 'test_result_base': None}
[2.311s] Level 5:colcon.colcon_core.verb:set package 'ydlidar_client' build argument 'cmake_args' from command line to 'None'
[2.311s] Level 5:colcon.colcon_core.verb:set package 'ydlidar_client' build argument 'cmake_target' from command line to 'None'
[2.311s] Level 5:colcon.colcon_core.verb:set package 'ydlidar_client' build argument 'cmake_target_skip_unavailable' from command line to 'False'
[2.311s] Level 5:colcon.colcon_core.verb:set package 'ydlidar_client' build argument 'cmake_clean_cache' from command line to 'False'
[2.311s] Level 5:colcon.colcon_core.verb:set package 'ydlidar_client' build argument 'cmake_clean_first' from command line to 'False'
[2.311s] Level 5:colcon.colcon_core.verb:set package 'ydlidar_client' build argument 'cmake_force_configure' from command line to 'False'
[2.311s] Level 5:colcon.colcon_core.verb:set package 'ydlidar_client' build argument 'ament_cmake_args' from command line to 'None'
[2.311s] Level 5:colcon.colcon_core.verb:set package 'ydlidar_client' build argument 'catkin_cmake_args' from command line to 'None'
[2.312s] Level 5:colcon.colcon_core.verb:set package 'ydlidar_client' build argument 'catkin_skip_building_tests' from command line to 'False'
[2.312s] DEBUG:colcon.colcon_core.verb:Building package 'ydlidar_client' with the following arguments: {'ament_cmake_args': None, 'build_base': '/home/crofi/AutoModelCrofi/ros2_ws/build/ydlidar_client', 'catkin_cmake_args': None, 'catkin_skip_building_tests': False, 'cmake_args': None, 'cmake_clean_cache': False, 'cmake_clean_first': False, 'cmake_force_configure': False, 'cmake_target': None, 'cmake_target_skip_unavailable': False, 'install_base': '/home/crofi/AutoModelCrofi/ros2_ws/install/ydlidar_client', 'merge_install': False, 'path': '/home/crofi/AutoModelCrofi/ros2_ws/src/hardware/ydlidar_client', 'symlink_install': False, 'test_result_base': None}
[2.312s] INFO:colcon.colcon_core.executor:Executing jobs using 'parallel' executor
[2.316s] DEBUG:colcon.colcon_parallel_executor.executor.parallel:run_until_complete
[2.317s] INFO:colcon.colcon_ros.task.ament_python.build:Building ROS package in '/home/crofi/AutoModelCrofi/ros2_ws/src/vision/lane_angle' with build type 'ament_python'
[2.318s] Level 1:colcon.colcon_core.shell:create_environment_hook('lane_angle', 'ament_prefix_path')
[2.329s] INFO:colcon.colcon_core.plugin_system:Skipping extension 'colcon_core.shell.bat': Not used on non-Windows systems
[2.330s] INFO:colcon.colcon_core.shell:Creating environment hook '/home/crofi/AutoModelCrofi/ros2_ws/install/lane_angle/share/lane_angle/hook/ament_prefix_path.ps1'
[2.334s] INFO:colcon.colcon_core.shell:Creating environment descriptor '/home/crofi/AutoModelCrofi/ros2_ws/install/lane_angle/share/lane_angle/hook/ament_prefix_path.dsv'
[2.337s] INFO:colcon.colcon_core.shell:Creating environment hook '/home/crofi/AutoModelCrofi/ros2_ws/install/lane_angle/share/lane_angle/hook/ament_prefix_path.sh'
[2.343s] INFO:colcon.colcon_core.shell:Skip shell extension 'powershell' for command environment: Not usable outside of PowerShell
[2.343s] DEBUG:colcon.colcon_core.shell:Skip shell extension 'dsv' for command environment
[2.407s] INFO:colcon.colcon_ros.task.ament_python.build:Building ROS package in '/home/crofi/AutoModelCrofi/ros2_ws/src/vision/lane_detector' with build type 'ament_python'
[2.408s] Level 1:colcon.colcon_core.shell:create_environment_hook('lane_detector', 'ament_prefix_path')
[2.409s] INFO:colcon.colcon_core.shell:Creating environment hook '/home/crofi/AutoModelCrofi/ros2_ws/install/lane_detector/share/lane_detector/hook/ament_prefix_path.ps1'
[2.412s] INFO:colcon.colcon_core.shell:Creating environment descriptor '/home/crofi/AutoModelCrofi/ros2_ws/install/lane_detector/share/lane_detector/hook/ament_prefix_path.dsv'
[2.414s] INFO:colcon.colcon_core.shell:Creating environment hook '/home/crofi/AutoModelCrofi/ros2_ws/install/lane_detector/share/lane_detector/hook/ament_prefix_path.sh'
[2.419s] INFO:colcon.colcon_core.shell:Skip shell extension 'powershell' for command environment: Not usable outside of PowerShell
[2.419s] DEBUG:colcon.colcon_core.shell:Skip shell extension 'dsv' for command environment
[2.486s] INFO:colcon.colcon_ros.task.ament_python.build:Building ROS package in '/home/crofi/AutoModelCrofi/ros2_ws/src/vision/prueba_angle' with build type 'ament_python'
[2.487s] Level 1:colcon.colcon_core.shell:create_environment_hook('prueba_angle', 'ament_prefix_path')
[2.489s] INFO:colcon.colcon_core.shell:Creating environment hook '/home/crofi/AutoModelCrofi/ros2_ws/install/prueba_angle/share/prueba_angle/hook/ament_prefix_path.ps1'
[2.493s] INFO:colcon.colcon_core.shell:Creating environment descriptor '/home/crofi/AutoModelCrofi/ros2_ws/install/prueba_angle/share/prueba_angle/hook/ament_prefix_path.dsv'
[2.496s] INFO:colcon.colcon_core.shell:Creating environment hook '/home/crofi/AutoModelCrofi/ros2_ws/install/prueba_angle/share/prueba_angle/hook/ament_prefix_path.sh'
[2.500s] INFO:colcon.colcon_core.shell:Skip shell extension 'powershell' for command environment: Not usable outside of PowerShell
[2.500s] DEBUG:colcon.colcon_core.shell:Skip shell extension 'dsv' for command environment
[2.570s] INFO:colcon.colcon_ros.task.ament_python.build:Building ROS package in '/home/crofi/AutoModelCrofi/ros2_ws/src/vision/red_vision' with build type 'ament_python'
[2.571s] Level 1:colcon.colcon_core.shell:create_environment_hook('red_vision', 'ament_prefix_path')
[2.572s] INFO:colcon.colcon_core.shell:Creating environment hook '/home/crofi/AutoModelCrofi/ros2_ws/install/red_vision/share/red_vision/hook/ament_prefix_path.ps1'
[2.575s] INFO:colcon.colcon_core.shell:Creating environment descriptor '/home/crofi/AutoModelCrofi/ros2_ws/install/red_vision/share/red_vision/hook/ament_prefix_path.dsv'
[2.580s] INFO:colcon.colcon_core.shell:Creating environment hook '/home/crofi/AutoModelCrofi/ros2_ws/install/red_vision/share/red_vision/hook/ament_prefix_path.sh'
[2.586s] INFO:colcon.colcon_core.shell:Skip shell extension 'powershell' for command environment: Not usable outside of PowerShell
[2.586s] DEBUG:colcon.colcon_core.shell:Skip shell extension 'dsv' for command environment
[4.184s] INFO:colcon.colcon_core.task.python.build:Building Python package in '/home/crofi/AutoModelCrofi/ros2_ws/src/vision/lane_angle'
[4.185s] INFO:colcon.colcon_core.shell:Skip shell extension 'powershell' for command environment: Not usable outside of PowerShell
[4.185s] DEBUG:colcon.colcon_core.shell:Skip shell extension 'dsv' for command environment
[5.741s] INFO:colcon.colcon_core.task.python.build:Building Python package in '/home/crofi/AutoModelCrofi/ros2_ws/src/vision/lane_detector'
[5.742s] INFO:colcon.colcon_core.shell:Skip shell extension 'powershell' for command environment: Not usable outside of PowerShell
[5.742s] DEBUG:colcon.colcon_core.shell:Skip shell extension 'dsv' for command environment
[7.279s] INFO:colcon.colcon_core.task.python.build:Building Python package in '/home/crofi/AutoModelCrofi/ros2_ws/src/vision/prueba_angle'
[7.280s] INFO:colcon.colcon_core.shell:Skip shell extension 'powershell' for command environment: Not usable outside of PowerShell
[7.280s] DEBUG:colcon.colcon_core.shell:Skip shell extension 'dsv' for command environment
[8.830s] INFO:colcon.colcon_core.task.python.build:Building Python package in '/home/crofi/AutoModelCrofi/ros2_ws/src/vision/red_vision'
[8.832s] INFO:colcon.colcon_core.shell:Skip shell extension 'powershell' for command environment: Not usable outside of PowerShell
[8.832s] DEBUG:colcon.colcon_core.shell:Skip shell extension 'dsv' for command environment
[12.611s] DEBUG:colcon.colcon_core.event_handler.log_command:Invoking command in '/home/crofi/AutoModelCrofi/ros2_ws/src/vision/lane_detector': PYTHONPATH=/home/crofi/AutoModelCrofi/ros2_ws/build/lane_detector/prefix_override:/usr/lib/python3/dist-packages/colcon_core/task/python/colcon_distutils_commands:/home/crofi/AutoModelCrofi/ros2_ws/install/lane_detector/lib/python3.10/site-packages:${PYTHONPATH} /usr/bin/python3 -W ignore:setup.py install is deprecated -W ignore:easy_install command is deprecated setup.py egg_info --egg-base ../../../build/lane_detector build --build-base /home/crofi/AutoModelCrofi/ros2_ws/build/lane_detector/build install --record /home/crofi/AutoModelCrofi/ros2_ws/build/lane_detector/install.log --single-version-externally-managed install_data
[12.786s] DEBUG:colcon.colcon_core.event_handler.log_command:Invoking command in '/home/crofi/AutoModelCrofi/ros2_ws/src/vision/red_vision': PYTHONPATH=/home/crofi/AutoModelCrofi/ros2_ws/build/red_vision/prefix_override:/usr/lib/python3/dist-packages/colcon_core/task/python/colcon_distutils_commands:/home/crofi/AutoModelCrofi/ros2_ws/install/red_vision/lib/python3.10/site-packages:${PYTHONPATH} /usr/bin/python3 -W ignore:setup.py install is deprecated -W ignore:easy_install command is deprecated setup.py egg_info --egg-base ../../../build/red_vision build --build-base /home/crofi/AutoModelCrofi/ros2_ws/build/red_vision/build install --record /home/crofi/AutoModelCrofi/ros2_ws/build/red_vision/install.log --single-version-externally-managed install_data
[12.868s] DEBUG:colcon.colcon_core.event_handler.log_command:Invoking command in '/home/crofi/AutoModelCrofi/ros2_ws/src/vision/lane_angle': PYTHONPATH=/home/crofi/AutoModelCrofi/ros2_ws/build/lane_angle/prefix_override:/usr/lib/python3/dist-packages/colcon_core/task/python/colcon_distutils_commands:/home/crofi/AutoModelCrofi/ros2_ws/install/lane_angle/lib/python3.10/site-packages:${PYTHONPATH} /usr/bin/python3 -W ignore:setup.py install is deprecated -W ignore:easy_install command is deprecated setup.py egg_info --egg-base ../../../build/lane_angle build --build-base /home/crofi/AutoModelCrofi/ros2_ws/build/lane_angle/build install --record /home/crofi/AutoModelCrofi/ros2_ws/build/lane_angle/install.log --single-version-externally-managed install_data
[12.883s] DEBUG:colcon.colcon_core.event_handler.log_command:Invoking command in '/home/crofi/AutoModelCrofi/ros2_ws/src/vision/prueba_angle': PYTHONPATH=/home/crofi/AutoModelCrofi/ros2_ws/build/prueba_angle/prefix_override:/usr/lib/python3/dist-packages/colcon_core/task/python/colcon_distutils_commands:/home/crofi/AutoModelCrofi/ros2_ws/install/prueba_angle/lib/python3.10/site-packages:${PYTHONPATH} /usr/bin/python3 -W ignore:setup.py install is deprecated -W ignore:easy_install command is deprecated setup.py egg_info --egg-base ../../../build/prueba_angle build --build-base /home/crofi/AutoModelCrofi/ros2_ws/build/prueba_angle/build install --record /home/crofi/AutoModelCrofi/ros2_ws/build/prueba_angle/install.log --single-version-externally-managed install_data
[15.885s] DEBUG:colcon.colcon_core.event_handler.log_command:Invoked command in '/home/crofi/AutoModelCrofi/ros2_ws/src/vision/red_vision' returned '0': PYTHONPATH=/home/crofi/AutoModelCrofi/ros2_ws/build/red_vision/prefix_override:/usr/lib/python3/dist-packages/colcon_core/task/python/colcon_distutils_commands:/home/crofi/AutoModelCrofi/ros2_ws/install/red_vision/lib/python3.10/site-packages:${PYTHONPATH} /usr/bin/python3 -W ignore:setup.py install is deprecated -W ignore:easy_install command is deprecated setup.py egg_info --egg-base ../../../build/red_vision build --build-base /home/crofi/AutoModelCrofi/ros2_ws/build/red_vision/build install --record /home/crofi/AutoModelCrofi/ros2_ws/build/red_vision/install.log --single-version-externally-managed install_data
[15.929s] Level 1:colcon.colcon_core.environment:checking '/home/crofi/AutoModelCrofi/ros2_ws/install/red_vision' for CMake module files
[15.936s] Level 1:colcon.colcon_core.environment:checking '/home/crofi/AutoModelCrofi/ros2_ws/install/red_vision' for CMake config files
[15.951s] Level 1:colcon.colcon_core.environment:checking '/home/crofi/AutoModelCrofi/ros2_ws/install/red_vision/lib'
[15.953s] Level 1:colcon.colcon_core.environment:checking '/home/crofi/AutoModelCrofi/ros2_ws/install/red_vision/bin'
[15.954s] Level 1:colcon.colcon_core.environment:checking '/home/crofi/AutoModelCrofi/ros2_ws/install/red_vision/lib/pkgconfig/red_vision.pc'
[15.957s] Level 1:colcon.colcon_core.environment:checking '/home/crofi/AutoModelCrofi/ros2_ws/install/red_vision/lib/python3.10/site-packages'
[15.958s] Level 1:colcon.colcon_core.shell:create_environment_hook('red_vision', 'pythonpath')
[15.960s] INFO:colcon.colcon_core.shell:Creating environment hook '/home/crofi/AutoModelCrofi/ros2_ws/install/red_vision/share/red_vision/hook/pythonpath.ps1'
[15.974s] INFO:colcon.colcon_core.shell:Creating environment descriptor '/home/crofi/AutoModelCrofi/ros2_ws/install/red_vision/share/red_vision/hook/pythonpath.dsv'
[15.979s] INFO:colcon.colcon_core.shell:Creating environment hook '/home/crofi/AutoModelCrofi/ros2_ws/install/red_vision/share/red_vision/hook/pythonpath.sh'
[15.995s] Level 1:colcon.colcon_core.environment:checking '/home/crofi/AutoModelCrofi/ros2_ws/install/red_vision/bin'
[15.996s] Level 1:colcon.colcon_core.environment:create_environment_scripts_only(red_vision)
[15.998s] INFO:colcon.colcon_core.shell:Creating package script '/home/crofi/AutoModelCrofi/ros2_ws/install/red_vision/share/red_vision/package.ps1'
[16.012s] INFO:colcon.colcon_core.shell:Creating package descriptor '/home/crofi/AutoModelCrofi/ros2_ws/install/red_vision/share/red_vision/package.dsv'
[16.021s] INFO:colcon.colcon_core.shell:Creating package script '/home/crofi/AutoModelCrofi/ros2_ws/install/red_vision/share/red_vision/package.sh'
[16.028s] INFO:colcon.colcon_core.shell:Creating package script '/home/crofi/AutoModelCrofi/ros2_ws/install/red_vision/share/red_vision/package.bash'
[16.036s] INFO:colcon.colcon_core.shell:Creating package script '/home/crofi/AutoModelCrofi/ros2_ws/install/red_vision/share/red_vision/package.zsh'
[16.043s] Level 1:colcon.colcon_core.environment:create_file_with_runtime_dependencies(/home/crofi/AutoModelCrofi/ros2_ws/install/red_vision/share/colcon-core/packages/red_vision)
[16.052s] INFO:colcon.colcon_ros.task.ament_python.build:Building ROS package in '/home/crofi/AutoModelCrofi/ros2_ws/src/vision/senal_detector' with build type 'ament_python'
[16.054s] Level 1:colcon.colcon_core.shell:create_environment_hook('senal_detector', 'ament_prefix_path')
[16.057s] INFO:colcon.colcon_core.shell:Creating environment hook '/home/crofi/AutoModelCrofi/ros2_ws/install/senal_detector/share/senal_detector/hook/ament_prefix_path.ps1'
[16.072s] INFO:colcon.colcon_core.shell:Creating environment descriptor '/home/crofi/AutoModelCrofi/ros2_ws/install/senal_detector/share/senal_detector/hook/ament_prefix_path.dsv'
[16.079s] INFO:colcon.colcon_core.shell:Creating environment hook '/home/crofi/AutoModelCrofi/ros2_ws/install/senal_detector/share/senal_detector/hook/ament_prefix_path.sh'
[16.090s] INFO:colcon.colcon_core.shell:Skip shell extension 'powershell' for command environment: Not usable outside of PowerShell
[16.092s] DEBUG:colcon.colcon_core.shell:Skip shell extension 'dsv' for command environment
[16.190s] Level 1:colcon.colcon_core.environment:checking '/home/crofi/AutoModelCrofi/ros2_ws/install/prueba_angle' for CMake module files
[16.194s] DEBUG:colcon.colcon_core.event_handler.log_command:Invoked command in '/home/crofi/AutoModelCrofi/ros2_ws/src/vision/prueba_angle' returned '0': PYTHONPATH=/home/crofi/AutoModelCrofi/ros2_ws/build/prueba_angle/prefix_override:/usr/lib/python3/dist-packages/colcon_core/task/python/colcon_distutils_commands:/home/crofi/AutoModelCrofi/ros2_ws/install/prueba_angle/lib/python3.10/site-packages:${PYTHONPATH} /usr/bin/python3 -W ignore:setup.py install is deprecated -W ignore:easy_install command is deprecated setup.py egg_info --egg-base ../../../build/prueba_angle build --build-base /home/crofi/AutoModelCrofi/ros2_ws/build/prueba_angle/build install --record /home/crofi/AutoModelCrofi/ros2_ws/build/prueba_angle/install.log --single-version-externally-managed install_data
[16.200s] Level 1:colcon.colcon_core.environment:checking '/home/crofi/AutoModelCrofi/ros2_ws/install/prueba_angle' for CMake config files
[16.214s] Level 1:colcon.colcon_core.environment:checking '/home/crofi/AutoModelCrofi/ros2_ws/install/prueba_angle/lib'
[16.217s] Level 1:colcon.colcon_core.environment:checking '/home/crofi/AutoModelCrofi/ros2_ws/install/prueba_angle/bin'
[16.218s] Level 1:colcon.colcon_core.environment:checking '/home/crofi/AutoModelCrofi/ros2_ws/install/prueba_angle/lib/pkgconfig/prueba_angle.pc'
[16.220s] Level 1:colcon.colcon_core.environment:checking '/home/crofi/AutoModelCrofi/ros2_ws/install/prueba_angle/lib/python3.10/site-packages'
[16.221s] Level 1:colcon.colcon_core.shell:create_environment_hook('prueba_angle', 'pythonpath')
[16.224s] INFO:colcon.colcon_core.shell:Creating environment hook '/home/crofi/AutoModelCrofi/ros2_ws/install/prueba_angle/share/prueba_angle/hook/pythonpath.ps1'
[16.229s] INFO:colcon.colcon_core.shell:Creating environment descriptor '/home/crofi/AutoModelCrofi/ros2_ws/install/prueba_angle/share/prueba_angle/hook/pythonpath.dsv'
[16.234s] INFO:colcon.colcon_core.shell:Creating environment hook '/home/crofi/AutoModelCrofi/ros2_ws/install/prueba_angle/share/prueba_angle/hook/pythonpath.sh'
[16.239s] Level 1:colcon.colcon_core.environment:checking '/home/crofi/AutoModelCrofi/ros2_ws/install/prueba_angle/bin'
[16.240s] Level 1:colcon.colcon_core.environment:create_environment_scripts_only(prueba_angle)
[16.242s] INFO:colcon.colcon_core.shell:Creating package script '/home/crofi/AutoModelCrofi/ros2_ws/install/prueba_angle/share/prueba_angle/package.ps1'
[16.254s] INFO:colcon.colcon_core.shell:Creating package descriptor '/home/crofi/AutoModelCrofi/ros2_ws/install/prueba_angle/share/prueba_angle/package.dsv'
[16.260s] INFO:colcon.colcon_core.shell:Creating package script '/home/crofi/AutoModelCrofi/ros2_ws/install/prueba_angle/share/prueba_angle/package.sh'
[16.269s] INFO:colcon.colcon_core.shell:Creating package script '/home/crofi/AutoModelCrofi/ros2_ws/install/prueba_angle/share/prueba_angle/package.bash'
[16.274s] INFO:colcon.colcon_core.shell:Creating package script '/home/crofi/AutoModelCrofi/ros2_ws/install/prueba_angle/share/prueba_angle/package.zsh'
[16.278s] Level 1:colcon.colcon_core.environment:create_file_with_runtime_dependencies(/home/crofi/AutoModelCrofi/ros2_ws/install/prueba_angle/share/colcon-core/packages/prueba_angle)
[16.281s] Level 1:colcon.colcon_core.environment:checking '/home/crofi/AutoModelCrofi/ros2_ws/install/lane_detector' for CMake module files
[16.288s] DEBUG:colcon.colcon_core.event_handler.log_command:Invoked command in '/home/crofi/AutoModelCrofi/ros2_ws/src/vision/lane_detector' returned '0': PYTHONPATH=/home/crofi/AutoModelCrofi/ros2_ws/build/lane_detector/prefix_override:/usr/lib/python3/dist-packages/colcon_core/task/python/colcon_distutils_commands:/home/crofi/AutoModelCrofi/ros2_ws/install/lane_detector/lib/python3.10/site-packages:${PYTHONPATH} /usr/bin/python3 -W ignore:setup.py install is deprecated -W ignore:easy_install command is deprecated setup.py egg_info --egg-base ../../../build/lane_detector build --build-base /home/crofi/AutoModelCrofi/ros2_ws/build/lane_detector/build install --record /home/crofi/AutoModelCrofi/ros2_ws/build/lane_detector/install.log --single-version-externally-managed install_data
[16.289s] Level 1:colcon.colcon_core.environment:checking '/home/crofi/AutoModelCrofi/ros2_ws/install/lane_detector' for CMake config files
[16.293s] Level 1:colcon.colcon_core.environment:checking '/home/crofi/AutoModelCrofi/ros2_ws/install/lane_detector/lib'
[16.294s] Level 1:colcon.colcon_core.environment:checking '/home/crofi/AutoModelCrofi/ros2_ws/install/lane_detector/bin'
[16.294s] Level 1:colcon.colcon_core.environment:checking '/home/crofi/AutoModelCrofi/ros2_ws/install/lane_detector/lib/pkgconfig/lane_detector.pc'
[16.295s] Level 1:colcon.colcon_core.environment:checking '/home/crofi/AutoModelCrofi/ros2_ws/install/lane_detector/lib/python3.10/site-packages'
[16.295s] Level 1:colcon.colcon_core.shell:create_environment_hook('lane_detector', 'pythonpath')
[16.296s] INFO:colcon.colcon_core.shell:Creating environment hook '/home/crofi/AutoModelCrofi/ros2_ws/install/lane_detector/share/lane_detector/hook/pythonpath.ps1'
[16.300s] INFO:colcon.colcon_core.shell:Creating environment descriptor '/home/crofi/AutoModelCrofi/ros2_ws/install/lane_detector/share/lane_detector/hook/pythonpath.dsv'
[16.309s] INFO:colcon.colcon_core.shell:Creating environment hook '/home/crofi/AutoModelCrofi/ros2_ws/install/lane_detector/share/lane_detector/hook/pythonpath.sh'
[16.312s] Level 1:colcon.colcon_core.environment:checking '/home/crofi/AutoModelCrofi/ros2_ws/install/lane_detector/bin'
[16.313s] Level 1:colcon.colcon_core.environment:create_environment_scripts_only(lane_detector)
[16.314s] INFO:colcon.colcon_core.shell:Creating package script '/home/crofi/AutoModelCrofi/ros2_ws/install/lane_detector/share/lane_detector/package.ps1'
[16.317s] INFO:colcon.colcon_core.shell:Creating package descriptor '/home/crofi/AutoModelCrofi/ros2_ws/install/lane_detector/share/lane_detector/package.dsv'
[16.320s] INFO:colcon.colcon_core.shell:Creating package script '/home/crofi/AutoModelCrofi/ros2_ws/install/lane_detector/share/lane_detector/package.sh'
[16.324s] INFO:colcon.colcon_core.shell:Creating package script '/home/crofi/AutoModelCrofi/ros2_ws/install/lane_detector/share/lane_detector/package.bash'
[16.327s] INFO:colcon.colcon_core.shell:Creating package script '/home/crofi/AutoModelCrofi/ros2_ws/install/lane_detector/share/lane_detector/package.zsh'
[16.330s] Level 1:colcon.colcon_core.environment:create_file_with_runtime_dependencies(/home/crofi/AutoModelCrofi/ros2_ws/install/lane_detector/share/colcon-core/packages/lane_detector)
[16.335s] INFO:colcon.colcon_ros.task.ament_python.build:Building ROS package in '/home/crofi/AutoModelCrofi/ros2_ws/src/hardware/servo' with build type 'ament_python'
[16.336s] Level 1:colcon.colcon_core.shell:create_environment_hook('servo', 'ament_prefix_path')
[16.337s] INFO:colcon.colcon_core.shell:Creating environment hook '/home/crofi/AutoModelCrofi/ros2_ws/install/servo/share/servo/hook/ament_prefix_path.ps1'
[16.341s] INFO:colcon.colcon_core.shell:Creating environment descriptor '/home/crofi/AutoModelCrofi/ros2_ws/install/servo/share/servo/hook/ament_prefix_path.dsv'
[16.343s] INFO:colcon.colcon_core.shell:Creating environment hook '/home/crofi/AutoModelCrofi/ros2_ws/install/servo/share/servo/hook/ament_prefix_path.sh'
[16.347s] INFO:colcon.colcon_core.shell:Skip shell extension 'powershell' for command environment: Not usable outside of PowerShell
[16.347s] DEBUG:colcon.colcon_core.shell:Skip shell extension 'dsv' for command environment
[16.413s] INFO:colcon.colcon_ros.task.ament_python.build:Building ROS package in '/home/crofi/AutoModelCrofi/ros2_ws/src/hardware/webcam' with build type 'ament_python'
[16.416s] Level 1:colcon.colcon_core.shell:create_environment_hook('webcam', 'ament_prefix_path')
[16.418s] INFO:colcon.colcon_core.shell:Creating environment hook '/home/crofi/AutoModelCrofi/ros2_ws/install/webcam/share/webcam/hook/ament_prefix_path.ps1'
[16.424s] INFO:colcon.colcon_core.shell:Creating environment descriptor '/home/crofi/AutoModelCrofi/ros2_ws/install/webcam/share/webcam/hook/ament_prefix_path.dsv'
[16.427s] INFO:colcon.colcon_core.shell:Creating environment hook '/home/crofi/AutoModelCrofi/ros2_ws/install/webcam/share/webcam/hook/ament_prefix_path.sh'
[16.431s] INFO:colcon.colcon_core.shell:Skip shell extension 'powershell' for command environment: Not usable outside of PowerShell
[16.431s] DEBUG:colcon.colcon_core.shell:Skip shell extension 'dsv' for command environment
[16.501s] Level 1:colcon.colcon_core.environment:checking '/home/crofi/AutoModelCrofi/ros2_ws/install/lane_angle' for CMake module files
[16.504s] DEBUG:colcon.colcon_core.event_handler.log_command:Invoked command in '/home/crofi/AutoModelCrofi/ros2_ws/src/vision/lane_angle' returned '0': PYTHONPATH=/home/crofi/AutoModelCrofi/ros2_ws/build/lane_angle/prefix_override:/usr/lib/python3/dist-packages/colcon_core/task/python/colcon_distutils_commands:/home/crofi/AutoModelCrofi/ros2_ws/install/lane_angle/lib/python3.10/site-packages:${PYTHONPATH} /usr/bin/python3 -W ignore:setup.py install is deprecated -W ignore:easy_install command is deprecated setup.py egg_info --egg-base ../../../build/lane_angle build --build-base /home/crofi/AutoModelCrofi/ros2_ws/build/lane_angle/build install --record /home/crofi/AutoModelCrofi/ros2_ws/build/lane_angle/install.log --single-version-externally-managed install_data
[16.507s] Level 1:colcon.colcon_core.environment:checking '/home/crofi/AutoModelCrofi/ros2_ws/install/lane_angle' for CMake config files
[16.512s] Level 1:colcon.colcon_core.environment:checking '/home/crofi/AutoModelCrofi/ros2_ws/install/lane_angle/lib'
[16.513s] Level 1:colcon.colcon_core.environment:checking '/home/crofi/AutoModelCrofi/ros2_ws/install/lane_angle/bin'
[16.513s] Level 1:colcon.colcon_core.environment:checking '/home/crofi/AutoModelCrofi/ros2_ws/install/lane_angle/lib/pkgconfig/lane_angle.pc'
[16.514s] Level 1:colcon.colcon_core.environment:checking '/home/crofi/AutoModelCrofi/ros2_ws/install/lane_angle/lib/python3.10/site-packages'
[16.515s] Level 1:colcon.colcon_core.shell:create_environment_hook('lane_angle', 'pythonpath')
[16.516s] INFO:colcon.colcon_core.shell:Creating environment hook '/home/crofi/AutoModelCrofi/ros2_ws/install/lane_angle/share/lane_angle/hook/pythonpath.ps1'
[16.518s] INFO:colcon.colcon_core.shell:Creating environment descriptor '/home/crofi/AutoModelCrofi/ros2_ws/install/lane_angle/share/lane_angle/hook/pythonpath.dsv'
[16.521s] INFO:colcon.colcon_core.shell:Creating environment hook '/home/crofi/AutoModelCrofi/ros2_ws/install/lane_angle/share/lane_angle/hook/pythonpath.sh'
[16.525s] Level 1:colcon.colcon_core.environment:checking '/home/crofi/AutoModelCrofi/ros2_ws/install/lane_angle/bin'
[16.525s] Level 1:colcon.colcon_core.environment:create_environment_scripts_only(lane_angle)
[16.529s] INFO:colcon.colcon_core.shell:Creating package script '/home/crofi/AutoModelCrofi/ros2_ws/install/lane_angle/share/lane_angle/package.ps1'
[16.537s] INFO:colcon.colcon_core.shell:Creating package descriptor '/home/crofi/AutoModelCrofi/ros2_ws/install/lane_angle/share/lane_angle/package.dsv'
[16.540s] INFO:colcon.colcon_core.shell:Creating package script '/home/crofi/AutoModelCrofi/ros2_ws/install/lane_angle/share/lane_angle/package.sh'
[16.544s] INFO:colcon.colcon_core.shell:Creating package script '/home/crofi/AutoModelCrofi/ros2_ws/install/lane_angle/share/lane_angle/package.bash'
[16.547s] INFO:colcon.colcon_core.shell:Creating package script '/home/crofi/AutoModelCrofi/ros2_ws/install/lane_angle/share/lane_angle/package.zsh'
[16.550s] Level 1:colcon.colcon_core.environment:create_file_with_runtime_dependencies(/home/crofi/AutoModelCrofi/ros2_ws/install/lane_angle/share/colcon-core/packages/lane_angle)
[18.072s] INFO:colcon.colcon_core.task.python.build:Building Python package in '/home/crofi/AutoModelCrofi/ros2_ws/src/vision/senal_detector'
[18.073s] INFO:colcon.colcon_core.shell:Skip shell extension 'powershell' for command environment: Not usable outside of PowerShell
[18.074s] DEBUG:colcon.colcon_core.shell:Skip shell extension 'dsv' for command environment
[18.136s] INFO:colcon.colcon_ros.task.ament_python.build:Building ROS package in '/home/crofi/AutoModelCrofi/ros2_ws/src/hardware/webcam_recorted' with build type 'ament_python'
[18.137s] Level 1:colcon.colcon_core.shell:create_environment_hook('webcam_recorted', 'ament_prefix_path')
[18.138s] INFO:colcon.colcon_core.shell:Creating environment hook '/home/crofi/AutoModelCrofi/ros2_ws/install/webcam_recorted/share/webcam_recorted/hook/ament_prefix_path.ps1'
[18.141s] INFO:colcon.colcon_core.shell:Creating environment descriptor '/home/crofi/AutoModelCrofi/ros2_ws/install/webcam_recorted/share/webcam_recorted/hook/ament_prefix_path.dsv'
[18.143s] INFO:colcon.colcon_core.shell:Creating environment hook '/home/crofi/AutoModelCrofi/ros2_ws/install/webcam_recorted/share/webcam_recorted/hook/ament_prefix_path.sh'
[18.147s] INFO:colcon.colcon_core.shell:Skip shell extension 'powershell' for command environment: Not usable outside of PowerShell
[18.147s] DEBUG:colcon.colcon_core.shell:Skip shell extension 'dsv' for command environment
[19.722s] INFO:colcon.colcon_core.task.python.build:Building Python package in '/home/crofi/AutoModelCrofi/ros2_ws/src/hardware/servo'
[19.723s] INFO:colcon.colcon_core.shell:Skip shell extension 'powershell' for command environment: Not usable outside of PowerShell
[19.723s] DEBUG:colcon.colcon_core.shell:Skip shell extension 'dsv' for command environment
[21.272s] INFO:colcon.colcon_core.task.python.build:Building Python package in '/home/crofi/AutoModelCrofi/ros2_ws/src/hardware/webcam'
[21.273s] INFO:colcon.colcon_core.shell:Skip shell extension 'powershell' for command environment: Not usable outside of PowerShell
[21.273s] DEBUG:colcon.colcon_core.shell:Skip shell extension 'dsv' for command environment
[23.104s] INFO:colcon.colcon_core.task.python.build:Building Python package in '/home/crofi/AutoModelCrofi/ros2_ws/src/hardware/webcam_recorted'
[23.105s] INFO:colcon.colcon_core.shell:Skip shell extension 'powershell' for command environment: Not usable outside of PowerShell
[23.105s] DEBUG:colcon.colcon_core.shell:Skip shell extension 'dsv' for command environment
[24.059s] DEBUG:colcon.colcon_core.event_handler.log_command:Invoking command in '/home/crofi/AutoModelCrofi/ros2_ws/src/vision/senal_detector': PYTHONPATH=/home/crofi/AutoModelCrofi/ros2_ws/build/senal_detector/prefix_override:/usr/lib/python3/dist-packages/colcon_core/task/python/colcon_distutils_commands:/home/crofi/AutoModelCrofi/ros2_ws/install/senal_detector/lib/python3.10/site-packages:${PYTHONPATH} /usr/bin/python3 -W ignore:setup.py install is deprecated -W ignore:easy_install command is deprecated setup.py egg_info --egg-base ../../../build/senal_detector build --build-base /home/crofi/AutoModelCrofi/ros2_ws/build/senal_detector/build install --record /home/crofi/AutoModelCrofi/ros2_ws/build/senal_detector/install.log --single-version-externally-managed install_data
[26.843s] DEBUG:colcon.colcon_core.event_handler.log_command:Invoking command in '/home/crofi/AutoModelCrofi/ros2_ws/src/hardware/servo': PYTHONPATH=/home/crofi/AutoModelCrofi/ros2_ws/build/servo/prefix_override:/usr/lib/python3/dist-packages/colcon_core/task/python/colcon_distutils_commands:/home/crofi/AutoModelCrofi/ros2_ws/install/servo/lib/python3.10/site-packages:${PYTHONPATH} /usr/bin/python3 -W ignore:setup.py install is deprecated -W ignore:easy_install command is deprecated setup.py egg_info --egg-base ../../../build/servo build --build-base /home/crofi/AutoModelCrofi/ros2_ws/build/servo/build install --record /home/crofi/AutoModelCrofi/ros2_ws/build/servo/install.log --single-version-externally-managed install_data
[26.882s] DEBUG:colcon.colcon_core.event_handler.log_command:Invoking command in '/home/crofi/AutoModelCrofi/ros2_ws/src/hardware/webcam': PYTHONPATH=/home/crofi/AutoModelCrofi/ros2_ws/build/webcam/prefix_override:/usr/lib/python3/dist-packages/colcon_core/task/python/colcon_distutils_commands:/home/crofi/AutoModelCrofi/ros2_ws/install/webcam/lib/python3.10/site-packages:${PYTHONPATH} /usr/bin/python3 -W ignore:setup.py install is deprecated -W ignore:easy_install command is deprecated setup.py egg_info --egg-base ../../../build/webcam build --build-base /home/crofi/AutoModelCrofi/ros2_ws/build/webcam/build install --record /home/crofi/AutoModelCrofi/ros2_ws/build/webcam/install.log --single-version-externally-managed install_data
[27.091s] DEBUG:colcon.colcon_core.event_handler.log_command:Invoking command in '/home/crofi/AutoModelCrofi/ros2_ws/src/hardware/webcam_recorted': PYTHONPATH=/home/crofi/AutoModelCrofi/ros2_ws/build/webcam_recorted/prefix_override:/usr/lib/python3/dist-packages/colcon_core/task/python/colcon_distutils_commands:/home/crofi/AutoModelCrofi/ros2_ws/install/webcam_recorted/lib/python3.10/site-packages:${PYTHONPATH} /usr/bin/python3 -W ignore:setup.py install is deprecated -W ignore:easy_install command is deprecated setup.py egg_info --egg-base ../../../build/webcam_recorted build --build-base /home/crofi/AutoModelCrofi/ros2_ws/build/webcam_recorted/build install --record /home/crofi/AutoModelCrofi/ros2_ws/build/webcam_recorted/install.log --single-version-externally-managed install_data
[27.538s] Level 1:colcon.colcon_core.environment:checking '/home/crofi/AutoModelCrofi/ros2_ws/install/senal_detector' for CMake module files
[27.542s] Level 1:colcon.colcon_core.environment:checking '/home/crofi/AutoModelCrofi/ros2_ws/install/senal_detector' for CMake config files
[27.544s] DEBUG:colcon.colcon_core.event_handler.log_command:Invoked command in '/home/crofi/AutoModelCrofi/ros2_ws/src/vision/senal_detector' returned '0': PYTHONPATH=/home/crofi/AutoModelCrofi/ros2_ws/build/senal_detector/prefix_override:/usr/lib/python3/dist-packages/colcon_core/task/python/colcon_distutils_commands:/home/crofi/AutoModelCrofi/ros2_ws/install/senal_detector/lib/python3.10/site-packages:${PYTHONPATH} /usr/bin/python3 -W ignore:setup.py install is deprecated -W ignore:easy_install command is deprecated setup.py egg_info --egg-base ../../../build/senal_detector build --build-base /home/crofi/AutoModelCrofi/ros2_ws/build/senal_detector/build install --record /home/crofi/AutoModelCrofi/ros2_ws/build/senal_detector/install.log --single-version-externally-managed install_data
[27.551s] Level 1:colcon.colcon_core.environment:checking '/home/crofi/AutoModelCrofi/ros2_ws/install/senal_detector/lib'
[27.554s] Level 1:colcon.colcon_core.environment:checking '/home/crofi/AutoModelCrofi/ros2_ws/install/senal_detector/bin'
[27.556s] Level 1:colcon.colcon_core.environment:checking '/home/crofi/AutoModelCrofi/ros2_ws/install/senal_detector/lib/pkgconfig/senal_detector.pc'
[27.559s] Level 1:colcon.colcon_core.environment:checking '/home/crofi/AutoModelCrofi/ros2_ws/install/senal_detector/lib/python3.10/site-packages'
[27.561s] Level 1:colcon.colcon_core.shell:create_environment_hook('senal_detector', 'pythonpath')
[27.562s] INFO:colcon.colcon_core.shell:Creating environment hook '/home/crofi/AutoModelCrofi/ros2_ws/install/senal_detector/share/senal_detector/hook/pythonpath.ps1'
[27.566s] INFO:colcon.colcon_core.shell:Creating environment descriptor '/home/crofi/AutoModelCrofi/ros2_ws/install/senal_detector/share/senal_detector/hook/pythonpath.dsv'
[27.570s] INFO:colcon.colcon_core.shell:Creating environment hook '/home/crofi/AutoModelCrofi/ros2_ws/install/senal_detector/share/senal_detector/hook/pythonpath.sh'
[27.578s] Level 1:colcon.colcon_core.environment:checking '/home/crofi/AutoModelCrofi/ros2_ws/install/senal_detector/bin'
[27.581s] Level 1:colcon.colcon_core.environment:create_environment_scripts_only(senal_detector)
[27.583s] INFO:colcon.colcon_core.shell:Creating package script '/home/crofi/AutoModelCrofi/ros2_ws/install/senal_detector/share/senal_detector/package.ps1'
[27.587s] INFO:colcon.colcon_core.shell:Creating package descriptor '/home/crofi/AutoModelCrofi/ros2_ws/install/senal_detector/share/senal_detector/package.dsv'
[27.592s] INFO:colcon.colcon_core.shell:Creating package script '/home/crofi/AutoModelCrofi/ros2_ws/install/senal_detector/share/senal_detector/package.sh'
[27.595s] INFO:colcon.colcon_core.shell:Creating package script '/home/crofi/AutoModelCrofi/ros2_ws/install/senal_detector/share/senal_detector/package.bash'
[27.599s] INFO:colcon.colcon_core.shell:Creating package script '/home/crofi/AutoModelCrofi/ros2_ws/install/senal_detector/share/senal_detector/package.zsh'
[27.602s] Level 1:colcon.colcon_core.environment:create_file_with_runtime_dependencies(/home/crofi/AutoModelCrofi/ros2_ws/install/senal_detector/share/colcon-core/packages/senal_detector)
[27.607s] INFO:colcon.colcon_ros.task.ament_python.build:Building ROS package in '/home/crofi/AutoModelCrofi/ros2_ws/src/hardware/ydlidar_client' with build type 'ament_python'
[27.609s] Level 1:colcon.colcon_core.shell:create_environment_hook('ydlidar_client', 'ament_prefix_path')
[27.610s] INFO:colcon.colcon_core.shell:Creating environment hook '/home/crofi/AutoModelCrofi/ros2_ws/install/ydlidar_client/share/ydlidar_client/hook/ament_prefix_path.ps1'
[27.614s] INFO:colcon.colcon_core.shell:Creating environment descriptor '/home/crofi/AutoModelCrofi/ros2_ws/install/ydlidar_client/share/ydlidar_client/hook/ament_prefix_path.dsv'
[27.617s] INFO:colcon.colcon_core.shell:Creating environment hook '/home/crofi/AutoModelCrofi/ros2_ws/install/ydlidar_client/share/ydlidar_client/hook/ament_prefix_path.sh'
[27.624s] INFO:colcon.colcon_core.shell:Skip shell extension 'powershell' for command environment: Not usable outside of PowerShell
[27.624s] DEBUG:colcon.colcon_core.shell:Skip shell extension 'dsv' for command environment
[30.673s] INFO:colcon.colcon_core.task.python.build:Building Python package in '/home/crofi/AutoModelCrofi/ros2_ws/src/hardware/ydlidar_client'
[30.674s] INFO:colcon.colcon_core.shell:Skip shell extension 'powershell' for command environment: Not usable outside of PowerShell
[30.674s] DEBUG:colcon.colcon_core.shell:Skip shell extension 'dsv' for command environment
[30.742s] Level 1:colcon.colcon_core.environment:checking '/home/crofi/AutoModelCrofi/ros2_ws/install/webcam' for CMake module files
[30.745s] DEBUG:colcon.colcon_core.event_handler.log_command:Invoked command in '/home/crofi/AutoModelCrofi/ros2_ws/src/hardware/webcam' returned '0': PYTHONPATH=/home/crofi/AutoModelCrofi/ros2_ws/build/webcam/prefix_override:/usr/lib/python3/dist-packages/colcon_core/task/python/colcon_distutils_commands:/home/crofi/AutoModelCrofi/ros2_ws/install/webcam/lib/python3.10/site-packages:${PYTHONPATH} /usr/bin/python3 -W ignore:setup.py install is deprecated -W ignore:easy_install command is deprecated setup.py egg_info --egg-base ../../../build/webcam build --build-base /home/crofi/AutoModelCrofi/ros2_ws/build/webcam/build install --record /home/crofi/AutoModelCrofi/ros2_ws/build/webcam/install.log --single-version-externally-managed install_data
[30.747s] Level 1:colcon.colcon_core.environment:checking '/home/crofi/AutoModelCrofi/ros2_ws/install/webcam' for CMake config files
[30.753s] Level 1:colcon.colcon_core.environment:checking '/home/crofi/AutoModelCrofi/ros2_ws/install/webcam/lib'
[30.753s] Level 1:colcon.colcon_core.environment:checking '/home/crofi/AutoModelCrofi/ros2_ws/install/webcam/bin'
[30.754s] Level 1:colcon.colcon_core.environment:checking '/home/crofi/AutoModelCrofi/ros2_ws/install/webcam/lib/pkgconfig/webcam.pc'
[30.756s] Level 1:colcon.colcon_core.environment:checking '/home/crofi/AutoModelCrofi/ros2_ws/install/webcam/lib/python3.10/site-packages'
[30.756s] Level 1:colcon.colcon_core.shell:create_environment_hook('webcam', 'pythonpath')
[30.758s] INFO:colcon.colcon_core.shell:Creating environment hook '/home/crofi/AutoModelCrofi/ros2_ws/install/webcam/share/webcam/hook/pythonpath.ps1'
[30.760s] INFO:colcon.colcon_core.shell:Creating environment descriptor '/home/crofi/AutoModelCrofi/ros2_ws/install/webcam/share/webcam/hook/pythonpath.dsv'
[30.762s] INFO:colcon.colcon_core.shell:Creating environment hook '/home/crofi/AutoModelCrofi/ros2_ws/install/webcam/share/webcam/hook/pythonpath.sh'
[30.766s] Level 1:colcon.colcon_core.environment:checking '/home/crofi/AutoModelCrofi/ros2_ws/install/webcam/bin'
[30.766s] Level 1:colcon.colcon_core.environment:create_environment_scripts_only(webcam)
[30.768s] INFO:colcon.colcon_core.shell:Creating package script '/home/crofi/AutoModelCrofi/ros2_ws/install/webcam/share/webcam/package.ps1'
[30.771s] INFO:colcon.colcon_core.shell:Creating package descriptor '/home/crofi/AutoModelCrofi/ros2_ws/install/webcam/share/webcam/package.dsv'
[30.774s] INFO:colcon.colcon_core.shell:Creating package script '/home/crofi/AutoModelCrofi/ros2_ws/install/webcam/share/webcam/package.sh'
[30.777s] INFO:colcon.colcon_core.shell:Creating package script '/home/crofi/AutoModelCrofi/ros2_ws/install/webcam/share/webcam/package.bash'
[30.786s] INFO:colcon.colcon_core.shell:Creating package script '/home/crofi/AutoModelCrofi/ros2_ws/install/webcam/share/webcam/package.zsh'
[30.788s] Level 1:colcon.colcon_core.environment:create_file_with_runtime_dependencies(/home/crofi/AutoModelCrofi/ros2_ws/install/webcam/share/colcon-core/packages/webcam)
[30.790s] Level 1:colcon.colcon_core.environment:checking '/home/crofi/AutoModelCrofi/ros2_ws/install/webcam_recorted' for CMake module files
[30.797s] DEBUG:colcon.colcon_core.event_handler.log_command:Invoked command in '/home/crofi/AutoModelCrofi/ros2_ws/src/hardware/webcam_recorted' returned '0': PYTHONPATH=/home/crofi/AutoModelCrofi/ros2_ws/build/webcam_recorted/prefix_override:/usr/lib/python3/dist-packages/colcon_core/task/python/colcon_distutils_commands:/home/crofi/AutoModelCrofi/ros2_ws/install/webcam_recorted/lib/python3.10/site-packages:${PYTHONPATH} /usr/bin/python3 -W ignore:setup.py install is deprecated -W ignore:easy_install command is deprecated setup.py egg_info --egg-base ../../../build/webcam_recorted build --build-base /home/crofi/AutoModelCrofi/ros2_ws/build/webcam_recorted/build install --record /home/crofi/AutoModelCrofi/ros2_ws/build/webcam_recorted/install.log --single-version-externally-managed install_data
[30.798s] Level 1:colcon.colcon_core.environment:checking '/home/crofi/AutoModelCrofi/ros2_ws/install/webcam_recorted' for CMake config files
[30.804s] Level 1:colcon.colcon_core.environment:checking '/home/crofi/AutoModelCrofi/ros2_ws/install/webcam_recorted/lib'
[30.805s] Level 1:colcon.colcon_core.environment:checking '/home/crofi/AutoModelCrofi/ros2_ws/install/webcam_recorted/bin'
[30.806s] Level 1:colcon.colcon_core.environment:checking '/home/crofi/AutoModelCrofi/ros2_ws/install/webcam_recorted/lib/pkgconfig/webcam_recorted.pc'
[30.807s] Level 1:colcon.colcon_core.environment:checking '/home/crofi/AutoModelCrofi/ros2_ws/install/webcam_recorted/lib/python3.10/site-packages'
[30.808s] Level 1:colcon.colcon_core.shell:create_environment_hook('webcam_recorted', 'pythonpath')
[30.810s] INFO:colcon.colcon_core.shell:Creating environment hook '/home/crofi/AutoModelCrofi/ros2_ws/install/webcam_recorted/share/webcam_recorted/hook/pythonpath.ps1'
[30.814s] INFO:colcon.colcon_core.shell:Creating environment descriptor '/home/crofi/AutoModelCrofi/ros2_ws/install/webcam_recorted/share/webcam_recorted/hook/pythonpath.dsv'
[30.817s] INFO:colcon.colcon_core.shell:Creating environment hook '/home/crofi/AutoModelCrofi/ros2_ws/install/webcam_recorted/share/webcam_recorted/hook/pythonpath.sh'
[30.820s] Level 1:colcon.colcon_core.environment:checking '/home/crofi/AutoModelCrofi/ros2_ws/install/webcam_recorted/bin'
[30.821s] Level 1:colcon.colcon_core.environment:create_environment_scripts_only(webcam_recorted)
[30.824s] INFO:colcon.colcon_core.shell:Creating package script '/home/crofi/AutoModelCrofi/ros2_ws/install/webcam_recorted/share/webcam_recorted/package.ps1'
[30.828s] INFO:colcon.colcon_core.shell:Creating package descriptor '/home/crofi/AutoModelCrofi/ros2_ws/install/webcam_recorted/share/webcam_recorted/package.dsv'
[30.833s] INFO:colcon.colcon_core.shell:Creating package script '/home/crofi/AutoModelCrofi/ros2_ws/install/webcam_recorted/share/webcam_recorted/package.sh'
[30.836s] INFO:colcon.colcon_core.shell:Creating package script '/home/crofi/AutoModelCrofi/ros2_ws/install/webcam_recorted/share/webcam_recorted/package.bash'
[30.839s] INFO:colcon.colcon_core.shell:Creating package script '/home/crofi/AutoModelCrofi/ros2_ws/install/webcam_recorted/share/webcam_recorted/package.zsh'
[30.842s] Level 1:colcon.colcon_core.environment:create_file_with_runtime_dependencies(/home/crofi/AutoModelCrofi/ros2_ws/install/webcam_recorted/share/colcon-core/packages/webcam_recorted)
[30.845s] Level 1:colcon.colcon_core.environment:checking '/home/crofi/AutoModelCrofi/ros2_ws/install/servo' for CMake module files
[30.850s] DEBUG:colcon.colcon_core.event_handler.log_command:Invoked command in '/home/crofi/AutoModelCrofi/ros2_ws/src/hardware/servo' returned '0': PYTHONPATH=/home/crofi/AutoModelCrofi/ros2_ws/build/servo/prefix_override:/usr/lib/python3/dist-packages/colcon_core/task/python/colcon_distutils_commands:/home/crofi/AutoModelCrofi/ros2_ws/install/servo/lib/python3.10/site-packages:${PYTHONPATH} /usr/bin/python3 -W ignore:setup.py install is deprecated -W ignore:easy_install command is deprecated setup.py egg_info --egg-base ../../../build/servo build --build-base /home/crofi/AutoModelCrofi/ros2_ws/build/servo/build install --record /home/crofi/AutoModelCrofi/ros2_ws/build/servo/install.log --single-version-externally-managed install_data
[30.851s] Level 1:colcon.colcon_core.environment:checking '/home/crofi/AutoModelCrofi/ros2_ws/install/servo' for CMake config files
[30.856s] Level 1:colcon.colcon_core.environment:checking '/home/crofi/AutoModelCrofi/ros2_ws/install/servo/lib'
[30.856s] Level 1:colcon.colcon_core.environment:checking '/home/crofi/AutoModelCrofi/ros2_ws/install/servo/bin'
[30.857s] Level 1:colcon.colcon_core.environment:checking '/home/crofi/AutoModelCrofi/ros2_ws/install/servo/lib/pkgconfig/servo.pc'
[30.858s] Level 1:colcon.colcon_core.environment:checking '/home/crofi/AutoModelCrofi/ros2_ws/install/servo/lib/python3.10/site-packages'
[30.860s] Level 1:colcon.colcon_core.shell:create_environment_hook('servo', 'pythonpath')
[30.863s] INFO:colcon.colcon_core.shell:Creating environment hook '/home/crofi/AutoModelCrofi/ros2_ws/install/servo/share/servo/hook/pythonpath.ps1'
[30.869s] INFO:colcon.colcon_core.shell:Creating environment descriptor '/home/crofi/AutoModelCrofi/ros2_ws/install/servo/share/servo/hook/pythonpath.dsv'
[30.872s] INFO:colcon.colcon_core.shell:Creating environment hook '/home/crofi/AutoModelCrofi/ros2_ws/install/servo/share/servo/hook/pythonpath.sh'
[30.875s] Level 1:colcon.colcon_core.environment:checking '/home/crofi/AutoModelCrofi/ros2_ws/install/servo/bin'
[30.875s] Level 1:colcon.colcon_core.environment:create_environment_scripts_only(servo)
[30.877s] INFO:colcon.colcon_core.shell:Creating package script '/home/crofi/AutoModelCrofi/ros2_ws/install/servo/share/servo/package.ps1'
[30.881s] INFO:colcon.colcon_core.shell:Creating package descriptor '/home/crofi/AutoModelCrofi/ros2_ws/install/servo/share/servo/package.dsv'
[30.884s] INFO:colcon.colcon_core.shell:Creating package script '/home/crofi/AutoModelCrofi/ros2_ws/install/servo/share/servo/package.sh'
[30.887s] INFO:colcon.colcon_core.shell:Creating package script '/home/crofi/AutoModelCrofi/ros2_ws/install/servo/share/servo/package.bash'
[30.890s] INFO:colcon.colcon_core.shell:Creating package script '/home/crofi/AutoModelCrofi/ros2_ws/install/servo/share/servo/package.zsh'
[30.893s] Level 1:colcon.colcon_core.environment:create_file_with_runtime_dependencies(/home/crofi/AutoModelCrofi/ros2_ws/install/servo/share/colcon-core/packages/servo)
[32.890s] DEBUG:colcon.colcon_core.event_handler.log_command:Invoking command in '/home/crofi/AutoModelCrofi/ros2_ws/src/hardware/ydlidar_client': PYTHONPATH=/home/crofi/AutoModelCrofi/ros2_ws/build/ydlidar_client/prefix_override:/usr/lib/python3/dist-packages/colcon_core/task/python/colcon_distutils_commands:/home/crofi/AutoModelCrofi/ros2_ws/install/ydlidar_client/lib/python3.10/site-packages:${PYTHONPATH} /usr/bin/python3 -W ignore:setup.py install is deprecated -W ignore:easy_install command is deprecated setup.py egg_info --egg-base ../../../build/ydlidar_client build --build-base /home/crofi/AutoModelCrofi/ros2_ws/build/ydlidar_client/build install --record /home/crofi/AutoModelCrofi/ros2_ws/build/ydlidar_client/install.log --single-version-externally-managed install_data
[34.593s] Level 1:colcon.colcon_core.environment:checking '/home/crofi/AutoModelCrofi/ros2_ws/install/ydlidar_client' for CMake module files
[34.595s] DEBUG:colcon.colcon_core.event_handler.log_command:Invoked command in '/home/crofi/AutoModelCrofi/ros2_ws/src/hardware/ydlidar_client' returned '0': PYTHONPATH=/home/crofi/AutoModelCrofi/ros2_ws/build/ydlidar_client/prefix_override:/usr/lib/python3/dist-packages/colcon_core/task/python/colcon_distutils_commands:/home/crofi/AutoModelCrofi/ros2_ws/install/ydlidar_client/lib/python3.10/site-packages:${PYTHONPATH} /usr/bin/python3 -W ignore:setup.py install is deprecated -W ignore:easy_install command is deprecated setup.py egg_info --egg-base ../../../build/ydlidar_client build --build-base /home/crofi/AutoModelCrofi/ros2_ws/build/ydlidar_client/build install --record /home/crofi/AutoModelCrofi/ros2_ws/build/ydlidar_client/install.log --single-version-externally-managed install_data
[34.597s] Level 1:colcon.colcon_core.environment:checking '/home/crofi/AutoModelCrofi/ros2_ws/install/ydlidar_client' for CMake config files
[34.601s] Level 1:colcon.colcon_core.environment:checking '/home/crofi/AutoModelCrofi/ros2_ws/install/ydlidar_client/lib'
[34.602s] Level 1:colcon.colcon_core.environment:checking '/home/crofi/AutoModelCrofi/ros2_ws/install/ydlidar_client/bin'
[34.602s] Level 1:colcon.colcon_core.environment:checking '/home/crofi/AutoModelCrofi/ros2_ws/install/ydlidar_client/lib/pkgconfig/ydlidar_client.pc'
[34.603s] Level 1:colcon.colcon_core.environment:checking '/home/crofi/AutoModelCrofi/ros2_ws/install/ydlidar_client/lib/python3.10/site-packages'
[34.604s] Level 1:colcon.colcon_core.shell:create_environment_hook('ydlidar_client', 'pythonpath')
[34.605s] INFO:colcon.colcon_core.shell:Creating environment hook '/home/crofi/AutoModelCrofi/ros2_ws/install/ydlidar_client/share/ydlidar_client/hook/pythonpath.ps1'
[34.607s] INFO:colcon.colcon_core.shell:Creating environment descriptor '/home/crofi/AutoModelCrofi/ros2_ws/install/ydlidar_client/share/ydlidar_client/hook/pythonpath.dsv'
[34.617s] INFO:colcon.colcon_core.shell:Creating environment hook '/home/crofi/AutoModelCrofi/ros2_ws/install/ydlidar_client/share/ydlidar_client/hook/pythonpath.sh'
[34.620s] Level 1:colcon.colcon_core.environment:checking '/home/crofi/AutoModelCrofi/ros2_ws/install/ydlidar_client/bin'
[34.621s] Level 1:colcon.colcon_core.environment:create_environment_scripts_only(ydlidar_client)
[34.622s] INFO:colcon.colcon_core.shell:Creating package script '/home/crofi/AutoModelCrofi/ros2_ws/install/ydlidar_client/share/ydlidar_client/package.ps1'
[34.626s] INFO:colcon.colcon_core.shell:Creating package descriptor '/home/crofi/AutoModelCrofi/ros2_ws/install/ydlidar_client/share/ydlidar_client/package.dsv'
[34.629s] INFO:colcon.colcon_core.shell:Creating package script '/home/crofi/AutoModelCrofi/ros2_ws/install/ydlidar_client/share/ydlidar_client/package.sh'
[34.632s] INFO:colcon.colcon_core.shell:Creating package script '/home/crofi/AutoModelCrofi/ros2_ws/install/ydlidar_client/share/ydlidar_client/package.bash'
[34.635s] INFO:colcon.colcon_core.shell:Creating package script '/home/crofi/AutoModelCrofi/ros2_ws/install/ydlidar_client/share/ydlidar_client/package.zsh'
[34.637s] Level 1:colcon.colcon_core.environment:create_file_with_runtime_dependencies(/home/crofi/AutoModelCrofi/ros2_ws/install/ydlidar_client/share/colcon-core/packages/ydlidar_client)
[34.638s] DEBUG:colcon.colcon_parallel_executor.executor.parallel:closing loop
[34.639s] DEBUG:colcon.colcon_parallel_executor.executor.parallel:loop closed
[34.640s] DEBUG:colcon.colcon_parallel_executor.executor.parallel:run_until_complete finished with '0'
[34.640s] DEBUG:colcon.colcon_core.event_reactor:joining thread
[34.682s] INFO:colcon.colcon_core.plugin_system:Skipping extension 'colcon_notification.desktop_notification.terminal_notifier': Not used on non-Darwin systems
[34.682s] INFO:colcon.colcon_core.plugin_system:Skipping extension 'colcon_notification.desktop_notification.win32': Not used on non-Windows systems
[34.683s] INFO:colcon.colcon_notification.desktop_notification:Sending desktop notification using 'notify2'
[34.876s] DEBUG:colcon.colcon_core.event_reactor:joined thread
[34.879s] INFO:colcon.colcon_core.shell:Creating prefix script '/home/crofi/AutoModelCrofi/ros2_ws/install/local_setup.ps1'
[34.887s] INFO:colcon.colcon_core.shell:Creating prefix util module '/home/crofi/AutoModelCrofi/ros2_ws/install/_local_setup_util_ps1.py'
[34.895s] INFO:colcon.colcon_core.shell:Creating prefix chain script '/home/crofi/AutoModelCrofi/ros2_ws/install/setup.ps1'
[34.900s] INFO:colcon.colcon_core.shell:Creating prefix script '/home/crofi/AutoModelCrofi/ros2_ws/install/local_setup.sh'
[34.904s] INFO:colcon.colcon_core.shell:Creating prefix util module '/home/crofi/AutoModelCrofi/ros2_ws/install/_local_setup_util_sh.py'
[34.908s] INFO:colcon.colcon_core.shell:Creating prefix chain script '/home/crofi/AutoModelCrofi/ros2_ws/install/setup.sh'
[34.916s] INFO:colcon.colcon_core.shell:Creating prefix script '/home/crofi/AutoModelCrofi/ros2_ws/install/local_setup.bash'
[34.919s] INFO:colcon.colcon_core.shell:Creating prefix chain script '/home/crofi/AutoModelCrofi/ros2_ws/install/setup.bash'
[34.925s] INFO:colcon.colcon_core.shell:Creating prefix script '/home/crofi/AutoModelCrofi/ros2_ws/install/local_setup.zsh'
[34.929s] INFO:colcon.colcon_core.shell:Creating prefix chain script '/home/crofi/AutoModelCrofi/ros2_ws/install/setup.zsh'
