[6.385s] Invoking command in '/home/crofi/ros2_ws/src/hardware/servo': PYTHONPATH=/home/crofi/ros2_ws/build/servo/prefix_override:/usr/lib/python3/dist-packages/colcon_core/task/python/colcon_distutils_commands:/home/crofi/ros2_ws/install/servo/lib/python3.10/site-packages:${PYTHONPATH} /usr/bin/python3 -W ignore:setup.py install is deprecated -W ignore:easy_install command is deprecated setup.py egg_info --egg-base ../../../build/servo build --build-base /home/crofi/ros2_ws/build/servo/build install --record /home/crofi/ros2_ws/build/servo/install.log --single-version-externally-managed install_data
[8.589s] running egg_info
[8.589s] writing ../../../build/servo/servo.egg-info/PKG-INFO
[8.590s] writing dependency_links to ../../../build/servo/servo.egg-info/dependency_links.txt
[8.592s] writing entry points to ../../../build/servo/servo.egg-info/entry_points.txt
[8.593s] writing requirements to ../../../build/servo/servo.egg-info/requires.txt
[8.594s] writing top-level names to ../../../build/servo/servo.egg-info/top_level.txt
[8.597s] reading manifest file '../../../build/servo/servo.egg-info/SOURCES.txt'
[8.605s] writing manifest file '../../../build/servo/servo.egg-info/SOURCES.txt'
[8.606s] running build
[8.607s] running build_py
[8.610s] running install
[8.612s] running install_lib
[8.633s] running install_data
[8.635s] running install_egg_info
[8.647s] removing '/home/crofi/ros2_ws/install/servo/lib/python3.10/site-packages/servo-0.0.0-py3.10.egg-info' (and everything under it)
[8.649s] Copying ../../../build/servo/servo.egg-info to /home/crofi/ros2_ws/install/servo/lib/python3.10/site-packages/servo-0.0.0-py3.10.egg-info
[8.660s] running install_scripts
[8.838s] Installing servo script to /home/crofi/ros2_ws/install/servo/lib/servo
[8.842s] writing list of installed files to '/home/crofi/ros2_ws/build/servo/install.log'
[9.175s] Invoked command in '/home/crofi/ros2_ws/src/hardware/servo' returned '0': PYTHONPATH=/home/crofi/ros2_ws/build/servo/prefix_override:/usr/lib/python3/dist-packages/colcon_core/task/python/colcon_distutils_commands:/home/crofi/ros2_ws/install/servo/lib/python3.10/site-packages:${PYTHONPATH} /usr/bin/python3 -W ignore:setup.py install is deprecated -W ignore:easy_install command is deprecated setup.py egg_info --egg-base ../../../build/servo build --build-base /home/crofi/ros2_ws/build/servo/build install --record /home/crofi/ros2_ws/build/servo/install.log --single-version-externally-managed install_data
