[17.194s] Invoking command in '/home/crofi/AutoModel_Rep/ros2_ws/src/hardware/webcam': PYTHONPATH=/home/crofi/AutoModel_Rep/build/webcam/prefix_override:/usr/lib/python3/dist-packages/colcon_core/task/python/colcon_distutils_commands:/home/crofi/AutoModel_Rep/install/webcam/lib/python3.10/site-packages:${PYTHONPATH} /usr/bin/python3 -W ignore:setup.py install is deprecated -W ignore:easy_install command is deprecated setup.py egg_info --egg-base ../../../../build/webcam build --build-base /home/crofi/AutoModel_Rep/build/webcam/build install --record /home/crofi/AutoModel_Rep/build/webcam/install.log --single-version-externally-managed install_data
[20.490s] running egg_info
[20.503s] writing ../../../../build/webcam/webcam.egg-info/PKG-INFO
[20.702s] writing dependency_links to ../../../../build/webcam/webcam.egg-info/dependency_links.txt
[20.715s] writing entry points to ../../../../build/webcam/webcam.egg-info/entry_points.txt
[20.742s] writing requirements to ../../../../build/webcam/webcam.egg-info/requires.txt
[20.743s] writing top-level names to ../../../../build/webcam/webcam.egg-info/top_level.txt
[20.750s] reading manifest file '../../../../build/webcam/webcam.egg-info/SOURCES.txt'
[20.769s] adding license file 'LICENSE'
[20.782s] writing manifest file '../../../../build/webcam/webcam.egg-info/SOURCES.txt'
[20.787s] running build
[20.788s] running build_py
[20.828s] running install
[20.835s] running install_lib
[20.922s] running install_data
[20.927s] running install_egg_info
[20.987s] removing '/home/crofi/AutoModel_Rep/install/webcam/lib/python3.10/site-packages/webcam-0.0.0-py3.10.egg-info' (and everything under it)
[20.999s] Copying ../../../../build/webcam/webcam.egg-info to /home/crofi/AutoModel_Rep/install/webcam/lib/python3.10/site-packages/webcam-0.0.0-py3.10.egg-info
[21.052s] running install_scripts
[21.477s] Installing webcam script to /home/crofi/AutoModel_Rep/install/webcam/lib/webcam
[21.492s] writing list of installed files to '/home/crofi/AutoModel_Rep/build/webcam/install.log'
[22.052s] Invoked command in '/home/crofi/AutoModel_Rep/ros2_ws/src/hardware/webcam' returned '0': PYTHONPATH=/home/crofi/AutoModel_Rep/build/webcam/prefix_override:/usr/lib/python3/dist-packages/colcon_core/task/python/colcon_distutils_commands:/home/crofi/AutoModel_Rep/install/webcam/lib/python3.10/site-packages:${PYTHONPATH} /usr/bin/python3 -W ignore:setup.py install is deprecated -W ignore:easy_install command is deprecated setup.py egg_info --egg-base ../../../../build/webcam build --build-base /home/crofi/AutoModel_Rep/build/webcam/build install --record /home/crofi/AutoModel_Rep/build/webcam/install.log --single-version-externally-managed install_data
