[6.515s] Invoking command in '/home/crofi/ros2_ws/src/hardware/webcam': PYTHONPATH=/home/crofi/ros2_ws/build/webcam/prefix_override:/usr/lib/python3/dist-packages/colcon_core/task/python/colcon_distutils_commands:/home/crofi/ros2_ws/install/webcam/lib/python3.10/site-packages:${PYTHONPATH} /usr/bin/python3 -W ignore:setup.py install is deprecated -W ignore:easy_install command is deprecated setup.py egg_info --egg-base ../../../build/webcam build --build-base /home/crofi/ros2_ws/build/webcam/build install --record /home/crofi/ros2_ws/build/webcam/install.log --single-version-externally-managed install_data
[8.218s] running egg_info
[8.221s] writing ../../../build/webcam/webcam.egg-info/PKG-INFO
[8.222s] writing dependency_links to ../../../build/webcam/webcam.egg-info/dependency_links.txt
[8.223s] writing entry points to ../../../build/webcam/webcam.egg-info/entry_points.txt
[8.224s] writing requirements to ../../../build/webcam/webcam.egg-info/requires.txt
[8.225s] writing top-level names to ../../../build/webcam/webcam.egg-info/top_level.txt
[8.238s] reading manifest file '../../../build/webcam/webcam.egg-info/SOURCES.txt'
[8.239s] adding license file 'LICENSE'
[8.242s] writing manifest file '../../../build/webcam/webcam.egg-info/SOURCES.txt'
[8.243s] running build
[8.243s] running build_py
[8.245s] running install
[8.246s] running install_lib
[8.259s] running install_data
[8.260s] running install_egg_info
[8.269s] removing '/home/crofi/ros2_ws/install/webcam/lib/python3.10/site-packages/webcam-0.0.0-py3.10.egg-info' (and everything under it)
[8.271s] Copying ../../../build/webcam/webcam.egg-info to /home/crofi/ros2_ws/install/webcam/lib/python3.10/site-packages/webcam-0.0.0-py3.10.egg-info
[8.278s] running install_scripts
[8.395s] Installing webcam script to /home/crofi/ros2_ws/install/webcam/lib/webcam
[8.398s] writing list of installed files to '/home/crofi/ros2_ws/build/webcam/install.log'
[8.612s] Invoked command in '/home/crofi/ros2_ws/src/hardware/webcam' returned '0': PYTHONPATH=/home/crofi/ros2_ws/build/webcam/prefix_override:/usr/lib/python3/dist-packages/colcon_core/task/python/colcon_distutils_commands:/home/crofi/ros2_ws/install/webcam/lib/python3.10/site-packages:${PYTHONPATH} /usr/bin/python3 -W ignore:setup.py install is deprecated -W ignore:easy_install command is deprecated setup.py egg_info --egg-base ../../../build/webcam build --build-base /home/crofi/ros2_ws/build/webcam/build install --record /home/crofi/ros2_ws/build/webcam/install.log --single-version-externally-managed install_data
