[5.735s] Invoking command in '/home/crofi/ros2_ws/src/hardware/servo': PYTHONPATH=/home/crofi/ros2_ws/build/servo/prefix_override:/usr/lib/python3/dist-packages/colcon_core/task/python/colcon_distutils_commands:/home/crofi/ros2_ws/install/servo/lib/python3.10/site-packages:${PYTHONPATH} /usr/bin/python3 -W ignore:setup.py install is deprecated -W ignore:easy_install command is deprecated setup.py egg_info --egg-base ../../../build/servo build --build-base /home/crofi/ros2_ws/build/servo/build install --record /home/crofi/ros2_ws/build/servo/install.log --single-version-externally-managed install_data
[7.815s] running egg_info
[7.821s] writing ../../../build/servo/servo.egg-info/PKG-INFO
[7.824s] writing dependency_links to ../../../build/servo/servo.egg-info/dependency_links.txt
[7.826s] writing entry points to ../../../build/servo/servo.egg-info/entry_points.txt
[7.828s] writing requirements to ../../../build/servo/servo.egg-info/requires.txt
[7.830s] writing top-level names to ../../../build/servo/servo.egg-info/top_level.txt
[7.843s] reading manifest file '../../../build/servo/servo.egg-info/SOURCES.txt'
[7.858s] writing manifest file '../../../build/servo/servo.egg-info/SOURCES.txt'
[7.859s] running build
[7.860s] running build_py
[7.861s] running install
[7.861s] running install_lib
[7.874s] running install_data
[7.875s] running install_egg_info
[7.885s] removing '/home/crofi/ros2_ws/install/servo/lib/python3.10/site-packages/servo-0.0.0-py3.10.egg-info' (and everything under it)
[7.887s] Copying ../../../build/servo/servo.egg-info to /home/crofi/ros2_ws/install/servo/lib/python3.10/site-packages/servo-0.0.0-py3.10.egg-info
[7.923s] running install_scripts
[8.027s] Installing servo script to /home/crofi/ros2_ws/install/servo/lib/servo
[8.029s] writing list of installed files to '/home/crofi/ros2_ws/build/servo/install.log'
[8.297s] Invoked command in '/home/crofi/ros2_ws/src/hardware/servo' returned '0': PYTHONPATH=/home/crofi/ros2_ws/build/servo/prefix_override:/usr/lib/python3/dist-packages/colcon_core/task/python/colcon_distutils_commands:/home/crofi/ros2_ws/install/servo/lib/python3.10/site-packages:${PYTHONPATH} /usr/bin/python3 -W ignore:setup.py install is deprecated -W ignore:easy_install command is deprecated setup.py egg_info --egg-base ../../../build/servo build --build-base /home/crofi/ros2_ws/build/servo/build install --record /home/crofi/ros2_ws/build/servo/install.log --single-version-externally-managed install_data
