[17.107s] Invoking command in '/home/crofi/AutoModel_Rep/ros2_ws/src/hardware/servo': PYTHONPATH=/home/crofi/AutoModel_Rep/build/servo/prefix_override:/usr/lib/python3/dist-packages/colcon_core/task/python/colcon_distutils_commands:/home/crofi/AutoModel_Rep/install/servo/lib/python3.10/site-packages:${PYTHONPATH} /usr/bin/python3 -W ignore:setup.py install is deprecated -W ignore:easy_install command is deprecated setup.py egg_info --egg-base ../../../../build/servo build --build-base /home/crofi/AutoModel_Rep/build/servo/build install --record /home/crofi/AutoModel_Rep/build/servo/install.log --single-version-externally-managed install_data
[21.292s] running egg_info
[21.314s] writing ../../../../build/servo/servo.egg-info/PKG-INFO
[21.316s] writing dependency_links to ../../../../build/servo/servo.egg-info/dependency_links.txt
[21.334s] writing entry points to ../../../../build/servo/servo.egg-info/entry_points.txt
[21.358s] writing requirements to ../../../../build/servo/servo.egg-info/requires.txt
[21.394s] writing top-level names to ../../../../build/servo/servo.egg-info/top_level.txt
[21.396s] reading manifest file '../../../../build/servo/servo.egg-info/SOURCES.txt'
[21.397s] writing manifest file '../../../../build/servo/servo.egg-info/SOURCES.txt'
[21.399s] running build
[21.399s] running build_py
[21.400s] running install
[21.401s] running install_lib
[21.401s] running install_data
[21.402s] running install_egg_info
[21.403s] removing '/home/crofi/AutoModel_Rep/install/servo/lib/python3.10/site-packages/servo-0.0.0-py3.10.egg-info' (and everything under it)
[21.413s] Copying ../../../../build/servo/servo.egg-info to /home/crofi/AutoModel_Rep/install/servo/lib/python3.10/site-packages/servo-0.0.0-py3.10.egg-info
[21.419s] running install_scripts
[21.607s] Installing servo script to /home/crofi/AutoModel_Rep/install/servo/lib/servo
[21.628s] writing list of installed files to '/home/crofi/AutoModel_Rep/build/servo/install.log'
[22.008s] Invoked command in '/home/crofi/AutoModel_Rep/ros2_ws/src/hardware/servo' returned '0': PYTHONPATH=/home/crofi/AutoModel_Rep/build/servo/prefix_override:/usr/lib/python3/dist-packages/colcon_core/task/python/colcon_distutils_commands:/home/crofi/AutoModel_Rep/install/servo/lib/python3.10/site-packages:${PYTHONPATH} /usr/bin/python3 -W ignore:setup.py install is deprecated -W ignore:easy_install command is deprecated setup.py egg_info --egg-base ../../../../build/servo build --build-base /home/crofi/AutoModel_Rep/build/servo/build install --record /home/crofi/AutoModel_Rep/build/servo/install.log --single-version-externally-managed install_data
