[12.522s] Invoking command in '/home/crofi/ros2_ws/src/vision/senal_detector': PYTHONPATH=/home/crofi/ros2_ws/build/senal_detector/prefix_override:/usr/lib/python3/dist-packages/colcon_core/task/python/colcon_distutils_commands:/home/crofi/ros2_ws/install/senal_detector/lib/python3.10/site-packages:${PYTHONPATH} /usr/bin/python3 -W ignore:setup.py install is deprecated -W ignore:easy_install command is deprecated setup.py egg_info --egg-base ../../../build/senal_detector build --build-base /home/crofi/ros2_ws/build/senal_detector/build install --record /home/crofi/ros2_ws/build/senal_detector/install.log --single-version-externally-managed install_data
[15.677s] running egg_info
[15.681s] writing ../../../build/senal_detector/senal_detector.egg-info/PKG-INFO
[15.684s] writing dependency_links to ../../../build/senal_detector/senal_detector.egg-info/dependency_links.txt
[15.686s] writing entry points to ../../../build/senal_detector/senal_detector.egg-info/entry_points.txt
[15.687s] writing requirements to ../../../build/senal_detector/senal_detector.egg-info/requires.txt
[15.700s] writing top-level names to ../../../build/senal_detector/senal_detector.egg-info/top_level.txt
[15.705s] reading manifest file '../../../build/senal_detector/senal_detector.egg-info/SOURCES.txt'
[15.723s] writing manifest file '../../../build/senal_detector/senal_detector.egg-info/SOURCES.txt'
[15.728s] running build
[15.730s] running build_py
[15.732s] running install
[15.734s] running install_lib
[15.747s] running install_data
[15.749s] running install_egg_info
[15.772s] removing '/home/crofi/ros2_ws/install/senal_detector/lib/python3.10/site-packages/senal_detector-0.0.0-py3.10.egg-info' (and everything under it)
[15.776s] Copying ../../../build/senal_detector/senal_detector.egg-info to /home/crofi/ros2_ws/install/senal_detector/lib/python3.10/site-packages/senal_detector-0.0.0-py3.10.egg-info
[15.789s] running install_scripts
[15.953s] Installing senal_detector script to /home/crofi/ros2_ws/install/senal_detector/lib/senal_detector
[15.956s] writing list of installed files to '/home/crofi/ros2_ws/build/senal_detector/install.log'
[18.373s] Invoked command in '/home/crofi/ros2_ws/src/vision/senal_detector' returned '0': PYTHONPATH=/home/crofi/ros2_ws/build/senal_detector/prefix_override:/usr/lib/python3/dist-packages/colcon_core/task/python/colcon_distutils_commands:/home/crofi/ros2_ws/install/senal_detector/lib/python3.10/site-packages:${PYTHONPATH} /usr/bin/python3 -W ignore:setup.py install is deprecated -W ignore:easy_install command is deprecated setup.py egg_info --egg-base ../../../build/senal_detector build --build-base /home/crofi/ros2_ws/build/senal_detector/build install --record /home/crofi/ros2_ws/build/senal_detector/install.log --single-version-externally-managed install_data
