running develop
Removing /home/crofi/AutoModelCrofi/ros2_ws/install/red_vision/lib/python3.10/site-packages/red-vision.egg-link (link to .)
running egg_info
writing ../../../build/red_vision/red_vision.egg-info/PKG-INFO
writing dependency_links to ../../../build/red_vision/red_vision.egg-info/dependency_links.txt
writing entry points to ../../../build/red_vision/red_vision.egg-info/entry_points.txt
writing requirements to ../../../build/red_vision/red_vision.egg-info/requires.txt
writing top-level names to ../../../build/red_vision/red_vision.egg-info/top_level.txt
reading manifest file '../../../build/red_vision/red_vision.egg-info/SOURCES.txt'
writing manifest file '../../../build/red_vision/red_vision.egg-info/SOURCES.txt'
running build
running build_py
creating /home/crofi/AutoModelCrofi/ros2_ws/build/red_vision/build
creating /home/crofi/AutoModelCrofi/ros2_ws/build/red_vision/build/lib
creating /home/crofi/AutoModelCrofi/ros2_ws/build/red_vision/build/lib/red_vision
copying red_vision/red_vision.py -> /home/crofi/AutoModelCrofi/ros2_ws/build/red_vision/build/lib/red_vision
copying red_vision/__init__.py -> /home/crofi/AutoModelCrofi/ros2_ws/build/red_vision/build/lib/red_vision
running install
running install_lib
creating /home/crofi/AutoModelCrofi/ros2_ws/install/red_vision/lib/python3.10/site-packages/red_vision
copying /home/crofi/AutoModelCrofi/ros2_ws/build/red_vision/build/lib/red_vision/red_vision.py -> /home/crofi/AutoModelCrofi/ros2_ws/install/red_vision/lib/python3.10/site-packages/red_vision
copying /home/crofi/AutoModelCrofi/ros2_ws/build/red_vision/build/lib/red_vision/__init__.py -> /home/crofi/AutoModelCrofi/ros2_ws/install/red_vision/lib/python3.10/site-packages/red_vision
byte-compiling /home/crofi/AutoModelCrofi/ros2_ws/install/red_vision/lib/python3.10/site-packages/red_vision/red_vision.py to red_vision.cpython-310.pyc
byte-compiling /home/crofi/AutoModelCrofi/ros2_ws/install/red_vision/lib/python3.10/site-packages/red_vision/__init__.py to __init__.cpython-310.pyc
running install_data
copying resource/red_vision -> /home/crofi/AutoModelCrofi/ros2_ws/install/red_vision/share/ament_index/resource_index/packages
copying package.xml -> /home/crofi/AutoModelCrofi/ros2_ws/install/red_vision/share/red_vision
running install_egg_info
Copying ../../../build/red_vision/red_vision.egg-info to /home/crofi/AutoModelCrofi/ros2_ws/install/red_vision/lib/python3.10/site-packages/red_vision-0.0.0-py3.10.egg-info
running install_scripts
Installing red_vision script to /home/crofi/AutoModelCrofi/ros2_ws/install/red_vision/lib/red_vision
writing list of installed files to '/home/crofi/AutoModelCrofi/ros2_ws/build/red_vision/install.log'
