running develop
Removing /home/crofi/AutoModelCrofi/ros2_ws/install/servo/lib/python3.10/site-packages/servo.egg-link (link to .)
running egg_info
writing ../../../build/servo/servo.egg-info/PKG-INFO
writing dependency_links to ../../../build/servo/servo.egg-info/dependency_links.txt
writing entry points to ../../../build/servo/servo.egg-info/entry_points.txt
writing requirements to ../../../build/servo/servo.egg-info/requires.txt
writing top-level names to ../../../build/servo/servo.egg-info/top_level.txt
reading manifest file '../../../build/servo/servo.egg-info/SOURCES.txt'
writing manifest file '../../../build/servo/servo.egg-info/SOURCES.txt'
running build
running build_py
creating /home/crofi/AutoModelCrofi/ros2_ws/build/servo/build
creating /home/crofi/AutoModelCrofi/ros2_ws/build/servo/build/lib
creating /home/crofi/AutoModelCrofi/ros2_ws/build/servo/build/lib/servo
copying servo/__init__.py -> /home/crofi/AutoModelCrofi/ros2_ws/build/servo/build/lib/servo
copying servo/servo.py -> /home/crofi/AutoModelCrofi/ros2_ws/build/servo/build/lib/servo
running install
running install_lib
creating /home/crofi/AutoModelCrofi/ros2_ws/install/servo/lib/python3.10/site-packages/servo
copying /home/crofi/AutoModelCrofi/ros2_ws/build/servo/build/lib/servo/__init__.py -> /home/crofi/AutoModelCrofi/ros2_ws/install/servo/lib/python3.10/site-packages/servo
copying /home/crofi/AutoModelCrofi/ros2_ws/build/servo/build/lib/servo/servo.py -> /home/crofi/AutoModelCrofi/ros2_ws/install/servo/lib/python3.10/site-packages/servo
byte-compiling /home/crofi/AutoModelCrofi/ros2_ws/install/servo/lib/python3.10/site-packages/servo/__init__.py to __init__.cpython-310.pyc
byte-compiling /home/crofi/AutoModelCrofi/ros2_ws/install/servo/lib/python3.10/site-packages/servo/servo.py to servo.cpython-310.pyc
running install_data
copying resource/servo -> /home/crofi/AutoModelCrofi/ros2_ws/install/servo/share/ament_index/resource_index/packages
copying package.xml -> /home/crofi/AutoModelCrofi/ros2_ws/install/servo/share/servo
running install_egg_info
Copying ../../../build/servo/servo.egg-info to /home/crofi/AutoModelCrofi/ros2_ws/install/servo/lib/python3.10/site-packages/servo-0.0.0-py3.10.egg-info
running install_scripts
Installing servo script to /home/crofi/AutoModelCrofi/ros2_ws/install/servo/lib/servo
writing list of installed files to '/home/crofi/AutoModelCrofi/ros2_ws/build/servo/install.log'
