[9.797s] Invoking command in '/home/crofi/ros2_ws/src/vision/lane_angle': PYTHONPATH=/home/crofi/ros2_ws/build/lane_angle/prefix_override:/usr/lib/python3/dist-packages/colcon_core/task/python/colcon_distutils_commands:/home/crofi/ros2_ws/install/lane_angle/lib/python3.10/site-packages:${PYTHONPATH} /usr/bin/python3 -W ignore:setup.py install is deprecated -W ignore:easy_install command is deprecated setup.py egg_info --egg-base ../../../build/lane_angle build --build-base /home/crofi/ros2_ws/build/lane_angle/build install --record /home/crofi/ros2_ws/build/lane_angle/install.log --single-version-externally-managed install_data
[12.393s] running egg_info
[12.398s] writing ../../../build/lane_angle/lane_angle.egg-info/PKG-INFO
[12.401s] writing dependency_links to ../../../build/lane_angle/lane_angle.egg-info/dependency_links.txt
[12.404s] writing entry points to ../../../build/lane_angle/lane_angle.egg-info/entry_points.txt
[12.408s] writing requirements to ../../../build/lane_angle/lane_angle.egg-info/requires.txt
[12.419s] writing top-level names to ../../../build/lane_angle/lane_angle.egg-info/top_level.txt
[12.475s] reading manifest file '../../../build/lane_angle/lane_angle.egg-info/SOURCES.txt'
[12.484s] writing manifest file '../../../build/lane_angle/lane_angle.egg-info/SOURCES.txt'
[12.485s] running build
[12.487s] running build_py
[12.515s] running install
[12.516s] running install_lib
[12.541s] running install_data
[12.542s] running install_egg_info
[12.557s] removing '/home/crofi/ros2_ws/install/lane_angle/lib/python3.10/site-packages/lane_angle-0.0.0-py3.10.egg-info' (and everything under it)
[12.562s] Copying ../../../build/lane_angle/lane_angle.egg-info to /home/crofi/ros2_ws/install/lane_angle/lib/python3.10/site-packages/lane_angle-0.0.0-py3.10.egg-info
[12.565s] running install_scripts
[12.723s] Installing lane_angle script to /home/crofi/ros2_ws/install/lane_angle/lib/lane_angle
[12.726s] writing list of installed files to '/home/crofi/ros2_ws/build/lane_angle/install.log'
[13.153s] Invoked command in '/home/crofi/ros2_ws/src/vision/lane_angle' returned '0': PYTHONPATH=/home/crofi/ros2_ws/build/lane_angle/prefix_override:/usr/lib/python3/dist-packages/colcon_core/task/python/colcon_distutils_commands:/home/crofi/ros2_ws/install/lane_angle/lib/python3.10/site-packages:${PYTHONPATH} /usr/bin/python3 -W ignore:setup.py install is deprecated -W ignore:easy_install command is deprecated setup.py egg_info --egg-base ../../../build/lane_angle build --build-base /home/crofi/ros2_ws/build/lane_angle/build install --record /home/crofi/ros2_ws/build/lane_angle/install.log --single-version-externally-managed install_data
