[2.016s] Invoking command in '/home/tars/AutoModelCrofi/ros2_ws/src/vision/senal_detector': PYTHONPATH=/home/tars/AutoModelCrofi/ros2_ws/build/senal_detector/prefix_override:/usr/lib/python3/dist-packages/colcon_core/task/python/colcon_distutils_commands:/home/tars/AutoModelCrofi/ros2_ws/install/senal_detector/lib/python3.12/site-packages:${PYTHONPATH} /usr/bin/python3 -W ignore:setup.py install is deprecated -W ignore:easy_install command is deprecated setup.py egg_info --egg-base ../../../build/senal_detector build --build-base /home/tars/AutoModelCrofi/ros2_ws/build/senal_detector/build install --record /home/tars/AutoModelCrofi/ros2_ws/build/senal_detector/install.log --single-version-externally-managed install_data
[2.963s] running egg_info
[2.963s] writing ../../../build/senal_detector/senal_detector.egg-info/PKG-INFO
[2.963s] writing dependency_links to ../../../build/senal_detector/senal_detector.egg-info/dependency_links.txt
[2.963s] writing entry points to ../../../build/senal_detector/senal_detector.egg-info/entry_points.txt
[2.963s] writing requirements to ../../../build/senal_detector/senal_detector.egg-info/requires.txt
[2.964s] writing top-level names to ../../../build/senal_detector/senal_detector.egg-info/top_level.txt
[2.964s] reading manifest file '../../../build/senal_detector/senal_detector.egg-info/SOURCES.txt'
[2.964s] writing manifest file '../../../build/senal_detector/senal_detector.egg-info/SOURCES.txt'
[2.964s] running build
[2.964s] running build_py
[2.964s] running install
[2.964s] running install_lib
[2.964s] running install_data
[2.964s] running install_egg_info
[2.964s] removing '/home/tars/AutoModelCrofi/ros2_ws/install/senal_detector/lib/python3.12/site-packages/senal_detector-0.0.0-py3.12.egg-info' (and everything under it)
[2.965s] Copying ../../../build/senal_detector/senal_detector.egg-info to /home/tars/AutoModelCrofi/ros2_ws/install/senal_detector/lib/python3.12/site-packages/senal_detector-0.0.0-py3.12.egg-info
[2.965s] running install_scripts
[2.965s] Installing senal_detector script to /home/tars/AutoModelCrofi/ros2_ws/install/senal_detector/lib/senal_detector
[2.965s] writing list of installed files to '/home/tars/AutoModelCrofi/ros2_ws/build/senal_detector/install.log'
[2.984s] Invoked command in '/home/tars/AutoModelCrofi/ros2_ws/src/vision/senal_detector' returned '0': PYTHONPATH=/home/tars/AutoModelCrofi/ros2_ws/build/senal_detector/prefix_override:/usr/lib/python3/dist-packages/colcon_core/task/python/colcon_distutils_commands:/home/tars/AutoModelCrofi/ros2_ws/install/senal_detector/lib/python3.12/site-packages:${PYTHONPATH} /usr/bin/python3 -W ignore:setup.py install is deprecated -W ignore:easy_install command is deprecated setup.py egg_info --egg-base ../../../build/senal_detector build --build-base /home/tars/AutoModelCrofi/ros2_ws/build/senal_detector/build install --record /home/tars/AutoModelCrofi/ros2_ws/build/senal_detector/install.log --single-version-externally-managed install_data
