[26.935s] Invoking command in '/home/crofi/AutoModel_Rep/ros2_ws/src/vision/lane_angle': PYTHONPATH=/home/crofi/AutoModel_Rep/build/lane_angle/prefix_override:/usr/lib/python3/dist-packages/colcon_core/task/python/colcon_distutils_commands:/home/crofi/AutoModel_Rep/install/lane_angle/lib/python3.10/site-packages:${PYTHONPATH} /usr/bin/python3 -W ignore:setup.py install is deprecated -W ignore:easy_install command is deprecated setup.py egg_info --egg-base ../../../../build/lane_angle build --build-base /home/crofi/AutoModel_Rep/build/lane_angle/build install --record /home/crofi/AutoModel_Rep/build/lane_angle/install.log --single-version-externally-managed install_data
[33.566s] running egg_info
[33.567s] writing ../../../../build/lane_angle/lane_angle.egg-info/PKG-INFO
[33.568s] writing dependency_links to ../../../../build/lane_angle/lane_angle.egg-info/dependency_links.txt
[33.569s] writing entry points to ../../../../build/lane_angle/lane_angle.egg-info/entry_points.txt
[33.569s] writing requirements to ../../../../build/lane_angle/lane_angle.egg-info/requires.txt
[33.570s] writing top-level names to ../../../../build/lane_angle/lane_angle.egg-info/top_level.txt
[33.582s] reading manifest file '../../../../build/lane_angle/lane_angle.egg-info/SOURCES.txt'
[33.590s] writing manifest file '../../../../build/lane_angle/lane_angle.egg-info/SOURCES.txt'
[33.591s] running build
[33.592s] running build_py
[33.592s] copying lane_angle/lane_angle.py -> /home/crofi/AutoModel_Rep/build/lane_angle/build/lib/lane_angle
[33.593s] running install
[33.596s] running install_lib
[33.604s] copying /home/crofi/AutoModel_Rep/build/lane_angle/build/lib/lane_angle/lane_angle.py -> /home/crofi/AutoModel_Rep/install/lane_angle/lib/python3.10/site-packages/lane_angle
[33.620s] byte-compiling /home/crofi/AutoModel_Rep/install/lane_angle/lib/python3.10/site-packages/lane_angle/lane_angle.py to lane_angle.cpython-310.pyc
[33.631s] running install_data
[33.634s] running install_egg_info
[33.653s] removing '/home/crofi/AutoModel_Rep/install/lane_angle/lib/python3.10/site-packages/lane_angle-0.0.0-py3.10.egg-info' (and everything under it)
[33.656s] Copying ../../../../build/lane_angle/lane_angle.egg-info to /home/crofi/AutoModel_Rep/install/lane_angle/lib/python3.10/site-packages/lane_angle-0.0.0-py3.10.egg-info
[33.666s] running install_scripts
[33.864s] Installing lane_angle script to /home/crofi/AutoModel_Rep/install/lane_angle/lib/lane_angle
[33.868s] writing list of installed files to '/home/crofi/AutoModel_Rep/build/lane_angle/install.log'
[37.491s] Invoked command in '/home/crofi/AutoModel_Rep/ros2_ws/src/vision/lane_angle' returned '0': PYTHONPATH=/home/crofi/AutoModel_Rep/build/lane_angle/prefix_override:/usr/lib/python3/dist-packages/colcon_core/task/python/colcon_distutils_commands:/home/crofi/AutoModel_Rep/install/lane_angle/lib/python3.10/site-packages:${PYTHONPATH} /usr/bin/python3 -W ignore:setup.py install is deprecated -W ignore:easy_install command is deprecated setup.py egg_info --egg-base ../../../../build/lane_angle build --build-base /home/crofi/AutoModel_Rep/build/lane_angle/build install --record /home/crofi/AutoModel_Rep/build/lane_angle/install.log --single-version-externally-managed install_data
