[7.961s] Invoking command in '/home/crofi/ros2_ws/src/hardware/servo': PYTHONPATH=/home/crofi/ros2_ws/build/servo/prefix_override:/usr/lib/python3/dist-packages/colcon_core/task/python/colcon_distutils_commands:/home/crofi/ros2_ws/install/servo/lib/python3.10/site-packages:${PYTHONPATH} /usr/bin/python3 -W ignore:setup.py install is deprecated -W ignore:easy_install command is deprecated setup.py egg_info --egg-base ../../../build/servo build --build-base /home/crofi/ros2_ws/build/servo/build install --record /home/crofi/ros2_ws/build/servo/install.log --single-version-externally-managed install_data
[9.962s] running egg_info
[9.966s] writing ../../../build/servo/servo.egg-info/PKG-INFO
[9.968s] writing dependency_links to ../../../build/servo/servo.egg-info/dependency_links.txt
[9.969s] writing entry points to ../../../build/servo/servo.egg-info/entry_points.txt
[9.971s] writing requirements to ../../../build/servo/servo.egg-info/requires.txt
[9.972s] writing top-level names to ../../../build/servo/servo.egg-info/top_level.txt
[9.983s] reading manifest file '../../../build/servo/servo.egg-info/SOURCES.txt'
[9.988s] writing manifest file '../../../build/servo/servo.egg-info/SOURCES.txt'
[9.989s] running build
[9.990s] running build_py
[9.992s] running install
[9.993s] running install_lib
[10.008s] running install_data
[10.008s] running install_egg_info
[10.018s] removing '/home/crofi/ros2_ws/install/servo/lib/python3.10/site-packages/servo-0.0.0-py3.10.egg-info' (and everything under it)
[10.021s] Copying ../../../build/servo/servo.egg-info to /home/crofi/ros2_ws/install/servo/lib/python3.10/site-packages/servo-0.0.0-py3.10.egg-info
[10.029s] running install_scripts
[10.150s] Installing servo script to /home/crofi/ros2_ws/install/servo/lib/servo
[10.151s] writing list of installed files to '/home/crofi/ros2_ws/build/servo/install.log'
[10.350s] Invoked command in '/home/crofi/ros2_ws/src/hardware/servo' returned '0': PYTHONPATH=/home/crofi/ros2_ws/build/servo/prefix_override:/usr/lib/python3/dist-packages/colcon_core/task/python/colcon_distutils_commands:/home/crofi/ros2_ws/install/servo/lib/python3.10/site-packages:${PYTHONPATH} /usr/bin/python3 -W ignore:setup.py install is deprecated -W ignore:easy_install command is deprecated setup.py egg_info --egg-base ../../../build/servo build --build-base /home/crofi/ros2_ws/build/servo/build install --record /home/crofi/ros2_ws/build/servo/install.log --single-version-externally-managed install_data
