[21.237s] Invoking command in '/home/crofi/ros2_ws/src/vision/lane_angle': PYTHONPATH=/home/crofi/ros2_ws/build/lane_angle/prefix_override:/usr/lib/python3/dist-packages/colcon_core/task/python/colcon_distutils_commands:/home/crofi/ros2_ws/install/lane_angle/lib/python3.10/site-packages:${PYTHONPATH} /usr/bin/python3 -W ignore:setup.py install is deprecated -W ignore:easy_install command is deprecated setup.py egg_info --egg-base ../../../build/lane_angle build --build-base /home/crofi/ros2_ws/build/lane_angle/build install --record /home/crofi/ros2_ws/build/lane_angle/install.log --single-version-externally-managed install_data
[27.756s] running egg_info
[27.767s] writing ../../../build/lane_angle/lane_angle.egg-info/PKG-INFO
[27.784s] writing dependency_links to ../../../build/lane_angle/lane_angle.egg-info/dependency_links.txt
[27.789s] writing entry points to ../../../build/lane_angle/lane_angle.egg-info/entry_points.txt
[27.809s] writing requirements to ../../../build/lane_angle/lane_angle.egg-info/requires.txt
[27.839s] writing top-level names to ../../../build/lane_angle/lane_angle.egg-info/top_level.txt
[27.878s] reading manifest file '../../../build/lane_angle/lane_angle.egg-info/SOURCES.txt'
[27.882s] writing manifest file '../../../build/lane_angle/lane_angle.egg-info/SOURCES.txt'
[27.883s] running build
[27.884s] running build_py
[27.892s] running install
[27.902s] running install_lib
[27.918s] running install_data
[27.920s] running install_egg_info
[27.932s] removing '/home/crofi/ros2_ws/install/lane_angle/lib/python3.10/site-packages/lane_angle-0.0.0-py3.10.egg-info' (and everything under it)
[27.939s] Copying ../../../build/lane_angle/lane_angle.egg-info to /home/crofi/ros2_ws/install/lane_angle/lib/python3.10/site-packages/lane_angle-0.0.0-py3.10.egg-info
[27.960s] running install_scripts
[28.280s] Installing lane_angle script to /home/crofi/ros2_ws/install/lane_angle/lib/lane_angle
[28.287s] writing list of installed files to '/home/crofi/ros2_ws/build/lane_angle/install.log'
[28.679s] Invoked command in '/home/crofi/ros2_ws/src/vision/lane_angle' returned '0': PYTHONPATH=/home/crofi/ros2_ws/build/lane_angle/prefix_override:/usr/lib/python3/dist-packages/colcon_core/task/python/colcon_distutils_commands:/home/crofi/ros2_ws/install/lane_angle/lib/python3.10/site-packages:${PYTHONPATH} /usr/bin/python3 -W ignore:setup.py install is deprecated -W ignore:easy_install command is deprecated setup.py egg_info --egg-base ../../../build/lane_angle build --build-base /home/crofi/ros2_ws/build/lane_angle/build install --record /home/crofi/ros2_ws/build/lane_angle/install.log --single-version-externally-managed install_data
