[9.595s] Invoking command in '/home/crofi/ros2_ws/src/vision/senal_detector': PYTHONPATH=/home/crofi/ros2_ws/build/senal_detector/prefix_override:/usr/lib/python3/dist-packages/colcon_core/task/python/colcon_distutils_commands:/home/crofi/ros2_ws/install/senal_detector/lib/python3.10/site-packages:${PYTHONPATH} /usr/bin/python3 -W ignore:setup.py install is deprecated -W ignore:easy_install command is deprecated setup.py egg_info --egg-base ../../../build/senal_detector build --build-base /home/crofi/ros2_ws/build/senal_detector/build install --record /home/crofi/ros2_ws/build/senal_detector/install.log --single-version-externally-managed install_data
[12.111s] running egg_info
[12.117s] writing ../../../build/senal_detector/senal_detector.egg-info/PKG-INFO
[12.124s] writing dependency_links to ../../../build/senal_detector/senal_detector.egg-info/dependency_links.txt
[12.131s] writing entry points to ../../../build/senal_detector/senal_detector.egg-info/entry_points.txt
[12.132s] writing requirements to ../../../build/senal_detector/senal_detector.egg-info/requires.txt
[12.132s] writing top-level names to ../../../build/senal_detector/senal_detector.egg-info/top_level.txt
[12.139s] reading manifest file '../../../build/senal_detector/senal_detector.egg-info/SOURCES.txt'
[12.145s] writing manifest file '../../../build/senal_detector/senal_detector.egg-info/SOURCES.txt'
[12.146s] running build
[12.146s] running build_py
[12.147s] copying senal_detector/senal_detector.py -> /home/crofi/ros2_ws/build/senal_detector/build/lib/senal_detector
[12.150s] running install
[12.152s] running install_lib
[12.166s] copying /home/crofi/ros2_ws/build/senal_detector/build/lib/senal_detector/senal_detector.py -> /home/crofi/ros2_ws/install/senal_detector/lib/python3.10/site-packages/senal_detector
[12.175s] byte-compiling /home/crofi/ros2_ws/install/senal_detector/lib/python3.10/site-packages/senal_detector/senal_detector.py to senal_detector.cpython-310.pyc
[12.179s] running install_data
[12.181s] running install_egg_info
[12.196s] removing '/home/crofi/ros2_ws/install/senal_detector/lib/python3.10/site-packages/senal_detector-0.0.0-py3.10.egg-info' (and everything under it)
[12.199s] Copying ../../../build/senal_detector/senal_detector.egg-info to /home/crofi/ros2_ws/install/senal_detector/lib/python3.10/site-packages/senal_detector-0.0.0-py3.10.egg-info
[12.211s] running install_scripts
[12.361s] Installing senal_detector script to /home/crofi/ros2_ws/install/senal_detector/lib/senal_detector
[12.364s] writing list of installed files to '/home/crofi/ros2_ws/build/senal_detector/install.log'
[12.644s] Invoked command in '/home/crofi/ros2_ws/src/vision/senal_detector' returned '0': PYTHONPATH=/home/crofi/ros2_ws/build/senal_detector/prefix_override:/usr/lib/python3/dist-packages/colcon_core/task/python/colcon_distutils_commands:/home/crofi/ros2_ws/install/senal_detector/lib/python3.10/site-packages:${PYTHONPATH} /usr/bin/python3 -W ignore:setup.py install is deprecated -W ignore:easy_install command is deprecated setup.py egg_info --egg-base ../../../build/senal_detector build --build-base /home/crofi/ros2_ws/build/senal_detector/build install --record /home/crofi/ros2_ws/build/senal_detector/install.log --single-version-externally-managed install_data
