[2.013s] Invoking command in '/home/tars/AutoModelCrofi/ros2_ws/src/vision/lane_angle': PYTHONPATH=/home/tars/AutoModelCrofi/ros2_ws/build/lane_angle/prefix_override:/usr/lib/python3/dist-packages/colcon_core/task/python/colcon_distutils_commands:/home/tars/AutoModelCrofi/ros2_ws/install/lane_angle/lib/python3.12/site-packages:${PYTHONPATH} /usr/bin/python3 -W ignore:setup.py install is deprecated -W ignore:easy_install command is deprecated setup.py egg_info --egg-base ../../../build/lane_angle build --build-base /home/tars/AutoModelCrofi/ros2_ws/build/lane_angle/build install --record /home/tars/AutoModelCrofi/ros2_ws/build/lane_angle/install.log --single-version-externally-managed install_data
[2.389s] running egg_info
[2.415s] writing ../../../build/lane_angle/lane_angle.egg-info/PKG-INFO
[2.417s] writing dependency_links to ../../../build/lane_angle/lane_angle.egg-info/dependency_links.txt
[2.417s] writing entry points to ../../../build/lane_angle/lane_angle.egg-info/entry_points.txt
[2.417s] writing requirements to ../../../build/lane_angle/lane_angle.egg-info/requires.txt
[2.417s] writing top-level names to ../../../build/lane_angle/lane_angle.egg-info/top_level.txt
[2.471s] reading manifest file '../../../build/lane_angle/lane_angle.egg-info/SOURCES.txt'
[2.471s] writing manifest file '../../../build/lane_angle/lane_angle.egg-info/SOURCES.txt'
[2.471s] running build
[2.471s] running build_py
[2.472s] running install
[2.481s] running install_lib
[2.511s] running install_data
[2.511s] running install_egg_info
[2.539s] removing '/home/tars/AutoModelCrofi/ros2_ws/install/lane_angle/lib/python3.12/site-packages/lane_angle-0.0.0-py3.12.egg-info' (and everything under it)
[2.539s] Copying ../../../build/lane_angle/lane_angle.egg-info to /home/tars/AutoModelCrofi/ros2_ws/install/lane_angle/lib/python3.12/site-packages/lane_angle-0.0.0-py3.12.egg-info
[2.540s] running install_scripts
[2.722s] Installing lane_angle script to /home/tars/AutoModelCrofi/ros2_ws/install/lane_angle/lib/lane_angle
[2.722s] writing list of installed files to '/home/tars/AutoModelCrofi/ros2_ws/build/lane_angle/install.log'
[2.800s] Invoked command in '/home/tars/AutoModelCrofi/ros2_ws/src/vision/lane_angle' returned '0': PYTHONPATH=/home/tars/AutoModelCrofi/ros2_ws/build/lane_angle/prefix_override:/usr/lib/python3/dist-packages/colcon_core/task/python/colcon_distutils_commands:/home/tars/AutoModelCrofi/ros2_ws/install/lane_angle/lib/python3.12/site-packages:${PYTHONPATH} /usr/bin/python3 -W ignore:setup.py install is deprecated -W ignore:easy_install command is deprecated setup.py egg_info --egg-base ../../../build/lane_angle build --build-base /home/tars/AutoModelCrofi/ros2_ws/build/lane_angle/build install --record /home/tars/AutoModelCrofi/ros2_ws/build/lane_angle/install.log --single-version-externally-managed install_data
