[9.753s] Invoking command in '/home/crofi/ros2_ws/src/hardware/webcam': PYTHONPATH=/home/crofi/ros2_ws/build/webcam/prefix_override:/usr/lib/python3/dist-packages/colcon_core/task/python/colcon_distutils_commands:/home/crofi/ros2_ws/install/webcam/lib/python3.10/site-packages:${PYTHONPATH} /usr/bin/python3 -W ignore:setup.py install is deprecated -W ignore:easy_install command is deprecated setup.py egg_info --egg-base ../../../build/webcam build --build-base /home/crofi/ros2_ws/build/webcam/build install --record /home/crofi/ros2_ws/build/webcam/install.log --single-version-externally-managed install_data
[12.487s] running egg_info
[12.490s] writing ../../../build/webcam/webcam.egg-info/PKG-INFO
[12.493s] writing dependency_links to ../../../build/webcam/webcam.egg-info/dependency_links.txt
[12.494s] writing entry points to ../../../build/webcam/webcam.egg-info/entry_points.txt
[12.495s] writing requirements to ../../../build/webcam/webcam.egg-info/requires.txt
[12.496s] writing top-level names to ../../../build/webcam/webcam.egg-info/top_level.txt
[12.507s] reading manifest file '../../../build/webcam/webcam.egg-info/SOURCES.txt'
[12.509s] adding license file 'LICENSE'
[12.512s] writing manifest file '../../../build/webcam/webcam.egg-info/SOURCES.txt'
[12.513s] running build
[12.514s] running build_py
[12.515s] running install
[12.517s] running install_lib
[12.540s] running install_data
[12.541s] running install_egg_info
[12.563s] removing '/home/crofi/ros2_ws/install/webcam/lib/python3.10/site-packages/webcam-0.0.0-py3.10.egg-info' (and everything under it)
[12.566s] Copying ../../../build/webcam/webcam.egg-info to /home/crofi/ros2_ws/install/webcam/lib/python3.10/site-packages/webcam-0.0.0-py3.10.egg-info
[12.574s] running install_scripts
[12.751s] Installing webcam script to /home/crofi/ros2_ws/install/webcam/lib/webcam
[12.764s] writing list of installed files to '/home/crofi/ros2_ws/build/webcam/install.log'
[13.150s] Invoked command in '/home/crofi/ros2_ws/src/hardware/webcam' returned '0': PYTHONPATH=/home/crofi/ros2_ws/build/webcam/prefix_override:/usr/lib/python3/dist-packages/colcon_core/task/python/colcon_distutils_commands:/home/crofi/ros2_ws/install/webcam/lib/python3.10/site-packages:${PYTHONPATH} /usr/bin/python3 -W ignore:setup.py install is deprecated -W ignore:easy_install command is deprecated setup.py egg_info --egg-base ../../../build/webcam build --build-base /home/crofi/ros2_ws/build/webcam/build install --record /home/crofi/ros2_ws/build/webcam/install.log --single-version-externally-managed install_data
