[9.109s] Invoking command in '/home/crofi/ros2_ws/src/vision/senal_detector': PYTHONPATH=/home/crofi/ros2_ws/build/senal_detector/prefix_override:/usr/lib/python3/dist-packages/colcon_core/task/python/colcon_distutils_commands:/home/crofi/ros2_ws/install/senal_detector/lib/python3.10/site-packages:${PYTHONPATH} /usr/bin/python3 -W ignore:setup.py install is deprecated -W ignore:easy_install command is deprecated setup.py egg_info --egg-base ../../../build/senal_detector build --build-base /home/crofi/ros2_ws/build/senal_detector/build install --record /home/crofi/ros2_ws/build/senal_detector/install.log --single-version-externally-managed install_data
[11.960s] running egg_info
[11.964s] writing ../../../build/senal_detector/senal_detector.egg-info/PKG-INFO
[11.966s] writing dependency_links to ../../../build/senal_detector/senal_detector.egg-info/dependency_links.txt
[11.967s] writing entry points to ../../../build/senal_detector/senal_detector.egg-info/entry_points.txt
[11.969s] writing requirements to ../../../build/senal_detector/senal_detector.egg-info/requires.txt
[11.981s] writing top-level names to ../../../build/senal_detector/senal_detector.egg-info/top_level.txt
[11.996s] reading manifest file '../../../build/senal_detector/senal_detector.egg-info/SOURCES.txt'
[12.001s] writing manifest file '../../../build/senal_detector/senal_detector.egg-info/SOURCES.txt'
[12.002s] running build
[12.003s] running build_py
[12.004s] copying senal_detector/senal_detector.py -> /home/crofi/ros2_ws/build/senal_detector/build/lib/senal_detector
[12.006s] running install
[12.008s] running install_lib
[12.020s] copying /home/crofi/ros2_ws/build/senal_detector/build/lib/senal_detector/senal_detector.py -> /home/crofi/ros2_ws/install/senal_detector/lib/python3.10/site-packages/senal_detector
[12.036s] byte-compiling /home/crofi/ros2_ws/install/senal_detector/lib/python3.10/site-packages/senal_detector/senal_detector.py to senal_detector.cpython-310.pyc
[12.042s] running install_data
[12.043s] running install_egg_info
[12.053s] removing '/home/crofi/ros2_ws/install/senal_detector/lib/python3.10/site-packages/senal_detector-0.0.0-py3.10.egg-info' (and everything under it)
[12.057s] Copying ../../../build/senal_detector/senal_detector.egg-info to /home/crofi/ros2_ws/install/senal_detector/lib/python3.10/site-packages/senal_detector-0.0.0-py3.10.egg-info
[12.066s] running install_scripts
[12.308s] Installing senal_detector script to /home/crofi/ros2_ws/install/senal_detector/lib/senal_detector
[12.311s] writing list of installed files to '/home/crofi/ros2_ws/build/senal_detector/install.log'
[12.584s] Invoked command in '/home/crofi/ros2_ws/src/vision/senal_detector' returned '0': PYTHONPATH=/home/crofi/ros2_ws/build/senal_detector/prefix_override:/usr/lib/python3/dist-packages/colcon_core/task/python/colcon_distutils_commands:/home/crofi/ros2_ws/install/senal_detector/lib/python3.10/site-packages:${PYTHONPATH} /usr/bin/python3 -W ignore:setup.py install is deprecated -W ignore:easy_install command is deprecated setup.py egg_info --egg-base ../../../build/senal_detector build --build-base /home/crofi/ros2_ws/build/senal_detector/build install --record /home/crofi/ros2_ws/build/senal_detector/install.log --single-version-externally-managed install_data
