[9.450s] Invoking command in '/home/crofi/ros2_ws/src/vision/senal_detector': PYTHONPATH=/home/crofi/ros2_ws/build/senal_detector/prefix_override:/usr/lib/python3/dist-packages/colcon_core/task/python/colcon_distutils_commands:/home/crofi/ros2_ws/install/senal_detector/lib/python3.10/site-packages:${PYTHONPATH} /usr/bin/python3 -W ignore:setup.py install is deprecated -W ignore:easy_install command is deprecated setup.py egg_info --egg-base ../../../build/senal_detector build --build-base /home/crofi/ros2_ws/build/senal_detector/build install --record /home/crofi/ros2_ws/build/senal_detector/install.log --single-version-externally-managed install_data
[11.866s] running egg_info
[11.870s] writing ../../../build/senal_detector/senal_detector.egg-info/PKG-INFO
[11.871s] writing dependency_links to ../../../build/senal_detector/senal_detector.egg-info/dependency_links.txt
[11.873s] writing entry points to ../../../build/senal_detector/senal_detector.egg-info/entry_points.txt
[11.874s] writing requirements to ../../../build/senal_detector/senal_detector.egg-info/requires.txt
[11.880s] writing top-level names to ../../../build/senal_detector/senal_detector.egg-info/top_level.txt
[11.888s] reading manifest file '../../../build/senal_detector/senal_detector.egg-info/SOURCES.txt'
[11.896s] writing manifest file '../../../build/senal_detector/senal_detector.egg-info/SOURCES.txt'
[11.898s] running build
[11.899s] running build_py
[11.900s] running install
[11.901s] running install_lib
[11.916s] running install_data
[11.917s] running install_egg_info
[11.928s] removing '/home/crofi/ros2_ws/install/senal_detector/lib/python3.10/site-packages/senal_detector-0.0.0-py3.10.egg-info' (and everything under it)
[11.931s] Copying ../../../build/senal_detector/senal_detector.egg-info to /home/crofi/ros2_ws/install/senal_detector/lib/python3.10/site-packages/senal_detector-0.0.0-py3.10.egg-info
[11.941s] running install_scripts
[12.064s] Installing senal_detector script to /home/crofi/ros2_ws/install/senal_detector/lib/senal_detector
[12.071s] writing list of installed files to '/home/crofi/ros2_ws/build/senal_detector/install.log'
[12.319s] Invoked command in '/home/crofi/ros2_ws/src/vision/senal_detector' returned '0': PYTHONPATH=/home/crofi/ros2_ws/build/senal_detector/prefix_override:/usr/lib/python3/dist-packages/colcon_core/task/python/colcon_distutils_commands:/home/crofi/ros2_ws/install/senal_detector/lib/python3.10/site-packages:${PYTHONPATH} /usr/bin/python3 -W ignore:setup.py install is deprecated -W ignore:easy_install command is deprecated setup.py egg_info --egg-base ../../../build/senal_detector build --build-base /home/crofi/ros2_ws/build/senal_detector/build install --record /home/crofi/ros2_ws/build/senal_detector/install.log --single-version-externally-managed install_data
