[10.484s] Invoking command in '/home/crofi/ros2_ws/src/vision/lane_detector': PYTHONPATH=/home/crofi/ros2_ws/build/lane_detector/prefix_override:/usr/lib/python3/dist-packages/colcon_core/task/python/colcon_distutils_commands:/home/crofi/ros2_ws/install/lane_detector/lib/python3.10/site-packages:${PYTHONPATH} /usr/bin/python3 -W ignore:setup.py install is deprecated -W ignore:easy_install command is deprecated setup.py egg_info --egg-base ../../../build/lane_detector build --build-base /home/crofi/ros2_ws/build/lane_detector/build install --record /home/crofi/ros2_ws/build/lane_detector/install.log --single-version-externally-managed install_data
[13.768s] running egg_info
[13.773s] writing ../../../build/lane_detector/lane_detector.egg-info/PKG-INFO
[13.774s] writing dependency_links to ../../../build/lane_detector/lane_detector.egg-info/dependency_links.txt
[13.776s] writing entry points to ../../../build/lane_detector/lane_detector.egg-info/entry_points.txt
[13.777s] writing requirements to ../../../build/lane_detector/lane_detector.egg-info/requires.txt
[13.778s] writing top-level names to ../../../build/lane_detector/lane_detector.egg-info/top_level.txt
[13.803s] reading manifest file '../../../build/lane_detector/lane_detector.egg-info/SOURCES.txt'
[13.812s] writing manifest file '../../../build/lane_detector/lane_detector.egg-info/SOURCES.txt'
[13.828s] running build
[13.831s] running build_py
[13.832s] copying lane_detector/lane_detector.py -> /home/crofi/ros2_ws/build/lane_detector/build/lib/lane_detector
[13.833s] running install
[13.834s] running install_lib
[13.863s] copying /home/crofi/ros2_ws/build/lane_detector/build/lib/lane_detector/lane_detector.py -> /home/crofi/ros2_ws/install/lane_detector/lib/python3.10/site-packages/lane_detector
[13.864s] byte-compiling /home/crofi/ros2_ws/install/lane_detector/lib/python3.10/site-packages/lane_detector/lane_detector.py to lane_detector.cpython-310.pyc
[13.865s] running install_data
[13.865s] running install_egg_info
[13.867s] removing '/home/crofi/ros2_ws/install/lane_detector/lib/python3.10/site-packages/lane_detector-0.0.0-py3.10.egg-info' (and everything under it)
[13.868s] Copying ../../../build/lane_detector/lane_detector.egg-info to /home/crofi/ros2_ws/install/lane_detector/lib/python3.10/site-packages/lane_detector-0.0.0-py3.10.egg-info
[13.875s] running install_scripts
[14.053s] Installing lane_detector script to /home/crofi/ros2_ws/install/lane_detector/lib/lane_detector
[14.059s] writing list of installed files to '/home/crofi/ros2_ws/build/lane_detector/install.log'
[15.924s] Invoked command in '/home/crofi/ros2_ws/src/vision/lane_detector' returned '0': PYTHONPATH=/home/crofi/ros2_ws/build/lane_detector/prefix_override:/usr/lib/python3/dist-packages/colcon_core/task/python/colcon_distutils_commands:/home/crofi/ros2_ws/install/lane_detector/lib/python3.10/site-packages:${PYTHONPATH} /usr/bin/python3 -W ignore:setup.py install is deprecated -W ignore:easy_install command is deprecated setup.py egg_info --egg-base ../../../build/lane_detector build --build-base /home/crofi/ros2_ws/build/lane_detector/build install --record /home/crofi/ros2_ws/build/lane_detector/install.log --single-version-externally-managed install_data
