running develop
running egg_info
creating steering_error.egg-info
writing steering_error.egg-info/PKG-INFO
writing dependency_links to steering_error.egg-info/dependency_links.txt
writing entry points to steering_error.egg-info/entry_points.txt
writing requirements to steering_error.egg-info/requires.txt
writing top-level names to steering_error.egg-info/top_level.txt
writing manifest file 'steering_error.egg-info/SOURCES.txt'
reading manifest file 'steering_error.egg-info/SOURCES.txt'
writing manifest file 'steering_error.egg-info/SOURCES.txt'
running build_ext
Creating /home/crofi/AutoModelCrofi/ros2_ws/install/steering_error/lib/python3.10/site-packages/steering-error.egg-link (link to .)
Installing steering_error script to /home/crofi/AutoModelCrofi/ros2_ws/install/steering_error/lib/steering_error

Installed /home/crofi/AutoModelCrofi/ros2_ws/build/steering_error
running symlink_data
creating /home/crofi/AutoModelCrofi/ros2_ws/install/steering_error/share/ament_index
creating /home/crofi/AutoModelCrofi/ros2_ws/install/steering_error/share/ament_index/resource_index
creating /home/crofi/AutoModelCrofi/ros2_ws/install/steering_error/share/ament_index/resource_index/packages
symbolically linking /home/crofi/AutoModelCrofi/ros2_ws/build/steering_error/resource/steering_error -> /home/crofi/AutoModelCrofi/ros2_ws/install/steering_error/share/ament_index/resource_index/packages
symbolically linking /home/crofi/AutoModelCrofi/ros2_ws/build/steering_error/package.xml -> /home/crofi/AutoModelCrofi/ros2_ws/install/steering_error/share/steering_error
