[1.115s] Invoking command in '/home/danielgrioja/AutoModelCrofi/build/directional_led': PYTHONPATH=/home/danielgrioja/AutoModelCrofi/build/directional_led/prefix_override:/usr/lib/python3/dist-packages/colcon_core/task/python/colcon_distutils_commands:/home/danielgrioja/AutoModelCrofi/install/directional_led/lib/python3.10/site-packages:${PYTHONPATH} /usr/bin/python3 -W ignore:setup.py install is deprecated -W ignore:easy_install command is deprecated setup.py develop --editable --build-directory /home/danielgrioja/AutoModelCrofi/build/directional_led/build --no-deps symlink_data
[1.383s] running develop
[1.534s] running egg_info
[1.534s] creating directional_led.egg-info
[1.535s] writing directional_led.egg-info/PKG-INFO
[1.535s] writing dependency_links to directional_led.egg-info/dependency_links.txt
[1.535s] writing entry points to directional_led.egg-info/entry_points.txt
[1.537s] writing requirements to directional_led.egg-info/requires.txt
[1.537s] writing top-level names to directional_led.egg-info/top_level.txt
[1.537s] writing manifest file 'directional_led.egg-info/SOURCES.txt'
[1.540s] reading manifest file 'directional_led.egg-info/SOURCES.txt'
[1.540s] writing manifest file 'directional_led.egg-info/SOURCES.txt'
[1.541s] running build_ext
[1.542s] Creating /home/danielgrioja/AutoModelCrofi/install/directional_led/lib/python3.10/site-packages/directional-led.egg-link (link to .)
[1.542s] 
[1.542s] Installed /home/danielgrioja/AutoModelCrofi/build/directional_led
[1.542s] running symlink_data
[1.542s] creating /home/danielgrioja/AutoModelCrofi/install/directional_led/share/ament_index
[1.543s] creating /home/danielgrioja/AutoModelCrofi/install/directional_led/share/ament_index/resource_index
[1.543s] creating /home/danielgrioja/AutoModelCrofi/install/directional_led/share/ament_index/resource_index/packages
[1.543s] symbolically linking /home/danielgrioja/AutoModelCrofi/build/directional_led/resource/directional_led -> /home/danielgrioja/AutoModelCrofi/install/directional_led/share/ament_index/resource_index/packages
[1.545s] symbolically linking /home/danielgrioja/AutoModelCrofi/build/directional_led/package.xml -> /home/danielgrioja/AutoModelCrofi/install/directional_led/share/directional_led
[1.623s] Invoked command in '/home/danielgrioja/AutoModelCrofi/build/directional_led' returned '0': PYTHONPATH=/home/danielgrioja/AutoModelCrofi/build/directional_led/prefix_override:/usr/lib/python3/dist-packages/colcon_core/task/python/colcon_distutils_commands:/home/danielgrioja/AutoModelCrofi/install/directional_led/lib/python3.10/site-packages:${PYTHONPATH} /usr/bin/python3 -W ignore:setup.py install is deprecated -W ignore:easy_install command is deprecated setup.py develop --editable --build-directory /home/danielgrioja/AutoModelCrofi/build/directional_led/build --no-deps symlink_data
