[29.615s] Invoking command in '/home/crofi/AutoModel_Rep/ros2_ws/src/vision/lane_detector': PYTHONPATH=/home/crofi/AutoModel_Rep/build/lane_detector/prefix_override:/usr/lib/python3/dist-packages/colcon_core/task/python/colcon_distutils_commands:/home/crofi/AutoModel_Rep/install/lane_detector/lib/python3.10/site-packages:${PYTHONPATH} /usr/bin/python3 -W ignore:setup.py install is deprecated -W ignore:easy_install command is deprecated setup.py egg_info --egg-base ../../../../build/lane_detector build --build-base /home/crofi/AutoModel_Rep/build/lane_detector/build install --record /home/crofi/AutoModel_Rep/build/lane_detector/install.log --single-version-externally-managed install_data
[36.942s] running egg_info
[36.963s] writing ../../../../build/lane_detector/lane_detector.egg-info/PKG-INFO
[36.965s] writing dependency_links to ../../../../build/lane_detector/lane_detector.egg-info/dependency_links.txt
[36.973s] writing entry points to ../../../../build/lane_detector/lane_detector.egg-info/entry_points.txt
[36.974s] writing requirements to ../../../../build/lane_detector/lane_detector.egg-info/requires.txt
[36.975s] writing top-level names to ../../../../build/lane_detector/lane_detector.egg-info/top_level.txt
[37.032s] reading manifest file '../../../../build/lane_detector/lane_detector.egg-info/SOURCES.txt'
[37.078s] writing manifest file '../../../../build/lane_detector/lane_detector.egg-info/SOURCES.txt'
[37.080s] running build
[37.091s] running build_py
[37.110s] running install
[37.142s] running install_lib
[37.265s] running install_data
[37.325s] running install_egg_info
[37.373s] removing '/home/crofi/AutoModel_Rep/install/lane_detector/lib/python3.10/site-packages/lane_detector-0.0.0-py3.10.egg-info' (and everything under it)
[37.382s] Copying ../../../../build/lane_detector/lane_detector.egg-info to /home/crofi/AutoModel_Rep/install/lane_detector/lib/python3.10/site-packages/lane_detector-0.0.0-py3.10.egg-info
[37.478s] running install_scripts
[38.718s] Installing lane_detector script to /home/crofi/AutoModel_Rep/install/lane_detector/lib/lane_detector
[38.719s] writing list of installed files to '/home/crofi/AutoModel_Rep/build/lane_detector/install.log'
[43.483s] Invoked command in '/home/crofi/AutoModel_Rep/ros2_ws/src/vision/lane_detector' returned '0': PYTHONPATH=/home/crofi/AutoModel_Rep/build/lane_detector/prefix_override:/usr/lib/python3/dist-packages/colcon_core/task/python/colcon_distutils_commands:/home/crofi/AutoModel_Rep/install/lane_detector/lib/python3.10/site-packages:${PYTHONPATH} /usr/bin/python3 -W ignore:setup.py install is deprecated -W ignore:easy_install command is deprecated setup.py egg_info --egg-base ../../../../build/lane_detector build --build-base /home/crofi/AutoModel_Rep/build/lane_detector/build install --record /home/crofi/AutoModel_Rep/build/lane_detector/install.log --single-version-externally-managed install_data
