running egg_info
creating ../../build/lane_angle/lane_angle.egg-info
writing ../../build/lane_angle/lane_angle.egg-info/PKG-INFO
writing dependency_links to ../../build/lane_angle/lane_angle.egg-info/dependency_links.txt
writing entry points to ../../build/lane_angle/lane_angle.egg-info/entry_points.txt
writing requirements to ../../build/lane_angle/lane_angle.egg-info/requires.txt
writing top-level names to ../../build/lane_angle/lane_angle.egg-info/top_level.txt
writing manifest file '../../build/lane_angle/lane_angle.egg-info/SOURCES.txt'
reading manifest file '../../build/lane_angle/lane_angle.egg-info/SOURCES.txt'
writing manifest file '../../build/lane_angle/lane_angle.egg-info/SOURCES.txt'
running build
running build_py
creating /home/crofi/ros2_ws/src/build/lane_angle/build
creating /home/crofi/ros2_ws/src/build/lane_angle/build/lib
creating /home/crofi/ros2_ws/src/build/lane_angle/build/lib/lane_angle
copying lane_angle/lane_angle.py -> /home/crofi/ros2_ws/src/build/lane_angle/build/lib/lane_angle
copying lane_angle/__init__.py -> /home/crofi/ros2_ws/src/build/lane_angle/build/lib/lane_angle
running install
running install_lib
creating /home/crofi/ros2_ws/src/install/lane_angle/lib/python3.10/site-packages/lane_angle
copying /home/crofi/ros2_ws/src/build/lane_angle/build/lib/lane_angle/lane_angle.py -> /home/crofi/ros2_ws/src/install/lane_angle/lib/python3.10/site-packages/lane_angle
copying /home/crofi/ros2_ws/src/build/lane_angle/build/lib/lane_angle/__init__.py -> /home/crofi/ros2_ws/src/install/lane_angle/lib/python3.10/site-packages/lane_angle
byte-compiling /home/crofi/ros2_ws/src/install/lane_angle/lib/python3.10/site-packages/lane_angle/lane_angle.py to lane_angle.cpython-310.pyc
byte-compiling /home/crofi/ros2_ws/src/install/lane_angle/lib/python3.10/site-packages/lane_angle/__init__.py to __init__.cpython-310.pyc
running install_data
creating /home/crofi/ros2_ws/src/install/lane_angle/share/ament_index
creating /home/crofi/ros2_ws/src/install/lane_angle/share/ament_index/resource_index
creating /home/crofi/ros2_ws/src/install/lane_angle/share/ament_index/resource_index/packages
copying resource/lane_angle -> /home/crofi/ros2_ws/src/install/lane_angle/share/ament_index/resource_index/packages
copying package.xml -> /home/crofi/ros2_ws/src/install/lane_angle/share/lane_angle
running install_egg_info
Copying ../../build/lane_angle/lane_angle.egg-info to /home/crofi/ros2_ws/src/install/lane_angle/lib/python3.10/site-packages/lane_angle-0.0.0-py3.10.egg-info
running install_scripts
Installing lane_angle script to /home/crofi/ros2_ws/src/install/lane_angle/lib/lane_angle
writing list of installed files to '/home/crofi/ros2_ws/src/build/lane_angle/install.log'
