[10.384s] Invoking command in '/home/crofi/ros2_ws/src/vision/lane_angle': PYTHONPATH=/home/crofi/ros2_ws/src/build/lane_angle/prefix_override:/usr/lib/python3/dist-packages/colcon_core/task/python/colcon_distutils_commands:/home/crofi/ros2_ws/src/install/lane_angle/lib/python3.10/site-packages:${PYTHONPATH} /usr/bin/python3 -W ignore:setup.py install is deprecated -W ignore:easy_install command is deprecated setup.py egg_info --egg-base ../../build/lane_angle build --build-base /home/crofi/ros2_ws/src/build/lane_angle/build install --record /home/crofi/ros2_ws/src/build/lane_angle/install.log --single-version-externally-managed install_data
[12.348s] running egg_info
[12.364s] creating ../../build/lane_angle/lane_angle.egg-info
[12.364s] writing ../../build/lane_angle/lane_angle.egg-info/PKG-INFO
[12.365s] writing dependency_links to ../../build/lane_angle/lane_angle.egg-info/dependency_links.txt
[12.366s] writing entry points to ../../build/lane_angle/lane_angle.egg-info/entry_points.txt
[12.366s] writing requirements to ../../build/lane_angle/lane_angle.egg-info/requires.txt
[12.367s] writing top-level names to ../../build/lane_angle/lane_angle.egg-info/top_level.txt
[12.368s] writing manifest file '../../build/lane_angle/lane_angle.egg-info/SOURCES.txt'
[12.369s] reading manifest file '../../build/lane_angle/lane_angle.egg-info/SOURCES.txt'
[12.372s] writing manifest file '../../build/lane_angle/lane_angle.egg-info/SOURCES.txt'
[12.373s] running build
[12.375s] running build_py
[12.376s] creating /home/crofi/ros2_ws/src/build/lane_angle/build
[12.377s] creating /home/crofi/ros2_ws/src/build/lane_angle/build/lib
[12.384s] creating /home/crofi/ros2_ws/src/build/lane_angle/build/lib/lane_angle
[12.385s] copying lane_angle/lane_angle.py -> /home/crofi/ros2_ws/src/build/lane_angle/build/lib/lane_angle
[12.392s] copying lane_angle/__init__.py -> /home/crofi/ros2_ws/src/build/lane_angle/build/lib/lane_angle
[12.394s] running install
[12.394s] running install_lib
[12.396s] creating /home/crofi/ros2_ws/src/install/lane_angle/lib/python3.10/site-packages/lane_angle
[12.400s] copying /home/crofi/ros2_ws/src/build/lane_angle/build/lib/lane_angle/lane_angle.py -> /home/crofi/ros2_ws/src/install/lane_angle/lib/python3.10/site-packages/lane_angle
[12.409s] copying /home/crofi/ros2_ws/src/build/lane_angle/build/lib/lane_angle/__init__.py -> /home/crofi/ros2_ws/src/install/lane_angle/lib/python3.10/site-packages/lane_angle
[12.410s] byte-compiling /home/crofi/ros2_ws/src/install/lane_angle/lib/python3.10/site-packages/lane_angle/lane_angle.py to lane_angle.cpython-310.pyc
[12.411s] byte-compiling /home/crofi/ros2_ws/src/install/lane_angle/lib/python3.10/site-packages/lane_angle/__init__.py to __init__.cpython-310.pyc
[12.412s] running install_data
[12.413s] creating /home/crofi/ros2_ws/src/install/lane_angle/share/ament_index
[12.414s] creating /home/crofi/ros2_ws/src/install/lane_angle/share/ament_index/resource_index
[12.415s] creating /home/crofi/ros2_ws/src/install/lane_angle/share/ament_index/resource_index/packages
[12.416s] copying resource/lane_angle -> /home/crofi/ros2_ws/src/install/lane_angle/share/ament_index/resource_index/packages
[12.416s] copying package.xml -> /home/crofi/ros2_ws/src/install/lane_angle/share/lane_angle
[12.417s] running install_egg_info
[12.424s] Copying ../../build/lane_angle/lane_angle.egg-info to /home/crofi/ros2_ws/src/install/lane_angle/lib/python3.10/site-packages/lane_angle-0.0.0-py3.10.egg-info
[12.435s] running install_scripts
[12.568s] Installing lane_angle script to /home/crofi/ros2_ws/src/install/lane_angle/lib/lane_angle
[12.581s] writing list of installed files to '/home/crofi/ros2_ws/src/build/lane_angle/install.log'
[12.830s] Invoked command in '/home/crofi/ros2_ws/src/vision/lane_angle' returned '0': PYTHONPATH=/home/crofi/ros2_ws/src/build/lane_angle/prefix_override:/usr/lib/python3/dist-packages/colcon_core/task/python/colcon_distutils_commands:/home/crofi/ros2_ws/src/install/lane_angle/lib/python3.10/site-packages:${PYTHONPATH} /usr/bin/python3 -W ignore:setup.py install is deprecated -W ignore:easy_install command is deprecated setup.py egg_info --egg-base ../../build/lane_angle build --build-base /home/crofi/ros2_ws/src/build/lane_angle/build install --record /home/crofi/ros2_ws/src/build/lane_angle/install.log --single-version-externally-managed install_data
