[1.356s] DEBUG:colcon:Command line arguments: ['/usr/bin/colcon', 'build']
[1.358s] DEBUG:colcon:Parsed command line arguments: Namespace(log_base=None, log_level=None, verb_name='build', build_base='build', install_base='install', merge_install=False, symlink_install=False, test_result_base=None, continue_on_error=False, executor='parallel', parallel_workers=4, event_handlers=None, ignore_user_meta=False, metas=['./colcon.meta'], base_paths=['.'], packages_ignore=None, packages_ignore_regex=None, paths=None, packages_up_to=None, packages_up_to_regex=None, packages_above=None, packages_above_and_dependencies=None, packages_above_depth=None, packages_select_by_dep=None, packages_skip_by_dep=None, packages_skip_up_to=None, packages_select_build_failed=False, packages_skip_build_finished=False, packages_select_test_failures=False, packages_skip_test_passed=False, packages_select=None, packages_skip=None, packages_select_regex=None, packages_skip_regex=None, packages_start=None, packages_end=None, allow_overriding=[], cmake_args=None, cmake_target=None, cmake_target_skip_unavailable=False, cmake_clean_cache=False, cmake_clean_first=False, cmake_force_configure=False, ament_cmake_args=None, catkin_cmake_args=None, catkin_skip_building_tests=False, mixin_files=None, mixin=None, verb_parser=<colcon_mixin.mixin.mixin_argument.MixinArgumentDecorator object at 0xffff98327f10>, verb_extension=<colcon_core.verb.build.BuildVerb object at 0xffff98508e50>, main=<bound method BuildVerb.main of <colcon_core.verb.build.BuildVerb object at 0xffff98508e50>>, mixin_verb=('build',))
[3.788s] Level 1:colcon.colcon_core.package_discovery:discover_packages(colcon_meta) check parameters
[3.788s] Level 1:colcon.colcon_core.package_discovery:discover_packages(recursive) check parameters
[3.789s] Level 1:colcon.colcon_core.package_discovery:discover_packages(ignore) check parameters
[3.789s] Level 1:colcon.colcon_core.package_discovery:discover_packages(path) check parameters
[3.789s] Level 1:colcon.colcon_core.package_discovery:discover_packages(colcon_meta) discover
[3.789s] Level 1:colcon.colcon_core.package_discovery:discover_packages(recursive) discover
[3.790s] INFO:colcon.colcon_core.package_discovery:Crawling recursively for packages in '/home/crofi/AutoModel_Rep'
[3.791s] Level 1:colcon.colcon_core.package_identification:_identify(.) by extensions ['ignore', 'ignore_ament_install']
[3.792s] Level 1:colcon.colcon_core.package_identification:_identify(.) by extension 'ignore'
[3.793s] Level 1:colcon.colcon_core.package_identification:_identify(.) by extension 'ignore_ament_install'
[3.793s] Level 1:colcon.colcon_core.package_identification:_identify(.) by extensions ['colcon_pkg']
[3.794s] Level 1:colcon.colcon_core.package_identification:_identify(.) by extension 'colcon_pkg'
[3.794s] Level 1:colcon.colcon_core.package_identification:_identify(.) by extensions ['colcon_meta']
[3.795s] Level 1:colcon.colcon_core.package_identification:_identify(.) by extension 'colcon_meta'
[3.795s] Level 1:colcon.colcon_core.package_identification:_identify(.) by extensions ['ros']
[3.796s] Level 1:colcon.colcon_core.package_identification:_identify(.) by extension 'ros'
[3.880s] Level 1:colcon.colcon_core.package_identification:_identify(.) by extensions ['cmake', 'python']
[3.880s] Level 1:colcon.colcon_core.package_identification:_identify(.) by extension 'cmake'
[3.881s] Level 1:colcon.colcon_core.package_identification:_identify(.) by extension 'python'
[3.881s] Level 1:colcon.colcon_core.package_identification:_identify(.) by extensions ['python_setup_py']
[3.881s] Level 1:colcon.colcon_core.package_identification:_identify(.) by extension 'python_setup_py'
[3.882s] Level 1:colcon.colcon_core.package_identification:_identify(build) by extensions ['ignore', 'ignore_ament_install']
[3.883s] Level 1:colcon.colcon_core.package_identification:_identify(build) by extension 'ignore'
[3.883s] Level 1:colcon.colcon_core.package_identification:_identify(build) ignored
[3.884s] Level 1:colcon.colcon_core.package_identification:_identify(install) by extensions ['ignore', 'ignore_ament_install']
[3.885s] Level 1:colcon.colcon_core.package_identification:_identify(install) by extension 'ignore'
[3.885s] Level 1:colcon.colcon_core.package_identification:_identify(install) ignored
[3.886s] Level 1:colcon.colcon_core.package_identification:_identify(log) by extensions ['ignore', 'ignore_ament_install']
[3.886s] Level 1:colcon.colcon_core.package_identification:_identify(log) by extension 'ignore'
[3.887s] Level 1:colcon.colcon_core.package_identification:_identify(log) ignored
[3.887s] Level 1:colcon.colcon_core.package_identification:_identify(ros2_ws) by extensions ['ignore', 'ignore_ament_install']
[3.888s] Level 1:colcon.colcon_core.package_identification:_identify(ros2_ws) by extension 'ignore'
[3.888s] Level 1:colcon.colcon_core.package_identification:_identify(ros2_ws) by extension 'ignore_ament_install'
[3.888s] Level 1:colcon.colcon_core.package_identification:_identify(ros2_ws) by extensions ['colcon_pkg']
[3.888s] Level 1:colcon.colcon_core.package_identification:_identify(ros2_ws) by extension 'colcon_pkg'
[3.889s] Level 1:colcon.colcon_core.package_identification:_identify(ros2_ws) by extensions ['colcon_meta']
[3.889s] Level 1:colcon.colcon_core.package_identification:_identify(ros2_ws) by extension 'colcon_meta'
[3.889s] Level 1:colcon.colcon_core.package_identification:_identify(ros2_ws) by extensions ['ros']
[3.889s] Level 1:colcon.colcon_core.package_identification:_identify(ros2_ws) by extension 'ros'
[3.890s] Level 1:colcon.colcon_core.package_identification:_identify(ros2_ws) by extensions ['cmake', 'python']
[3.890s] Level 1:colcon.colcon_core.package_identification:_identify(ros2_ws) by extension 'cmake'
[3.891s] Level 1:colcon.colcon_core.package_identification:_identify(ros2_ws) by extension 'python'
[3.891s] Level 1:colcon.colcon_core.package_identification:_identify(ros2_ws) by extensions ['python_setup_py']
[3.891s] Level 1:colcon.colcon_core.package_identification:_identify(ros2_ws) by extension 'python_setup_py'
[3.892s] Level 1:colcon.colcon_core.package_identification:_identify(ros2_ws/build) by extensions ['ignore', 'ignore_ament_install']
[3.892s] Level 1:colcon.colcon_core.package_identification:_identify(ros2_ws/build) by extension 'ignore'
[3.893s] Level 1:colcon.colcon_core.package_identification:_identify(ros2_ws/build) ignored
[3.894s] Level 1:colcon.colcon_core.package_identification:_identify(ros2_ws/install) by extensions ['ignore', 'ignore_ament_install']
[3.894s] Level 1:colcon.colcon_core.package_identification:_identify(ros2_ws/install) by extension 'ignore'
[3.895s] Level 1:colcon.colcon_core.package_identification:_identify(ros2_ws/install) ignored
[3.901s] Level 1:colcon.colcon_core.package_identification:_identify(ros2_ws/log) by extensions ['ignore', 'ignore_ament_install']
[3.903s] Level 1:colcon.colcon_core.package_identification:_identify(ros2_ws/log) by extension 'ignore'
[3.904s] Level 1:colcon.colcon_core.package_identification:_identify(ros2_ws/log) ignored
[3.905s] Level 1:colcon.colcon_core.package_identification:_identify(ros2_ws/src) by extensions ['ignore', 'ignore_ament_install']
[3.906s] Level 1:colcon.colcon_core.package_identification:_identify(ros2_ws/src) by extension 'ignore'
[3.907s] Level 1:colcon.colcon_core.package_identification:_identify(ros2_ws/src) by extension 'ignore_ament_install'
[3.908s] Level 1:colcon.colcon_core.package_identification:_identify(ros2_ws/src) by extensions ['colcon_pkg']
[3.908s] Level 1:colcon.colcon_core.package_identification:_identify(ros2_ws/src) by extension 'colcon_pkg'
[3.909s] Level 1:colcon.colcon_core.package_identification:_identify(ros2_ws/src) by extensions ['colcon_meta']
[3.909s] Level 1:colcon.colcon_core.package_identification:_identify(ros2_ws/src) by extension 'colcon_meta'
[3.910s] Level 1:colcon.colcon_core.package_identification:_identify(ros2_ws/src) by extensions ['ros']
[3.910s] Level 1:colcon.colcon_core.package_identification:_identify(ros2_ws/src) by extension 'ros'
[3.912s] Level 1:colcon.colcon_core.package_identification:_identify(ros2_ws/src) by extensions ['cmake', 'python']
[3.914s] Level 1:colcon.colcon_core.package_identification:_identify(ros2_ws/src) by extension 'cmake'
[3.915s] Level 1:colcon.colcon_core.package_identification:_identify(ros2_ws/src) by extension 'python'
[3.916s] Level 1:colcon.colcon_core.package_identification:_identify(ros2_ws/src) by extensions ['python_setup_py']
[3.917s] Level 1:colcon.colcon_core.package_identification:_identify(ros2_ws/src) by extension 'python_setup_py'
[3.919s] Level 1:colcon.colcon_core.package_identification:_identify(ros2_ws/src/build) by extensions ['ignore', 'ignore_ament_install']
[3.920s] Level 1:colcon.colcon_core.package_identification:_identify(ros2_ws/src/build) by extension 'ignore'
[3.920s] Level 1:colcon.colcon_core.package_identification:_identify(ros2_ws/src/build) ignored
[3.921s] Level 1:colcon.colcon_core.package_identification:_identify(ros2_ws/src/hardware) by extensions ['ignore', 'ignore_ament_install']
[3.922s] Level 1:colcon.colcon_core.package_identification:_identify(ros2_ws/src/hardware) by extension 'ignore'
[3.922s] Level 1:colcon.colcon_core.package_identification:_identify(ros2_ws/src/hardware) by extension 'ignore_ament_install'
[3.923s] Level 1:colcon.colcon_core.package_identification:_identify(ros2_ws/src/hardware) by extensions ['colcon_pkg']
[3.923s] Level 1:colcon.colcon_core.package_identification:_identify(ros2_ws/src/hardware) by extension 'colcon_pkg'
[3.923s] Level 1:colcon.colcon_core.package_identification:_identify(ros2_ws/src/hardware) by extensions ['colcon_meta']
[3.923s] Level 1:colcon.colcon_core.package_identification:_identify(ros2_ws/src/hardware) by extension 'colcon_meta'
[3.924s] Level 1:colcon.colcon_core.package_identification:_identify(ros2_ws/src/hardware) by extensions ['ros']
[3.924s] Level 1:colcon.colcon_core.package_identification:_identify(ros2_ws/src/hardware) by extension 'ros'
[3.924s] Level 1:colcon.colcon_core.package_identification:_identify(ros2_ws/src/hardware) by extensions ['cmake', 'python']
[3.925s] Level 1:colcon.colcon_core.package_identification:_identify(ros2_ws/src/hardware) by extension 'cmake'
[3.925s] Level 1:colcon.colcon_core.package_identification:_identify(ros2_ws/src/hardware) by extension 'python'
[3.925s] Level 1:colcon.colcon_core.package_identification:_identify(ros2_ws/src/hardware) by extensions ['python_setup_py']
[3.925s] Level 1:colcon.colcon_core.package_identification:_identify(ros2_ws/src/hardware) by extension 'python_setup_py'
[3.926s] Level 1:colcon.colcon_core.package_identification:_identify(ros2_ws/src/hardware/servo) by extensions ['ignore', 'ignore_ament_install']
[3.927s] Level 1:colcon.colcon_core.package_identification:_identify(ros2_ws/src/hardware/servo) by extension 'ignore'
[3.927s] Level 1:colcon.colcon_core.package_identification:_identify(ros2_ws/src/hardware/servo) by extension 'ignore_ament_install'
[3.928s] Level 1:colcon.colcon_core.package_identification:_identify(ros2_ws/src/hardware/servo) by extensions ['colcon_pkg']
[3.928s] Level 1:colcon.colcon_core.package_identification:_identify(ros2_ws/src/hardware/servo) by extension 'colcon_pkg'
[3.928s] Level 1:colcon.colcon_core.package_identification:_identify(ros2_ws/src/hardware/servo) by extensions ['colcon_meta']
[3.929s] Level 1:colcon.colcon_core.package_identification:_identify(ros2_ws/src/hardware/servo) by extension 'colcon_meta'
[3.929s] Level 1:colcon.colcon_core.package_identification:_identify(ros2_ws/src/hardware/servo) by extensions ['ros']
[3.929s] Level 1:colcon.colcon_core.package_identification:_identify(ros2_ws/src/hardware/servo) by extension 'ros'
[3.944s] DEBUG:colcon.colcon_core.package_identification:Package 'ros2_ws/src/hardware/servo' with type 'ros.ament_python' and name 'servo'
[3.946s] Level 1:colcon.colcon_core.package_identification:_identify(ros2_ws/src/hardware/webcam) by extensions ['ignore', 'ignore_ament_install']
[3.947s] Level 1:colcon.colcon_core.package_identification:_identify(ros2_ws/src/hardware/webcam) by extension 'ignore'
[3.948s] Level 1:colcon.colcon_core.package_identification:_identify(ros2_ws/src/hardware/webcam) by extension 'ignore_ament_install'
[3.949s] Level 1:colcon.colcon_core.package_identification:_identify(ros2_ws/src/hardware/webcam) by extensions ['colcon_pkg']
[3.949s] Level 1:colcon.colcon_core.package_identification:_identify(ros2_ws/src/hardware/webcam) by extension 'colcon_pkg'
[3.950s] Level 1:colcon.colcon_core.package_identification:_identify(ros2_ws/src/hardware/webcam) by extensions ['colcon_meta']
[3.950s] Level 1:colcon.colcon_core.package_identification:_identify(ros2_ws/src/hardware/webcam) by extension 'colcon_meta'
[3.951s] Level 1:colcon.colcon_core.package_identification:_identify(ros2_ws/src/hardware/webcam) by extensions ['ros']
[3.951s] Level 1:colcon.colcon_core.package_identification:_identify(ros2_ws/src/hardware/webcam) by extension 'ros'
[3.957s] DEBUG:colcon.colcon_core.package_identification:Package 'ros2_ws/src/hardware/webcam' with type 'ros.ament_python' and name 'webcam'
[3.957s] Level 1:colcon.colcon_core.package_identification:_identify(ros2_ws/src/hardware/webcam_recorted) by extensions ['ignore', 'ignore_ament_install']
[3.958s] Level 1:colcon.colcon_core.package_identification:_identify(ros2_ws/src/hardware/webcam_recorted) by extension 'ignore'
[3.959s] Level 1:colcon.colcon_core.package_identification:_identify(ros2_ws/src/hardware/webcam_recorted) by extension 'ignore_ament_install'
[3.960s] Level 1:colcon.colcon_core.package_identification:_identify(ros2_ws/src/hardware/webcam_recorted) by extensions ['colcon_pkg']
[3.960s] Level 1:colcon.colcon_core.package_identification:_identify(ros2_ws/src/hardware/webcam_recorted) by extension 'colcon_pkg'
[3.961s] Level 1:colcon.colcon_core.package_identification:_identify(ros2_ws/src/hardware/webcam_recorted) by extensions ['colcon_meta']
[3.961s] Level 1:colcon.colcon_core.package_identification:_identify(ros2_ws/src/hardware/webcam_recorted) by extension 'colcon_meta'
[3.962s] Level 1:colcon.colcon_core.package_identification:_identify(ros2_ws/src/hardware/webcam_recorted) by extensions ['ros']
[3.963s] Level 1:colcon.colcon_core.package_identification:_identify(ros2_ws/src/hardware/webcam_recorted) by extension 'ros'
[3.968s] DEBUG:colcon.colcon_core.package_identification:Package 'ros2_ws/src/hardware/webcam_recorted' with type 'ros.ament_python' and name 'webcam_recorted'
[3.970s] Level 1:colcon.colcon_core.package_identification:_identify(ros2_ws/src/install) by extensions ['ignore', 'ignore_ament_install']
[3.972s] Level 1:colcon.colcon_core.package_identification:_identify(ros2_ws/src/install) by extension 'ignore'
[3.972s] Level 1:colcon.colcon_core.package_identification:_identify(ros2_ws/src/install) ignored
[3.973s] Level 1:colcon.colcon_core.package_identification:_identify(ros2_ws/src/log) by extensions ['ignore', 'ignore_ament_install']
[3.974s] Level 1:colcon.colcon_core.package_identification:_identify(ros2_ws/src/log) by extension 'ignore'
[3.974s] Level 1:colcon.colcon_core.package_identification:_identify(ros2_ws/src/log) ignored
[3.975s] Level 1:colcon.colcon_core.package_identification:_identify(ros2_ws/src/vision) by extensions ['ignore', 'ignore_ament_install']
[3.975s] Level 1:colcon.colcon_core.package_identification:_identify(ros2_ws/src/vision) by extension 'ignore'
[3.976s] Level 1:colcon.colcon_core.package_identification:_identify(ros2_ws/src/vision) by extension 'ignore_ament_install'
[3.976s] Level 1:colcon.colcon_core.package_identification:_identify(ros2_ws/src/vision) by extensions ['colcon_pkg']
[3.976s] Level 1:colcon.colcon_core.package_identification:_identify(ros2_ws/src/vision) by extension 'colcon_pkg'
[3.977s] Level 1:colcon.colcon_core.package_identification:_identify(ros2_ws/src/vision) by extensions ['colcon_meta']
[3.977s] Level 1:colcon.colcon_core.package_identification:_identify(ros2_ws/src/vision) by extension 'colcon_meta'
[3.977s] Level 1:colcon.colcon_core.package_identification:_identify(ros2_ws/src/vision) by extensions ['ros']
[3.978s] Level 1:colcon.colcon_core.package_identification:_identify(ros2_ws/src/vision) by extension 'ros'
[3.978s] Level 1:colcon.colcon_core.package_identification:_identify(ros2_ws/src/vision) by extensions ['cmake', 'python']
[3.978s] Level 1:colcon.colcon_core.package_identification:_identify(ros2_ws/src/vision) by extension 'cmake'
[3.979s] Level 1:colcon.colcon_core.package_identification:_identify(ros2_ws/src/vision) by extension 'python'
[3.979s] Level 1:colcon.colcon_core.package_identification:_identify(ros2_ws/src/vision) by extensions ['python_setup_py']
[3.979s] Level 1:colcon.colcon_core.package_identification:_identify(ros2_ws/src/vision) by extension 'python_setup_py'
[3.980s] Level 1:colcon.colcon_core.package_identification:_identify(ros2_ws/src/vision/lane_angle) by extensions ['ignore', 'ignore_ament_install']
[3.981s] Level 1:colcon.colcon_core.package_identification:_identify(ros2_ws/src/vision/lane_angle) by extension 'ignore'
[3.981s] Level 1:colcon.colcon_core.package_identification:_identify(ros2_ws/src/vision/lane_angle) by extension 'ignore_ament_install'
[3.981s] Level 1:colcon.colcon_core.package_identification:_identify(ros2_ws/src/vision/lane_angle) by extensions ['colcon_pkg']
[3.982s] Level 1:colcon.colcon_core.package_identification:_identify(ros2_ws/src/vision/lane_angle) by extension 'colcon_pkg'
[3.982s] Level 1:colcon.colcon_core.package_identification:_identify(ros2_ws/src/vision/lane_angle) by extensions ['colcon_meta']
[3.982s] Level 1:colcon.colcon_core.package_identification:_identify(ros2_ws/src/vision/lane_angle) by extension 'colcon_meta'
[3.983s] Level 1:colcon.colcon_core.package_identification:_identify(ros2_ws/src/vision/lane_angle) by extensions ['ros']
[3.983s] Level 1:colcon.colcon_core.package_identification:_identify(ros2_ws/src/vision/lane_angle) by extension 'ros'
[3.986s] DEBUG:colcon.colcon_core.package_identification:Package 'ros2_ws/src/vision/lane_angle' with type 'ros.ament_python' and name 'lane_angle'
[3.987s] Level 1:colcon.colcon_core.package_identification:_identify(ros2_ws/src/vision/lane_detector) by extensions ['ignore', 'ignore_ament_install']
[3.988s] Level 1:colcon.colcon_core.package_identification:_identify(ros2_ws/src/vision/lane_detector) by extension 'ignore'
[3.988s] Level 1:colcon.colcon_core.package_identification:_identify(ros2_ws/src/vision/lane_detector) by extension 'ignore_ament_install'
[3.988s] Level 1:colcon.colcon_core.package_identification:_identify(ros2_ws/src/vision/lane_detector) by extensions ['colcon_pkg']
[3.989s] Level 1:colcon.colcon_core.package_identification:_identify(ros2_ws/src/vision/lane_detector) by extension 'colcon_pkg'
[3.989s] Level 1:colcon.colcon_core.package_identification:_identify(ros2_ws/src/vision/lane_detector) by extensions ['colcon_meta']
[3.989s] Level 1:colcon.colcon_core.package_identification:_identify(ros2_ws/src/vision/lane_detector) by extension 'colcon_meta'
[3.990s] Level 1:colcon.colcon_core.package_identification:_identify(ros2_ws/src/vision/lane_detector) by extensions ['ros']
[3.990s] Level 1:colcon.colcon_core.package_identification:_identify(ros2_ws/src/vision/lane_detector) by extension 'ros'
[3.993s] DEBUG:colcon.colcon_core.package_identification:Package 'ros2_ws/src/vision/lane_detector' with type 'ros.ament_python' and name 'lane_detector'
[3.994s] Level 1:colcon.colcon_core.package_identification:_identify(ros2_ws/src/vision/red_vision) by extensions ['ignore', 'ignore_ament_install']
[3.994s] Level 1:colcon.colcon_core.package_identification:_identify(ros2_ws/src/vision/red_vision) by extension 'ignore'
[3.995s] Level 1:colcon.colcon_core.package_identification:_identify(ros2_ws/src/vision/red_vision) by extension 'ignore_ament_install'
[3.995s] Level 1:colcon.colcon_core.package_identification:_identify(ros2_ws/src/vision/red_vision) by extensions ['colcon_pkg']
[3.996s] Level 1:colcon.colcon_core.package_identification:_identify(ros2_ws/src/vision/red_vision) by extension 'colcon_pkg'
[3.996s] Level 1:colcon.colcon_core.package_identification:_identify(ros2_ws/src/vision/red_vision) by extensions ['colcon_meta']
[3.996s] Level 1:colcon.colcon_core.package_identification:_identify(ros2_ws/src/vision/red_vision) by extension 'colcon_meta'
[3.997s] Level 1:colcon.colcon_core.package_identification:_identify(ros2_ws/src/vision/red_vision) by extensions ['ros']
[3.998s] Level 1:colcon.colcon_core.package_identification:_identify(ros2_ws/src/vision/red_vision) by extension 'ros'
[4.002s] DEBUG:colcon.colcon_core.package_identification:Package 'ros2_ws/src/vision/red_vision' with type 'ros.ament_python' and name 'red_vision'
[4.003s] Level 1:colcon.colcon_core.package_identification:_identify(ros2_ws/src/vision/senal_detector) by extensions ['ignore', 'ignore_ament_install']
[4.005s] Level 1:colcon.colcon_core.package_identification:_identify(ros2_ws/src/vision/senal_detector) by extension 'ignore'
[4.006s] Level 1:colcon.colcon_core.package_identification:_identify(ros2_ws/src/vision/senal_detector) by extension 'ignore_ament_install'
[4.008s] Level 1:colcon.colcon_core.package_identification:_identify(ros2_ws/src/vision/senal_detector) by extensions ['colcon_pkg']
[4.008s] Level 1:colcon.colcon_core.package_identification:_identify(ros2_ws/src/vision/senal_detector) by extension 'colcon_pkg'
[4.009s] Level 1:colcon.colcon_core.package_identification:_identify(ros2_ws/src/vision/senal_detector) by extensions ['colcon_meta']
[4.011s] Level 1:colcon.colcon_core.package_identification:_identify(ros2_ws/src/vision/senal_detector) by extension 'colcon_meta'
[4.012s] Level 1:colcon.colcon_core.package_identification:_identify(ros2_ws/src/vision/senal_detector) by extensions ['ros']
[4.013s] Level 1:colcon.colcon_core.package_identification:_identify(ros2_ws/src/vision/senal_detector) by extension 'ros'
[4.019s] DEBUG:colcon.colcon_core.package_identification:Package 'ros2_ws/src/vision/senal_detector' with type 'ros.ament_python' and name 'senal_detector'
[4.020s] Level 1:colcon.colcon_core.package_discovery:discover_packages(recursive) using defaults
[4.021s] Level 1:colcon.colcon_core.package_discovery:discover_packages(ignore) discover
[4.022s] Level 1:colcon.colcon_core.package_discovery:discover_packages(ignore) using defaults
[4.022s] Level 1:colcon.colcon_core.package_discovery:discover_packages(path) discover
[4.022s] Level 1:colcon.colcon_core.package_discovery:discover_packages(path) using defaults
[4.396s] Level 1:colcon.colcon_core.package_discovery:discover_packages(prefix_path) check parameters
[4.397s] Level 1:colcon.colcon_core.package_discovery:discover_packages(prefix_path) discover
[4.437s] DEBUG:colcon.colcon_installed_package_information.package_discovery:Found 7 installed packages in /home/crofi/AutoModel_Rep/install
[4.444s] DEBUG:colcon.colcon_installed_package_information.package_discovery:Found 9 installed packages in /home/crofi/ros2_ws/install
[4.464s] DEBUG:colcon.colcon_installed_package_information.package_discovery:Found 295 installed packages in /opt/ros/humble
[4.476s] Level 1:colcon.colcon_core.package_discovery:discover_packages(prefix_path) using defaults
[4.994s] Level 5:colcon.colcon_core.verb:set package 'lane_angle' build argument 'cmake_args' from command line to 'None'
[4.995s] Level 5:colcon.colcon_core.verb:set package 'lane_angle' build argument 'cmake_target' from command line to 'None'
[4.995s] Level 5:colcon.colcon_core.verb:set package 'lane_angle' build argument 'cmake_target_skip_unavailable' from command line to 'False'
[4.995s] Level 5:colcon.colcon_core.verb:set package 'lane_angle' build argument 'cmake_clean_cache' from command line to 'False'
[4.995s] Level 5:colcon.colcon_core.verb:set package 'lane_angle' build argument 'cmake_clean_first' from command line to 'False'
[4.995s] Level 5:colcon.colcon_core.verb:set package 'lane_angle' build argument 'cmake_force_configure' from command line to 'False'
[4.995s] Level 5:colcon.colcon_core.verb:set package 'lane_angle' build argument 'ament_cmake_args' from command line to 'None'
[4.996s] Level 5:colcon.colcon_core.verb:set package 'lane_angle' build argument 'catkin_cmake_args' from command line to 'None'
[4.996s] Level 5:colcon.colcon_core.verb:set package 'lane_angle' build argument 'catkin_skip_building_tests' from command line to 'False'
[4.996s] DEBUG:colcon.colcon_core.verb:Building package 'lane_angle' with the following arguments: {'ament_cmake_args': None, 'build_base': '/home/crofi/AutoModel_Rep/build/lane_angle', 'catkin_cmake_args': None, 'catkin_skip_building_tests': False, 'cmake_args': None, 'cmake_clean_cache': False, 'cmake_clean_first': False, 'cmake_force_configure': False, 'cmake_target': None, 'cmake_target_skip_unavailable': False, 'install_base': '/home/crofi/AutoModel_Rep/install/lane_angle', 'merge_install': False, 'path': '/home/crofi/AutoModel_Rep/ros2_ws/src/vision/lane_angle', 'symlink_install': False, 'test_result_base': None}
[5.000s] Level 5:colcon.colcon_core.verb:set package 'lane_detector' build argument 'cmake_args' from command line to 'None'
[5.001s] Level 5:colcon.colcon_core.verb:set package 'lane_detector' build argument 'cmake_target' from command line to 'None'
[5.002s] Level 5:colcon.colcon_core.verb:set package 'lane_detector' build argument 'cmake_target_skip_unavailable' from command line to 'False'
[5.003s] Level 5:colcon.colcon_core.verb:set package 'lane_detector' build argument 'cmake_clean_cache' from command line to 'False'
[5.004s] Level 5:colcon.colcon_core.verb:set package 'lane_detector' build argument 'cmake_clean_first' from command line to 'False'
[5.004s] Level 5:colcon.colcon_core.verb:set package 'lane_detector' build argument 'cmake_force_configure' from command line to 'False'
[5.005s] Level 5:colcon.colcon_core.verb:set package 'lane_detector' build argument 'ament_cmake_args' from command line to 'None'
[5.005s] Level 5:colcon.colcon_core.verb:set package 'lane_detector' build argument 'catkin_cmake_args' from command line to 'None'
[5.005s] Level 5:colcon.colcon_core.verb:set package 'lane_detector' build argument 'catkin_skip_building_tests' from command line to 'False'
[5.006s] DEBUG:colcon.colcon_core.verb:Building package 'lane_detector' with the following arguments: {'ament_cmake_args': None, 'build_base': '/home/crofi/AutoModel_Rep/build/lane_detector', 'catkin_cmake_args': None, 'catkin_skip_building_tests': False, 'cmake_args': None, 'cmake_clean_cache': False, 'cmake_clean_first': False, 'cmake_force_configure': False, 'cmake_target': None, 'cmake_target_skip_unavailable': False, 'install_base': '/home/crofi/AutoModel_Rep/install/lane_detector', 'merge_install': False, 'path': '/home/crofi/AutoModel_Rep/ros2_ws/src/vision/lane_detector', 'symlink_install': False, 'test_result_base': None}
[5.008s] Level 5:colcon.colcon_core.verb:set package 'red_vision' build argument 'cmake_args' from command line to 'None'
[5.009s] Level 5:colcon.colcon_core.verb:set package 'red_vision' build argument 'cmake_target' from command line to 'None'
[5.009s] Level 5:colcon.colcon_core.verb:set package 'red_vision' build argument 'cmake_target_skip_unavailable' from command line to 'False'
[5.010s] Level 5:colcon.colcon_core.verb:set package 'red_vision' build argument 'cmake_clean_cache' from command line to 'False'
[5.010s] Level 5:colcon.colcon_core.verb:set package 'red_vision' build argument 'cmake_clean_first' from command line to 'False'
[5.010s] Level 5:colcon.colcon_core.verb:set package 'red_vision' build argument 'cmake_force_configure' from command line to 'False'
[5.010s] Level 5:colcon.colcon_core.verb:set package 'red_vision' build argument 'ament_cmake_args' from command line to 'None'
[5.011s] Level 5:colcon.colcon_core.verb:set package 'red_vision' build argument 'catkin_cmake_args' from command line to 'None'
[5.011s] Level 5:colcon.colcon_core.verb:set package 'red_vision' build argument 'catkin_skip_building_tests' from command line to 'False'
[5.012s] DEBUG:colcon.colcon_core.verb:Building package 'red_vision' with the following arguments: {'ament_cmake_args': None, 'build_base': '/home/crofi/AutoModel_Rep/build/red_vision', 'catkin_cmake_args': None, 'catkin_skip_building_tests': False, 'cmake_args': None, 'cmake_clean_cache': False, 'cmake_clean_first': False, 'cmake_force_configure': False, 'cmake_target': None, 'cmake_target_skip_unavailable': False, 'install_base': '/home/crofi/AutoModel_Rep/install/red_vision', 'merge_install': False, 'path': '/home/crofi/AutoModel_Rep/ros2_ws/src/vision/red_vision', 'symlink_install': False, 'test_result_base': None}
[5.016s] Level 5:colcon.colcon_core.verb:set package 'senal_detector' build argument 'cmake_args' from command line to 'None'
[5.017s] Level 5:colcon.colcon_core.verb:set package 'senal_detector' build argument 'cmake_target' from command line to 'None'
[5.018s] Level 5:colcon.colcon_core.verb:set package 'senal_detector' build argument 'cmake_target_skip_unavailable' from command line to 'False'
[5.019s] Level 5:colcon.colcon_core.verb:set package 'senal_detector' build argument 'cmake_clean_cache' from command line to 'False'
[5.019s] Level 5:colcon.colcon_core.verb:set package 'senal_detector' build argument 'cmake_clean_first' from command line to 'False'
[5.020s] Level 5:colcon.colcon_core.verb:set package 'senal_detector' build argument 'cmake_force_configure' from command line to 'False'
[5.020s] Level 5:colcon.colcon_core.verb:set package 'senal_detector' build argument 'ament_cmake_args' from command line to 'None'
[5.020s] Level 5:colcon.colcon_core.verb:set package 'senal_detector' build argument 'catkin_cmake_args' from command line to 'None'
[5.020s] Level 5:colcon.colcon_core.verb:set package 'senal_detector' build argument 'catkin_skip_building_tests' from command line to 'False'
[5.020s] DEBUG:colcon.colcon_core.verb:Building package 'senal_detector' with the following arguments: {'ament_cmake_args': None, 'build_base': '/home/crofi/AutoModel_Rep/build/senal_detector', 'catkin_cmake_args': None, 'catkin_skip_building_tests': False, 'cmake_args': None, 'cmake_clean_cache': False, 'cmake_clean_first': False, 'cmake_force_configure': False, 'cmake_target': None, 'cmake_target_skip_unavailable': False, 'install_base': '/home/crofi/AutoModel_Rep/install/senal_detector', 'merge_install': False, 'path': '/home/crofi/AutoModel_Rep/ros2_ws/src/vision/senal_detector', 'symlink_install': False, 'test_result_base': None}
[5.022s] Level 5:colcon.colcon_core.verb:set package 'servo' build argument 'cmake_args' from command line to 'None'
[5.023s] Level 5:colcon.colcon_core.verb:set package 'servo' build argument 'cmake_target' from command line to 'None'
[5.023s] Level 5:colcon.colcon_core.verb:set package 'servo' build argument 'cmake_target_skip_unavailable' from command line to 'False'
[5.023s] Level 5:colcon.colcon_core.verb:set package 'servo' build argument 'cmake_clean_cache' from command line to 'False'
[5.023s] Level 5:colcon.colcon_core.verb:set package 'servo' build argument 'cmake_clean_first' from command line to 'False'
[5.023s] Level 5:colcon.colcon_core.verb:set package 'servo' build argument 'cmake_force_configure' from command line to 'False'
[5.024s] Level 5:colcon.colcon_core.verb:set package 'servo' build argument 'ament_cmake_args' from command line to 'None'
[5.024s] Level 5:colcon.colcon_core.verb:set package 'servo' build argument 'catkin_cmake_args' from command line to 'None'
[5.024s] Level 5:colcon.colcon_core.verb:set package 'servo' build argument 'catkin_skip_building_tests' from command line to 'False'
[5.024s] DEBUG:colcon.colcon_core.verb:Building package 'servo' with the following arguments: {'ament_cmake_args': None, 'build_base': '/home/crofi/AutoModel_Rep/build/servo', 'catkin_cmake_args': None, 'catkin_skip_building_tests': False, 'cmake_args': None, 'cmake_clean_cache': False, 'cmake_clean_first': False, 'cmake_force_configure': False, 'cmake_target': None, 'cmake_target_skip_unavailable': False, 'install_base': '/home/crofi/AutoModel_Rep/install/servo', 'merge_install': False, 'path': '/home/crofi/AutoModel_Rep/ros2_ws/src/hardware/servo', 'symlink_install': False, 'test_result_base': None}
[5.026s] Level 5:colcon.colcon_core.verb:set package 'webcam' build argument 'cmake_args' from command line to 'None'
[5.026s] Level 5:colcon.colcon_core.verb:set package 'webcam' build argument 'cmake_target' from command line to 'None'
[5.027s] Level 5:colcon.colcon_core.verb:set package 'webcam' build argument 'cmake_target_skip_unavailable' from command line to 'False'
[5.027s] Level 5:colcon.colcon_core.verb:set package 'webcam' build argument 'cmake_clean_cache' from command line to 'False'
[5.027s] Level 5:colcon.colcon_core.verb:set package 'webcam' build argument 'cmake_clean_first' from command line to 'False'
[5.027s] Level 5:colcon.colcon_core.verb:set package 'webcam' build argument 'cmake_force_configure' from command line to 'False'
[5.027s] Level 5:colcon.colcon_core.verb:set package 'webcam' build argument 'ament_cmake_args' from command line to 'None'
[5.027s] Level 5:colcon.colcon_core.verb:set package 'webcam' build argument 'catkin_cmake_args' from command line to 'None'
[5.028s] Level 5:colcon.colcon_core.verb:set package 'webcam' build argument 'catkin_skip_building_tests' from command line to 'False'
[5.028s] DEBUG:colcon.colcon_core.verb:Building package 'webcam' with the following arguments: {'ament_cmake_args': None, 'build_base': '/home/crofi/AutoModel_Rep/build/webcam', 'catkin_cmake_args': None, 'catkin_skip_building_tests': False, 'cmake_args': None, 'cmake_clean_cache': False, 'cmake_clean_first': False, 'cmake_force_configure': False, 'cmake_target': None, 'cmake_target_skip_unavailable': False, 'install_base': '/home/crofi/AutoModel_Rep/install/webcam', 'merge_install': False, 'path': '/home/crofi/AutoModel_Rep/ros2_ws/src/hardware/webcam', 'symlink_install': False, 'test_result_base': None}
[5.030s] Level 5:colcon.colcon_core.verb:set package 'webcam_recorted' build argument 'cmake_args' from command line to 'None'
[5.030s] Level 5:colcon.colcon_core.verb:set package 'webcam_recorted' build argument 'cmake_target' from command line to 'None'
[5.030s] Level 5:colcon.colcon_core.verb:set package 'webcam_recorted' build argument 'cmake_target_skip_unavailable' from command line to 'False'
[5.030s] Level 5:colcon.colcon_core.verb:set package 'webcam_recorted' build argument 'cmake_clean_cache' from command line to 'False'
[5.031s] Level 5:colcon.colcon_core.verb:set package 'webcam_recorted' build argument 'cmake_clean_first' from command line to 'False'
[5.031s] Level 5:colcon.colcon_core.verb:set package 'webcam_recorted' build argument 'cmake_force_configure' from command line to 'False'
[5.031s] Level 5:colcon.colcon_core.verb:set package 'webcam_recorted' build argument 'ament_cmake_args' from command line to 'None'
[5.031s] Level 5:colcon.colcon_core.verb:set package 'webcam_recorted' build argument 'catkin_cmake_args' from command line to 'None'
[5.031s] Level 5:colcon.colcon_core.verb:set package 'webcam_recorted' build argument 'catkin_skip_building_tests' from command line to 'False'
[5.031s] DEBUG:colcon.colcon_core.verb:Building package 'webcam_recorted' with the following arguments: {'ament_cmake_args': None, 'build_base': '/home/crofi/AutoModel_Rep/build/webcam_recorted', 'catkin_cmake_args': None, 'catkin_skip_building_tests': False, 'cmake_args': None, 'cmake_clean_cache': False, 'cmake_clean_first': False, 'cmake_force_configure': False, 'cmake_target': None, 'cmake_target_skip_unavailable': False, 'install_base': '/home/crofi/AutoModel_Rep/install/webcam_recorted', 'merge_install': False, 'path': '/home/crofi/AutoModel_Rep/ros2_ws/src/hardware/webcam_recorted', 'symlink_install': False, 'test_result_base': None}
[5.032s] INFO:colcon.colcon_core.executor:Executing jobs using 'parallel' executor
[5.037s] DEBUG:colcon.colcon_parallel_executor.executor.parallel:run_until_complete
[5.039s] INFO:colcon.colcon_ros.task.ament_python.build:Building ROS package in '/home/crofi/AutoModel_Rep/ros2_ws/src/vision/lane_angle' with build type 'ament_python'
[5.040s] Level 1:colcon.colcon_core.shell:create_environment_hook('lane_angle', 'ament_prefix_path')
[5.063s] INFO:colcon.colcon_core.plugin_system:Skipping extension 'colcon_core.shell.bat': Not used on non-Windows systems
[5.067s] INFO:colcon.colcon_core.shell:Creating environment hook '/home/crofi/AutoModel_Rep/install/lane_angle/share/lane_angle/hook/ament_prefix_path.ps1'
[5.073s] INFO:colcon.colcon_core.shell:Creating environment descriptor '/home/crofi/AutoModel_Rep/install/lane_angle/share/lane_angle/hook/ament_prefix_path.dsv'
[5.079s] INFO:colcon.colcon_core.shell:Creating environment hook '/home/crofi/AutoModel_Rep/install/lane_angle/share/lane_angle/hook/ament_prefix_path.sh'
[5.089s] INFO:colcon.colcon_core.shell:Skip shell extension 'powershell' for command environment: Not usable outside of PowerShell
[5.090s] DEBUG:colcon.colcon_core.shell:Skip shell extension 'dsv' for command environment
[5.134s] INFO:colcon.colcon_ros.task.ament_python.build:Building ROS package in '/home/crofi/AutoModel_Rep/ros2_ws/src/vision/lane_detector' with build type 'ament_python'
[5.135s] Level 1:colcon.colcon_core.shell:create_environment_hook('lane_detector', 'ament_prefix_path')
[5.137s] INFO:colcon.colcon_core.shell:Creating environment hook '/home/crofi/AutoModel_Rep/install/lane_detector/share/lane_detector/hook/ament_prefix_path.ps1'
[5.140s] INFO:colcon.colcon_core.shell:Creating environment descriptor '/home/crofi/AutoModel_Rep/install/lane_detector/share/lane_detector/hook/ament_prefix_path.dsv'
[5.145s] INFO:colcon.colcon_core.shell:Creating environment hook '/home/crofi/AutoModel_Rep/install/lane_detector/share/lane_detector/hook/ament_prefix_path.sh'
[5.169s] INFO:colcon.colcon_core.shell:Skip shell extension 'powershell' for command environment: Not usable outside of PowerShell
[5.172s] DEBUG:colcon.colcon_core.shell:Skip shell extension 'dsv' for command environment
[5.243s] INFO:colcon.colcon_ros.task.ament_python.build:Building ROS package in '/home/crofi/AutoModel_Rep/ros2_ws/src/vision/red_vision' with build type 'ament_python'
[5.246s] Level 1:colcon.colcon_core.shell:create_environment_hook('red_vision', 'ament_prefix_path')
[5.249s] INFO:colcon.colcon_core.shell:Creating environment hook '/home/crofi/AutoModel_Rep/install/red_vision/share/red_vision/hook/ament_prefix_path.ps1'
[5.269s] INFO:colcon.colcon_core.shell:Creating environment descriptor '/home/crofi/AutoModel_Rep/install/red_vision/share/red_vision/hook/ament_prefix_path.dsv'
[5.283s] INFO:colcon.colcon_core.shell:Creating environment hook '/home/crofi/AutoModel_Rep/install/red_vision/share/red_vision/hook/ament_prefix_path.sh'
[5.290s] INFO:colcon.colcon_core.shell:Skip shell extension 'powershell' for command environment: Not usable outside of PowerShell
[5.291s] DEBUG:colcon.colcon_core.shell:Skip shell extension 'dsv' for command environment
[5.361s] INFO:colcon.colcon_ros.task.ament_python.build:Building ROS package in '/home/crofi/AutoModel_Rep/ros2_ws/src/vision/senal_detector' with build type 'ament_python'
[5.362s] Level 1:colcon.colcon_core.shell:create_environment_hook('senal_detector', 'ament_prefix_path')
[5.364s] INFO:colcon.colcon_core.shell:Creating environment hook '/home/crofi/AutoModel_Rep/install/senal_detector/share/senal_detector/hook/ament_prefix_path.ps1'
[5.369s] INFO:colcon.colcon_core.shell:Creating environment descriptor '/home/crofi/AutoModel_Rep/install/senal_detector/share/senal_detector/hook/ament_prefix_path.dsv'
[5.372s] INFO:colcon.colcon_core.shell:Creating environment hook '/home/crofi/AutoModel_Rep/install/senal_detector/share/senal_detector/hook/ament_prefix_path.sh'
[5.379s] INFO:colcon.colcon_core.shell:Skip shell extension 'powershell' for command environment: Not usable outside of PowerShell
[5.381s] DEBUG:colcon.colcon_core.shell:Skip shell extension 'dsv' for command environment
[10.076s] INFO:colcon.colcon_core.task.python.build:Building Python package in '/home/crofi/AutoModel_Rep/ros2_ws/src/vision/lane_angle'
[10.081s] INFO:colcon.colcon_core.shell:Skip shell extension 'powershell' for command environment: Not usable outside of PowerShell
[10.082s] DEBUG:colcon.colcon_core.shell:Skip shell extension 'dsv' for command environment
[14.483s] INFO:colcon.colcon_core.task.python.build:Building Python package in '/home/crofi/AutoModel_Rep/ros2_ws/src/vision/lane_detector'
[14.486s] INFO:colcon.colcon_core.shell:Skip shell extension 'powershell' for command environment: Not usable outside of PowerShell
[14.486s] DEBUG:colcon.colcon_core.shell:Skip shell extension 'dsv' for command environment
[18.872s] INFO:colcon.colcon_core.task.python.build:Building Python package in '/home/crofi/AutoModel_Rep/ros2_ws/src/vision/red_vision'
[18.876s] INFO:colcon.colcon_core.shell:Skip shell extension 'powershell' for command environment: Not usable outside of PowerShell
[18.878s] DEBUG:colcon.colcon_core.shell:Skip shell extension 'dsv' for command environment
[23.383s] INFO:colcon.colcon_core.task.python.build:Building Python package in '/home/crofi/AutoModel_Rep/ros2_ws/src/vision/senal_detector'
[23.385s] INFO:colcon.colcon_core.shell:Skip shell extension 'powershell' for command environment: Not usable outside of PowerShell
[23.386s] DEBUG:colcon.colcon_core.shell:Skip shell extension 'dsv' for command environment
[31.650s] DEBUG:colcon.colcon_core.event_handler.log_command:Invoking command in '/home/crofi/AutoModel_Rep/ros2_ws/src/vision/red_vision': PYTHONPATH=/home/crofi/AutoModel_Rep/build/red_vision/prefix_override:/usr/lib/python3/dist-packages/colcon_core/task/python/colcon_distutils_commands:/home/crofi/AutoModel_Rep/install/red_vision/lib/python3.10/site-packages:${PYTHONPATH} /usr/bin/python3 -W ignore:setup.py install is deprecated -W ignore:easy_install command is deprecated setup.py egg_info --egg-base ../../../../build/red_vision build --build-base /home/crofi/AutoModel_Rep/build/red_vision/build install --record /home/crofi/AutoModel_Rep/build/red_vision/install.log --single-version-externally-managed install_data
[32.944s] DEBUG:colcon.colcon_core.event_handler.log_command:Invoking command in '/home/crofi/AutoModel_Rep/ros2_ws/src/vision/senal_detector': PYTHONPATH=/home/crofi/AutoModel_Rep/build/senal_detector/prefix_override:/usr/lib/python3/dist-packages/colcon_core/task/python/colcon_distutils_commands:/home/crofi/AutoModel_Rep/install/senal_detector/lib/python3.10/site-packages:${PYTHONPATH} /usr/bin/python3 -W ignore:setup.py install is deprecated -W ignore:easy_install command is deprecated setup.py egg_info --egg-base ../../../../build/senal_detector build --build-base /home/crofi/AutoModel_Rep/build/senal_detector/build install --record /home/crofi/AutoModel_Rep/build/senal_detector/install.log --single-version-externally-managed install_data
[34.693s] DEBUG:colcon.colcon_core.event_handler.log_command:Invoking command in '/home/crofi/AutoModel_Rep/ros2_ws/src/vision/lane_angle': PYTHONPATH=/home/crofi/AutoModel_Rep/build/lane_angle/prefix_override:/usr/lib/python3/dist-packages/colcon_core/task/python/colcon_distutils_commands:/home/crofi/AutoModel_Rep/install/lane_angle/lib/python3.10/site-packages:${PYTHONPATH} /usr/bin/python3 -W ignore:setup.py install is deprecated -W ignore:easy_install command is deprecated setup.py egg_info --egg-base ../../../../build/lane_angle build --build-base /home/crofi/AutoModel_Rep/build/lane_angle/build install --record /home/crofi/AutoModel_Rep/build/lane_angle/install.log --single-version-externally-managed install_data
[38.094s] DEBUG:colcon.colcon_core.event_handler.log_command:Invoking command in '/home/crofi/AutoModel_Rep/ros2_ws/src/vision/lane_detector': PYTHONPATH=/home/crofi/AutoModel_Rep/build/lane_detector/prefix_override:/usr/lib/python3/dist-packages/colcon_core/task/python/colcon_distutils_commands:/home/crofi/AutoModel_Rep/install/lane_detector/lib/python3.10/site-packages:${PYTHONPATH} /usr/bin/python3 -W ignore:setup.py install is deprecated -W ignore:easy_install command is deprecated setup.py egg_info --egg-base ../../../../build/lane_detector build --build-base /home/crofi/AutoModel_Rep/build/lane_detector/build install --record /home/crofi/AutoModel_Rep/build/lane_detector/install.log --single-version-externally-managed install_data
[42.234s] DEBUG:colcon.colcon_core.event_handler.log_command:Invoked command in '/home/crofi/AutoModel_Rep/ros2_ws/src/vision/red_vision' returned '0': PYTHONPATH=/home/crofi/AutoModel_Rep/build/red_vision/prefix_override:/usr/lib/python3/dist-packages/colcon_core/task/python/colcon_distutils_commands:/home/crofi/AutoModel_Rep/install/red_vision/lib/python3.10/site-packages:${PYTHONPATH} /usr/bin/python3 -W ignore:setup.py install is deprecated -W ignore:easy_install command is deprecated setup.py egg_info --egg-base ../../../../build/red_vision build --build-base /home/crofi/AutoModel_Rep/build/red_vision/build install --record /home/crofi/AutoModel_Rep/build/red_vision/install.log --single-version-externally-managed install_data
[42.317s] Level 1:colcon.colcon_core.environment:checking '/home/crofi/AutoModel_Rep/install/red_vision' for CMake module files
[42.325s] Level 1:colcon.colcon_core.environment:checking '/home/crofi/AutoModel_Rep/install/red_vision' for CMake config files
[42.336s] Level 1:colcon.colcon_core.environment:checking '/home/crofi/AutoModel_Rep/install/red_vision/lib'
[42.337s] Level 1:colcon.colcon_core.environment:checking '/home/crofi/AutoModel_Rep/install/red_vision/bin'
[42.338s] Level 1:colcon.colcon_core.environment:checking '/home/crofi/AutoModel_Rep/install/red_vision/lib/pkgconfig/red_vision.pc'
[42.339s] Level 1:colcon.colcon_core.environment:checking '/home/crofi/AutoModel_Rep/install/red_vision/lib/python3.10/site-packages'
[42.342s] Level 1:colcon.colcon_core.shell:create_environment_hook('red_vision', 'pythonpath')
[42.344s] INFO:colcon.colcon_core.shell:Creating environment hook '/home/crofi/AutoModel_Rep/install/red_vision/share/red_vision/hook/pythonpath.ps1'
[42.366s] INFO:colcon.colcon_core.shell:Creating environment descriptor '/home/crofi/AutoModel_Rep/install/red_vision/share/red_vision/hook/pythonpath.dsv'
[42.383s] INFO:colcon.colcon_core.shell:Creating environment hook '/home/crofi/AutoModel_Rep/install/red_vision/share/red_vision/hook/pythonpath.sh'
[42.389s] Level 1:colcon.colcon_core.environment:checking '/home/crofi/AutoModel_Rep/install/red_vision/bin'
[42.389s] Level 1:colcon.colcon_core.environment:create_environment_scripts_only(red_vision)
[42.392s] INFO:colcon.colcon_core.shell:Creating package script '/home/crofi/AutoModel_Rep/install/red_vision/share/red_vision/package.ps1'
[42.418s] INFO:colcon.colcon_core.shell:Creating package descriptor '/home/crofi/AutoModel_Rep/install/red_vision/share/red_vision/package.dsv'
[42.430s] INFO:colcon.colcon_core.shell:Creating package script '/home/crofi/AutoModel_Rep/install/red_vision/share/red_vision/package.sh'
[42.440s] INFO:colcon.colcon_core.shell:Creating package script '/home/crofi/AutoModel_Rep/install/red_vision/share/red_vision/package.bash'
[42.466s] INFO:colcon.colcon_core.shell:Creating package script '/home/crofi/AutoModel_Rep/install/red_vision/share/red_vision/package.zsh'
[42.548s] Level 1:colcon.colcon_core.environment:create_file_with_runtime_dependencies(/home/crofi/AutoModel_Rep/install/red_vision/share/colcon-core/packages/red_vision)
[42.570s] INFO:colcon.colcon_ros.task.ament_python.build:Building ROS package in '/home/crofi/AutoModel_Rep/ros2_ws/src/hardware/servo' with build type 'ament_python'
[42.573s] Level 1:colcon.colcon_core.shell:create_environment_hook('servo', 'ament_prefix_path')
[42.575s] INFO:colcon.colcon_core.shell:Creating environment hook '/home/crofi/AutoModel_Rep/install/servo/share/servo/hook/ament_prefix_path.ps1'
[42.593s] INFO:colcon.colcon_core.shell:Creating environment descriptor '/home/crofi/AutoModel_Rep/install/servo/share/servo/hook/ament_prefix_path.dsv'
[42.644s] INFO:colcon.colcon_core.shell:Creating environment hook '/home/crofi/AutoModel_Rep/install/servo/share/servo/hook/ament_prefix_path.sh'
[42.670s] INFO:colcon.colcon_core.shell:Skip shell extension 'powershell' for command environment: Not usable outside of PowerShell
[42.671s] DEBUG:colcon.colcon_core.shell:Skip shell extension 'dsv' for command environment
[48.892s] INFO:colcon.colcon_core.task.python.build:Building Python package in '/home/crofi/AutoModel_Rep/ros2_ws/src/hardware/servo'
[48.894s] INFO:colcon.colcon_core.shell:Skip shell extension 'powershell' for command environment: Not usable outside of PowerShell
[48.895s] DEBUG:colcon.colcon_core.shell:Skip shell extension 'dsv' for command environment
[49.020s] Level 1:colcon.colcon_core.environment:checking '/home/crofi/AutoModel_Rep/install/senal_detector' for CMake module files
[49.025s] DEBUG:colcon.colcon_core.event_handler.log_command:Invoked command in '/home/crofi/AutoModel_Rep/ros2_ws/src/vision/senal_detector' returned '0': PYTHONPATH=/home/crofi/AutoModel_Rep/build/senal_detector/prefix_override:/usr/lib/python3/dist-packages/colcon_core/task/python/colcon_distutils_commands:/home/crofi/AutoModel_Rep/install/senal_detector/lib/python3.10/site-packages:${PYTHONPATH} /usr/bin/python3 -W ignore:setup.py install is deprecated -W ignore:easy_install command is deprecated setup.py egg_info --egg-base ../../../../build/senal_detector build --build-base /home/crofi/AutoModel_Rep/build/senal_detector/build install --record /home/crofi/AutoModel_Rep/build/senal_detector/install.log --single-version-externally-managed install_data
[49.039s] Level 1:colcon.colcon_core.environment:checking '/home/crofi/AutoModel_Rep/install/senal_detector' for CMake config files
[49.046s] Level 1:colcon.colcon_core.environment:checking '/home/crofi/AutoModel_Rep/install/senal_detector/lib'
[49.049s] Level 1:colcon.colcon_core.environment:checking '/home/crofi/AutoModel_Rep/install/senal_detector/bin'
[49.049s] Level 1:colcon.colcon_core.environment:checking '/home/crofi/AutoModel_Rep/install/senal_detector/lib/pkgconfig/senal_detector.pc'
[49.051s] Level 1:colcon.colcon_core.environment:checking '/home/crofi/AutoModel_Rep/install/senal_detector/lib/python3.10/site-packages'
[49.055s] Level 1:colcon.colcon_core.shell:create_environment_hook('senal_detector', 'pythonpath')
[49.057s] INFO:colcon.colcon_core.shell:Creating environment hook '/home/crofi/AutoModel_Rep/install/senal_detector/share/senal_detector/hook/pythonpath.ps1'
[49.062s] INFO:colcon.colcon_core.shell:Creating environment descriptor '/home/crofi/AutoModel_Rep/install/senal_detector/share/senal_detector/hook/pythonpath.dsv'
[49.074s] INFO:colcon.colcon_core.shell:Creating environment hook '/home/crofi/AutoModel_Rep/install/senal_detector/share/senal_detector/hook/pythonpath.sh'
[49.081s] Level 1:colcon.colcon_core.environment:checking '/home/crofi/AutoModel_Rep/install/senal_detector/bin'
[49.082s] Level 1:colcon.colcon_core.environment:create_environment_scripts_only(senal_detector)
[49.084s] INFO:colcon.colcon_core.shell:Creating package script '/home/crofi/AutoModel_Rep/install/senal_detector/share/senal_detector/package.ps1'
[49.088s] INFO:colcon.colcon_core.shell:Creating package descriptor '/home/crofi/AutoModel_Rep/install/senal_detector/share/senal_detector/package.dsv'
[49.094s] INFO:colcon.colcon_core.shell:Creating package script '/home/crofi/AutoModel_Rep/install/senal_detector/share/senal_detector/package.sh'
[49.108s] INFO:colcon.colcon_core.shell:Creating package script '/home/crofi/AutoModel_Rep/install/senal_detector/share/senal_detector/package.bash'
[49.113s] INFO:colcon.colcon_core.shell:Creating package script '/home/crofi/AutoModel_Rep/install/senal_detector/share/senal_detector/package.zsh'
[49.122s] Level 1:colcon.colcon_core.environment:create_file_with_runtime_dependencies(/home/crofi/AutoModel_Rep/install/senal_detector/share/colcon-core/packages/senal_detector)
[49.138s] Level 1:colcon.colcon_core.environment:checking '/home/crofi/AutoModel_Rep/install/lane_angle' for CMake module files
[49.142s] Level 1:colcon.colcon_core.environment:checking '/home/crofi/AutoModel_Rep/install/lane_angle' for CMake config files
[49.152s] Level 1:colcon.colcon_core.environment:checking '/home/crofi/AutoModel_Rep/install/lane_angle/lib'
[49.162s] DEBUG:colcon.colcon_core.event_handler.log_command:Invoked command in '/home/crofi/AutoModel_Rep/ros2_ws/src/vision/lane_angle' returned '0': PYTHONPATH=/home/crofi/AutoModel_Rep/build/lane_angle/prefix_override:/usr/lib/python3/dist-packages/colcon_core/task/python/colcon_distutils_commands:/home/crofi/AutoModel_Rep/install/lane_angle/lib/python3.10/site-packages:${PYTHONPATH} /usr/bin/python3 -W ignore:setup.py install is deprecated -W ignore:easy_install command is deprecated setup.py egg_info --egg-base ../../../../build/lane_angle build --build-base /home/crofi/AutoModel_Rep/build/lane_angle/build install --record /home/crofi/AutoModel_Rep/build/lane_angle/install.log --single-version-externally-managed install_data
[49.169s] Level 1:colcon.colcon_core.environment:checking '/home/crofi/AutoModel_Rep/install/lane_angle/bin'
[49.171s] Level 1:colcon.colcon_core.environment:checking '/home/crofi/AutoModel_Rep/install/lane_angle/lib/pkgconfig/lane_angle.pc'
[49.173s] Level 1:colcon.colcon_core.environment:checking '/home/crofi/AutoModel_Rep/install/lane_angle/lib/python3.10/site-packages'
[49.174s] Level 1:colcon.colcon_core.shell:create_environment_hook('lane_angle', 'pythonpath')
[49.176s] INFO:colcon.colcon_core.shell:Creating environment hook '/home/crofi/AutoModel_Rep/install/lane_angle/share/lane_angle/hook/pythonpath.ps1'
[49.184s] INFO:colcon.colcon_core.shell:Creating environment descriptor '/home/crofi/AutoModel_Rep/install/lane_angle/share/lane_angle/hook/pythonpath.dsv'
[49.189s] INFO:colcon.colcon_core.shell:Creating environment hook '/home/crofi/AutoModel_Rep/install/lane_angle/share/lane_angle/hook/pythonpath.sh'
[49.204s] Level 1:colcon.colcon_core.environment:checking '/home/crofi/AutoModel_Rep/install/lane_angle/bin'
[49.207s] Level 1:colcon.colcon_core.environment:create_environment_scripts_only(lane_angle)
[49.209s] INFO:colcon.colcon_core.shell:Creating package script '/home/crofi/AutoModel_Rep/install/lane_angle/share/lane_angle/package.ps1'
[49.219s] INFO:colcon.colcon_core.shell:Creating package descriptor '/home/crofi/AutoModel_Rep/install/lane_angle/share/lane_angle/package.dsv'
[49.227s] INFO:colcon.colcon_core.shell:Creating package script '/home/crofi/AutoModel_Rep/install/lane_angle/share/lane_angle/package.sh'
[49.233s] INFO:colcon.colcon_core.shell:Creating package script '/home/crofi/AutoModel_Rep/install/lane_angle/share/lane_angle/package.bash'
[49.239s] INFO:colcon.colcon_core.shell:Creating package script '/home/crofi/AutoModel_Rep/install/lane_angle/share/lane_angle/package.zsh'
[49.243s] Level 1:colcon.colcon_core.environment:create_file_with_runtime_dependencies(/home/crofi/AutoModel_Rep/install/lane_angle/share/colcon-core/packages/lane_angle)
[49.264s] DEBUG:colcon.colcon_core.event_handler.log_command:Invoked command in '/home/crofi/AutoModel_Rep/ros2_ws/src/vision/lane_detector' returned '0': PYTHONPATH=/home/crofi/AutoModel_Rep/build/lane_detector/prefix_override:/usr/lib/python3/dist-packages/colcon_core/task/python/colcon_distutils_commands:/home/crofi/AutoModel_Rep/install/lane_detector/lib/python3.10/site-packages:${PYTHONPATH} /usr/bin/python3 -W ignore:setup.py install is deprecated -W ignore:easy_install command is deprecated setup.py egg_info --egg-base ../../../../build/lane_detector build --build-base /home/crofi/AutoModel_Rep/build/lane_detector/build install --record /home/crofi/AutoModel_Rep/build/lane_detector/install.log --single-version-externally-managed install_data
[49.248s] Level 1:colcon.colcon_core.environment:checking '/home/crofi/AutoModel_Rep/install/lane_detector' for CMake module files
[49.274s] Level 1:colcon.colcon_core.environment:checking '/home/crofi/AutoModel_Rep/install/lane_detector' for CMake config files
[49.286s] Level 1:colcon.colcon_core.environment:checking '/home/crofi/AutoModel_Rep/install/lane_detector/lib'
[49.288s] Level 1:colcon.colcon_core.environment:checking '/home/crofi/AutoModel_Rep/install/lane_detector/bin'
[49.289s] Level 1:colcon.colcon_core.environment:checking '/home/crofi/AutoModel_Rep/install/lane_detector/lib/pkgconfig/lane_detector.pc'
[49.293s] Level 1:colcon.colcon_core.environment:checking '/home/crofi/AutoModel_Rep/install/lane_detector/lib/python3.10/site-packages'
[49.294s] Level 1:colcon.colcon_core.shell:create_environment_hook('lane_detector', 'pythonpath')
[49.296s] INFO:colcon.colcon_core.shell:Creating environment hook '/home/crofi/AutoModel_Rep/install/lane_detector/share/lane_detector/hook/pythonpath.ps1'
[49.304s] INFO:colcon.colcon_core.shell:Creating environment descriptor '/home/crofi/AutoModel_Rep/install/lane_detector/share/lane_detector/hook/pythonpath.dsv'
[49.310s] INFO:colcon.colcon_core.shell:Creating environment hook '/home/crofi/AutoModel_Rep/install/lane_detector/share/lane_detector/hook/pythonpath.sh'
[49.316s] Level 1:colcon.colcon_core.environment:checking '/home/crofi/AutoModel_Rep/install/lane_detector/bin'
[49.317s] Level 1:colcon.colcon_core.environment:create_environment_scripts_only(lane_detector)
[49.321s] INFO:colcon.colcon_core.shell:Creating package script '/home/crofi/AutoModel_Rep/install/lane_detector/share/lane_detector/package.ps1'
[49.339s] INFO:colcon.colcon_core.shell:Creating package descriptor '/home/crofi/AutoModel_Rep/install/lane_detector/share/lane_detector/package.dsv'
[49.350s] INFO:colcon.colcon_core.shell:Creating package script '/home/crofi/AutoModel_Rep/install/lane_detector/share/lane_detector/package.sh'
[49.371s] INFO:colcon.colcon_core.shell:Creating package script '/home/crofi/AutoModel_Rep/install/lane_detector/share/lane_detector/package.bash'
[49.378s] INFO:colcon.colcon_core.shell:Creating package script '/home/crofi/AutoModel_Rep/install/lane_detector/share/lane_detector/package.zsh'
[49.389s] Level 1:colcon.colcon_core.environment:create_file_with_runtime_dependencies(/home/crofi/AutoModel_Rep/install/lane_detector/share/colcon-core/packages/lane_detector)
[49.394s] INFO:colcon.colcon_ros.task.ament_python.build:Building ROS package in '/home/crofi/AutoModel_Rep/ros2_ws/src/hardware/webcam' with build type 'ament_python'
[49.395s] Level 1:colcon.colcon_core.shell:create_environment_hook('webcam', 'ament_prefix_path')
[49.398s] INFO:colcon.colcon_core.shell:Creating environment hook '/home/crofi/AutoModel_Rep/install/webcam/share/webcam/hook/ament_prefix_path.ps1'
[49.406s] INFO:colcon.colcon_core.shell:Creating environment descriptor '/home/crofi/AutoModel_Rep/install/webcam/share/webcam/hook/ament_prefix_path.dsv'
[49.415s] INFO:colcon.colcon_core.shell:Creating environment hook '/home/crofi/AutoModel_Rep/install/webcam/share/webcam/hook/ament_prefix_path.sh'
[49.425s] INFO:colcon.colcon_core.shell:Skip shell extension 'powershell' for command environment: Not usable outside of PowerShell
[49.426s] DEBUG:colcon.colcon_core.shell:Skip shell extension 'dsv' for command environment
[49.504s] INFO:colcon.colcon_ros.task.ament_python.build:Building ROS package in '/home/crofi/AutoModel_Rep/ros2_ws/src/hardware/webcam_recorted' with build type 'ament_python'
[49.505s] Level 1:colcon.colcon_core.shell:create_environment_hook('webcam_recorted', 'ament_prefix_path')
[49.508s] INFO:colcon.colcon_core.shell:Creating environment hook '/home/crofi/AutoModel_Rep/install/webcam_recorted/share/webcam_recorted/hook/ament_prefix_path.ps1'
[49.513s] INFO:colcon.colcon_core.shell:Creating environment descriptor '/home/crofi/AutoModel_Rep/install/webcam_recorted/share/webcam_recorted/hook/ament_prefix_path.dsv'
[49.519s] INFO:colcon.colcon_core.shell:Creating environment hook '/home/crofi/AutoModel_Rep/install/webcam_recorted/share/webcam_recorted/hook/ament_prefix_path.sh'
[49.530s] INFO:colcon.colcon_core.shell:Skip shell extension 'powershell' for command environment: Not usable outside of PowerShell
[49.531s] DEBUG:colcon.colcon_core.shell:Skip shell extension 'dsv' for command environment
[55.940s] INFO:colcon.colcon_core.task.python.build:Building Python package in '/home/crofi/AutoModel_Rep/ros2_ws/src/hardware/webcam'
[55.942s] INFO:colcon.colcon_core.shell:Skip shell extension 'powershell' for command environment: Not usable outside of PowerShell
[55.942s] DEBUG:colcon.colcon_core.shell:Skip shell extension 'dsv' for command environment
[60.369s] INFO:colcon.colcon_core.task.python.build:Building Python package in '/home/crofi/AutoModel_Rep/ros2_ws/src/hardware/webcam_recorted'
[60.371s] INFO:colcon.colcon_core.shell:Skip shell extension 'powershell' for command environment: Not usable outside of PowerShell
[60.372s] DEBUG:colcon.colcon_core.shell:Skip shell extension 'dsv' for command environment
[60.531s] DEBUG:colcon.colcon_core.event_handler.log_command:Invoking command in '/home/crofi/AutoModel_Rep/ros2_ws/src/hardware/servo': PYTHONPATH=/home/crofi/AutoModel_Rep/build/servo/prefix_override:/usr/lib/python3/dist-packages/colcon_core/task/python/colcon_distutils_commands:/home/crofi/AutoModel_Rep/install/servo/lib/python3.10/site-packages:${PYTHONPATH} /usr/bin/python3 -W ignore:setup.py install is deprecated -W ignore:easy_install command is deprecated setup.py egg_info --egg-base ../../../../build/servo build --build-base /home/crofi/AutoModel_Rep/build/servo/build install --record /home/crofi/AutoModel_Rep/build/servo/install.log --single-version-externally-managed install_data
[66.814s] Level 1:colcon.colcon_core.environment:checking '/home/crofi/AutoModel_Rep/install/servo' for CMake module files
[66.819s] Level 1:colcon.colcon_core.environment:checking '/home/crofi/AutoModel_Rep/install/servo' for CMake config files
[66.843s] DEBUG:colcon.colcon_core.event_handler.log_command:Invoked command in '/home/crofi/AutoModel_Rep/ros2_ws/src/hardware/servo' returned '0': PYTHONPATH=/home/crofi/AutoModel_Rep/build/servo/prefix_override:/usr/lib/python3/dist-packages/colcon_core/task/python/colcon_distutils_commands:/home/crofi/AutoModel_Rep/install/servo/lib/python3.10/site-packages:${PYTHONPATH} /usr/bin/python3 -W ignore:setup.py install is deprecated -W ignore:easy_install command is deprecated setup.py egg_info --egg-base ../../../../build/servo build --build-base /home/crofi/AutoModel_Rep/build/servo/build install --record /home/crofi/AutoModel_Rep/build/servo/install.log --single-version-externally-managed install_data
[66.850s] Level 1:colcon.colcon_core.environment:checking '/home/crofi/AutoModel_Rep/install/servo/lib'
[66.862s] Level 1:colcon.colcon_core.environment:checking '/home/crofi/AutoModel_Rep/install/servo/bin'
[66.866s] Level 1:colcon.colcon_core.environment:checking '/home/crofi/AutoModel_Rep/install/servo/lib/pkgconfig/servo.pc'
[66.872s] Level 1:colcon.colcon_core.environment:checking '/home/crofi/AutoModel_Rep/install/servo/lib/python3.10/site-packages'
[66.884s] Level 1:colcon.colcon_core.shell:create_environment_hook('servo', 'pythonpath')
[66.891s] INFO:colcon.colcon_core.shell:Creating environment hook '/home/crofi/AutoModel_Rep/install/servo/share/servo/hook/pythonpath.ps1'
[66.911s] INFO:colcon.colcon_core.shell:Creating environment descriptor '/home/crofi/AutoModel_Rep/install/servo/share/servo/hook/pythonpath.dsv'
[66.932s] INFO:colcon.colcon_core.shell:Creating environment hook '/home/crofi/AutoModel_Rep/install/servo/share/servo/hook/pythonpath.sh'
[66.981s] Level 1:colcon.colcon_core.environment:checking '/home/crofi/AutoModel_Rep/install/servo/bin'
[66.981s] Level 1:colcon.colcon_core.environment:create_environment_scripts_only(servo)
[66.984s] INFO:colcon.colcon_core.shell:Creating package script '/home/crofi/AutoModel_Rep/install/servo/share/servo/package.ps1'
[66.992s] INFO:colcon.colcon_core.shell:Creating package descriptor '/home/crofi/AutoModel_Rep/install/servo/share/servo/package.dsv'
[67.000s] INFO:colcon.colcon_core.shell:Creating package script '/home/crofi/AutoModel_Rep/install/servo/share/servo/package.sh'
[67.014s] INFO:colcon.colcon_core.shell:Creating package script '/home/crofi/AutoModel_Rep/install/servo/share/servo/package.bash'
[67.022s] INFO:colcon.colcon_core.shell:Creating package script '/home/crofi/AutoModel_Rep/install/servo/share/servo/package.zsh'
[67.036s] Level 1:colcon.colcon_core.environment:create_file_with_runtime_dependencies(/home/crofi/AutoModel_Rep/install/servo/share/colcon-core/packages/servo)
[67.812s] DEBUG:colcon.colcon_core.event_handler.log_command:Invoking command in '/home/crofi/AutoModel_Rep/ros2_ws/src/hardware/webcam': PYTHONPATH=/home/crofi/AutoModel_Rep/build/webcam/prefix_override:/usr/lib/python3/dist-packages/colcon_core/task/python/colcon_distutils_commands:/home/crofi/AutoModel_Rep/install/webcam/lib/python3.10/site-packages:${PYTHONPATH} /usr/bin/python3 -W ignore:setup.py install is deprecated -W ignore:easy_install command is deprecated setup.py egg_info --egg-base ../../../../build/webcam build --build-base /home/crofi/AutoModel_Rep/build/webcam/build install --record /home/crofi/AutoModel_Rep/build/webcam/install.log --single-version-externally-managed install_data
[70.620s] DEBUG:colcon.colcon_core.event_handler.log_command:Invoking command in '/home/crofi/AutoModel_Rep/ros2_ws/src/hardware/webcam_recorted': PYTHONPATH=/home/crofi/AutoModel_Rep/build/webcam_recorted/prefix_override:/usr/lib/python3/dist-packages/colcon_core/task/python/colcon_distutils_commands:/home/crofi/AutoModel_Rep/install/webcam_recorted/lib/python3.10/site-packages:${PYTHONPATH} /usr/bin/python3 -W ignore:setup.py install is deprecated -W ignore:easy_install command is deprecated setup.py egg_info --egg-base ../../../../build/webcam_recorted build --build-base /home/crofi/AutoModel_Rep/build/webcam_recorted/build install --record /home/crofi/AutoModel_Rep/build/webcam_recorted/install.log --single-version-externally-managed install_data
[73.402s] Level 1:colcon.colcon_core.environment:checking '/home/crofi/AutoModel_Rep/install/webcam' for CMake module files
[73.405s] Level 1:colcon.colcon_core.environment:checking '/home/crofi/AutoModel_Rep/install/webcam' for CMake config files
[73.412s] DEBUG:colcon.colcon_core.event_handler.log_command:Invoked command in '/home/crofi/AutoModel_Rep/ros2_ws/src/hardware/webcam' returned '0': PYTHONPATH=/home/crofi/AutoModel_Rep/build/webcam/prefix_override:/usr/lib/python3/dist-packages/colcon_core/task/python/colcon_distutils_commands:/home/crofi/AutoModel_Rep/install/webcam/lib/python3.10/site-packages:${PYTHONPATH} /usr/bin/python3 -W ignore:setup.py install is deprecated -W ignore:easy_install command is deprecated setup.py egg_info --egg-base ../../../../build/webcam build --build-base /home/crofi/AutoModel_Rep/build/webcam/build install --record /home/crofi/AutoModel_Rep/build/webcam/install.log --single-version-externally-managed install_data
[73.416s] Level 1:colcon.colcon_core.environment:checking '/home/crofi/AutoModel_Rep/install/webcam/lib'
[73.417s] Level 1:colcon.colcon_core.environment:checking '/home/crofi/AutoModel_Rep/install/webcam/bin'
[73.432s] Level 1:colcon.colcon_core.environment:checking '/home/crofi/AutoModel_Rep/install/webcam/lib/pkgconfig/webcam.pc'
[73.434s] Level 1:colcon.colcon_core.environment:checking '/home/crofi/AutoModel_Rep/install/webcam/lib/python3.10/site-packages'
[73.434s] Level 1:colcon.colcon_core.shell:create_environment_hook('webcam', 'pythonpath')
[73.436s] INFO:colcon.colcon_core.shell:Creating environment hook '/home/crofi/AutoModel_Rep/install/webcam/share/webcam/hook/pythonpath.ps1'
[73.441s] INFO:colcon.colcon_core.shell:Creating environment descriptor '/home/crofi/AutoModel_Rep/install/webcam/share/webcam/hook/pythonpath.dsv'
[73.444s] INFO:colcon.colcon_core.shell:Creating environment hook '/home/crofi/AutoModel_Rep/install/webcam/share/webcam/hook/pythonpath.sh'
[73.457s] Level 1:colcon.colcon_core.environment:checking '/home/crofi/AutoModel_Rep/install/webcam/bin'
[73.458s] Level 1:colcon.colcon_core.environment:create_environment_scripts_only(webcam)
[73.462s] INFO:colcon.colcon_core.shell:Creating package script '/home/crofi/AutoModel_Rep/install/webcam/share/webcam/package.ps1'
[73.466s] INFO:colcon.colcon_core.shell:Creating package descriptor '/home/crofi/AutoModel_Rep/install/webcam/share/webcam/package.dsv'
[73.476s] INFO:colcon.colcon_core.shell:Creating package script '/home/crofi/AutoModel_Rep/install/webcam/share/webcam/package.sh'
[73.486s] INFO:colcon.colcon_core.shell:Creating package script '/home/crofi/AutoModel_Rep/install/webcam/share/webcam/package.bash'
[73.490s] INFO:colcon.colcon_core.shell:Creating package script '/home/crofi/AutoModel_Rep/install/webcam/share/webcam/package.zsh'
[73.494s] Level 1:colcon.colcon_core.environment:create_file_with_runtime_dependencies(/home/crofi/AutoModel_Rep/install/webcam/share/colcon-core/packages/webcam)
[76.532s] Level 1:colcon.colcon_core.environment:checking '/home/crofi/AutoModel_Rep/install/webcam_recorted' for CMake module files
[76.536s] Level 1:colcon.colcon_core.environment:checking '/home/crofi/AutoModel_Rep/install/webcam_recorted' for CMake config files
[76.541s] DEBUG:colcon.colcon_core.event_handler.log_command:Invoked command in '/home/crofi/AutoModel_Rep/ros2_ws/src/hardware/webcam_recorted' returned '0': PYTHONPATH=/home/crofi/AutoModel_Rep/build/webcam_recorted/prefix_override:/usr/lib/python3/dist-packages/colcon_core/task/python/colcon_distutils_commands:/home/crofi/AutoModel_Rep/install/webcam_recorted/lib/python3.10/site-packages:${PYTHONPATH} /usr/bin/python3 -W ignore:setup.py install is deprecated -W ignore:easy_install command is deprecated setup.py egg_info --egg-base ../../../../build/webcam_recorted build --build-base /home/crofi/AutoModel_Rep/build/webcam_recorted/build install --record /home/crofi/AutoModel_Rep/build/webcam_recorted/install.log --single-version-externally-managed install_data
[76.545s] Level 1:colcon.colcon_core.environment:checking '/home/crofi/AutoModel_Rep/install/webcam_recorted/lib'
[76.546s] Level 1:colcon.colcon_core.environment:checking '/home/crofi/AutoModel_Rep/install/webcam_recorted/bin'
[76.547s] Level 1:colcon.colcon_core.environment:checking '/home/crofi/AutoModel_Rep/install/webcam_recorted/lib/pkgconfig/webcam_recorted.pc'
[76.549s] Level 1:colcon.colcon_core.environment:checking '/home/crofi/AutoModel_Rep/install/webcam_recorted/lib/python3.10/site-packages'
[76.551s] Level 1:colcon.colcon_core.shell:create_environment_hook('webcam_recorted', 'pythonpath')
[76.556s] INFO:colcon.colcon_core.shell:Creating environment hook '/home/crofi/AutoModel_Rep/install/webcam_recorted/share/webcam_recorted/hook/pythonpath.ps1'
[76.563s] INFO:colcon.colcon_core.shell:Creating environment descriptor '/home/crofi/AutoModel_Rep/install/webcam_recorted/share/webcam_recorted/hook/pythonpath.dsv'
[76.568s] INFO:colcon.colcon_core.shell:Creating environment hook '/home/crofi/AutoModel_Rep/install/webcam_recorted/share/webcam_recorted/hook/pythonpath.sh'
[76.578s] Level 1:colcon.colcon_core.environment:checking '/home/crofi/AutoModel_Rep/install/webcam_recorted/bin'
[76.581s] Level 1:colcon.colcon_core.environment:create_environment_scripts_only(webcam_recorted)
[76.585s] INFO:colcon.colcon_core.shell:Creating package script '/home/crofi/AutoModel_Rep/install/webcam_recorted/share/webcam_recorted/package.ps1'
[76.592s] INFO:colcon.colcon_core.shell:Creating package descriptor '/home/crofi/AutoModel_Rep/install/webcam_recorted/share/webcam_recorted/package.dsv'
[76.599s] INFO:colcon.colcon_core.shell:Creating package script '/home/crofi/AutoModel_Rep/install/webcam_recorted/share/webcam_recorted/package.sh'
[76.609s] INFO:colcon.colcon_core.shell:Creating package script '/home/crofi/AutoModel_Rep/install/webcam_recorted/share/webcam_recorted/package.bash'
[76.612s] INFO:colcon.colcon_core.shell:Creating package script '/home/crofi/AutoModel_Rep/install/webcam_recorted/share/webcam_recorted/package.zsh'
[76.617s] Level 1:colcon.colcon_core.environment:create_file_with_runtime_dependencies(/home/crofi/AutoModel_Rep/install/webcam_recorted/share/colcon-core/packages/webcam_recorted)
[76.624s] DEBUG:colcon.colcon_parallel_executor.executor.parallel:closing loop
[76.626s] DEBUG:colcon.colcon_parallel_executor.executor.parallel:loop closed
[76.626s] DEBUG:colcon.colcon_parallel_executor.executor.parallel:run_until_complete finished with '0'
[76.627s] DEBUG:colcon.colcon_core.event_reactor:joining thread
[76.685s] INFO:colcon.colcon_core.plugin_system:Skipping extension 'colcon_notification.desktop_notification.terminal_notifier': Not used on non-Darwin systems
[76.685s] INFO:colcon.colcon_core.plugin_system:Skipping extension 'colcon_notification.desktop_notification.win32': Not used on non-Windows systems
[76.686s] INFO:colcon.colcon_notification.desktop_notification:Sending desktop notification using 'notify2'
[76.778s] DEBUG:colcon.colcon_core.event_reactor:joined thread
[76.780s] INFO:colcon.colcon_core.shell:Creating prefix script '/home/crofi/AutoModel_Rep/install/local_setup.ps1'
[76.785s] INFO:colcon.colcon_core.shell:Creating prefix util module '/home/crofi/AutoModel_Rep/install/_local_setup_util_ps1.py'
[76.805s] INFO:colcon.colcon_core.shell:Creating prefix chain script '/home/crofi/AutoModel_Rep/install/setup.ps1'
[76.826s] INFO:colcon.colcon_core.shell:Creating prefix script '/home/crofi/AutoModel_Rep/install/local_setup.sh'
[76.834s] INFO:colcon.colcon_core.shell:Creating prefix util module '/home/crofi/AutoModel_Rep/install/_local_setup_util_sh.py'
[76.841s] INFO:colcon.colcon_core.shell:Creating prefix chain script '/home/crofi/AutoModel_Rep/install/setup.sh'
[76.869s] INFO:colcon.colcon_core.shell:Creating prefix script '/home/crofi/AutoModel_Rep/install/local_setup.bash'
[76.874s] INFO:colcon.colcon_core.shell:Creating prefix chain script '/home/crofi/AutoModel_Rep/install/setup.bash'
[76.896s] INFO:colcon.colcon_core.shell:Creating prefix script '/home/crofi/AutoModel_Rep/install/local_setup.zsh'
[76.906s] INFO:colcon.colcon_core.shell:Creating prefix chain script '/home/crofi/AutoModel_Rep/install/setup.zsh'
