[2.066s] Invoking command in '/home/tars/AutoModelCrofi/ros2_ws/src/vision/lane_detector': PYTHONPATH=/home/tars/AutoModelCrofi/ros2_ws/build/lane_detector/prefix_override:/usr/lib/python3/dist-packages/colcon_core/task/python/colcon_distutils_commands:/home/tars/AutoModelCrofi/ros2_ws/install/lane_detector/lib/python3.12/site-packages:${PYTHONPATH} /usr/bin/python3 -W ignore:setup.py install is deprecated -W ignore:easy_install command is deprecated setup.py egg_info --egg-base ../../../build/lane_detector build --build-base /home/tars/AutoModelCrofi/ros2_ws/build/lane_detector/build install --record /home/tars/AutoModelCrofi/ros2_ws/build/lane_detector/install.log --single-version-externally-managed install_data
[2.689s] running egg_info
[2.714s] writing ../../../build/lane_detector/lane_detector.egg-info/PKG-INFO
[2.714s] writing dependency_links to ../../../build/lane_detector/lane_detector.egg-info/dependency_links.txt
[2.715s] writing entry points to ../../../build/lane_detector/lane_detector.egg-info/entry_points.txt
[2.715s] writing requirements to ../../../build/lane_detector/lane_detector.egg-info/requires.txt
[2.715s] writing top-level names to ../../../build/lane_detector/lane_detector.egg-info/top_level.txt
[2.777s] reading manifest file '../../../build/lane_detector/lane_detector.egg-info/SOURCES.txt'
[2.778s] writing manifest file '../../../build/lane_detector/lane_detector.egg-info/SOURCES.txt'
[2.778s] running build
[2.778s] running build_py
[2.778s] running install
[2.787s] running install_lib
[2.815s] running install_data
[2.816s] running install_egg_info
[2.847s] removing '/home/tars/AutoModelCrofi/ros2_ws/install/lane_detector/lib/python3.12/site-packages/lane_detector-0.0.0-py3.12.egg-info' (and everything under it)
[2.851s] Copying ../../../build/lane_detector/lane_detector.egg-info to /home/tars/AutoModelCrofi/ros2_ws/install/lane_detector/lib/python3.12/site-packages/lane_detector-0.0.0-py3.12.egg-info
[2.856s] running install_scripts
[3.098s] Installing lane_detector script to /home/tars/AutoModelCrofi/ros2_ws/install/lane_detector/lib/lane_detector
[3.099s] writing list of installed files to '/home/tars/AutoModelCrofi/ros2_ws/build/lane_detector/install.log'
[3.300s] Invoked command in '/home/tars/AutoModelCrofi/ros2_ws/src/vision/lane_detector' returned '0': PYTHONPATH=/home/tars/AutoModelCrofi/ros2_ws/build/lane_detector/prefix_override:/usr/lib/python3/dist-packages/colcon_core/task/python/colcon_distutils_commands:/home/tars/AutoModelCrofi/ros2_ws/install/lane_detector/lib/python3.12/site-packages:${PYTHONPATH} /usr/bin/python3 -W ignore:setup.py install is deprecated -W ignore:easy_install command is deprecated setup.py egg_info --egg-base ../../../build/lane_detector build --build-base /home/tars/AutoModelCrofi/ros2_ws/build/lane_detector/build install --record /home/tars/AutoModelCrofi/ros2_ws/build/lane_detector/install.log --single-version-externally-managed install_data
