[5.490s] Invoking command in '/home/crofi/AutoModelCrofi/ros2_ws/build/ydlidar_client': PYTHONPATH=/home/crofi/AutoModelCrofi/ros2_ws/build/ydlidar_client/prefix_override:/usr/lib/python3/dist-packages/colcon_core/task/python/colcon_distutils_commands:/home/crofi/AutoModelCrofi/ros2_ws/install/ydlidar_client/lib/python3.10/site-packages:${PYTHONPATH} /usr/bin/python3 -W ignore:setup.py install is deprecated -W ignore:easy_install command is deprecated setup.py develop --editable --build-directory /home/crofi/AutoModelCrofi/ros2_ws/build/ydlidar_client/build --no-deps symlink_data
[7.325s] running develop
[8.697s] running egg_info
[8.697s] creating ydlidar_client.egg-info
[8.698s] writing ydlidar_client.egg-info/PKG-INFO
[8.699s] writing dependency_links to ydlidar_client.egg-info/dependency_links.txt
[8.700s] writing entry points to ydlidar_client.egg-info/entry_points.txt
[8.701s] writing requirements to ydlidar_client.egg-info/requires.txt
[8.702s] writing top-level names to ydlidar_client.egg-info/top_level.txt
[8.702s] writing manifest file 'ydlidar_client.egg-info/SOURCES.txt'
[8.710s] reading manifest file 'ydlidar_client.egg-info/SOURCES.txt'
[8.713s] writing manifest file 'ydlidar_client.egg-info/SOURCES.txt'
[8.722s] running build_ext
[8.723s] Creating /home/crofi/AutoModelCrofi/ros2_ws/install/ydlidar_client/lib/python3.10/site-packages/ydlidar-client.egg-link (link to .)
[8.727s] Installing ydlidar_client script to /home/crofi/AutoModelCrofi/ros2_ws/install/ydlidar_client/lib/ydlidar_client
[8.729s] 
[8.730s] Installed /home/crofi/AutoModelCrofi/ros2_ws/build/ydlidar_client
[8.730s] running symlink_data
[8.732s] creating /home/crofi/AutoModelCrofi/ros2_ws/install/ydlidar_client/share/ament_index
[8.733s] creating /home/crofi/AutoModelCrofi/ros2_ws/install/ydlidar_client/share/ament_index/resource_index
[8.734s] creating /home/crofi/AutoModelCrofi/ros2_ws/install/ydlidar_client/share/ament_index/resource_index/packages
[8.735s] symbolically linking /home/crofi/AutoModelCrofi/ros2_ws/build/ydlidar_client/resource/ydlidar_client -> /home/crofi/AutoModelCrofi/ros2_ws/install/ydlidar_client/share/ament_index/resource_index/packages
[8.736s] symbolically linking /home/crofi/AutoModelCrofi/ros2_ws/build/ydlidar_client/package.xml -> /home/crofi/AutoModelCrofi/ros2_ws/install/ydlidar_client/share/ydlidar_client
[8.930s] Invoked command in '/home/crofi/AutoModelCrofi/ros2_ws/build/ydlidar_client' returned '0': PYTHONPATH=/home/crofi/AutoModelCrofi/ros2_ws/build/ydlidar_client/prefix_override:/usr/lib/python3/dist-packages/colcon_core/task/python/colcon_distutils_commands:/home/crofi/AutoModelCrofi/ros2_ws/install/ydlidar_client/lib/python3.10/site-packages:${PYTHONPATH} /usr/bin/python3 -W ignore:setup.py install is deprecated -W ignore:easy_install command is deprecated setup.py develop --editable --build-directory /home/crofi/AutoModelCrofi/ros2_ws/build/ydlidar_client/build --no-deps symlink_data
