[8.935s] Invoking command in '/home/crofi/ros2_ws/src/vision/senal_detector': PYTHONPATH=/home/crofi/ros2_ws/build/senal_detector/prefix_override:/usr/lib/python3/dist-packages/colcon_core/task/python/colcon_distutils_commands:/home/crofi/ros2_ws/install/senal_detector/lib/python3.10/site-packages:${PYTHONPATH} /usr/bin/python3 -W ignore:setup.py install is deprecated -W ignore:easy_install command is deprecated setup.py egg_info --egg-base ../../../build/senal_detector build --build-base /home/crofi/ros2_ws/build/senal_detector/build install --record /home/crofi/ros2_ws/build/senal_detector/install.log --single-version-externally-managed install_data
[11.704s] running egg_info
[11.708s] writing ../../../build/senal_detector/senal_detector.egg-info/PKG-INFO
[11.710s] writing dependency_links to ../../../build/senal_detector/senal_detector.egg-info/dependency_links.txt
[11.711s] writing entry points to ../../../build/senal_detector/senal_detector.egg-info/entry_points.txt
[11.712s] writing requirements to ../../../build/senal_detector/senal_detector.egg-info/requires.txt
[11.714s] writing top-level names to ../../../build/senal_detector/senal_detector.egg-info/top_level.txt
[11.725s] reading manifest file '../../../build/senal_detector/senal_detector.egg-info/SOURCES.txt'
[11.730s] writing manifest file '../../../build/senal_detector/senal_detector.egg-info/SOURCES.txt'
[11.731s] running build
[11.732s] running build_py
[11.733s] copying senal_detector/senal_detector.py -> /home/crofi/ros2_ws/build/senal_detector/build/lib/senal_detector
[11.734s] running install
[11.736s] running install_lib
[11.753s] copying /home/crofi/ros2_ws/build/senal_detector/build/lib/senal_detector/senal_detector.py -> /home/crofi/ros2_ws/install/senal_detector/lib/python3.10/site-packages/senal_detector
[11.763s] byte-compiling /home/crofi/ros2_ws/install/senal_detector/lib/python3.10/site-packages/senal_detector/senal_detector.py to senal_detector.cpython-310.pyc
[11.768s] running install_data
[11.769s] running install_egg_info
[11.779s] removing '/home/crofi/ros2_ws/install/senal_detector/lib/python3.10/site-packages/senal_detector-0.0.0-py3.10.egg-info' (and everything under it)
[11.782s] Copying ../../../build/senal_detector/senal_detector.egg-info to /home/crofi/ros2_ws/install/senal_detector/lib/python3.10/site-packages/senal_detector-0.0.0-py3.10.egg-info
[11.791s] running install_scripts
[11.955s] Installing senal_detector script to /home/crofi/ros2_ws/install/senal_detector/lib/senal_detector
[11.958s] writing list of installed files to '/home/crofi/ros2_ws/build/senal_detector/install.log'
[12.316s] Invoked command in '/home/crofi/ros2_ws/src/vision/senal_detector' returned '0': PYTHONPATH=/home/crofi/ros2_ws/build/senal_detector/prefix_override:/usr/lib/python3/dist-packages/colcon_core/task/python/colcon_distutils_commands:/home/crofi/ros2_ws/install/senal_detector/lib/python3.10/site-packages:${PYTHONPATH} /usr/bin/python3 -W ignore:setup.py install is deprecated -W ignore:easy_install command is deprecated setup.py egg_info --egg-base ../../../build/senal_detector build --build-base /home/crofi/ros2_ws/build/senal_detector/build install --record /home/crofi/ros2_ws/build/senal_detector/install.log --single-version-externally-managed install_data
