[11.412s] Invoking command in '/home/crofi/ros2_ws/src/hardware/servo': PYTHONPATH=/home/crofi/ros2_ws/build/servo/prefix_override:/usr/lib/python3/dist-packages/colcon_core/task/python/colcon_distutils_commands:/home/crofi/ros2_ws/install/servo/lib/python3.10/site-packages:${PYTHONPATH} /usr/bin/python3 -W ignore:setup.py install is deprecated -W ignore:easy_install command is deprecated setup.py egg_info --egg-base ../../../build/servo build --build-base /home/crofi/ros2_ws/build/servo/build install --record /home/crofi/ros2_ws/build/servo/install.log --single-version-externally-managed install_data
[15.025s] running egg_info
[15.028s] writing ../../../build/servo/servo.egg-info/PKG-INFO
[15.030s] writing dependency_links to ../../../build/servo/servo.egg-info/dependency_links.txt
[15.032s] writing entry points to ../../../build/servo/servo.egg-info/entry_points.txt
[15.033s] writing requirements to ../../../build/servo/servo.egg-info/requires.txt
[15.040s] writing top-level names to ../../../build/servo/servo.egg-info/top_level.txt
[15.049s] reading manifest file '../../../build/servo/servo.egg-info/SOURCES.txt'
[15.055s] writing manifest file '../../../build/servo/servo.egg-info/SOURCES.txt'
[15.056s] running build
[15.057s] running build_py
[15.058s] running install
[15.061s] running install_lib
[15.076s] running install_data
[15.077s] running install_egg_info
[15.092s] removing '/home/crofi/ros2_ws/install/servo/lib/python3.10/site-packages/servo-0.0.0-py3.10.egg-info' (and everything under it)
[15.093s] Copying ../../../build/servo/servo.egg-info to /home/crofi/ros2_ws/install/servo/lib/python3.10/site-packages/servo-0.0.0-py3.10.egg-info
[15.103s] running install_scripts
[15.273s] Installing servo script to /home/crofi/ros2_ws/install/servo/lib/servo
[15.277s] writing list of installed files to '/home/crofi/ros2_ws/build/servo/install.log'
[16.562s] Invoked command in '/home/crofi/ros2_ws/src/hardware/servo' returned '0': PYTHONPATH=/home/crofi/ros2_ws/build/servo/prefix_override:/usr/lib/python3/dist-packages/colcon_core/task/python/colcon_distutils_commands:/home/crofi/ros2_ws/install/servo/lib/python3.10/site-packages:${PYTHONPATH} /usr/bin/python3 -W ignore:setup.py install is deprecated -W ignore:easy_install command is deprecated setup.py egg_info --egg-base ../../../build/servo build --build-base /home/crofi/ros2_ws/build/servo/build install --record /home/crofi/ros2_ws/build/servo/install.log --single-version-externally-managed install_data
