[10.108s] Invoking command in '/home/crofi/ros2_ws/src/vision/senal_detector': PYTHONPATH=/home/crofi/ros2_ws/build/senal_detector/prefix_override:/usr/lib/python3/dist-packages/colcon_core/task/python/colcon_distutils_commands:/home/crofi/ros2_ws/install/senal_detector/lib/python3.10/site-packages:${PYTHONPATH} /usr/bin/python3 -W ignore:setup.py install is deprecated -W ignore:easy_install command is deprecated setup.py egg_info --egg-base ../../../build/senal_detector build --build-base /home/crofi/ros2_ws/build/senal_detector/build install --record /home/crofi/ros2_ws/build/senal_detector/install.log --single-version-externally-managed install_data
[12.704s] running egg_info
[12.710s] writing ../../../build/senal_detector/senal_detector.egg-info/PKG-INFO
[12.713s] writing dependency_links to ../../../build/senal_detector/senal_detector.egg-info/dependency_links.txt
[12.716s] writing entry points to ../../../build/senal_detector/senal_detector.egg-info/entry_points.txt
[12.730s] writing requirements to ../../../build/senal_detector/senal_detector.egg-info/requires.txt
[12.731s] writing top-level names to ../../../build/senal_detector/senal_detector.egg-info/top_level.txt
[12.740s] reading manifest file '../../../build/senal_detector/senal_detector.egg-info/SOURCES.txt'
[12.748s] writing manifest file '../../../build/senal_detector/senal_detector.egg-info/SOURCES.txt'
[12.752s] running build
[12.754s] running build_py
[12.756s] running install
[12.757s] running install_lib
[12.789s] running install_data
[12.790s] running install_egg_info
[12.801s] removing '/home/crofi/ros2_ws/install/senal_detector/lib/python3.10/site-packages/senal_detector-0.0.0-py3.10.egg-info' (and everything under it)
[12.806s] Copying ../../../build/senal_detector/senal_detector.egg-info to /home/crofi/ros2_ws/install/senal_detector/lib/python3.10/site-packages/senal_detector-0.0.0-py3.10.egg-info
[12.831s] running install_scripts
[13.006s] Installing senal_detector script to /home/crofi/ros2_ws/install/senal_detector/lib/senal_detector
[13.032s] writing list of installed files to '/home/crofi/ros2_ws/build/senal_detector/install.log'
[14.986s] Invoked command in '/home/crofi/ros2_ws/src/vision/senal_detector' returned '0': PYTHONPATH=/home/crofi/ros2_ws/build/senal_detector/prefix_override:/usr/lib/python3/dist-packages/colcon_core/task/python/colcon_distutils_commands:/home/crofi/ros2_ws/install/senal_detector/lib/python3.10/site-packages:${PYTHONPATH} /usr/bin/python3 -W ignore:setup.py install is deprecated -W ignore:easy_install command is deprecated setup.py egg_info --egg-base ../../../build/senal_detector build --build-base /home/crofi/ros2_ws/build/senal_detector/build install --record /home/crofi/ros2_ws/build/senal_detector/install.log --single-version-externally-managed install_data
