[1.420s] Invoking command in '/home/tars/AutoModelCrofi/ros2_ws/build/prueba_angle': PYTHONPATH=/home/tars/AutoModelCrofi/ros2_ws/build/prueba_angle/prefix_override:/usr/lib/python3/dist-packages/colcon_core/task/python/colcon_distutils_commands:/home/tars/AutoModelCrofi/ros2_ws/install/prueba_angle/lib/python3.12/site-packages: /usr/bin/python3 -W ignore:setup.py install is deprecated -W ignore:easy_install command is deprecated setup.py develop --uninstall --editable --build-directory /home/tars/AutoModelCrofi/ros2_ws/build/prueba_angle/build
[1.689s] running develop
[1.826s] Removing /home/tars/AutoModelCrofi/ros2_ws/install/prueba_angle/lib/python3.12/site-packages/prueba-angle.egg-link (link to .)
[1.898s] Invoked command in '/home/tars/AutoModelCrofi/ros2_ws/build/prueba_angle' returned '0': PYTHONPATH=/home/tars/AutoModelCrofi/ros2_ws/build/prueba_angle/prefix_override:/usr/lib/python3/dist-packages/colcon_core/task/python/colcon_distutils_commands:/home/tars/AutoModelCrofi/ros2_ws/install/prueba_angle/lib/python3.12/site-packages: /usr/bin/python3 -W ignore:setup.py install is deprecated -W ignore:easy_install command is deprecated setup.py develop --uninstall --editable --build-directory /home/tars/AutoModelCrofi/ros2_ws/build/prueba_angle/build
[1.899s] Invoking command in '/home/tars/AutoModelCrofi/ros2_ws/src/vision/prueba_angle': PYTHONPATH=/home/tars/AutoModelCrofi/ros2_ws/build/prueba_angle/prefix_override:/usr/lib/python3/dist-packages/colcon_core/task/python/colcon_distutils_commands:/home/tars/AutoModelCrofi/ros2_ws/install/prueba_angle/lib/python3.12/site-packages: /usr/bin/python3 -W ignore:setup.py install is deprecated -W ignore:easy_install command is deprecated setup.py egg_info --egg-base ../../../build/prueba_angle build --build-base /home/tars/AutoModelCrofi/ros2_ws/build/prueba_angle/build install --record /home/tars/AutoModelCrofi/ros2_ws/build/prueba_angle/install.log --single-version-externally-managed install_data --force
[2.134s] running egg_info
[2.144s] writing ../../../build/prueba_angle/prueba_angle.egg-info/PKG-INFO
[2.144s] writing dependency_links to ../../../build/prueba_angle/prueba_angle.egg-info/dependency_links.txt
[2.144s] writing entry points to ../../../build/prueba_angle/prueba_angle.egg-info/entry_points.txt
[2.145s] writing requirements to ../../../build/prueba_angle/prueba_angle.egg-info/requires.txt
[2.145s] writing top-level names to ../../../build/prueba_angle/prueba_angle.egg-info/top_level.txt
[2.172s] reading manifest file '../../../build/prueba_angle/prueba_angle.egg-info/SOURCES.txt'
[2.173s] writing manifest file '../../../build/prueba_angle/prueba_angle.egg-info/SOURCES.txt'
[2.173s] running build
[2.173s] running build_py
[2.176s] creating /home/tars/AutoModelCrofi/ros2_ws/build/prueba_angle/build
[2.177s] creating /home/tars/AutoModelCrofi/ros2_ws/build/prueba_angle/build/lib
[2.177s] creating /home/tars/AutoModelCrofi/ros2_ws/build/prueba_angle/build/lib/prueba_angle
[2.177s] copying prueba_angle/prueba_angle.py -> /home/tars/AutoModelCrofi/ros2_ws/build/prueba_angle/build/lib/prueba_angle
[2.177s] copying prueba_angle/__init__.py -> /home/tars/AutoModelCrofi/ros2_ws/build/prueba_angle/build/lib/prueba_angle
[2.177s] running install
[2.184s] running install_lib
[2.197s] creating /home/tars/AutoModelCrofi/ros2_ws/install/prueba_angle/lib/python3.12/site-packages/prueba_angle
[2.198s] copying /home/tars/AutoModelCrofi/ros2_ws/build/prueba_angle/build/lib/prueba_angle/prueba_angle.py -> /home/tars/AutoModelCrofi/ros2_ws/install/prueba_angle/lib/python3.12/site-packages/prueba_angle
[2.198s] copying /home/tars/AutoModelCrofi/ros2_ws/build/prueba_angle/build/lib/prueba_angle/__init__.py -> /home/tars/AutoModelCrofi/ros2_ws/install/prueba_angle/lib/python3.12/site-packages/prueba_angle
[2.201s] byte-compiling /home/tars/AutoModelCrofi/ros2_ws/install/prueba_angle/lib/python3.12/site-packages/prueba_angle/prueba_angle.py to prueba_angle.cpython-312.pyc
[2.201s] byte-compiling /home/tars/AutoModelCrofi/ros2_ws/install/prueba_angle/lib/python3.12/site-packages/prueba_angle/__init__.py to __init__.cpython-312.pyc
[2.201s] running install_data
[2.201s] copying resource/prueba_angle -> /home/tars/AutoModelCrofi/ros2_ws/install/prueba_angle/share/ament_index/resource_index/packages
[2.202s] copying package.xml -> /home/tars/AutoModelCrofi/ros2_ws/install/prueba_angle/share/prueba_angle
[2.202s] running install_egg_info
[2.215s] Copying ../../../build/prueba_angle/prueba_angle.egg-info to /home/tars/AutoModelCrofi/ros2_ws/install/prueba_angle/lib/python3.12/site-packages/prueba_angle-0.0.0-py3.12.egg-info
[2.216s] running install_scripts
[2.318s] Installing prueba_angle script to /home/tars/AutoModelCrofi/ros2_ws/install/prueba_angle/lib/prueba_angle
[2.319s] writing list of installed files to '/home/tars/AutoModelCrofi/ros2_ws/build/prueba_angle/install.log'
[2.397s] Invoked command in '/home/tars/AutoModelCrofi/ros2_ws/src/vision/prueba_angle' returned '0': PYTHONPATH=/home/tars/AutoModelCrofi/ros2_ws/build/prueba_angle/prefix_override:/usr/lib/python3/dist-packages/colcon_core/task/python/colcon_distutils_commands:/home/tars/AutoModelCrofi/ros2_ws/install/prueba_angle/lib/python3.12/site-packages: /usr/bin/python3 -W ignore:setup.py install is deprecated -W ignore:easy_install command is deprecated setup.py egg_info --egg-base ../../../build/prueba_angle build --build-base /home/tars/AutoModelCrofi/ros2_ws/build/prueba_angle/build install --record /home/tars/AutoModelCrofi/ros2_ws/build/prueba_angle/install.log --single-version-externally-managed install_data --force
