[19.031s] Invoking command in '/home/crofi/ros2_ws/src/hardware/servo': PYTHONPATH=/home/crofi/ros2_ws/build/servo/prefix_override:/usr/lib/python3/dist-packages/colcon_core/task/python/colcon_distutils_commands:/home/crofi/ros2_ws/install/servo/lib/python3.10/site-packages:${PYTHONPATH} /usr/bin/python3 -W ignore:setup.py install is deprecated -W ignore:easy_install command is deprecated setup.py egg_info --egg-base ../../../build/servo build --build-base /home/crofi/ros2_ws/build/servo/build install --record /home/crofi/ros2_ws/build/servo/install.log --single-version-externally-managed install_data
[24.823s] running egg_info
[24.828s] writing ../../../build/servo/servo.egg-info/PKG-INFO
[24.833s] writing dependency_links to ../../../build/servo/servo.egg-info/dependency_links.txt
[24.835s] writing entry points to ../../../build/servo/servo.egg-info/entry_points.txt
[24.836s] writing requirements to ../../../build/servo/servo.egg-info/requires.txt
[24.837s] writing top-level names to ../../../build/servo/servo.egg-info/top_level.txt
[24.858s] reading manifest file '../../../build/servo/servo.egg-info/SOURCES.txt'
[24.866s] writing manifest file '../../../build/servo/servo.egg-info/SOURCES.txt'
[24.872s] running build
[24.872s] running build_py
[24.873s] running install
[24.874s] running install_lib
[24.907s] running install_data
[24.909s] running install_egg_info
[24.937s] removing '/home/crofi/ros2_ws/install/servo/lib/python3.10/site-packages/servo-0.0.0-py3.10.egg-info' (and everything under it)
[24.939s] Copying ../../../build/servo/servo.egg-info to /home/crofi/ros2_ws/install/servo/lib/python3.10/site-packages/servo-0.0.0-py3.10.egg-info
[24.954s] running install_scripts
[25.216s] Installing servo script to /home/crofi/ros2_ws/install/servo/lib/servo
[25.230s] writing list of installed files to '/home/crofi/ros2_ws/build/servo/install.log'
[25.613s] Invoked command in '/home/crofi/ros2_ws/src/hardware/servo' returned '0': PYTHONPATH=/home/crofi/ros2_ws/build/servo/prefix_override:/usr/lib/python3/dist-packages/colcon_core/task/python/colcon_distutils_commands:/home/crofi/ros2_ws/install/servo/lib/python3.10/site-packages:${PYTHONPATH} /usr/bin/python3 -W ignore:setup.py install is deprecated -W ignore:easy_install command is deprecated setup.py egg_info --egg-base ../../../build/servo build --build-base /home/crofi/ros2_ws/build/servo/build install --record /home/crofi/ros2_ws/build/servo/install.log --single-version-externally-managed install_data
