[3.751s] Invoking command in '/home/crofi/AutoModelCrofi/ros2_ws/build/ydlidar_publicador': CMAKE_PREFIX_PATH=${CMAKE_PREFIX_PATH}:/home/crofi/AutoModelCrofi/ros2_ws/install/ydlidar_client:/home/crofi/AutoModelCrofi/ros2_ws/install/webcam_recorted:/home/crofi/AutoModelCrofi/ros2_ws/install/webcam:/home/crofi/AutoModelCrofi/ros2_ws/install/steering_error:/home/crofi/AutoModelCrofi/ros2_ws/install/speed_controller:/home/crofi/AutoModelCrofi/ros2_ws/install/servo:/home/crofi/AutoModelCrofi/ros2_ws/install/serial_bridge:/home/crofi/AutoModelCrofi/ros2_ws/install/senal_detector:/home/crofi/AutoModelCrofi/ros2_ws/install/red_vision:/home/crofi/AutoModelCrofi/ros2_ws/install/prueba_angle:/home/crofi/AutoModelCrofi/ros2_ws/install/lanes_borders:/home/crofi/AutoModelCrofi/ros2_ws/install/lane_detector:/home/crofi/AutoModelCrofi/ros2_ws/install/lane_angle:/home/crofi/AutoModelCrofi/ros2_ws/install/driver:/home/crofi/AutoModelCrofi/ros2_ws/install/directional_led:/opt/ros/humble /usr/bin/cmake --build /home/crofi/AutoModelCrofi/ros2_ws/build/ydlidar_publicador -- -j4 -l4
[4.883s] [ 50%] Built target ydlidar_publicador_client
[4.892s] [100%] Built target ydlidar_publicador_node
[4.999s] Invoked command in '/home/crofi/AutoModelCrofi/ros2_ws/build/ydlidar_publicador' returned '0': CMAKE_PREFIX_PATH=${CMAKE_PREFIX_PATH}:/home/crofi/AutoModelCrofi/ros2_ws/install/ydlidar_client:/home/crofi/AutoModelCrofi/ros2_ws/install/webcam_recorted:/home/crofi/AutoModelCrofi/ros2_ws/install/webcam:/home/crofi/AutoModelCrofi/ros2_ws/install/steering_error:/home/crofi/AutoModelCrofi/ros2_ws/install/speed_controller:/home/crofi/AutoModelCrofi/ros2_ws/install/servo:/home/crofi/AutoModelCrofi/ros2_ws/install/serial_bridge:/home/crofi/AutoModelCrofi/ros2_ws/install/senal_detector:/home/crofi/AutoModelCrofi/ros2_ws/install/red_vision:/home/crofi/AutoModelCrofi/ros2_ws/install/prueba_angle:/home/crofi/AutoModelCrofi/ros2_ws/install/lanes_borders:/home/crofi/AutoModelCrofi/ros2_ws/install/lane_detector:/home/crofi/AutoModelCrofi/ros2_ws/install/lane_angle:/home/crofi/AutoModelCrofi/ros2_ws/install/driver:/home/crofi/AutoModelCrofi/ros2_ws/install/directional_led:/opt/ros/humble /usr/bin/cmake --build /home/crofi/AutoModelCrofi/ros2_ws/build/ydlidar_publicador -- -j4 -l4
[5.109s] Invoking command in '/home/crofi/AutoModelCrofi/ros2_ws/build/ydlidar_publicador': CMAKE_PREFIX_PATH=${CMAKE_PREFIX_PATH}:/home/crofi/AutoModelCrofi/ros2_ws/install/ydlidar_client:/home/crofi/AutoModelCrofi/ros2_ws/install/webcam_recorted:/home/crofi/AutoModelCrofi/ros2_ws/install/webcam:/home/crofi/AutoModelCrofi/ros2_ws/install/steering_error:/home/crofi/AutoModelCrofi/ros2_ws/install/speed_controller:/home/crofi/AutoModelCrofi/ros2_ws/install/servo:/home/crofi/AutoModelCrofi/ros2_ws/install/serial_bridge:/home/crofi/AutoModelCrofi/ros2_ws/install/senal_detector:/home/crofi/AutoModelCrofi/ros2_ws/install/red_vision:/home/crofi/AutoModelCrofi/ros2_ws/install/prueba_angle:/home/crofi/AutoModelCrofi/ros2_ws/install/lanes_borders:/home/crofi/AutoModelCrofi/ros2_ws/install/lane_detector:/home/crofi/AutoModelCrofi/ros2_ws/install/lane_angle:/home/crofi/AutoModelCrofi/ros2_ws/install/driver:/home/crofi/AutoModelCrofi/ros2_ws/install/directional_led:/opt/ros/humble /usr/bin/cmake --install /home/crofi/AutoModelCrofi/ros2_ws/build/ydlidar_publicador
[5.184s] -- Install configuration: ""
[5.192s] -- Execute custom install script
[5.199s] -- Up-to-date symlink: /home/crofi/AutoModelCrofi/ros2_ws/install/ydlidar_publicador/lib/ydlidar_publicador/ydlidar_publicador_node
[5.202s] -- Up-to-date symlink: /home/crofi/AutoModelCrofi/ros2_ws/install/ydlidar_publicador/lib/ydlidar_publicador/ydlidar_publicador_client
[5.215s] -- Up-to-date symlink: /home/crofi/AutoModelCrofi/ros2_ws/install/ydlidar_publicador/share/ydlidar_publicador/launch/ydlidar.py
[5.218s] -- Up-to-date symlink: /home/crofi/AutoModelCrofi/ros2_ws/install/ydlidar_publicador/share/ydlidar_publicador/launch/ydlidar_launch.py
[5.221s] -- Up-to-date symlink: /home/crofi/AutoModelCrofi/ros2_ws/install/ydlidar_publicador/share/ydlidar_publicador/launch/ydlidar_launch_view.py
[5.229s] -- Up-to-date symlink: /home/crofi/AutoModelCrofi/ros2_ws/install/ydlidar_publicador/share/ydlidar_publicador/params/G1.yaml
[5.232s] -- Up-to-date symlink: /home/crofi/AutoModelCrofi/ros2_ws/install/ydlidar_publicador/share/ydlidar_publicador/params/G2.yaml
[5.235s] -- Up-to-date symlink: /home/crofi/AutoModelCrofi/ros2_ws/install/ydlidar_publicador/share/ydlidar_publicador/params/G6.yaml
[5.239s] -- Up-to-date symlink: /home/crofi/AutoModelCrofi/ros2_ws/install/ydlidar_publicador/share/ydlidar_publicador/params/GS2.yaml
[5.242s] -- Up-to-date symlink: /home/crofi/AutoModelCrofi/ros2_ws/install/ydlidar_publicador/share/ydlidar_publicador/params/TEA.yaml
[5.245s] -- Up-to-date symlink: /home/crofi/AutoModelCrofi/ros2_ws/install/ydlidar_publicador/share/ydlidar_publicador/params/TG.yaml
[5.248s] -- Up-to-date symlink: /home/crofi/AutoModelCrofi/ros2_ws/install/ydlidar_publicador/share/ydlidar_publicador/params/TminiPro.yaml
[5.251s] -- Up-to-date symlink: /home/crofi/AutoModelCrofi/ros2_ws/install/ydlidar_publicador/share/ydlidar_publicador/params/X2.yaml
[5.254s] -- Up-to-date symlink: /home/crofi/AutoModelCrofi/ros2_ws/install/ydlidar_publicador/share/ydlidar_publicador/params/X4-Pro.yaml
[5.257s] -- Up-to-date symlink: /home/crofi/AutoModelCrofi/ros2_ws/install/ydlidar_publicador/share/ydlidar_publicador/params/X4.yaml
[5.260s] -- Up-to-date symlink: /home/crofi/AutoModelCrofi/ros2_ws/install/ydlidar_publicador/share/ydlidar_publicador/params/ydlidar.yaml
[5.266s] -- Up-to-date symlink: /home/crofi/AutoModelCrofi/ros2_ws/install/ydlidar_publicador/share/ydlidar_publicador/startup/initenv.sh
[5.272s] -- Up-to-date symlink: /home/crofi/AutoModelCrofi/ros2_ws/install/ydlidar_publicador/share/ydlidar_publicador/config/ydlidar.rviz
[5.276s] -- Up-to-date symlink: /home/crofi/AutoModelCrofi/ros2_ws/install/ydlidar_publicador/share/ament_index/resource_index/package_run_dependencies/ydlidar_publicador
[5.280s] -- Up-to-date symlink: /home/crofi/AutoModelCrofi/ros2_ws/install/ydlidar_publicador/share/ament_index/resource_index/parent_prefix_path/ydlidar_publicador
[5.284s] -- Up-to-date symlink: /home/crofi/AutoModelCrofi/ros2_ws/install/ydlidar_publicador/share/ydlidar_publicador/environment/ament_prefix_path.sh
[5.287s] -- Up-to-date symlink: /home/crofi/AutoModelCrofi/ros2_ws/install/ydlidar_publicador/share/ydlidar_publicador/environment/ament_prefix_path.dsv
[5.291s] -- Up-to-date symlink: /home/crofi/AutoModelCrofi/ros2_ws/install/ydlidar_publicador/share/ydlidar_publicador/environment/path.sh
[5.294s] -- Up-to-date symlink: /home/crofi/AutoModelCrofi/ros2_ws/install/ydlidar_publicador/share/ydlidar_publicador/environment/path.dsv
[5.297s] -- Up-to-date symlink: /home/crofi/AutoModelCrofi/ros2_ws/install/ydlidar_publicador/share/ydlidar_publicador/local_setup.bash
[5.301s] -- Up-to-date symlink: /home/crofi/AutoModelCrofi/ros2_ws/install/ydlidar_publicador/share/ydlidar_publicador/local_setup.sh
[5.304s] -- Up-to-date symlink: /home/crofi/AutoModelCrofi/ros2_ws/install/ydlidar_publicador/share/ydlidar_publicador/local_setup.zsh
[5.307s] -- Up-to-date symlink: /home/crofi/AutoModelCrofi/ros2_ws/install/ydlidar_publicador/share/ydlidar_publicador/local_setup.dsv
[5.308s] -- Symlinking: /home/crofi/AutoModelCrofi/ros2_ws/install/ydlidar_publicador/share/ydlidar_publicador/package.dsv
[5.399s] -- Up-to-date symlink: /home/crofi/AutoModelCrofi/ros2_ws/install/ydlidar_publicador/share/ament_index/resource_index/packages/ydlidar_publicador
[5.403s] -- Up-to-date symlink: /home/crofi/AutoModelCrofi/ros2_ws/install/ydlidar_publicador/share/ydlidar_publicador/cmake/ydlidar_publicadorConfig.cmake
[5.406s] -- Up-to-date symlink: /home/crofi/AutoModelCrofi/ros2_ws/install/ydlidar_publicador/share/ydlidar_publicador/cmake/ydlidar_publicadorConfig-version.cmake
[5.409s] -- Up-to-date symlink: /home/crofi/AutoModelCrofi/ros2_ws/install/ydlidar_publicador/share/ydlidar_publicador/package.xml
[5.428s] Invoked command in '/home/crofi/AutoModelCrofi/ros2_ws/build/ydlidar_publicador' returned '0': CMAKE_PREFIX_PATH=${CMAKE_PREFIX_PATH}:/home/crofi/AutoModelCrofi/ros2_ws/install/ydlidar_client:/home/crofi/AutoModelCrofi/ros2_ws/install/webcam_recorted:/home/crofi/AutoModelCrofi/ros2_ws/install/webcam:/home/crofi/AutoModelCrofi/ros2_ws/install/steering_error:/home/crofi/AutoModelCrofi/ros2_ws/install/speed_controller:/home/crofi/AutoModelCrofi/ros2_ws/install/servo:/home/crofi/AutoModelCrofi/ros2_ws/install/serial_bridge:/home/crofi/AutoModelCrofi/ros2_ws/install/senal_detector:/home/crofi/AutoModelCrofi/ros2_ws/install/red_vision:/home/crofi/AutoModelCrofi/ros2_ws/install/prueba_angle:/home/crofi/AutoModelCrofi/ros2_ws/install/lanes_borders:/home/crofi/AutoModelCrofi/ros2_ws/install/lane_detector:/home/crofi/AutoModelCrofi/ros2_ws/install/lane_angle:/home/crofi/AutoModelCrofi/ros2_ws/install/driver:/home/crofi/AutoModelCrofi/ros2_ws/install/directional_led:/opt/ros/humble /usr/bin/cmake --install /home/crofi/AutoModelCrofi/ros2_ws/build/ydlidar_publicador
