[7.859s] Invoking command in '/home/crofi/AutoModelCrofi/ros2_ws/build/webcam_recorted': PYTHONPATH=/home/crofi/AutoModelCrofi/ros2_ws/build/webcam_recorted/prefix_override:/usr/lib/python3/dist-packages/colcon_core/task/python/colcon_distutils_commands:/home/crofi/AutoModelCrofi/ros2_ws/install/webcam_recorted/lib/python3.10/site-packages:${PYTHONPATH} /usr/bin/python3 -W ignore:setup.py install is deprecated -W ignore:easy_install command is deprecated setup.py develop --uninstall --editable --build-directory /home/crofi/AutoModelCrofi/ros2_ws/build/webcam_recorted/build
[10.640s] running develop
[12.713s] Removing /home/crofi/AutoModelCrofi/ros2_ws/install/webcam_recorted/lib/python3.10/site-packages/webcam-recorted.egg-link (link to .)
[13.026s] Invoked command in '/home/crofi/AutoModelCrofi/ros2_ws/build/webcam_recorted' returned '0': PYTHONPATH=/home/crofi/AutoModelCrofi/ros2_ws/build/webcam_recorted/prefix_override:/usr/lib/python3/dist-packages/colcon_core/task/python/colcon_distutils_commands:/home/crofi/AutoModelCrofi/ros2_ws/install/webcam_recorted/lib/python3.10/site-packages:${PYTHONPATH} /usr/bin/python3 -W ignore:setup.py install is deprecated -W ignore:easy_install command is deprecated setup.py develop --uninstall --editable --build-directory /home/crofi/AutoModelCrofi/ros2_ws/build/webcam_recorted/build
[13.036s] Invoking command in '/home/crofi/AutoModelCrofi/ros2_ws/src/hardware/webcam_recorted': PYTHONPATH=/home/crofi/AutoModelCrofi/ros2_ws/build/webcam_recorted/prefix_override:/usr/lib/python3/dist-packages/colcon_core/task/python/colcon_distutils_commands:/home/crofi/AutoModelCrofi/ros2_ws/install/webcam_recorted/lib/python3.10/site-packages:${PYTHONPATH} /usr/bin/python3 -W ignore:setup.py install is deprecated -W ignore:easy_install command is deprecated setup.py egg_info --egg-base ../../../build/webcam_recorted build --build-base /home/crofi/AutoModelCrofi/ros2_ws/build/webcam_recorted/build install --record /home/crofi/AutoModelCrofi/ros2_ws/build/webcam_recorted/install.log --single-version-externally-managed install_data --force
[15.448s] running egg_info
[15.461s] writing ../../../build/webcam_recorted/webcam_recorted.egg-info/PKG-INFO
[15.466s] writing dependency_links to ../../../build/webcam_recorted/webcam_recorted.egg-info/dependency_links.txt
[15.467s] writing entry points to ../../../build/webcam_recorted/webcam_recorted.egg-info/entry_points.txt
[15.468s] writing requirements to ../../../build/webcam_recorted/webcam_recorted.egg-info/requires.txt
[15.469s] writing top-level names to ../../../build/webcam_recorted/webcam_recorted.egg-info/top_level.txt
[15.481s] reading manifest file '../../../build/webcam_recorted/webcam_recorted.egg-info/SOURCES.txt'
[15.486s] writing manifest file '../../../build/webcam_recorted/webcam_recorted.egg-info/SOURCES.txt'
[15.487s] running build
[15.487s] running build_py
[15.489s] running install
[15.490s] running install_lib
[15.494s] creating /home/crofi/AutoModelCrofi/ros2_ws/install/webcam_recorted/lib/python3.10/site-packages/webcam_recorted
[15.494s] copying /home/crofi/AutoModelCrofi/ros2_ws/build/webcam_recorted/build/lib/webcam_recorted/__init__.py -> /home/crofi/AutoModelCrofi/ros2_ws/install/webcam_recorted/lib/python3.10/site-packages/webcam_recorted
[15.495s] copying /home/crofi/AutoModelCrofi/ros2_ws/build/webcam_recorted/build/lib/webcam_recorted/webcam_recorted.py -> /home/crofi/AutoModelCrofi/ros2_ws/install/webcam_recorted/lib/python3.10/site-packages/webcam_recorted
[15.504s] byte-compiling /home/crofi/AutoModelCrofi/ros2_ws/install/webcam_recorted/lib/python3.10/site-packages/webcam_recorted/__init__.py to __init__.cpython-310.pyc
[15.506s] byte-compiling /home/crofi/AutoModelCrofi/ros2_ws/install/webcam_recorted/lib/python3.10/site-packages/webcam_recorted/webcam_recorted.py to webcam_recorted.cpython-310.pyc
[15.508s] running install_data
[15.509s] copying resource/webcam_recorted -> /home/crofi/AutoModelCrofi/ros2_ws/install/webcam_recorted/share/ament_index/resource_index/packages
[15.510s] copying package.xml -> /home/crofi/AutoModelCrofi/ros2_ws/install/webcam_recorted/share/webcam_recorted
[15.510s] running install_egg_info
[15.519s] Copying ../../../build/webcam_recorted/webcam_recorted.egg-info to /home/crofi/AutoModelCrofi/ros2_ws/install/webcam_recorted/lib/python3.10/site-packages/webcam_recorted-0.0.0-py3.10.egg-info
[15.533s] running install_scripts
[15.654s] Installing webcam_recorted script to /home/crofi/AutoModelCrofi/ros2_ws/install/webcam_recorted/lib/webcam_recorted
[15.655s] writing list of installed files to '/home/crofi/AutoModelCrofi/ros2_ws/build/webcam_recorted/install.log'
[16.157s] Invoked command in '/home/crofi/AutoModelCrofi/ros2_ws/src/hardware/webcam_recorted' returned '0': PYTHONPATH=/home/crofi/AutoModelCrofi/ros2_ws/build/webcam_recorted/prefix_override:/usr/lib/python3/dist-packages/colcon_core/task/python/colcon_distutils_commands:/home/crofi/AutoModelCrofi/ros2_ws/install/webcam_recorted/lib/python3.10/site-packages:${PYTHONPATH} /usr/bin/python3 -W ignore:setup.py install is deprecated -W ignore:easy_install command is deprecated setup.py egg_info --egg-base ../../../build/webcam_recorted build --build-base /home/crofi/AutoModelCrofi/ros2_ws/build/webcam_recorted/build install --record /home/crofi/AutoModelCrofi/ros2_ws/build/webcam_recorted/install.log --single-version-externally-managed install_data --force
