[8.672s] Invoking command in '/home/crofi/ros2_ws/src/vision/senal_detector': PYTHONPATH=/home/crofi/ros2_ws/build/senal_detector/prefix_override:/usr/lib/python3/dist-packages/colcon_core/task/python/colcon_distutils_commands:/home/crofi/ros2_ws/install/senal_detector/lib/python3.10/site-packages:${PYTHONPATH} /usr/bin/python3 -W ignore:setup.py install is deprecated -W ignore:easy_install command is deprecated setup.py egg_info --egg-base ../../../build/senal_detector build --build-base /home/crofi/ros2_ws/build/senal_detector/build install --record /home/crofi/ros2_ws/build/senal_detector/install.log --single-version-externally-managed install_data
[10.531s] running egg_info
[10.535s] writing ../../../build/senal_detector/senal_detector.egg-info/PKG-INFO
[10.537s] writing dependency_links to ../../../build/senal_detector/senal_detector.egg-info/dependency_links.txt
[10.539s] writing entry points to ../../../build/senal_detector/senal_detector.egg-info/entry_points.txt
[10.541s] writing requirements to ../../../build/senal_detector/senal_detector.egg-info/requires.txt
[10.543s] writing top-level names to ../../../build/senal_detector/senal_detector.egg-info/top_level.txt
[10.562s] reading manifest file '../../../build/senal_detector/senal_detector.egg-info/SOURCES.txt'
[10.563s] writing manifest file '../../../build/senal_detector/senal_detector.egg-info/SOURCES.txt'
[10.565s] running build
[10.566s] running build_py
[10.569s] running install
[10.571s] running install_lib
[10.591s] running install_data
[10.593s] running install_egg_info
[10.606s] removing '/home/crofi/ros2_ws/install/senal_detector/lib/python3.10/site-packages/senal_detector-0.0.0-py3.10.egg-info' (and everything under it)
[10.610s] Copying ../../../build/senal_detector/senal_detector.egg-info to /home/crofi/ros2_ws/install/senal_detector/lib/python3.10/site-packages/senal_detector-0.0.0-py3.10.egg-info
[10.624s] running install_scripts
[10.777s] Installing senal_detector script to /home/crofi/ros2_ws/install/senal_detector/lib/senal_detector
[10.780s] writing list of installed files to '/home/crofi/ros2_ws/build/senal_detector/install.log'
[11.018s] Invoked command in '/home/crofi/ros2_ws/src/vision/senal_detector' returned '0': PYTHONPATH=/home/crofi/ros2_ws/build/senal_detector/prefix_override:/usr/lib/python3/dist-packages/colcon_core/task/python/colcon_distutils_commands:/home/crofi/ros2_ws/install/senal_detector/lib/python3.10/site-packages:${PYTHONPATH} /usr/bin/python3 -W ignore:setup.py install is deprecated -W ignore:easy_install command is deprecated setup.py egg_info --egg-base ../../../build/senal_detector build --build-base /home/crofi/ros2_ws/build/senal_detector/build install --record /home/crofi/ros2_ws/build/senal_detector/install.log --single-version-externally-managed install_data
