[35.047s] Invoking command in '/home/crofi/AutoModel_Rep/ros2_ws/src/vision/senal_detector': PYTHONPATH=/home/crofi/AutoModel_Rep/build/senal_detector/prefix_override:/usr/lib/python3/dist-packages/colcon_core/task/python/colcon_distutils_commands:/home/crofi/AutoModel_Rep/install/senal_detector/lib/python3.10/site-packages:${PYTHONPATH} /usr/bin/python3 -W ignore:setup.py install is deprecated -W ignore:easy_install command is deprecated setup.py egg_info --egg-base ../../../../build/senal_detector build --build-base /home/crofi/AutoModel_Rep/build/senal_detector/build install --record /home/crofi/AutoModel_Rep/build/senal_detector/install.log --single-version-externally-managed install_data
[44.106s] running egg_info
[44.127s] writing ../../../../build/senal_detector/senal_detector.egg-info/PKG-INFO
[44.127s] writing dependency_links to ../../../../build/senal_detector/senal_detector.egg-info/dependency_links.txt
[44.128s] writing entry points to ../../../../build/senal_detector/senal_detector.egg-info/entry_points.txt
[44.130s] writing requirements to ../../../../build/senal_detector/senal_detector.egg-info/requires.txt
[44.131s] writing top-level names to ../../../../build/senal_detector/senal_detector.egg-info/top_level.txt
[44.131s] reading manifest file '../../../../build/senal_detector/senal_detector.egg-info/SOURCES.txt'
[44.146s] writing manifest file '../../../../build/senal_detector/senal_detector.egg-info/SOURCES.txt'
[44.147s] running build
[44.149s] running build_py
[44.150s] running install
[44.152s] running install_lib
[44.186s] running install_data
[44.190s] running install_egg_info
[44.197s] removing '/home/crofi/AutoModel_Rep/install/senal_detector/lib/python3.10/site-packages/senal_detector-0.0.0-py3.10.egg-info' (and everything under it)
[44.200s] Copying ../../../../build/senal_detector/senal_detector.egg-info to /home/crofi/AutoModel_Rep/install/senal_detector/lib/python3.10/site-packages/senal_detector-0.0.0-py3.10.egg-info
[44.215s] running install_scripts
[44.465s] Installing senal_detector script to /home/crofi/AutoModel_Rep/install/senal_detector/lib/senal_detector
[44.496s] writing list of installed files to '/home/crofi/AutoModel_Rep/build/senal_detector/install.log'
[54.453s] Invoked command in '/home/crofi/AutoModel_Rep/ros2_ws/src/vision/senal_detector' returned '0': PYTHONPATH=/home/crofi/AutoModel_Rep/build/senal_detector/prefix_override:/usr/lib/python3/dist-packages/colcon_core/task/python/colcon_distutils_commands:/home/crofi/AutoModel_Rep/install/senal_detector/lib/python3.10/site-packages:${PYTHONPATH} /usr/bin/python3 -W ignore:setup.py install is deprecated -W ignore:easy_install command is deprecated setup.py egg_info --egg-base ../../../../build/senal_detector build --build-base /home/crofi/AutoModel_Rep/build/senal_detector/build install --record /home/crofi/AutoModel_Rep/build/senal_detector/install.log --single-version-externally-managed install_data
