[10.141s] Invoking command in '/home/crofi/ros2_ws/src/hardware/servo': PYTHONPATH=/home/crofi/ros2_ws/build/servo/prefix_override:/usr/lib/python3/dist-packages/colcon_core/task/python/colcon_distutils_commands:/home/crofi/ros2_ws/install/servo/lib/python3.10/site-packages:${PYTHONPATH} /usr/bin/python3 -W ignore:setup.py install is deprecated -W ignore:easy_install command is deprecated setup.py egg_info --egg-base ../../../build/servo build --build-base /home/crofi/ros2_ws/build/servo/build install --record /home/crofi/ros2_ws/build/servo/install.log --single-version-externally-managed install_data
[12.733s] running egg_info
[12.737s] writing ../../../build/servo/servo.egg-info/PKG-INFO
[12.739s] writing dependency_links to ../../../build/servo/servo.egg-info/dependency_links.txt
[12.740s] writing entry points to ../../../build/servo/servo.egg-info/entry_points.txt
[12.741s] writing requirements to ../../../build/servo/servo.egg-info/requires.txt
[12.742s] writing top-level names to ../../../build/servo/servo.egg-info/top_level.txt
[12.751s] reading manifest file '../../../build/servo/servo.egg-info/SOURCES.txt'
[12.756s] writing manifest file '../../../build/servo/servo.egg-info/SOURCES.txt'
[12.756s] running build
[12.757s] running build_py
[12.758s] running install
[12.760s] running install_lib
[12.772s] running install_data
[12.773s] running install_egg_info
[12.787s] removing '/home/crofi/ros2_ws/install/servo/lib/python3.10/site-packages/servo-0.0.0-py3.10.egg-info' (and everything under it)
[12.788s] Copying ../../../build/servo/servo.egg-info to /home/crofi/ros2_ws/install/servo/lib/python3.10/site-packages/servo-0.0.0-py3.10.egg-info
[12.798s] running install_scripts
[12.905s] Installing servo script to /home/crofi/ros2_ws/install/servo/lib/servo
[12.907s] writing list of installed files to '/home/crofi/ros2_ws/build/servo/install.log'
[14.266s] Invoked command in '/home/crofi/ros2_ws/src/hardware/servo' returned '0': PYTHONPATH=/home/crofi/ros2_ws/build/servo/prefix_override:/usr/lib/python3/dist-packages/colcon_core/task/python/colcon_distutils_commands:/home/crofi/ros2_ws/install/servo/lib/python3.10/site-packages:${PYTHONPATH} /usr/bin/python3 -W ignore:setup.py install is deprecated -W ignore:easy_install command is deprecated setup.py egg_info --egg-base ../../../build/servo build --build-base /home/crofi/ros2_ws/build/servo/build install --record /home/crofi/ros2_ws/build/servo/install.log --single-version-externally-managed install_data
