[15.033s] Invoking command in '/home/crofi/AutoModel_Rep/ros2_ws/src/vision/lane_angle': PYTHONPATH=/home/crofi/AutoModel_Rep/build/lane_angle/prefix_override:/usr/lib/python3/dist-packages/colcon_core/task/python/colcon_distutils_commands:/home/crofi/AutoModel_Rep/install/lane_angle/lib/python3.10/site-packages:${PYTHONPATH} /usr/bin/python3 -W ignore:setup.py install is deprecated -W ignore:easy_install command is deprecated setup.py egg_info --egg-base ../../../../build/lane_angle build --build-base /home/crofi/AutoModel_Rep/build/lane_angle/build install --record /home/crofi/AutoModel_Rep/build/lane_angle/install.log --single-version-externally-managed install_data
[19.539s] running egg_info
[19.539s] writing ../../../../build/lane_angle/lane_angle.egg-info/PKG-INFO
[19.540s] writing dependency_links to ../../../../build/lane_angle/lane_angle.egg-info/dependency_links.txt
[19.541s] writing entry points to ../../../../build/lane_angle/lane_angle.egg-info/entry_points.txt
[19.544s] writing requirements to ../../../../build/lane_angle/lane_angle.egg-info/requires.txt
[19.551s] writing top-level names to ../../../../build/lane_angle/lane_angle.egg-info/top_level.txt
[19.566s] reading manifest file '../../../../build/lane_angle/lane_angle.egg-info/SOURCES.txt'
[19.572s] writing manifest file '../../../../build/lane_angle/lane_angle.egg-info/SOURCES.txt'
[19.573s] running build
[19.574s] running build_py
[19.577s] running install
[19.580s] running install_lib
[19.614s] running install_data
[19.615s] running install_egg_info
[19.621s] removing '/home/crofi/AutoModel_Rep/install/lane_angle/lib/python3.10/site-packages/lane_angle-0.0.0-py3.10.egg-info' (and everything under it)
[19.626s] Copying ../../../../build/lane_angle/lane_angle.egg-info to /home/crofi/AutoModel_Rep/install/lane_angle/lib/python3.10/site-packages/lane_angle-0.0.0-py3.10.egg-info
[19.667s] running install_scripts
[19.872s] Installing lane_angle script to /home/crofi/AutoModel_Rep/install/lane_angle/lib/lane_angle
[19.875s] writing list of installed files to '/home/crofi/AutoModel_Rep/build/lane_angle/install.log'
[21.326s] Invoked command in '/home/crofi/AutoModel_Rep/ros2_ws/src/vision/lane_angle' returned '0': PYTHONPATH=/home/crofi/AutoModel_Rep/build/lane_angle/prefix_override:/usr/lib/python3/dist-packages/colcon_core/task/python/colcon_distutils_commands:/home/crofi/AutoModel_Rep/install/lane_angle/lib/python3.10/site-packages:${PYTHONPATH} /usr/bin/python3 -W ignore:setup.py install is deprecated -W ignore:easy_install command is deprecated setup.py egg_info --egg-base ../../../../build/lane_angle build --build-base /home/crofi/AutoModel_Rep/build/lane_angle/build install --record /home/crofi/AutoModel_Rep/build/lane_angle/install.log --single-version-externally-managed install_data
