[9.668s] Invoking command in '/home/crofi/ros2_ws/src/hardware/servo': PYTHONPATH=/home/crofi/ros2_ws/build/servo/prefix_override:/usr/lib/python3/dist-packages/colcon_core/task/python/colcon_distutils_commands:/home/crofi/ros2_ws/install/servo/lib/python3.10/site-packages:${PYTHONPATH} /usr/bin/python3 -W ignore:setup.py install is deprecated -W ignore:easy_install command is deprecated setup.py egg_info --egg-base ../../../build/servo build --build-base /home/crofi/ros2_ws/build/servo/build install --record /home/crofi/ros2_ws/build/servo/install.log --single-version-externally-managed install_data
[12.782s] running egg_info
[12.786s] writing ../../../build/servo/servo.egg-info/PKG-INFO
[12.802s] writing dependency_links to ../../../build/servo/servo.egg-info/dependency_links.txt
[12.803s] writing entry points to ../../../build/servo/servo.egg-info/entry_points.txt
[12.808s] writing requirements to ../../../build/servo/servo.egg-info/requires.txt
[12.809s] writing top-level names to ../../../build/servo/servo.egg-info/top_level.txt
[12.814s] reading manifest file '../../../build/servo/servo.egg-info/SOURCES.txt'
[12.824s] writing manifest file '../../../build/servo/servo.egg-info/SOURCES.txt'
[12.826s] running build
[12.826s] running build_py
[12.828s] running install
[12.830s] running install_lib
[12.855s] running install_data
[12.856s] running install_egg_info
[12.873s] removing '/home/crofi/ros2_ws/install/servo/lib/python3.10/site-packages/servo-0.0.0-py3.10.egg-info' (and everything under it)
[12.874s] Copying ../../../build/servo/servo.egg-info to /home/crofi/ros2_ws/install/servo/lib/python3.10/site-packages/servo-0.0.0-py3.10.egg-info
[12.885s] running install_scripts
[13.035s] Installing servo script to /home/crofi/ros2_ws/install/servo/lib/servo
[13.036s] writing list of installed files to '/home/crofi/ros2_ws/build/servo/install.log'
[13.294s] Invoked command in '/home/crofi/ros2_ws/src/hardware/servo' returned '0': PYTHONPATH=/home/crofi/ros2_ws/build/servo/prefix_override:/usr/lib/python3/dist-packages/colcon_core/task/python/colcon_distutils_commands:/home/crofi/ros2_ws/install/servo/lib/python3.10/site-packages:${PYTHONPATH} /usr/bin/python3 -W ignore:setup.py install is deprecated -W ignore:easy_install command is deprecated setup.py egg_info --egg-base ../../../build/servo build --build-base /home/crofi/ros2_ws/build/servo/build install --record /home/crofi/ros2_ws/build/servo/install.log --single-version-externally-managed install_data
