[15.072s] Invoking command in '/home/crofi/ros2_ws/src/vision/senal_detector': PYTHONPATH=/home/crofi/ros2_ws/build/senal_detector/prefix_override:/usr/lib/python3/dist-packages/colcon_core/task/python/colcon_distutils_commands:/home/crofi/ros2_ws/install/senal_detector/lib/python3.10/site-packages:${PYTHONPATH} /usr/bin/python3 -W ignore:setup.py install is deprecated -W ignore:easy_install command is deprecated setup.py egg_info --egg-base ../../../build/senal_detector build --build-base /home/crofi/ros2_ws/build/senal_detector/build install --record /home/crofi/ros2_ws/build/senal_detector/install.log --single-version-externally-managed install_data
[20.432s] running egg_info
[20.434s] writing ../../../build/senal_detector/senal_detector.egg-info/PKG-INFO
[20.437s] writing dependency_links to ../../../build/senal_detector/senal_detector.egg-info/dependency_links.txt
[20.438s] writing entry points to ../../../build/senal_detector/senal_detector.egg-info/entry_points.txt
[20.440s] writing requirements to ../../../build/senal_detector/senal_detector.egg-info/requires.txt
[20.441s] writing top-level names to ../../../build/senal_detector/senal_detector.egg-info/top_level.txt
[20.453s] reading manifest file '../../../build/senal_detector/senal_detector.egg-info/SOURCES.txt'
[20.460s] writing manifest file '../../../build/senal_detector/senal_detector.egg-info/SOURCES.txt'
[20.460s] running build
[20.461s] running build_py
[20.462s] copying senal_detector/senal_detector.py -> /home/crofi/ros2_ws/build/senal_detector/build/lib/senal_detector
[20.469s] running install
[20.470s] running install_lib
[20.500s] copying /home/crofi/ros2_ws/build/senal_detector/build/lib/senal_detector/senal_detector.py -> /home/crofi/ros2_ws/install/senal_detector/lib/python3.10/site-packages/senal_detector
[20.501s] byte-compiling /home/crofi/ros2_ws/install/senal_detector/lib/python3.10/site-packages/senal_detector/senal_detector.py to senal_detector.cpython-310.pyc
[20.501s] running install_data
[20.502s] running install_egg_info
[20.504s]   File "/home/crofi/ros2_ws/install/senal_detector/lib/python3.10/site-packages/senal_detector/senal_detector.py", line 68
[20.506s]     print("Hay descriptores de la imagen)
[20.506s]           ^
[20.509s] SyntaxError: unterminated string literal (detected at line 68)
[20.510s] 
[20.525s] removing '/home/crofi/ros2_ws/install/senal_detector/lib/python3.10/site-packages/senal_detector-0.0.0-py3.10.egg-info' (and everything under it)
[20.528s] Copying ../../../build/senal_detector/senal_detector.egg-info to /home/crofi/ros2_ws/install/senal_detector/lib/python3.10/site-packages/senal_detector-0.0.0-py3.10.egg-info
[20.541s] running install_scripts
[20.691s] Installing senal_detector script to /home/crofi/ros2_ws/install/senal_detector/lib/senal_detector
[20.692s] writing list of installed files to '/home/crofi/ros2_ws/build/senal_detector/install.log'
[22.125s] Invoked command in '/home/crofi/ros2_ws/src/vision/senal_detector' returned '0': PYTHONPATH=/home/crofi/ros2_ws/build/senal_detector/prefix_override:/usr/lib/python3/dist-packages/colcon_core/task/python/colcon_distutils_commands:/home/crofi/ros2_ws/install/senal_detector/lib/python3.10/site-packages:${PYTHONPATH} /usr/bin/python3 -W ignore:setup.py install is deprecated -W ignore:easy_install command is deprecated setup.py egg_info --egg-base ../../../build/senal_detector build --build-base /home/crofi/ros2_ws/build/senal_detector/build install --record /home/crofi/ros2_ws/build/senal_detector/install.log --single-version-externally-managed install_data
