[5.124s] Invoking command in '/home/crofi/AutoModelCrofi/build/ydlidar_client': PYTHONPATH=/home/crofi/AutoModelCrofi/build/ydlidar_client/prefix_override:/usr/lib/python3/dist-packages/colcon_core/task/python/colcon_distutils_commands:/home/crofi/AutoModelCrofi/install/ydlidar_client/lib/python3.10/site-packages:${PYTHONPATH} /usr/bin/python3 -W ignore:setup.py install is deprecated -W ignore:easy_install command is deprecated setup.py develop --editable --build-directory /home/crofi/AutoModelCrofi/build/ydlidar_client/build --no-deps symlink_data
[6.960s] running develop
[8.285s] running egg_info
[8.286s] creating ydlidar_client.egg-info
[8.286s] writing ydlidar_client.egg-info/PKG-INFO
[8.288s] writing dependency_links to ydlidar_client.egg-info/dependency_links.txt
[8.289s] writing entry points to ydlidar_client.egg-info/entry_points.txt
[8.289s] writing requirements to ydlidar_client.egg-info/requires.txt
[8.290s] writing top-level names to ydlidar_client.egg-info/top_level.txt
[8.294s] writing manifest file 'ydlidar_client.egg-info/SOURCES.txt'
[8.299s] reading manifest file 'ydlidar_client.egg-info/SOURCES.txt'
[8.303s] writing manifest file 'ydlidar_client.egg-info/SOURCES.txt'
[8.312s] running build_ext
[8.313s] Creating /home/crofi/AutoModelCrofi/install/ydlidar_client/lib/python3.10/site-packages/ydlidar-client.egg-link (link to .)
[8.318s] Installing colision script to /home/crofi/AutoModelCrofi/install/ydlidar_client/lib/ydlidar_client
[8.318s] Installing rebase script to /home/crofi/AutoModelCrofi/install/ydlidar_client/lib/ydlidar_client
[8.319s] Installing ydlidar_client script to /home/crofi/AutoModelCrofi/install/ydlidar_client/lib/ydlidar_client
[8.320s] 
[8.321s] Installed /home/crofi/AutoModelCrofi/build/ydlidar_client
[8.321s] running symlink_data
[8.321s] creating /home/crofi/AutoModelCrofi/install/ydlidar_client/share/ament_index
[8.322s] creating /home/crofi/AutoModelCrofi/install/ydlidar_client/share/ament_index/resource_index
[8.323s] creating /home/crofi/AutoModelCrofi/install/ydlidar_client/share/ament_index/resource_index/packages
[8.323s] symbolically linking /home/crofi/AutoModelCrofi/build/ydlidar_client/resource/ydlidar_client -> /home/crofi/AutoModelCrofi/install/ydlidar_client/share/ament_index/resource_index/packages
[8.324s] symbolically linking /home/crofi/AutoModelCrofi/build/ydlidar_client/package.xml -> /home/crofi/AutoModelCrofi/install/ydlidar_client/share/ydlidar_client
[8.473s] Invoked command in '/home/crofi/AutoModelCrofi/build/ydlidar_client' returned '0': PYTHONPATH=/home/crofi/AutoModelCrofi/build/ydlidar_client/prefix_override:/usr/lib/python3/dist-packages/colcon_core/task/python/colcon_distutils_commands:/home/crofi/AutoModelCrofi/install/ydlidar_client/lib/python3.10/site-packages:${PYTHONPATH} /usr/bin/python3 -W ignore:setup.py install is deprecated -W ignore:easy_install command is deprecated setup.py develop --editable --build-directory /home/crofi/AutoModelCrofi/build/ydlidar_client/build --no-deps symlink_data
