[9.898s] Invoking command in '/home/crofi/ros2_ws/src/vision/lane_angle': PYTHONPATH=/home/crofi/ros2_ws/build/lane_angle/prefix_override:/usr/lib/python3/dist-packages/colcon_core/task/python/colcon_distutils_commands:/home/crofi/ros2_ws/install/lane_angle/lib/python3.10/site-packages:${PYTHONPATH} /usr/bin/python3 -W ignore:setup.py install is deprecated -W ignore:easy_install command is deprecated setup.py egg_info --egg-base ../../../build/lane_angle build --build-base /home/crofi/ros2_ws/build/lane_angle/build install --record /home/crofi/ros2_ws/build/lane_angle/install.log --single-version-externally-managed install_data
[12.267s] running egg_info
[12.269s] creating ../../../build/lane_angle/lane_angle.egg-info
[12.270s] writing ../../../build/lane_angle/lane_angle.egg-info/PKG-INFO
[12.273s] writing dependency_links to ../../../build/lane_angle/lane_angle.egg-info/dependency_links.txt
[12.276s] writing entry points to ../../../build/lane_angle/lane_angle.egg-info/entry_points.txt
[12.276s] writing requirements to ../../../build/lane_angle/lane_angle.egg-info/requires.txt
[12.277s] writing top-level names to ../../../build/lane_angle/lane_angle.egg-info/top_level.txt
[12.278s] writing manifest file '../../../build/lane_angle/lane_angle.egg-info/SOURCES.txt'
[12.292s] reading manifest file '../../../build/lane_angle/lane_angle.egg-info/SOURCES.txt'
[12.298s] writing manifest file '../../../build/lane_angle/lane_angle.egg-info/SOURCES.txt'
[12.300s] running build
[12.301s] running build_py
[12.303s] creating /home/crofi/ros2_ws/build/lane_angle/build
[12.304s] creating /home/crofi/ros2_ws/build/lane_angle/build/lib
[12.304s] creating /home/crofi/ros2_ws/build/lane_angle/build/lib/lane_angle
[12.305s] copying lane_angle/lane_angle.py -> /home/crofi/ros2_ws/build/lane_angle/build/lib/lane_angle
[12.307s] copying lane_angle/__init__.py -> /home/crofi/ros2_ws/build/lane_angle/build/lib/lane_angle
[12.308s] running install
[12.309s] running install_lib
[12.319s] creating /home/crofi/ros2_ws/install/lane_angle/lib/python3.10/site-packages/lane_angle
[12.320s] copying /home/crofi/ros2_ws/build/lane_angle/build/lib/lane_angle/lane_angle.py -> /home/crofi/ros2_ws/install/lane_angle/lib/python3.10/site-packages/lane_angle
[12.329s] copying /home/crofi/ros2_ws/build/lane_angle/build/lib/lane_angle/__init__.py -> /home/crofi/ros2_ws/install/lane_angle/lib/python3.10/site-packages/lane_angle
[12.340s] byte-compiling /home/crofi/ros2_ws/install/lane_angle/lib/python3.10/site-packages/lane_angle/lane_angle.py to lane_angle.cpython-310.pyc
[12.349s] byte-compiling /home/crofi/ros2_ws/install/lane_angle/lib/python3.10/site-packages/lane_angle/__init__.py to __init__.cpython-310.pyc
[12.353s] running install_data
[12.355s] creating /home/crofi/ros2_ws/install/lane_angle/share/ament_index
[12.357s] creating /home/crofi/ros2_ws/install/lane_angle/share/ament_index/resource_index
[12.360s] creating /home/crofi/ros2_ws/install/lane_angle/share/ament_index/resource_index/packages
[12.364s] copying resource/lane_angle -> /home/crofi/ros2_ws/install/lane_angle/share/ament_index/resource_index/packages
[12.364s] copying package.xml -> /home/crofi/ros2_ws/install/lane_angle/share/lane_angle
[12.367s] running install_egg_info
[12.376s] Copying ../../../build/lane_angle/lane_angle.egg-info to /home/crofi/ros2_ws/install/lane_angle/lib/python3.10/site-packages/lane_angle-0.0.0-py3.10.egg-info
[12.391s] running install_scripts
[12.590s] Installing lane_angle script to /home/crofi/ros2_ws/install/lane_angle/lib/lane_angle
[12.597s] writing list of installed files to '/home/crofi/ros2_ws/build/lane_angle/install.log'
[12.945s] Invoked command in '/home/crofi/ros2_ws/src/vision/lane_angle' returned '0': PYTHONPATH=/home/crofi/ros2_ws/build/lane_angle/prefix_override:/usr/lib/python3/dist-packages/colcon_core/task/python/colcon_distutils_commands:/home/crofi/ros2_ws/install/lane_angle/lib/python3.10/site-packages:${PYTHONPATH} /usr/bin/python3 -W ignore:setup.py install is deprecated -W ignore:easy_install command is deprecated setup.py egg_info --egg-base ../../../build/lane_angle build --build-base /home/crofi/ros2_ws/build/lane_angle/build install --record /home/crofi/ros2_ws/build/lane_angle/install.log --single-version-externally-managed install_data
