[3.025s] Invoking command in '/home/crofi/ros2_ws/src/hardware/webcam': PYTHONPATH=/home/crofi/ros2_ws/build/webcam/prefix_override:/usr/lib/python3/dist-packages/colcon_core/task/python/colcon_distutils_commands:/home/crofi/ros2_ws/install/webcam/lib/python3.10/site-packages:${PYTHONPATH} /usr/bin/python3 -W ignore:setup.py install is deprecated -W ignore:easy_install command is deprecated setup.py egg_info --egg-base ../../../build/webcam build --build-base /home/crofi/ros2_ws/build/webcam/build install --record /home/crofi/ros2_ws/build/webcam/install.log --single-version-externally-managed install_data
[4.253s] running egg_info
[4.256s] writing ../../../build/webcam/webcam.egg-info/PKG-INFO
[4.257s] writing dependency_links to ../../../build/webcam/webcam.egg-info/dependency_links.txt
[4.258s] writing entry points to ../../../build/webcam/webcam.egg-info/entry_points.txt
[4.259s] writing requirements to ../../../build/webcam/webcam.egg-info/requires.txt
[4.260s] writing top-level names to ../../../build/webcam/webcam.egg-info/top_level.txt
[4.270s] reading manifest file '../../../build/webcam/webcam.egg-info/SOURCES.txt'
[4.271s] adding license file 'LICENSE'
[4.274s] writing manifest file '../../../build/webcam/webcam.egg-info/SOURCES.txt'
[4.275s] running build
[4.275s] running build_py
[4.276s] copying webcam/webcam.py -> /home/crofi/ros2_ws/build/webcam/build/lib/webcam
[4.278s] running install
[4.279s] running install_lib
[4.283s] copying /home/crofi/ros2_ws/build/webcam/build/lib/webcam/webcam.py -> /home/crofi/ros2_ws/install/webcam/lib/python3.10/site-packages/webcam
[4.286s] byte-compiling /home/crofi/ros2_ws/install/webcam/lib/python3.10/site-packages/webcam/webcam.py to webcam.cpython-310.pyc
[4.289s] running install_data
[4.290s] running install_egg_info
[4.297s] removing '/home/crofi/ros2_ws/install/webcam/lib/python3.10/site-packages/webcam-0.0.0-py3.10.egg-info' (and everything under it)
[4.298s] Copying ../../../build/webcam/webcam.egg-info to /home/crofi/ros2_ws/install/webcam/lib/python3.10/site-packages/webcam-0.0.0-py3.10.egg-info
[4.304s] running install_scripts
[4.394s] Installing webcam script to /home/crofi/ros2_ws/install/webcam/lib/webcam
[4.395s] writing list of installed files to '/home/crofi/ros2_ws/build/webcam/install.log'
[4.532s] Invoked command in '/home/crofi/ros2_ws/src/hardware/webcam' returned '0': PYTHONPATH=/home/crofi/ros2_ws/build/webcam/prefix_override:/usr/lib/python3/dist-packages/colcon_core/task/python/colcon_distutils_commands:/home/crofi/ros2_ws/install/webcam/lib/python3.10/site-packages:${PYTHONPATH} /usr/bin/python3 -W ignore:setup.py install is deprecated -W ignore:easy_install command is deprecated setup.py egg_info --egg-base ../../../build/webcam build --build-base /home/crofi/ros2_ws/build/webcam/build install --record /home/crofi/ros2_ws/build/webcam/install.log --single-version-externally-managed install_data
