[1.981s] Invoking command in '/home/tars/AutoModelCrofi/ros2_ws/src/build/prueba_angle': PYTHONPATH=/home/tars/AutoModelCrofi/ros2_ws/src/build/prueba_angle/prefix_override:/usr/lib/python3/dist-packages/colcon_core/task/python/colcon_distutils_commands:/home/tars/AutoModelCrofi/ros2_ws/src/install/prueba_angle/lib/python3.12/site-packages:${PYTHONPATH} /usr/bin/python3 -W ignore:setup.py install is deprecated -W ignore:easy_install command is deprecated setup.py develop --editable --build-directory /home/tars/AutoModelCrofi/ros2_ws/src/build/prueba_angle/build --no-deps symlink_data
[2.404s] running develop
[2.668s] running egg_info
[2.668s] creating prueba_angle.egg-info
[2.696s] writing prueba_angle.egg-info/PKG-INFO
[2.697s] writing dependency_links to prueba_angle.egg-info/dependency_links.txt
[2.697s] writing entry points to prueba_angle.egg-info/entry_points.txt
[2.697s] writing requirements to prueba_angle.egg-info/requires.txt
[2.697s] writing top-level names to prueba_angle.egg-info/top_level.txt
[2.697s] writing manifest file 'prueba_angle.egg-info/SOURCES.txt'
[2.769s] reading manifest file 'prueba_angle.egg-info/SOURCES.txt'
[2.769s] writing manifest file 'prueba_angle.egg-info/SOURCES.txt'
[2.798s] running build_ext
[2.798s] Creating /home/tars/AutoModelCrofi/ros2_ws/src/install/prueba_angle/lib/python3.12/site-packages/prueba-angle.egg-link (link to .)
[2.798s] Installing prueba_angle script to /home/tars/AutoModelCrofi/ros2_ws/src/install/prueba_angle/lib/prueba_angle
[2.798s] 
[2.798s] Installed /home/tars/AutoModelCrofi/ros2_ws/src/build/prueba_angle
[2.798s] running symlink_data
[2.798s] creating /home/tars/AutoModelCrofi/ros2_ws/src/install/prueba_angle/share/ament_index
[2.798s] creating /home/tars/AutoModelCrofi/ros2_ws/src/install/prueba_angle/share/ament_index/resource_index
[2.798s] creating /home/tars/AutoModelCrofi/ros2_ws/src/install/prueba_angle/share/ament_index/resource_index/packages
[2.799s] symbolically linking /home/tars/AutoModelCrofi/ros2_ws/src/build/prueba_angle/resource/prueba_angle -> /home/tars/AutoModelCrofi/ros2_ws/src/install/prueba_angle/share/ament_index/resource_index/packages
[2.799s] symbolically linking /home/tars/AutoModelCrofi/ros2_ws/src/build/prueba_angle/package.xml -> /home/tars/AutoModelCrofi/ros2_ws/src/install/prueba_angle/share/prueba_angle
[2.846s] Invoked command in '/home/tars/AutoModelCrofi/ros2_ws/src/build/prueba_angle' returned '0': PYTHONPATH=/home/tars/AutoModelCrofi/ros2_ws/src/build/prueba_angle/prefix_override:/usr/lib/python3/dist-packages/colcon_core/task/python/colcon_distutils_commands:/home/tars/AutoModelCrofi/ros2_ws/src/install/prueba_angle/lib/python3.12/site-packages:${PYTHONPATH} /usr/bin/python3 -W ignore:setup.py install is deprecated -W ignore:easy_install command is deprecated setup.py develop --editable --build-directory /home/tars/AutoModelCrofi/ros2_ws/src/build/prueba_angle/build --no-deps symlink_data
