[2.732s] Invoking command in '/home/tars/AutoModelCrofi/ros2_ws/build/lanes_borders': PYTHONPATH=/home/tars/AutoModelCrofi/ros2_ws/build/lanes_borders/prefix_override:/usr/lib/python3/dist-packages/colcon_core/task/python/colcon_distutils_commands:/home/tars/AutoModelCrofi/ros2_ws/install/lanes_borders/lib/python3.12/site-packages:${PYTHONPATH} /usr/bin/python3 -W ignore:setup.py install is deprecated -W ignore:easy_install command is deprecated setup.py develop --editable --build-directory /home/tars/AutoModelCrofi/ros2_ws/build/lanes_borders/build --no-deps symlink_data
[4.025s] running develop
[4.025s] running egg_info
[4.025s] creating lanes_borders.egg-info
[4.026s] writing lanes_borders.egg-info/PKG-INFO
[4.026s] writing dependency_links to lanes_borders.egg-info/dependency_links.txt
[4.026s] writing requirements to lanes_borders.egg-info/requires.txt
[4.026s] writing top-level names to lanes_borders.egg-info/top_level.txt
[4.026s] writing manifest file 'lanes_borders.egg-info/SOURCES.txt'
[4.026s] reading manifest file 'lanes_borders.egg-info/SOURCES.txt'
[4.026s] writing manifest file 'lanes_borders.egg-info/SOURCES.txt'
[4.027s] running build_ext
[4.027s] Creating /home/tars/AutoModelCrofi/ros2_ws/install/lanes_borders/lib/python3.12/site-packages/lanes-borders.egg-link (link to .)
[4.027s] 
[4.027s] Installed /home/tars/AutoModelCrofi/ros2_ws/build/lanes_borders
[4.027s] running symlink_data
[4.027s] creating /home/tars/AutoModelCrofi/ros2_ws/install/lanes_borders/share/ament_index
[4.027s] creating /home/tars/AutoModelCrofi/ros2_ws/install/lanes_borders/share/ament_index/resource_index
[4.028s] creating /home/tars/AutoModelCrofi/ros2_ws/install/lanes_borders/share/ament_index/resource_index/packages
[4.028s] symbolically linking /home/tars/AutoModelCrofi/ros2_ws/build/lanes_borders/resource/lanes_borders -> /home/tars/AutoModelCrofi/ros2_ws/install/lanes_borders/share/ament_index/resource_index/packages
[4.028s] symbolically linking /home/tars/AutoModelCrofi/ros2_ws/build/lanes_borders/package.xml -> /home/tars/AutoModelCrofi/ros2_ws/install/lanes_borders/share/lanes_borders
