[27.838s] Invoking command in '/home/crofi/AutoModel_Rep/ros2_ws/src/vision/lane_detector': PYTHONPATH=/home/crofi/AutoModel_Rep/build/lane_detector/prefix_override:/usr/lib/python3/dist-packages/colcon_core/task/python/colcon_distutils_commands:/home/crofi/AutoModel_Rep/install/lane_detector/lib/python3.10/site-packages:${PYTHONPATH} /usr/bin/python3 -W ignore:setup.py install is deprecated -W ignore:easy_install command is deprecated setup.py egg_info --egg-base ../../../../build/lane_detector build --build-base /home/crofi/AutoModel_Rep/build/lane_detector/build install --record /home/crofi/AutoModel_Rep/build/lane_detector/install.log --single-version-externally-managed install_data
[36.934s] running egg_info
[36.947s] writing ../../../../build/lane_detector/lane_detector.egg-info/PKG-INFO
[36.951s] writing dependency_links to ../../../../build/lane_detector/lane_detector.egg-info/dependency_links.txt
[36.968s] writing entry points to ../../../../build/lane_detector/lane_detector.egg-info/entry_points.txt
[36.975s] writing requirements to ../../../../build/lane_detector/lane_detector.egg-info/requires.txt
[36.980s] writing top-level names to ../../../../build/lane_detector/lane_detector.egg-info/top_level.txt
[37.043s] reading manifest file '../../../../build/lane_detector/lane_detector.egg-info/SOURCES.txt'
[37.074s] writing manifest file '../../../../build/lane_detector/lane_detector.egg-info/SOURCES.txt'
[37.079s] running build
[37.080s] running build_py
[37.082s] running install
[37.083s] running install_lib
[37.119s] running install_data
[37.121s] running install_egg_info
[37.147s] removing '/home/crofi/AutoModel_Rep/install/lane_detector/lib/python3.10/site-packages/lane_detector-0.0.0-py3.10.egg-info' (and everything under it)
[37.157s] Copying ../../../../build/lane_detector/lane_detector.egg-info to /home/crofi/AutoModel_Rep/install/lane_detector/lib/python3.10/site-packages/lane_detector-0.0.0-py3.10.egg-info
[37.229s] running install_scripts
[37.736s] Installing lane_detector script to /home/crofi/AutoModel_Rep/install/lane_detector/lib/lane_detector
[37.758s] writing list of installed files to '/home/crofi/AutoModel_Rep/build/lane_detector/install.log'
[46.317s] Invoked command in '/home/crofi/AutoModel_Rep/ros2_ws/src/vision/lane_detector' returned '0': PYTHONPATH=/home/crofi/AutoModel_Rep/build/lane_detector/prefix_override:/usr/lib/python3/dist-packages/colcon_core/task/python/colcon_distutils_commands:/home/crofi/AutoModel_Rep/install/lane_detector/lib/python3.10/site-packages:${PYTHONPATH} /usr/bin/python3 -W ignore:setup.py install is deprecated -W ignore:easy_install command is deprecated setup.py egg_info --egg-base ../../../../build/lane_detector build --build-base /home/crofi/AutoModel_Rep/build/lane_detector/build install --record /home/crofi/AutoModel_Rep/build/lane_detector/install.log --single-version-externally-managed install_data
