[9.746s] Invoking command in '/home/crofi/ros2_ws/src/vision/senal_detector': PYTHONPATH=/home/crofi/ros2_ws/build/senal_detector/prefix_override:/usr/lib/python3/dist-packages/colcon_core/task/python/colcon_distutils_commands:/home/crofi/ros2_ws/install/senal_detector/lib/python3.10/site-packages:${PYTHONPATH} /usr/bin/python3 -W ignore:setup.py install is deprecated -W ignore:easy_install command is deprecated setup.py egg_info --egg-base ../../../build/senal_detector build --build-base /home/crofi/ros2_ws/build/senal_detector/build install --record /home/crofi/ros2_ws/build/senal_detector/install.log --single-version-externally-managed install_data
[12.477s] running egg_info
[12.480s] writing ../../../build/senal_detector/senal_detector.egg-info/PKG-INFO
[12.483s] writing dependency_links to ../../../build/senal_detector/senal_detector.egg-info/dependency_links.txt
[12.487s] writing entry points to ../../../build/senal_detector/senal_detector.egg-info/entry_points.txt
[12.489s] writing requirements to ../../../build/senal_detector/senal_detector.egg-info/requires.txt
[12.490s] writing top-level names to ../../../build/senal_detector/senal_detector.egg-info/top_level.txt
[12.511s] reading manifest file '../../../build/senal_detector/senal_detector.egg-info/SOURCES.txt'
[12.535s] writing manifest file '../../../build/senal_detector/senal_detector.egg-info/SOURCES.txt'
[12.538s] running build
[12.539s] running build_py
[12.544s] running install
[12.552s] running install_lib
[12.575s] running install_data
[12.576s] running install_egg_info
[12.577s] removing '/home/crofi/ros2_ws/install/senal_detector/lib/python3.10/site-packages/senal_detector-0.0.0-py3.10.egg-info' (and everything under it)
[12.580s] Copying ../../../build/senal_detector/senal_detector.egg-info to /home/crofi/ros2_ws/install/senal_detector/lib/python3.10/site-packages/senal_detector-0.0.0-py3.10.egg-info
[12.592s] running install_scripts
[12.752s] Installing senal_detector script to /home/crofi/ros2_ws/install/senal_detector/lib/senal_detector
[12.754s] writing list of installed files to '/home/crofi/ros2_ws/build/senal_detector/install.log'
[14.275s] Invoked command in '/home/crofi/ros2_ws/src/vision/senal_detector' returned '0': PYTHONPATH=/home/crofi/ros2_ws/build/senal_detector/prefix_override:/usr/lib/python3/dist-packages/colcon_core/task/python/colcon_distutils_commands:/home/crofi/ros2_ws/install/senal_detector/lib/python3.10/site-packages:${PYTHONPATH} /usr/bin/python3 -W ignore:setup.py install is deprecated -W ignore:easy_install command is deprecated setup.py egg_info --egg-base ../../../build/senal_detector build --build-base /home/crofi/ros2_ws/build/senal_detector/build install --record /home/crofi/ros2_ws/build/senal_detector/install.log --single-version-externally-managed install_data
