[18.293s] Invoking command in '/home/crofi/AutoModel_Rep/ros2_ws/src/hardware/webcam': PYTHONPATH=/home/crofi/AutoModel_Rep/build/webcam/prefix_override:/usr/lib/python3/dist-packages/colcon_core/task/python/colcon_distutils_commands:/home/crofi/AutoModel_Rep/install/webcam/lib/python3.10/site-packages:${PYTHONPATH} /usr/bin/python3 -W ignore:setup.py install is deprecated -W ignore:easy_install command is deprecated setup.py egg_info --egg-base ../../../../build/webcam build --build-base /home/crofi/AutoModel_Rep/build/webcam/build install --record /home/crofi/AutoModel_Rep/build/webcam/install.log --single-version-externally-managed install_data
[21.513s] running egg_info
[21.518s] writing ../../../../build/webcam/webcam.egg-info/PKG-INFO
[21.520s] writing dependency_links to ../../../../build/webcam/webcam.egg-info/dependency_links.txt
[21.521s] writing entry points to ../../../../build/webcam/webcam.egg-info/entry_points.txt
[21.525s] writing requirements to ../../../../build/webcam/webcam.egg-info/requires.txt
[21.525s] writing top-level names to ../../../../build/webcam/webcam.egg-info/top_level.txt
[21.543s] reading manifest file '../../../../build/webcam/webcam.egg-info/SOURCES.txt'
[21.544s] adding license file 'LICENSE'
[21.551s] writing manifest file '../../../../build/webcam/webcam.egg-info/SOURCES.txt'
[21.552s] running build
[21.552s] running build_py
[21.557s] running install
[21.558s] running install_lib
[21.584s] running install_data
[21.586s] running install_egg_info
[21.600s] removing '/home/crofi/AutoModel_Rep/install/webcam/lib/python3.10/site-packages/webcam-0.0.0-py3.10.egg-info' (and everything under it)
[21.607s] Copying ../../../../build/webcam/webcam.egg-info to /home/crofi/AutoModel_Rep/install/webcam/lib/python3.10/site-packages/webcam-0.0.0-py3.10.egg-info
[21.620s] running install_scripts
[21.797s] Installing webcam script to /home/crofi/AutoModel_Rep/install/webcam/lib/webcam
[21.804s] writing list of installed files to '/home/crofi/AutoModel_Rep/build/webcam/install.log'
[22.091s] Invoked command in '/home/crofi/AutoModel_Rep/ros2_ws/src/hardware/webcam' returned '0': PYTHONPATH=/home/crofi/AutoModel_Rep/build/webcam/prefix_override:/usr/lib/python3/dist-packages/colcon_core/task/python/colcon_distutils_commands:/home/crofi/AutoModel_Rep/install/webcam/lib/python3.10/site-packages:${PYTHONPATH} /usr/bin/python3 -W ignore:setup.py install is deprecated -W ignore:easy_install command is deprecated setup.py egg_info --egg-base ../../../../build/webcam build --build-base /home/crofi/AutoModel_Rep/build/webcam/build install --record /home/crofi/AutoModel_Rep/build/webcam/install.log --single-version-externally-managed install_data
