[4.104s] Invoking command in '/home/crofi/ros2_ws/src/hardware/webcam': PYTHONPATH=/home/crofi/ros2_ws/build/webcam/prefix_override:/usr/lib/python3/dist-packages/colcon_core/task/python/colcon_distutils_commands:/home/crofi/ros2_ws/install/webcam/lib/python3.10/site-packages:${PYTHONPATH} /usr/bin/python3 -W ignore:setup.py install is deprecated -W ignore:easy_install command is deprecated setup.py egg_info --egg-base ../../../build/webcam build --build-base /home/crofi/ros2_ws/build/webcam/build install --record /home/crofi/ros2_ws/build/webcam/install.log --single-version-externally-managed install_data
[5.657s] running egg_info
[5.660s] writing ../../../build/webcam/webcam.egg-info/PKG-INFO
[5.661s] writing dependency_links to ../../../build/webcam/webcam.egg-info/dependency_links.txt
[5.662s] writing entry points to ../../../build/webcam/webcam.egg-info/entry_points.txt
[5.662s] writing requirements to ../../../build/webcam/webcam.egg-info/requires.txt
[5.663s] writing top-level names to ../../../build/webcam/webcam.egg-info/top_level.txt
[5.672s] reading manifest file '../../../build/webcam/webcam.egg-info/SOURCES.txt'
[5.673s] adding license file 'LICENSE'
[5.675s] writing manifest file '../../../build/webcam/webcam.egg-info/SOURCES.txt'
[5.676s] running build
[5.676s] running build_py
[5.678s] running install
[5.679s] running install_lib
[5.694s] running install_data
[5.694s] running install_egg_info
[5.702s] removing '/home/crofi/ros2_ws/install/webcam/lib/python3.10/site-packages/webcam-0.0.0-py3.10.egg-info' (and everything under it)
[5.704s] Copying ../../../build/webcam/webcam.egg-info to /home/crofi/ros2_ws/install/webcam/lib/python3.10/site-packages/webcam-0.0.0-py3.10.egg-info
[5.709s] running install_scripts
[5.803s] Installing webcam script to /home/crofi/ros2_ws/install/webcam/lib/webcam
[5.805s] writing list of installed files to '/home/crofi/ros2_ws/build/webcam/install.log'
[5.955s] Invoked command in '/home/crofi/ros2_ws/src/hardware/webcam' returned '0': PYTHONPATH=/home/crofi/ros2_ws/build/webcam/prefix_override:/usr/lib/python3/dist-packages/colcon_core/task/python/colcon_distutils_commands:/home/crofi/ros2_ws/install/webcam/lib/python3.10/site-packages:${PYTHONPATH} /usr/bin/python3 -W ignore:setup.py install is deprecated -W ignore:easy_install command is deprecated setup.py egg_info --egg-base ../../../build/webcam build --build-base /home/crofi/ros2_ws/build/webcam/build install --record /home/crofi/ros2_ws/build/webcam/install.log --single-version-externally-managed install_data
