[12.068s] Invoking command in '/home/crofi/ros2_ws/src/vision/lane_angle': PYTHONPATH=/home/crofi/ros2_ws/build/lane_angle/prefix_override:/usr/lib/python3/dist-packages/colcon_core/task/python/colcon_distutils_commands:/home/crofi/ros2_ws/install/lane_angle/lib/python3.10/site-packages:${PYTHONPATH} /usr/bin/python3 -W ignore:setup.py install is deprecated -W ignore:easy_install command is deprecated setup.py egg_info --egg-base ../../../build/lane_angle build --build-base /home/crofi/ros2_ws/build/lane_angle/build install --record /home/crofi/ros2_ws/build/lane_angle/install.log --single-version-externally-managed install_data
[15.211s] running egg_info
[15.261s] writing ../../../build/lane_angle/lane_angle.egg-info/PKG-INFO
[15.288s] writing dependency_links to ../../../build/lane_angle/lane_angle.egg-info/dependency_links.txt
[15.290s] writing entry points to ../../../build/lane_angle/lane_angle.egg-info/entry_points.txt
[15.290s] writing requirements to ../../../build/lane_angle/lane_angle.egg-info/requires.txt
[15.291s] writing top-level names to ../../../build/lane_angle/lane_angle.egg-info/top_level.txt
[15.291s] reading manifest file '../../../build/lane_angle/lane_angle.egg-info/SOURCES.txt'
[15.316s] writing manifest file '../../../build/lane_angle/lane_angle.egg-info/SOURCES.txt'
[15.329s] running build
[15.329s] running build_py
[15.330s] running install
[15.332s] running install_lib
[15.353s] running install_data
[15.356s] running install_egg_info
[15.393s] removing '/home/crofi/ros2_ws/install/lane_angle/lib/python3.10/site-packages/lane_angle-0.0.0-py3.10.egg-info' (and everything under it)
[15.397s] Copying ../../../build/lane_angle/lane_angle.egg-info to /home/crofi/ros2_ws/install/lane_angle/lib/python3.10/site-packages/lane_angle-0.0.0-py3.10.egg-info
[15.412s] running install_scripts
[15.699s] Installing lane_angle script to /home/crofi/ros2_ws/install/lane_angle/lib/lane_angle
[15.721s] writing list of installed files to '/home/crofi/ros2_ws/build/lane_angle/install.log'
[16.377s] Invoked command in '/home/crofi/ros2_ws/src/vision/lane_angle' returned '0': PYTHONPATH=/home/crofi/ros2_ws/build/lane_angle/prefix_override:/usr/lib/python3/dist-packages/colcon_core/task/python/colcon_distutils_commands:/home/crofi/ros2_ws/install/lane_angle/lib/python3.10/site-packages:${PYTHONPATH} /usr/bin/python3 -W ignore:setup.py install is deprecated -W ignore:easy_install command is deprecated setup.py egg_info --egg-base ../../../build/lane_angle build --build-base /home/crofi/ros2_ws/build/lane_angle/build install --record /home/crofi/ros2_ws/build/lane_angle/install.log --single-version-externally-managed install_data
