[10.862s] Invoking command in '/home/crofi/AutoModelCrofi/ros2_ws/build/lane_angle': PYTHONPATH=/home/crofi/AutoModelCrofi/ros2_ws/build/lane_angle/prefix_override:/usr/lib/python3/dist-packages/colcon_core/task/python/colcon_distutils_commands:/home/crofi/AutoModelCrofi/ros2_ws/install/lane_angle/lib/python3.10/site-packages:${PYTHONPATH} /usr/bin/python3 -W ignore:setup.py install is deprecated -W ignore:easy_install command is deprecated setup.py develop --uninstall --editable --build-directory /home/crofi/AutoModelCrofi/ros2_ws/build/lane_angle/build
[13.351s] running develop
[15.738s] Removing /home/crofi/AutoModelCrofi/ros2_ws/install/lane_angle/lib/python3.10/site-packages/lane-angle.egg-link (link to .)
[16.239s] Invoked command in '/home/crofi/AutoModelCrofi/ros2_ws/build/lane_angle' returned '0': PYTHONPATH=/home/crofi/AutoModelCrofi/ros2_ws/build/lane_angle/prefix_override:/usr/lib/python3/dist-packages/colcon_core/task/python/colcon_distutils_commands:/home/crofi/AutoModelCrofi/ros2_ws/install/lane_angle/lib/python3.10/site-packages:${PYTHONPATH} /usr/bin/python3 -W ignore:setup.py install is deprecated -W ignore:easy_install command is deprecated setup.py develop --uninstall --editable --build-directory /home/crofi/AutoModelCrofi/ros2_ws/build/lane_angle/build
[16.245s] Invoking command in '/home/crofi/AutoModelCrofi/ros2_ws/src/vision/lane_angle': PYTHONPATH=/home/crofi/AutoModelCrofi/ros2_ws/build/lane_angle/prefix_override:/usr/lib/python3/dist-packages/colcon_core/task/python/colcon_distutils_commands:/home/crofi/AutoModelCrofi/ros2_ws/install/lane_angle/lib/python3.10/site-packages:${PYTHONPATH} /usr/bin/python3 -W ignore:setup.py install is deprecated -W ignore:easy_install command is deprecated setup.py egg_info --egg-base ../../../build/lane_angle build --build-base /home/crofi/AutoModelCrofi/ros2_ws/build/lane_angle/build install --record /home/crofi/AutoModelCrofi/ros2_ws/build/lane_angle/install.log --single-version-externally-managed install_data --force
[19.498s] running egg_info
[19.499s] writing ../../../build/lane_angle/lane_angle.egg-info/PKG-INFO
[19.500s] writing dependency_links to ../../../build/lane_angle/lane_angle.egg-info/dependency_links.txt
[19.500s] writing entry points to ../../../build/lane_angle/lane_angle.egg-info/entry_points.txt
[19.501s] writing requirements to ../../../build/lane_angle/lane_angle.egg-info/requires.txt
[19.502s] writing top-level names to ../../../build/lane_angle/lane_angle.egg-info/top_level.txt
[19.517s] reading manifest file '../../../build/lane_angle/lane_angle.egg-info/SOURCES.txt'
[19.519s] writing manifest file '../../../build/lane_angle/lane_angle.egg-info/SOURCES.txt'
[19.520s] running build
[19.521s] running build_py
[19.524s] running install
[19.533s] running install_lib
[19.534s] creating /home/crofi/AutoModelCrofi/ros2_ws/install/lane_angle/lib/python3.10/site-packages/lane_angle
[19.535s] copying /home/crofi/AutoModelCrofi/ros2_ws/build/lane_angle/build/lib/lane_angle/lane_angle.py -> /home/crofi/AutoModelCrofi/ros2_ws/install/lane_angle/lib/python3.10/site-packages/lane_angle
[19.536s] copying /home/crofi/AutoModelCrofi/ros2_ws/build/lane_angle/build/lib/lane_angle/__init__.py -> /home/crofi/AutoModelCrofi/ros2_ws/install/lane_angle/lib/python3.10/site-packages/lane_angle
[19.537s] byte-compiling /home/crofi/AutoModelCrofi/ros2_ws/install/lane_angle/lib/python3.10/site-packages/lane_angle/lane_angle.py to lane_angle.cpython-310.pyc
[19.540s] byte-compiling /home/crofi/AutoModelCrofi/ros2_ws/install/lane_angle/lib/python3.10/site-packages/lane_angle/__init__.py to __init__.cpython-310.pyc
[19.541s] running install_data
[19.543s] copying resource/lane_angle -> /home/crofi/AutoModelCrofi/ros2_ws/install/lane_angle/share/ament_index/resource_index/packages
[19.545s] copying package.xml -> /home/crofi/AutoModelCrofi/ros2_ws/install/lane_angle/share/lane_angle
[19.546s] running install_egg_info
[19.563s] Copying ../../../build/lane_angle/lane_angle.egg-info to /home/crofi/AutoModelCrofi/ros2_ws/install/lane_angle/lib/python3.10/site-packages/lane_angle-0.0.0-py3.10.egg-info
[19.576s] running install_scripts
[19.802s] Installing lane_angle script to /home/crofi/AutoModelCrofi/ros2_ws/install/lane_angle/lib/lane_angle
[19.808s] writing list of installed files to '/home/crofi/AutoModelCrofi/ros2_ws/build/lane_angle/install.log'
[23.238s] Invoked command in '/home/crofi/AutoModelCrofi/ros2_ws/src/vision/lane_angle' returned '0': PYTHONPATH=/home/crofi/AutoModelCrofi/ros2_ws/build/lane_angle/prefix_override:/usr/lib/python3/dist-packages/colcon_core/task/python/colcon_distutils_commands:/home/crofi/AutoModelCrofi/ros2_ws/install/lane_angle/lib/python3.10/site-packages:${PYTHONPATH} /usr/bin/python3 -W ignore:setup.py install is deprecated -W ignore:easy_install command is deprecated setup.py egg_info --egg-base ../../../build/lane_angle build --build-base /home/crofi/AutoModelCrofi/ros2_ws/build/lane_angle/build install --record /home/crofi/AutoModelCrofi/ros2_ws/build/lane_angle/install.log --single-version-externally-managed install_data --force
