[0.066s] DEBUG:colcon:Command line arguments: ['/usr/bin/colcon', 'list']
[0.066s] DEBUG:colcon:Parsed command line arguments: Namespace(log_base=None, log_level=None, verb_name='list', build_base='build', ignore_user_meta=False, metas=['./colcon.meta'], base_paths=['.'], packages_ignore=None, packages_ignore_regex=None, paths=None, packages_up_to=None, packages_up_to_regex=None, packages_above=None, packages_above_and_dependencies=None, packages_above_depth=None, packages_select_by_dep=None, packages_skip_by_dep=None, packages_skip_up_to=None, packages_select_build_failed=False, packages_skip_build_finished=False, packages_select_test_failures=False, packages_skip_test_passed=False, packages_select=None, packages_skip=None, packages_select_regex=None, packages_skip_regex=None, packages_start=None, packages_end=None, allow_overriding=[], topological_order=False, names_only=False, paths_only=False, topological_graph=False, topological_graph_dot=False, topological_graph_density=False, topological_graph_legend=False, topological_graph_dot_cluster=False, topological_graph_dot_include_skipped=False, mixin_files=None, mixin=None, verb_parser=<colcon_mixin.mixin.mixin_argument.MixinArgumentDecorator object at 0x76797e4ecda0>, verb_extension=<colcon_package_information.verb.list.ListVerb object at 0x76797e4cafc0>, main=<bound method ListVerb.main of <colcon_package_information.verb.list.ListVerb object at 0x76797e4cafc0>>, mixin_verb=('list',))
[0.090s] Level 1:colcon.colcon_core.package_discovery:discover_packages(colcon_meta) check parameters
[0.090s] Level 1:colcon.colcon_core.package_discovery:discover_packages(recursive) check parameters
[0.090s] Level 1:colcon.colcon_core.package_discovery:discover_packages(ignore) check parameters
[0.090s] Level 1:colcon.colcon_core.package_discovery:discover_packages(path) check parameters
[0.090s] Level 1:colcon.colcon_core.package_discovery:discover_packages(colcon_meta) discover
[0.090s] Level 1:colcon.colcon_core.package_discovery:discover_packages(recursive) discover
[0.090s] INFO:colcon.colcon_core.package_discovery:Crawling recursively for packages in '/home/tars/AutoModelCrofi'
[0.090s] Level 1:colcon.colcon_core.package_identification:_identify(.) by extensions ['ignore', 'ignore_ament_install']
[0.091s] Level 1:colcon.colcon_core.package_identification:_identify(.) by extension 'ignore'
[0.091s] Level 1:colcon.colcon_core.package_identification:_identify(.) by extension 'ignore_ament_install'
[0.091s] Level 1:colcon.colcon_core.package_identification:_identify(.) by extensions ['colcon_pkg']
[0.091s] Level 1:colcon.colcon_core.package_identification:_identify(.) by extension 'colcon_pkg'
[0.091s] Level 1:colcon.colcon_core.package_identification:_identify(.) by extensions ['colcon_meta']
[0.091s] Level 1:colcon.colcon_core.package_identification:_identify(.) by extension 'colcon_meta'
[0.091s] Level 1:colcon.colcon_core.package_identification:_identify(.) by extensions ['ros']
[0.091s] Level 1:colcon.colcon_core.package_identification:_identify(.) by extension 'ros'
[0.107s] Level 1:colcon.colcon_core.package_identification:_identify(.) by extensions ['cmake', 'python']
[0.107s] Level 1:colcon.colcon_core.package_identification:_identify(.) by extension 'cmake'
[0.107s] Level 1:colcon.colcon_core.package_identification:_identify(.) by extension 'python'
[0.107s] Level 1:colcon.colcon_core.package_identification:_identify(.) by extensions ['python_setup_py']
[0.107s] Level 1:colcon.colcon_core.package_identification:_identify(.) by extension 'python_setup_py'
[0.108s] Level 1:colcon.colcon_core.package_identification:_identify(build) by extensions ['ignore', 'ignore_ament_install']
[0.108s] Level 1:colcon.colcon_core.package_identification:_identify(build) by extension 'ignore'
[0.108s] Level 1:colcon.colcon_core.package_identification:_identify(build) ignored
[0.108s] Level 1:colcon.colcon_core.package_identification:_identify(install) by extensions ['ignore', 'ignore_ament_install']
[0.108s] Level 1:colcon.colcon_core.package_identification:_identify(install) by extension 'ignore'
[0.108s] Level 1:colcon.colcon_core.package_identification:_identify(install) ignored
[0.108s] Level 1:colcon.colcon_core.package_identification:_identify(log) by extensions ['ignore', 'ignore_ament_install']
[0.108s] Level 1:colcon.colcon_core.package_identification:_identify(log) by extension 'ignore'
[0.108s] Level 1:colcon.colcon_core.package_identification:_identify(log) ignored
[0.108s] Level 1:colcon.colcon_core.package_identification:_identify(ros2_ws) by extensions ['ignore', 'ignore_ament_install']
[0.108s] Level 1:colcon.colcon_core.package_identification:_identify(ros2_ws) by extension 'ignore'
[0.108s] Level 1:colcon.colcon_core.package_identification:_identify(ros2_ws) by extension 'ignore_ament_install'
[0.108s] Level 1:colcon.colcon_core.package_identification:_identify(ros2_ws) by extensions ['colcon_pkg']
[0.108s] Level 1:colcon.colcon_core.package_identification:_identify(ros2_ws) by extension 'colcon_pkg'
[0.108s] Level 1:colcon.colcon_core.package_identification:_identify(ros2_ws) by extensions ['colcon_meta']
[0.108s] Level 1:colcon.colcon_core.package_identification:_identify(ros2_ws) by extension 'colcon_meta'
[0.108s] Level 1:colcon.colcon_core.package_identification:_identify(ros2_ws) by extensions ['ros']
[0.108s] Level 1:colcon.colcon_core.package_identification:_identify(ros2_ws) by extension 'ros'
[0.108s] Level 1:colcon.colcon_core.package_identification:_identify(ros2_ws) by extensions ['cmake', 'python']
[0.108s] Level 1:colcon.colcon_core.package_identification:_identify(ros2_ws) by extension 'cmake'
[0.108s] Level 1:colcon.colcon_core.package_identification:_identify(ros2_ws) by extension 'python'
[0.108s] Level 1:colcon.colcon_core.package_identification:_identify(ros2_ws) by extensions ['python_setup_py']
[0.108s] Level 1:colcon.colcon_core.package_identification:_identify(ros2_ws) by extension 'python_setup_py'
[0.108s] Level 1:colcon.colcon_core.package_identification:_identify(ros2_ws/bin) by extensions ['ignore', 'ignore_ament_install']
[0.108s] Level 1:colcon.colcon_core.package_identification:_identify(ros2_ws/bin) by extension 'ignore'
[0.108s] Level 1:colcon.colcon_core.package_identification:_identify(ros2_ws/bin) by extension 'ignore_ament_install'
[0.108s] Level 1:colcon.colcon_core.package_identification:_identify(ros2_ws/bin) by extensions ['colcon_pkg']
[0.108s] Level 1:colcon.colcon_core.package_identification:_identify(ros2_ws/bin) by extension 'colcon_pkg'
[0.108s] Level 1:colcon.colcon_core.package_identification:_identify(ros2_ws/bin) by extensions ['colcon_meta']
[0.108s] Level 1:colcon.colcon_core.package_identification:_identify(ros2_ws/bin) by extension 'colcon_meta'
[0.108s] Level 1:colcon.colcon_core.package_identification:_identify(ros2_ws/bin) by extensions ['ros']
[0.108s] Level 1:colcon.colcon_core.package_identification:_identify(ros2_ws/bin) by extension 'ros'
[0.109s] Level 1:colcon.colcon_core.package_identification:_identify(ros2_ws/bin) by extensions ['cmake', 'python']
[0.109s] Level 1:colcon.colcon_core.package_identification:_identify(ros2_ws/bin) by extension 'cmake'
[0.109s] Level 1:colcon.colcon_core.package_identification:_identify(ros2_ws/bin) by extension 'python'
[0.109s] Level 1:colcon.colcon_core.package_identification:_identify(ros2_ws/bin) by extensions ['python_setup_py']
[0.109s] Level 1:colcon.colcon_core.package_identification:_identify(ros2_ws/bin) by extension 'python_setup_py'
[0.109s] Level 1:colcon.colcon_core.package_identification:_identify(ros2_ws/build) by extensions ['ignore', 'ignore_ament_install']
[0.109s] Level 1:colcon.colcon_core.package_identification:_identify(ros2_ws/build) by extension 'ignore'
[0.109s] Level 1:colcon.colcon_core.package_identification:_identify(ros2_ws/build) ignored
[0.109s] Level 1:colcon.colcon_core.package_identification:_identify(ros2_ws/install) by extensions ['ignore', 'ignore_ament_install']
[0.109s] Level 1:colcon.colcon_core.package_identification:_identify(ros2_ws/install) by extension 'ignore'
[0.109s] Level 1:colcon.colcon_core.package_identification:_identify(ros2_ws/install) ignored
[0.109s] Level 1:colcon.colcon_core.package_identification:_identify(ros2_ws/launch) by extensions ['ignore', 'ignore_ament_install']
[0.109s] Level 1:colcon.colcon_core.package_identification:_identify(ros2_ws/launch) by extension 'ignore'
[0.109s] Level 1:colcon.colcon_core.package_identification:_identify(ros2_ws/launch) by extension 'ignore_ament_install'
[0.109s] Level 1:colcon.colcon_core.package_identification:_identify(ros2_ws/launch) by extensions ['colcon_pkg']
[0.109s] Level 1:colcon.colcon_core.package_identification:_identify(ros2_ws/launch) by extension 'colcon_pkg'
[0.109s] Level 1:colcon.colcon_core.package_identification:_identify(ros2_ws/launch) by extensions ['colcon_meta']
[0.109s] Level 1:colcon.colcon_core.package_identification:_identify(ros2_ws/launch) by extension 'colcon_meta'
[0.109s] Level 1:colcon.colcon_core.package_identification:_identify(ros2_ws/launch) by extensions ['ros']
[0.109s] Level 1:colcon.colcon_core.package_identification:_identify(ros2_ws/launch) by extension 'ros'
[0.109s] Level 1:colcon.colcon_core.package_identification:_identify(ros2_ws/launch) by extensions ['cmake', 'python']
[0.109s] Level 1:colcon.colcon_core.package_identification:_identify(ros2_ws/launch) by extension 'cmake'
[0.109s] Level 1:colcon.colcon_core.package_identification:_identify(ros2_ws/launch) by extension 'python'
[0.109s] Level 1:colcon.colcon_core.package_identification:_identify(ros2_ws/launch) by extensions ['python_setup_py']
[0.109s] Level 1:colcon.colcon_core.package_identification:_identify(ros2_ws/launch) by extension 'python_setup_py'
[0.109s] Level 1:colcon.colcon_core.package_identification:_identify(ros2_ws/launch/__pycache__) by extensions ['ignore', 'ignore_ament_install']
[0.109s] Level 1:colcon.colcon_core.package_identification:_identify(ros2_ws/launch/__pycache__) by extension 'ignore'
[0.109s] Level 1:colcon.colcon_core.package_identification:_identify(ros2_ws/launch/__pycache__) by extension 'ignore_ament_install'
[0.109s] Level 1:colcon.colcon_core.package_identification:_identify(ros2_ws/launch/__pycache__) by extensions ['colcon_pkg']
[0.109s] Level 1:colcon.colcon_core.package_identification:_identify(ros2_ws/launch/__pycache__) by extension 'colcon_pkg'
[0.109s] Level 1:colcon.colcon_core.package_identification:_identify(ros2_ws/launch/__pycache__) by extensions ['colcon_meta']
[0.109s] Level 1:colcon.colcon_core.package_identification:_identify(ros2_ws/launch/__pycache__) by extension 'colcon_meta'
[0.109s] Level 1:colcon.colcon_core.package_identification:_identify(ros2_ws/launch/__pycache__) by extensions ['ros']
[0.109s] Level 1:colcon.colcon_core.package_identification:_identify(ros2_ws/launch/__pycache__) by extension 'ros'
[0.109s] Level 1:colcon.colcon_core.package_identification:_identify(ros2_ws/launch/__pycache__) by extensions ['cmake', 'python']
[0.110s] Level 1:colcon.colcon_core.package_identification:_identify(ros2_ws/launch/__pycache__) by extension 'cmake'
[0.110s] Level 1:colcon.colcon_core.package_identification:_identify(ros2_ws/launch/__pycache__) by extension 'python'
[0.110s] Level 1:colcon.colcon_core.package_identification:_identify(ros2_ws/launch/__pycache__) by extensions ['python_setup_py']
[0.110s] Level 1:colcon.colcon_core.package_identification:_identify(ros2_ws/launch/__pycache__) by extension 'python_setup_py'
[0.110s] Level 1:colcon.colcon_core.package_identification:_identify(ros2_ws/log) by extensions ['ignore', 'ignore_ament_install']
[0.110s] Level 1:colcon.colcon_core.package_identification:_identify(ros2_ws/log) by extension 'ignore'
[0.110s] Level 1:colcon.colcon_core.package_identification:_identify(ros2_ws/log) ignored
[0.110s] Level 1:colcon.colcon_core.package_identification:_identify(ros2_ws/src) by extensions ['ignore', 'ignore_ament_install']
[0.110s] Level 1:colcon.colcon_core.package_identification:_identify(ros2_ws/src) by extension 'ignore'
[0.110s] Level 1:colcon.colcon_core.package_identification:_identify(ros2_ws/src) by extension 'ignore_ament_install'
[0.110s] Level 1:colcon.colcon_core.package_identification:_identify(ros2_ws/src) by extensions ['colcon_pkg']
[0.110s] Level 1:colcon.colcon_core.package_identification:_identify(ros2_ws/src) by extension 'colcon_pkg'
[0.110s] Level 1:colcon.colcon_core.package_identification:_identify(ros2_ws/src) by extensions ['colcon_meta']
[0.110s] Level 1:colcon.colcon_core.package_identification:_identify(ros2_ws/src) by extension 'colcon_meta'
[0.110s] Level 1:colcon.colcon_core.package_identification:_identify(ros2_ws/src) by extensions ['ros']
[0.110s] Level 1:colcon.colcon_core.package_identification:_identify(ros2_ws/src) by extension 'ros'
[0.110s] Level 1:colcon.colcon_core.package_identification:_identify(ros2_ws/src) by extensions ['cmake', 'python']
[0.110s] Level 1:colcon.colcon_core.package_identification:_identify(ros2_ws/src) by extension 'cmake'
[0.110s] Level 1:colcon.colcon_core.package_identification:_identify(ros2_ws/src) by extension 'python'
[0.110s] Level 1:colcon.colcon_core.package_identification:_identify(ros2_ws/src) by extensions ['python_setup_py']
[0.110s] Level 1:colcon.colcon_core.package_identification:_identify(ros2_ws/src) by extension 'python_setup_py'
[0.110s] Level 1:colcon.colcon_core.package_identification:_identify(ros2_ws/src/Arduino) by extensions ['ignore', 'ignore_ament_install']
[0.110s] Level 1:colcon.colcon_core.package_identification:_identify(ros2_ws/src/Arduino) by extension 'ignore'
[0.110s] Level 1:colcon.colcon_core.package_identification:_identify(ros2_ws/src/Arduino) by extension 'ignore_ament_install'
[0.110s] Level 1:colcon.colcon_core.package_identification:_identify(ros2_ws/src/Arduino) by extensions ['colcon_pkg']
[0.110s] Level 1:colcon.colcon_core.package_identification:_identify(ros2_ws/src/Arduino) by extension 'colcon_pkg'
[0.110s] Level 1:colcon.colcon_core.package_identification:_identify(ros2_ws/src/Arduino) by extensions ['colcon_meta']
[0.110s] Level 1:colcon.colcon_core.package_identification:_identify(ros2_ws/src/Arduino) by extension 'colcon_meta'
[0.110s] Level 1:colcon.colcon_core.package_identification:_identify(ros2_ws/src/Arduino) by extensions ['ros']
[0.110s] Level 1:colcon.colcon_core.package_identification:_identify(ros2_ws/src/Arduino) by extension 'ros'
[0.110s] Level 1:colcon.colcon_core.package_identification:_identify(ros2_ws/src/Arduino) by extensions ['cmake', 'python']
[0.110s] Level 1:colcon.colcon_core.package_identification:_identify(ros2_ws/src/Arduino) by extension 'cmake'
[0.110s] Level 1:colcon.colcon_core.package_identification:_identify(ros2_ws/src/Arduino) by extension 'python'
[0.110s] Level 1:colcon.colcon_core.package_identification:_identify(ros2_ws/src/Arduino) by extensions ['python_setup_py']
[0.110s] Level 1:colcon.colcon_core.package_identification:_identify(ros2_ws/src/Arduino) by extension 'python_setup_py'
[0.110s] Level 1:colcon.colcon_core.package_identification:_identify(ros2_ws/src/Arduino/Calibracion_driver) by extensions ['ignore', 'ignore_ament_install']
[0.111s] Level 1:colcon.colcon_core.package_identification:_identify(ros2_ws/src/Arduino/Calibracion_driver) by extension 'ignore'
[0.111s] Level 1:colcon.colcon_core.package_identification:_identify(ros2_ws/src/Arduino/Calibracion_driver) by extension 'ignore_ament_install'
[0.111s] Level 1:colcon.colcon_core.package_identification:_identify(ros2_ws/src/Arduino/Calibracion_driver) by extensions ['colcon_pkg']
[0.111s] Level 1:colcon.colcon_core.package_identification:_identify(ros2_ws/src/Arduino/Calibracion_driver) by extension 'colcon_pkg'
[0.111s] Level 1:colcon.colcon_core.package_identification:_identify(ros2_ws/src/Arduino/Calibracion_driver) by extensions ['colcon_meta']
[0.111s] Level 1:colcon.colcon_core.package_identification:_identify(ros2_ws/src/Arduino/Calibracion_driver) by extension 'colcon_meta'
[0.111s] Level 1:colcon.colcon_core.package_identification:_identify(ros2_ws/src/Arduino/Calibracion_driver) by extensions ['ros']
[0.111s] Level 1:colcon.colcon_core.package_identification:_identify(ros2_ws/src/Arduino/Calibracion_driver) by extension 'ros'
[0.111s] Level 1:colcon.colcon_core.package_identification:_identify(ros2_ws/src/Arduino/Calibracion_driver) by extensions ['cmake', 'python']
[0.111s] Level 1:colcon.colcon_core.package_identification:_identify(ros2_ws/src/Arduino/Calibracion_driver) by extension 'cmake'
[0.111s] Level 1:colcon.colcon_core.package_identification:_identify(ros2_ws/src/Arduino/Calibracion_driver) by extension 'python'
[0.111s] Level 1:colcon.colcon_core.package_identification:_identify(ros2_ws/src/Arduino/Calibracion_driver) by extensions ['python_setup_py']
[0.111s] Level 1:colcon.colcon_core.package_identification:_identify(ros2_ws/src/Arduino/Calibracion_driver) by extension 'python_setup_py'
[0.111s] Level 1:colcon.colcon_core.package_identification:_identify(ros2_ws/src/Arduino/Driver) by extensions ['ignore', 'ignore_ament_install']
[0.111s] Level 1:colcon.colcon_core.package_identification:_identify(ros2_ws/src/Arduino/Driver) by extension 'ignore'
[0.111s] Level 1:colcon.colcon_core.package_identification:_identify(ros2_ws/src/Arduino/Driver) by extension 'ignore_ament_install'
[0.111s] Level 1:colcon.colcon_core.package_identification:_identify(ros2_ws/src/Arduino/Driver) by extensions ['colcon_pkg']
[0.111s] Level 1:colcon.colcon_core.package_identification:_identify(ros2_ws/src/Arduino/Driver) by extension 'colcon_pkg'
[0.111s] Level 1:colcon.colcon_core.package_identification:_identify(ros2_ws/src/Arduino/Driver) by extensions ['colcon_meta']
[0.111s] Level 1:colcon.colcon_core.package_identification:_identify(ros2_ws/src/Arduino/Driver) by extension 'colcon_meta'
[0.111s] Level 1:colcon.colcon_core.package_identification:_identify(ros2_ws/src/Arduino/Driver) by extensions ['ros']
[0.111s] Level 1:colcon.colcon_core.package_identification:_identify(ros2_ws/src/Arduino/Driver) by extension 'ros'
[0.111s] Level 1:colcon.colcon_core.package_identification:_identify(ros2_ws/src/Arduino/Driver) by extensions ['cmake', 'python']
[0.111s] Level 1:colcon.colcon_core.package_identification:_identify(ros2_ws/src/Arduino/Driver) by extension 'cmake'
[0.111s] Level 1:colcon.colcon_core.package_identification:_identify(ros2_ws/src/Arduino/Driver) by extension 'python'
[0.111s] Level 1:colcon.colcon_core.package_identification:_identify(ros2_ws/src/Arduino/Driver) by extensions ['python_setup_py']
[0.111s] Level 1:colcon.colcon_core.package_identification:_identify(ros2_ws/src/Arduino/Driver) by extension 'python_setup_py'
[0.111s] Level 1:colcon.colcon_core.package_identification:_identify(ros2_ws/src/Arduino/Rebase) by extensions ['ignore', 'ignore_ament_install']
[0.111s] Level 1:colcon.colcon_core.package_identification:_identify(ros2_ws/src/Arduino/Rebase) by extension 'ignore'
[0.111s] Level 1:colcon.colcon_core.package_identification:_identify(ros2_ws/src/Arduino/Rebase) by extension 'ignore_ament_install'
[0.111s] Level 1:colcon.colcon_core.package_identification:_identify(ros2_ws/src/Arduino/Rebase) by extensions ['colcon_pkg']
[0.111s] Level 1:colcon.colcon_core.package_identification:_identify(ros2_ws/src/Arduino/Rebase) by extension 'colcon_pkg'
[0.111s] Level 1:colcon.colcon_core.package_identification:_identify(ros2_ws/src/Arduino/Rebase) by extensions ['colcon_meta']
[0.111s] Level 1:colcon.colcon_core.package_identification:_identify(ros2_ws/src/Arduino/Rebase) by extension 'colcon_meta'
[0.111s] Level 1:colcon.colcon_core.package_identification:_identify(ros2_ws/src/Arduino/Rebase) by extensions ['ros']
[0.111s] Level 1:colcon.colcon_core.package_identification:_identify(ros2_ws/src/Arduino/Rebase) by extension 'ros'
[0.111s] Level 1:colcon.colcon_core.package_identification:_identify(ros2_ws/src/Arduino/Rebase) by extensions ['cmake', 'python']
[0.111s] Level 1:colcon.colcon_core.package_identification:_identify(ros2_ws/src/Arduino/Rebase) by extension 'cmake'
[0.111s] Level 1:colcon.colcon_core.package_identification:_identify(ros2_ws/src/Arduino/Rebase) by extension 'python'
[0.112s] Level 1:colcon.colcon_core.package_identification:_identify(ros2_ws/src/Arduino/Rebase) by extensions ['python_setup_py']
[0.112s] Level 1:colcon.colcon_core.package_identification:_identify(ros2_ws/src/Arduino/Rebase) by extension 'python_setup_py'
[0.112s] Level 1:colcon.colcon_core.package_identification:_identify(ros2_ws/src/Arduino/Rebase/Rebase) by extensions ['ignore', 'ignore_ament_install']
[0.112s] Level 1:colcon.colcon_core.package_identification:_identify(ros2_ws/src/Arduino/Rebase/Rebase) by extension 'ignore'
[0.112s] Level 1:colcon.colcon_core.package_identification:_identify(ros2_ws/src/Arduino/Rebase/Rebase) by extension 'ignore_ament_install'
[0.112s] Level 1:colcon.colcon_core.package_identification:_identify(ros2_ws/src/Arduino/Rebase/Rebase) by extensions ['colcon_pkg']
[0.112s] Level 1:colcon.colcon_core.package_identification:_identify(ros2_ws/src/Arduino/Rebase/Rebase) by extension 'colcon_pkg'
[0.112s] Level 1:colcon.colcon_core.package_identification:_identify(ros2_ws/src/Arduino/Rebase/Rebase) by extensions ['colcon_meta']
[0.112s] Level 1:colcon.colcon_core.package_identification:_identify(ros2_ws/src/Arduino/Rebase/Rebase) by extension 'colcon_meta'
[0.112s] Level 1:colcon.colcon_core.package_identification:_identify(ros2_ws/src/Arduino/Rebase/Rebase) by extensions ['ros']
[0.112s] Level 1:colcon.colcon_core.package_identification:_identify(ros2_ws/src/Arduino/Rebase/Rebase) by extension 'ros'
[0.112s] Level 1:colcon.colcon_core.package_identification:_identify(ros2_ws/src/Arduino/Rebase/Rebase) by extensions ['cmake', 'python']
[0.112s] Level 1:colcon.colcon_core.package_identification:_identify(ros2_ws/src/Arduino/Rebase/Rebase) by extension 'cmake'
[0.112s] Level 1:colcon.colcon_core.package_identification:_identify(ros2_ws/src/Arduino/Rebase/Rebase) by extension 'python'
[0.112s] Level 1:colcon.colcon_core.package_identification:_identify(ros2_ws/src/Arduino/Rebase/Rebase) by extensions ['python_setup_py']
[0.112s] Level 1:colcon.colcon_core.package_identification:_identify(ros2_ws/src/Arduino/Rebase/Rebase) by extension 'python_setup_py'
[0.112s] Level 1:colcon.colcon_core.package_identification:_identify(ros2_ws/src/Arduino/Rebase/sketch_apr16a) by extensions ['ignore', 'ignore_ament_install']
[0.112s] Level 1:colcon.colcon_core.package_identification:_identify(ros2_ws/src/Arduino/Rebase/sketch_apr16a) by extension 'ignore'
[0.112s] Level 1:colcon.colcon_core.package_identification:_identify(ros2_ws/src/Arduino/Rebase/sketch_apr16a) by extension 'ignore_ament_install'
[0.112s] Level 1:colcon.colcon_core.package_identification:_identify(ros2_ws/src/Arduino/Rebase/sketch_apr16a) by extensions ['colcon_pkg']
[0.112s] Level 1:colcon.colcon_core.package_identification:_identify(ros2_ws/src/Arduino/Rebase/sketch_apr16a) by extension 'colcon_pkg'
[0.112s] Level 1:colcon.colcon_core.package_identification:_identify(ros2_ws/src/Arduino/Rebase/sketch_apr16a) by extensions ['colcon_meta']
[0.112s] Level 1:colcon.colcon_core.package_identification:_identify(ros2_ws/src/Arduino/Rebase/sketch_apr16a) by extension 'colcon_meta'
[0.112s] Level 1:colcon.colcon_core.package_identification:_identify(ros2_ws/src/Arduino/Rebase/sketch_apr16a) by extensions ['ros']
[0.112s] Level 1:colcon.colcon_core.package_identification:_identify(ros2_ws/src/Arduino/Rebase/sketch_apr16a) by extension 'ros'
[0.112s] Level 1:colcon.colcon_core.package_identification:_identify(ros2_ws/src/Arduino/Rebase/sketch_apr16a) by extensions ['cmake', 'python']
[0.112s] Level 1:colcon.colcon_core.package_identification:_identify(ros2_ws/src/Arduino/Rebase/sketch_apr16a) by extension 'cmake'
[0.112s] Level 1:colcon.colcon_core.package_identification:_identify(ros2_ws/src/Arduino/Rebase/sketch_apr16a) by extension 'python'
[0.112s] Level 1:colcon.colcon_core.package_identification:_identify(ros2_ws/src/Arduino/Rebase/sketch_apr16a) by extensions ['python_setup_py']
[0.112s] Level 1:colcon.colcon_core.package_identification:_identify(ros2_ws/src/Arduino/Rebase/sketch_apr16a) by extension 'python_setup_py'
[0.112s] Level 1:colcon.colcon_core.package_identification:_identify(ros2_ws/src/Arduino/Servo_mov) by extensions ['ignore', 'ignore_ament_install']
[0.112s] Level 1:colcon.colcon_core.package_identification:_identify(ros2_ws/src/Arduino/Servo_mov) by extension 'ignore'
[0.112s] Level 1:colcon.colcon_core.package_identification:_identify(ros2_ws/src/Arduino/Servo_mov) by extension 'ignore_ament_install'
[0.112s] Level 1:colcon.colcon_core.package_identification:_identify(ros2_ws/src/Arduino/Servo_mov) by extensions ['colcon_pkg']
[0.112s] Level 1:colcon.colcon_core.package_identification:_identify(ros2_ws/src/Arduino/Servo_mov) by extension 'colcon_pkg'
[0.112s] Level 1:colcon.colcon_core.package_identification:_identify(ros2_ws/src/Arduino/Servo_mov) by extensions ['colcon_meta']
[0.112s] Level 1:colcon.colcon_core.package_identification:_identify(ros2_ws/src/Arduino/Servo_mov) by extension 'colcon_meta'
[0.113s] Level 1:colcon.colcon_core.package_identification:_identify(ros2_ws/src/Arduino/Servo_mov) by extensions ['ros']
[0.113s] Level 1:colcon.colcon_core.package_identification:_identify(ros2_ws/src/Arduino/Servo_mov) by extension 'ros'
[0.113s] Level 1:colcon.colcon_core.package_identification:_identify(ros2_ws/src/Arduino/Servo_mov) by extensions ['cmake', 'python']
[0.113s] Level 1:colcon.colcon_core.package_identification:_identify(ros2_ws/src/Arduino/Servo_mov) by extension 'cmake'
[0.113s] Level 1:colcon.colcon_core.package_identification:_identify(ros2_ws/src/Arduino/Servo_mov) by extension 'python'
[0.113s] Level 1:colcon.colcon_core.package_identification:_identify(ros2_ws/src/Arduino/Servo_mov) by extensions ['python_setup_py']
[0.113s] Level 1:colcon.colcon_core.package_identification:_identify(ros2_ws/src/Arduino/Servo_mov) by extension 'python_setup_py'
[0.113s] Level 1:colcon.colcon_core.package_identification:_identify(ros2_ws/src/Arduino/TestDriver) by extensions ['ignore', 'ignore_ament_install']
[0.113s] Level 1:colcon.colcon_core.package_identification:_identify(ros2_ws/src/Arduino/TestDriver) by extension 'ignore'
[0.113s] Level 1:colcon.colcon_core.package_identification:_identify(ros2_ws/src/Arduino/TestDriver) by extension 'ignore_ament_install'
[0.113s] Level 1:colcon.colcon_core.package_identification:_identify(ros2_ws/src/Arduino/TestDriver) by extensions ['colcon_pkg']
[0.113s] Level 1:colcon.colcon_core.package_identification:_identify(ros2_ws/src/Arduino/TestDriver) by extension 'colcon_pkg'
[0.113s] Level 1:colcon.colcon_core.package_identification:_identify(ros2_ws/src/Arduino/TestDriver) by extensions ['colcon_meta']
[0.113s] Level 1:colcon.colcon_core.package_identification:_identify(ros2_ws/src/Arduino/TestDriver) by extension 'colcon_meta'
[0.113s] Level 1:colcon.colcon_core.package_identification:_identify(ros2_ws/src/Arduino/TestDriver) by extensions ['ros']
[0.113s] Level 1:colcon.colcon_core.package_identification:_identify(ros2_ws/src/Arduino/TestDriver) by extension 'ros'
[0.113s] Level 1:colcon.colcon_core.package_identification:_identify(ros2_ws/src/Arduino/TestDriver) by extensions ['cmake', 'python']
[0.113s] Level 1:colcon.colcon_core.package_identification:_identify(ros2_ws/src/Arduino/TestDriver) by extension 'cmake'
[0.113s] Level 1:colcon.colcon_core.package_identification:_identify(ros2_ws/src/Arduino/TestDriver) by extension 'python'
[0.113s] Level 1:colcon.colcon_core.package_identification:_identify(ros2_ws/src/Arduino/TestDriver) by extensions ['python_setup_py']
[0.113s] Level 1:colcon.colcon_core.package_identification:_identify(ros2_ws/src/Arduino/TestDriver) by extension 'python_setup_py'
[0.113s] Level 1:colcon.colcon_core.package_identification:_identify(ros2_ws/src/build) by extensions ['ignore', 'ignore_ament_install']
[0.113s] Level 1:colcon.colcon_core.package_identification:_identify(ros2_ws/src/build) by extension 'ignore'
[0.113s] Level 1:colcon.colcon_core.package_identification:_identify(ros2_ws/src/build) ignored
[0.113s] Level 1:colcon.colcon_core.package_identification:_identify(ros2_ws/src/hardware) by extensions ['ignore', 'ignore_ament_install']
[0.113s] Level 1:colcon.colcon_core.package_identification:_identify(ros2_ws/src/hardware) by extension 'ignore'
[0.113s] Level 1:colcon.colcon_core.package_identification:_identify(ros2_ws/src/hardware) by extension 'ignore_ament_install'
[0.113s] Level 1:colcon.colcon_core.package_identification:_identify(ros2_ws/src/hardware) by extensions ['colcon_pkg']
[0.113s] Level 1:colcon.colcon_core.package_identification:_identify(ros2_ws/src/hardware) by extension 'colcon_pkg'
[0.113s] Level 1:colcon.colcon_core.package_identification:_identify(ros2_ws/src/hardware) by extensions ['colcon_meta']
[0.113s] Level 1:colcon.colcon_core.package_identification:_identify(ros2_ws/src/hardware) by extension 'colcon_meta'
[0.113s] Level 1:colcon.colcon_core.package_identification:_identify(ros2_ws/src/hardware) by extensions ['ros']
[0.113s] Level 1:colcon.colcon_core.package_identification:_identify(ros2_ws/src/hardware) by extension 'ros'
[0.113s] Level 1:colcon.colcon_core.package_identification:_identify(ros2_ws/src/hardware) by extensions ['cmake', 'python']
[0.113s] Level 1:colcon.colcon_core.package_identification:_identify(ros2_ws/src/hardware) by extension 'cmake'
[0.113s] Level 1:colcon.colcon_core.package_identification:_identify(ros2_ws/src/hardware) by extension 'python'
[0.113s] Level 1:colcon.colcon_core.package_identification:_identify(ros2_ws/src/hardware) by extensions ['python_setup_py']
[0.113s] Level 1:colcon.colcon_core.package_identification:_identify(ros2_ws/src/hardware) by extension 'python_setup_py'
[0.114s] Level 1:colcon.colcon_core.package_identification:_identify(ros2_ws/src/hardware/boton_inicio) by extensions ['ignore', 'ignore_ament_install']
[0.114s] Level 1:colcon.colcon_core.package_identification:_identify(ros2_ws/src/hardware/boton_inicio) by extension 'ignore'
[0.114s] Level 1:colcon.colcon_core.package_identification:_identify(ros2_ws/src/hardware/boton_inicio) by extension 'ignore_ament_install'
[0.114s] Level 1:colcon.colcon_core.package_identification:_identify(ros2_ws/src/hardware/boton_inicio) by extensions ['colcon_pkg']
[0.114s] Level 1:colcon.colcon_core.package_identification:_identify(ros2_ws/src/hardware/boton_inicio) by extension 'colcon_pkg'
[0.114s] Level 1:colcon.colcon_core.package_identification:_identify(ros2_ws/src/hardware/boton_inicio) by extensions ['colcon_meta']
[0.114s] Level 1:colcon.colcon_core.package_identification:_identify(ros2_ws/src/hardware/boton_inicio) by extension 'colcon_meta'
[0.114s] Level 1:colcon.colcon_core.package_identification:_identify(ros2_ws/src/hardware/boton_inicio) by extensions ['ros']
[0.114s] Level 1:colcon.colcon_core.package_identification:_identify(ros2_ws/src/hardware/boton_inicio) by extension 'ros'
[0.114s] Level 1:colcon.colcon_core.package_identification:_identify(ros2_ws/src/hardware/boton_inicio) by extensions ['cmake', 'python']
[0.114s] Level 1:colcon.colcon_core.package_identification:_identify(ros2_ws/src/hardware/boton_inicio) by extension 'cmake'
[0.114s] Level 1:colcon.colcon_core.package_identification:_identify(ros2_ws/src/hardware/boton_inicio) by extension 'python'
[0.114s] Level 1:colcon.colcon_core.package_identification:_identify(ros2_ws/src/hardware/boton_inicio) by extensions ['python_setup_py']
[0.114s] Level 1:colcon.colcon_core.package_identification:_identify(ros2_ws/src/hardware/boton_inicio) by extension 'python_setup_py'
[0.114s] Level 1:colcon.colcon_core.package_identification:_identify(ros2_ws/src/hardware/directional_led) by extensions ['ignore', 'ignore_ament_install']
[0.114s] Level 1:colcon.colcon_core.package_identification:_identify(ros2_ws/src/hardware/directional_led) by extension 'ignore'
[0.114s] Level 1:colcon.colcon_core.package_identification:_identify(ros2_ws/src/hardware/directional_led) by extension 'ignore_ament_install'
[0.114s] Level 1:colcon.colcon_core.package_identification:_identify(ros2_ws/src/hardware/directional_led) by extensions ['colcon_pkg']
[0.114s] Level 1:colcon.colcon_core.package_identification:_identify(ros2_ws/src/hardware/directional_led) by extension 'colcon_pkg'
[0.114s] Level 1:colcon.colcon_core.package_identification:_identify(ros2_ws/src/hardware/directional_led) by extensions ['colcon_meta']
[0.114s] Level 1:colcon.colcon_core.package_identification:_identify(ros2_ws/src/hardware/directional_led) by extension 'colcon_meta'
[0.114s] Level 1:colcon.colcon_core.package_identification:_identify(ros2_ws/src/hardware/directional_led) by extensions ['ros']
[0.114s] Level 1:colcon.colcon_core.package_identification:_identify(ros2_ws/src/hardware/directional_led) by extension 'ros'
[0.115s] DEBUG:colcon.colcon_core.package_identification:Package 'ros2_ws/src/hardware/directional_led' with type 'ros.ament_python' and name 'directional_led'
[0.116s] Level 1:colcon.colcon_core.package_identification:_identify(ros2_ws/src/hardware/driver) by extensions ['ignore', 'ignore_ament_install']
[0.116s] Level 1:colcon.colcon_core.package_identification:_identify(ros2_ws/src/hardware/driver) by extension 'ignore'
[0.116s] Level 1:colcon.colcon_core.package_identification:_identify(ros2_ws/src/hardware/driver) by extension 'ignore_ament_install'
[0.116s] Level 1:colcon.colcon_core.package_identification:_identify(ros2_ws/src/hardware/driver) by extensions ['colcon_pkg']
[0.116s] Level 1:colcon.colcon_core.package_identification:_identify(ros2_ws/src/hardware/driver) by extension 'colcon_pkg'
[0.116s] Level 1:colcon.colcon_core.package_identification:_identify(ros2_ws/src/hardware/driver) by extensions ['colcon_meta']
[0.116s] Level 1:colcon.colcon_core.package_identification:_identify(ros2_ws/src/hardware/driver) by extension 'colcon_meta'
[0.116s] Level 1:colcon.colcon_core.package_identification:_identify(ros2_ws/src/hardware/driver) by extensions ['ros']
[0.116s] Level 1:colcon.colcon_core.package_identification:_identify(ros2_ws/src/hardware/driver) by extension 'ros'
[0.116s] DEBUG:colcon.colcon_core.package_identification:Package 'ros2_ws/src/hardware/driver' with type 'ros.ament_python' and name 'driver'
[0.116s] Level 1:colcon.colcon_core.package_identification:_identify(ros2_ws/src/hardware/servo) by extensions ['ignore', 'ignore_ament_install']
[0.116s] Level 1:colcon.colcon_core.package_identification:_identify(ros2_ws/src/hardware/servo) by extension 'ignore'
[0.116s] Level 1:colcon.colcon_core.package_identification:_identify(ros2_ws/src/hardware/servo) by extension 'ignore_ament_install'
[0.116s] Level 1:colcon.colcon_core.package_identification:_identify(ros2_ws/src/hardware/servo) by extensions ['colcon_pkg']
[0.116s] Level 1:colcon.colcon_core.package_identification:_identify(ros2_ws/src/hardware/servo) by extension 'colcon_pkg'
[0.116s] Level 1:colcon.colcon_core.package_identification:_identify(ros2_ws/src/hardware/servo) by extensions ['colcon_meta']
[0.116s] Level 1:colcon.colcon_core.package_identification:_identify(ros2_ws/src/hardware/servo) by extension 'colcon_meta'
[0.116s] Level 1:colcon.colcon_core.package_identification:_identify(ros2_ws/src/hardware/servo) by extensions ['ros']
[0.116s] Level 1:colcon.colcon_core.package_identification:_identify(ros2_ws/src/hardware/servo) by extension 'ros'
[0.117s] DEBUG:colcon.colcon_core.package_identification:Package 'ros2_ws/src/hardware/servo' with type 'ros.ament_python' and name 'servo'
[0.117s] Level 1:colcon.colcon_core.package_identification:_identify(ros2_ws/src/hardware/webcam) by extensions ['ignore', 'ignore_ament_install']
[0.117s] Level 1:colcon.colcon_core.package_identification:_identify(ros2_ws/src/hardware/webcam) by extension 'ignore'
[0.117s] Level 1:colcon.colcon_core.package_identification:_identify(ros2_ws/src/hardware/webcam) by extension 'ignore_ament_install'
[0.117s] Level 1:colcon.colcon_core.package_identification:_identify(ros2_ws/src/hardware/webcam) by extensions ['colcon_pkg']
[0.117s] Level 1:colcon.colcon_core.package_identification:_identify(ros2_ws/src/hardware/webcam) by extension 'colcon_pkg'
[0.117s] Level 1:colcon.colcon_core.package_identification:_identify(ros2_ws/src/hardware/webcam) by extensions ['colcon_meta']
[0.117s] Level 1:colcon.colcon_core.package_identification:_identify(ros2_ws/src/hardware/webcam) by extension 'colcon_meta'
[0.117s] Level 1:colcon.colcon_core.package_identification:_identify(ros2_ws/src/hardware/webcam) by extensions ['ros']
[0.117s] Level 1:colcon.colcon_core.package_identification:_identify(ros2_ws/src/hardware/webcam) by extension 'ros'
[0.117s] DEBUG:colcon.colcon_core.package_identification:Package 'ros2_ws/src/hardware/webcam' with type 'ros.ament_python' and name 'webcam'
[0.117s] Level 1:colcon.colcon_core.package_identification:_identify(ros2_ws/src/hardware/webcam_recorted) by extensions ['ignore', 'ignore_ament_install']
[0.117s] Level 1:colcon.colcon_core.package_identification:_identify(ros2_ws/src/hardware/webcam_recorted) by extension 'ignore'
[0.117s] Level 1:colcon.colcon_core.package_identification:_identify(ros2_ws/src/hardware/webcam_recorted) by extension 'ignore_ament_install'
[0.117s] Level 1:colcon.colcon_core.package_identification:_identify(ros2_ws/src/hardware/webcam_recorted) by extensions ['colcon_pkg']
[0.117s] Level 1:colcon.colcon_core.package_identification:_identify(ros2_ws/src/hardware/webcam_recorted) by extension 'colcon_pkg'
[0.117s] Level 1:colcon.colcon_core.package_identification:_identify(ros2_ws/src/hardware/webcam_recorted) by extensions ['colcon_meta']
[0.117s] Level 1:colcon.colcon_core.package_identification:_identify(ros2_ws/src/hardware/webcam_recorted) by extension 'colcon_meta'
[0.117s] Level 1:colcon.colcon_core.package_identification:_identify(ros2_ws/src/hardware/webcam_recorted) by extensions ['ros']
[0.117s] Level 1:colcon.colcon_core.package_identification:_identify(ros2_ws/src/hardware/webcam_recorted) by extension 'ros'
[0.118s] DEBUG:colcon.colcon_core.package_identification:Package 'ros2_ws/src/hardware/webcam_recorted' with type 'ros.ament_python' and name 'webcam_recorted'
[0.118s] Level 1:colcon.colcon_core.package_identification:_identify(ros2_ws/src/hardware/ydlidar_client) by extensions ['ignore', 'ignore_ament_install']
[0.118s] Level 1:colcon.colcon_core.package_identification:_identify(ros2_ws/src/hardware/ydlidar_client) by extension 'ignore'
[0.118s] Level 1:colcon.colcon_core.package_identification:_identify(ros2_ws/src/hardware/ydlidar_client) by extension 'ignore_ament_install'
[0.118s] Level 1:colcon.colcon_core.package_identification:_identify(ros2_ws/src/hardware/ydlidar_client) by extensions ['colcon_pkg']
[0.118s] Level 1:colcon.colcon_core.package_identification:_identify(ros2_ws/src/hardware/ydlidar_client) by extension 'colcon_pkg'
[0.118s] Level 1:colcon.colcon_core.package_identification:_identify(ros2_ws/src/hardware/ydlidar_client) by extensions ['colcon_meta']
[0.118s] Level 1:colcon.colcon_core.package_identification:_identify(ros2_ws/src/hardware/ydlidar_client) by extension 'colcon_meta'
[0.118s] Level 1:colcon.colcon_core.package_identification:_identify(ros2_ws/src/hardware/ydlidar_client) by extensions ['ros']
[0.118s] Level 1:colcon.colcon_core.package_identification:_identify(ros2_ws/src/hardware/ydlidar_client) by extension 'ros'
[0.118s] DEBUG:colcon.colcon_core.package_identification:Package 'ros2_ws/src/hardware/ydlidar_client' with type 'ros.ament_python' and name 'ydlidar_client'
[0.118s] Level 1:colcon.colcon_core.package_identification:_identify(ros2_ws/src/hardware/ydlidar_publicador) by extensions ['ignore', 'ignore_ament_install']
[0.118s] Level 1:colcon.colcon_core.package_identification:_identify(ros2_ws/src/hardware/ydlidar_publicador) by extension 'ignore'
[0.118s] Level 1:colcon.colcon_core.package_identification:_identify(ros2_ws/src/hardware/ydlidar_publicador) by extension 'ignore_ament_install'
[0.118s] Level 1:colcon.colcon_core.package_identification:_identify(ros2_ws/src/hardware/ydlidar_publicador) by extensions ['colcon_pkg']
[0.118s] Level 1:colcon.colcon_core.package_identification:_identify(ros2_ws/src/hardware/ydlidar_publicador) by extension 'colcon_pkg'
[0.118s] Level 1:colcon.colcon_core.package_identification:_identify(ros2_ws/src/hardware/ydlidar_publicador) by extensions ['colcon_meta']
[0.118s] Level 1:colcon.colcon_core.package_identification:_identify(ros2_ws/src/hardware/ydlidar_publicador) by extension 'colcon_meta'
[0.118s] Level 1:colcon.colcon_core.package_identification:_identify(ros2_ws/src/hardware/ydlidar_publicador) by extensions ['ros']
[0.118s] Level 1:colcon.colcon_core.package_identification:_identify(ros2_ws/src/hardware/ydlidar_publicador) by extension 'ros'
[0.119s] Level 1:colcon.colcon_core.package_identification:_identify(ros2_ws/src/hardware/ydlidar_publicador) by extensions ['cmake', 'python']
[0.119s] Level 1:colcon.colcon_core.package_identification:_identify(ros2_ws/src/hardware/ydlidar_publicador) by extension 'cmake'
[0.119s] Level 1:colcon.colcon_core.package_identification:_identify(ros2_ws/src/hardware/ydlidar_publicador) by extension 'python'
[0.119s] Level 1:colcon.colcon_core.package_identification:_identify(ros2_ws/src/hardware/ydlidar_publicador) by extensions ['python_setup_py']
[0.119s] Level 1:colcon.colcon_core.package_identification:_identify(ros2_ws/src/hardware/ydlidar_publicador) by extension 'python_setup_py'
[0.119s] Level 1:colcon.colcon_core.package_identification:_identify(ros2_ws/src/hardware/ydlidar_ros2_driver) by extensions ['ignore', 'ignore_ament_install']
[0.119s] Level 1:colcon.colcon_core.package_identification:_identify(ros2_ws/src/hardware/ydlidar_ros2_driver) by extension 'ignore'
[0.119s] Level 1:colcon.colcon_core.package_identification:_identify(ros2_ws/src/hardware/ydlidar_ros2_driver) by extension 'ignore_ament_install'
[0.119s] Level 1:colcon.colcon_core.package_identification:_identify(ros2_ws/src/hardware/ydlidar_ros2_driver) by extensions ['colcon_pkg']
[0.119s] Level 1:colcon.colcon_core.package_identification:_identify(ros2_ws/src/hardware/ydlidar_ros2_driver) by extension 'colcon_pkg'
[0.119s] Level 1:colcon.colcon_core.package_identification:_identify(ros2_ws/src/hardware/ydlidar_ros2_driver) by extensions ['colcon_meta']
[0.119s] Level 1:colcon.colcon_core.package_identification:_identify(ros2_ws/src/hardware/ydlidar_ros2_driver) by extension 'colcon_meta'
[0.119s] Level 1:colcon.colcon_core.package_identification:_identify(ros2_ws/src/hardware/ydlidar_ros2_driver) by extensions ['ros']
[0.119s] Level 1:colcon.colcon_core.package_identification:_identify(ros2_ws/src/hardware/ydlidar_ros2_driver) by extension 'ros'
[0.119s] DEBUG:colcon.colcon_core.package_identification:Package 'ros2_ws/src/hardware/ydlidar_ros2_driver' with type 'ros.ament_cmake' and name 'ydlidar_ros2_driver'
[0.119s] Level 1:colcon.colcon_core.package_identification:_identify(ros2_ws/src/install) by extensions ['ignore', 'ignore_ament_install']
[0.119s] Level 1:colcon.colcon_core.package_identification:_identify(ros2_ws/src/install) by extension 'ignore'
[0.119s] Level 1:colcon.colcon_core.package_identification:_identify(ros2_ws/src/install) ignored
[0.119s] Level 1:colcon.colcon_core.package_identification:_identify(ros2_ws/src/log) by extensions ['ignore', 'ignore_ament_install']
[0.119s] Level 1:colcon.colcon_core.package_identification:_identify(ros2_ws/src/log) by extension 'ignore'
[0.119s] Level 1:colcon.colcon_core.package_identification:_identify(ros2_ws/src/log) ignored
[0.119s] Level 1:colcon.colcon_core.package_identification:_identify(ros2_ws/src/test) by extensions ['ignore', 'ignore_ament_install']
[0.119s] Level 1:colcon.colcon_core.package_identification:_identify(ros2_ws/src/test) by extension 'ignore'
[0.119s] Level 1:colcon.colcon_core.package_identification:_identify(ros2_ws/src/test) by extension 'ignore_ament_install'
[0.120s] Level 1:colcon.colcon_core.package_identification:_identify(ros2_ws/src/test) by extensions ['colcon_pkg']
[0.120s] Level 1:colcon.colcon_core.package_identification:_identify(ros2_ws/src/test) by extension 'colcon_pkg'
[0.120s] Level 1:colcon.colcon_core.package_identification:_identify(ros2_ws/src/test) by extensions ['colcon_meta']
[0.120s] Level 1:colcon.colcon_core.package_identification:_identify(ros2_ws/src/test) by extension 'colcon_meta'
[0.120s] Level 1:colcon.colcon_core.package_identification:_identify(ros2_ws/src/test) by extensions ['ros']
[0.120s] Level 1:colcon.colcon_core.package_identification:_identify(ros2_ws/src/test) by extension 'ros'
[0.120s] Level 1:colcon.colcon_core.package_identification:_identify(ros2_ws/src/test) by extensions ['cmake', 'python']
[0.120s] Level 1:colcon.colcon_core.package_identification:_identify(ros2_ws/src/test) by extension 'cmake'
[0.120s] Level 1:colcon.colcon_core.package_identification:_identify(ros2_ws/src/test) by extension 'python'
[0.120s] Level 1:colcon.colcon_core.package_identification:_identify(ros2_ws/src/test) by extensions ['python_setup_py']
[0.120s] Level 1:colcon.colcon_core.package_identification:_identify(ros2_ws/src/test) by extension 'python_setup_py'
[0.120s] Level 1:colcon.colcon_core.package_identification:_identify(ros2_ws/src/test/serial_bridge) by extensions ['ignore', 'ignore_ament_install']
[0.120s] Level 1:colcon.colcon_core.package_identification:_identify(ros2_ws/src/test/serial_bridge) by extension 'ignore'
[0.120s] Level 1:colcon.colcon_core.package_identification:_identify(ros2_ws/src/test/serial_bridge) by extension 'ignore_ament_install'
[0.120s] Level 1:colcon.colcon_core.package_identification:_identify(ros2_ws/src/test/serial_bridge) by extensions ['colcon_pkg']
[0.120s] Level 1:colcon.colcon_core.package_identification:_identify(ros2_ws/src/test/serial_bridge) by extension 'colcon_pkg'
[0.120s] Level 1:colcon.colcon_core.package_identification:_identify(ros2_ws/src/test/serial_bridge) by extensions ['colcon_meta']
[0.120s] Level 1:colcon.colcon_core.package_identification:_identify(ros2_ws/src/test/serial_bridge) by extension 'colcon_meta'
[0.120s] Level 1:colcon.colcon_core.package_identification:_identify(ros2_ws/src/test/serial_bridge) by extensions ['ros']
[0.120s] Level 1:colcon.colcon_core.package_identification:_identify(ros2_ws/src/test/serial_bridge) by extension 'ros'
[0.120s] DEBUG:colcon.colcon_core.package_identification:Package 'ros2_ws/src/test/serial_bridge' with type 'ros.ament_python' and name 'serial_bridge'
[0.120s] Level 1:colcon.colcon_core.package_identification:_identify(ros2_ws/src/vision) by extensions ['ignore', 'ignore_ament_install']
[0.120s] Level 1:colcon.colcon_core.package_identification:_identify(ros2_ws/src/vision) by extension 'ignore'
[0.120s] Level 1:colcon.colcon_core.package_identification:_identify(ros2_ws/src/vision) by extension 'ignore_ament_install'
[0.120s] Level 1:colcon.colcon_core.package_identification:_identify(ros2_ws/src/vision) by extensions ['colcon_pkg']
[0.120s] Level 1:colcon.colcon_core.package_identification:_identify(ros2_ws/src/vision) by extension 'colcon_pkg'
[0.121s] Level 1:colcon.colcon_core.package_identification:_identify(ros2_ws/src/vision) by extensions ['colcon_meta']
[0.121s] Level 1:colcon.colcon_core.package_identification:_identify(ros2_ws/src/vision) by extension 'colcon_meta'
[0.121s] Level 1:colcon.colcon_core.package_identification:_identify(ros2_ws/src/vision) by extensions ['ros']
[0.121s] Level 1:colcon.colcon_core.package_identification:_identify(ros2_ws/src/vision) by extension 'ros'
[0.121s] Level 1:colcon.colcon_core.package_identification:_identify(ros2_ws/src/vision) by extensions ['cmake', 'python']
[0.121s] Level 1:colcon.colcon_core.package_identification:_identify(ros2_ws/src/vision) by extension 'cmake'
[0.121s] Level 1:colcon.colcon_core.package_identification:_identify(ros2_ws/src/vision) by extension 'python'
[0.121s] Level 1:colcon.colcon_core.package_identification:_identify(ros2_ws/src/vision) by extensions ['python_setup_py']
[0.121s] Level 1:colcon.colcon_core.package_identification:_identify(ros2_ws/src/vision) by extension 'python_setup_py'
[0.121s] Level 1:colcon.colcon_core.package_identification:_identify(ros2_ws/src/vision/lane_angle) by extensions ['ignore', 'ignore_ament_install']
[0.121s] Level 1:colcon.colcon_core.package_identification:_identify(ros2_ws/src/vision/lane_angle) by extension 'ignore'
[0.121s] Level 1:colcon.colcon_core.package_identification:_identify(ros2_ws/src/vision/lane_angle) by extension 'ignore_ament_install'
[0.121s] Level 1:colcon.colcon_core.package_identification:_identify(ros2_ws/src/vision/lane_angle) by extensions ['colcon_pkg']
[0.121s] Level 1:colcon.colcon_core.package_identification:_identify(ros2_ws/src/vision/lane_angle) by extension 'colcon_pkg'
[0.121s] Level 1:colcon.colcon_core.package_identification:_identify(ros2_ws/src/vision/lane_angle) by extensions ['colcon_meta']
[0.121s] Level 1:colcon.colcon_core.package_identification:_identify(ros2_ws/src/vision/lane_angle) by extension 'colcon_meta'
[0.121s] Level 1:colcon.colcon_core.package_identification:_identify(ros2_ws/src/vision/lane_angle) by extensions ['ros']
[0.121s] Level 1:colcon.colcon_core.package_identification:_identify(ros2_ws/src/vision/lane_angle) by extension 'ros'
[0.121s] DEBUG:colcon.colcon_core.package_identification:Package 'ros2_ws/src/vision/lane_angle' with type 'ros.ament_python' and name 'lane_angle'
[0.121s] Level 1:colcon.colcon_core.package_identification:_identify(ros2_ws/src/vision/lane_detector) by extensions ['ignore', 'ignore_ament_install']
[0.121s] Level 1:colcon.colcon_core.package_identification:_identify(ros2_ws/src/vision/lane_detector) by extension 'ignore'
[0.121s] Level 1:colcon.colcon_core.package_identification:_identify(ros2_ws/src/vision/lane_detector) by extension 'ignore_ament_install'
[0.121s] Level 1:colcon.colcon_core.package_identification:_identify(ros2_ws/src/vision/lane_detector) by extensions ['colcon_pkg']
[0.121s] Level 1:colcon.colcon_core.package_identification:_identify(ros2_ws/src/vision/lane_detector) by extension 'colcon_pkg'
[0.121s] Level 1:colcon.colcon_core.package_identification:_identify(ros2_ws/src/vision/lane_detector) by extensions ['colcon_meta']
[0.121s] Level 1:colcon.colcon_core.package_identification:_identify(ros2_ws/src/vision/lane_detector) by extension 'colcon_meta'
[0.121s] Level 1:colcon.colcon_core.package_identification:_identify(ros2_ws/src/vision/lane_detector) by extensions ['ros']
[0.121s] Level 1:colcon.colcon_core.package_identification:_identify(ros2_ws/src/vision/lane_detector) by extension 'ros'
[0.122s] DEBUG:colcon.colcon_core.package_identification:Package 'ros2_ws/src/vision/lane_detector' with type 'ros.ament_python' and name 'lane_detector'
[0.122s] Level 1:colcon.colcon_core.package_identification:_identify(ros2_ws/src/vision/prueba_angle) by extensions ['ignore', 'ignore_ament_install']
[0.122s] Level 1:colcon.colcon_core.package_identification:_identify(ros2_ws/src/vision/prueba_angle) by extension 'ignore'
[0.122s] Level 1:colcon.colcon_core.package_identification:_identify(ros2_ws/src/vision/prueba_angle) by extension 'ignore_ament_install'
[0.122s] Level 1:colcon.colcon_core.package_identification:_identify(ros2_ws/src/vision/prueba_angle) by extensions ['colcon_pkg']
[0.122s] Level 1:colcon.colcon_core.package_identification:_identify(ros2_ws/src/vision/prueba_angle) by extension 'colcon_pkg'
[0.122s] Level 1:colcon.colcon_core.package_identification:_identify(ros2_ws/src/vision/prueba_angle) by extensions ['colcon_meta']
[0.122s] Level 1:colcon.colcon_core.package_identification:_identify(ros2_ws/src/vision/prueba_angle) by extension 'colcon_meta'
[0.122s] Level 1:colcon.colcon_core.package_identification:_identify(ros2_ws/src/vision/prueba_angle) by extensions ['ros']
[0.122s] Level 1:colcon.colcon_core.package_identification:_identify(ros2_ws/src/vision/prueba_angle) by extension 'ros'
[0.122s] DEBUG:colcon.colcon_core.package_identification:Package 'ros2_ws/src/vision/prueba_angle' with type 'ros.ament_python' and name 'prueba_angle'
[0.122s] Level 1:colcon.colcon_core.package_identification:_identify(ros2_ws/src/vision/red_vision) by extensions ['ignore', 'ignore_ament_install']
[0.122s] Level 1:colcon.colcon_core.package_identification:_identify(ros2_ws/src/vision/red_vision) by extension 'ignore'
[0.122s] Level 1:colcon.colcon_core.package_identification:_identify(ros2_ws/src/vision/red_vision) by extension 'ignore_ament_install'
[0.122s] Level 1:colcon.colcon_core.package_identification:_identify(ros2_ws/src/vision/red_vision) by extensions ['colcon_pkg']
[0.122s] Level 1:colcon.colcon_core.package_identification:_identify(ros2_ws/src/vision/red_vision) by extension 'colcon_pkg'
[0.122s] Level 1:colcon.colcon_core.package_identification:_identify(ros2_ws/src/vision/red_vision) by extensions ['colcon_meta']
[0.122s] Level 1:colcon.colcon_core.package_identification:_identify(ros2_ws/src/vision/red_vision) by extension 'colcon_meta'
[0.122s] Level 1:colcon.colcon_core.package_identification:_identify(ros2_ws/src/vision/red_vision) by extensions ['ros']
[0.122s] Level 1:colcon.colcon_core.package_identification:_identify(ros2_ws/src/vision/red_vision) by extension 'ros'
[0.123s] DEBUG:colcon.colcon_core.package_identification:Package 'ros2_ws/src/vision/red_vision' with type 'ros.ament_python' and name 'red_vision'
[0.123s] Level 1:colcon.colcon_core.package_identification:_identify(ros2_ws/src/vision/senal_detector) by extensions ['ignore', 'ignore_ament_install']
[0.123s] Level 1:colcon.colcon_core.package_identification:_identify(ros2_ws/src/vision/senal_detector) by extension 'ignore'
[0.123s] Level 1:colcon.colcon_core.package_identification:_identify(ros2_ws/src/vision/senal_detector) by extension 'ignore_ament_install'
[0.123s] Level 1:colcon.colcon_core.package_identification:_identify(ros2_ws/src/vision/senal_detector) by extensions ['colcon_pkg']
[0.123s] Level 1:colcon.colcon_core.package_identification:_identify(ros2_ws/src/vision/senal_detector) by extension 'colcon_pkg'
[0.123s] Level 1:colcon.colcon_core.package_identification:_identify(ros2_ws/src/vision/senal_detector) by extensions ['colcon_meta']
[0.123s] Level 1:colcon.colcon_core.package_identification:_identify(ros2_ws/src/vision/senal_detector) by extension 'colcon_meta'
[0.123s] Level 1:colcon.colcon_core.package_identification:_identify(ros2_ws/src/vision/senal_detector) by extensions ['ros']
[0.123s] Level 1:colcon.colcon_core.package_identification:_identify(ros2_ws/src/vision/senal_detector) by extension 'ros'
[0.123s] DEBUG:colcon.colcon_core.package_identification:Package 'ros2_ws/src/vision/senal_detector' with type 'ros.ament_python' and name 'senal_detector'
[0.123s] Level 1:colcon.colcon_core.package_identification:_identify(ros2_ws/venv) by extensions ['ignore', 'ignore_ament_install']
[0.123s] Level 1:colcon.colcon_core.package_identification:_identify(ros2_ws/venv) by extension 'ignore'
[0.123s] Level 1:colcon.colcon_core.package_identification:_identify(ros2_ws/venv) by extension 'ignore_ament_install'
[0.123s] Level 1:colcon.colcon_core.package_identification:_identify(ros2_ws/venv) by extensions ['colcon_pkg']
[0.123s] Level 1:colcon.colcon_core.package_identification:_identify(ros2_ws/venv) by extension 'colcon_pkg'
[0.123s] Level 1:colcon.colcon_core.package_identification:_identify(ros2_ws/venv) by extensions ['colcon_meta']
[0.123s] Level 1:colcon.colcon_core.package_identification:_identify(ros2_ws/venv) by extension 'colcon_meta'
[0.123s] Level 1:colcon.colcon_core.package_identification:_identify(ros2_ws/venv) by extensions ['ros']
[0.123s] Level 1:colcon.colcon_core.package_identification:_identify(ros2_ws/venv) by extension 'ros'
[0.123s] Level 1:colcon.colcon_core.package_identification:_identify(ros2_ws/venv) by extensions ['cmake', 'python']
[0.123s] Level 1:colcon.colcon_core.package_identification:_identify(ros2_ws/venv) by extension 'cmake'
[0.124s] Level 1:colcon.colcon_core.package_identification:_identify(ros2_ws/venv) by extension 'python'
[0.124s] Level 1:colcon.colcon_core.package_identification:_identify(ros2_ws/venv) by extensions ['python_setup_py']
[0.124s] Level 1:colcon.colcon_core.package_identification:_identify(ros2_ws/venv) by extension 'python_setup_py'
[0.124s] Level 1:colcon.colcon_core.package_identification:_identify(ros2_ws/venv/bin) by extensions ['ignore', 'ignore_ament_install']
[0.124s] Level 1:colcon.colcon_core.package_identification:_identify(ros2_ws/venv/bin) by extension 'ignore'
[0.124s] Level 1:colcon.colcon_core.package_identification:_identify(ros2_ws/venv/bin) by extension 'ignore_ament_install'
[0.124s] Level 1:colcon.colcon_core.package_identification:_identify(ros2_ws/venv/bin) by extensions ['colcon_pkg']
[0.124s] Level 1:colcon.colcon_core.package_identification:_identify(ros2_ws/venv/bin) by extension 'colcon_pkg'
[0.124s] Level 1:colcon.colcon_core.package_identification:_identify(ros2_ws/venv/bin) by extensions ['colcon_meta']
[0.124s] Level 1:colcon.colcon_core.package_identification:_identify(ros2_ws/venv/bin) by extension 'colcon_meta'
[0.124s] Level 1:colcon.colcon_core.package_identification:_identify(ros2_ws/venv/bin) by extensions ['ros']
[0.124s] Level 1:colcon.colcon_core.package_identification:_identify(ros2_ws/venv/bin) by extension 'ros'
[0.124s] Level 1:colcon.colcon_core.package_identification:_identify(ros2_ws/venv/bin) by extensions ['cmake', 'python']
[0.124s] Level 1:colcon.colcon_core.package_identification:_identify(ros2_ws/venv/bin) by extension 'cmake'
[0.124s] Level 1:colcon.colcon_core.package_identification:_identify(ros2_ws/venv/bin) by extension 'python'
[0.124s] Level 1:colcon.colcon_core.package_identification:_identify(ros2_ws/venv/bin) by extensions ['python_setup_py']
[0.124s] Level 1:colcon.colcon_core.package_identification:_identify(ros2_ws/venv/bin) by extension 'python_setup_py'
[0.124s] Level 1:colcon.colcon_core.package_discovery:discover_packages(recursive) using defaults
[0.124s] Level 1:colcon.colcon_core.package_discovery:discover_packages(ignore) discover
[0.124s] Level 1:colcon.colcon_core.package_discovery:discover_packages(ignore) using defaults
[0.124s] Level 1:colcon.colcon_core.package_discovery:discover_packages(path) discover
[0.124s] Level 1:colcon.colcon_core.package_discovery:discover_packages(path) using defaults
