[19.166s] Invoking command in '/home/crofi/AutoModel_Rep/ros2_ws/src/vision/red_vision': PYTHONPATH=/home/crofi/AutoModel_Rep/build/red_vision/prefix_override:/usr/lib/python3/dist-packages/colcon_core/task/python/colcon_distutils_commands:/home/crofi/AutoModel_Rep/install/red_vision/lib/python3.10/site-packages:${PYTHONPATH} /usr/bin/python3 -W ignore:setup.py install is deprecated -W ignore:easy_install command is deprecated setup.py egg_info --egg-base ../../../../build/red_vision build --build-base /home/crofi/AutoModel_Rep/build/red_vision/build install --record /home/crofi/AutoModel_Rep/build/red_vision/install.log --single-version-externally-managed install_data
[25.718s] running egg_info
[25.719s] writing ../../../../build/red_vision/red_vision.egg-info/PKG-INFO
[25.746s] writing dependency_links to ../../../../build/red_vision/red_vision.egg-info/dependency_links.txt
[25.748s] writing entry points to ../../../../build/red_vision/red_vision.egg-info/entry_points.txt
[25.749s] writing requirements to ../../../../build/red_vision/red_vision.egg-info/requires.txt
[25.750s] writing top-level names to ../../../../build/red_vision/red_vision.egg-info/top_level.txt
[25.750s] reading manifest file '../../../../build/red_vision/red_vision.egg-info/SOURCES.txt'
[25.751s] writing manifest file '../../../../build/red_vision/red_vision.egg-info/SOURCES.txt'
[25.752s] running build
[25.753s] running build_py
[25.760s] running install
[25.760s] running install_lib
[25.793s] running install_data
[25.795s] running install_egg_info
[25.807s] removing '/home/crofi/AutoModel_Rep/install/red_vision/lib/python3.10/site-packages/red_vision-0.0.0-py3.10.egg-info' (and everything under it)
[25.812s] Copying ../../../../build/red_vision/red_vision.egg-info to /home/crofi/AutoModel_Rep/install/red_vision/lib/python3.10/site-packages/red_vision-0.0.0-py3.10.egg-info
[25.864s] running install_scripts
[26.116s] Installing red_vision script to /home/crofi/AutoModel_Rep/install/red_vision/lib/red_vision
[26.123s] writing list of installed files to '/home/crofi/AutoModel_Rep/build/red_vision/install.log'
[26.465s] Invoked command in '/home/crofi/AutoModel_Rep/ros2_ws/src/vision/red_vision' returned '0': PYTHONPATH=/home/crofi/AutoModel_Rep/build/red_vision/prefix_override:/usr/lib/python3/dist-packages/colcon_core/task/python/colcon_distutils_commands:/home/crofi/AutoModel_Rep/install/red_vision/lib/python3.10/site-packages:${PYTHONPATH} /usr/bin/python3 -W ignore:setup.py install is deprecated -W ignore:easy_install command is deprecated setup.py egg_info --egg-base ../../../../build/red_vision build --build-base /home/crofi/AutoModel_Rep/build/red_vision/build install --record /home/crofi/AutoModel_Rep/build/red_vision/install.log --single-version-externally-managed install_data
