[8.578s] Invoking command in '/home/crofi/ros2_ws/src/hardware/servo': PYTHONPATH=/home/crofi/ros2_ws/build/servo/prefix_override:/usr/lib/python3/dist-packages/colcon_core/task/python/colcon_distutils_commands:/home/crofi/ros2_ws/install/servo/lib/python3.10/site-packages:${PYTHONPATH} /usr/bin/python3 -W ignore:setup.py install is deprecated -W ignore:easy_install command is deprecated setup.py egg_info --egg-base ../../../build/servo build --build-base /home/crofi/ros2_ws/build/servo/build install --record /home/crofi/ros2_ws/build/servo/install.log --single-version-externally-managed install_data
[10.513s] running egg_info
[10.519s] writing ../../../build/servo/servo.egg-info/PKG-INFO
[10.520s] writing dependency_links to ../../../build/servo/servo.egg-info/dependency_links.txt
[10.521s] writing entry points to ../../../build/servo/servo.egg-info/entry_points.txt
[10.524s] writing requirements to ../../../build/servo/servo.egg-info/requires.txt
[10.525s] writing top-level names to ../../../build/servo/servo.egg-info/top_level.txt
[10.536s] reading manifest file '../../../build/servo/servo.egg-info/SOURCES.txt'
[10.542s] writing manifest file '../../../build/servo/servo.egg-info/SOURCES.txt'
[10.543s] running build
[10.544s] running build_py
[10.546s] running install
[10.548s] running install_lib
[10.565s] running install_data
[10.568s] running install_egg_info
[10.577s] removing '/home/crofi/ros2_ws/install/servo/lib/python3.10/site-packages/servo-0.0.0-py3.10.egg-info' (and everything under it)
[10.580s] Copying ../../../build/servo/servo.egg-info to /home/crofi/ros2_ws/install/servo/lib/python3.10/site-packages/servo-0.0.0-py3.10.egg-info
[10.589s] running install_scripts
[10.727s] Installing servo script to /home/crofi/ros2_ws/install/servo/lib/servo
[10.733s] writing list of installed files to '/home/crofi/ros2_ws/build/servo/install.log'
[11.125s] Invoked command in '/home/crofi/ros2_ws/src/hardware/servo' returned '0': PYTHONPATH=/home/crofi/ros2_ws/build/servo/prefix_override:/usr/lib/python3/dist-packages/colcon_core/task/python/colcon_distutils_commands:/home/crofi/ros2_ws/install/servo/lib/python3.10/site-packages:${PYTHONPATH} /usr/bin/python3 -W ignore:setup.py install is deprecated -W ignore:easy_install command is deprecated setup.py egg_info --egg-base ../../../build/servo build --build-base /home/crofi/ros2_ws/build/servo/build install --record /home/crofi/ros2_ws/build/servo/install.log --single-version-externally-managed install_data
