[10.202s] Invoking command in '/home/crofi/AutoModelCrofi/ros2_ws/src/vision/lane_detector': PYTHONPATH=/home/crofi/AutoModelCrofi/ros2_ws/build/lane_detector/prefix_override:/usr/lib/python3/dist-packages/colcon_core/task/python/colcon_distutils_commands:/home/crofi/AutoModelCrofi/ros2_ws/install/lane_detector/lib/python3.10/site-packages:${PYTHONPATH} /usr/bin/python3 -W ignore:setup.py install is deprecated -W ignore:easy_install command is deprecated setup.py egg_info --egg-base ../../../build/lane_detector build --build-base /home/crofi/AutoModelCrofi/ros2_ws/build/lane_detector/build install --record /home/crofi/AutoModelCrofi/ros2_ws/build/lane_detector/install.log --single-version-externally-managed install_data
[13.034s] running egg_info
[13.041s] writing ../../../build/lane_detector/lane_detector.egg-info/PKG-INFO
[13.044s] writing dependency_links to ../../../build/lane_detector/lane_detector.egg-info/dependency_links.txt
[13.048s] writing entry points to ../../../build/lane_detector/lane_detector.egg-info/entry_points.txt
[13.051s] writing requirements to ../../../build/lane_detector/lane_detector.egg-info/requires.txt
[13.053s] writing top-level names to ../../../build/lane_detector/lane_detector.egg-info/top_level.txt
[13.079s] reading manifest file '../../../build/lane_detector/lane_detector.egg-info/SOURCES.txt'
[13.091s] writing manifest file '../../../build/lane_detector/lane_detector.egg-info/SOURCES.txt'
[13.094s] running build
[13.095s] running build_py
[13.096s] copying lane_detector/__init__.py -> /home/crofi/AutoModelCrofi/ros2_ws/build/lane_detector/build/lib/lane_detector
[13.098s] copying lane_detector/lane_detector.py -> /home/crofi/AutoModelCrofi/ros2_ws/build/lane_detector/build/lib/lane_detector
[13.118s] running install
[13.120s] running install_lib
[13.121s] copying /home/crofi/AutoModelCrofi/ros2_ws/build/lane_detector/build/lib/lane_detector/__init__.py -> /home/crofi/AutoModelCrofi/ros2_ws/install/lane_detector/lib/python3.10/site-packages/lane_detector
[13.141s] copying /home/crofi/AutoModelCrofi/ros2_ws/build/lane_detector/build/lib/lane_detector/lane_detector.py -> /home/crofi/AutoModelCrofi/ros2_ws/install/lane_detector/lib/python3.10/site-packages/lane_detector
[13.142s] byte-compiling /home/crofi/AutoModelCrofi/ros2_ws/install/lane_detector/lib/python3.10/site-packages/lane_detector/__init__.py to __init__.cpython-310.pyc
[13.143s] byte-compiling /home/crofi/AutoModelCrofi/ros2_ws/install/lane_detector/lib/python3.10/site-packages/lane_detector/lane_detector.py to lane_detector.cpython-310.pyc
[13.152s] running install_data
[13.153s] copying resource/lane_detector -> /home/crofi/AutoModelCrofi/ros2_ws/install/lane_detector/share/ament_index/resource_index/packages
[13.154s] copying package.xml -> /home/crofi/AutoModelCrofi/ros2_ws/install/lane_detector/share/lane_detector
[13.156s] running install_egg_info
[13.189s] removing '/home/crofi/AutoModelCrofi/ros2_ws/install/lane_detector/lib/python3.10/site-packages/lane_detector-0.0.0-py3.10.egg-info' (and everything under it)
[13.191s] Copying ../../../build/lane_detector/lane_detector.egg-info to /home/crofi/AutoModelCrofi/ros2_ws/install/lane_detector/lib/python3.10/site-packages/lane_detector-0.0.0-py3.10.egg-info
[13.221s] running install_scripts
[13.420s] Installing lane_detector script to /home/crofi/AutoModelCrofi/ros2_ws/install/lane_detector/lib/lane_detector
[13.425s] writing list of installed files to '/home/crofi/AutoModelCrofi/ros2_ws/build/lane_detector/install.log'
[13.879s] Invoked command in '/home/crofi/AutoModelCrofi/ros2_ws/src/vision/lane_detector' returned '0': PYTHONPATH=/home/crofi/AutoModelCrofi/ros2_ws/build/lane_detector/prefix_override:/usr/lib/python3/dist-packages/colcon_core/task/python/colcon_distutils_commands:/home/crofi/AutoModelCrofi/ros2_ws/install/lane_detector/lib/python3.10/site-packages:${PYTHONPATH} /usr/bin/python3 -W ignore:setup.py install is deprecated -W ignore:easy_install command is deprecated setup.py egg_info --egg-base ../../../build/lane_detector build --build-base /home/crofi/AutoModelCrofi/ros2_ws/build/lane_detector/build install --record /home/crofi/AutoModelCrofi/ros2_ws/build/lane_detector/install.log --single-version-externally-managed install_data
