[7.889s] Invoking command in '/home/crofi/AutoModelCrofi/ros2_ws/build/speed_controller': PYTHONPATH=/home/crofi/AutoModelCrofi/ros2_ws/build/speed_controller/prefix_override:/usr/lib/python3/dist-packages/colcon_core/task/python/colcon_distutils_commands:/home/crofi/AutoModelCrofi/ros2_ws/install/speed_controller/lib/python3.10/site-packages:${PYTHONPATH} /usr/bin/python3 -W ignore:setup.py install is deprecated -W ignore:easy_install command is deprecated setup.py develop --editable --build-directory /home/crofi/AutoModelCrofi/ros2_ws/build/speed_controller/build --no-deps symlink_data
[11.584s] running develop
[13.977s] running egg_info
[13.978s] creating speed_controller.egg-info
[13.980s] writing speed_controller.egg-info/PKG-INFO
[13.984s] writing dependency_links to speed_controller.egg-info/dependency_links.txt
[13.998s] writing entry points to speed_controller.egg-info/entry_points.txt
[13.999s] writing requirements to speed_controller.egg-info/requires.txt
[14.000s] writing top-level names to speed_controller.egg-info/top_level.txt
[14.001s] writing manifest file 'speed_controller.egg-info/SOURCES.txt'
[14.019s] reading manifest file 'speed_controller.egg-info/SOURCES.txt'
[14.024s] writing manifest file 'speed_controller.egg-info/SOURCES.txt'
[14.041s] running build_ext
[14.042s] Creating /home/crofi/AutoModelCrofi/ros2_ws/install/speed_controller/lib/python3.10/site-packages/speed-controller.egg-link (link to .)
[14.050s] Installing speed_controller script to /home/crofi/AutoModelCrofi/ros2_ws/install/speed_controller/lib/speed_controller
[14.054s] 
[14.055s] Installed /home/crofi/AutoModelCrofi/ros2_ws/build/speed_controller
[14.056s] running symlink_data
[14.057s] creating /home/crofi/AutoModelCrofi/ros2_ws/install/speed_controller/share/ament_index
[14.058s] creating /home/crofi/AutoModelCrofi/ros2_ws/install/speed_controller/share/ament_index/resource_index
[14.060s] creating /home/crofi/AutoModelCrofi/ros2_ws/install/speed_controller/share/ament_index/resource_index/packages
[14.061s] symbolically linking /home/crofi/AutoModelCrofi/ros2_ws/build/speed_controller/resource/speed_controller -> /home/crofi/AutoModelCrofi/ros2_ws/install/speed_controller/share/ament_index/resource_index/packages
[14.062s] symbolically linking /home/crofi/AutoModelCrofi/ros2_ws/build/speed_controller/package.xml -> /home/crofi/AutoModelCrofi/ros2_ws/install/speed_controller/share/speed_controller
[16.901s] Invoked command in '/home/crofi/AutoModelCrofi/ros2_ws/build/speed_controller' returned '0': PYTHONPATH=/home/crofi/AutoModelCrofi/ros2_ws/build/speed_controller/prefix_override:/usr/lib/python3/dist-packages/colcon_core/task/python/colcon_distutils_commands:/home/crofi/AutoModelCrofi/ros2_ws/install/speed_controller/lib/python3.10/site-packages:${PYTHONPATH} /usr/bin/python3 -W ignore:setup.py install is deprecated -W ignore:easy_install command is deprecated setup.py develop --editable --build-directory /home/crofi/AutoModelCrofi/ros2_ws/build/speed_controller/build --no-deps symlink_data
