running develop
Removing /home/crofi/AutoModelCrofi/ros2_ws/install/steering_error/lib/python3.10/site-packages/steering-error.egg-link (link to .)
running egg_info
writing ../../../build/steering_error/steering_error.egg-info/PKG-INFO
writing dependency_links to ../../../build/steering_error/steering_error.egg-info/dependency_links.txt
writing entry points to ../../../build/steering_error/steering_error.egg-info/entry_points.txt
writing requirements to ../../../build/steering_error/steering_error.egg-info/requires.txt
writing top-level names to ../../../build/steering_error/steering_error.egg-info/top_level.txt
reading manifest file '../../../build/steering_error/steering_error.egg-info/SOURCES.txt'
writing manifest file '../../../build/steering_error/steering_error.egg-info/SOURCES.txt'
running build
running build_py
creating /home/crofi/AutoModelCrofi/ros2_ws/build/steering_error/build
creating /home/crofi/AutoModelCrofi/ros2_ws/build/steering_error/build/lib
creating /home/crofi/AutoModelCrofi/ros2_ws/build/steering_error/build/lib/steering_error
copying steering_error/__init__.py -> /home/crofi/AutoModelCrofi/ros2_ws/build/steering_error/build/lib/steering_error
copying steering_error/steering_error.py -> /home/crofi/AutoModelCrofi/ros2_ws/build/steering_error/build/lib/steering_error
running install
running install_lib
creating /home/crofi/AutoModelCrofi/ros2_ws/install/steering_error/lib/python3.10/site-packages/steering_error
copying /home/crofi/AutoModelCrofi/ros2_ws/build/steering_error/build/lib/steering_error/__init__.py -> /home/crofi/AutoModelCrofi/ros2_ws/install/steering_error/lib/python3.10/site-packages/steering_error
copying /home/crofi/AutoModelCrofi/ros2_ws/build/steering_error/build/lib/steering_error/steering_error.py -> /home/crofi/AutoModelCrofi/ros2_ws/install/steering_error/lib/python3.10/site-packages/steering_error
byte-compiling /home/crofi/AutoModelCrofi/ros2_ws/install/steering_error/lib/python3.10/site-packages/steering_error/__init__.py to __init__.cpython-310.pyc
byte-compiling /home/crofi/AutoModelCrofi/ros2_ws/install/steering_error/lib/python3.10/site-packages/steering_error/steering_error.py to steering_error.cpython-310.pyc
running install_data
copying resource/steering_error -> /home/crofi/AutoModelCrofi/ros2_ws/install/steering_error/share/ament_index/resource_index/packages
copying package.xml -> /home/crofi/AutoModelCrofi/ros2_ws/install/steering_error/share/steering_error
running install_egg_info
Copying ../../../build/steering_error/steering_error.egg-info to /home/crofi/AutoModelCrofi/ros2_ws/install/steering_error/lib/python3.10/site-packages/steering_error-0.0.0-py3.10.egg-info
running install_scripts
Installing steering_error script to /home/crofi/AutoModelCrofi/ros2_ws/install/steering_error/lib/steering_error
writing list of installed files to '/home/crofi/AutoModelCrofi/ros2_ws/build/steering_error/install.log'
