[4.344s] Invoking command in '/home/crofi/ros2_ws/src/hardware/webcam': PYTHONPATH=/home/crofi/ros2_ws/build/webcam/prefix_override:/usr/lib/python3/dist-packages/colcon_core/task/python/colcon_distutils_commands:/home/crofi/ros2_ws/install/webcam/lib/python3.10/site-packages:${PYTHONPATH} /usr/bin/python3 -W ignore:setup.py install is deprecated -W ignore:easy_install command is deprecated setup.py egg_info --egg-base ../../../build/webcam build --build-base /home/crofi/ros2_ws/build/webcam/build install --record /home/crofi/ros2_ws/build/webcam/install.log --single-version-externally-managed install_data
[5.817s] running egg_info
[5.820s] writing ../../../build/webcam/webcam.egg-info/PKG-INFO
[5.821s] writing dependency_links to ../../../build/webcam/webcam.egg-info/dependency_links.txt
[5.822s] writing entry points to ../../../build/webcam/webcam.egg-info/entry_points.txt
[5.823s] writing requirements to ../../../build/webcam/webcam.egg-info/requires.txt
[5.824s] writing top-level names to ../../../build/webcam/webcam.egg-info/top_level.txt
[5.834s] reading manifest file '../../../build/webcam/webcam.egg-info/SOURCES.txt'
[5.835s] adding license file 'LICENSE'
[5.839s] writing manifest file '../../../build/webcam/webcam.egg-info/SOURCES.txt'
[5.842s] running build
[5.842s] running build_py
[5.848s] running install
[5.848s] running install_lib
[5.859s] running install_data
[5.860s] running install_egg_info
[5.868s] removing '/home/crofi/ros2_ws/install/webcam/lib/python3.10/site-packages/webcam-0.0.0-py3.10.egg-info' (and everything under it)
[5.870s] Copying ../../../build/webcam/webcam.egg-info to /home/crofi/ros2_ws/install/webcam/lib/python3.10/site-packages/webcam-0.0.0-py3.10.egg-info
[5.876s] running install_scripts
[5.977s] Installing webcam script to /home/crofi/ros2_ws/install/webcam/lib/webcam
[5.979s] writing list of installed files to '/home/crofi/ros2_ws/build/webcam/install.log'
[6.148s] Invoked command in '/home/crofi/ros2_ws/src/hardware/webcam' returned '0': PYTHONPATH=/home/crofi/ros2_ws/build/webcam/prefix_override:/usr/lib/python3/dist-packages/colcon_core/task/python/colcon_distutils_commands:/home/crofi/ros2_ws/install/webcam/lib/python3.10/site-packages:${PYTHONPATH} /usr/bin/python3 -W ignore:setup.py install is deprecated -W ignore:easy_install command is deprecated setup.py egg_info --egg-base ../../../build/webcam build --build-base /home/crofi/ros2_ws/build/webcam/build install --record /home/crofi/ros2_ws/build/webcam/install.log --single-version-externally-managed install_data
