[8.577s] Invoking command in '/home/crofi/ros2_ws/src/vision/lane_detector': PYTHONPATH=/home/crofi/ros2_ws/build/lane_detector/prefix_override:/usr/lib/python3/dist-packages/colcon_core/task/python/colcon_distutils_commands:/home/crofi/ros2_ws/install/lane_detector/lib/python3.10/site-packages:${PYTHONPATH} /usr/bin/python3 -W ignore:setup.py install is deprecated -W ignore:easy_install command is deprecated setup.py egg_info --egg-base ../../../build/lane_detector build --build-base /home/crofi/ros2_ws/build/lane_detector/build install --record /home/crofi/ros2_ws/build/lane_detector/install.log --single-version-externally-managed install_data
[10.969s] running egg_info
[10.975s] writing ../../../build/lane_detector/lane_detector.egg-info/PKG-INFO
[10.977s] writing dependency_links to ../../../build/lane_detector/lane_detector.egg-info/dependency_links.txt
[10.979s] writing entry points to ../../../build/lane_detector/lane_detector.egg-info/entry_points.txt
[10.981s] writing requirements to ../../../build/lane_detector/lane_detector.egg-info/requires.txt
[10.983s] writing top-level names to ../../../build/lane_detector/lane_detector.egg-info/top_level.txt
[11.000s] reading manifest file '../../../build/lane_detector/lane_detector.egg-info/SOURCES.txt'
[11.009s] writing manifest file '../../../build/lane_detector/lane_detector.egg-info/SOURCES.txt'
[11.010s] running build
[11.011s] running build_py
[11.013s] running install
[11.017s] running install_lib
[11.038s] running install_data
[11.039s] running install_egg_info
[11.045s] removing '/home/crofi/ros2_ws/install/lane_detector/lib/python3.10/site-packages/lane_detector-0.0.0-py3.10.egg-info' (and everything under it)
[11.048s] Copying ../../../build/lane_detector/lane_detector.egg-info to /home/crofi/ros2_ws/install/lane_detector/lib/python3.10/site-packages/lane_detector-0.0.0-py3.10.egg-info
[11.062s] running install_scripts
[11.203s] Installing lane_detector script to /home/crofi/ros2_ws/install/lane_detector/lib/lane_detector
[11.208s] writing list of installed files to '/home/crofi/ros2_ws/build/lane_detector/install.log'
[14.133s] Invoked command in '/home/crofi/ros2_ws/src/vision/lane_detector' returned '0': PYTHONPATH=/home/crofi/ros2_ws/build/lane_detector/prefix_override:/usr/lib/python3/dist-packages/colcon_core/task/python/colcon_distutils_commands:/home/crofi/ros2_ws/install/lane_detector/lib/python3.10/site-packages:${PYTHONPATH} /usr/bin/python3 -W ignore:setup.py install is deprecated -W ignore:easy_install command is deprecated setup.py egg_info --egg-base ../../../build/lane_detector build --build-base /home/crofi/ros2_ws/build/lane_detector/build install --record /home/crofi/ros2_ws/build/lane_detector/install.log --single-version-externally-managed install_data
