[13.063s] Invoking command in '/home/crofi/AutoModel_Rep/ros2_ws/src/hardware/servo': PYTHONPATH=/home/crofi/AutoModel_Rep/build/servo/prefix_override:/usr/lib/python3/dist-packages/colcon_core/task/python/colcon_distutils_commands:/home/crofi/AutoModel_Rep/install/servo/lib/python3.10/site-packages:${PYTHONPATH} /usr/bin/python3 -W ignore:setup.py install is deprecated -W ignore:easy_install command is deprecated setup.py egg_info --egg-base ../../../../build/servo build --build-base /home/crofi/AutoModel_Rep/build/servo/build install --record /home/crofi/AutoModel_Rep/build/servo/install.log --single-version-externally-managed install_data
[17.851s] running egg_info
[17.865s] writing ../../../../build/servo/servo.egg-info/PKG-INFO
[17.881s] writing dependency_links to ../../../../build/servo/servo.egg-info/dependency_links.txt
[17.883s] writing entry points to ../../../../build/servo/servo.egg-info/entry_points.txt
[17.895s] writing requirements to ../../../../build/servo/servo.egg-info/requires.txt
[17.899s] writing top-level names to ../../../../build/servo/servo.egg-info/top_level.txt
[17.913s] reading manifest file '../../../../build/servo/servo.egg-info/SOURCES.txt'
[17.914s] writing manifest file '../../../../build/servo/servo.egg-info/SOURCES.txt'
[17.914s] running build
[17.915s] running build_py
[17.916s] running install
[17.938s] running install_lib
[17.983s] running install_data
[17.984s] running install_egg_info
[18.003s] removing '/home/crofi/AutoModel_Rep/install/servo/lib/python3.10/site-packages/servo-0.0.0-py3.10.egg-info' (and everything under it)
[18.003s] Copying ../../../../build/servo/servo.egg-info to /home/crofi/AutoModel_Rep/install/servo/lib/python3.10/site-packages/servo-0.0.0-py3.10.egg-info
[18.004s] running install_scripts
[18.363s] Installing servo script to /home/crofi/AutoModel_Rep/install/servo/lib/servo
[18.407s] writing list of installed files to '/home/crofi/AutoModel_Rep/build/servo/install.log'
[19.314s] Invoked command in '/home/crofi/AutoModel_Rep/ros2_ws/src/hardware/servo' returned '0': PYTHONPATH=/home/crofi/AutoModel_Rep/build/servo/prefix_override:/usr/lib/python3/dist-packages/colcon_core/task/python/colcon_distutils_commands:/home/crofi/AutoModel_Rep/install/servo/lib/python3.10/site-packages:${PYTHONPATH} /usr/bin/python3 -W ignore:setup.py install is deprecated -W ignore:easy_install command is deprecated setup.py egg_info --egg-base ../../../../build/servo build --build-base /home/crofi/AutoModel_Rep/build/servo/build install --record /home/crofi/AutoModel_Rep/build/servo/install.log --single-version-externally-managed install_data
