[6.247s] Invoking command in '/home/crofi/ros2_ws/src/hardware/webcam': PYTHONPATH=/home/crofi/ros2_ws/build/webcam/prefix_override:/usr/lib/python3/dist-packages/colcon_core/task/python/colcon_distutils_commands:/home/crofi/ros2_ws/install/webcam/lib/python3.10/site-packages:${PYTHONPATH} /usr/bin/python3 -W ignore:setup.py install is deprecated -W ignore:easy_install command is deprecated setup.py egg_info --egg-base ../../../build/webcam build --build-base /home/crofi/ros2_ws/build/webcam/build install --record /home/crofi/ros2_ws/build/webcam/install.log --single-version-externally-managed install_data
[8.315s] running egg_info
[8.319s] writing ../../../build/webcam/webcam.egg-info/PKG-INFO
[8.320s] writing dependency_links to ../../../build/webcam/webcam.egg-info/dependency_links.txt
[8.324s] writing entry points to ../../../build/webcam/webcam.egg-info/entry_points.txt
[8.328s] writing requirements to ../../../build/webcam/webcam.egg-info/requires.txt
[8.337s] writing top-level names to ../../../build/webcam/webcam.egg-info/top_level.txt
[8.342s] reading manifest file '../../../build/webcam/webcam.egg-info/SOURCES.txt'
[8.344s] adding license file 'LICENSE'
[8.348s] writing manifest file '../../../build/webcam/webcam.egg-info/SOURCES.txt'
[8.349s] running build
[8.350s] running build_py
[8.350s] running install
[8.352s] running install_lib
[8.388s] running install_data
[8.389s] running install_egg_info
[8.396s] removing '/home/crofi/ros2_ws/install/webcam/lib/python3.10/site-packages/webcam-0.0.0-py3.10.egg-info' (and everything under it)
[8.397s] Copying ../../../build/webcam/webcam.egg-info to /home/crofi/ros2_ws/install/webcam/lib/python3.10/site-packages/webcam-0.0.0-py3.10.egg-info
[8.401s] running install_scripts
[8.550s] Installing webcam script to /home/crofi/ros2_ws/install/webcam/lib/webcam
[8.553s] writing list of installed files to '/home/crofi/ros2_ws/build/webcam/install.log'
[8.849s] Invoked command in '/home/crofi/ros2_ws/src/hardware/webcam' returned '0': PYTHONPATH=/home/crofi/ros2_ws/build/webcam/prefix_override:/usr/lib/python3/dist-packages/colcon_core/task/python/colcon_distutils_commands:/home/crofi/ros2_ws/install/webcam/lib/python3.10/site-packages:${PYTHONPATH} /usr/bin/python3 -W ignore:setup.py install is deprecated -W ignore:easy_install command is deprecated setup.py egg_info --egg-base ../../../build/webcam build --build-base /home/crofi/ros2_ws/build/webcam/build install --record /home/crofi/ros2_ws/build/webcam/install.log --single-version-externally-managed install_data
