[9.717s] Invoking command in '/home/crofi/ros2_ws/src/vision/lane_detector': PYTHONPATH=/home/crofi/ros2_ws/build/lane_detector/prefix_override:/usr/lib/python3/dist-packages/colcon_core/task/python/colcon_distutils_commands:/home/crofi/ros2_ws/install/lane_detector/lib/python3.10/site-packages:${PYTHONPATH} /usr/bin/python3 -W ignore:setup.py install is deprecated -W ignore:easy_install command is deprecated setup.py egg_info --egg-base ../../../build/lane_detector build --build-base /home/crofi/ros2_ws/build/lane_detector/build install --record /home/crofi/ros2_ws/build/lane_detector/install.log --single-version-externally-managed install_data
[12.297s] running egg_info
[12.304s] writing ../../../build/lane_detector/lane_detector.egg-info/PKG-INFO
[12.309s] writing dependency_links to ../../../build/lane_detector/lane_detector.egg-info/dependency_links.txt
[12.338s] writing entry points to ../../../build/lane_detector/lane_detector.egg-info/entry_points.txt
[12.341s] writing requirements to ../../../build/lane_detector/lane_detector.egg-info/requires.txt
[12.343s] writing top-level names to ../../../build/lane_detector/lane_detector.egg-info/top_level.txt
[12.377s] reading manifest file '../../../build/lane_detector/lane_detector.egg-info/SOURCES.txt'
[12.381s] writing manifest file '../../../build/lane_detector/lane_detector.egg-info/SOURCES.txt'
[12.389s] running build
[12.391s] running build_py
[12.392s] copying lane_detector/lane_detector.py -> /home/crofi/ros2_ws/build/lane_detector/build/lib/lane_detector
[12.410s] running install
[12.414s] running install_lib
[12.415s] copying /home/crofi/ros2_ws/build/lane_detector/build/lib/lane_detector/lane_detector.py -> /home/crofi/ros2_ws/install/lane_detector/lib/python3.10/site-packages/lane_detector
[12.464s] byte-compiling /home/crofi/ros2_ws/install/lane_detector/lib/python3.10/site-packages/lane_detector/lane_detector.py to lane_detector.cpython-310.pyc
[12.484s] running install_data
[12.485s] running install_egg_info
[12.503s] removing '/home/crofi/ros2_ws/install/lane_detector/lib/python3.10/site-packages/lane_detector-0.0.0-py3.10.egg-info' (and everything under it)
[12.505s] Copying ../../../build/lane_detector/lane_detector.egg-info to /home/crofi/ros2_ws/install/lane_detector/lib/python3.10/site-packages/lane_detector-0.0.0-py3.10.egg-info
[12.513s] running install_scripts
[12.658s] Installing lane_detector script to /home/crofi/ros2_ws/install/lane_detector/lib/lane_detector
[12.675s] writing list of installed files to '/home/crofi/ros2_ws/build/lane_detector/install.log'
[13.152s] Invoked command in '/home/crofi/ros2_ws/src/vision/lane_detector' returned '0': PYTHONPATH=/home/crofi/ros2_ws/build/lane_detector/prefix_override:/usr/lib/python3/dist-packages/colcon_core/task/python/colcon_distutils_commands:/home/crofi/ros2_ws/install/lane_detector/lib/python3.10/site-packages:${PYTHONPATH} /usr/bin/python3 -W ignore:setup.py install is deprecated -W ignore:easy_install command is deprecated setup.py egg_info --egg-base ../../../build/lane_detector build --build-base /home/crofi/ros2_ws/build/lane_detector/build install --record /home/crofi/ros2_ws/build/lane_detector/install.log --single-version-externally-managed install_data
