running egg_info
creating ../../build/visual_py/visual_py.egg-info
writing ../../build/visual_py/visual_py.egg-info/PKG-INFO
writing dependency_links to ../../build/visual_py/visual_py.egg-info/dependency_links.txt
writing entry points to ../../build/visual_py/visual_py.egg-info/entry_points.txt
writing requirements to ../../build/visual_py/visual_py.egg-info/requires.txt
writing top-level names to ../../build/visual_py/visual_py.egg-info/top_level.txt
writing manifest file '../../build/visual_py/visual_py.egg-info/SOURCES.txt'
reading manifest file '../../build/visual_py/visual_py.egg-info/SOURCES.txt'
writing manifest file '../../build/visual_py/visual_py.egg-info/SOURCES.txt'
running build
running build_py
creating /home/crofi/ros2_ws/build/visual_py/build
creating /home/crofi/ros2_ws/build/visual_py/build/lib
creating /home/crofi/ros2_ws/build/visual_py/build/lib/visual_py
copying visual_py/__init__.py -> /home/crofi/ros2_ws/build/visual_py/build/lib/visual_py
copying visual_py/Rectas.py -> /home/crofi/ros2_ws/build/visual_py/build/lib/visual_py
running install
running install_lib
creating /home/crofi/ros2_ws/install/visual_py/lib/python3.10/site-packages/visual_py
copying /home/crofi/ros2_ws/build/visual_py/build/lib/visual_py/__init__.py -> /home/crofi/ros2_ws/install/visual_py/lib/python3.10/site-packages/visual_py
copying /home/crofi/ros2_ws/build/visual_py/build/lib/visual_py/Rectas.py -> /home/crofi/ros2_ws/install/visual_py/lib/python3.10/site-packages/visual_py
byte-compiling /home/crofi/ros2_ws/install/visual_py/lib/python3.10/site-packages/visual_py/__init__.py to __init__.cpython-310.pyc
byte-compiling /home/crofi/ros2_ws/install/visual_py/lib/python3.10/site-packages/visual_py/Rectas.py to Rectas.cpython-310.pyc
running install_data
creating /home/crofi/ros2_ws/install/visual_py/share/ament_index
creating /home/crofi/ros2_ws/install/visual_py/share/ament_index/resource_index
creating /home/crofi/ros2_ws/install/visual_py/share/ament_index/resource_index/packages
copying resource/visual_py -> /home/crofi/ros2_ws/install/visual_py/share/ament_index/resource_index/packages
copying package.xml -> /home/crofi/ros2_ws/install/visual_py/share/visual_py
running install_egg_info
Copying ../../build/visual_py/visual_py.egg-info to /home/crofi/ros2_ws/install/visual_py/lib/python3.10/site-packages/visual_py-0.0.0-py3.10.egg-info
running install_scripts
writing list of installed files to '/home/crofi/ros2_ws/build/visual_py/install.log'
