[8.324s] Invoking command in '/home/crofi/ros2_ws/src/vision/lane_angle': PYTHONPATH=/home/crofi/ros2_ws/build/lane_angle/prefix_override:/usr/lib/python3/dist-packages/colcon_core/task/python/colcon_distutils_commands:/home/crofi/ros2_ws/install/lane_angle/lib/python3.10/site-packages:${PYTHONPATH} /usr/bin/python3 -W ignore:setup.py install is deprecated -W ignore:easy_install command is deprecated setup.py egg_info --egg-base ../../../build/lane_angle build --build-base /home/crofi/ros2_ws/build/lane_angle/build install --record /home/crofi/ros2_ws/build/lane_angle/install.log --single-version-externally-managed install_data
[10.616s] running egg_info
[10.622s] writing ../../../build/lane_angle/lane_angle.egg-info/PKG-INFO
[10.625s] writing dependency_links to ../../../build/lane_angle/lane_angle.egg-info/dependency_links.txt
[10.629s] writing entry points to ../../../build/lane_angle/lane_angle.egg-info/entry_points.txt
[10.636s] writing requirements to ../../../build/lane_angle/lane_angle.egg-info/requires.txt
[10.642s] writing top-level names to ../../../build/lane_angle/lane_angle.egg-info/top_level.txt
[10.658s] reading manifest file '../../../build/lane_angle/lane_angle.egg-info/SOURCES.txt'
[10.663s] writing manifest file '../../../build/lane_angle/lane_angle.egg-info/SOURCES.txt'
[10.664s] running build
[10.665s] running build_py
[10.666s] running install
[10.667s] running install_lib
[10.682s] running install_data
[10.683s] running install_egg_info
[10.694s] removing '/home/crofi/ros2_ws/install/lane_angle/lib/python3.10/site-packages/lane_angle-0.0.0-py3.10.egg-info' (and everything under it)
[10.698s] Copying ../../../build/lane_angle/lane_angle.egg-info to /home/crofi/ros2_ws/install/lane_angle/lib/python3.10/site-packages/lane_angle-0.0.0-py3.10.egg-info
[10.714s] running install_scripts
[10.883s] Installing lane_angle script to /home/crofi/ros2_ws/install/lane_angle/lib/lane_angle
[10.886s] writing list of installed files to '/home/crofi/ros2_ws/build/lane_angle/install.log'
[11.198s] Invoked command in '/home/crofi/ros2_ws/src/vision/lane_angle' returned '0': PYTHONPATH=/home/crofi/ros2_ws/build/lane_angle/prefix_override:/usr/lib/python3/dist-packages/colcon_core/task/python/colcon_distutils_commands:/home/crofi/ros2_ws/install/lane_angle/lib/python3.10/site-packages:${PYTHONPATH} /usr/bin/python3 -W ignore:setup.py install is deprecated -W ignore:easy_install command is deprecated setup.py egg_info --egg-base ../../../build/lane_angle build --build-base /home/crofi/ros2_ws/build/lane_angle/build install --record /home/crofi/ros2_ws/build/lane_angle/install.log --single-version-externally-managed install_data
