[1.935s] Invoking command in '/home/tars/AutoModelCrofi/ros2_ws/src/vision/red_vision': PYTHONPATH=/home/tars/AutoModelCrofi/ros2_ws/build/red_vision/prefix_override:/usr/lib/python3/dist-packages/colcon_core/task/python/colcon_distutils_commands:/home/tars/AutoModelCrofi/ros2_ws/install/red_vision/lib/python3.12/site-packages:${PYTHONPATH} /usr/bin/python3 -W ignore:setup.py install is deprecated -W ignore:easy_install command is deprecated setup.py egg_info --egg-base ../../../build/red_vision build --build-base /home/tars/AutoModelCrofi/ros2_ws/build/red_vision/build install --record /home/tars/AutoModelCrofi/ros2_ws/build/red_vision/install.log --single-version-externally-managed install_data
[2.329s] running egg_info
[2.353s] writing ../../../build/red_vision/red_vision.egg-info/PKG-INFO
[2.354s] writing dependency_links to ../../../build/red_vision/red_vision.egg-info/dependency_links.txt
[2.354s] writing entry points to ../../../build/red_vision/red_vision.egg-info/entry_points.txt
[2.354s] writing requirements to ../../../build/red_vision/red_vision.egg-info/requires.txt
[2.354s] writing top-level names to ../../../build/red_vision/red_vision.egg-info/top_level.txt
[2.411s] reading manifest file '../../../build/red_vision/red_vision.egg-info/SOURCES.txt'
[2.412s] writing manifest file '../../../build/red_vision/red_vision.egg-info/SOURCES.txt'
[2.412s] running build
[2.413s] running build_py
[2.413s] running install
[2.423s] running install_lib
[2.450s] running install_data
[2.450s] running install_egg_info
[2.478s] removing '/home/tars/AutoModelCrofi/ros2_ws/install/red_vision/lib/python3.12/site-packages/red_vision-0.0.0-py3.12.egg-info' (and everything under it)
[2.481s] Copying ../../../build/red_vision/red_vision.egg-info to /home/tars/AutoModelCrofi/ros2_ws/install/red_vision/lib/python3.12/site-packages/red_vision-0.0.0-py3.12.egg-info
[2.482s] running install_scripts
[2.655s] Installing red_vision script to /home/tars/AutoModelCrofi/ros2_ws/install/red_vision/lib/red_vision
[2.655s] writing list of installed files to '/home/tars/AutoModelCrofi/ros2_ws/build/red_vision/install.log'
[2.878s] Invoked command in '/home/tars/AutoModelCrofi/ros2_ws/src/vision/red_vision' returned '0': PYTHONPATH=/home/tars/AutoModelCrofi/ros2_ws/build/red_vision/prefix_override:/usr/lib/python3/dist-packages/colcon_core/task/python/colcon_distutils_commands:/home/tars/AutoModelCrofi/ros2_ws/install/red_vision/lib/python3.12/site-packages:${PYTHONPATH} /usr/bin/python3 -W ignore:setup.py install is deprecated -W ignore:easy_install command is deprecated setup.py egg_info --egg-base ../../../build/red_vision build --build-base /home/tars/AutoModelCrofi/ros2_ws/build/red_vision/build install --record /home/tars/AutoModelCrofi/ros2_ws/build/red_vision/install.log --single-version-externally-managed install_data
