running develop
Removing /home/crofi/AutoModelCrofi/ros2_ws/install/serial_bridge/lib/python3.10/site-packages/serial-bridge.egg-link (link to .)
running egg_info
writing ../../../build/serial_bridge/serial_bridge.egg-info/PKG-INFO
writing dependency_links to ../../../build/serial_bridge/serial_bridge.egg-info/dependency_links.txt
writing entry points to ../../../build/serial_bridge/serial_bridge.egg-info/entry_points.txt
writing requirements to ../../../build/serial_bridge/serial_bridge.egg-info/requires.txt
writing top-level names to ../../../build/serial_bridge/serial_bridge.egg-info/top_level.txt
reading manifest file '../../../build/serial_bridge/serial_bridge.egg-info/SOURCES.txt'
writing manifest file '../../../build/serial_bridge/serial_bridge.egg-info/SOURCES.txt'
running build
running build_py
creating /home/crofi/AutoModelCrofi/ros2_ws/build/serial_bridge/build
creating /home/crofi/AutoModelCrofi/ros2_ws/build/serial_bridge/build/lib
creating /home/crofi/AutoModelCrofi/ros2_ws/build/serial_bridge/build/lib/serial_bridge
copying serial_bridge/serial_node.py -> /home/crofi/AutoModelCrofi/ros2_ws/build/serial_bridge/build/lib/serial_bridge
copying serial_bridge/__init__.py -> /home/crofi/AutoModelCrofi/ros2_ws/build/serial_bridge/build/lib/serial_bridge
running install
running install_lib
creating /home/crofi/AutoModelCrofi/ros2_ws/install/serial_bridge/lib/python3.10/site-packages/serial_bridge
copying /home/crofi/AutoModelCrofi/ros2_ws/build/serial_bridge/build/lib/serial_bridge/serial_node.py -> /home/crofi/AutoModelCrofi/ros2_ws/install/serial_bridge/lib/python3.10/site-packages/serial_bridge
copying /home/crofi/AutoModelCrofi/ros2_ws/build/serial_bridge/build/lib/serial_bridge/__init__.py -> /home/crofi/AutoModelCrofi/ros2_ws/install/serial_bridge/lib/python3.10/site-packages/serial_bridge
byte-compiling /home/crofi/AutoModelCrofi/ros2_ws/install/serial_bridge/lib/python3.10/site-packages/serial_bridge/serial_node.py to serial_node.cpython-310.pyc
byte-compiling /home/crofi/AutoModelCrofi/ros2_ws/install/serial_bridge/lib/python3.10/site-packages/serial_bridge/__init__.py to __init__.cpython-310.pyc
running install_data
copying resource/serial_bridge -> /home/crofi/AutoModelCrofi/ros2_ws/install/serial_bridge/share/ament_index/resource_index/packages
copying package.xml -> /home/crofi/AutoModelCrofi/ros2_ws/install/serial_bridge/share/serial_bridge
running install_egg_info
Copying ../../../build/serial_bridge/serial_bridge.egg-info to /home/crofi/AutoModelCrofi/ros2_ws/install/serial_bridge/lib/python3.10/site-packages/serial_bridge-0.0.0-py3.10.egg-info
running install_scripts
Installing serial_node script to /home/crofi/AutoModelCrofi/ros2_ws/install/serial_bridge/lib/serial_bridge
writing list of installed files to '/home/crofi/AutoModelCrofi/ros2_ws/build/serial_bridge/install.log'
