[0.564s] DEBUG:colcon:Command line arguments: ['/usr/bin/colcon', 'build']
[0.565s] DEBUG:colcon:Parsed command line arguments: Namespace(log_base=None, log_level=None, verb_name='build', build_base='build', install_base='install', merge_install=False, symlink_install=False, test_result_base=None, continue_on_error=False, executor='parallel', parallel_workers=4, event_handlers=None, ignore_user_meta=False, metas=['./colcon.meta'], base_paths=['.'], packages_ignore=None, packages_ignore_regex=None, paths=None, packages_up_to=None, packages_up_to_regex=None, packages_above=None, packages_above_and_dependencies=None, packages_above_depth=None, packages_select_by_dep=None, packages_skip_by_dep=None, packages_skip_up_to=None, packages_select_build_failed=False, packages_skip_build_finished=False, packages_select_test_failures=False, packages_skip_test_passed=False, packages_select=None, packages_skip=None, packages_select_regex=None, packages_skip_regex=None, packages_start=None, packages_end=None, allow_overriding=[], cmake_args=None, cmake_target=None, cmake_target_skip_unavailable=False, cmake_clean_cache=False, cmake_clean_first=False, cmake_force_configure=False, ament_cmake_args=None, catkin_cmake_args=None, catkin_skip_building_tests=False, mixin_files=None, mixin=None, verb_parser=<colcon_mixin.mixin.mixin_argument.MixinArgumentDecorator object at 0xffff96022a40>, verb_extension=<colcon_core.verb.build.BuildVerb object at 0xffff961bf9d0>, main=<bound method BuildVerb.main of <colcon_core.verb.build.BuildVerb object at 0xffff961bf9d0>>, mixin_verb=('build',))
[1.505s] Level 1:colcon.colcon_core.package_discovery:discover_packages(colcon_meta) check parameters
[1.506s] Level 1:colcon.colcon_core.package_discovery:discover_packages(recursive) check parameters
[1.511s] Level 1:colcon.colcon_core.package_discovery:discover_packages(ignore) check parameters
[1.511s] Level 1:colcon.colcon_core.package_discovery:discover_packages(path) check parameters
[1.511s] Level 1:colcon.colcon_core.package_discovery:discover_packages(colcon_meta) discover
[1.511s] Level 1:colcon.colcon_core.package_discovery:discover_packages(recursive) discover
[1.512s] INFO:colcon.colcon_core.package_discovery:Crawling recursively for packages in '/home/crofi/ros2_ws'
[1.512s] Level 1:colcon.colcon_core.package_identification:_identify(.) by extensions ['ignore', 'ignore_ament_install']
[1.512s] Level 1:colcon.colcon_core.package_identification:_identify(.) by extension 'ignore'
[1.513s] Level 1:colcon.colcon_core.package_identification:_identify(.) by extension 'ignore_ament_install'
[1.513s] Level 1:colcon.colcon_core.package_identification:_identify(.) by extensions ['colcon_pkg']
[1.513s] Level 1:colcon.colcon_core.package_identification:_identify(.) by extension 'colcon_pkg'
[1.513s] Level 1:colcon.colcon_core.package_identification:_identify(.) by extensions ['colcon_meta']
[1.513s] Level 1:colcon.colcon_core.package_identification:_identify(.) by extension 'colcon_meta'
[1.514s] Level 1:colcon.colcon_core.package_identification:_identify(.) by extensions ['ros']
[1.514s] Level 1:colcon.colcon_core.package_identification:_identify(.) by extension 'ros'
[1.564s] Level 1:colcon.colcon_core.package_identification:_identify(.) by extensions ['cmake', 'python']
[1.564s] Level 1:colcon.colcon_core.package_identification:_identify(.) by extension 'cmake'
[1.564s] Level 1:colcon.colcon_core.package_identification:_identify(.) by extension 'python'
[1.565s] Level 1:colcon.colcon_core.package_identification:_identify(.) by extensions ['python_setup_py']
[1.565s] Level 1:colcon.colcon_core.package_identification:_identify(.) by extension 'python_setup_py'
[1.565s] Level 1:colcon.colcon_core.package_identification:_identify(build) by extensions ['ignore', 'ignore_ament_install']
[1.566s] Level 1:colcon.colcon_core.package_identification:_identify(build) by extension 'ignore'
[1.566s] Level 1:colcon.colcon_core.package_identification:_identify(build) ignored
[1.567s] Level 1:colcon.colcon_core.package_identification:_identify(install) by extensions ['ignore', 'ignore_ament_install']
[1.567s] Level 1:colcon.colcon_core.package_identification:_identify(install) by extension 'ignore'
[1.567s] Level 1:colcon.colcon_core.package_identification:_identify(install) ignored
[1.569s] Level 1:colcon.colcon_core.package_identification:_identify(log) by extensions ['ignore', 'ignore_ament_install']
[1.570s] Level 1:colcon.colcon_core.package_identification:_identify(log) by extension 'ignore'
[1.570s] Level 1:colcon.colcon_core.package_identification:_identify(log) ignored
[1.570s] Level 1:colcon.colcon_core.package_identification:_identify(src) by extensions ['ignore', 'ignore_ament_install']
[1.571s] Level 1:colcon.colcon_core.package_identification:_identify(src) by extension 'ignore'
[1.571s] Level 1:colcon.colcon_core.package_identification:_identify(src) by extension 'ignore_ament_install'
[1.571s] Level 1:colcon.colcon_core.package_identification:_identify(src) by extensions ['colcon_pkg']
[1.571s] Level 1:colcon.colcon_core.package_identification:_identify(src) by extension 'colcon_pkg'
[1.571s] Level 1:colcon.colcon_core.package_identification:_identify(src) by extensions ['colcon_meta']
[1.571s] Level 1:colcon.colcon_core.package_identification:_identify(src) by extension 'colcon_meta'
[1.572s] Level 1:colcon.colcon_core.package_identification:_identify(src) by extensions ['ros']
[1.572s] Level 1:colcon.colcon_core.package_identification:_identify(src) by extension 'ros'
[1.572s] Level 1:colcon.colcon_core.package_identification:_identify(src) by extensions ['cmake', 'python']
[1.572s] Level 1:colcon.colcon_core.package_identification:_identify(src) by extension 'cmake'
[1.572s] Level 1:colcon.colcon_core.package_identification:_identify(src) by extension 'python'
[1.573s] Level 1:colcon.colcon_core.package_identification:_identify(src) by extensions ['python_setup_py']
[1.573s] Level 1:colcon.colcon_core.package_identification:_identify(src) by extension 'python_setup_py'
[1.573s] Level 1:colcon.colcon_core.package_identification:_identify(src/build) by extensions ['ignore', 'ignore_ament_install']
[1.574s] Level 1:colcon.colcon_core.package_identification:_identify(src/build) by extension 'ignore'
[1.574s] Level 1:colcon.colcon_core.package_identification:_identify(src/build) ignored
[1.574s] Level 1:colcon.colcon_core.package_identification:_identify(src/hardware) by extensions ['ignore', 'ignore_ament_install']
[1.574s] Level 1:colcon.colcon_core.package_identification:_identify(src/hardware) by extension 'ignore'
[1.575s] Level 1:colcon.colcon_core.package_identification:_identify(src/hardware) by extension 'ignore_ament_install'
[1.575s] Level 1:colcon.colcon_core.package_identification:_identify(src/hardware) by extensions ['colcon_pkg']
[1.575s] Level 1:colcon.colcon_core.package_identification:_identify(src/hardware) by extension 'colcon_pkg'
[1.575s] Level 1:colcon.colcon_core.package_identification:_identify(src/hardware) by extensions ['colcon_meta']
[1.575s] Level 1:colcon.colcon_core.package_identification:_identify(src/hardware) by extension 'colcon_meta'
[1.575s] Level 1:colcon.colcon_core.package_identification:_identify(src/hardware) by extensions ['ros']
[1.576s] Level 1:colcon.colcon_core.package_identification:_identify(src/hardware) by extension 'ros'
[1.576s] Level 1:colcon.colcon_core.package_identification:_identify(src/hardware) by extensions ['cmake', 'python']
[1.576s] Level 1:colcon.colcon_core.package_identification:_identify(src/hardware) by extension 'cmake'
[1.576s] Level 1:colcon.colcon_core.package_identification:_identify(src/hardware) by extension 'python'
[1.576s] Level 1:colcon.colcon_core.package_identification:_identify(src/hardware) by extensions ['python_setup_py']
[1.576s] Level 1:colcon.colcon_core.package_identification:_identify(src/hardware) by extension 'python_setup_py'
[1.577s] Level 1:colcon.colcon_core.package_identification:_identify(src/hardware/servo) by extensions ['ignore', 'ignore_ament_install']
[1.577s] Level 1:colcon.colcon_core.package_identification:_identify(src/hardware/servo) by extension 'ignore'
[1.577s] Level 1:colcon.colcon_core.package_identification:_identify(src/hardware/servo) by extension 'ignore_ament_install'
[1.578s] Level 1:colcon.colcon_core.package_identification:_identify(src/hardware/servo) by extensions ['colcon_pkg']
[1.578s] Level 1:colcon.colcon_core.package_identification:_identify(src/hardware/servo) by extension 'colcon_pkg'
[1.578s] Level 1:colcon.colcon_core.package_identification:_identify(src/hardware/servo) by extensions ['colcon_meta']
[1.578s] Level 1:colcon.colcon_core.package_identification:_identify(src/hardware/servo) by extension 'colcon_meta'
[1.578s] Level 1:colcon.colcon_core.package_identification:_identify(src/hardware/servo) by extensions ['ros']
[1.578s] Level 1:colcon.colcon_core.package_identification:_identify(src/hardware/servo) by extension 'ros'
[1.588s] DEBUG:colcon.colcon_core.package_identification:Package 'src/hardware/servo' with type 'ros.ament_python' and name 'servo'
[1.589s] Level 1:colcon.colcon_core.package_identification:_identify(src/hardware/webcam) by extensions ['ignore', 'ignore_ament_install']
[1.589s] Level 1:colcon.colcon_core.package_identification:_identify(src/hardware/webcam) by extension 'ignore'
[1.589s] Level 1:colcon.colcon_core.package_identification:_identify(src/hardware/webcam) by extension 'ignore_ament_install'
[1.589s] Level 1:colcon.colcon_core.package_identification:_identify(src/hardware/webcam) by extensions ['colcon_pkg']
[1.590s] Level 1:colcon.colcon_core.package_identification:_identify(src/hardware/webcam) by extension 'colcon_pkg'
[1.590s] Level 1:colcon.colcon_core.package_identification:_identify(src/hardware/webcam) by extensions ['colcon_meta']
[1.590s] Level 1:colcon.colcon_core.package_identification:_identify(src/hardware/webcam) by extension 'colcon_meta'
[1.590s] Level 1:colcon.colcon_core.package_identification:_identify(src/hardware/webcam) by extensions ['ros']
[1.590s] Level 1:colcon.colcon_core.package_identification:_identify(src/hardware/webcam) by extension 'ros'
[1.592s] DEBUG:colcon.colcon_core.package_identification:Package 'src/hardware/webcam' with type 'ros.ament_python' and name 'webcam'
[1.593s] Level 1:colcon.colcon_core.package_identification:_identify(src/install) by extensions ['ignore', 'ignore_ament_install']
[1.594s] Level 1:colcon.colcon_core.package_identification:_identify(src/install) by extension 'ignore'
[1.594s] Level 1:colcon.colcon_core.package_identification:_identify(src/install) ignored
[1.594s] Level 1:colcon.colcon_core.package_identification:_identify(src/log) by extensions ['ignore', 'ignore_ament_install']
[1.595s] Level 1:colcon.colcon_core.package_identification:_identify(src/log) by extension 'ignore'
[1.595s] Level 1:colcon.colcon_core.package_identification:_identify(src/log) ignored
[1.595s] Level 1:colcon.colcon_core.package_identification:_identify(src/vision) by extensions ['ignore', 'ignore_ament_install']
[1.596s] Level 1:colcon.colcon_core.package_identification:_identify(src/vision) by extension 'ignore'
[1.596s] Level 1:colcon.colcon_core.package_identification:_identify(src/vision) by extension 'ignore_ament_install'
[1.596s] Level 1:colcon.colcon_core.package_identification:_identify(src/vision) by extensions ['colcon_pkg']
[1.596s] Level 1:colcon.colcon_core.package_identification:_identify(src/vision) by extension 'colcon_pkg'
[1.596s] Level 1:colcon.colcon_core.package_identification:_identify(src/vision) by extensions ['colcon_meta']
[1.597s] Level 1:colcon.colcon_core.package_identification:_identify(src/vision) by extension 'colcon_meta'
[1.597s] Level 1:colcon.colcon_core.package_identification:_identify(src/vision) by extensions ['ros']
[1.597s] Level 1:colcon.colcon_core.package_identification:_identify(src/vision) by extension 'ros'
[1.597s] Level 1:colcon.colcon_core.package_identification:_identify(src/vision) by extensions ['cmake', 'python']
[1.597s] Level 1:colcon.colcon_core.package_identification:_identify(src/vision) by extension 'cmake'
[1.597s] Level 1:colcon.colcon_core.package_identification:_identify(src/vision) by extension 'python'
[1.598s] Level 1:colcon.colcon_core.package_identification:_identify(src/vision) by extensions ['python_setup_py']
[1.598s] Level 1:colcon.colcon_core.package_identification:_identify(src/vision) by extension 'python_setup_py'
[1.598s] Level 1:colcon.colcon_core.package_identification:_identify(src/vision/lane_angle) by extensions ['ignore', 'ignore_ament_install']
[1.599s] Level 1:colcon.colcon_core.package_identification:_identify(src/vision/lane_angle) by extension 'ignore'
[1.599s] Level 1:colcon.colcon_core.package_identification:_identify(src/vision/lane_angle) by extension 'ignore_ament_install'
[1.599s] Level 1:colcon.colcon_core.package_identification:_identify(src/vision/lane_angle) by extensions ['colcon_pkg']
[1.599s] Level 1:colcon.colcon_core.package_identification:_identify(src/vision/lane_angle) by extension 'colcon_pkg'
[1.600s] Level 1:colcon.colcon_core.package_identification:_identify(src/vision/lane_angle) by extensions ['colcon_meta']
[1.601s] Level 1:colcon.colcon_core.package_identification:_identify(src/vision/lane_angle) by extension 'colcon_meta'
[1.602s] Level 1:colcon.colcon_core.package_identification:_identify(src/vision/lane_angle) by extensions ['ros']
[1.603s] Level 1:colcon.colcon_core.package_identification:_identify(src/vision/lane_angle) by extension 'ros'
[1.607s] DEBUG:colcon.colcon_core.package_identification:Package 'src/vision/lane_angle' with type 'ros.ament_python' and name 'lane_angle'
[1.607s] Level 1:colcon.colcon_core.package_identification:_identify(src/vision/lane_detector) by extensions ['ignore', 'ignore_ament_install']
[1.608s] Level 1:colcon.colcon_core.package_identification:_identify(src/vision/lane_detector) by extension 'ignore'
[1.608s] Level 1:colcon.colcon_core.package_identification:_identify(src/vision/lane_detector) by extension 'ignore_ament_install'
[1.608s] Level 1:colcon.colcon_core.package_identification:_identify(src/vision/lane_detector) by extensions ['colcon_pkg']
[1.608s] Level 1:colcon.colcon_core.package_identification:_identify(src/vision/lane_detector) by extension 'colcon_pkg'
[1.608s] Level 1:colcon.colcon_core.package_identification:_identify(src/vision/lane_detector) by extensions ['colcon_meta']
[1.609s] Level 1:colcon.colcon_core.package_identification:_identify(src/vision/lane_detector) by extension 'colcon_meta'
[1.609s] Level 1:colcon.colcon_core.package_identification:_identify(src/vision/lane_detector) by extensions ['ros']
[1.609s] Level 1:colcon.colcon_core.package_identification:_identify(src/vision/lane_detector) by extension 'ros'
[1.611s] DEBUG:colcon.colcon_core.package_identification:Package 'src/vision/lane_detector' with type 'ros.ament_python' and name 'lane_detector'
[1.612s] Level 1:colcon.colcon_core.package_identification:_identify(src/vision/senal_detector) by extensions ['ignore', 'ignore_ament_install']
[1.612s] Level 1:colcon.colcon_core.package_identification:_identify(src/vision/senal_detector) by extension 'ignore'
[1.612s] Level 1:colcon.colcon_core.package_identification:_identify(src/vision/senal_detector) by extension 'ignore_ament_install'
[1.613s] Level 1:colcon.colcon_core.package_identification:_identify(src/vision/senal_detector) by extensions ['colcon_pkg']
[1.613s] Level 1:colcon.colcon_core.package_identification:_identify(src/vision/senal_detector) by extension 'colcon_pkg'
[1.613s] Level 1:colcon.colcon_core.package_identification:_identify(src/vision/senal_detector) by extensions ['colcon_meta']
[1.613s] Level 1:colcon.colcon_core.package_identification:_identify(src/vision/senal_detector) by extension 'colcon_meta'
[1.613s] Level 1:colcon.colcon_core.package_identification:_identify(src/vision/senal_detector) by extensions ['ros']
[1.613s] Level 1:colcon.colcon_core.package_identification:_identify(src/vision/senal_detector) by extension 'ros'
[1.616s] DEBUG:colcon.colcon_core.package_identification:Package 'src/vision/senal_detector' with type 'ros.ament_python' and name 'senal_detector'
[1.616s] Level 1:colcon.colcon_core.package_discovery:discover_packages(recursive) using defaults
[1.616s] Level 1:colcon.colcon_core.package_discovery:discover_packages(ignore) discover
[1.616s] Level 1:colcon.colcon_core.package_discovery:discover_packages(ignore) using defaults
[1.616s] Level 1:colcon.colcon_core.package_discovery:discover_packages(path) discover
[1.617s] Level 1:colcon.colcon_core.package_discovery:discover_packages(path) using defaults
[1.760s] Level 1:colcon.colcon_core.package_discovery:discover_packages(prefix_path) check parameters
[1.760s] Level 1:colcon.colcon_core.package_discovery:discover_packages(prefix_path) discover
[1.770s] DEBUG:colcon.colcon_installed_package_information.package_discovery:Found 7 installed packages in /home/crofi/ros2_ws/install
[1.772s] DEBUG:colcon.colcon_installed_package_information.package_discovery:Found 0 installed packages in /home/crofi/opencv_project/install
[1.782s] DEBUG:colcon.colcon_installed_package_information.package_discovery:Found 295 installed packages in /opt/ros/humble
[1.789s] Level 1:colcon.colcon_core.package_discovery:discover_packages(prefix_path) using defaults
[1.997s] Level 5:colcon.colcon_core.verb:set package 'lane_angle' build argument 'cmake_args' from command line to 'None'
[1.997s] Level 5:colcon.colcon_core.verb:set package 'lane_angle' build argument 'cmake_target' from command line to 'None'
[1.998s] Level 5:colcon.colcon_core.verb:set package 'lane_angle' build argument 'cmake_target_skip_unavailable' from command line to 'False'
[1.998s] Level 5:colcon.colcon_core.verb:set package 'lane_angle' build argument 'cmake_clean_cache' from command line to 'False'
[1.998s] Level 5:colcon.colcon_core.verb:set package 'lane_angle' build argument 'cmake_clean_first' from command line to 'False'
[1.998s] Level 5:colcon.colcon_core.verb:set package 'lane_angle' build argument 'cmake_force_configure' from command line to 'False'
[1.998s] Level 5:colcon.colcon_core.verb:set package 'lane_angle' build argument 'ament_cmake_args' from command line to 'None'
[1.998s] Level 5:colcon.colcon_core.verb:set package 'lane_angle' build argument 'catkin_cmake_args' from command line to 'None'
[1.998s] Level 5:colcon.colcon_core.verb:set package 'lane_angle' build argument 'catkin_skip_building_tests' from command line to 'False'
[1.998s] DEBUG:colcon.colcon_core.verb:Building package 'lane_angle' with the following arguments: {'ament_cmake_args': None, 'build_base': '/home/crofi/ros2_ws/build/lane_angle', 'catkin_cmake_args': None, 'catkin_skip_building_tests': False, 'cmake_args': None, 'cmake_clean_cache': False, 'cmake_clean_first': False, 'cmake_force_configure': False, 'cmake_target': None, 'cmake_target_skip_unavailable': False, 'install_base': '/home/crofi/ros2_ws/install/lane_angle', 'merge_install': False, 'path': '/home/crofi/ros2_ws/src/vision/lane_angle', 'symlink_install': False, 'test_result_base': None}
[2.001s] Level 5:colcon.colcon_core.verb:set package 'lane_detector' build argument 'cmake_args' from command line to 'None'
[2.001s] Level 5:colcon.colcon_core.verb:set package 'lane_detector' build argument 'cmake_target' from command line to 'None'
[2.002s] Level 5:colcon.colcon_core.verb:set package 'lane_detector' build argument 'cmake_target_skip_unavailable' from command line to 'False'
[2.003s] Level 5:colcon.colcon_core.verb:set package 'lane_detector' build argument 'cmake_clean_cache' from command line to 'False'
[2.003s] Level 5:colcon.colcon_core.verb:set package 'lane_detector' build argument 'cmake_clean_first' from command line to 'False'
[2.004s] Level 5:colcon.colcon_core.verb:set package 'lane_detector' build argument 'cmake_force_configure' from command line to 'False'
[2.004s] Level 5:colcon.colcon_core.verb:set package 'lane_detector' build argument 'ament_cmake_args' from command line to 'None'
[2.005s] Level 5:colcon.colcon_core.verb:set package 'lane_detector' build argument 'catkin_cmake_args' from command line to 'None'
[2.005s] Level 5:colcon.colcon_core.verb:set package 'lane_detector' build argument 'catkin_skip_building_tests' from command line to 'False'
[2.005s] DEBUG:colcon.colcon_core.verb:Building package 'lane_detector' with the following arguments: {'ament_cmake_args': None, 'build_base': '/home/crofi/ros2_ws/build/lane_detector', 'catkin_cmake_args': None, 'catkin_skip_building_tests': False, 'cmake_args': None, 'cmake_clean_cache': False, 'cmake_clean_first': False, 'cmake_force_configure': False, 'cmake_target': None, 'cmake_target_skip_unavailable': False, 'install_base': '/home/crofi/ros2_ws/install/lane_detector', 'merge_install': False, 'path': '/home/crofi/ros2_ws/src/vision/lane_detector', 'symlink_install': False, 'test_result_base': None}
[2.007s] Level 5:colcon.colcon_core.verb:set package 'senal_detector' build argument 'cmake_args' from command line to 'None'
[2.007s] Level 5:colcon.colcon_core.verb:set package 'senal_detector' build argument 'cmake_target' from command line to 'None'
[2.007s] Level 5:colcon.colcon_core.verb:set package 'senal_detector' build argument 'cmake_target_skip_unavailable' from command line to 'False'
[2.007s] Level 5:colcon.colcon_core.verb:set package 'senal_detector' build argument 'cmake_clean_cache' from command line to 'False'
[2.007s] Level 5:colcon.colcon_core.verb:set package 'senal_detector' build argument 'cmake_clean_first' from command line to 'False'
[2.007s] Level 5:colcon.colcon_core.verb:set package 'senal_detector' build argument 'cmake_force_configure' from command line to 'False'
[2.007s] Level 5:colcon.colcon_core.verb:set package 'senal_detector' build argument 'ament_cmake_args' from command line to 'None'
[2.007s] Level 5:colcon.colcon_core.verb:set package 'senal_detector' build argument 'catkin_cmake_args' from command line to 'None'
[2.008s] Level 5:colcon.colcon_core.verb:set package 'senal_detector' build argument 'catkin_skip_building_tests' from command line to 'False'
[2.008s] DEBUG:colcon.colcon_core.verb:Building package 'senal_detector' with the following arguments: {'ament_cmake_args': None, 'build_base': '/home/crofi/ros2_ws/build/senal_detector', 'catkin_cmake_args': None, 'catkin_skip_building_tests': False, 'cmake_args': None, 'cmake_clean_cache': False, 'cmake_clean_first': False, 'cmake_force_configure': False, 'cmake_target': None, 'cmake_target_skip_unavailable': False, 'install_base': '/home/crofi/ros2_ws/install/senal_detector', 'merge_install': False, 'path': '/home/crofi/ros2_ws/src/vision/senal_detector', 'symlink_install': False, 'test_result_base': None}
[2.009s] Level 5:colcon.colcon_core.verb:set package 'servo' build argument 'cmake_args' from command line to 'None'
[2.009s] Level 5:colcon.colcon_core.verb:set package 'servo' build argument 'cmake_target' from command line to 'None'
[2.010s] Level 5:colcon.colcon_core.verb:set package 'servo' build argument 'cmake_target_skip_unavailable' from command line to 'False'
[2.010s] Level 5:colcon.colcon_core.verb:set package 'servo' build argument 'cmake_clean_cache' from command line to 'False'
[2.010s] Level 5:colcon.colcon_core.verb:set package 'servo' build argument 'cmake_clean_first' from command line to 'False'
[2.010s] Level 5:colcon.colcon_core.verb:set package 'servo' build argument 'cmake_force_configure' from command line to 'False'
[2.010s] Level 5:colcon.colcon_core.verb:set package 'servo' build argument 'ament_cmake_args' from command line to 'None'
[2.010s] Level 5:colcon.colcon_core.verb:set package 'servo' build argument 'catkin_cmake_args' from command line to 'None'
[2.010s] Level 5:colcon.colcon_core.verb:set package 'servo' build argument 'catkin_skip_building_tests' from command line to 'False'
[2.010s] DEBUG:colcon.colcon_core.verb:Building package 'servo' with the following arguments: {'ament_cmake_args': None, 'build_base': '/home/crofi/ros2_ws/build/servo', 'catkin_cmake_args': None, 'catkin_skip_building_tests': False, 'cmake_args': None, 'cmake_clean_cache': False, 'cmake_clean_first': False, 'cmake_force_configure': False, 'cmake_target': None, 'cmake_target_skip_unavailable': False, 'install_base': '/home/crofi/ros2_ws/install/servo', 'merge_install': False, 'path': '/home/crofi/ros2_ws/src/hardware/servo', 'symlink_install': False, 'test_result_base': None}
[2.012s] Level 5:colcon.colcon_core.verb:set package 'webcam' build argument 'cmake_args' from command line to 'None'
[2.012s] Level 5:colcon.colcon_core.verb:set package 'webcam' build argument 'cmake_target' from command line to 'None'
[2.012s] Level 5:colcon.colcon_core.verb:set package 'webcam' build argument 'cmake_target_skip_unavailable' from command line to 'False'
[2.012s] Level 5:colcon.colcon_core.verb:set package 'webcam' build argument 'cmake_clean_cache' from command line to 'False'
[2.012s] Level 5:colcon.colcon_core.verb:set package 'webcam' build argument 'cmake_clean_first' from command line to 'False'
[2.012s] Level 5:colcon.colcon_core.verb:set package 'webcam' build argument 'cmake_force_configure' from command line to 'False'
[2.013s] Level 5:colcon.colcon_core.verb:set package 'webcam' build argument 'ament_cmake_args' from command line to 'None'
[2.013s] Level 5:colcon.colcon_core.verb:set package 'webcam' build argument 'catkin_cmake_args' from command line to 'None'
[2.013s] Level 5:colcon.colcon_core.verb:set package 'webcam' build argument 'catkin_skip_building_tests' from command line to 'False'
[2.013s] DEBUG:colcon.colcon_core.verb:Building package 'webcam' with the following arguments: {'ament_cmake_args': None, 'build_base': '/home/crofi/ros2_ws/build/webcam', 'catkin_cmake_args': None, 'catkin_skip_building_tests': False, 'cmake_args': None, 'cmake_clean_cache': False, 'cmake_clean_first': False, 'cmake_force_configure': False, 'cmake_target': None, 'cmake_target_skip_unavailable': False, 'install_base': '/home/crofi/ros2_ws/install/webcam', 'merge_install': False, 'path': '/home/crofi/ros2_ws/src/hardware/webcam', 'symlink_install': False, 'test_result_base': None}
[2.013s] INFO:colcon.colcon_core.executor:Executing jobs using 'parallel' executor
[2.017s] DEBUG:colcon.colcon_parallel_executor.executor.parallel:run_until_complete
[2.018s] INFO:colcon.colcon_ros.task.ament_python.build:Building ROS package in '/home/crofi/ros2_ws/src/vision/lane_angle' with build type 'ament_python'
[2.019s] Level 1:colcon.colcon_core.shell:create_environment_hook('lane_angle', 'ament_prefix_path')
[2.030s] INFO:colcon.colcon_core.plugin_system:Skipping extension 'colcon_core.shell.bat': Not used on non-Windows systems
[2.031s] INFO:colcon.colcon_core.shell:Creating environment hook '/home/crofi/ros2_ws/install/lane_angle/share/lane_angle/hook/ament_prefix_path.ps1'
[2.035s] INFO:colcon.colcon_core.shell:Creating environment descriptor '/home/crofi/ros2_ws/install/lane_angle/share/lane_angle/hook/ament_prefix_path.dsv'
[2.038s] INFO:colcon.colcon_core.shell:Creating environment hook '/home/crofi/ros2_ws/install/lane_angle/share/lane_angle/hook/ament_prefix_path.sh'
[2.042s] INFO:colcon.colcon_core.shell:Skip shell extension 'powershell' for command environment: Not usable outside of PowerShell
[2.043s] DEBUG:colcon.colcon_core.shell:Skip shell extension 'dsv' for command environment
[2.072s] INFO:colcon.colcon_ros.task.ament_python.build:Building ROS package in '/home/crofi/ros2_ws/src/vision/lane_detector' with build type 'ament_python'
[2.072s] Level 1:colcon.colcon_core.shell:create_environment_hook('lane_detector', 'ament_prefix_path')
[2.074s] INFO:colcon.colcon_core.shell:Creating environment hook '/home/crofi/ros2_ws/install/lane_detector/share/lane_detector/hook/ament_prefix_path.ps1'
[2.077s] INFO:colcon.colcon_core.shell:Creating environment descriptor '/home/crofi/ros2_ws/install/lane_detector/share/lane_detector/hook/ament_prefix_path.dsv'
[2.079s] INFO:colcon.colcon_core.shell:Creating environment hook '/home/crofi/ros2_ws/install/lane_detector/share/lane_detector/hook/ament_prefix_path.sh'
[2.084s] INFO:colcon.colcon_core.shell:Skip shell extension 'powershell' for command environment: Not usable outside of PowerShell
[2.084s] DEBUG:colcon.colcon_core.shell:Skip shell extension 'dsv' for command environment
[2.109s] INFO:colcon.colcon_ros.task.ament_python.build:Building ROS package in '/home/crofi/ros2_ws/src/vision/senal_detector' with build type 'ament_python'
[2.110s] Level 1:colcon.colcon_core.shell:create_environment_hook('senal_detector', 'ament_prefix_path')
[2.112s] INFO:colcon.colcon_core.shell:Creating environment hook '/home/crofi/ros2_ws/install/senal_detector/share/senal_detector/hook/ament_prefix_path.ps1'
[2.114s] INFO:colcon.colcon_core.shell:Creating environment descriptor '/home/crofi/ros2_ws/install/senal_detector/share/senal_detector/hook/ament_prefix_path.dsv'
[2.117s] INFO:colcon.colcon_core.shell:Creating environment hook '/home/crofi/ros2_ws/install/senal_detector/share/senal_detector/hook/ament_prefix_path.sh'
[2.120s] INFO:colcon.colcon_core.shell:Skip shell extension 'powershell' for command environment: Not usable outside of PowerShell
[2.121s] DEBUG:colcon.colcon_core.shell:Skip shell extension 'dsv' for command environment
[2.144s] INFO:colcon.colcon_ros.task.ament_python.build:Building ROS package in '/home/crofi/ros2_ws/src/hardware/servo' with build type 'ament_python'
[2.145s] Level 1:colcon.colcon_core.shell:create_environment_hook('servo', 'ament_prefix_path')
[2.147s] INFO:colcon.colcon_core.shell:Creating environment hook '/home/crofi/ros2_ws/install/servo/share/servo/hook/ament_prefix_path.ps1'
[2.153s] INFO:colcon.colcon_core.shell:Creating environment descriptor '/home/crofi/ros2_ws/install/servo/share/servo/hook/ament_prefix_path.dsv'
[2.158s] INFO:colcon.colcon_core.shell:Creating environment hook '/home/crofi/ros2_ws/install/servo/share/servo/hook/ament_prefix_path.sh'
[2.162s] INFO:colcon.colcon_core.shell:Skip shell extension 'powershell' for command environment: Not usable outside of PowerShell
[2.162s] DEBUG:colcon.colcon_core.shell:Skip shell extension 'dsv' for command environment
[3.649s] INFO:colcon.colcon_core.task.python.build:Building Python package in '/home/crofi/ros2_ws/src/vision/lane_angle'
[3.650s] INFO:colcon.colcon_core.shell:Skip shell extension 'powershell' for command environment: Not usable outside of PowerShell
[3.651s] DEBUG:colcon.colcon_core.shell:Skip shell extension 'dsv' for command environment
[5.208s] INFO:colcon.colcon_core.task.python.build:Building Python package in '/home/crofi/ros2_ws/src/vision/lane_detector'
[5.209s] INFO:colcon.colcon_core.shell:Skip shell extension 'powershell' for command environment: Not usable outside of PowerShell
[5.209s] DEBUG:colcon.colcon_core.shell:Skip shell extension 'dsv' for command environment
[6.695s] INFO:colcon.colcon_core.task.python.build:Building Python package in '/home/crofi/ros2_ws/src/vision/senal_detector'
[6.697s] INFO:colcon.colcon_core.shell:Skip shell extension 'powershell' for command environment: Not usable outside of PowerShell
[6.697s] DEBUG:colcon.colcon_core.shell:Skip shell extension 'dsv' for command environment
[8.194s] INFO:colcon.colcon_core.task.python.build:Building Python package in '/home/crofi/ros2_ws/src/hardware/servo'
[8.195s] INFO:colcon.colcon_core.shell:Skip shell extension 'powershell' for command environment: Not usable outside of PowerShell
[8.195s] DEBUG:colcon.colcon_core.shell:Skip shell extension 'dsv' for command environment
[11.172s] DEBUG:colcon.colcon_core.event_handler.log_command:Invoking command in '/home/crofi/ros2_ws/src/vision/senal_detector': PYTHONPATH=/home/crofi/ros2_ws/build/senal_detector/prefix_override:/usr/lib/python3/dist-packages/colcon_core/task/python/colcon_distutils_commands:/home/crofi/ros2_ws/install/senal_detector/lib/python3.10/site-packages:${PYTHONPATH} /usr/bin/python3 -W ignore:setup.py install is deprecated -W ignore:easy_install command is deprecated setup.py egg_info --egg-base ../../../build/senal_detector build --build-base /home/crofi/ros2_ws/build/senal_detector/build install --record /home/crofi/ros2_ws/build/senal_detector/install.log --single-version-externally-managed install_data
[11.672s] DEBUG:colcon.colcon_core.event_handler.log_command:Invoking command in '/home/crofi/ros2_ws/src/hardware/servo': PYTHONPATH=/home/crofi/ros2_ws/build/servo/prefix_override:/usr/lib/python3/dist-packages/colcon_core/task/python/colcon_distutils_commands:/home/crofi/ros2_ws/install/servo/lib/python3.10/site-packages:${PYTHONPATH} /usr/bin/python3 -W ignore:setup.py install is deprecated -W ignore:easy_install command is deprecated setup.py egg_info --egg-base ../../../build/servo build --build-base /home/crofi/ros2_ws/build/servo/build install --record /home/crofi/ros2_ws/build/servo/install.log --single-version-externally-managed install_data
[11.886s] DEBUG:colcon.colcon_core.event_handler.log_command:Invoking command in '/home/crofi/ros2_ws/src/vision/lane_angle': PYTHONPATH=/home/crofi/ros2_ws/build/lane_angle/prefix_override:/usr/lib/python3/dist-packages/colcon_core/task/python/colcon_distutils_commands:/home/crofi/ros2_ws/install/lane_angle/lib/python3.10/site-packages:${PYTHONPATH} /usr/bin/python3 -W ignore:setup.py install is deprecated -W ignore:easy_install command is deprecated setup.py egg_info --egg-base ../../../build/lane_angle build --build-base /home/crofi/ros2_ws/build/lane_angle/build install --record /home/crofi/ros2_ws/build/lane_angle/install.log --single-version-externally-managed install_data
[11.967s] DEBUG:colcon.colcon_core.event_handler.log_command:Invoking command in '/home/crofi/ros2_ws/src/vision/lane_detector': PYTHONPATH=/home/crofi/ros2_ws/build/lane_detector/prefix_override:/usr/lib/python3/dist-packages/colcon_core/task/python/colcon_distutils_commands:/home/crofi/ros2_ws/install/lane_detector/lib/python3.10/site-packages:${PYTHONPATH} /usr/bin/python3 -W ignore:setup.py install is deprecated -W ignore:easy_install command is deprecated setup.py egg_info --egg-base ../../../build/lane_detector build --build-base /home/crofi/ros2_ws/build/lane_detector/build install --record /home/crofi/ros2_ws/build/lane_detector/install.log --single-version-externally-managed install_data
[14.343s] DEBUG:colcon.colcon_core.event_handler.log_command:Invoked command in '/home/crofi/ros2_ws/src/vision/senal_detector' returned '0': PYTHONPATH=/home/crofi/ros2_ws/build/senal_detector/prefix_override:/usr/lib/python3/dist-packages/colcon_core/task/python/colcon_distutils_commands:/home/crofi/ros2_ws/install/senal_detector/lib/python3.10/site-packages:${PYTHONPATH} /usr/bin/python3 -W ignore:setup.py install is deprecated -W ignore:easy_install command is deprecated setup.py egg_info --egg-base ../../../build/senal_detector build --build-base /home/crofi/ros2_ws/build/senal_detector/build install --record /home/crofi/ros2_ws/build/senal_detector/install.log --single-version-externally-managed install_data
[14.362s] Level 1:colcon.colcon_core.environment:checking '/home/crofi/ros2_ws/install/senal_detector' for CMake module files
[14.365s] Level 1:colcon.colcon_core.environment:checking '/home/crofi/ros2_ws/install/senal_detector' for CMake config files
[14.370s] Level 1:colcon.colcon_core.environment:checking '/home/crofi/ros2_ws/install/senal_detector/lib'
[14.372s] Level 1:colcon.colcon_core.environment:checking '/home/crofi/ros2_ws/install/senal_detector/bin'
[14.372s] Level 1:colcon.colcon_core.environment:checking '/home/crofi/ros2_ws/install/senal_detector/lib/pkgconfig/senal_detector.pc'
[14.376s] Level 1:colcon.colcon_core.environment:checking '/home/crofi/ros2_ws/install/senal_detector/lib/python3.10/site-packages'
[14.378s] Level 1:colcon.colcon_core.shell:create_environment_hook('senal_detector', 'pythonpath')
[14.379s] INFO:colcon.colcon_core.shell:Creating environment hook '/home/crofi/ros2_ws/install/senal_detector/share/senal_detector/hook/pythonpath.ps1'
[14.383s] INFO:colcon.colcon_core.shell:Creating environment descriptor '/home/crofi/ros2_ws/install/senal_detector/share/senal_detector/hook/pythonpath.dsv'
[14.386s] INFO:colcon.colcon_core.shell:Creating environment hook '/home/crofi/ros2_ws/install/senal_detector/share/senal_detector/hook/pythonpath.sh'
[14.390s] Level 1:colcon.colcon_core.environment:checking '/home/crofi/ros2_ws/install/senal_detector/bin'
[14.391s] Level 1:colcon.colcon_core.environment:create_environment_scripts_only(senal_detector)
[14.393s] INFO:colcon.colcon_core.shell:Creating package script '/home/crofi/ros2_ws/install/senal_detector/share/senal_detector/package.ps1'
[14.399s] INFO:colcon.colcon_core.shell:Creating package descriptor '/home/crofi/ros2_ws/install/senal_detector/share/senal_detector/package.dsv'
[14.426s] INFO:colcon.colcon_core.shell:Creating package script '/home/crofi/ros2_ws/install/senal_detector/share/senal_detector/package.sh'
[14.434s] INFO:colcon.colcon_core.shell:Creating package script '/home/crofi/ros2_ws/install/senal_detector/share/senal_detector/package.bash'
[14.442s] INFO:colcon.colcon_core.shell:Creating package script '/home/crofi/ros2_ws/install/senal_detector/share/senal_detector/package.zsh'
[14.447s] Level 1:colcon.colcon_core.environment:create_file_with_runtime_dependencies(/home/crofi/ros2_ws/install/senal_detector/share/colcon-core/packages/senal_detector)
[14.450s] INFO:colcon.colcon_ros.task.ament_python.build:Building ROS package in '/home/crofi/ros2_ws/src/hardware/webcam' with build type 'ament_python'
[14.458s] Level 1:colcon.colcon_core.shell:create_environment_hook('webcam', 'ament_prefix_path')
[14.459s] INFO:colcon.colcon_core.shell:Creating environment hook '/home/crofi/ros2_ws/install/webcam/share/webcam/hook/ament_prefix_path.ps1'
[14.462s] INFO:colcon.colcon_core.shell:Creating environment descriptor '/home/crofi/ros2_ws/install/webcam/share/webcam/hook/ament_prefix_path.dsv'
[14.466s] INFO:colcon.colcon_core.shell:Creating environment hook '/home/crofi/ros2_ws/install/webcam/share/webcam/hook/ament_prefix_path.sh'
[14.470s] INFO:colcon.colcon_core.shell:Skip shell extension 'powershell' for command environment: Not usable outside of PowerShell
[14.470s] DEBUG:colcon.colcon_core.shell:Skip shell extension 'dsv' for command environment
[16.721s] INFO:colcon.colcon_core.task.python.build:Building Python package in '/home/crofi/ros2_ws/src/hardware/webcam'
[16.728s] INFO:colcon.colcon_core.shell:Skip shell extension 'powershell' for command environment: Not usable outside of PowerShell
[16.728s] DEBUG:colcon.colcon_core.shell:Skip shell extension 'dsv' for command environment
[16.764s] Level 1:colcon.colcon_core.environment:checking '/home/crofi/ros2_ws/install/lane_detector' for CMake module files
[16.767s] DEBUG:colcon.colcon_core.event_handler.log_command:Invoked command in '/home/crofi/ros2_ws/src/vision/lane_detector' returned '0': PYTHONPATH=/home/crofi/ros2_ws/build/lane_detector/prefix_override:/usr/lib/python3/dist-packages/colcon_core/task/python/colcon_distutils_commands:/home/crofi/ros2_ws/install/lane_detector/lib/python3.10/site-packages:${PYTHONPATH} /usr/bin/python3 -W ignore:setup.py install is deprecated -W ignore:easy_install command is deprecated setup.py egg_info --egg-base ../../../build/lane_detector build --build-base /home/crofi/ros2_ws/build/lane_detector/build install --record /home/crofi/ros2_ws/build/lane_detector/install.log --single-version-externally-managed install_data
[16.768s] Level 1:colcon.colcon_core.environment:checking '/home/crofi/ros2_ws/install/lane_detector' for CMake config files
[16.772s] Level 1:colcon.colcon_core.environment:checking '/home/crofi/ros2_ws/install/lane_detector/lib'
[16.772s] Level 1:colcon.colcon_core.environment:checking '/home/crofi/ros2_ws/install/lane_detector/bin'
[16.773s] Level 1:colcon.colcon_core.environment:checking '/home/crofi/ros2_ws/install/lane_detector/lib/pkgconfig/lane_detector.pc'
[16.774s] Level 1:colcon.colcon_core.environment:checking '/home/crofi/ros2_ws/install/lane_detector/lib/python3.10/site-packages'
[16.774s] Level 1:colcon.colcon_core.shell:create_environment_hook('lane_detector', 'pythonpath')
[16.775s] INFO:colcon.colcon_core.shell:Creating environment hook '/home/crofi/ros2_ws/install/lane_detector/share/lane_detector/hook/pythonpath.ps1'
[16.777s] INFO:colcon.colcon_core.shell:Creating environment descriptor '/home/crofi/ros2_ws/install/lane_detector/share/lane_detector/hook/pythonpath.dsv'
[16.779s] INFO:colcon.colcon_core.shell:Creating environment hook '/home/crofi/ros2_ws/install/lane_detector/share/lane_detector/hook/pythonpath.sh'
[16.783s] Level 1:colcon.colcon_core.environment:checking '/home/crofi/ros2_ws/install/lane_detector/bin'
[16.783s] Level 1:colcon.colcon_core.environment:create_environment_scripts_only(lane_detector)
[16.784s] INFO:colcon.colcon_core.shell:Creating package script '/home/crofi/ros2_ws/install/lane_detector/share/lane_detector/package.ps1'
[16.787s] INFO:colcon.colcon_core.shell:Creating package descriptor '/home/crofi/ros2_ws/install/lane_detector/share/lane_detector/package.dsv'
[16.790s] INFO:colcon.colcon_core.shell:Creating package script '/home/crofi/ros2_ws/install/lane_detector/share/lane_detector/package.sh'
[16.792s] INFO:colcon.colcon_core.shell:Creating package script '/home/crofi/ros2_ws/install/lane_detector/share/lane_detector/package.bash'
[16.795s] INFO:colcon.colcon_core.shell:Creating package script '/home/crofi/ros2_ws/install/lane_detector/share/lane_detector/package.zsh'
[16.797s] Level 1:colcon.colcon_core.environment:create_file_with_runtime_dependencies(/home/crofi/ros2_ws/install/lane_detector/share/colcon-core/packages/lane_detector)
[16.799s] Level 1:colcon.colcon_core.environment:checking '/home/crofi/ros2_ws/install/lane_angle' for CMake module files
[16.804s] Level 1:colcon.colcon_core.environment:checking '/home/crofi/ros2_ws/install/lane_angle' for CMake config files
[16.808s] Level 1:colcon.colcon_core.environment:checking '/home/crofi/ros2_ws/install/lane_angle/lib'
[16.808s] Level 1:colcon.colcon_core.environment:checking '/home/crofi/ros2_ws/install/lane_angle/bin'
[16.809s] Level 1:colcon.colcon_core.environment:checking '/home/crofi/ros2_ws/install/lane_angle/lib/pkgconfig/lane_angle.pc'
[16.810s] Level 1:colcon.colcon_core.environment:checking '/home/crofi/ros2_ws/install/lane_angle/lib/python3.10/site-packages'
[16.810s] Level 1:colcon.colcon_core.shell:create_environment_hook('lane_angle', 'pythonpath')
[16.811s] INFO:colcon.colcon_core.shell:Creating environment hook '/home/crofi/ros2_ws/install/lane_angle/share/lane_angle/hook/pythonpath.ps1'
[16.830s] INFO:colcon.colcon_core.shell:Creating environment descriptor '/home/crofi/ros2_ws/install/lane_angle/share/lane_angle/hook/pythonpath.dsv'
[16.834s] INFO:colcon.colcon_core.shell:Creating environment hook '/home/crofi/ros2_ws/install/lane_angle/share/lane_angle/hook/pythonpath.sh'
[16.838s] Level 1:colcon.colcon_core.environment:checking '/home/crofi/ros2_ws/install/lane_angle/bin'
[16.839s] Level 1:colcon.colcon_core.environment:create_environment_scripts_only(lane_angle)
[16.841s] INFO:colcon.colcon_core.shell:Creating package script '/home/crofi/ros2_ws/install/lane_angle/share/lane_angle/package.ps1'
[16.846s] INFO:colcon.colcon_core.shell:Creating package descriptor '/home/crofi/ros2_ws/install/lane_angle/share/lane_angle/package.dsv'
[16.856s] INFO:colcon.colcon_core.shell:Creating package script '/home/crofi/ros2_ws/install/lane_angle/share/lane_angle/package.sh'
[16.860s] INFO:colcon.colcon_core.shell:Creating package script '/home/crofi/ros2_ws/install/lane_angle/share/lane_angle/package.bash'
[16.863s] DEBUG:colcon.colcon_core.event_handler.log_command:Invoked command in '/home/crofi/ros2_ws/src/vision/lane_angle' returned '0': PYTHONPATH=/home/crofi/ros2_ws/build/lane_angle/prefix_override:/usr/lib/python3/dist-packages/colcon_core/task/python/colcon_distutils_commands:/home/crofi/ros2_ws/install/lane_angle/lib/python3.10/site-packages:${PYTHONPATH} /usr/bin/python3 -W ignore:setup.py install is deprecated -W ignore:easy_install command is deprecated setup.py egg_info --egg-base ../../../build/lane_angle build --build-base /home/crofi/ros2_ws/build/lane_angle/build install --record /home/crofi/ros2_ws/build/lane_angle/install.log --single-version-externally-managed install_data
[16.864s] INFO:colcon.colcon_core.shell:Creating package script '/home/crofi/ros2_ws/install/lane_angle/share/lane_angle/package.zsh'
[16.866s] Level 1:colcon.colcon_core.environment:create_file_with_runtime_dependencies(/home/crofi/ros2_ws/install/lane_angle/share/colcon-core/packages/lane_angle)
[16.869s] Level 1:colcon.colcon_core.environment:checking '/home/crofi/ros2_ws/install/servo' for CMake module files
[16.874s] Level 1:colcon.colcon_core.environment:checking '/home/crofi/ros2_ws/install/servo' for CMake config files
[16.877s] DEBUG:colcon.colcon_core.event_handler.log_command:Invoked command in '/home/crofi/ros2_ws/src/hardware/servo' returned '0': PYTHONPATH=/home/crofi/ros2_ws/build/servo/prefix_override:/usr/lib/python3/dist-packages/colcon_core/task/python/colcon_distutils_commands:/home/crofi/ros2_ws/install/servo/lib/python3.10/site-packages:${PYTHONPATH} /usr/bin/python3 -W ignore:setup.py install is deprecated -W ignore:easy_install command is deprecated setup.py egg_info --egg-base ../../../build/servo build --build-base /home/crofi/ros2_ws/build/servo/build install --record /home/crofi/ros2_ws/build/servo/install.log --single-version-externally-managed install_data
[16.882s] Level 1:colcon.colcon_core.environment:checking '/home/crofi/ros2_ws/install/servo/lib'
[16.882s] Level 1:colcon.colcon_core.environment:checking '/home/crofi/ros2_ws/install/servo/bin'
[16.883s] Level 1:colcon.colcon_core.environment:checking '/home/crofi/ros2_ws/install/servo/lib/pkgconfig/servo.pc'
[16.884s] Level 1:colcon.colcon_core.environment:checking '/home/crofi/ros2_ws/install/servo/lib/python3.10/site-packages'
[16.884s] Level 1:colcon.colcon_core.shell:create_environment_hook('servo', 'pythonpath')
[16.885s] INFO:colcon.colcon_core.shell:Creating environment hook '/home/crofi/ros2_ws/install/servo/share/servo/hook/pythonpath.ps1'
[16.889s] INFO:colcon.colcon_core.shell:Creating environment descriptor '/home/crofi/ros2_ws/install/servo/share/servo/hook/pythonpath.dsv'
[16.891s] INFO:colcon.colcon_core.shell:Creating environment hook '/home/crofi/ros2_ws/install/servo/share/servo/hook/pythonpath.sh'
[16.895s] Level 1:colcon.colcon_core.environment:checking '/home/crofi/ros2_ws/install/servo/bin'
[16.895s] Level 1:colcon.colcon_core.environment:create_environment_scripts_only(servo)
[16.896s] INFO:colcon.colcon_core.shell:Creating package script '/home/crofi/ros2_ws/install/servo/share/servo/package.ps1'
[16.899s] INFO:colcon.colcon_core.shell:Creating package descriptor '/home/crofi/ros2_ws/install/servo/share/servo/package.dsv'
[16.904s] INFO:colcon.colcon_core.shell:Creating package script '/home/crofi/ros2_ws/install/servo/share/servo/package.sh'
[16.908s] INFO:colcon.colcon_core.shell:Creating package script '/home/crofi/ros2_ws/install/servo/share/servo/package.bash'
[16.910s] INFO:colcon.colcon_core.shell:Creating package script '/home/crofi/ros2_ws/install/servo/share/servo/package.zsh'
[16.912s] Level 1:colcon.colcon_core.environment:create_file_with_runtime_dependencies(/home/crofi/ros2_ws/install/servo/share/colcon-core/packages/servo)
[18.886s] DEBUG:colcon.colcon_core.event_handler.log_command:Invoking command in '/home/crofi/ros2_ws/src/hardware/webcam': PYTHONPATH=/home/crofi/ros2_ws/build/webcam/prefix_override:/usr/lib/python3/dist-packages/colcon_core/task/python/colcon_distutils_commands:/home/crofi/ros2_ws/install/webcam/lib/python3.10/site-packages:${PYTHONPATH} /usr/bin/python3 -W ignore:setup.py install is deprecated -W ignore:easy_install command is deprecated setup.py egg_info --egg-base ../../../build/webcam build --build-base /home/crofi/ros2_ws/build/webcam/build install --record /home/crofi/ros2_ws/build/webcam/install.log --single-version-externally-managed install_data
[20.659s] Level 1:colcon.colcon_core.environment:checking '/home/crofi/ros2_ws/install/webcam' for CMake module files
[20.661s] DEBUG:colcon.colcon_core.event_handler.log_command:Invoked command in '/home/crofi/ros2_ws/src/hardware/webcam' returned '0': PYTHONPATH=/home/crofi/ros2_ws/build/webcam/prefix_override:/usr/lib/python3/dist-packages/colcon_core/task/python/colcon_distutils_commands:/home/crofi/ros2_ws/install/webcam/lib/python3.10/site-packages:${PYTHONPATH} /usr/bin/python3 -W ignore:setup.py install is deprecated -W ignore:easy_install command is deprecated setup.py egg_info --egg-base ../../../build/webcam build --build-base /home/crofi/ros2_ws/build/webcam/build install --record /home/crofi/ros2_ws/build/webcam/install.log --single-version-externally-managed install_data
[20.663s] Level 1:colcon.colcon_core.environment:checking '/home/crofi/ros2_ws/install/webcam' for CMake config files
[20.667s] Level 1:colcon.colcon_core.environment:checking '/home/crofi/ros2_ws/install/webcam/lib'
[20.667s] Level 1:colcon.colcon_core.environment:checking '/home/crofi/ros2_ws/install/webcam/bin'
[20.667s] Level 1:colcon.colcon_core.environment:checking '/home/crofi/ros2_ws/install/webcam/lib/pkgconfig/webcam.pc'
[20.668s] Level 1:colcon.colcon_core.environment:checking '/home/crofi/ros2_ws/install/webcam/lib/python3.10/site-packages'
[20.669s] Level 1:colcon.colcon_core.shell:create_environment_hook('webcam', 'pythonpath')
[20.670s] INFO:colcon.colcon_core.shell:Creating environment hook '/home/crofi/ros2_ws/install/webcam/share/webcam/hook/pythonpath.ps1'
[20.672s] INFO:colcon.colcon_core.shell:Creating environment descriptor '/home/crofi/ros2_ws/install/webcam/share/webcam/hook/pythonpath.dsv'
[20.674s] INFO:colcon.colcon_core.shell:Creating environment hook '/home/crofi/ros2_ws/install/webcam/share/webcam/hook/pythonpath.sh'
[20.678s] Level 1:colcon.colcon_core.environment:checking '/home/crofi/ros2_ws/install/webcam/bin'
[20.678s] Level 1:colcon.colcon_core.environment:create_environment_scripts_only(webcam)
[20.679s] INFO:colcon.colcon_core.shell:Creating package script '/home/crofi/ros2_ws/install/webcam/share/webcam/package.ps1'
[20.682s] INFO:colcon.colcon_core.shell:Creating package descriptor '/home/crofi/ros2_ws/install/webcam/share/webcam/package.dsv'
[20.685s] INFO:colcon.colcon_core.shell:Creating package script '/home/crofi/ros2_ws/install/webcam/share/webcam/package.sh'
[20.687s] INFO:colcon.colcon_core.shell:Creating package script '/home/crofi/ros2_ws/install/webcam/share/webcam/package.bash'
[20.689s] INFO:colcon.colcon_core.shell:Creating package script '/home/crofi/ros2_ws/install/webcam/share/webcam/package.zsh'
[20.692s] Level 1:colcon.colcon_core.environment:create_file_with_runtime_dependencies(/home/crofi/ros2_ws/install/webcam/share/colcon-core/packages/webcam)
[20.693s] DEBUG:colcon.colcon_parallel_executor.executor.parallel:closing loop
[20.696s] DEBUG:colcon.colcon_parallel_executor.executor.parallel:loop closed
[20.696s] DEBUG:colcon.colcon_parallel_executor.executor.parallel:run_until_complete finished with '0'
[20.696s] DEBUG:colcon.colcon_core.event_reactor:joining thread
[20.726s] INFO:colcon.colcon_core.plugin_system:Skipping extension 'colcon_notification.desktop_notification.terminal_notifier': Not used on non-Darwin systems
[20.727s] INFO:colcon.colcon_core.plugin_system:Skipping extension 'colcon_notification.desktop_notification.win32': Not used on non-Windows systems
[20.727s] INFO:colcon.colcon_notification.desktop_notification:Sending desktop notification using 'notify2'
[20.787s] DEBUG:colcon.colcon_core.event_reactor:joined thread
[20.789s] INFO:colcon.colcon_core.shell:Creating prefix script '/home/crofi/ros2_ws/install/local_setup.ps1'
[20.794s] INFO:colcon.colcon_core.shell:Creating prefix util module '/home/crofi/ros2_ws/install/_local_setup_util_ps1.py'
[20.805s] INFO:colcon.colcon_core.shell:Creating prefix chain script '/home/crofi/ros2_ws/install/setup.ps1'
[20.817s] INFO:colcon.colcon_core.shell:Creating prefix script '/home/crofi/ros2_ws/install/local_setup.sh'
[20.820s] INFO:colcon.colcon_core.shell:Creating prefix util module '/home/crofi/ros2_ws/install/_local_setup_util_sh.py'
[20.824s] INFO:colcon.colcon_core.shell:Creating prefix chain script '/home/crofi/ros2_ws/install/setup.sh'
[20.831s] INFO:colcon.colcon_core.shell:Creating prefix script '/home/crofi/ros2_ws/install/local_setup.bash'
[20.835s] INFO:colcon.colcon_core.shell:Creating prefix chain script '/home/crofi/ros2_ws/install/setup.bash'
[20.842s] INFO:colcon.colcon_core.shell:Creating prefix script '/home/crofi/ros2_ws/install/local_setup.zsh'
[20.846s] INFO:colcon.colcon_core.shell:Creating prefix chain script '/home/crofi/ros2_ws/install/setup.zsh'
