[10.451s] Invoking command in '/home/crofi/ros2_ws/src/vision/lane_detector': PYTHONPATH=/home/crofi/ros2_ws/build/lane_detector/prefix_override:/usr/lib/python3/dist-packages/colcon_core/task/python/colcon_distutils_commands:/home/crofi/ros2_ws/install/lane_detector/lib/python3.10/site-packages:${PYTHONPATH} /usr/bin/python3 -W ignore:setup.py install is deprecated -W ignore:easy_install command is deprecated setup.py egg_info --egg-base ../../../build/lane_detector build --build-base /home/crofi/ros2_ws/build/lane_detector/build install --record /home/crofi/ros2_ws/build/lane_detector/install.log --single-version-externally-managed install_data
[13.420s] running egg_info
[13.421s] writing ../../../build/lane_detector/lane_detector.egg-info/PKG-INFO
[13.422s] writing dependency_links to ../../../build/lane_detector/lane_detector.egg-info/dependency_links.txt
[13.422s] writing entry points to ../../../build/lane_detector/lane_detector.egg-info/entry_points.txt
[13.423s] writing requirements to ../../../build/lane_detector/lane_detector.egg-info/requires.txt
[13.424s] writing top-level names to ../../../build/lane_detector/lane_detector.egg-info/top_level.txt
[13.431s] reading manifest file '../../../build/lane_detector/lane_detector.egg-info/SOURCES.txt'
[13.436s] writing manifest file '../../../build/lane_detector/lane_detector.egg-info/SOURCES.txt'
[13.438s] running build
[13.438s] running build_py
[13.440s] running install
[13.441s] running install_lib
[13.462s] running install_data
[13.462s] running install_egg_info
[13.471s] removing '/home/crofi/ros2_ws/install/lane_detector/lib/python3.10/site-packages/lane_detector-0.0.0-py3.10.egg-info' (and everything under it)
[13.473s] Copying ../../../build/lane_detector/lane_detector.egg-info to /home/crofi/ros2_ws/install/lane_detector/lib/python3.10/site-packages/lane_detector-0.0.0-py3.10.egg-info
[13.483s] running install_scripts
[13.615s] Installing lane_detector script to /home/crofi/ros2_ws/install/lane_detector/lib/lane_detector
[13.618s] writing list of installed files to '/home/crofi/ros2_ws/build/lane_detector/install.log'
[13.872s] Invoked command in '/home/crofi/ros2_ws/src/vision/lane_detector' returned '0': PYTHONPATH=/home/crofi/ros2_ws/build/lane_detector/prefix_override:/usr/lib/python3/dist-packages/colcon_core/task/python/colcon_distutils_commands:/home/crofi/ros2_ws/install/lane_detector/lib/python3.10/site-packages:${PYTHONPATH} /usr/bin/python3 -W ignore:setup.py install is deprecated -W ignore:easy_install command is deprecated setup.py egg_info --egg-base ../../../build/lane_detector build --build-base /home/crofi/ros2_ws/build/lane_detector/build install --record /home/crofi/ros2_ws/build/lane_detector/install.log --single-version-externally-managed install_data
