[5.603s] Invoking command in '/home/crofi/ros2_ws/src/hardware/webcam_recorted': PYTHONPATH=/home/crofi/ros2_ws/build/webcam_recorted/prefix_override:/usr/lib/python3/dist-packages/colcon_core/task/python/colcon_distutils_commands:/home/crofi/ros2_ws/install/webcam_recorted/lib/python3.10/site-packages:${PYTHONPATH} /usr/bin/python3 -W ignore:setup.py install is deprecated -W ignore:easy_install command is deprecated setup.py egg_info --egg-base ../../../build/webcam_recorted build --build-base /home/crofi/ros2_ws/build/webcam_recorted/build install --record /home/crofi/ros2_ws/build/webcam_recorted/install.log --single-version-externally-managed install_data
[7.377s] running egg_info
[7.383s] writing ../../../build/webcam_recorted/webcam_recorted.egg-info/PKG-INFO
[7.386s] writing dependency_links to ../../../build/webcam_recorted/webcam_recorted.egg-info/dependency_links.txt
[7.389s] writing entry points to ../../../build/webcam_recorted/webcam_recorted.egg-info/entry_points.txt
[7.390s] writing requirements to ../../../build/webcam_recorted/webcam_recorted.egg-info/requires.txt
[7.390s] writing top-level names to ../../../build/webcam_recorted/webcam_recorted.egg-info/top_level.txt
[7.401s] reading manifest file '../../../build/webcam_recorted/webcam_recorted.egg-info/SOURCES.txt'
[7.405s] writing manifest file '../../../build/webcam_recorted/webcam_recorted.egg-info/SOURCES.txt'
[7.406s] running build
[7.406s] running build_py
[7.407s] running install
[7.409s] running install_lib
[7.420s] running install_data
[7.420s] running install_egg_info
[7.432s] removing '/home/crofi/ros2_ws/install/webcam_recorted/lib/python3.10/site-packages/webcam_recorted-0.0.0-py3.10.egg-info' (and everything under it)
[7.435s] Copying ../../../build/webcam_recorted/webcam_recorted.egg-info to /home/crofi/ros2_ws/install/webcam_recorted/lib/python3.10/site-packages/webcam_recorted-0.0.0-py3.10.egg-info
[7.445s] running install_scripts
[7.554s] Installing webcam_recorted script to /home/crofi/ros2_ws/install/webcam_recorted/lib/webcam_recorted
[7.555s] writing list of installed files to '/home/crofi/ros2_ws/build/webcam_recorted/install.log'
[7.742s] Invoked command in '/home/crofi/ros2_ws/src/hardware/webcam_recorted' returned '0': PYTHONPATH=/home/crofi/ros2_ws/build/webcam_recorted/prefix_override:/usr/lib/python3/dist-packages/colcon_core/task/python/colcon_distutils_commands:/home/crofi/ros2_ws/install/webcam_recorted/lib/python3.10/site-packages:${PYTHONPATH} /usr/bin/python3 -W ignore:setup.py install is deprecated -W ignore:easy_install command is deprecated setup.py egg_info --egg-base ../../../build/webcam_recorted build --build-base /home/crofi/ros2_ws/build/webcam_recorted/build install --record /home/crofi/ros2_ws/build/webcam_recorted/install.log --single-version-externally-managed install_data
