[3.854s] Invoking command in '/home/crofi/ros2_ws/src/hardware/webcam': PYTHONPATH=/home/crofi/ros2_ws/build/webcam/prefix_override:/usr/lib/python3/dist-packages/colcon_core/task/python/colcon_distutils_commands:/home/crofi/ros2_ws/install/webcam/lib/python3.10/site-packages:${PYTHONPATH} /usr/bin/python3 -W ignore:setup.py install is deprecated -W ignore:easy_install command is deprecated setup.py egg_info --egg-base ../../../build/webcam build --build-base /home/crofi/ros2_ws/build/webcam/build install --record /home/crofi/ros2_ws/build/webcam/install.log --single-version-externally-managed install_data
[5.201s] running egg_info
[5.204s] writing ../../../build/webcam/webcam.egg-info/PKG-INFO
[5.207s] writing dependency_links to ../../../build/webcam/webcam.egg-info/dependency_links.txt
[5.208s] writing entry points to ../../../build/webcam/webcam.egg-info/entry_points.txt
[5.210s] writing requirements to ../../../build/webcam/webcam.egg-info/requires.txt
[5.211s] writing top-level names to ../../../build/webcam/webcam.egg-info/top_level.txt
[5.223s] reading manifest file '../../../build/webcam/webcam.egg-info/SOURCES.txt'
[5.224s] adding license file 'LICENSE'
[5.226s] writing manifest file '../../../build/webcam/webcam.egg-info/SOURCES.txt'
[5.227s] running build
[5.228s] running build_py
[5.229s] running install
[5.230s] running install_lib
[5.241s] running install_data
[5.241s] running install_egg_info
[5.249s] removing '/home/crofi/ros2_ws/install/webcam/lib/python3.10/site-packages/webcam-0.0.0-py3.10.egg-info' (and everything under it)
[5.250s] Copying ../../../build/webcam/webcam.egg-info to /home/crofi/ros2_ws/install/webcam/lib/python3.10/site-packages/webcam-0.0.0-py3.10.egg-info
[5.256s] running install_scripts
[5.350s] Installing webcam script to /home/crofi/ros2_ws/install/webcam/lib/webcam
[5.352s] writing list of installed files to '/home/crofi/ros2_ws/build/webcam/install.log'
[5.504s] Invoked command in '/home/crofi/ros2_ws/src/hardware/webcam' returned '0': PYTHONPATH=/home/crofi/ros2_ws/build/webcam/prefix_override:/usr/lib/python3/dist-packages/colcon_core/task/python/colcon_distutils_commands:/home/crofi/ros2_ws/install/webcam/lib/python3.10/site-packages:${PYTHONPATH} /usr/bin/python3 -W ignore:setup.py install is deprecated -W ignore:easy_install command is deprecated setup.py egg_info --egg-base ../../../build/webcam build --build-base /home/crofi/ros2_ws/build/webcam/build install --record /home/crofi/ros2_ws/build/webcam/install.log --single-version-externally-managed install_data
