[6.748s] Invoking command in '/home/crofi/AutoModel_Rep/ros2_ws/src/hardware/servo': PYTHONPATH=/home/crofi/AutoModel_Rep/build/servo/prefix_override:/usr/lib/python3/dist-packages/colcon_core/task/python/colcon_distutils_commands:/home/crofi/AutoModel_Rep/install/servo/lib/python3.10/site-packages:${PYTHONPATH} /usr/bin/python3 -W ignore:setup.py install is deprecated -W ignore:easy_install command is deprecated setup.py egg_info --egg-base ../../../../build/servo build --build-base /home/crofi/AutoModel_Rep/build/servo/build install --record /home/crofi/AutoModel_Rep/build/servo/install.log --single-version-externally-managed install_data
[8.404s] running egg_info
[8.407s] creating ../../../../build/servo/servo.egg-info
[8.408s] writing ../../../../build/servo/servo.egg-info/PKG-INFO
[8.410s] writing dependency_links to ../../../../build/servo/servo.egg-info/dependency_links.txt
[8.411s] writing entry points to ../../../../build/servo/servo.egg-info/entry_points.txt
[8.412s] writing requirements to ../../../../build/servo/servo.egg-info/requires.txt
[8.413s] writing top-level names to ../../../../build/servo/servo.egg-info/top_level.txt
[8.414s] writing manifest file '../../../../build/servo/servo.egg-info/SOURCES.txt'
[8.425s] reading manifest file '../../../../build/servo/servo.egg-info/SOURCES.txt'
[8.432s] writing manifest file '../../../../build/servo/servo.egg-info/SOURCES.txt'
[8.433s] running build
[8.434s] running build_py
[8.434s] creating /home/crofi/AutoModel_Rep/build/servo/build
[8.435s] creating /home/crofi/AutoModel_Rep/build/servo/build/lib
[8.436s] creating /home/crofi/AutoModel_Rep/build/servo/build/lib/servo
[8.437s] copying servo/__init__.py -> /home/crofi/AutoModel_Rep/build/servo/build/lib/servo
[8.437s] copying servo/servo.py -> /home/crofi/AutoModel_Rep/build/servo/build/lib/servo
[8.438s] running install
[8.439s] running install_lib
[8.441s] creating /home/crofi/AutoModel_Rep/install/servo/lib/python3.10/site-packages/servo
[8.443s] copying /home/crofi/AutoModel_Rep/build/servo/build/lib/servo/__init__.py -> /home/crofi/AutoModel_Rep/install/servo/lib/python3.10/site-packages/servo
[8.444s] copying /home/crofi/AutoModel_Rep/build/servo/build/lib/servo/servo.py -> /home/crofi/AutoModel_Rep/install/servo/lib/python3.10/site-packages/servo
[8.454s] byte-compiling /home/crofi/AutoModel_Rep/install/servo/lib/python3.10/site-packages/servo/__init__.py to __init__.cpython-310.pyc
[8.468s] byte-compiling /home/crofi/AutoModel_Rep/install/servo/lib/python3.10/site-packages/servo/servo.py to servo.cpython-310.pyc
[8.471s] running install_data
[8.473s] creating /home/crofi/AutoModel_Rep/install/servo/share/ament_index
[8.474s] creating /home/crofi/AutoModel_Rep/install/servo/share/ament_index/resource_index
[8.475s] creating /home/crofi/AutoModel_Rep/install/servo/share/ament_index/resource_index/packages
[8.476s] copying resource/servo -> /home/crofi/AutoModel_Rep/install/servo/share/ament_index/resource_index/packages
[8.477s] copying package.xml -> /home/crofi/AutoModel_Rep/install/servo/share/servo
[8.478s] running install_egg_info
[8.480s] Copying ../../../../build/servo/servo.egg-info to /home/crofi/AutoModel_Rep/install/servo/lib/python3.10/site-packages/servo-0.0.0-py3.10.egg-info
[8.490s] running install_scripts
[8.604s] Installing servo script to /home/crofi/AutoModel_Rep/install/servo/lib/servo
[8.606s] writing list of installed files to '/home/crofi/AutoModel_Rep/build/servo/install.log'
[8.888s] Invoked command in '/home/crofi/AutoModel_Rep/ros2_ws/src/hardware/servo' returned '0': PYTHONPATH=/home/crofi/AutoModel_Rep/build/servo/prefix_override:/usr/lib/python3/dist-packages/colcon_core/task/python/colcon_distutils_commands:/home/crofi/AutoModel_Rep/install/servo/lib/python3.10/site-packages:${PYTHONPATH} /usr/bin/python3 -W ignore:setup.py install is deprecated -W ignore:easy_install command is deprecated setup.py egg_info --egg-base ../../../../build/servo build --build-base /home/crofi/AutoModel_Rep/build/servo/build install --record /home/crofi/AutoModel_Rep/build/servo/install.log --single-version-externally-managed install_data
