[2.189s] Invoking command in '/home/tars/AutoModelCrofi/build/prueba_angle': PYTHONPATH=/home/tars/AutoModelCrofi/build/prueba_angle/prefix_override:/usr/lib/python3/dist-packages/colcon_core/task/python/colcon_distutils_commands:/home/tars/AutoModelCrofi/install/prueba_angle/lib/python3.12/site-packages:${PYTHONPATH} /usr/bin/python3 -W ignore:setup.py install is deprecated -W ignore:easy_install command is deprecated setup.py develop --editable --build-directory /home/tars/AutoModelCrofi/build/prueba_angle/build --no-deps symlink_data
[3.035s] running develop
[3.035s] running egg_info
[3.035s] creating prueba_angle.egg-info
[3.035s] writing prueba_angle.egg-info/PKG-INFO
[3.035s] writing dependency_links to prueba_angle.egg-info/dependency_links.txt
[3.035s] writing entry points to prueba_angle.egg-info/entry_points.txt
[3.035s] writing requirements to prueba_angle.egg-info/requires.txt
[3.035s] writing top-level names to prueba_angle.egg-info/top_level.txt
[3.035s] writing manifest file 'prueba_angle.egg-info/SOURCES.txt'
[3.035s] reading manifest file 'prueba_angle.egg-info/SOURCES.txt'
[3.035s] writing manifest file 'prueba_angle.egg-info/SOURCES.txt'
[3.035s] running build_ext
[3.035s] Creating /home/tars/AutoModelCrofi/install/prueba_angle/lib/python3.12/site-packages/prueba-angle.egg-link (link to .)
[3.035s] Installing prueba_angle script to /home/tars/AutoModelCrofi/install/prueba_angle/lib/prueba_angle
[3.036s] 
[3.036s] Installed /home/tars/AutoModelCrofi/build/prueba_angle
[3.036s] running symlink_data
[3.036s] creating /home/tars/AutoModelCrofi/install/prueba_angle/share/ament_index
[3.036s] creating /home/tars/AutoModelCrofi/install/prueba_angle/share/ament_index/resource_index
[3.036s] creating /home/tars/AutoModelCrofi/install/prueba_angle/share/ament_index/resource_index/packages
[3.036s] symbolically linking /home/tars/AutoModelCrofi/build/prueba_angle/resource/prueba_angle -> /home/tars/AutoModelCrofi/install/prueba_angle/share/ament_index/resource_index/packages
[3.036s] symbolically linking /home/tars/AutoModelCrofi/build/prueba_angle/package.xml -> /home/tars/AutoModelCrofi/install/prueba_angle/share/prueba_angle
[3.249s] Invoked command in '/home/tars/AutoModelCrofi/build/prueba_angle' returned '0': PYTHONPATH=/home/tars/AutoModelCrofi/build/prueba_angle/prefix_override:/usr/lib/python3/dist-packages/colcon_core/task/python/colcon_distutils_commands:/home/tars/AutoModelCrofi/install/prueba_angle/lib/python3.12/site-packages:${PYTHONPATH} /usr/bin/python3 -W ignore:setup.py install is deprecated -W ignore:easy_install command is deprecated setup.py develop --editable --build-directory /home/tars/AutoModelCrofi/build/prueba_angle/build --no-deps symlink_data
