[3.211s] Invoking command in '/home/crofi/ros2_ws/src/hardware/webcam': PYTHONPATH=/home/crofi/ros2_ws/build/webcam/prefix_override:/usr/lib/python3/dist-packages/colcon_core/task/python/colcon_distutils_commands:/home/crofi/ros2_ws/install/webcam/lib/python3.10/site-packages:${PYTHONPATH} /usr/bin/python3 -W ignore:setup.py install is deprecated -W ignore:easy_install command is deprecated setup.py egg_info --egg-base ../../../build/webcam build --build-base /home/crofi/ros2_ws/build/webcam/build install --record /home/crofi/ros2_ws/build/webcam/install.log --single-version-externally-managed install_data
[4.377s] running egg_info
[4.379s] creating ../../../build/webcam/webcam.egg-info
[4.380s] writing ../../../build/webcam/webcam.egg-info/PKG-INFO
[4.382s] writing dependency_links to ../../../build/webcam/webcam.egg-info/dependency_links.txt
[4.382s] writing entry points to ../../../build/webcam/webcam.egg-info/entry_points.txt
[4.383s] writing requirements to ../../../build/webcam/webcam.egg-info/requires.txt
[4.383s] writing top-level names to ../../../build/webcam/webcam.egg-info/top_level.txt
[4.384s] writing manifest file '../../../build/webcam/webcam.egg-info/SOURCES.txt'
[4.391s] reading manifest file '../../../build/webcam/webcam.egg-info/SOURCES.txt'
[4.392s] adding license file 'LICENSE'
[4.394s] writing manifest file '../../../build/webcam/webcam.egg-info/SOURCES.txt'
[4.395s] running build
[4.396s] running build_py
[4.396s] creating /home/crofi/ros2_ws/build/webcam/build
[4.397s] creating /home/crofi/ros2_ws/build/webcam/build/lib
[4.397s] creating /home/crofi/ros2_ws/build/webcam/build/lib/webcam
[4.398s] copying webcam/__init__.py -> /home/crofi/ros2_ws/build/webcam/build/lib/webcam
[4.398s] copying webcam/webcam.py -> /home/crofi/ros2_ws/build/webcam/build/lib/webcam
[4.399s] running install
[4.400s] running install_lib
[4.404s] creating /home/crofi/ros2_ws/install/webcam/lib/python3.10/site-packages/webcam
[4.404s] copying /home/crofi/ros2_ws/build/webcam/build/lib/webcam/__init__.py -> /home/crofi/ros2_ws/install/webcam/lib/python3.10/site-packages/webcam
[4.405s] copying /home/crofi/ros2_ws/build/webcam/build/lib/webcam/webcam.py -> /home/crofi/ros2_ws/install/webcam/lib/python3.10/site-packages/webcam
[4.408s] byte-compiling /home/crofi/ros2_ws/install/webcam/lib/python3.10/site-packages/webcam/__init__.py to __init__.cpython-310.pyc
[4.409s] byte-compiling /home/crofi/ros2_ws/install/webcam/lib/python3.10/site-packages/webcam/webcam.py to webcam.cpython-310.pyc
[4.410s] running install_data
[4.411s] creating /home/crofi/ros2_ws/install/webcam/share/ament_index
[4.412s] creating /home/crofi/ros2_ws/install/webcam/share/ament_index/resource_index
[4.412s] creating /home/crofi/ros2_ws/install/webcam/share/ament_index/resource_index/packages
[4.412s] copying resource/webcam -> /home/crofi/ros2_ws/install/webcam/share/ament_index/resource_index/packages
[4.413s] copying package.xml -> /home/crofi/ros2_ws/install/webcam/share/webcam
[4.413s] running install_egg_info
[4.420s] Copying ../../../build/webcam/webcam.egg-info to /home/crofi/ros2_ws/install/webcam/lib/python3.10/site-packages/webcam-0.0.0-py3.10.egg-info
[4.425s] running install_scripts
[4.513s] Installing webcam script to /home/crofi/ros2_ws/install/webcam/lib/webcam
[4.515s] writing list of installed files to '/home/crofi/ros2_ws/build/webcam/install.log'
[4.651s] Invoked command in '/home/crofi/ros2_ws/src/hardware/webcam' returned '0': PYTHONPATH=/home/crofi/ros2_ws/build/webcam/prefix_override:/usr/lib/python3/dist-packages/colcon_core/task/python/colcon_distutils_commands:/home/crofi/ros2_ws/install/webcam/lib/python3.10/site-packages:${PYTHONPATH} /usr/bin/python3 -W ignore:setup.py install is deprecated -W ignore:easy_install command is deprecated setup.py egg_info --egg-base ../../../build/webcam build --build-base /home/crofi/ros2_ws/build/webcam/build install --record /home/crofi/ros2_ws/build/webcam/install.log --single-version-externally-managed install_data
