[5.021s] Invoking command in '/home/crofi/ros2_ws/src/hardware/webcam': PYTHONPATH=/home/crofi/ros2_ws/build/webcam/prefix_override:/usr/lib/python3/dist-packages/colcon_core/task/python/colcon_distutils_commands:/home/crofi/ros2_ws/install/webcam/lib/python3.10/site-packages:${PYTHONPATH} /usr/bin/python3 -W ignore:setup.py install is deprecated -W ignore:easy_install command is deprecated setup.py egg_info --egg-base ../../../build/webcam build --build-base /home/crofi/ros2_ws/build/webcam/build install --record /home/crofi/ros2_ws/build/webcam/install.log --single-version-externally-managed install_data
[6.720s] running egg_info
[6.726s] writing ../../../build/webcam/webcam.egg-info/PKG-INFO
[6.728s] writing dependency_links to ../../../build/webcam/webcam.egg-info/dependency_links.txt
[6.729s] writing entry points to ../../../build/webcam/webcam.egg-info/entry_points.txt
[6.730s] writing requirements to ../../../build/webcam/webcam.egg-info/requires.txt
[6.731s] writing top-level names to ../../../build/webcam/webcam.egg-info/top_level.txt
[6.741s] reading manifest file '../../../build/webcam/webcam.egg-info/SOURCES.txt'
[6.744s] adding license file 'LICENSE'
[6.748s] writing manifest file '../../../build/webcam/webcam.egg-info/SOURCES.txt'
[6.749s] running build
[6.751s] running build_py
[6.753s] running install
[6.777s] running install_lib
[6.795s] running install_data
[6.807s] running install_egg_info
[6.814s] removing '/home/crofi/ros2_ws/install/webcam/lib/python3.10/site-packages/webcam-0.0.0-py3.10.egg-info' (and everything under it)
[6.822s] Copying ../../../build/webcam/webcam.egg-info to /home/crofi/ros2_ws/install/webcam/lib/python3.10/site-packages/webcam-0.0.0-py3.10.egg-info
[6.836s] running install_scripts
[7.012s] Installing webcam script to /home/crofi/ros2_ws/install/webcam/lib/webcam
[7.012s] writing list of installed files to '/home/crofi/ros2_ws/build/webcam/install.log'
[7.213s] Invoked command in '/home/crofi/ros2_ws/src/hardware/webcam' returned '0': PYTHONPATH=/home/crofi/ros2_ws/build/webcam/prefix_override:/usr/lib/python3/dist-packages/colcon_core/task/python/colcon_distutils_commands:/home/crofi/ros2_ws/install/webcam/lib/python3.10/site-packages:${PYTHONPATH} /usr/bin/python3 -W ignore:setup.py install is deprecated -W ignore:easy_install command is deprecated setup.py egg_info --egg-base ../../../build/webcam build --build-base /home/crofi/ros2_ws/build/webcam/build install --record /home/crofi/ros2_ws/build/webcam/install.log --single-version-externally-managed install_data
