[9.628s] Invoking command in '/home/crofi/ros2_ws/src/vision/lane_detector': PYTHONPATH=/home/crofi/ros2_ws/build/lane_detector/prefix_override:/usr/lib/python3/dist-packages/colcon_core/task/python/colcon_distutils_commands:/home/crofi/ros2_ws/install/lane_detector/lib/python3.10/site-packages:${PYTHONPATH} /usr/bin/python3 -W ignore:setup.py install is deprecated -W ignore:easy_install command is deprecated setup.py egg_info --egg-base ../../../build/lane_detector build --build-base /home/crofi/ros2_ws/build/lane_detector/build install --record /home/crofi/ros2_ws/build/lane_detector/install.log --single-version-externally-managed install_data
[12.804s] running egg_info
[12.805s] writing ../../../build/lane_detector/lane_detector.egg-info/PKG-INFO
[12.809s] writing dependency_links to ../../../build/lane_detector/lane_detector.egg-info/dependency_links.txt
[12.811s] writing entry points to ../../../build/lane_detector/lane_detector.egg-info/entry_points.txt
[12.813s] writing requirements to ../../../build/lane_detector/lane_detector.egg-info/requires.txt
[12.813s] writing top-level names to ../../../build/lane_detector/lane_detector.egg-info/top_level.txt
[12.837s] reading manifest file '../../../build/lane_detector/lane_detector.egg-info/SOURCES.txt'
[12.843s] writing manifest file '../../../build/lane_detector/lane_detector.egg-info/SOURCES.txt'
[12.844s] running build
[12.845s] running build_py
[12.846s] copying lane_detector/lane_detector.py -> /home/crofi/ros2_ws/build/lane_detector/build/lib/lane_detector
[12.847s] running install
[12.850s] running install_lib
[12.864s] copying /home/crofi/ros2_ws/build/lane_detector/build/lib/lane_detector/lane_detector.py -> /home/crofi/ros2_ws/install/lane_detector/lib/python3.10/site-packages/lane_detector
[12.868s] byte-compiling /home/crofi/ros2_ws/install/lane_detector/lib/python3.10/site-packages/lane_detector/lane_detector.py to lane_detector.cpython-310.pyc
[12.890s] running install_data
[12.890s] running install_egg_info
[12.901s] removing '/home/crofi/ros2_ws/install/lane_detector/lib/python3.10/site-packages/lane_detector-0.0.0-py3.10.egg-info' (and everything under it)
[12.903s] Copying ../../../build/lane_detector/lane_detector.egg-info to /home/crofi/ros2_ws/install/lane_detector/lib/python3.10/site-packages/lane_detector-0.0.0-py3.10.egg-info
[12.911s] running install_scripts
[13.096s] Installing lane_detector script to /home/crofi/ros2_ws/install/lane_detector/lib/lane_detector
[13.103s] writing list of installed files to '/home/crofi/ros2_ws/build/lane_detector/install.log'
[15.096s] Invoked command in '/home/crofi/ros2_ws/src/vision/lane_detector' returned '0': PYTHONPATH=/home/crofi/ros2_ws/build/lane_detector/prefix_override:/usr/lib/python3/dist-packages/colcon_core/task/python/colcon_distutils_commands:/home/crofi/ros2_ws/install/lane_detector/lib/python3.10/site-packages:${PYTHONPATH} /usr/bin/python3 -W ignore:setup.py install is deprecated -W ignore:easy_install command is deprecated setup.py egg_info --egg-base ../../../build/lane_detector build --build-base /home/crofi/ros2_ws/build/lane_detector/build install --record /home/crofi/ros2_ws/build/lane_detector/install.log --single-version-externally-managed install_data
