[18.688s] Invoking command in '/home/crofi/AutoModelCrofi/ros2_ws/build/servo': PYTHONPATH=/home/crofi/AutoModelCrofi/ros2_ws/build/servo/prefix_override:/usr/lib/python3/dist-packages/colcon_core/task/python/colcon_distutils_commands:/home/crofi/AutoModelCrofi/ros2_ws/install/servo/lib/python3.10/site-packages:${PYTHONPATH} /usr/bin/python3 -W ignore:setup.py install is deprecated -W ignore:easy_install command is deprecated setup.py develop --editable --build-directory /home/crofi/AutoModelCrofi/ros2_ws/build/servo/build --no-deps symlink_data
[23.389s] running develop
[27.566s] running egg_info
[27.567s] creating servo.egg-info
[27.572s] writing servo.egg-info/PKG-INFO
[27.579s] writing dependency_links to servo.egg-info/dependency_links.txt
[27.583s] writing entry points to servo.egg-info/entry_points.txt
[27.587s] writing requirements to servo.egg-info/requires.txt
[27.590s] writing top-level names to servo.egg-info/top_level.txt
[27.595s] writing manifest file 'servo.egg-info/SOURCES.txt'
[27.615s] reading manifest file 'servo.egg-info/SOURCES.txt'
[27.622s] writing manifest file 'servo.egg-info/SOURCES.txt'
[27.651s] running build_ext
[27.653s] Creating /home/crofi/AutoModelCrofi/ros2_ws/install/servo/lib/python3.10/site-packages/servo.egg-link (link to .)
[27.663s] Installing servo script to /home/crofi/AutoModelCrofi/ros2_ws/install/servo/lib/servo
[27.670s] 
[27.671s] Installed /home/crofi/AutoModelCrofi/ros2_ws/build/servo
[27.673s] running symlink_data
[27.675s] creating /home/crofi/AutoModelCrofi/ros2_ws/install/servo/share/ament_index
[27.678s] creating /home/crofi/AutoModelCrofi/ros2_ws/install/servo/share/ament_index/resource_index
[27.680s] creating /home/crofi/AutoModelCrofi/ros2_ws/install/servo/share/ament_index/resource_index/packages
[27.682s] symbolically linking /home/crofi/AutoModelCrofi/ros2_ws/build/servo/resource/servo -> /home/crofi/AutoModelCrofi/ros2_ws/install/servo/share/ament_index/resource_index/packages
[27.683s] symbolically linking /home/crofi/AutoModelCrofi/ros2_ws/build/servo/package.xml -> /home/crofi/AutoModelCrofi/ros2_ws/install/servo/share/servo
[27.982s] Invoked command in '/home/crofi/AutoModelCrofi/ros2_ws/build/servo' returned '0': PYTHONPATH=/home/crofi/AutoModelCrofi/ros2_ws/build/servo/prefix_override:/usr/lib/python3/dist-packages/colcon_core/task/python/colcon_distutils_commands:/home/crofi/AutoModelCrofi/ros2_ws/install/servo/lib/python3.10/site-packages:${PYTHONPATH} /usr/bin/python3 -W ignore:setup.py install is deprecated -W ignore:easy_install command is deprecated setup.py develop --editable --build-directory /home/crofi/AutoModelCrofi/ros2_ws/build/servo/build --no-deps symlink_data
