[5.521s] Invoking command in '/home/crofi/ros2_ws/src/vision/lane_detector': PYTHONPATH=/home/crofi/ros2_ws/build/lane_detector/prefix_override:/usr/lib/python3/dist-packages/colcon_core/task/python/colcon_distutils_commands:/home/crofi/ros2_ws/install/lane_detector/lib/python3.10/site-packages:${PYTHONPATH} /usr/bin/python3 -W ignore:setup.py install is deprecated -W ignore:easy_install command is deprecated setup.py egg_info --egg-base ../../../build/lane_detector build --build-base /home/crofi/ros2_ws/build/lane_detector/build install --record /home/crofi/ros2_ws/build/lane_detector/install.log --single-version-externally-managed install_data
[7.191s] running egg_info
[7.202s] writing ../../../build/lane_detector/lane_detector.egg-info/PKG-INFO
[7.203s] writing dependency_links to ../../../build/lane_detector/lane_detector.egg-info/dependency_links.txt
[7.204s] writing entry points to ../../../build/lane_detector/lane_detector.egg-info/entry_points.txt
[7.204s] writing requirements to ../../../build/lane_detector/lane_detector.egg-info/requires.txt
[7.205s] writing top-level names to ../../../build/lane_detector/lane_detector.egg-info/top_level.txt
[7.209s] reading manifest file '../../../build/lane_detector/lane_detector.egg-info/SOURCES.txt'
[7.217s] writing manifest file '../../../build/lane_detector/lane_detector.egg-info/SOURCES.txt'
[7.218s] running build
[7.219s] running build_py
[7.220s] copying lane_detector/lane_detector.py -> /home/crofi/ros2_ws/build/lane_detector/build/lib/lane_detector
[7.224s] running install
[7.226s] running install_lib
[7.232s] copying /home/crofi/ros2_ws/build/lane_detector/build/lib/lane_detector/lane_detector.py -> /home/crofi/ros2_ws/install/lane_detector/lib/python3.10/site-packages/lane_detector
[7.237s] byte-compiling /home/crofi/ros2_ws/install/lane_detector/lib/python3.10/site-packages/lane_detector/lane_detector.py to lane_detector.cpython-310.pyc
[7.240s] running install_data
[7.241s] running install_egg_info
[7.250s] removing '/home/crofi/ros2_ws/install/lane_detector/lib/python3.10/site-packages/lane_detector-0.0.0-py3.10.egg-info' (and everything under it)
[7.252s] Copying ../../../build/lane_detector/lane_detector.egg-info to /home/crofi/ros2_ws/install/lane_detector/lib/python3.10/site-packages/lane_detector-0.0.0-py3.10.egg-info
[7.259s] running install_scripts
[7.382s] Installing lane_detector script to /home/crofi/ros2_ws/install/lane_detector/lib/lane_detector
[7.397s] writing list of installed files to '/home/crofi/ros2_ws/build/lane_detector/install.log'
[7.599s] Invoked command in '/home/crofi/ros2_ws/src/vision/lane_detector' returned '0': PYTHONPATH=/home/crofi/ros2_ws/build/lane_detector/prefix_override:/usr/lib/python3/dist-packages/colcon_core/task/python/colcon_distutils_commands:/home/crofi/ros2_ws/install/lane_detector/lib/python3.10/site-packages:${PYTHONPATH} /usr/bin/python3 -W ignore:setup.py install is deprecated -W ignore:easy_install command is deprecated setup.py egg_info --egg-base ../../../build/lane_detector build --build-base /home/crofi/ros2_ws/build/lane_detector/build install --record /home/crofi/ros2_ws/build/lane_detector/install.log --single-version-externally-managed install_data
