[11.228s] Invoking command in '/home/crofi/ros2_ws/src/hardware/servo': PYTHONPATH=/home/crofi/ros2_ws/build/servo/prefix_override:/usr/lib/python3/dist-packages/colcon_core/task/python/colcon_distutils_commands:/home/crofi/ros2_ws/install/servo/lib/python3.10/site-packages:${PYTHONPATH} /usr/bin/python3 -W ignore:setup.py install is deprecated -W ignore:easy_install command is deprecated setup.py egg_info --egg-base ../../../build/servo build --build-base /home/crofi/ros2_ws/build/servo/build install --record /home/crofi/ros2_ws/build/servo/install.log --single-version-externally-managed install_data
[13.997s] running egg_info
[14.002s] writing ../../../build/servo/servo.egg-info/PKG-INFO
[14.004s] writing dependency_links to ../../../build/servo/servo.egg-info/dependency_links.txt
[14.007s] writing entry points to ../../../build/servo/servo.egg-info/entry_points.txt
[14.008s] writing requirements to ../../../build/servo/servo.egg-info/requires.txt
[14.010s] writing top-level names to ../../../build/servo/servo.egg-info/top_level.txt
[14.030s] reading manifest file '../../../build/servo/servo.egg-info/SOURCES.txt'
[14.038s] writing manifest file '../../../build/servo/servo.egg-info/SOURCES.txt'
[14.039s] running build
[14.041s] running build_py
[14.042s] running install
[14.042s] running install_lib
[14.057s] running install_data
[14.058s] running install_egg_info
[14.069s] removing '/home/crofi/ros2_ws/install/servo/lib/python3.10/site-packages/servo-0.0.0-py3.10.egg-info' (and everything under it)
[14.072s] Copying ../../../build/servo/servo.egg-info to /home/crofi/ros2_ws/install/servo/lib/python3.10/site-packages/servo-0.0.0-py3.10.egg-info
[14.085s] running install_scripts
[14.237s] Installing servo script to /home/crofi/ros2_ws/install/servo/lib/servo
[14.239s] writing list of installed files to '/home/crofi/ros2_ws/build/servo/install.log'
[14.498s] Invoked command in '/home/crofi/ros2_ws/src/hardware/servo' returned '0': PYTHONPATH=/home/crofi/ros2_ws/build/servo/prefix_override:/usr/lib/python3/dist-packages/colcon_core/task/python/colcon_distutils_commands:/home/crofi/ros2_ws/install/servo/lib/python3.10/site-packages:${PYTHONPATH} /usr/bin/python3 -W ignore:setup.py install is deprecated -W ignore:easy_install command is deprecated setup.py egg_info --egg-base ../../../build/servo build --build-base /home/crofi/ros2_ws/build/servo/build install --record /home/crofi/ros2_ws/build/servo/install.log --single-version-externally-managed install_data
