running develop
running egg_info
creating lanes_borders.egg-info
writing lanes_borders.egg-info/PKG-INFO
writing dependency_links to lanes_borders.egg-info/dependency_links.txt
writing entry points to lanes_borders.egg-info/entry_points.txt
writing requirements to lanes_borders.egg-info/requires.txt
writing top-level names to lanes_borders.egg-info/top_level.txt
writing manifest file 'lanes_borders.egg-info/SOURCES.txt'
reading manifest file 'lanes_borders.egg-info/SOURCES.txt'
writing manifest file 'lanes_borders.egg-info/SOURCES.txt'
running build_ext
Creating /home/crofi/AutoModelCrofi/install/lanes_borders/lib/python3.10/site-packages/lanes-borders.egg-link (link to .)
Installing lanes_borders script to /home/crofi/AutoModelCrofi/install/lanes_borders/lib/lanes_borders

Installed /home/crofi/AutoModelCrofi/build/lanes_borders
running symlink_data
creating /home/crofi/AutoModelCrofi/install/lanes_borders/share/ament_index
creating /home/crofi/AutoModelCrofi/install/lanes_borders/share/ament_index/resource_index
creating /home/crofi/AutoModelCrofi/install/lanes_borders/share/ament_index/resource_index/packages
symbolically linking /home/crofi/AutoModelCrofi/build/lanes_borders/resource/lanes_borders -> /home/crofi/AutoModelCrofi/install/lanes_borders/share/ament_index/resource_index/packages
symbolically linking /home/crofi/AutoModelCrofi/build/lanes_borders/package.xml -> /home/crofi/AutoModelCrofi/install/lanes_borders/share/lanes_borders
