[8.138s] Invoking command in '/home/crofi/ros2_ws/src/hardware/webcam': PYTHONPATH=/home/crofi/ros2_ws/build/webcam/prefix_override:/usr/lib/python3/dist-packages/colcon_core/task/python/colcon_distutils_commands:/home/crofi/ros2_ws/install/webcam/lib/python3.10/site-packages:${PYTHONPATH} /usr/bin/python3 -W ignore:setup.py install is deprecated -W ignore:easy_install command is deprecated setup.py egg_info --egg-base ../../../build/webcam build --build-base /home/crofi/ros2_ws/build/webcam/build install --record /home/crofi/ros2_ws/build/webcam/install.log --single-version-externally-managed install_data
[9.904s] running egg_info
[9.909s] writing ../../../build/webcam/webcam.egg-info/PKG-INFO
[9.914s] writing dependency_links to ../../../build/webcam/webcam.egg-info/dependency_links.txt
[9.921s] writing entry points to ../../../build/webcam/webcam.egg-info/entry_points.txt
[9.923s] writing requirements to ../../../build/webcam/webcam.egg-info/requires.txt
[9.924s] writing top-level names to ../../../build/webcam/webcam.egg-info/top_level.txt
[9.930s] reading manifest file '../../../build/webcam/webcam.egg-info/SOURCES.txt'
[9.932s] adding license file 'LICENSE'
[9.935s] writing manifest file '../../../build/webcam/webcam.egg-info/SOURCES.txt'
[9.935s] running build
[9.936s] running build_py
[9.938s] running install
[9.940s] running install_lib
[9.953s] running install_data
[9.954s] running install_egg_info
[9.969s] removing '/home/crofi/ros2_ws/install/webcam/lib/python3.10/site-packages/webcam-0.0.0-py3.10.egg-info' (and everything under it)
[9.970s] Copying ../../../build/webcam/webcam.egg-info to /home/crofi/ros2_ws/install/webcam/lib/python3.10/site-packages/webcam-0.0.0-py3.10.egg-info
[9.975s] running install_scripts
[10.088s] Installing webcam script to /home/crofi/ros2_ws/install/webcam/lib/webcam
[10.090s] writing list of installed files to '/home/crofi/ros2_ws/build/webcam/install.log'
[10.355s] Invoked command in '/home/crofi/ros2_ws/src/hardware/webcam' returned '0': PYTHONPATH=/home/crofi/ros2_ws/build/webcam/prefix_override:/usr/lib/python3/dist-packages/colcon_core/task/python/colcon_distutils_commands:/home/crofi/ros2_ws/install/webcam/lib/python3.10/site-packages:${PYTHONPATH} /usr/bin/python3 -W ignore:setup.py install is deprecated -W ignore:easy_install command is deprecated setup.py egg_info --egg-base ../../../build/webcam build --build-base /home/crofi/ros2_ws/build/webcam/build install --record /home/crofi/ros2_ws/build/webcam/install.log --single-version-externally-managed install_data
