[9.542s] Invoking command in '/home/crofi/ros2_ws/src/vision/lane_detector': PYTHONPATH=/home/crofi/ros2_ws/build/lane_detector/prefix_override:/usr/lib/python3/dist-packages/colcon_core/task/python/colcon_distutils_commands:/home/crofi/ros2_ws/install/lane_detector/lib/python3.10/site-packages:${PYTHONPATH} /usr/bin/python3 -W ignore:setup.py install is deprecated -W ignore:easy_install command is deprecated setup.py egg_info --egg-base ../../../build/lane_detector build --build-base /home/crofi/ros2_ws/build/lane_detector/build install --record /home/crofi/ros2_ws/build/lane_detector/install.log --single-version-externally-managed install_data
[12.258s] running egg_info
[12.263s] writing ../../../build/lane_detector/lane_detector.egg-info/PKG-INFO
[12.267s] writing dependency_links to ../../../build/lane_detector/lane_detector.egg-info/dependency_links.txt
[12.269s] writing entry points to ../../../build/lane_detector/lane_detector.egg-info/entry_points.txt
[12.272s] writing requirements to ../../../build/lane_detector/lane_detector.egg-info/requires.txt
[12.275s] writing top-level names to ../../../build/lane_detector/lane_detector.egg-info/top_level.txt
[12.292s] reading manifest file '../../../build/lane_detector/lane_detector.egg-info/SOURCES.txt'
[12.299s] writing manifest file '../../../build/lane_detector/lane_detector.egg-info/SOURCES.txt'
[12.301s] running build
[12.302s] running build_py
[12.306s] running install
[12.311s] running install_lib
[12.330s] running install_data
[12.333s] running install_egg_info
[12.348s] removing '/home/crofi/ros2_ws/install/lane_detector/lib/python3.10/site-packages/lane_detector-0.0.0-py3.10.egg-info' (and everything under it)
[12.354s] Copying ../../../build/lane_detector/lane_detector.egg-info to /home/crofi/ros2_ws/install/lane_detector/lib/python3.10/site-packages/lane_detector-0.0.0-py3.10.egg-info
[12.366s] running install_scripts
[12.595s] Installing lane_detector script to /home/crofi/ros2_ws/install/lane_detector/lib/lane_detector
[12.597s] writing list of installed files to '/home/crofi/ros2_ws/build/lane_detector/install.log'
