[4.591s] Invoking command in '/home/crofi/ros2_ws/src/hardware/webcam': PYTHONPATH=/home/crofi/ros2_ws/build/webcam/prefix_override:/usr/lib/python3/dist-packages/colcon_core/task/python/colcon_distutils_commands:/home/crofi/ros2_ws/install/webcam/lib/python3.10/site-packages:${PYTHONPATH} /usr/bin/python3 -W ignore:setup.py install is deprecated -W ignore:easy_install command is deprecated setup.py egg_info --egg-base ../../../build/webcam build --build-base /home/crofi/ros2_ws/build/webcam/build install --record /home/crofi/ros2_ws/build/webcam/install.log --single-version-externally-managed install_data
[6.457s] running egg_info
[6.461s] writing ../../../build/webcam/webcam.egg-info/PKG-INFO
[6.467s] writing dependency_links to ../../../build/webcam/webcam.egg-info/dependency_links.txt
[6.468s] writing entry points to ../../../build/webcam/webcam.egg-info/entry_points.txt
[6.468s] writing requirements to ../../../build/webcam/webcam.egg-info/requires.txt
[6.470s] writing top-level names to ../../../build/webcam/webcam.egg-info/top_level.txt
[6.480s] reading manifest file '../../../build/webcam/webcam.egg-info/SOURCES.txt'
[6.538s] adding license file 'LICENSE'
[6.543s] writing manifest file '../../../build/webcam/webcam.egg-info/SOURCES.txt'
[6.544s] running build
[6.544s] running build_py
[6.550s] running install
[6.551s] running install_lib
[6.566s] running install_data
[6.567s] running install_egg_info
[6.576s] removing '/home/crofi/ros2_ws/install/webcam/lib/python3.10/site-packages/webcam-0.0.0-py3.10.egg-info' (and everything under it)
[6.578s] Copying ../../../build/webcam/webcam.egg-info to /home/crofi/ros2_ws/install/webcam/lib/python3.10/site-packages/webcam-0.0.0-py3.10.egg-info
[6.594s] running install_scripts
[6.710s] Installing webcam script to /home/crofi/ros2_ws/install/webcam/lib/webcam
[6.712s] writing list of installed files to '/home/crofi/ros2_ws/build/webcam/install.log'
[6.909s] Invoked command in '/home/crofi/ros2_ws/src/hardware/webcam' returned '0': PYTHONPATH=/home/crofi/ros2_ws/build/webcam/prefix_override:/usr/lib/python3/dist-packages/colcon_core/task/python/colcon_distutils_commands:/home/crofi/ros2_ws/install/webcam/lib/python3.10/site-packages:${PYTHONPATH} /usr/bin/python3 -W ignore:setup.py install is deprecated -W ignore:easy_install command is deprecated setup.py egg_info --egg-base ../../../build/webcam build --build-base /home/crofi/ros2_ws/build/webcam/build install --record /home/crofi/ros2_ws/build/webcam/install.log --single-version-externally-managed install_data
