[12.977s] Invoking command in '/home/crofi/ros2_ws/src/vision/lane_detector': PYTHONPATH=/home/crofi/ros2_ws/build/lane_detector/prefix_override:/usr/lib/python3/dist-packages/colcon_core/task/python/colcon_distutils_commands:/home/crofi/ros2_ws/install/lane_detector/lib/python3.10/site-packages:${PYTHONPATH} /usr/bin/python3 -W ignore:setup.py install is deprecated -W ignore:easy_install command is deprecated setup.py egg_info --egg-base ../../../build/lane_detector build --build-base /home/crofi/ros2_ws/build/lane_detector/build install --record /home/crofi/ros2_ws/build/lane_detector/install.log --single-version-externally-managed install_data
[16.853s] running egg_info
[16.858s] writing ../../../build/lane_detector/lane_detector.egg-info/PKG-INFO
[16.860s] writing dependency_links to ../../../build/lane_detector/lane_detector.egg-info/dependency_links.txt
[16.861s] writing entry points to ../../../build/lane_detector/lane_detector.egg-info/entry_points.txt
[16.865s] writing requirements to ../../../build/lane_detector/lane_detector.egg-info/requires.txt
[16.866s] writing top-level names to ../../../build/lane_detector/lane_detector.egg-info/top_level.txt
[16.878s] reading manifest file '../../../build/lane_detector/lane_detector.egg-info/SOURCES.txt'
[16.883s] writing manifest file '../../../build/lane_detector/lane_detector.egg-info/SOURCES.txt'
[16.884s] running build
[16.884s] running build_py
[16.886s] running install
[16.888s] running install_lib
[16.902s] running install_data
[16.904s] running install_egg_info
[16.924s] removing '/home/crofi/ros2_ws/install/lane_detector/lib/python3.10/site-packages/lane_detector-0.0.0-py3.10.egg-info' (and everything under it)
[16.924s] Copying ../../../build/lane_detector/lane_detector.egg-info to /home/crofi/ros2_ws/install/lane_detector/lib/python3.10/site-packages/lane_detector-0.0.0-py3.10.egg-info
[16.935s] running install_scripts
[17.065s] Installing lane_detector script to /home/crofi/ros2_ws/install/lane_detector/lib/lane_detector
[17.067s] writing list of installed files to '/home/crofi/ros2_ws/build/lane_detector/install.log'
[18.425s] Invoked command in '/home/crofi/ros2_ws/src/vision/lane_detector' returned '0': PYTHONPATH=/home/crofi/ros2_ws/build/lane_detector/prefix_override:/usr/lib/python3/dist-packages/colcon_core/task/python/colcon_distutils_commands:/home/crofi/ros2_ws/install/lane_detector/lib/python3.10/site-packages:${PYTHONPATH} /usr/bin/python3 -W ignore:setup.py install is deprecated -W ignore:easy_install command is deprecated setup.py egg_info --egg-base ../../../build/lane_detector build --build-base /home/crofi/ros2_ws/build/lane_detector/build install --record /home/crofi/ros2_ws/build/lane_detector/install.log --single-version-externally-managed install_data
