[10.525s] Invoking command in '/home/crofi/AutoModelCrofi/ros2_ws/build/lane_detector': PYTHONPATH=/home/crofi/AutoModelCrofi/ros2_ws/build/lane_detector/prefix_override:/usr/lib/python3/dist-packages/colcon_core/task/python/colcon_distutils_commands:/home/crofi/AutoModelCrofi/ros2_ws/install/lane_detector/lib/python3.10/site-packages:${PYTHONPATH} /usr/bin/python3 -W ignore:setup.py install is deprecated -W ignore:easy_install command is deprecated setup.py develop --uninstall --editable --build-directory /home/crofi/AutoModelCrofi/ros2_ws/build/lane_detector/build
[13.174s] running develop
[15.324s] Removing /home/crofi/AutoModelCrofi/ros2_ws/install/lane_detector/lib/python3.10/site-packages/lane-detector.egg-link (link to .)
[15.607s] Invoked command in '/home/crofi/AutoModelCrofi/ros2_ws/build/lane_detector' returned '0': PYTHONPATH=/home/crofi/AutoModelCrofi/ros2_ws/build/lane_detector/prefix_override:/usr/lib/python3/dist-packages/colcon_core/task/python/colcon_distutils_commands:/home/crofi/AutoModelCrofi/ros2_ws/install/lane_detector/lib/python3.10/site-packages:${PYTHONPATH} /usr/bin/python3 -W ignore:setup.py install is deprecated -W ignore:easy_install command is deprecated setup.py develop --uninstall --editable --build-directory /home/crofi/AutoModelCrofi/ros2_ws/build/lane_detector/build
[15.612s] Invoking command in '/home/crofi/AutoModelCrofi/ros2_ws/src/vision/lane_detector': PYTHONPATH=/home/crofi/AutoModelCrofi/ros2_ws/build/lane_detector/prefix_override:/usr/lib/python3/dist-packages/colcon_core/task/python/colcon_distutils_commands:/home/crofi/AutoModelCrofi/ros2_ws/install/lane_detector/lib/python3.10/site-packages:${PYTHONPATH} /usr/bin/python3 -W ignore:setup.py install is deprecated -W ignore:easy_install command is deprecated setup.py egg_info --egg-base ../../../build/lane_detector build --build-base /home/crofi/AutoModelCrofi/ros2_ws/build/lane_detector/build install --record /home/crofi/AutoModelCrofi/ros2_ws/build/lane_detector/install.log --single-version-externally-managed install_data --force
[18.468s] running egg_info
[18.476s] writing ../../../build/lane_detector/lane_detector.egg-info/PKG-INFO
[18.479s] writing dependency_links to ../../../build/lane_detector/lane_detector.egg-info/dependency_links.txt
[18.481s] writing entry points to ../../../build/lane_detector/lane_detector.egg-info/entry_points.txt
[18.483s] writing requirements to ../../../build/lane_detector/lane_detector.egg-info/requires.txt
[18.484s] writing top-level names to ../../../build/lane_detector/lane_detector.egg-info/top_level.txt
[18.495s] reading manifest file '../../../build/lane_detector/lane_detector.egg-info/SOURCES.txt'
[18.503s] writing manifest file '../../../build/lane_detector/lane_detector.egg-info/SOURCES.txt'
[18.504s] running build
[18.505s] running build_py
[18.507s] running install
[18.509s] running install_lib
[18.517s] creating /home/crofi/AutoModelCrofi/ros2_ws/install/lane_detector/lib/python3.10/site-packages/lane_detector
[18.518s] copying /home/crofi/AutoModelCrofi/ros2_ws/build/lane_detector/build/lib/lane_detector/__init__.py -> /home/crofi/AutoModelCrofi/ros2_ws/install/lane_detector/lib/python3.10/site-packages/lane_detector
[18.519s] copying /home/crofi/AutoModelCrofi/ros2_ws/build/lane_detector/build/lib/lane_detector/lane_detector.py -> /home/crofi/AutoModelCrofi/ros2_ws/install/lane_detector/lib/python3.10/site-packages/lane_detector
[18.527s] byte-compiling /home/crofi/AutoModelCrofi/ros2_ws/install/lane_detector/lib/python3.10/site-packages/lane_detector/__init__.py to __init__.cpython-310.pyc
[18.530s] byte-compiling /home/crofi/AutoModelCrofi/ros2_ws/install/lane_detector/lib/python3.10/site-packages/lane_detector/lane_detector.py to lane_detector.cpython-310.pyc
[18.537s] running install_data
[18.539s] copying resource/lane_detector -> /home/crofi/AutoModelCrofi/ros2_ws/install/lane_detector/share/ament_index/resource_index/packages
[18.542s] copying package.xml -> /home/crofi/AutoModelCrofi/ros2_ws/install/lane_detector/share/lane_detector
[18.545s] running install_egg_info
[18.559s] Copying ../../../build/lane_detector/lane_detector.egg-info to /home/crofi/AutoModelCrofi/ros2_ws/install/lane_detector/lib/python3.10/site-packages/lane_detector-0.0.0-py3.10.egg-info
[18.586s] running install_scripts
[18.883s] Installing lane_detector script to /home/crofi/AutoModelCrofi/ros2_ws/install/lane_detector/lib/lane_detector
[18.886s] writing list of installed files to '/home/crofi/AutoModelCrofi/ros2_ws/build/lane_detector/install.log'
[19.545s] Invoked command in '/home/crofi/AutoModelCrofi/ros2_ws/src/vision/lane_detector' returned '0': PYTHONPATH=/home/crofi/AutoModelCrofi/ros2_ws/build/lane_detector/prefix_override:/usr/lib/python3/dist-packages/colcon_core/task/python/colcon_distutils_commands:/home/crofi/AutoModelCrofi/ros2_ws/install/lane_detector/lib/python3.10/site-packages:${PYTHONPATH} /usr/bin/python3 -W ignore:setup.py install is deprecated -W ignore:easy_install command is deprecated setup.py egg_info --egg-base ../../../build/lane_detector build --build-base /home/crofi/AutoModelCrofi/ros2_ws/build/lane_detector/build install --record /home/crofi/AutoModelCrofi/ros2_ws/build/lane_detector/install.log --single-version-externally-managed install_data --force
