[0.573s] DEBUG:colcon:Command line arguments: ['/usr/bin/colcon', 'build', '--symlink-install', '--packages-select', 'button']
[0.573s] DEBUG:colcon:Parsed command line arguments: Namespace(log_base=None, log_level=None, verb_name='build', build_base='build', install_base='install', merge_install=False, symlink_install=True, test_result_base=None, continue_on_error=False, executor='parallel', parallel_workers=4, event_handlers=None, ignore_user_meta=False, metas=['./colcon.meta'], base_paths=['.'], packages_ignore=None, packages_ignore_regex=None, paths=None, packages_up_to=None, packages_up_to_regex=None, packages_above=None, packages_above_and_dependencies=None, packages_above_depth=None, packages_select_by_dep=None, packages_skip_by_dep=None, packages_skip_up_to=None, packages_select_build_failed=False, packages_skip_build_finished=False, packages_select_test_failures=False, packages_skip_test_passed=False, packages_select=['button'], packages_skip=None, packages_select_regex=None, packages_skip_regex=None, packages_start=None, packages_end=None, allow_overriding=[], cmake_args=None, cmake_target=None, cmake_target_skip_unavailable=False, cmake_clean_cache=False, cmake_clean_first=False, cmake_force_configure=False, ament_cmake_args=None, catkin_cmake_args=None, catkin_skip_building_tests=False, mixin_files=None, mixin=None, verb_parser=<colcon_mixin.mixin.mixin_argument.MixinArgumentDecorator object at 0xffffa03542e0>, verb_extension=<colcon_core.verb.build.BuildVerb object at 0xffffa0501270>, main=<bound method BuildVerb.main of <colcon_core.verb.build.BuildVerb object at 0xffffa0501270>>, mixin_verb=('build',))
[1.561s] Level 1:colcon.colcon_core.package_discovery:discover_packages(colcon_meta) check parameters
[1.562s] Level 1:colcon.colcon_core.package_discovery:discover_packages(recursive) check parameters
[1.562s] Level 1:colcon.colcon_core.package_discovery:discover_packages(ignore) check parameters
[1.562s] Level 1:colcon.colcon_core.package_discovery:discover_packages(path) check parameters
[1.562s] Level 1:colcon.colcon_core.package_discovery:discover_packages(colcon_meta) discover
[1.562s] Level 1:colcon.colcon_core.package_discovery:discover_packages(recursive) discover
[1.563s] INFO:colcon.colcon_core.package_discovery:Crawling recursively for packages in '/home/crofi/AutoModelCrofi/ros2_ws'
[1.563s] Level 1:colcon.colcon_core.package_identification:_identify(.) by extensions ['ignore', 'ignore_ament_install']
[1.563s] Level 1:colcon.colcon_core.package_identification:_identify(.) by extension 'ignore'
[1.564s] Level 1:colcon.colcon_core.package_identification:_identify(.) by extension 'ignore_ament_install'
[1.564s] Level 1:colcon.colcon_core.package_identification:_identify(.) by extensions ['colcon_pkg']
[1.564s] Level 1:colcon.colcon_core.package_identification:_identify(.) by extension 'colcon_pkg'
[1.564s] Level 1:colcon.colcon_core.package_identification:_identify(.) by extensions ['colcon_meta']
[1.564s] Level 1:colcon.colcon_core.package_identification:_identify(.) by extension 'colcon_meta'
[1.565s] Level 1:colcon.colcon_core.package_identification:_identify(.) by extensions ['ros']
[1.565s] Level 1:colcon.colcon_core.package_identification:_identify(.) by extension 'ros'
[1.649s] Level 1:colcon.colcon_core.package_identification:_identify(.) by extensions ['cmake', 'python']
[1.649s] Level 1:colcon.colcon_core.package_identification:_identify(.) by extension 'cmake'
[1.650s] Level 1:colcon.colcon_core.package_identification:_identify(.) by extension 'python'
[1.650s] Level 1:colcon.colcon_core.package_identification:_identify(.) by extensions ['python_setup_py']
[1.650s] Level 1:colcon.colcon_core.package_identification:_identify(.) by extension 'python_setup_py'
[1.651s] Level 1:colcon.colcon_core.package_identification:_identify(bin) by extensions ['ignore', 'ignore_ament_install']
[1.651s] Level 1:colcon.colcon_core.package_identification:_identify(bin) by extension 'ignore'
[1.651s] Level 1:colcon.colcon_core.package_identification:_identify(bin) by extension 'ignore_ament_install'
[1.651s] Level 1:colcon.colcon_core.package_identification:_identify(bin) by extensions ['colcon_pkg']
[1.652s] Level 1:colcon.colcon_core.package_identification:_identify(bin) by extension 'colcon_pkg'
[1.652s] Level 1:colcon.colcon_core.package_identification:_identify(bin) by extensions ['colcon_meta']
[1.652s] Level 1:colcon.colcon_core.package_identification:_identify(bin) by extension 'colcon_meta'
[1.652s] Level 1:colcon.colcon_core.package_identification:_identify(bin) by extensions ['ros']
[1.652s] Level 1:colcon.colcon_core.package_identification:_identify(bin) by extension 'ros'
[1.653s] Level 1:colcon.colcon_core.package_identification:_identify(bin) by extensions ['cmake', 'python']
[1.653s] Level 1:colcon.colcon_core.package_identification:_identify(bin) by extension 'cmake'
[1.653s] Level 1:colcon.colcon_core.package_identification:_identify(bin) by extension 'python'
[1.653s] Level 1:colcon.colcon_core.package_identification:_identify(bin) by extensions ['python_setup_py']
[1.653s] Level 1:colcon.colcon_core.package_identification:_identify(bin) by extension 'python_setup_py'
[1.654s] Level 1:colcon.colcon_core.package_identification:_identify(build) by extensions ['ignore', 'ignore_ament_install']
[1.654s] Level 1:colcon.colcon_core.package_identification:_identify(build) by extension 'ignore'
[1.655s] Level 1:colcon.colcon_core.package_identification:_identify(build) ignored
[1.655s] Level 1:colcon.colcon_core.package_identification:_identify(install) by extensions ['ignore', 'ignore_ament_install']
[1.656s] Level 1:colcon.colcon_core.package_identification:_identify(install) by extension 'ignore'
[1.656s] Level 1:colcon.colcon_core.package_identification:_identify(install) ignored
[1.656s] Level 1:colcon.colcon_core.package_identification:_identify(launch) by extensions ['ignore', 'ignore_ament_install']
[1.657s] Level 1:colcon.colcon_core.package_identification:_identify(launch) by extension 'ignore'
[1.657s] Level 1:colcon.colcon_core.package_identification:_identify(launch) by extension 'ignore_ament_install'
[1.657s] Level 1:colcon.colcon_core.package_identification:_identify(launch) by extensions ['colcon_pkg']
[1.657s] Level 1:colcon.colcon_core.package_identification:_identify(launch) by extension 'colcon_pkg'
[1.658s] Level 1:colcon.colcon_core.package_identification:_identify(launch) by extensions ['colcon_meta']
[1.658s] Level 1:colcon.colcon_core.package_identification:_identify(launch) by extension 'colcon_meta'
[1.658s] Level 1:colcon.colcon_core.package_identification:_identify(launch) by extensions ['ros']
[1.658s] Level 1:colcon.colcon_core.package_identification:_identify(launch) by extension 'ros'
[1.658s] Level 1:colcon.colcon_core.package_identification:_identify(launch) by extensions ['cmake', 'python']
[1.659s] Level 1:colcon.colcon_core.package_identification:_identify(launch) by extension 'cmake'
[1.659s] Level 1:colcon.colcon_core.package_identification:_identify(launch) by extension 'python'
[1.659s] Level 1:colcon.colcon_core.package_identification:_identify(launch) by extensions ['python_setup_py']
[1.659s] Level 1:colcon.colcon_core.package_identification:_identify(launch) by extension 'python_setup_py'
[1.660s] Level 1:colcon.colcon_core.package_identification:_identify(launch/__pycache__) by extensions ['ignore', 'ignore_ament_install']
[1.660s] Level 1:colcon.colcon_core.package_identification:_identify(launch/__pycache__) by extension 'ignore'
[1.660s] Level 1:colcon.colcon_core.package_identification:_identify(launch/__pycache__) by extension 'ignore_ament_install'
[1.660s] Level 1:colcon.colcon_core.package_identification:_identify(launch/__pycache__) by extensions ['colcon_pkg']
[1.661s] Level 1:colcon.colcon_core.package_identification:_identify(launch/__pycache__) by extension 'colcon_pkg'
[1.661s] Level 1:colcon.colcon_core.package_identification:_identify(launch/__pycache__) by extensions ['colcon_meta']
[1.661s] Level 1:colcon.colcon_core.package_identification:_identify(launch/__pycache__) by extension 'colcon_meta'
[1.661s] Level 1:colcon.colcon_core.package_identification:_identify(launch/__pycache__) by extensions ['ros']
[1.661s] Level 1:colcon.colcon_core.package_identification:_identify(launch/__pycache__) by extension 'ros'
[1.662s] Level 1:colcon.colcon_core.package_identification:_identify(launch/__pycache__) by extensions ['cmake', 'python']
[1.662s] Level 1:colcon.colcon_core.package_identification:_identify(launch/__pycache__) by extension 'cmake'
[1.662s] Level 1:colcon.colcon_core.package_identification:_identify(launch/__pycache__) by extension 'python'
[1.662s] Level 1:colcon.colcon_core.package_identification:_identify(launch/__pycache__) by extensions ['python_setup_py']
[1.662s] Level 1:colcon.colcon_core.package_identification:_identify(launch/__pycache__) by extension 'python_setup_py'
[1.663s] Level 1:colcon.colcon_core.package_identification:_identify(log) by extensions ['ignore', 'ignore_ament_install']
[1.663s] Level 1:colcon.colcon_core.package_identification:_identify(log) by extension 'ignore'
[1.664s] Level 1:colcon.colcon_core.package_identification:_identify(log) ignored
[1.664s] Level 1:colcon.colcon_core.package_identification:_identify(src) by extensions ['ignore', 'ignore_ament_install']
[1.664s] Level 1:colcon.colcon_core.package_identification:_identify(src) by extension 'ignore'
[1.665s] Level 1:colcon.colcon_core.package_identification:_identify(src) by extension 'ignore_ament_install'
[1.665s] Level 1:colcon.colcon_core.package_identification:_identify(src) by extensions ['colcon_pkg']
[1.665s] Level 1:colcon.colcon_core.package_identification:_identify(src) by extension 'colcon_pkg'
[1.665s] Level 1:colcon.colcon_core.package_identification:_identify(src) by extensions ['colcon_meta']
[1.665s] Level 1:colcon.colcon_core.package_identification:_identify(src) by extension 'colcon_meta'
[1.666s] Level 1:colcon.colcon_core.package_identification:_identify(src) by extensions ['ros']
[1.666s] Level 1:colcon.colcon_core.package_identification:_identify(src) by extension 'ros'
[1.666s] Level 1:colcon.colcon_core.package_identification:_identify(src) by extensions ['cmake', 'python']
[1.666s] Level 1:colcon.colcon_core.package_identification:_identify(src) by extension 'cmake'
[1.666s] Level 1:colcon.colcon_core.package_identification:_identify(src) by extension 'python'
[1.667s] Level 1:colcon.colcon_core.package_identification:_identify(src) by extensions ['python_setup_py']
[1.667s] Level 1:colcon.colcon_core.package_identification:_identify(src) by extension 'python_setup_py'
[1.667s] Level 1:colcon.colcon_core.package_identification:_identify(src/Arduino) by extensions ['ignore', 'ignore_ament_install']
[1.667s] Level 1:colcon.colcon_core.package_identification:_identify(src/Arduino) by extension 'ignore'
[1.668s] Level 1:colcon.colcon_core.package_identification:_identify(src/Arduino) by extension 'ignore_ament_install'
[1.668s] Level 1:colcon.colcon_core.package_identification:_identify(src/Arduino) by extensions ['colcon_pkg']
[1.668s] Level 1:colcon.colcon_core.package_identification:_identify(src/Arduino) by extension 'colcon_pkg'
[1.668s] Level 1:colcon.colcon_core.package_identification:_identify(src/Arduino) by extensions ['colcon_meta']
[1.668s] Level 1:colcon.colcon_core.package_identification:_identify(src/Arduino) by extension 'colcon_meta'
[1.669s] Level 1:colcon.colcon_core.package_identification:_identify(src/Arduino) by extensions ['ros']
[1.669s] Level 1:colcon.colcon_core.package_identification:_identify(src/Arduino) by extension 'ros'
[1.669s] Level 1:colcon.colcon_core.package_identification:_identify(src/Arduino) by extensions ['cmake', 'python']
[1.669s] Level 1:colcon.colcon_core.package_identification:_identify(src/Arduino) by extension 'cmake'
[1.669s] Level 1:colcon.colcon_core.package_identification:_identify(src/Arduino) by extension 'python'
[1.670s] Level 1:colcon.colcon_core.package_identification:_identify(src/Arduino) by extensions ['python_setup_py']
[1.670s] Level 1:colcon.colcon_core.package_identification:_identify(src/Arduino) by extension 'python_setup_py'
[1.670s] Level 1:colcon.colcon_core.package_identification:_identify(src/Arduino/Calibracion_driver) by extensions ['ignore', 'ignore_ament_install']
[1.671s] Level 1:colcon.colcon_core.package_identification:_identify(src/Arduino/Calibracion_driver) by extension 'ignore'
[1.671s] Level 1:colcon.colcon_core.package_identification:_identify(src/Arduino/Calibracion_driver) by extension 'ignore_ament_install'
[1.671s] Level 1:colcon.colcon_core.package_identification:_identify(src/Arduino/Calibracion_driver) by extensions ['colcon_pkg']
[1.671s] Level 1:colcon.colcon_core.package_identification:_identify(src/Arduino/Calibracion_driver) by extension 'colcon_pkg'
[1.671s] Level 1:colcon.colcon_core.package_identification:_identify(src/Arduino/Calibracion_driver) by extensions ['colcon_meta']
[1.672s] Level 1:colcon.colcon_core.package_identification:_identify(src/Arduino/Calibracion_driver) by extension 'colcon_meta'
[1.672s] Level 1:colcon.colcon_core.package_identification:_identify(src/Arduino/Calibracion_driver) by extensions ['ros']
[1.672s] Level 1:colcon.colcon_core.package_identification:_identify(src/Arduino/Calibracion_driver) by extension 'ros'
[1.672s] Level 1:colcon.colcon_core.package_identification:_identify(src/Arduino/Calibracion_driver) by extensions ['cmake', 'python']
[1.672s] Level 1:colcon.colcon_core.package_identification:_identify(src/Arduino/Calibracion_driver) by extension 'cmake'
[1.673s] Level 1:colcon.colcon_core.package_identification:_identify(src/Arduino/Calibracion_driver) by extension 'python'
[1.673s] Level 1:colcon.colcon_core.package_identification:_identify(src/Arduino/Calibracion_driver) by extensions ['python_setup_py']
[1.673s] Level 1:colcon.colcon_core.package_identification:_identify(src/Arduino/Calibracion_driver) by extension 'python_setup_py'
[1.673s] Level 1:colcon.colcon_core.package_identification:_identify(src/Arduino/Driver) by extensions ['ignore', 'ignore_ament_install']
[1.674s] Level 1:colcon.colcon_core.package_identification:_identify(src/Arduino/Driver) by extension 'ignore'
[1.674s] Level 1:colcon.colcon_core.package_identification:_identify(src/Arduino/Driver) by extension 'ignore_ament_install'
[1.674s] Level 1:colcon.colcon_core.package_identification:_identify(src/Arduino/Driver) by extensions ['colcon_pkg']
[1.674s] Level 1:colcon.colcon_core.package_identification:_identify(src/Arduino/Driver) by extension 'colcon_pkg'
[1.675s] Level 1:colcon.colcon_core.package_identification:_identify(src/Arduino/Driver) by extensions ['colcon_meta']
[1.675s] Level 1:colcon.colcon_core.package_identification:_identify(src/Arduino/Driver) by extension 'colcon_meta'
[1.675s] Level 1:colcon.colcon_core.package_identification:_identify(src/Arduino/Driver) by extensions ['ros']
[1.675s] Level 1:colcon.colcon_core.package_identification:_identify(src/Arduino/Driver) by extension 'ros'
[1.675s] Level 1:colcon.colcon_core.package_identification:_identify(src/Arduino/Driver) by extensions ['cmake', 'python']
[1.676s] Level 1:colcon.colcon_core.package_identification:_identify(src/Arduino/Driver) by extension 'cmake'
[1.676s] Level 1:colcon.colcon_core.package_identification:_identify(src/Arduino/Driver) by extension 'python'
[1.676s] Level 1:colcon.colcon_core.package_identification:_identify(src/Arduino/Driver) by extensions ['python_setup_py']
[1.676s] Level 1:colcon.colcon_core.package_identification:_identify(src/Arduino/Driver) by extension 'python_setup_py'
[1.677s] Level 1:colcon.colcon_core.package_identification:_identify(src/Arduino/Rebase) by extensions ['ignore', 'ignore_ament_install']
[1.677s] Level 1:colcon.colcon_core.package_identification:_identify(src/Arduino/Rebase) by extension 'ignore'
[1.677s] Level 1:colcon.colcon_core.package_identification:_identify(src/Arduino/Rebase) by extension 'ignore_ament_install'
[1.677s] Level 1:colcon.colcon_core.package_identification:_identify(src/Arduino/Rebase) by extensions ['colcon_pkg']
[1.678s] Level 1:colcon.colcon_core.package_identification:_identify(src/Arduino/Rebase) by extension 'colcon_pkg'
[1.678s] Level 1:colcon.colcon_core.package_identification:_identify(src/Arduino/Rebase) by extensions ['colcon_meta']
[1.678s] Level 1:colcon.colcon_core.package_identification:_identify(src/Arduino/Rebase) by extension 'colcon_meta'
[1.678s] Level 1:colcon.colcon_core.package_identification:_identify(src/Arduino/Rebase) by extensions ['ros']
[1.678s] Level 1:colcon.colcon_core.package_identification:_identify(src/Arduino/Rebase) by extension 'ros'
[1.679s] Level 1:colcon.colcon_core.package_identification:_identify(src/Arduino/Rebase) by extensions ['cmake', 'python']
[1.679s] Level 1:colcon.colcon_core.package_identification:_identify(src/Arduino/Rebase) by extension 'cmake'
[1.679s] Level 1:colcon.colcon_core.package_identification:_identify(src/Arduino/Rebase) by extension 'python'
[1.679s] Level 1:colcon.colcon_core.package_identification:_identify(src/Arduino/Rebase) by extensions ['python_setup_py']
[1.679s] Level 1:colcon.colcon_core.package_identification:_identify(src/Arduino/Rebase) by extension 'python_setup_py'
[1.680s] Level 1:colcon.colcon_core.package_identification:_identify(src/Arduino/Rebase/Rebase) by extensions ['ignore', 'ignore_ament_install']
[1.680s] Level 1:colcon.colcon_core.package_identification:_identify(src/Arduino/Rebase/Rebase) by extension 'ignore'
[1.680s] Level 1:colcon.colcon_core.package_identification:_identify(src/Arduino/Rebase/Rebase) by extension 'ignore_ament_install'
[1.681s] Level 1:colcon.colcon_core.package_identification:_identify(src/Arduino/Rebase/Rebase) by extensions ['colcon_pkg']
[1.681s] Level 1:colcon.colcon_core.package_identification:_identify(src/Arduino/Rebase/Rebase) by extension 'colcon_pkg'
[1.681s] Level 1:colcon.colcon_core.package_identification:_identify(src/Arduino/Rebase/Rebase) by extensions ['colcon_meta']
[1.681s] Level 1:colcon.colcon_core.package_identification:_identify(src/Arduino/Rebase/Rebase) by extension 'colcon_meta'
[1.681s] Level 1:colcon.colcon_core.package_identification:_identify(src/Arduino/Rebase/Rebase) by extensions ['ros']
[1.682s] Level 1:colcon.colcon_core.package_identification:_identify(src/Arduino/Rebase/Rebase) by extension 'ros'
[1.682s] Level 1:colcon.colcon_core.package_identification:_identify(src/Arduino/Rebase/Rebase) by extensions ['cmake', 'python']
[1.682s] Level 1:colcon.colcon_core.package_identification:_identify(src/Arduino/Rebase/Rebase) by extension 'cmake'
[1.682s] Level 1:colcon.colcon_core.package_identification:_identify(src/Arduino/Rebase/Rebase) by extension 'python'
[1.682s] Level 1:colcon.colcon_core.package_identification:_identify(src/Arduino/Rebase/Rebase) by extensions ['python_setup_py']
[1.682s] Level 1:colcon.colcon_core.package_identification:_identify(src/Arduino/Rebase/Rebase) by extension 'python_setup_py'
[1.683s] Level 1:colcon.colcon_core.package_identification:_identify(src/Arduino/Rebase/sketch_apr16a) by extensions ['ignore', 'ignore_ament_install']
[1.683s] Level 1:colcon.colcon_core.package_identification:_identify(src/Arduino/Rebase/sketch_apr16a) by extension 'ignore'
[1.684s] Level 1:colcon.colcon_core.package_identification:_identify(src/Arduino/Rebase/sketch_apr16a) by extension 'ignore_ament_install'
[1.684s] Level 1:colcon.colcon_core.package_identification:_identify(src/Arduino/Rebase/sketch_apr16a) by extensions ['colcon_pkg']
[1.684s] Level 1:colcon.colcon_core.package_identification:_identify(src/Arduino/Rebase/sketch_apr16a) by extension 'colcon_pkg'
[1.684s] Level 1:colcon.colcon_core.package_identification:_identify(src/Arduino/Rebase/sketch_apr16a) by extensions ['colcon_meta']
[1.684s] Level 1:colcon.colcon_core.package_identification:_identify(src/Arduino/Rebase/sketch_apr16a) by extension 'colcon_meta'
[1.685s] Level 1:colcon.colcon_core.package_identification:_identify(src/Arduino/Rebase/sketch_apr16a) by extensions ['ros']
[1.685s] Level 1:colcon.colcon_core.package_identification:_identify(src/Arduino/Rebase/sketch_apr16a) by extension 'ros'
[1.685s] Level 1:colcon.colcon_core.package_identification:_identify(src/Arduino/Rebase/sketch_apr16a) by extensions ['cmake', 'python']
[1.685s] Level 1:colcon.colcon_core.package_identification:_identify(src/Arduino/Rebase/sketch_apr16a) by extension 'cmake'
[1.685s] Level 1:colcon.colcon_core.package_identification:_identify(src/Arduino/Rebase/sketch_apr16a) by extension 'python'
[1.686s] Level 1:colcon.colcon_core.package_identification:_identify(src/Arduino/Rebase/sketch_apr16a) by extensions ['python_setup_py']
[1.686s] Level 1:colcon.colcon_core.package_identification:_identify(src/Arduino/Rebase/sketch_apr16a) by extension 'python_setup_py'
[1.686s] Level 1:colcon.colcon_core.package_identification:_identify(src/Arduino/Servo_mov) by extensions ['ignore', 'ignore_ament_install']
[1.687s] Level 1:colcon.colcon_core.package_identification:_identify(src/Arduino/Servo_mov) by extension 'ignore'
[1.687s] Level 1:colcon.colcon_core.package_identification:_identify(src/Arduino/Servo_mov) by extension 'ignore_ament_install'
[1.687s] Level 1:colcon.colcon_core.package_identification:_identify(src/Arduino/Servo_mov) by extensions ['colcon_pkg']
[1.687s] Level 1:colcon.colcon_core.package_identification:_identify(src/Arduino/Servo_mov) by extension 'colcon_pkg'
[1.687s] Level 1:colcon.colcon_core.package_identification:_identify(src/Arduino/Servo_mov) by extensions ['colcon_meta']
[1.688s] Level 1:colcon.colcon_core.package_identification:_identify(src/Arduino/Servo_mov) by extension 'colcon_meta'
[1.688s] Level 1:colcon.colcon_core.package_identification:_identify(src/Arduino/Servo_mov) by extensions ['ros']
[1.688s] Level 1:colcon.colcon_core.package_identification:_identify(src/Arduino/Servo_mov) by extension 'ros'
[1.688s] Level 1:colcon.colcon_core.package_identification:_identify(src/Arduino/Servo_mov) by extensions ['cmake', 'python']
[1.688s] Level 1:colcon.colcon_core.package_identification:_identify(src/Arduino/Servo_mov) by extension 'cmake'
[1.689s] Level 1:colcon.colcon_core.package_identification:_identify(src/Arduino/Servo_mov) by extension 'python'
[1.689s] Level 1:colcon.colcon_core.package_identification:_identify(src/Arduino/Servo_mov) by extensions ['python_setup_py']
[1.689s] Level 1:colcon.colcon_core.package_identification:_identify(src/Arduino/Servo_mov) by extension 'python_setup_py'
[1.689s] Level 1:colcon.colcon_core.package_identification:_identify(src/Arduino/TestDriver) by extensions ['ignore', 'ignore_ament_install']
[1.690s] Level 1:colcon.colcon_core.package_identification:_identify(src/Arduino/TestDriver) by extension 'ignore'
[1.690s] Level 1:colcon.colcon_core.package_identification:_identify(src/Arduino/TestDriver) by extension 'ignore_ament_install'
[1.690s] Level 1:colcon.colcon_core.package_identification:_identify(src/Arduino/TestDriver) by extensions ['colcon_pkg']
[1.690s] Level 1:colcon.colcon_core.package_identification:_identify(src/Arduino/TestDriver) by extension 'colcon_pkg'
[1.691s] Level 1:colcon.colcon_core.package_identification:_identify(src/Arduino/TestDriver) by extensions ['colcon_meta']
[1.691s] Level 1:colcon.colcon_core.package_identification:_identify(src/Arduino/TestDriver) by extension 'colcon_meta'
[1.691s] Level 1:colcon.colcon_core.package_identification:_identify(src/Arduino/TestDriver) by extensions ['ros']
[1.691s] Level 1:colcon.colcon_core.package_identification:_identify(src/Arduino/TestDriver) by extension 'ros'
[1.692s] Level 1:colcon.colcon_core.package_identification:_identify(src/Arduino/TestDriver) by extensions ['cmake', 'python']
[1.692s] Level 1:colcon.colcon_core.package_identification:_identify(src/Arduino/TestDriver) by extension 'cmake'
[1.692s] Level 1:colcon.colcon_core.package_identification:_identify(src/Arduino/TestDriver) by extension 'python'
[1.692s] Level 1:colcon.colcon_core.package_identification:_identify(src/Arduino/TestDriver) by extensions ['python_setup_py']
[1.692s] Level 1:colcon.colcon_core.package_identification:_identify(src/Arduino/TestDriver) by extension 'python_setup_py'
[1.693s] Level 1:colcon.colcon_core.package_identification:_identify(src/hardware) by extensions ['ignore', 'ignore_ament_install']
[1.693s] Level 1:colcon.colcon_core.package_identification:_identify(src/hardware) by extension 'ignore'
[1.693s] Level 1:colcon.colcon_core.package_identification:_identify(src/hardware) by extension 'ignore_ament_install'
[1.694s] Level 1:colcon.colcon_core.package_identification:_identify(src/hardware) by extensions ['colcon_pkg']
[1.694s] Level 1:colcon.colcon_core.package_identification:_identify(src/hardware) by extension 'colcon_pkg'
[1.694s] Level 1:colcon.colcon_core.package_identification:_identify(src/hardware) by extensions ['colcon_meta']
[1.694s] Level 1:colcon.colcon_core.package_identification:_identify(src/hardware) by extension 'colcon_meta'
[1.694s] Level 1:colcon.colcon_core.package_identification:_identify(src/hardware) by extensions ['ros']
[1.694s] Level 1:colcon.colcon_core.package_identification:_identify(src/hardware) by extension 'ros'
[1.695s] Level 1:colcon.colcon_core.package_identification:_identify(src/hardware) by extensions ['cmake', 'python']
[1.695s] Level 1:colcon.colcon_core.package_identification:_identify(src/hardware) by extension 'cmake'
[1.695s] Level 1:colcon.colcon_core.package_identification:_identify(src/hardware) by extension 'python'
[1.695s] Level 1:colcon.colcon_core.package_identification:_identify(src/hardware) by extensions ['python_setup_py']
[1.695s] Level 1:colcon.colcon_core.package_identification:_identify(src/hardware) by extension 'python_setup_py'
[1.696s] Level 1:colcon.colcon_core.package_identification:_identify(src/hardware/boton_inicio) by extensions ['ignore', 'ignore_ament_install']
[1.696s] Level 1:colcon.colcon_core.package_identification:_identify(src/hardware/boton_inicio) by extension 'ignore'
[1.696s] Level 1:colcon.colcon_core.package_identification:_identify(src/hardware/boton_inicio) by extension 'ignore_ament_install'
[1.697s] Level 1:colcon.colcon_core.package_identification:_identify(src/hardware/boton_inicio) by extensions ['colcon_pkg']
[1.697s] Level 1:colcon.colcon_core.package_identification:_identify(src/hardware/boton_inicio) by extension 'colcon_pkg'
[1.697s] Level 1:colcon.colcon_core.package_identification:_identify(src/hardware/boton_inicio) by extensions ['colcon_meta']
[1.697s] Level 1:colcon.colcon_core.package_identification:_identify(src/hardware/boton_inicio) by extension 'colcon_meta'
[1.697s] Level 1:colcon.colcon_core.package_identification:_identify(src/hardware/boton_inicio) by extensions ['ros']
[1.698s] Level 1:colcon.colcon_core.package_identification:_identify(src/hardware/boton_inicio) by extension 'ros'
[1.698s] Level 1:colcon.colcon_core.package_identification:_identify(src/hardware/boton_inicio) by extensions ['cmake', 'python']
[1.698s] Level 1:colcon.colcon_core.package_identification:_identify(src/hardware/boton_inicio) by extension 'cmake'
[1.698s] Level 1:colcon.colcon_core.package_identification:_identify(src/hardware/boton_inicio) by extension 'python'
[1.698s] Level 1:colcon.colcon_core.package_identification:_identify(src/hardware/boton_inicio) by extensions ['python_setup_py']
[1.699s] Level 1:colcon.colcon_core.package_identification:_identify(src/hardware/boton_inicio) by extension 'python_setup_py'
[1.699s] Level 1:colcon.colcon_core.package_identification:_identify(src/hardware/button) by extensions ['ignore', 'ignore_ament_install']
[1.699s] Level 1:colcon.colcon_core.package_identification:_identify(src/hardware/button) by extension 'ignore'
[1.700s] Level 1:colcon.colcon_core.package_identification:_identify(src/hardware/button) by extension 'ignore_ament_install'
[1.700s] Level 1:colcon.colcon_core.package_identification:_identify(src/hardware/button) by extensions ['colcon_pkg']
[1.700s] Level 1:colcon.colcon_core.package_identification:_identify(src/hardware/button) by extension 'colcon_pkg'
[1.700s] Level 1:colcon.colcon_core.package_identification:_identify(src/hardware/button) by extensions ['colcon_meta']
[1.700s] Level 1:colcon.colcon_core.package_identification:_identify(src/hardware/button) by extension 'colcon_meta'
[1.701s] Level 1:colcon.colcon_core.package_identification:_identify(src/hardware/button) by extensions ['ros']
[1.701s] Level 1:colcon.colcon_core.package_identification:_identify(src/hardware/button) by extension 'ros'
[1.709s] DEBUG:colcon.colcon_core.package_identification:Package 'src/hardware/button' with type 'ros.ament_python' and name 'button'
[1.710s] Level 1:colcon.colcon_core.package_identification:_identify(src/hardware/directional_led) by extensions ['ignore', 'ignore_ament_install']
[1.711s] Level 1:colcon.colcon_core.package_identification:_identify(src/hardware/directional_led) by extension 'ignore'
[1.711s] Level 1:colcon.colcon_core.package_identification:_identify(src/hardware/directional_led) by extension 'ignore_ament_install'
[1.711s] Level 1:colcon.colcon_core.package_identification:_identify(src/hardware/directional_led) by extensions ['colcon_pkg']
[1.711s] Level 1:colcon.colcon_core.package_identification:_identify(src/hardware/directional_led) by extension 'colcon_pkg'
[1.711s] Level 1:colcon.colcon_core.package_identification:_identify(src/hardware/directional_led) by extensions ['colcon_meta']
[1.712s] Level 1:colcon.colcon_core.package_identification:_identify(src/hardware/directional_led) by extension 'colcon_meta'
[1.712s] Level 1:colcon.colcon_core.package_identification:_identify(src/hardware/directional_led) by extensions ['ros']
[1.712s] Level 1:colcon.colcon_core.package_identification:_identify(src/hardware/directional_led) by extension 'ros'
[1.714s] DEBUG:colcon.colcon_core.package_identification:Package 'src/hardware/directional_led' with type 'ros.ament_python' and name 'directional_led'
[1.715s] Level 1:colcon.colcon_core.package_identification:_identify(src/hardware/driver) by extensions ['ignore', 'ignore_ament_install']
[1.715s] Level 1:colcon.colcon_core.package_identification:_identify(src/hardware/driver) by extension 'ignore'
[1.715s] Level 1:colcon.colcon_core.package_identification:_identify(src/hardware/driver) by extension 'ignore_ament_install'
[1.716s] Level 1:colcon.colcon_core.package_identification:_identify(src/hardware/driver) by extensions ['colcon_pkg']
[1.716s] Level 1:colcon.colcon_core.package_identification:_identify(src/hardware/driver) by extension 'colcon_pkg'
[1.716s] Level 1:colcon.colcon_core.package_identification:_identify(src/hardware/driver) by extensions ['colcon_meta']
[1.716s] Level 1:colcon.colcon_core.package_identification:_identify(src/hardware/driver) by extension 'colcon_meta'
[1.716s] Level 1:colcon.colcon_core.package_identification:_identify(src/hardware/driver) by extensions ['ros']
[1.716s] Level 1:colcon.colcon_core.package_identification:_identify(src/hardware/driver) by extension 'ros'
[1.718s] DEBUG:colcon.colcon_core.package_identification:Package 'src/hardware/driver' with type 'ros.ament_python' and name 'driver'
[1.719s] Level 1:colcon.colcon_core.package_identification:_identify(src/hardware/servo) by extensions ['ignore', 'ignore_ament_install']
[1.720s] Level 1:colcon.colcon_core.package_identification:_identify(src/hardware/servo) by extension 'ignore'
[1.720s] Level 1:colcon.colcon_core.package_identification:_identify(src/hardware/servo) by extension 'ignore_ament_install'
[1.720s] Level 1:colcon.colcon_core.package_identification:_identify(src/hardware/servo) by extensions ['colcon_pkg']
[1.720s] Level 1:colcon.colcon_core.package_identification:_identify(src/hardware/servo) by extension 'colcon_pkg'
[1.720s] Level 1:colcon.colcon_core.package_identification:_identify(src/hardware/servo) by extensions ['colcon_meta']
[1.721s] Level 1:colcon.colcon_core.package_identification:_identify(src/hardware/servo) by extension 'colcon_meta'
[1.721s] Level 1:colcon.colcon_core.package_identification:_identify(src/hardware/servo) by extensions ['ros']
[1.721s] Level 1:colcon.colcon_core.package_identification:_identify(src/hardware/servo) by extension 'ros'
[1.723s] DEBUG:colcon.colcon_core.package_identification:Package 'src/hardware/servo' with type 'ros.ament_python' and name 'servo'
[1.724s] Level 1:colcon.colcon_core.package_identification:_identify(src/hardware/webcam) by extensions ['ignore', 'ignore_ament_install']
[1.724s] Level 1:colcon.colcon_core.package_identification:_identify(src/hardware/webcam) by extension 'ignore'
[1.724s] Level 1:colcon.colcon_core.package_identification:_identify(src/hardware/webcam) by extension 'ignore_ament_install'
[1.725s] Level 1:colcon.colcon_core.package_identification:_identify(src/hardware/webcam) by extensions ['colcon_pkg']
[1.725s] Level 1:colcon.colcon_core.package_identification:_identify(src/hardware/webcam) by extension 'colcon_pkg'
[1.725s] Level 1:colcon.colcon_core.package_identification:_identify(src/hardware/webcam) by extensions ['colcon_meta']
[1.725s] Level 1:colcon.colcon_core.package_identification:_identify(src/hardware/webcam) by extension 'colcon_meta'
[1.725s] Level 1:colcon.colcon_core.package_identification:_identify(src/hardware/webcam) by extensions ['ros']
[1.726s] Level 1:colcon.colcon_core.package_identification:_identify(src/hardware/webcam) by extension 'ros'
[1.727s] DEBUG:colcon.colcon_core.package_identification:Package 'src/hardware/webcam' with type 'ros.ament_python' and name 'webcam'
[1.728s] Level 1:colcon.colcon_core.package_identification:_identify(src/hardware/ydlidar_client) by extensions ['ignore', 'ignore_ament_install']
[1.729s] Level 1:colcon.colcon_core.package_identification:_identify(src/hardware/ydlidar_client) by extension 'ignore'
[1.729s] Level 1:colcon.colcon_core.package_identification:_identify(src/hardware/ydlidar_client) by extension 'ignore_ament_install'
[1.729s] Level 1:colcon.colcon_core.package_identification:_identify(src/hardware/ydlidar_client) by extensions ['colcon_pkg']
[1.729s] Level 1:colcon.colcon_core.package_identification:_identify(src/hardware/ydlidar_client) by extension 'colcon_pkg'
[1.729s] Level 1:colcon.colcon_core.package_identification:_identify(src/hardware/ydlidar_client) by extensions ['colcon_meta']
[1.730s] Level 1:colcon.colcon_core.package_identification:_identify(src/hardware/ydlidar_client) by extension 'colcon_meta'
[1.730s] Level 1:colcon.colcon_core.package_identification:_identify(src/hardware/ydlidar_client) by extensions ['ros']
[1.730s] Level 1:colcon.colcon_core.package_identification:_identify(src/hardware/ydlidar_client) by extension 'ros'
[1.733s] DEBUG:colcon.colcon_core.package_identification:Package 'src/hardware/ydlidar_client' with type 'ros.ament_python' and name 'ydlidar_client'
[1.734s] Level 1:colcon.colcon_core.package_identification:_identify(src/hardware/ydlidar_publicador) by extensions ['ignore', 'ignore_ament_install']
[1.734s] Level 1:colcon.colcon_core.package_identification:_identify(src/hardware/ydlidar_publicador) by extension 'ignore'
[1.734s] Level 1:colcon.colcon_core.package_identification:_identify(src/hardware/ydlidar_publicador) by extension 'ignore_ament_install'
[1.735s] Level 1:colcon.colcon_core.package_identification:_identify(src/hardware/ydlidar_publicador) by extensions ['colcon_pkg']
[1.735s] Level 1:colcon.colcon_core.package_identification:_identify(src/hardware/ydlidar_publicador) by extension 'colcon_pkg'
[1.735s] Level 1:colcon.colcon_core.package_identification:_identify(src/hardware/ydlidar_publicador) by extensions ['colcon_meta']
[1.735s] Level 1:colcon.colcon_core.package_identification:_identify(src/hardware/ydlidar_publicador) by extension 'colcon_meta'
[1.735s] Level 1:colcon.colcon_core.package_identification:_identify(src/hardware/ydlidar_publicador) by extensions ['ros']
[1.735s] Level 1:colcon.colcon_core.package_identification:_identify(src/hardware/ydlidar_publicador) by extension 'ros'
[1.738s] DEBUG:colcon.colcon_core.package_identification:Package 'src/hardware/ydlidar_publicador' with type 'ros.ament_cmake' and name 'ydlidar_publicador'
[1.739s] Level 1:colcon.colcon_core.package_identification:_identify(src/test) by extensions ['ignore', 'ignore_ament_install']
[1.739s] Level 1:colcon.colcon_core.package_identification:_identify(src/test) by extension 'ignore'
[1.739s] Level 1:colcon.colcon_core.package_identification:_identify(src/test) by extension 'ignore_ament_install'
[1.740s] Level 1:colcon.colcon_core.package_identification:_identify(src/test) by extensions ['colcon_pkg']
[1.740s] Level 1:colcon.colcon_core.package_identification:_identify(src/test) by extension 'colcon_pkg'
[1.740s] Level 1:colcon.colcon_core.package_identification:_identify(src/test) by extensions ['colcon_meta']
[1.740s] Level 1:colcon.colcon_core.package_identification:_identify(src/test) by extension 'colcon_meta'
[1.740s] Level 1:colcon.colcon_core.package_identification:_identify(src/test) by extensions ['ros']
[1.740s] Level 1:colcon.colcon_core.package_identification:_identify(src/test) by extension 'ros'
[1.741s] Level 1:colcon.colcon_core.package_identification:_identify(src/test) by extensions ['cmake', 'python']
[1.741s] Level 1:colcon.colcon_core.package_identification:_identify(src/test) by extension 'cmake'
[1.741s] Level 1:colcon.colcon_core.package_identification:_identify(src/test) by extension 'python'
[1.741s] Level 1:colcon.colcon_core.package_identification:_identify(src/test) by extensions ['python_setup_py']
[1.741s] Level 1:colcon.colcon_core.package_identification:_identify(src/test) by extension 'python_setup_py'
[1.742s] Level 1:colcon.colcon_core.package_identification:_identify(src/test/serial_bridge) by extensions ['ignore', 'ignore_ament_install']
[1.742s] Level 1:colcon.colcon_core.package_identification:_identify(src/test/serial_bridge) by extension 'ignore'
[1.743s] Level 1:colcon.colcon_core.package_identification:_identify(src/test/serial_bridge) by extension 'ignore_ament_install'
[1.743s] Level 1:colcon.colcon_core.package_identification:_identify(src/test/serial_bridge) by extensions ['colcon_pkg']
[1.743s] Level 1:colcon.colcon_core.package_identification:_identify(src/test/serial_bridge) by extension 'colcon_pkg'
[1.743s] Level 1:colcon.colcon_core.package_identification:_identify(src/test/serial_bridge) by extensions ['colcon_meta']
[1.743s] Level 1:colcon.colcon_core.package_identification:_identify(src/test/serial_bridge) by extension 'colcon_meta'
[1.744s] Level 1:colcon.colcon_core.package_identification:_identify(src/test/serial_bridge) by extensions ['ros']
[1.744s] Level 1:colcon.colcon_core.package_identification:_identify(src/test/serial_bridge) by extension 'ros'
[1.746s] DEBUG:colcon.colcon_core.package_identification:Package 'src/test/serial_bridge' with type 'ros.ament_python' and name 'serial_bridge'
[1.747s] Level 1:colcon.colcon_core.package_identification:_identify(src/vision) by extensions ['ignore', 'ignore_ament_install']
[1.747s] Level 1:colcon.colcon_core.package_identification:_identify(src/vision) by extension 'ignore'
[1.748s] Level 1:colcon.colcon_core.package_identification:_identify(src/vision) by extension 'ignore_ament_install'
[1.748s] Level 1:colcon.colcon_core.package_identification:_identify(src/vision) by extensions ['colcon_pkg']
[1.748s] Level 1:colcon.colcon_core.package_identification:_identify(src/vision) by extension 'colcon_pkg'
[1.748s] Level 1:colcon.colcon_core.package_identification:_identify(src/vision) by extensions ['colcon_meta']
[1.748s] Level 1:colcon.colcon_core.package_identification:_identify(src/vision) by extension 'colcon_meta'
[1.749s] Level 1:colcon.colcon_core.package_identification:_identify(src/vision) by extensions ['ros']
[1.749s] Level 1:colcon.colcon_core.package_identification:_identify(src/vision) by extension 'ros'
[1.749s] Level 1:colcon.colcon_core.package_identification:_identify(src/vision) by extensions ['cmake', 'python']
[1.749s] Level 1:colcon.colcon_core.package_identification:_identify(src/vision) by extension 'cmake'
[1.749s] Level 1:colcon.colcon_core.package_identification:_identify(src/vision) by extension 'python'
[1.750s] Level 1:colcon.colcon_core.package_identification:_identify(src/vision) by extensions ['python_setup_py']
[1.750s] Level 1:colcon.colcon_core.package_identification:_identify(src/vision) by extension 'python_setup_py'
[1.750s] Level 1:colcon.colcon_core.package_identification:_identify(src/vision/lanes_borders) by extensions ['ignore', 'ignore_ament_install']
[1.751s] Level 1:colcon.colcon_core.package_identification:_identify(src/vision/lanes_borders) by extension 'ignore'
[1.751s] Level 1:colcon.colcon_core.package_identification:_identify(src/vision/lanes_borders) by extension 'ignore_ament_install'
[1.751s] Level 1:colcon.colcon_core.package_identification:_identify(src/vision/lanes_borders) by extensions ['colcon_pkg']
[1.751s] Level 1:colcon.colcon_core.package_identification:_identify(src/vision/lanes_borders) by extension 'colcon_pkg'
[1.751s] Level 1:colcon.colcon_core.package_identification:_identify(src/vision/lanes_borders) by extensions ['colcon_meta']
[1.752s] Level 1:colcon.colcon_core.package_identification:_identify(src/vision/lanes_borders) by extension 'colcon_meta'
[1.752s] Level 1:colcon.colcon_core.package_identification:_identify(src/vision/lanes_borders) by extensions ['ros']
[1.752s] Level 1:colcon.colcon_core.package_identification:_identify(src/vision/lanes_borders) by extension 'ros'
[1.754s] DEBUG:colcon.colcon_core.package_identification:Package 'src/vision/lanes_borders' with type 'ros.ament_python' and name 'lanes_borders'
[1.755s] Level 1:colcon.colcon_core.package_identification:_identify(src/vision/red_vision) by extensions ['ignore', 'ignore_ament_install']
[1.755s] Level 1:colcon.colcon_core.package_identification:_identify(src/vision/red_vision) by extension 'ignore'
[1.755s] Level 1:colcon.colcon_core.package_identification:_identify(src/vision/red_vision) by extension 'ignore_ament_install'
[1.756s] Level 1:colcon.colcon_core.package_identification:_identify(src/vision/red_vision) by extensions ['colcon_pkg']
[1.756s] Level 1:colcon.colcon_core.package_identification:_identify(src/vision/red_vision) by extension 'colcon_pkg'
[1.756s] Level 1:colcon.colcon_core.package_identification:_identify(src/vision/red_vision) by extensions ['colcon_meta']
[1.756s] Level 1:colcon.colcon_core.package_identification:_identify(src/vision/red_vision) by extension 'colcon_meta'
[1.756s] Level 1:colcon.colcon_core.package_identification:_identify(src/vision/red_vision) by extensions ['ros']
[1.756s] Level 1:colcon.colcon_core.package_identification:_identify(src/vision/red_vision) by extension 'ros'
[1.759s] DEBUG:colcon.colcon_core.package_identification:Package 'src/vision/red_vision' with type 'ros.ament_python' and name 'red_vision'
[1.759s] Level 1:colcon.colcon_core.package_identification:_identify(src/vision/steering_error) by extensions ['ignore', 'ignore_ament_install']
[1.760s] Level 1:colcon.colcon_core.package_identification:_identify(src/vision/steering_error) by extension 'ignore'
[1.760s] Level 1:colcon.colcon_core.package_identification:_identify(src/vision/steering_error) by extension 'ignore_ament_install'
[1.760s] Level 1:colcon.colcon_core.package_identification:_identify(src/vision/steering_error) by extensions ['colcon_pkg']
[1.760s] Level 1:colcon.colcon_core.package_identification:_identify(src/vision/steering_error) by extension 'colcon_pkg'
[1.760s] Level 1:colcon.colcon_core.package_identification:_identify(src/vision/steering_error) by extensions ['colcon_meta']
[1.761s] Level 1:colcon.colcon_core.package_identification:_identify(src/vision/steering_error) by extension 'colcon_meta'
[1.761s] Level 1:colcon.colcon_core.package_identification:_identify(src/vision/steering_error) by extensions ['ros']
[1.761s] Level 1:colcon.colcon_core.package_identification:_identify(src/vision/steering_error) by extension 'ros'
[1.763s] DEBUG:colcon.colcon_core.package_identification:Package 'src/vision/steering_error' with type 'ros.ament_python' and name 'steering_error'
[1.764s] Level 1:colcon.colcon_core.package_identification:_identify(venv) by extensions ['ignore', 'ignore_ament_install']
[1.764s] Level 1:colcon.colcon_core.package_identification:_identify(venv) by extension 'ignore'
[1.764s] Level 1:colcon.colcon_core.package_identification:_identify(venv) by extension 'ignore_ament_install'
[1.764s] Level 1:colcon.colcon_core.package_identification:_identify(venv) by extensions ['colcon_pkg']
[1.765s] Level 1:colcon.colcon_core.package_identification:_identify(venv) by extension 'colcon_pkg'
[1.765s] Level 1:colcon.colcon_core.package_identification:_identify(venv) by extensions ['colcon_meta']
[1.765s] Level 1:colcon.colcon_core.package_identification:_identify(venv) by extension 'colcon_meta'
[1.765s] Level 1:colcon.colcon_core.package_identification:_identify(venv) by extensions ['ros']
[1.765s] Level 1:colcon.colcon_core.package_identification:_identify(venv) by extension 'ros'
[1.766s] Level 1:colcon.colcon_core.package_identification:_identify(venv) by extensions ['cmake', 'python']
[1.766s] Level 1:colcon.colcon_core.package_identification:_identify(venv) by extension 'cmake'
[1.766s] Level 1:colcon.colcon_core.package_identification:_identify(venv) by extension 'python'
[1.766s] Level 1:colcon.colcon_core.package_identification:_identify(venv) by extensions ['python_setup_py']
[1.766s] Level 1:colcon.colcon_core.package_identification:_identify(venv) by extension 'python_setup_py'
[1.767s] Level 1:colcon.colcon_core.package_identification:_identify(venv/bin) by extensions ['ignore', 'ignore_ament_install']
[1.767s] Level 1:colcon.colcon_core.package_identification:_identify(venv/bin) by extension 'ignore'
[1.768s] Level 1:colcon.colcon_core.package_identification:_identify(venv/bin) by extension 'ignore_ament_install'
[1.768s] Level 1:colcon.colcon_core.package_identification:_identify(venv/bin) by extensions ['colcon_pkg']
[1.768s] Level 1:colcon.colcon_core.package_identification:_identify(venv/bin) by extension 'colcon_pkg'
[1.768s] Level 1:colcon.colcon_core.package_identification:_identify(venv/bin) by extensions ['colcon_meta']
[1.768s] Level 1:colcon.colcon_core.package_identification:_identify(venv/bin) by extension 'colcon_meta'
[1.768s] Level 1:colcon.colcon_core.package_identification:_identify(venv/bin) by extensions ['ros']
[1.769s] Level 1:colcon.colcon_core.package_identification:_identify(venv/bin) by extension 'ros'
[1.769s] Level 1:colcon.colcon_core.package_identification:_identify(venv/bin) by extensions ['cmake', 'python']
[1.769s] Level 1:colcon.colcon_core.package_identification:_identify(venv/bin) by extension 'cmake'
[1.769s] Level 1:colcon.colcon_core.package_identification:_identify(venv/bin) by extension 'python'
[1.770s] Level 1:colcon.colcon_core.package_identification:_identify(venv/bin) by extensions ['python_setup_py']
[1.770s] Level 1:colcon.colcon_core.package_identification:_identify(venv/bin) by extension 'python_setup_py'
[1.770s] Level 1:colcon.colcon_core.package_discovery:discover_packages(recursive) using defaults
[1.770s] Level 1:colcon.colcon_core.package_discovery:discover_packages(ignore) discover
[1.770s] Level 1:colcon.colcon_core.package_discovery:discover_packages(ignore) using defaults
[1.770s] Level 1:colcon.colcon_core.package_discovery:discover_packages(path) discover
[1.770s] Level 1:colcon.colcon_core.package_discovery:discover_packages(path) using defaults
[1.873s] INFO:colcon.colcon_core.package_selection:Skipping not selected package 'directional_led' in 'src/hardware/directional_led'
[1.873s] INFO:colcon.colcon_core.package_selection:Skipping not selected package 'driver' in 'src/hardware/driver'
[1.873s] INFO:colcon.colcon_core.package_selection:Skipping not selected package 'lanes_borders' in 'src/vision/lanes_borders'
[1.873s] INFO:colcon.colcon_core.package_selection:Skipping not selected package 'red_vision' in 'src/vision/red_vision'
[1.873s] INFO:colcon.colcon_core.package_selection:Skipping not selected package 'serial_bridge' in 'src/test/serial_bridge'
[1.873s] INFO:colcon.colcon_core.package_selection:Skipping not selected package 'servo' in 'src/hardware/servo'
[1.873s] INFO:colcon.colcon_core.package_selection:Skipping not selected package 'steering_error' in 'src/vision/steering_error'
[1.874s] INFO:colcon.colcon_core.package_selection:Skipping not selected package 'webcam' in 'src/hardware/webcam'
[1.874s] INFO:colcon.colcon_core.package_selection:Skipping not selected package 'ydlidar_client' in 'src/hardware/ydlidar_client'
[1.874s] INFO:colcon.colcon_core.package_selection:Skipping not selected package 'ydlidar_publicador' in 'src/hardware/ydlidar_publicador'
[1.876s] Level 1:colcon.colcon_core.package_discovery:discover_packages(prefix_path) check parameters
[1.876s] Level 1:colcon.colcon_core.package_discovery:discover_packages(prefix_path) discover
[1.895s] DEBUG:colcon.colcon_installed_package_information.package_discovery:Found 17 installed packages in /home/crofi/AutoModelCrofi/ros2_ws/install
[1.898s] DEBUG:colcon.colcon_installed_package_information.package_discovery:Found 1 installed packages in /home/crofi/ydlidar_ros2_ws/install
[1.947s] DEBUG:colcon.colcon_installed_package_information.package_discovery:Found 341 installed packages in /home/crofi/ros2_humble/ros2-linux
[1.958s] DEBUG:colcon.colcon_installed_package_information.package_discovery:Found 58 installed packages in /opt/ros/humble
[1.970s] Level 1:colcon.colcon_core.package_discovery:discover_packages(prefix_path) using defaults
[2.135s] Level 5:colcon.colcon_core.verb:set package 'button' build argument 'cmake_args' from command line to 'None'
[2.135s] Level 5:colcon.colcon_core.verb:set package 'button' build argument 'cmake_target' from command line to 'None'
[2.135s] Level 5:colcon.colcon_core.verb:set package 'button' build argument 'cmake_target_skip_unavailable' from command line to 'False'
[2.135s] Level 5:colcon.colcon_core.verb:set package 'button' build argument 'cmake_clean_cache' from command line to 'False'
[2.135s] Level 5:colcon.colcon_core.verb:set package 'button' build argument 'cmake_clean_first' from command line to 'False'
[2.136s] Level 5:colcon.colcon_core.verb:set package 'button' build argument 'cmake_force_configure' from command line to 'False'
[2.136s] Level 5:colcon.colcon_core.verb:set package 'button' build argument 'ament_cmake_args' from command line to 'None'
[2.136s] Level 5:colcon.colcon_core.verb:set package 'button' build argument 'catkin_cmake_args' from command line to 'None'
[2.136s] Level 5:colcon.colcon_core.verb:set package 'button' build argument 'catkin_skip_building_tests' from command line to 'False'
[2.136s] DEBUG:colcon.colcon_core.verb:Building package 'button' with the following arguments: {'ament_cmake_args': None, 'build_base': '/home/crofi/AutoModelCrofi/ros2_ws/build/button', 'catkin_cmake_args': None, 'catkin_skip_building_tests': False, 'cmake_args': None, 'cmake_clean_cache': False, 'cmake_clean_first': False, 'cmake_force_configure': False, 'cmake_target': None, 'cmake_target_skip_unavailable': False, 'install_base': '/home/crofi/AutoModelCrofi/ros2_ws/install/button', 'merge_install': False, 'path': '/home/crofi/AutoModelCrofi/ros2_ws/src/hardware/button', 'symlink_install': True, 'test_result_base': None}
[2.137s] INFO:colcon.colcon_core.executor:Executing jobs using 'parallel' executor
[2.140s] DEBUG:colcon.colcon_parallel_executor.executor.parallel:run_until_complete
[2.141s] INFO:colcon.colcon_ros.task.ament_python.build:Building ROS package in '/home/crofi/AutoModelCrofi/ros2_ws/src/hardware/button' with build type 'ament_python'
[2.142s] Level 1:colcon.colcon_core.shell:create_environment_hook('button', 'ament_prefix_path')
[2.155s] INFO:colcon.colcon_core.plugin_system:Skipping extension 'colcon_core.shell.bat': Not used on non-Windows systems
[2.156s] INFO:colcon.colcon_core.shell:Creating environment hook '/home/crofi/AutoModelCrofi/ros2_ws/install/button/share/button/hook/ament_prefix_path.ps1'
[2.159s] INFO:colcon.colcon_core.shell:Creating environment descriptor '/home/crofi/AutoModelCrofi/ros2_ws/install/button/share/button/hook/ament_prefix_path.dsv'
[2.161s] INFO:colcon.colcon_core.shell:Creating environment hook '/home/crofi/AutoModelCrofi/ros2_ws/install/button/share/button/hook/ament_prefix_path.sh'
[2.164s] INFO:colcon.colcon_core.shell:Skip shell extension 'powershell' for command environment: Not usable outside of PowerShell
[2.165s] DEBUG:colcon.colcon_core.shell:Skip shell extension 'dsv' for command environment
[3.772s] INFO:colcon.colcon_core.task.python.build:Building Python package in '/home/crofi/AutoModelCrofi/ros2_ws/src/hardware/button'
[3.773s] INFO:colcon.colcon_core.shell:Skip shell extension 'powershell' for command environment: Not usable outside of PowerShell
[3.774s] DEBUG:colcon.colcon_core.shell:Skip shell extension 'dsv' for command environment
[5.862s] DEBUG:colcon.colcon_core.event_handler.log_command:Invoking command in '/home/crofi/AutoModelCrofi/ros2_ws/build/button': PYTHONPATH=/home/crofi/AutoModelCrofi/ros2_ws/build/button/prefix_override:/usr/lib/python3/dist-packages/colcon_core/task/python/colcon_distutils_commands:/home/crofi/AutoModelCrofi/ros2_ws/install/button/lib/python3.10/site-packages:${PYTHONPATH} /usr/bin/python3 -W ignore:setup.py install is deprecated -W ignore:easy_install command is deprecated setup.py develop --editable --build-directory /home/crofi/AutoModelCrofi/ros2_ws/build/button/build --no-deps symlink_data
[8.679s] Level 1:colcon.colcon_core.shell:create_environment_hook('button', 'pythonpath_develop')
[8.680s] INFO:colcon.colcon_core.shell:Creating environment hook '/home/crofi/AutoModelCrofi/ros2_ws/build/button/share/button/hook/pythonpath_develop.ps1'
[8.681s] DEBUG:colcon.colcon_core.event_handler.log_command:Invoked command in '/home/crofi/AutoModelCrofi/ros2_ws/build/button' returned '0': PYTHONPATH=/home/crofi/AutoModelCrofi/ros2_ws/build/button/prefix_override:/usr/lib/python3/dist-packages/colcon_core/task/python/colcon_distutils_commands:/home/crofi/AutoModelCrofi/ros2_ws/install/button/lib/python3.10/site-packages:${PYTHONPATH} /usr/bin/python3 -W ignore:setup.py install is deprecated -W ignore:easy_install command is deprecated setup.py develop --editable --build-directory /home/crofi/AutoModelCrofi/ros2_ws/build/button/build --no-deps symlink_data
[8.683s] INFO:colcon.colcon_core.shell:Creating environment descriptor '/home/crofi/AutoModelCrofi/ros2_ws/build/button/share/button/hook/pythonpath_develop.dsv'
[8.686s] INFO:colcon.colcon_core.shell:Creating environment hook '/home/crofi/AutoModelCrofi/ros2_ws/build/button/share/button/hook/pythonpath_develop.sh'
[8.702s] Level 1:colcon.colcon_core.environment:checking '/home/crofi/AutoModelCrofi/ros2_ws/install/button' for CMake module files
[8.704s] Level 1:colcon.colcon_core.environment:checking '/home/crofi/AutoModelCrofi/ros2_ws/install/button' for CMake config files
[8.708s] Level 1:colcon.colcon_core.environment:checking '/home/crofi/AutoModelCrofi/ros2_ws/install/button/lib'
[8.708s] Level 1:colcon.colcon_core.environment:checking '/home/crofi/AutoModelCrofi/ros2_ws/install/button/bin'
[8.709s] Level 1:colcon.colcon_core.environment:checking '/home/crofi/AutoModelCrofi/ros2_ws/install/button/lib/pkgconfig/button.pc'
[8.710s] Level 1:colcon.colcon_core.environment:checking '/home/crofi/AutoModelCrofi/ros2_ws/install/button/lib/python3.10/site-packages'
[8.710s] Level 1:colcon.colcon_core.shell:create_environment_hook('button', 'pythonpath')
[8.711s] INFO:colcon.colcon_core.shell:Creating environment hook '/home/crofi/AutoModelCrofi/ros2_ws/install/button/share/button/hook/pythonpath.ps1'
[8.714s] INFO:colcon.colcon_core.shell:Creating environment descriptor '/home/crofi/AutoModelCrofi/ros2_ws/install/button/share/button/hook/pythonpath.dsv'
[8.717s] INFO:colcon.colcon_core.shell:Creating environment hook '/home/crofi/AutoModelCrofi/ros2_ws/install/button/share/button/hook/pythonpath.sh'
[8.720s] Level 1:colcon.colcon_core.environment:checking '/home/crofi/AutoModelCrofi/ros2_ws/install/button/bin'
[8.720s] Level 1:colcon.colcon_core.environment:create_environment_scripts_only(button)
[8.722s] INFO:colcon.colcon_core.shell:Creating package script '/home/crofi/AutoModelCrofi/ros2_ws/install/button/share/button/package.ps1'
[8.728s] INFO:colcon.colcon_core.shell:Creating package descriptor '/home/crofi/AutoModelCrofi/ros2_ws/install/button/share/button/package.dsv'
[8.731s] INFO:colcon.colcon_core.shell:Creating package script '/home/crofi/AutoModelCrofi/ros2_ws/install/button/share/button/package.sh'
[8.736s] INFO:colcon.colcon_core.shell:Creating package script '/home/crofi/AutoModelCrofi/ros2_ws/install/button/share/button/package.bash'
[8.740s] INFO:colcon.colcon_core.shell:Creating package script '/home/crofi/AutoModelCrofi/ros2_ws/install/button/share/button/package.zsh'
[8.744s] Level 1:colcon.colcon_core.environment:create_file_with_runtime_dependencies(/home/crofi/AutoModelCrofi/ros2_ws/install/button/share/colcon-core/packages/button)
[8.746s] DEBUG:colcon.colcon_parallel_executor.executor.parallel:closing loop
[8.747s] DEBUG:colcon.colcon_parallel_executor.executor.parallel:loop closed
[8.748s] DEBUG:colcon.colcon_parallel_executor.executor.parallel:run_until_complete finished with '0'
[8.749s] DEBUG:colcon.colcon_core.event_reactor:joining thread
[8.775s] INFO:colcon.colcon_core.plugin_system:Skipping extension 'colcon_notification.desktop_notification.terminal_notifier': Not used on non-Darwin systems
[8.775s] INFO:colcon.colcon_core.plugin_system:Skipping extension 'colcon_notification.desktop_notification.win32': Not used on non-Windows systems
[8.775s] INFO:colcon.colcon_notification.desktop_notification:Sending desktop notification using 'notify2'
[8.780s] DEBUG:colcon.colcon_notification.desktop_notification.notify2:Failed to initialize notify2: org.freedesktop.DBus.Error.ServiceUnknown: The name org.freedesktop.Notifications was not provided by any .service files
[8.781s] DEBUG:colcon.colcon_core.event_reactor:joined thread
[8.782s] INFO:colcon.colcon_core.shell:Creating prefix script '/home/crofi/AutoModelCrofi/ros2_ws/install/local_setup.ps1'
[8.786s] INFO:colcon.colcon_core.shell:Creating prefix util module '/home/crofi/AutoModelCrofi/ros2_ws/install/_local_setup_util_ps1.py'
[8.793s] INFO:colcon.colcon_core.shell:Creating prefix chain script '/home/crofi/AutoModelCrofi/ros2_ws/install/setup.ps1'
[8.805s] INFO:colcon.colcon_core.shell:Creating prefix script '/home/crofi/AutoModelCrofi/ros2_ws/install/local_setup.sh'
[8.807s] INFO:colcon.colcon_core.shell:Creating prefix util module '/home/crofi/AutoModelCrofi/ros2_ws/install/_local_setup_util_sh.py'
[8.810s] INFO:colcon.colcon_core.shell:Creating prefix chain script '/home/crofi/AutoModelCrofi/ros2_ws/install/setup.sh'
[8.820s] INFO:colcon.colcon_core.shell:Creating prefix script '/home/crofi/AutoModelCrofi/ros2_ws/install/local_setup.bash'
[8.822s] INFO:colcon.colcon_core.shell:Creating prefix chain script '/home/crofi/AutoModelCrofi/ros2_ws/install/setup.bash'
[8.831s] INFO:colcon.colcon_core.shell:Creating prefix script '/home/crofi/AutoModelCrofi/ros2_ws/install/local_setup.zsh'
[8.834s] INFO:colcon.colcon_core.shell:Creating prefix chain script '/home/crofi/AutoModelCrofi/ros2_ws/install/setup.zsh'
