[3.957s] Invoking command in '/home/crofi/AutoModelCrofi/ros2_ws/build/driver': PYTHONPATH=/home/crofi/AutoModelCrofi/ros2_ws/build/driver/prefix_override:/usr/lib/python3/dist-packages/colcon_core/task/python/colcon_distutils_commands:/home/crofi/AutoModelCrofi/ros2_ws/install/driver/lib/python3.10/site-packages:${PYTHONPATH} /usr/bin/python3 -W ignore:setup.py install is deprecated -W ignore:easy_install command is deprecated setup.py develop --uninstall --editable --build-directory /home/crofi/AutoModelCrofi/ros2_ws/build/driver/build
[5.084s] running develop
[6.023s] Removing /home/crofi/AutoModelCrofi/ros2_ws/install/driver/lib/python3.10/site-packages/driver.egg-link (link to .)
[6.386s] Invoked command in '/home/crofi/AutoModelCrofi/ros2_ws/build/driver' returned '0': PYTHONPATH=/home/crofi/AutoModelCrofi/ros2_ws/build/driver/prefix_override:/usr/lib/python3/dist-packages/colcon_core/task/python/colcon_distutils_commands:/home/crofi/AutoModelCrofi/ros2_ws/install/driver/lib/python3.10/site-packages:${PYTHONPATH} /usr/bin/python3 -W ignore:setup.py install is deprecated -W ignore:easy_install command is deprecated setup.py develop --uninstall --editable --build-directory /home/crofi/AutoModelCrofi/ros2_ws/build/driver/build
[6.397s] Invoking command in '/home/crofi/AutoModelCrofi/ros2_ws/src/hardware/driver': PYTHONPATH=/home/crofi/AutoModelCrofi/ros2_ws/build/driver/prefix_override:/usr/lib/python3/dist-packages/colcon_core/task/python/colcon_distutils_commands:/home/crofi/AutoModelCrofi/ros2_ws/install/driver/lib/python3.10/site-packages:${PYTHONPATH} /usr/bin/python3 -W ignore:setup.py install is deprecated -W ignore:easy_install command is deprecated setup.py egg_info --egg-base ../../../build/driver build --build-base /home/crofi/AutoModelCrofi/ros2_ws/build/driver/build install --record /home/crofi/AutoModelCrofi/ros2_ws/build/driver/install.log --single-version-externally-managed install_data --force
[7.393s] running egg_info
[7.399s] writing ../../../build/driver/driver.egg-info/PKG-INFO
[7.402s] writing dependency_links to ../../../build/driver/driver.egg-info/dependency_links.txt
[7.413s] writing entry points to ../../../build/driver/driver.egg-info/entry_points.txt
[7.413s] writing requirements to ../../../build/driver/driver.egg-info/requires.txt
[7.414s] writing top-level names to ../../../build/driver/driver.egg-info/top_level.txt
[7.414s] reading manifest file '../../../build/driver/driver.egg-info/SOURCES.txt'
[7.415s] writing manifest file '../../../build/driver/driver.egg-info/SOURCES.txt'
[7.415s] running build
[7.415s] running build_py
[7.417s] creating /home/crofi/AutoModelCrofi/ros2_ws/build/driver/build
[7.431s] creating /home/crofi/AutoModelCrofi/ros2_ws/build/driver/build/lib
[7.431s] creating /home/crofi/AutoModelCrofi/ros2_ws/build/driver/build/lib/driver
[7.432s] copying driver/__init__.py -> /home/crofi/AutoModelCrofi/ros2_ws/build/driver/build/lib/driver
[7.432s] copying driver/driver.py -> /home/crofi/AutoModelCrofi/ros2_ws/build/driver/build/lib/driver
[7.432s] running install
[7.433s] running install_lib
[7.433s] creating /home/crofi/AutoModelCrofi/ros2_ws/install/driver/lib/python3.10/site-packages/driver
[7.433s] copying /home/crofi/AutoModelCrofi/ros2_ws/build/driver/build/lib/driver/__init__.py -> /home/crofi/AutoModelCrofi/ros2_ws/install/driver/lib/python3.10/site-packages/driver
[7.435s] copying /home/crofi/AutoModelCrofi/ros2_ws/build/driver/build/lib/driver/driver.py -> /home/crofi/AutoModelCrofi/ros2_ws/install/driver/lib/python3.10/site-packages/driver
[7.436s] byte-compiling /home/crofi/AutoModelCrofi/ros2_ws/install/driver/lib/python3.10/site-packages/driver/__init__.py to __init__.cpython-310.pyc
[7.439s] byte-compiling /home/crofi/AutoModelCrofi/ros2_ws/install/driver/lib/python3.10/site-packages/driver/driver.py to driver.cpython-310.pyc
[7.440s] running install_data
[7.440s] copying resource/driver -> /home/crofi/AutoModelCrofi/ros2_ws/install/driver/share/ament_index/resource_index/packages
[7.440s] copying package.xml -> /home/crofi/AutoModelCrofi/ros2_ws/install/driver/share/driver
[7.441s] running install_egg_info
[7.442s] Copying ../../../build/driver/driver.egg-info to /home/crofi/AutoModelCrofi/ros2_ws/install/driver/lib/python3.10/site-packages/driver-0.0.0-py3.10.egg-info
[7.444s] running install_scripts
[7.544s] Installing driver script to /home/crofi/AutoModelCrofi/ros2_ws/install/driver/lib/driver
[7.551s] writing list of installed files to '/home/crofi/AutoModelCrofi/ros2_ws/build/driver/install.log'
[7.641s] Invoked command in '/home/crofi/AutoModelCrofi/ros2_ws/src/hardware/driver' returned '0': PYTHONPATH=/home/crofi/AutoModelCrofi/ros2_ws/build/driver/prefix_override:/usr/lib/python3/dist-packages/colcon_core/task/python/colcon_distutils_commands:/home/crofi/AutoModelCrofi/ros2_ws/install/driver/lib/python3.10/site-packages:${PYTHONPATH} /usr/bin/python3 -W ignore:setup.py install is deprecated -W ignore:easy_install command is deprecated setup.py egg_info --egg-base ../../../build/driver build --build-base /home/crofi/AutoModelCrofi/ros2_ws/build/driver/build install --record /home/crofi/AutoModelCrofi/ros2_ws/build/driver/install.log --single-version-externally-managed install_data --force
