[11.498s] Invoking command in '/home/crofi/ros2_ws/src/hardware/servo': PYTHONPATH=/home/crofi/ros2_ws/build/servo/prefix_override:/usr/lib/python3/dist-packages/colcon_core/task/python/colcon_distutils_commands:/home/crofi/ros2_ws/install/servo/lib/python3.10/site-packages:${PYTHONPATH} /usr/bin/python3 -W ignore:setup.py install is deprecated -W ignore:easy_install command is deprecated setup.py egg_info --egg-base ../../../build/servo build --build-base /home/crofi/ros2_ws/build/servo/build install --record /home/crofi/ros2_ws/build/servo/install.log --single-version-externally-managed install_data
[14.133s] running egg_info
[14.138s] writing ../../../build/servo/servo.egg-info/PKG-INFO
[14.144s] writing dependency_links to ../../../build/servo/servo.egg-info/dependency_links.txt
[14.144s] writing entry points to ../../../build/servo/servo.egg-info/entry_points.txt
[14.145s] writing requirements to ../../../build/servo/servo.egg-info/requires.txt
[14.146s] writing top-level names to ../../../build/servo/servo.egg-info/top_level.txt
[14.155s] reading manifest file '../../../build/servo/servo.egg-info/SOURCES.txt'
[14.160s] writing manifest file '../../../build/servo/servo.egg-info/SOURCES.txt'
[14.161s] running build
[14.162s] running build_py
[14.164s] running install
[14.177s] running install_lib
[14.185s] running install_data
[14.186s] running install_egg_info
[14.196s] removing '/home/crofi/ros2_ws/install/servo/lib/python3.10/site-packages/servo-0.0.0-py3.10.egg-info' (and everything under it)
[14.198s] Copying ../../../build/servo/servo.egg-info to /home/crofi/ros2_ws/install/servo/lib/python3.10/site-packages/servo-0.0.0-py3.10.egg-info
[14.217s] running install_scripts
[14.338s] Installing servo script to /home/crofi/ros2_ws/install/servo/lib/servo
[14.341s] writing list of installed files to '/home/crofi/ros2_ws/build/servo/install.log'
[15.950s] Invoked command in '/home/crofi/ros2_ws/src/hardware/servo' returned '0': PYTHONPATH=/home/crofi/ros2_ws/build/servo/prefix_override:/usr/lib/python3/dist-packages/colcon_core/task/python/colcon_distutils_commands:/home/crofi/ros2_ws/install/servo/lib/python3.10/site-packages:${PYTHONPATH} /usr/bin/python3 -W ignore:setup.py install is deprecated -W ignore:easy_install command is deprecated setup.py egg_info --egg-base ../../../build/servo build --build-base /home/crofi/ros2_ws/build/servo/build install --record /home/crofi/ros2_ws/build/servo/install.log --single-version-externally-managed install_data
