[7.115s] Invoking command in '/home/crofi/ros2_ws/src/hardware/webcam_recorted': PYTHONPATH=/home/crofi/ros2_ws/build/webcam_recorted/prefix_override:/usr/lib/python3/dist-packages/colcon_core/task/python/colcon_distutils_commands:/home/crofi/ros2_ws/install/webcam_recorted/lib/python3.10/site-packages:${PYTHONPATH} /usr/bin/python3 -W ignore:setup.py install is deprecated -W ignore:easy_install command is deprecated setup.py egg_info --egg-base ../../../build/webcam_recorted build --build-base /home/crofi/ros2_ws/build/webcam_recorted/build install --record /home/crofi/ros2_ws/build/webcam_recorted/install.log --single-version-externally-managed install_data
[8.842s] running egg_info
[8.845s] writing ../../../build/webcam_recorted/webcam_recorted.egg-info/PKG-INFO
[8.847s] writing dependency_links to ../../../build/webcam_recorted/webcam_recorted.egg-info/dependency_links.txt
[8.848s] writing entry points to ../../../build/webcam_recorted/webcam_recorted.egg-info/entry_points.txt
[8.849s] writing requirements to ../../../build/webcam_recorted/webcam_recorted.egg-info/requires.txt
[8.850s] writing top-level names to ../../../build/webcam_recorted/webcam_recorted.egg-info/top_level.txt
[8.869s] reading manifest file '../../../build/webcam_recorted/webcam_recorted.egg-info/SOURCES.txt'
[8.870s] writing manifest file '../../../build/webcam_recorted/webcam_recorted.egg-info/SOURCES.txt'
[8.870s] running build
[8.872s] running build_py
[8.872s] running install
[8.874s] running install_lib
[8.895s] running install_data
[8.896s] running install_egg_info
[8.922s] removing '/home/crofi/ros2_ws/install/webcam_recorted/lib/python3.10/site-packages/webcam_recorted-0.0.0-py3.10.egg-info' (and everything under it)
[8.924s] Copying ../../../build/webcam_recorted/webcam_recorted.egg-info to /home/crofi/ros2_ws/install/webcam_recorted/lib/python3.10/site-packages/webcam_recorted-0.0.0-py3.10.egg-info
[8.941s] running install_scripts
[9.089s] Installing webcam_recorted script to /home/crofi/ros2_ws/install/webcam_recorted/lib/webcam_recorted
[9.091s] writing list of installed files to '/home/crofi/ros2_ws/build/webcam_recorted/install.log'
[9.277s] Invoked command in '/home/crofi/ros2_ws/src/hardware/webcam_recorted' returned '0': PYTHONPATH=/home/crofi/ros2_ws/build/webcam_recorted/prefix_override:/usr/lib/python3/dist-packages/colcon_core/task/python/colcon_distutils_commands:/home/crofi/ros2_ws/install/webcam_recorted/lib/python3.10/site-packages:${PYTHONPATH} /usr/bin/python3 -W ignore:setup.py install is deprecated -W ignore:easy_install command is deprecated setup.py egg_info --egg-base ../../../build/webcam_recorted build --build-base /home/crofi/ros2_ws/build/webcam_recorted/build install --record /home/crofi/ros2_ws/build/webcam_recorted/install.log --single-version-externally-managed install_data
