[12.467s] Invoking command in '/home/crofi/AutoModel_Rep/ros2_ws/src/hardware/servo': PYTHONPATH=/home/crofi/AutoModel_Rep/build/servo/prefix_override:/usr/lib/python3/dist-packages/colcon_core/task/python/colcon_distutils_commands:/home/crofi/AutoModel_Rep/install/servo/lib/python3.10/site-packages:${PYTHONPATH} /usr/bin/python3 -W ignore:setup.py install is deprecated -W ignore:easy_install command is deprecated setup.py egg_info --egg-base ../../../../build/servo build --build-base /home/crofi/AutoModel_Rep/build/servo/build install --record /home/crofi/AutoModel_Rep/build/servo/install.log --single-version-externally-managed install_data
[16.742s] running egg_info
[16.743s] writing ../../../../build/servo/servo.egg-info/PKG-INFO
[16.815s] writing dependency_links to ../../../../build/servo/servo.egg-info/dependency_links.txt
[16.817s] writing entry points to ../../../../build/servo/servo.egg-info/entry_points.txt
[16.819s] writing requirements to ../../../../build/servo/servo.egg-info/requires.txt
[16.829s] writing top-level names to ../../../../build/servo/servo.egg-info/top_level.txt
[16.835s] reading manifest file '../../../../build/servo/servo.egg-info/SOURCES.txt'
[16.843s] writing manifest file '../../../../build/servo/servo.egg-info/SOURCES.txt'
[16.844s] running build
[16.845s] running build_py
[16.848s] running install
[16.849s] running install_lib
[16.898s] running install_data
[16.899s] running install_egg_info
[16.915s] removing '/home/crofi/AutoModel_Rep/install/servo/lib/python3.10/site-packages/servo-0.0.0-py3.10.egg-info' (and everything under it)
[16.942s] Copying ../../../../build/servo/servo.egg-info to /home/crofi/AutoModel_Rep/install/servo/lib/python3.10/site-packages/servo-0.0.0-py3.10.egg-info
[16.943s] running install_scripts
[17.139s] Installing servo script to /home/crofi/AutoModel_Rep/install/servo/lib/servo
[17.146s] writing list of installed files to '/home/crofi/AutoModel_Rep/build/servo/install.log'
[17.865s] Invoked command in '/home/crofi/AutoModel_Rep/ros2_ws/src/hardware/servo' returned '0': PYTHONPATH=/home/crofi/AutoModel_Rep/build/servo/prefix_override:/usr/lib/python3/dist-packages/colcon_core/task/python/colcon_distutils_commands:/home/crofi/AutoModel_Rep/install/servo/lib/python3.10/site-packages:${PYTHONPATH} /usr/bin/python3 -W ignore:setup.py install is deprecated -W ignore:easy_install command is deprecated setup.py egg_info --egg-base ../../../../build/servo build --build-base /home/crofi/AutoModel_Rep/build/servo/build install --record /home/crofi/AutoModel_Rep/build/servo/install.log --single-version-externally-managed install_data
