[10.237s] Invoking command in '/home/crofi/ros2_ws/src/hardware/servo': PYTHONPATH=/home/crofi/ros2_ws/build/servo/prefix_override:/usr/lib/python3/dist-packages/colcon_core/task/python/colcon_distutils_commands:/home/crofi/ros2_ws/install/servo/lib/python3.10/site-packages:${PYTHONPATH} /usr/bin/python3 -W ignore:setup.py install is deprecated -W ignore:easy_install command is deprecated setup.py egg_info --egg-base ../../../build/servo build --build-base /home/crofi/ros2_ws/build/servo/build install --record /home/crofi/ros2_ws/build/servo/install.log --single-version-externally-managed install_data
[13.056s] running egg_info
[13.057s] writing ../../../build/servo/servo.egg-info/PKG-INFO
[13.058s] writing dependency_links to ../../../build/servo/servo.egg-info/dependency_links.txt
[13.080s] writing entry points to ../../../build/servo/servo.egg-info/entry_points.txt
[13.081s] writing requirements to ../../../build/servo/servo.egg-info/requires.txt
[13.082s] writing top-level names to ../../../build/servo/servo.egg-info/top_level.txt
[13.083s] reading manifest file '../../../build/servo/servo.egg-info/SOURCES.txt'
[13.083s] writing manifest file '../../../build/servo/servo.egg-info/SOURCES.txt'
[13.084s] running build
[13.085s] running build_py
[13.085s] running install
[13.087s] running install_lib
[13.106s] running install_data
[13.107s] running install_egg_info
[13.130s] removing '/home/crofi/ros2_ws/install/servo/lib/python3.10/site-packages/servo-0.0.0-py3.10.egg-info' (and everything under it)
[13.131s] Copying ../../../build/servo/servo.egg-info to /home/crofi/ros2_ws/install/servo/lib/python3.10/site-packages/servo-0.0.0-py3.10.egg-info
[13.134s] running install_scripts
[13.283s] Installing servo script to /home/crofi/ros2_ws/install/servo/lib/servo
[13.284s] writing list of installed files to '/home/crofi/ros2_ws/build/servo/install.log'
[14.952s] Invoked command in '/home/crofi/ros2_ws/src/hardware/servo' returned '0': PYTHONPATH=/home/crofi/ros2_ws/build/servo/prefix_override:/usr/lib/python3/dist-packages/colcon_core/task/python/colcon_distutils_commands:/home/crofi/ros2_ws/install/servo/lib/python3.10/site-packages:${PYTHONPATH} /usr/bin/python3 -W ignore:setup.py install is deprecated -W ignore:easy_install command is deprecated setup.py egg_info --egg-base ../../../build/servo build --build-base /home/crofi/ros2_ws/build/servo/build install --record /home/crofi/ros2_ws/build/servo/install.log --single-version-externally-managed install_data
