[12.381s] Invoking command in '/home/crofi/ros2_ws/src/vision/senal_detector': PYTHONPATH=/home/crofi/ros2_ws/build/senal_detector/prefix_override:/usr/lib/python3/dist-packages/colcon_core/task/python/colcon_distutils_commands:/home/crofi/ros2_ws/install/senal_detector/lib/python3.10/site-packages:${PYTHONPATH} /usr/bin/python3 -W ignore:setup.py install is deprecated -W ignore:easy_install command is deprecated setup.py egg_info --egg-base ../../../build/senal_detector build --build-base /home/crofi/ros2_ws/build/senal_detector/build install --record /home/crofi/ros2_ws/build/senal_detector/install.log --single-version-externally-managed install_data
[14.486s] running egg_info
[14.490s] writing ../../../build/senal_detector/senal_detector.egg-info/PKG-INFO
[14.496s] writing dependency_links to ../../../build/senal_detector/senal_detector.egg-info/dependency_links.txt
[14.498s] writing entry points to ../../../build/senal_detector/senal_detector.egg-info/entry_points.txt
[14.500s] writing requirements to ../../../build/senal_detector/senal_detector.egg-info/requires.txt
[14.502s] writing top-level names to ../../../build/senal_detector/senal_detector.egg-info/top_level.txt
[14.514s] reading manifest file '../../../build/senal_detector/senal_detector.egg-info/SOURCES.txt'
[14.523s] writing manifest file '../../../build/senal_detector/senal_detector.egg-info/SOURCES.txt'
[14.524s] running build
[14.525s] running build_py
[14.529s] copying senal_detector/senal_detector.py -> /home/crofi/ros2_ws/build/senal_detector/build/lib/senal_detector
[14.532s] running install
[14.533s] running install_lib
[14.560s] copying /home/crofi/ros2_ws/build/senal_detector/build/lib/senal_detector/senal_detector.py -> /home/crofi/ros2_ws/install/senal_detector/lib/python3.10/site-packages/senal_detector
[14.566s] byte-compiling /home/crofi/ros2_ws/install/senal_detector/lib/python3.10/site-packages/senal_detector/senal_detector.py to senal_detector.cpython-310.pyc
[14.576s] running install_data
[14.579s] running install_egg_info
[14.598s] removing '/home/crofi/ros2_ws/install/senal_detector/lib/python3.10/site-packages/senal_detector-0.0.0-py3.10.egg-info' (and everything under it)
[14.605s] Copying ../../../build/senal_detector/senal_detector.egg-info to /home/crofi/ros2_ws/install/senal_detector/lib/python3.10/site-packages/senal_detector-0.0.0-py3.10.egg-info
[14.641s] running install_scripts
[14.934s] Installing senal_detector script to /home/crofi/ros2_ws/install/senal_detector/lib/senal_detector
[14.948s] writing list of installed files to '/home/crofi/ros2_ws/build/senal_detector/install.log'
[15.284s] Invoked command in '/home/crofi/ros2_ws/src/vision/senal_detector' returned '0': PYTHONPATH=/home/crofi/ros2_ws/build/senal_detector/prefix_override:/usr/lib/python3/dist-packages/colcon_core/task/python/colcon_distutils_commands:/home/crofi/ros2_ws/install/senal_detector/lib/python3.10/site-packages:${PYTHONPATH} /usr/bin/python3 -W ignore:setup.py install is deprecated -W ignore:easy_install command is deprecated setup.py egg_info --egg-base ../../../build/senal_detector build --build-base /home/crofi/ros2_ws/build/senal_detector/build install --record /home/crofi/ros2_ws/build/senal_detector/install.log --single-version-externally-managed install_data
