[2.197s] Invoking command in '/home/tars/AutoModelCrofi/build/directional_led': PYTHONPATH=/home/tars/AutoModelCrofi/build/directional_led/prefix_override:/usr/lib/python3/dist-packages/colcon_core/task/python/colcon_distutils_commands:/home/tars/AutoModelCrofi/install/directional_led/lib/python3.12/site-packages:${PYTHONPATH} /usr/bin/python3 -W ignore:setup.py install is deprecated -W ignore:easy_install command is deprecated setup.py develop --editable --build-directory /home/tars/AutoModelCrofi/build/directional_led/build --no-deps symlink_data
[2.601s] running develop
[2.861s] running egg_info
[2.861s] creating directional_led.egg-info
[2.887s] writing directional_led.egg-info/PKG-INFO
[2.888s] writing dependency_links to directional_led.egg-info/dependency_links.txt
[2.888s] writing entry points to directional_led.egg-info/entry_points.txt
[2.888s] writing requirements to directional_led.egg-info/requires.txt
[2.889s] writing top-level names to directional_led.egg-info/top_level.txt
[2.889s] writing manifest file 'directional_led.egg-info/SOURCES.txt'
[2.944s] reading manifest file 'directional_led.egg-info/SOURCES.txt'
[2.945s] writing manifest file 'directional_led.egg-info/SOURCES.txt'
[2.972s] running build_ext
[2.972s] Creating /home/tars/AutoModelCrofi/install/directional_led/lib/python3.12/site-packages/directional-led.egg-link (link to .)
[2.972s] Installing directional_led script to /home/tars/AutoModelCrofi/install/directional_led/lib/directional_led
[2.973s] 
[2.973s] Installed /home/tars/AutoModelCrofi/build/directional_led
[2.973s] running symlink_data
[2.973s] creating /home/tars/AutoModelCrofi/install/directional_led/share/ament_index
[2.973s] creating /home/tars/AutoModelCrofi/install/directional_led/share/ament_index/resource_index
[2.973s] creating /home/tars/AutoModelCrofi/install/directional_led/share/ament_index/resource_index/packages
[2.973s] symbolically linking /home/tars/AutoModelCrofi/build/directional_led/resource/directional_led -> /home/tars/AutoModelCrofi/install/directional_led/share/ament_index/resource_index/packages
[2.974s] symbolically linking /home/tars/AutoModelCrofi/build/directional_led/package.xml -> /home/tars/AutoModelCrofi/install/directional_led/share/directional_led
[3.036s] Invoked command in '/home/tars/AutoModelCrofi/build/directional_led' returned '0': PYTHONPATH=/home/tars/AutoModelCrofi/build/directional_led/prefix_override:/usr/lib/python3/dist-packages/colcon_core/task/python/colcon_distutils_commands:/home/tars/AutoModelCrofi/install/directional_led/lib/python3.12/site-packages:${PYTHONPATH} /usr/bin/python3 -W ignore:setup.py install is deprecated -W ignore:easy_install command is deprecated setup.py develop --editable --build-directory /home/tars/AutoModelCrofi/build/directional_led/build --no-deps symlink_data
