[27.878s] Invoking command in '/home/crofi/ros2_ws/src/vision/lane_angle': PYTHONPATH=/home/crofi/ros2_ws/build/lane_angle/prefix_override:/usr/lib/python3/dist-packages/colcon_core/task/python/colcon_distutils_commands:/home/crofi/ros2_ws/install/lane_angle/lib/python3.10/site-packages:${PYTHONPATH} /usr/bin/python3 -W ignore:setup.py install is deprecated -W ignore:easy_install command is deprecated setup.py egg_info --egg-base ../../../build/lane_angle build --build-base /home/crofi/ros2_ws/build/lane_angle/build install --record /home/crofi/ros2_ws/build/lane_angle/install.log --single-version-externally-managed install_data
[33.053s] running egg_info
[33.054s] writing ../../../build/lane_angle/lane_angle.egg-info/PKG-INFO
[33.055s] writing dependency_links to ../../../build/lane_angle/lane_angle.egg-info/dependency_links.txt
[33.055s] writing entry points to ../../../build/lane_angle/lane_angle.egg-info/entry_points.txt
[33.056s] writing requirements to ../../../build/lane_angle/lane_angle.egg-info/requires.txt
[33.057s] writing top-level names to ../../../build/lane_angle/lane_angle.egg-info/top_level.txt
[33.074s] reading manifest file '../../../build/lane_angle/lane_angle.egg-info/SOURCES.txt'
[33.074s] writing manifest file '../../../build/lane_angle/lane_angle.egg-info/SOURCES.txt'
[33.086s] running build
[33.098s] running build_py
[33.117s] running install
[33.118s] running install_lib
[33.119s] running install_data
[33.128s] running install_egg_info
[33.138s] removing '/home/crofi/ros2_ws/install/lane_angle/lib/python3.10/site-packages/lane_angle-0.0.0-py3.10.egg-info' (and everything under it)
[33.145s] Copying ../../../build/lane_angle/lane_angle.egg-info to /home/crofi/ros2_ws/install/lane_angle/lib/python3.10/site-packages/lane_angle-0.0.0-py3.10.egg-info
[33.201s] running install_scripts
[33.397s] Installing lane_angle script to /home/crofi/ros2_ws/install/lane_angle/lib/lane_angle
[33.417s] writing list of installed files to '/home/crofi/ros2_ws/build/lane_angle/install.log'
[37.759s] Invoked command in '/home/crofi/ros2_ws/src/vision/lane_angle' returned '0': PYTHONPATH=/home/crofi/ros2_ws/build/lane_angle/prefix_override:/usr/lib/python3/dist-packages/colcon_core/task/python/colcon_distutils_commands:/home/crofi/ros2_ws/install/lane_angle/lib/python3.10/site-packages:${PYTHONPATH} /usr/bin/python3 -W ignore:setup.py install is deprecated -W ignore:easy_install command is deprecated setup.py egg_info --egg-base ../../../build/lane_angle build --build-base /home/crofi/ros2_ws/build/lane_angle/build install --record /home/crofi/ros2_ws/build/lane_angle/install.log --single-version-externally-managed install_data
