[8.185s] Invoking command in '/home/crofi/AutoModelCrofi/ros2_ws/build/webcam': PYTHONPATH=/home/crofi/AutoModelCrofi/ros2_ws/build/webcam/prefix_override:/usr/lib/python3/dist-packages/colcon_core/task/python/colcon_distutils_commands:/home/crofi/AutoModelCrofi/ros2_ws/install/webcam/lib/python3.10/site-packages:${PYTHONPATH} /usr/bin/python3 -W ignore:setup.py install is deprecated -W ignore:easy_install command is deprecated setup.py develop --uninstall --editable --build-directory /home/crofi/AutoModelCrofi/ros2_ws/build/webcam/build
[11.352s] running develop
[13.910s] Removing /home/crofi/AutoModelCrofi/ros2_ws/install/webcam/lib/python3.10/site-packages/webcam.egg-link (link to .)
[16.179s] Invoked command in '/home/crofi/AutoModelCrofi/ros2_ws/build/webcam' returned '0': PYTHONPATH=/home/crofi/AutoModelCrofi/ros2_ws/build/webcam/prefix_override:/usr/lib/python3/dist-packages/colcon_core/task/python/colcon_distutils_commands:/home/crofi/AutoModelCrofi/ros2_ws/install/webcam/lib/python3.10/site-packages:${PYTHONPATH} /usr/bin/python3 -W ignore:setup.py install is deprecated -W ignore:easy_install command is deprecated setup.py develop --uninstall --editable --build-directory /home/crofi/AutoModelCrofi/ros2_ws/build/webcam/build
[16.190s] Invoking command in '/home/crofi/AutoModelCrofi/ros2_ws/src/hardware/webcam': PYTHONPATH=/home/crofi/AutoModelCrofi/ros2_ws/build/webcam/prefix_override:/usr/lib/python3/dist-packages/colcon_core/task/python/colcon_distutils_commands:/home/crofi/AutoModelCrofi/ros2_ws/install/webcam/lib/python3.10/site-packages:${PYTHONPATH} /usr/bin/python3 -W ignore:setup.py install is deprecated -W ignore:easy_install command is deprecated setup.py egg_info --egg-base ../../../build/webcam build --build-base /home/crofi/AutoModelCrofi/ros2_ws/build/webcam/build install --record /home/crofi/AutoModelCrofi/ros2_ws/build/webcam/install.log --single-version-externally-managed install_data --force
[17.955s] running egg_info
[17.958s] writing ../../../build/webcam/webcam.egg-info/PKG-INFO
[17.959s] writing dependency_links to ../../../build/webcam/webcam.egg-info/dependency_links.txt
[17.961s] writing entry points to ../../../build/webcam/webcam.egg-info/entry_points.txt
[17.962s] writing requirements to ../../../build/webcam/webcam.egg-info/requires.txt
[17.963s] writing top-level names to ../../../build/webcam/webcam.egg-info/top_level.txt
[17.973s] reading manifest file '../../../build/webcam/webcam.egg-info/SOURCES.txt'
[17.975s] adding license file 'LICENSE'
[17.986s] writing manifest file '../../../build/webcam/webcam.egg-info/SOURCES.txt'
[17.989s] running build
[17.990s] running build_py
[17.990s] copying webcam/webcam.py -> /home/crofi/AutoModelCrofi/ros2_ws/build/webcam/build/lib/webcam
[17.991s] running install
[17.992s] running install_lib
[17.995s] creating /home/crofi/AutoModelCrofi/ros2_ws/install/webcam/lib/python3.10/site-packages/webcam
[17.996s] copying /home/crofi/AutoModelCrofi/ros2_ws/build/webcam/build/lib/webcam/__init__.py -> /home/crofi/AutoModelCrofi/ros2_ws/install/webcam/lib/python3.10/site-packages/webcam
[17.997s] copying /home/crofi/AutoModelCrofi/ros2_ws/build/webcam/build/lib/webcam/webcam.py -> /home/crofi/AutoModelCrofi/ros2_ws/install/webcam/lib/python3.10/site-packages/webcam
[18.001s] byte-compiling /home/crofi/AutoModelCrofi/ros2_ws/install/webcam/lib/python3.10/site-packages/webcam/__init__.py to __init__.cpython-310.pyc
[18.001s] byte-compiling /home/crofi/AutoModelCrofi/ros2_ws/install/webcam/lib/python3.10/site-packages/webcam/webcam.py to webcam.cpython-310.pyc
[18.005s] running install_data
[18.006s] copying resource/webcam -> /home/crofi/AutoModelCrofi/ros2_ws/install/webcam/share/ament_index/resource_index/packages
[18.007s] copying package.xml -> /home/crofi/AutoModelCrofi/ros2_ws/install/webcam/share/webcam
[18.008s] running install_egg_info
[18.017s] Copying ../../../build/webcam/webcam.egg-info to /home/crofi/AutoModelCrofi/ros2_ws/install/webcam/lib/python3.10/site-packages/webcam-0.0.0-py3.10.egg-info
[18.025s] running install_scripts
[18.141s] Installing webcam script to /home/crofi/AutoModelCrofi/ros2_ws/install/webcam/lib/webcam
[18.143s] writing list of installed files to '/home/crofi/AutoModelCrofi/ros2_ws/build/webcam/install.log'
[18.359s] Invoked command in '/home/crofi/AutoModelCrofi/ros2_ws/src/hardware/webcam' returned '0': PYTHONPATH=/home/crofi/AutoModelCrofi/ros2_ws/build/webcam/prefix_override:/usr/lib/python3/dist-packages/colcon_core/task/python/colcon_distutils_commands:/home/crofi/AutoModelCrofi/ros2_ws/install/webcam/lib/python3.10/site-packages:${PYTHONPATH} /usr/bin/python3 -W ignore:setup.py install is deprecated -W ignore:easy_install command is deprecated setup.py egg_info --egg-base ../../../build/webcam build --build-base /home/crofi/AutoModelCrofi/ros2_ws/build/webcam/build install --record /home/crofi/AutoModelCrofi/ros2_ws/build/webcam/install.log --single-version-externally-managed install_data --force
