[24.956s] Invoking command in '/home/crofi/AutoModel_Rep/ros2_ws/src/vision/senal_detector': PYTHONPATH=/home/crofi/AutoModel_Rep/build/senal_detector/prefix_override:/usr/lib/python3/dist-packages/colcon_core/task/python/colcon_distutils_commands:/home/crofi/AutoModel_Rep/install/senal_detector/lib/python3.10/site-packages:${PYTHONPATH} /usr/bin/python3 -W ignore:setup.py install is deprecated -W ignore:easy_install command is deprecated setup.py egg_info --egg-base ../../../../build/senal_detector build --build-base /home/crofi/AutoModel_Rep/build/senal_detector/build install --record /home/crofi/AutoModel_Rep/build/senal_detector/install.log --single-version-externally-managed install_data
[30.107s] running egg_info
[30.114s] writing ../../../../build/senal_detector/senal_detector.egg-info/PKG-INFO
[30.117s] writing dependency_links to ../../../../build/senal_detector/senal_detector.egg-info/dependency_links.txt
[30.133s] writing entry points to ../../../../build/senal_detector/senal_detector.egg-info/entry_points.txt
[30.149s] writing requirements to ../../../../build/senal_detector/senal_detector.egg-info/requires.txt
[30.150s] writing top-level names to ../../../../build/senal_detector/senal_detector.egg-info/top_level.txt
[30.161s] reading manifest file '../../../../build/senal_detector/senal_detector.egg-info/SOURCES.txt'
[30.171s] writing manifest file '../../../../build/senal_detector/senal_detector.egg-info/SOURCES.txt'
[30.172s] running build
[30.186s] running build_py
[30.200s] running install
[30.202s] running install_lib
[30.227s] running install_data
[30.228s] running install_egg_info
[30.264s] removing '/home/crofi/AutoModel_Rep/install/senal_detector/lib/python3.10/site-packages/senal_detector-0.0.0-py3.10.egg-info' (and everything under it)
[30.272s] Copying ../../../../build/senal_detector/senal_detector.egg-info to /home/crofi/AutoModel_Rep/install/senal_detector/lib/python3.10/site-packages/senal_detector-0.0.0-py3.10.egg-info
[30.295s] running install_scripts
[30.567s] Installing senal_detector script to /home/crofi/AutoModel_Rep/install/senal_detector/lib/senal_detector
[30.571s] writing list of installed files to '/home/crofi/AutoModel_Rep/build/senal_detector/install.log'
[31.153s] Invoked command in '/home/crofi/AutoModel_Rep/ros2_ws/src/vision/senal_detector' returned '0': PYTHONPATH=/home/crofi/AutoModel_Rep/build/senal_detector/prefix_override:/usr/lib/python3/dist-packages/colcon_core/task/python/colcon_distutils_commands:/home/crofi/AutoModel_Rep/install/senal_detector/lib/python3.10/site-packages:${PYTHONPATH} /usr/bin/python3 -W ignore:setup.py install is deprecated -W ignore:easy_install command is deprecated setup.py egg_info --egg-base ../../../../build/senal_detector build --build-base /home/crofi/AutoModel_Rep/build/senal_detector/build install --record /home/crofi/AutoModel_Rep/build/senal_detector/install.log --single-version-externally-managed install_data
