[0.178s] Invoking command in '/home/tars/AutoModelCrofi/ros2_ws/build/ydlidar_ros2_driver': CMAKE_PREFIX_PATH=${CMAKE_PREFIX_PATH}:/opt/ros/jazzy /usr/bin/cmake /home/tars/AutoModelCrofi/ros2_ws/src/hardware/ydlidar_ros2_driver -DAMENT_CMAKE_SYMLINK_INSTALL=1 -DCMAKE_INSTALL_PREFIX=/home/tars/AutoModelCrofi/ros2_ws/install/ydlidar_ros2_driver
[0.187s] -- Found ament_cmake: 2.5.3 (/opt/ros/jazzy/share/ament_cmake/cmake)
[0.343s] -- Override CMake install command with custom implementation using symlinks instead of copying resources
[0.349s] -- Found rclcpp: 28.1.6 (/opt/ros/jazzy/share/rclcpp/cmake)
[0.369s] -- Found rosidl_generator_c: 4.6.5 (/opt/ros/jazzy/share/rosidl_generator_c/cmake)
[0.375s] -- Found rosidl_generator_cpp: 4.6.5 (/opt/ros/jazzy/share/rosidl_generator_cpp/cmake)
[0.382s] -- Using all available rosidl_typesupport_c: rosidl_typesupport_fastrtps_c;rosidl_typesupport_introspection_c
[0.391s] -- Using all available rosidl_typesupport_cpp: rosidl_typesupport_fastrtps_cpp;rosidl_typesupport_introspection_cpp
[0.433s] -- Found rmw_implementation_cmake: 7.3.1 (/opt/ros/jazzy/share/rmw_implementation_cmake/cmake)
[0.434s] -- Found rmw_fastrtps_cpp: 8.4.1 (/opt/ros/jazzy/share/rmw_fastrtps_cpp/cmake)
[0.478s] -- Using RMW implementation 'rmw_fastrtps_cpp' as default
[0.522s] -- Found sensor_msgs: 5.3.5 (/opt/ros/jazzy/share/sensor_msgs/cmake)
[0.560s] -- Found visualization_msgs: 5.3.5 (/opt/ros/jazzy/share/visualization_msgs/cmake)
[0.580s] -- Found std_srvs: 5.3.5 (/opt/ros/jazzy/share/std_srvs/cmake)
[0.599s] -- Found ament_lint_auto: 0.17.1 (/opt/ros/jazzy/share/ament_lint_auto/cmake)
[0.666s] -- Added test 'copyright' to check source files copyright and LICENSE
[0.668s] -- Added test 'cppcheck' to perform static code analysis on C / C++ code
[0.668s] -- Configured cppcheck include dirs: /home/tars/AutoModelCrofi/ros2_ws/src/hardware/ydlidar_ros2_driver/src
[0.668s] -- Configured cppcheck exclude dirs and/or files: 
[0.670s] -- Added test 'cpplint' to check C / C++ code against the Google style
[0.671s] -- Configured cpplint exclude dirs and/or files: 
[0.671s] -- Added test 'flake8' to check Python code syntax and style conventions
[0.671s] -- Configured 'flake8' exclude dirs and/or files: 
[0.672s] -- Added test 'lint_cmake' to check CMake code style
[0.672s] -- Added test 'pep257' to check Python code against some of the docstring style conventions in PEP 257
[0.674s] -- Added test 'uncrustify' to check C / C++ code style
[0.674s] -- Configured uncrustify additional arguments: 
[0.675s] -- Added test 'xmllint' to check XML markup files
[0.675s] -- Configuring done (0.5s)
[0.687s] -- Generating done (0.0s)
[0.690s] -- Build files have been written to: /home/tars/AutoModelCrofi/ros2_ws/build/ydlidar_ros2_driver
[0.696s] Invoked command in '/home/tars/AutoModelCrofi/ros2_ws/build/ydlidar_ros2_driver' returned '0': CMAKE_PREFIX_PATH=${CMAKE_PREFIX_PATH}:/opt/ros/jazzy /usr/bin/cmake /home/tars/AutoModelCrofi/ros2_ws/src/hardware/ydlidar_ros2_driver -DAMENT_CMAKE_SYMLINK_INSTALL=1 -DCMAKE_INSTALL_PREFIX=/home/tars/AutoModelCrofi/ros2_ws/install/ydlidar_ros2_driver
[0.697s] Invoking command in '/home/tars/AutoModelCrofi/ros2_ws/build/ydlidar_ros2_driver': CMAKE_PREFIX_PATH=${CMAKE_PREFIX_PATH}:/opt/ros/jazzy /usr/bin/cmake --build /home/tars/AutoModelCrofi/ros2_ws/build/ydlidar_ros2_driver -- -j8 -l8
[0.743s] [ 50%] Built target ydlidar_ros2_driver_client
[0.744s] [100%] Built target ydlidar_ros2_driver_node
[0.752s] Invoked command in '/home/tars/AutoModelCrofi/ros2_ws/build/ydlidar_ros2_driver' returned '0': CMAKE_PREFIX_PATH=${CMAKE_PREFIX_PATH}:/opt/ros/jazzy /usr/bin/cmake --build /home/tars/AutoModelCrofi/ros2_ws/build/ydlidar_ros2_driver -- -j8 -l8
[0.759s] Invoking command in '/home/tars/AutoModelCrofi/ros2_ws/build/ydlidar_ros2_driver': CMAKE_PREFIX_PATH=${CMAKE_PREFIX_PATH}:/opt/ros/jazzy /usr/bin/cmake --install /home/tars/AutoModelCrofi/ros2_ws/build/ydlidar_ros2_driver
[0.764s] -- Install configuration: ""
[0.765s] -- Execute custom install script
[0.765s] -- Up-to-date symlink: /home/tars/AutoModelCrofi/ros2_ws/install/ydlidar_ros2_driver/lib/ydlidar_ros2_driver/ydlidar_ros2_driver_node
[0.765s] -- Up-to-date symlink: /home/tars/AutoModelCrofi/ros2_ws/install/ydlidar_ros2_driver/lib/ydlidar_ros2_driver/ydlidar_ros2_driver_client
[0.765s] -- Up-to-date symlink: /home/tars/AutoModelCrofi/ros2_ws/install/ydlidar_ros2_driver/share/ydlidar_ros2_driver/launch/ydlidar.py
[0.766s] -- Up-to-date symlink: /home/tars/AutoModelCrofi/ros2_ws/install/ydlidar_ros2_driver/share/ydlidar_ros2_driver/launch/ydlidar_launch.py
[0.766s] -- Up-to-date symlink: /home/tars/AutoModelCrofi/ros2_ws/install/ydlidar_ros2_driver/share/ydlidar_ros2_driver/launch/ydlidar_launch_view.py
[0.766s] -- Up-to-date symlink: /home/tars/AutoModelCrofi/ros2_ws/install/ydlidar_ros2_driver/share/ydlidar_ros2_driver/params/G1.yaml
[0.766s] -- Up-to-date symlink: /home/tars/AutoModelCrofi/ros2_ws/install/ydlidar_ros2_driver/share/ydlidar_ros2_driver/params/G2.yaml
[0.766s] -- Up-to-date symlink: /home/tars/AutoModelCrofi/ros2_ws/install/ydlidar_ros2_driver/share/ydlidar_ros2_driver/params/G6.yaml
[0.766s] -- Up-to-date symlink: /home/tars/AutoModelCrofi/ros2_ws/install/ydlidar_ros2_driver/share/ydlidar_ros2_driver/params/GS2.yaml
[0.767s] -- Up-to-date symlink: /home/tars/AutoModelCrofi/ros2_ws/install/ydlidar_ros2_driver/share/ydlidar_ros2_driver/params/TEA.yaml
[0.767s] -- Up-to-date symlink: /home/tars/AutoModelCrofi/ros2_ws/install/ydlidar_ros2_driver/share/ydlidar_ros2_driver/params/TG.yaml
[0.767s] -- Up-to-date symlink: /home/tars/AutoModelCrofi/ros2_ws/install/ydlidar_ros2_driver/share/ydlidar_ros2_driver/params/TminiPro.yaml
[0.767s] -- Up-to-date symlink: /home/tars/AutoModelCrofi/ros2_ws/install/ydlidar_ros2_driver/share/ydlidar_ros2_driver/params/X2.yaml
[0.767s] -- Up-to-date symlink: /home/tars/AutoModelCrofi/ros2_ws/install/ydlidar_ros2_driver/share/ydlidar_ros2_driver/params/X4-Pro.yaml
[0.767s] -- Up-to-date symlink: /home/tars/AutoModelCrofi/ros2_ws/install/ydlidar_ros2_driver/share/ydlidar_ros2_driver/params/X4.yaml
[0.767s] -- Up-to-date symlink: /home/tars/AutoModelCrofi/ros2_ws/install/ydlidar_ros2_driver/share/ydlidar_ros2_driver/params/ydlidar.yaml
[0.767s] -- Up-to-date symlink: /home/tars/AutoModelCrofi/ros2_ws/install/ydlidar_ros2_driver/share/ydlidar_ros2_driver/startup/initenv.sh
[0.768s] -- Up-to-date symlink: /home/tars/AutoModelCrofi/ros2_ws/install/ydlidar_ros2_driver/share/ydlidar_ros2_driver/config/ydlidar.rviz
[0.768s] -- Up-to-date symlink: /home/tars/AutoModelCrofi/ros2_ws/install/ydlidar_ros2_driver/share/ament_index/resource_index/package_run_dependencies/ydlidar_ros2_driver
[0.768s] -- Up-to-date symlink: /home/tars/AutoModelCrofi/ros2_ws/install/ydlidar_ros2_driver/share/ament_index/resource_index/parent_prefix_path/ydlidar_ros2_driver
[0.768s] -- Up-to-date symlink: /home/tars/AutoModelCrofi/ros2_ws/install/ydlidar_ros2_driver/share/ydlidar_ros2_driver/environment/ament_prefix_path.sh
[0.768s] -- Up-to-date symlink: /home/tars/AutoModelCrofi/ros2_ws/install/ydlidar_ros2_driver/share/ydlidar_ros2_driver/environment/ament_prefix_path.dsv
[0.768s] -- Up-to-date symlink: /home/tars/AutoModelCrofi/ros2_ws/install/ydlidar_ros2_driver/share/ydlidar_ros2_driver/environment/path.sh
[0.768s] -- Up-to-date symlink: /home/tars/AutoModelCrofi/ros2_ws/install/ydlidar_ros2_driver/share/ydlidar_ros2_driver/environment/path.dsv
[0.769s] -- Up-to-date symlink: /home/tars/AutoModelCrofi/ros2_ws/install/ydlidar_ros2_driver/share/ydlidar_ros2_driver/local_setup.bash
[0.769s] -- Up-to-date symlink: /home/tars/AutoModelCrofi/ros2_ws/install/ydlidar_ros2_driver/share/ydlidar_ros2_driver/local_setup.sh
[0.769s] -- Up-to-date symlink: /home/tars/AutoModelCrofi/ros2_ws/install/ydlidar_ros2_driver/share/ydlidar_ros2_driver/local_setup.zsh
[0.769s] -- Up-to-date symlink: /home/tars/AutoModelCrofi/ros2_ws/install/ydlidar_ros2_driver/share/ydlidar_ros2_driver/local_setup.dsv
[0.769s] -- Symlinking: /home/tars/AutoModelCrofi/ros2_ws/install/ydlidar_ros2_driver/share/ydlidar_ros2_driver/package.dsv
[0.775s] -- Up-to-date symlink: /home/tars/AutoModelCrofi/ros2_ws/install/ydlidar_ros2_driver/share/ament_index/resource_index/packages/ydlidar_ros2_driver
[0.775s] -- Up-to-date symlink: /home/tars/AutoModelCrofi/ros2_ws/install/ydlidar_ros2_driver/share/ydlidar_ros2_driver/cmake/ydlidar_ros2_driverConfig.cmake
[0.775s] -- Up-to-date symlink: /home/tars/AutoModelCrofi/ros2_ws/install/ydlidar_ros2_driver/share/ydlidar_ros2_driver/cmake/ydlidar_ros2_driverConfig-version.cmake
[0.776s] -- Up-to-date symlink: /home/tars/AutoModelCrofi/ros2_ws/install/ydlidar_ros2_driver/share/ydlidar_ros2_driver/package.xml
[0.777s] Invoked command in '/home/tars/AutoModelCrofi/ros2_ws/build/ydlidar_ros2_driver' returned '0': CMAKE_PREFIX_PATH=${CMAKE_PREFIX_PATH}:/opt/ros/jazzy /usr/bin/cmake --install /home/tars/AutoModelCrofi/ros2_ws/build/ydlidar_ros2_driver
