[6.436s] Invoking command in '/home/crofi/AutoModelCrofi/ros2_ws/build/ydlidar_client': PYTHONPATH=/home/crofi/AutoModelCrofi/ros2_ws/build/ydlidar_client/prefix_override:/usr/lib/python3/dist-packages/colcon_core/task/python/colcon_distutils_commands:/home/crofi/AutoModelCrofi/ros2_ws/install/ydlidar_client/lib/python3.10/site-packages:${PYTHONPATH} /usr/bin/python3 -W ignore:setup.py install is deprecated -W ignore:easy_install command is deprecated setup.py develop --editable --build-directory /home/crofi/AutoModelCrofi/ros2_ws/build/ydlidar_client/build --no-deps symlink_data
[8.416s] running develop
[10.355s] running egg_info
[10.357s] writing ydlidar_client.egg-info/PKG-INFO
[10.359s] writing dependency_links to ydlidar_client.egg-info/dependency_links.txt
[10.361s] writing entry points to ydlidar_client.egg-info/entry_points.txt
[10.363s] writing requirements to ydlidar_client.egg-info/requires.txt
[10.365s] writing top-level names to ydlidar_client.egg-info/top_level.txt
[10.375s] reading manifest file 'ydlidar_client.egg-info/SOURCES.txt'
[10.380s] writing manifest file 'ydlidar_client.egg-info/SOURCES.txt'
[10.390s] running build_ext
[10.391s] Creating /home/crofi/AutoModelCrofi/ros2_ws/install/ydlidar_client/lib/python3.10/site-packages/ydlidar-client.egg-link (link to .)
[10.400s] Installing colision script to /home/crofi/AutoModelCrofi/ros2_ws/install/ydlidar_client/lib/ydlidar_client
[10.402s] Installing parkyng script to /home/crofi/AutoModelCrofi/ros2_ws/install/ydlidar_client/lib/ydlidar_client
[10.403s] Installing rebase script to /home/crofi/AutoModelCrofi/ros2_ws/install/ydlidar_client/lib/ydlidar_client
[10.403s] Installing ydlidar_client script to /home/crofi/AutoModelCrofi/ros2_ws/install/ydlidar_client/lib/ydlidar_client
[10.403s] Installing ydlidar_publisher script to /home/crofi/AutoModelCrofi/ros2_ws/install/ydlidar_client/lib/ydlidar_client
[10.404s] 
[10.404s] Installed /home/crofi/AutoModelCrofi/ros2_ws/build/ydlidar_client
[10.404s] running symlink_data
[10.560s] Invoked command in '/home/crofi/AutoModelCrofi/ros2_ws/build/ydlidar_client' returned '0': PYTHONPATH=/home/crofi/AutoModelCrofi/ros2_ws/build/ydlidar_client/prefix_override:/usr/lib/python3/dist-packages/colcon_core/task/python/colcon_distutils_commands:/home/crofi/AutoModelCrofi/ros2_ws/install/ydlidar_client/lib/python3.10/site-packages:${PYTHONPATH} /usr/bin/python3 -W ignore:setup.py install is deprecated -W ignore:easy_install command is deprecated setup.py develop --editable --build-directory /home/crofi/AutoModelCrofi/ros2_ws/build/ydlidar_client/build --no-deps symlink_data
