[10.881s] Invoking command in '/home/crofi/AutoModel_Rep/ros2_ws/src/vision/lane_detector': PYTHONPATH=/home/crofi/AutoModel_Rep/build/lane_detector/prefix_override:/usr/lib/python3/dist-packages/colcon_core/task/python/colcon_distutils_commands:/home/crofi/AutoModel_Rep/install/lane_detector/lib/python3.10/site-packages:${PYTHONPATH} /usr/bin/python3 -W ignore:setup.py install is deprecated -W ignore:easy_install command is deprecated setup.py egg_info --egg-base ../../../../build/lane_detector build --build-base /home/crofi/AutoModel_Rep/build/lane_detector/build install --record /home/crofi/AutoModel_Rep/build/lane_detector/install.log --single-version-externally-managed install_data
[14.311s] running egg_info
[14.318s] writing ../../../../build/lane_detector/lane_detector.egg-info/PKG-INFO
[14.320s] writing dependency_links to ../../../../build/lane_detector/lane_detector.egg-info/dependency_links.txt
[14.323s] writing entry points to ../../../../build/lane_detector/lane_detector.egg-info/entry_points.txt
[14.327s] writing requirements to ../../../../build/lane_detector/lane_detector.egg-info/requires.txt
[14.329s] writing top-level names to ../../../../build/lane_detector/lane_detector.egg-info/top_level.txt
[14.360s] reading manifest file '../../../../build/lane_detector/lane_detector.egg-info/SOURCES.txt'
[14.387s] writing manifest file '../../../../build/lane_detector/lane_detector.egg-info/SOURCES.txt'
[14.391s] running build
[14.392s] running build_py
[14.398s] running install
[14.405s] running install_lib
[14.468s] running install_data
[14.473s] running install_egg_info
[14.500s] removing '/home/crofi/AutoModel_Rep/install/lane_detector/lib/python3.10/site-packages/lane_detector-0.0.0-py3.10.egg-info' (and everything under it)
[14.508s] Copying ../../../../build/lane_detector/lane_detector.egg-info to /home/crofi/AutoModel_Rep/install/lane_detector/lib/python3.10/site-packages/lane_detector-0.0.0-py3.10.egg-info
[14.528s] running install_scripts
[14.808s] Installing lane_detector script to /home/crofi/AutoModel_Rep/install/lane_detector/lib/lane_detector
[14.810s] writing list of installed files to '/home/crofi/AutoModel_Rep/build/lane_detector/install.log'
[15.225s] Invoked command in '/home/crofi/AutoModel_Rep/ros2_ws/src/vision/lane_detector' returned '0': PYTHONPATH=/home/crofi/AutoModel_Rep/build/lane_detector/prefix_override:/usr/lib/python3/dist-packages/colcon_core/task/python/colcon_distutils_commands:/home/crofi/AutoModel_Rep/install/lane_detector/lib/python3.10/site-packages:${PYTHONPATH} /usr/bin/python3 -W ignore:setup.py install is deprecated -W ignore:easy_install command is deprecated setup.py egg_info --egg-base ../../../../build/lane_detector build --build-base /home/crofi/AutoModel_Rep/build/lane_detector/build install --record /home/crofi/AutoModel_Rep/build/lane_detector/install.log --single-version-externally-managed install_data
