[10.548s] Invoking command in '/home/crofi/ros2_ws/src/vision/lane_angle': PYTHONPATH=/home/crofi/ros2_ws/build/lane_angle/prefix_override:/usr/lib/python3/dist-packages/colcon_core/task/python/colcon_distutils_commands:/home/crofi/ros2_ws/install/lane_angle/lib/python3.10/site-packages:${PYTHONPATH} /usr/bin/python3 -W ignore:setup.py install is deprecated -W ignore:easy_install command is deprecated setup.py egg_info --egg-base ../../../build/lane_angle build --build-base /home/crofi/ros2_ws/build/lane_angle/build install --record /home/crofi/ros2_ws/build/lane_angle/install.log --single-version-externally-managed install_data
[13.431s] running egg_info
[13.436s] writing ../../../build/lane_angle/lane_angle.egg-info/PKG-INFO
[13.437s] writing dependency_links to ../../../build/lane_angle/lane_angle.egg-info/dependency_links.txt
[13.438s] writing entry points to ../../../build/lane_angle/lane_angle.egg-info/entry_points.txt
[13.442s] writing requirements to ../../../build/lane_angle/lane_angle.egg-info/requires.txt
[13.442s] writing top-level names to ../../../build/lane_angle/lane_angle.egg-info/top_level.txt
[13.470s] reading manifest file '../../../build/lane_angle/lane_angle.egg-info/SOURCES.txt'
[13.474s] writing manifest file '../../../build/lane_angle/lane_angle.egg-info/SOURCES.txt'
[13.474s] running build
[13.475s] running build_py
[13.482s] running install
[13.487s] running install_lib
[13.492s] running install_data
[13.495s] running install_egg_info
[13.525s] removing '/home/crofi/ros2_ws/install/lane_angle/lib/python3.10/site-packages/lane_angle-0.0.0-py3.10.egg-info' (and everything under it)
[13.538s] Copying ../../../build/lane_angle/lane_angle.egg-info to /home/crofi/ros2_ws/install/lane_angle/lib/python3.10/site-packages/lane_angle-0.0.0-py3.10.egg-info
[13.539s] running install_scripts
[13.837s] Installing lane_angle script to /home/crofi/ros2_ws/install/lane_angle/lib/lane_angle
[13.840s] writing list of installed files to '/home/crofi/ros2_ws/build/lane_angle/install.log'
[15.727s] Invoked command in '/home/crofi/ros2_ws/src/vision/lane_angle' returned '0': PYTHONPATH=/home/crofi/ros2_ws/build/lane_angle/prefix_override:/usr/lib/python3/dist-packages/colcon_core/task/python/colcon_distutils_commands:/home/crofi/ros2_ws/install/lane_angle/lib/python3.10/site-packages:${PYTHONPATH} /usr/bin/python3 -W ignore:setup.py install is deprecated -W ignore:easy_install command is deprecated setup.py egg_info --egg-base ../../../build/lane_angle build --build-base /home/crofi/ros2_ws/build/lane_angle/build install --record /home/crofi/ros2_ws/build/lane_angle/install.log --single-version-externally-managed install_data
