[19.508s] Invoking command in '/home/crofi/AutoModelCrofi/ros2_ws/build/webcam': PYTHONPATH=/home/crofi/AutoModelCrofi/ros2_ws/build/webcam/prefix_override:/usr/lib/python3/dist-packages/colcon_core/task/python/colcon_distutils_commands:/home/crofi/AutoModelCrofi/ros2_ws/install/webcam/lib/python3.10/site-packages:${PYTHONPATH} /usr/bin/python3 -W ignore:setup.py install is deprecated -W ignore:easy_install command is deprecated setup.py develop --editable --build-directory /home/crofi/AutoModelCrofi/ros2_ws/build/webcam/build --no-deps symlink_data
[24.550s] running develop
[28.502s] running egg_info
[28.505s] creating webcam.egg-info
[28.512s] writing webcam.egg-info/PKG-INFO
[28.520s] writing dependency_links to webcam.egg-info/dependency_links.txt
[28.524s] writing entry points to webcam.egg-info/entry_points.txt
[28.530s] writing requirements to webcam.egg-info/requires.txt
[28.535s] writing top-level names to webcam.egg-info/top_level.txt
[28.543s] writing manifest file 'webcam.egg-info/SOURCES.txt'
[28.571s] reading manifest file 'webcam.egg-info/SOURCES.txt'
[28.584s] writing manifest file 'webcam.egg-info/SOURCES.txt'
[28.620s] running build_ext
[28.625s] Creating /home/crofi/AutoModelCrofi/ros2_ws/install/webcam/lib/python3.10/site-packages/webcam.egg-link (link to .)
[28.640s] Installing webcam script to /home/crofi/AutoModelCrofi/ros2_ws/install/webcam/lib/webcam
[28.651s] 
[28.653s] Installed /home/crofi/AutoModelCrofi/ros2_ws/build/webcam
[28.655s] running symlink_data
[28.656s] creating /home/crofi/AutoModelCrofi/ros2_ws/install/webcam/share/ament_index
[28.658s] creating /home/crofi/AutoModelCrofi/ros2_ws/install/webcam/share/ament_index/resource_index
[28.674s] creating /home/crofi/AutoModelCrofi/ros2_ws/install/webcam/share/ament_index/resource_index/packages
[28.678s] symbolically linking /home/crofi/AutoModelCrofi/ros2_ws/build/webcam/resource/webcam -> /home/crofi/AutoModelCrofi/ros2_ws/install/webcam/share/ament_index/resource_index/packages
[28.680s] symbolically linking /home/crofi/AutoModelCrofi/ros2_ws/build/webcam/package.xml -> /home/crofi/AutoModelCrofi/ros2_ws/install/webcam/share/webcam
[29.018s] Invoked command in '/home/crofi/AutoModelCrofi/ros2_ws/build/webcam' returned '0': PYTHONPATH=/home/crofi/AutoModelCrofi/ros2_ws/build/webcam/prefix_override:/usr/lib/python3/dist-packages/colcon_core/task/python/colcon_distutils_commands:/home/crofi/AutoModelCrofi/ros2_ws/install/webcam/lib/python3.10/site-packages:${PYTHONPATH} /usr/bin/python3 -W ignore:setup.py install is deprecated -W ignore:easy_install command is deprecated setup.py develop --editable --build-directory /home/crofi/AutoModelCrofi/ros2_ws/build/webcam/build --no-deps symlink_data
