[20.137s] Invoking command in '/home/crofi/AutoModel_Rep/ros2_ws/src/vision/lane_angle': PYTHONPATH=/home/crofi/AutoModel_Rep/build/lane_angle/prefix_override:/usr/lib/python3/dist-packages/colcon_core/task/python/colcon_distutils_commands:/home/crofi/AutoModel_Rep/install/lane_angle/lib/python3.10/site-packages:${PYTHONPATH} /usr/bin/python3 -W ignore:setup.py install is deprecated -W ignore:easy_install command is deprecated setup.py egg_info --egg-base ../../../../build/lane_angle build --build-base /home/crofi/AutoModel_Rep/build/lane_angle/build install --record /home/crofi/AutoModel_Rep/build/lane_angle/install.log --single-version-externally-managed install_data
[23.397s] running egg_info
[23.398s] writing ../../../../build/lane_angle/lane_angle.egg-info/PKG-INFO
[23.402s] writing dependency_links to ../../../../build/lane_angle/lane_angle.egg-info/dependency_links.txt
[23.405s] writing entry points to ../../../../build/lane_angle/lane_angle.egg-info/entry_points.txt
[23.413s] writing requirements to ../../../../build/lane_angle/lane_angle.egg-info/requires.txt
[23.414s] writing top-level names to ../../../../build/lane_angle/lane_angle.egg-info/top_level.txt
[23.421s] reading manifest file '../../../../build/lane_angle/lane_angle.egg-info/SOURCES.txt'
[23.434s] writing manifest file '../../../../build/lane_angle/lane_angle.egg-info/SOURCES.txt'
[23.435s] running build
[23.436s] running build_py
[23.437s] running install
[23.437s] running install_lib
[23.456s] running install_data
[23.457s] running install_egg_info
[23.514s] removing '/home/crofi/AutoModel_Rep/install/lane_angle/lib/python3.10/site-packages/lane_angle-0.0.0-py3.10.egg-info' (and everything under it)
[23.514s] Copying ../../../../build/lane_angle/lane_angle.egg-info to /home/crofi/AutoModel_Rep/install/lane_angle/lib/python3.10/site-packages/lane_angle-0.0.0-py3.10.egg-info
[23.515s] running install_scripts
[23.651s] Installing lane_angle script to /home/crofi/AutoModel_Rep/install/lane_angle/lib/lane_angle
[23.660s] writing list of installed files to '/home/crofi/AutoModel_Rep/build/lane_angle/install.log'
[24.511s] Invoked command in '/home/crofi/AutoModel_Rep/ros2_ws/src/vision/lane_angle' returned '0': PYTHONPATH=/home/crofi/AutoModel_Rep/build/lane_angle/prefix_override:/usr/lib/python3/dist-packages/colcon_core/task/python/colcon_distutils_commands:/home/crofi/AutoModel_Rep/install/lane_angle/lib/python3.10/site-packages:${PYTHONPATH} /usr/bin/python3 -W ignore:setup.py install is deprecated -W ignore:easy_install command is deprecated setup.py egg_info --egg-base ../../../../build/lane_angle build --build-base /home/crofi/AutoModel_Rep/build/lane_angle/build install --record /home/crofi/AutoModel_Rep/build/lane_angle/install.log --single-version-externally-managed install_data
