[17.477s] Invoking command in '/home/crofi/ros2_ws/src/vision/lane_angle': PYTHONPATH=/home/crofi/ros2_ws/build/lane_angle/prefix_override:/usr/lib/python3/dist-packages/colcon_core/task/python/colcon_distutils_commands:/home/crofi/ros2_ws/install/lane_angle/lib/python3.10/site-packages:${PYTHONPATH} /usr/bin/python3 -W ignore:setup.py install is deprecated -W ignore:easy_install command is deprecated setup.py egg_info --egg-base ../../../build/lane_angle build --build-base /home/crofi/ros2_ws/build/lane_angle/build install --record /home/crofi/ros2_ws/build/lane_angle/install.log --single-version-externally-managed install_data
[21.383s] running egg_info
[21.398s] writing ../../../build/lane_angle/lane_angle.egg-info/PKG-INFO
[21.399s] writing dependency_links to ../../../build/lane_angle/lane_angle.egg-info/dependency_links.txt
[21.399s] writing entry points to ../../../build/lane_angle/lane_angle.egg-info/entry_points.txt
[21.400s] writing requirements to ../../../build/lane_angle/lane_angle.egg-info/requires.txt
[21.449s] writing top-level names to ../../../build/lane_angle/lane_angle.egg-info/top_level.txt
[21.462s] reading manifest file '../../../build/lane_angle/lane_angle.egg-info/SOURCES.txt'
[21.462s] writing manifest file '../../../build/lane_angle/lane_angle.egg-info/SOURCES.txt'
[21.463s] running build
[21.463s] running build_py
[21.464s] copying lane_angle/lane_angle.py -> /home/crofi/ros2_ws/build/lane_angle/build/lib/lane_angle
[21.465s] running install
[21.466s] running install_lib
[21.484s] copying /home/crofi/ros2_ws/build/lane_angle/build/lib/lane_angle/lane_angle.py -> /home/crofi/ros2_ws/install/lane_angle/lib/python3.10/site-packages/lane_angle
[21.487s] byte-compiling /home/crofi/ros2_ws/install/lane_angle/lib/python3.10/site-packages/lane_angle/lane_angle.py to lane_angle.cpython-310.pyc
[21.488s] running install_data
[21.489s]   File "/home/crofi/ros2_ws/install/lane_angle/lib/python3.10/site-packages/lane_angle/lane_angle.py", line 61
[21.490s]     else return deviation
[21.492s]          ^^^^^^
[21.503s] SyntaxError: expected ':'
[21.503s] 
[21.504s] running install_egg_info
[21.505s] removing '/home/crofi/ros2_ws/install/lane_angle/lib/python3.10/site-packages/lane_angle-0.0.0-py3.10.egg-info' (and everything under it)
[21.507s] Copying ../../../build/lane_angle/lane_angle.egg-info to /home/crofi/ros2_ws/install/lane_angle/lib/python3.10/site-packages/lane_angle-0.0.0-py3.10.egg-info
[21.508s] running install_scripts
[21.697s] Installing lane_angle script to /home/crofi/ros2_ws/install/lane_angle/lib/lane_angle
[21.709s] writing list of installed files to '/home/crofi/ros2_ws/build/lane_angle/install.log'
[21.990s] Invoked command in '/home/crofi/ros2_ws/src/vision/lane_angle' returned '0': PYTHONPATH=/home/crofi/ros2_ws/build/lane_angle/prefix_override:/usr/lib/python3/dist-packages/colcon_core/task/python/colcon_distutils_commands:/home/crofi/ros2_ws/install/lane_angle/lib/python3.10/site-packages:${PYTHONPATH} /usr/bin/python3 -W ignore:setup.py install is deprecated -W ignore:easy_install command is deprecated setup.py egg_info --egg-base ../../../build/lane_angle build --build-base /home/crofi/ros2_ws/build/lane_angle/build install --record /home/crofi/ros2_ws/build/lane_angle/install.log --single-version-externally-managed install_data
