running egg_info
writing ../../../build/red_vision/red_vision.egg-info/PKG-INFO
writing dependency_links to ../../../build/red_vision/red_vision.egg-info/dependency_links.txt
writing entry points to ../../../build/red_vision/red_vision.egg-info/entry_points.txt
writing requirements to ../../../build/red_vision/red_vision.egg-info/requires.txt
writing top-level names to ../../../build/red_vision/red_vision.egg-info/top_level.txt
reading manifest file '../../../build/red_vision/red_vision.egg-info/SOURCES.txt'
writing manifest file '../../../build/red_vision/red_vision.egg-info/SOURCES.txt'
running build
running build_py
copying red_vision/red_vision.py -> /home/crofi/ros2_ws/build/red_vision/build/lib/red_vision
running install
running install_lib
copying /home/crofi/ros2_ws/build/red_vision/build/lib/red_vision/red_vision.py -> /home/crofi/ros2_ws/install/red_vision/lib/python3.10/site-packages/red_vision
byte-compiling /home/crofi/ros2_ws/install/red_vision/lib/python3.10/site-packages/red_vision/red_vision.py to red_vision.cpython-310.pyc
running install_data
running install_egg_info
removing '/home/crofi/ros2_ws/install/red_vision/lib/python3.10/site-packages/red_vision-0.0.0-py3.10.egg-info' (and everything under it)
Copying ../../../build/red_vision/red_vision.egg-info to /home/crofi/ros2_ws/install/red_vision/lib/python3.10/site-packages/red_vision-0.0.0-py3.10.egg-info
running install_scripts
Installing red_vision script to /home/crofi/ros2_ws/install/red_vision/lib/red_vision
writing list of installed files to '/home/crofi/ros2_ws/build/red_vision/install.log'
