[12.658s] Invoking command in '/home/crofi/AutoModel_Rep/ros2_ws/src/vision/senal_detector': PYTHONPATH=/home/crofi/AutoModel_Rep/build/senal_detector/prefix_override:/usr/lib/python3/dist-packages/colcon_core/task/python/colcon_distutils_commands:/home/crofi/AutoModel_Rep/install/senal_detector/lib/python3.10/site-packages:${PYTHONPATH} /usr/bin/python3 -W ignore:setup.py install is deprecated -W ignore:easy_install command is deprecated setup.py egg_info --egg-base ../../../../build/senal_detector build --build-base /home/crofi/AutoModel_Rep/build/senal_detector/build install --record /home/crofi/AutoModel_Rep/build/senal_detector/install.log --single-version-externally-managed install_data
[16.470s] running egg_info
[16.485s] writing ../../../../build/senal_detector/senal_detector.egg-info/PKG-INFO
[16.487s] writing dependency_links to ../../../../build/senal_detector/senal_detector.egg-info/dependency_links.txt
[16.487s] writing entry points to ../../../../build/senal_detector/senal_detector.egg-info/entry_points.txt
[16.488s] writing requirements to ../../../../build/senal_detector/senal_detector.egg-info/requires.txt
[16.500s] writing top-level names to ../../../../build/senal_detector/senal_detector.egg-info/top_level.txt
[16.533s] reading manifest file '../../../../build/senal_detector/senal_detector.egg-info/SOURCES.txt'
[16.534s] writing manifest file '../../../../build/senal_detector/senal_detector.egg-info/SOURCES.txt'
[16.535s] running build
[16.536s] running build_py
[16.536s] running install
[16.537s] running install_lib
[16.551s] running install_data
[16.553s] running install_egg_info
[16.571s] removing '/home/crofi/AutoModel_Rep/install/senal_detector/lib/python3.10/site-packages/senal_detector-0.0.0-py3.10.egg-info' (and everything under it)
[16.578s] Copying ../../../../build/senal_detector/senal_detector.egg-info to /home/crofi/AutoModel_Rep/install/senal_detector/lib/python3.10/site-packages/senal_detector-0.0.0-py3.10.egg-info
[16.596s] running install_scripts
[16.947s] Installing senal_detector script to /home/crofi/AutoModel_Rep/install/senal_detector/lib/senal_detector
[16.950s] writing list of installed files to '/home/crofi/AutoModel_Rep/build/senal_detector/install.log'
[18.658s] Invoked command in '/home/crofi/AutoModel_Rep/ros2_ws/src/vision/senal_detector' returned '0': PYTHONPATH=/home/crofi/AutoModel_Rep/build/senal_detector/prefix_override:/usr/lib/python3/dist-packages/colcon_core/task/python/colcon_distutils_commands:/home/crofi/AutoModel_Rep/install/senal_detector/lib/python3.10/site-packages:${PYTHONPATH} /usr/bin/python3 -W ignore:setup.py install is deprecated -W ignore:easy_install command is deprecated setup.py egg_info --egg-base ../../../../build/senal_detector build --build-base /home/crofi/AutoModel_Rep/build/senal_detector/build install --record /home/crofi/AutoModel_Rep/build/senal_detector/install.log --single-version-externally-managed install_data
