[17.373s] Invoking command in '/home/crofi/AutoModel_Rep/ros2_ws/src/vision/lane_angle': PYTHONPATH=/home/crofi/AutoModel_Rep/build/lane_angle/prefix_override:/usr/lib/python3/dist-packages/colcon_core/task/python/colcon_distutils_commands:/home/crofi/AutoModel_Rep/install/lane_angle/lib/python3.10/site-packages:${PYTHONPATH} /usr/bin/python3 -W ignore:setup.py install is deprecated -W ignore:easy_install command is deprecated setup.py egg_info --egg-base ../../../../build/lane_angle build --build-base /home/crofi/AutoModel_Rep/build/lane_angle/build install --record /home/crofi/AutoModel_Rep/build/lane_angle/install.log --single-version-externally-managed install_data
[25.046s] running egg_info
[25.051s] writing ../../../../build/lane_angle/lane_angle.egg-info/PKG-INFO
[25.053s] writing dependency_links to ../../../../build/lane_angle/lane_angle.egg-info/dependency_links.txt
[25.054s] writing entry points to ../../../../build/lane_angle/lane_angle.egg-info/entry_points.txt
[25.056s] writing requirements to ../../../../build/lane_angle/lane_angle.egg-info/requires.txt
[25.056s] writing top-level names to ../../../../build/lane_angle/lane_angle.egg-info/top_level.txt
[25.065s] reading manifest file '../../../../build/lane_angle/lane_angle.egg-info/SOURCES.txt'
[25.077s] writing manifest file '../../../../build/lane_angle/lane_angle.egg-info/SOURCES.txt'
[25.080s] running build
[25.081s] running build_py
[25.081s] running install
[25.082s] running install_lib
[25.111s] running install_data
[25.135s] running install_egg_info
[25.136s] removing '/home/crofi/AutoModel_Rep/install/lane_angle/lib/python3.10/site-packages/lane_angle-0.0.0-py3.10.egg-info' (and everything under it)
[25.136s] Copying ../../../../build/lane_angle/lane_angle.egg-info to /home/crofi/AutoModel_Rep/install/lane_angle/lib/python3.10/site-packages/lane_angle-0.0.0-py3.10.egg-info
[25.154s] running install_scripts
[25.324s] Installing lane_angle script to /home/crofi/AutoModel_Rep/install/lane_angle/lib/lane_angle
[25.329s] writing list of installed files to '/home/crofi/AutoModel_Rep/build/lane_angle/install.log'
[29.141s] Invoked command in '/home/crofi/AutoModel_Rep/ros2_ws/src/vision/lane_angle' returned '0': PYTHONPATH=/home/crofi/AutoModel_Rep/build/lane_angle/prefix_override:/usr/lib/python3/dist-packages/colcon_core/task/python/colcon_distutils_commands:/home/crofi/AutoModel_Rep/install/lane_angle/lib/python3.10/site-packages:${PYTHONPATH} /usr/bin/python3 -W ignore:setup.py install is deprecated -W ignore:easy_install command is deprecated setup.py egg_info --egg-base ../../../../build/lane_angle build --build-base /home/crofi/AutoModel_Rep/build/lane_angle/build install --record /home/crofi/AutoModel_Rep/build/lane_angle/install.log --single-version-externally-managed install_data
