[0.955s] DEBUG:colcon:Command line arguments: ['/usr/bin/colcon', 'build', '--symlink-install', '--packages-select', 'ydlidar_client']
[0.955s] DEBUG:colcon:Parsed command line arguments: Namespace(log_base=None, log_level=None, verb_name='build', build_base='build', install_base='install', merge_install=False, symlink_install=True, test_result_base=None, continue_on_error=False, executor='parallel', parallel_workers=4, event_handlers=None, ignore_user_meta=False, metas=['./colcon.meta'], base_paths=['.'], packages_ignore=None, packages_ignore_regex=None, paths=None, packages_up_to=None, packages_up_to_regex=None, packages_above=None, packages_above_and_dependencies=None, packages_above_depth=None, packages_select_by_dep=None, packages_skip_by_dep=None, packages_skip_up_to=None, packages_select_build_failed=False, packages_skip_build_finished=False, packages_select_test_failures=False, packages_skip_test_passed=False, packages_select=['ydlidar_client'], packages_skip=None, packages_select_regex=None, packages_skip_regex=None, packages_start=None, packages_end=None, allow_overriding=[], cmake_args=None, cmake_target=None, cmake_target_skip_unavailable=False, cmake_clean_cache=False, cmake_clean_first=False, cmake_force_configure=False, ament_cmake_args=None, catkin_cmake_args=None, catkin_skip_building_tests=False, mixin_files=None, mixin=None, verb_parser=<colcon_mixin.mixin.mixin_argument.MixinArgumentDecorator object at 0xffffa5377ca0>, verb_extension=<colcon_core.verb.build.BuildVerb object at 0xffffa5530be0>, main=<bound method BuildVerb.main of <colcon_core.verb.build.BuildVerb object at 0xffffa5530be0>>, mixin_verb=('build',))
[2.483s] Level 1:colcon.colcon_core.package_discovery:discover_packages(colcon_meta) check parameters
[2.483s] Level 1:colcon.colcon_core.package_discovery:discover_packages(recursive) check parameters
[2.484s] Level 1:colcon.colcon_core.package_discovery:discover_packages(ignore) check parameters
[2.484s] Level 1:colcon.colcon_core.package_discovery:discover_packages(path) check parameters
[2.484s] Level 1:colcon.colcon_core.package_discovery:discover_packages(colcon_meta) discover
[2.484s] Level 1:colcon.colcon_core.package_discovery:discover_packages(recursive) discover
[2.484s] INFO:colcon.colcon_core.package_discovery:Crawling recursively for packages in '/home/crofi/AutoModelCrofi/ros2_ws'
[2.485s] Level 1:colcon.colcon_core.package_identification:_identify(.) by extensions ['ignore', 'ignore_ament_install']
[2.486s] Level 1:colcon.colcon_core.package_identification:_identify(.) by extension 'ignore'
[2.486s] Level 1:colcon.colcon_core.package_identification:_identify(.) by extension 'ignore_ament_install'
[2.487s] Level 1:colcon.colcon_core.package_identification:_identify(.) by extensions ['colcon_pkg']
[2.487s] Level 1:colcon.colcon_core.package_identification:_identify(.) by extension 'colcon_pkg'
[2.487s] Level 1:colcon.colcon_core.package_identification:_identify(.) by extensions ['colcon_meta']
[2.487s] Level 1:colcon.colcon_core.package_identification:_identify(.) by extension 'colcon_meta'
[2.488s] Level 1:colcon.colcon_core.package_identification:_identify(.) by extensions ['ros']
[2.488s] Level 1:colcon.colcon_core.package_identification:_identify(.) by extension 'ros'
[2.591s] Level 1:colcon.colcon_core.package_identification:_identify(.) by extensions ['cmake', 'python']
[2.592s] Level 1:colcon.colcon_core.package_identification:_identify(.) by extension 'cmake'
[2.593s] Level 1:colcon.colcon_core.package_identification:_identify(.) by extension 'python'
[2.593s] Level 1:colcon.colcon_core.package_identification:_identify(.) by extensions ['python_setup_py']
[2.593s] Level 1:colcon.colcon_core.package_identification:_identify(.) by extension 'python_setup_py'
[2.594s] Level 1:colcon.colcon_core.package_identification:_identify(bin) by extensions ['ignore', 'ignore_ament_install']
[2.594s] Level 1:colcon.colcon_core.package_identification:_identify(bin) by extension 'ignore'
[2.594s] Level 1:colcon.colcon_core.package_identification:_identify(bin) by extension 'ignore_ament_install'
[2.595s] Level 1:colcon.colcon_core.package_identification:_identify(bin) by extensions ['colcon_pkg']
[2.595s] Level 1:colcon.colcon_core.package_identification:_identify(bin) by extension 'colcon_pkg'
[2.595s] Level 1:colcon.colcon_core.package_identification:_identify(bin) by extensions ['colcon_meta']
[2.595s] Level 1:colcon.colcon_core.package_identification:_identify(bin) by extension 'colcon_meta'
[2.596s] Level 1:colcon.colcon_core.package_identification:_identify(bin) by extensions ['ros']
[2.596s] Level 1:colcon.colcon_core.package_identification:_identify(bin) by extension 'ros'
[2.596s] Level 1:colcon.colcon_core.package_identification:_identify(bin) by extensions ['cmake', 'python']
[2.596s] Level 1:colcon.colcon_core.package_identification:_identify(bin) by extension 'cmake'
[2.597s] Level 1:colcon.colcon_core.package_identification:_identify(bin) by extension 'python'
[2.597s] Level 1:colcon.colcon_core.package_identification:_identify(bin) by extensions ['python_setup_py']
[2.597s] Level 1:colcon.colcon_core.package_identification:_identify(bin) by extension 'python_setup_py'
[2.598s] Level 1:colcon.colcon_core.package_identification:_identify(build) by extensions ['ignore', 'ignore_ament_install']
[2.598s] Level 1:colcon.colcon_core.package_identification:_identify(build) by extension 'ignore'
[2.598s] Level 1:colcon.colcon_core.package_identification:_identify(build) ignored
[2.599s] Level 1:colcon.colcon_core.package_identification:_identify(install) by extensions ['ignore', 'ignore_ament_install']
[2.600s] Level 1:colcon.colcon_core.package_identification:_identify(install) by extension 'ignore'
[2.600s] Level 1:colcon.colcon_core.package_identification:_identify(install) ignored
[2.601s] Level 1:colcon.colcon_core.package_identification:_identify(launch) by extensions ['ignore', 'ignore_ament_install']
[2.601s] Level 1:colcon.colcon_core.package_identification:_identify(launch) by extension 'ignore'
[2.602s] Level 1:colcon.colcon_core.package_identification:_identify(launch) by extension 'ignore_ament_install'
[2.602s] Level 1:colcon.colcon_core.package_identification:_identify(launch) by extensions ['colcon_pkg']
[2.603s] Level 1:colcon.colcon_core.package_identification:_identify(launch) by extension 'colcon_pkg'
[2.603s] Level 1:colcon.colcon_core.package_identification:_identify(launch) by extensions ['colcon_meta']
[2.604s] Level 1:colcon.colcon_core.package_identification:_identify(launch) by extension 'colcon_meta'
[2.604s] Level 1:colcon.colcon_core.package_identification:_identify(launch) by extensions ['ros']
[2.605s] Level 1:colcon.colcon_core.package_identification:_identify(launch) by extension 'ros'
[2.605s] Level 1:colcon.colcon_core.package_identification:_identify(launch) by extensions ['cmake', 'python']
[2.606s] Level 1:colcon.colcon_core.package_identification:_identify(launch) by extension 'cmake'
[2.606s] Level 1:colcon.colcon_core.package_identification:_identify(launch) by extension 'python'
[2.607s] Level 1:colcon.colcon_core.package_identification:_identify(launch) by extensions ['python_setup_py']
[2.607s] Level 1:colcon.colcon_core.package_identification:_identify(launch) by extension 'python_setup_py'
[2.608s] Level 1:colcon.colcon_core.package_identification:_identify(launch/__pycache__) by extensions ['ignore', 'ignore_ament_install']
[2.608s] Level 1:colcon.colcon_core.package_identification:_identify(launch/__pycache__) by extension 'ignore'
[2.609s] Level 1:colcon.colcon_core.package_identification:_identify(launch/__pycache__) by extension 'ignore_ament_install'
[2.609s] Level 1:colcon.colcon_core.package_identification:_identify(launch/__pycache__) by extensions ['colcon_pkg']
[2.609s] Level 1:colcon.colcon_core.package_identification:_identify(launch/__pycache__) by extension 'colcon_pkg'
[2.609s] Level 1:colcon.colcon_core.package_identification:_identify(launch/__pycache__) by extensions ['colcon_meta']
[2.609s] Level 1:colcon.colcon_core.package_identification:_identify(launch/__pycache__) by extension 'colcon_meta'
[2.610s] Level 1:colcon.colcon_core.package_identification:_identify(launch/__pycache__) by extensions ['ros']
[2.610s] Level 1:colcon.colcon_core.package_identification:_identify(launch/__pycache__) by extension 'ros'
[2.610s] Level 1:colcon.colcon_core.package_identification:_identify(launch/__pycache__) by extensions ['cmake', 'python']
[2.610s] Level 1:colcon.colcon_core.package_identification:_identify(launch/__pycache__) by extension 'cmake'
[2.610s] Level 1:colcon.colcon_core.package_identification:_identify(launch/__pycache__) by extension 'python'
[2.611s] Level 1:colcon.colcon_core.package_identification:_identify(launch/__pycache__) by extensions ['python_setup_py']
[2.611s] Level 1:colcon.colcon_core.package_identification:_identify(launch/__pycache__) by extension 'python_setup_py'
[2.611s] Level 1:colcon.colcon_core.package_identification:_identify(log) by extensions ['ignore', 'ignore_ament_install']
[2.612s] Level 1:colcon.colcon_core.package_identification:_identify(log) by extension 'ignore'
[2.612s] Level 1:colcon.colcon_core.package_identification:_identify(log) ignored
[2.612s] Level 1:colcon.colcon_core.package_identification:_identify(src) by extensions ['ignore', 'ignore_ament_install']
[2.613s] Level 1:colcon.colcon_core.package_identification:_identify(src) by extension 'ignore'
[2.613s] Level 1:colcon.colcon_core.package_identification:_identify(src) by extension 'ignore_ament_install'
[2.613s] Level 1:colcon.colcon_core.package_identification:_identify(src) by extensions ['colcon_pkg']
[2.613s] Level 1:colcon.colcon_core.package_identification:_identify(src) by extension 'colcon_pkg'
[2.614s] Level 1:colcon.colcon_core.package_identification:_identify(src) by extensions ['colcon_meta']
[2.614s] Level 1:colcon.colcon_core.package_identification:_identify(src) by extension 'colcon_meta'
[2.614s] Level 1:colcon.colcon_core.package_identification:_identify(src) by extensions ['ros']
[2.614s] Level 1:colcon.colcon_core.package_identification:_identify(src) by extension 'ros'
[2.614s] Level 1:colcon.colcon_core.package_identification:_identify(src) by extensions ['cmake', 'python']
[2.615s] Level 1:colcon.colcon_core.package_identification:_identify(src) by extension 'cmake'
[2.615s] Level 1:colcon.colcon_core.package_identification:_identify(src) by extension 'python'
[2.615s] Level 1:colcon.colcon_core.package_identification:_identify(src) by extensions ['python_setup_py']
[2.615s] Level 1:colcon.colcon_core.package_identification:_identify(src) by extension 'python_setup_py'
[2.616s] Level 1:colcon.colcon_core.package_identification:_identify(src/Arduino) by extensions ['ignore', 'ignore_ament_install']
[2.616s] Level 1:colcon.colcon_core.package_identification:_identify(src/Arduino) by extension 'ignore'
[2.616s] Level 1:colcon.colcon_core.package_identification:_identify(src/Arduino) by extension 'ignore_ament_install'
[2.617s] Level 1:colcon.colcon_core.package_identification:_identify(src/Arduino) by extensions ['colcon_pkg']
[2.617s] Level 1:colcon.colcon_core.package_identification:_identify(src/Arduino) by extension 'colcon_pkg'
[2.617s] Level 1:colcon.colcon_core.package_identification:_identify(src/Arduino) by extensions ['colcon_meta']
[2.617s] Level 1:colcon.colcon_core.package_identification:_identify(src/Arduino) by extension 'colcon_meta'
[2.617s] Level 1:colcon.colcon_core.package_identification:_identify(src/Arduino) by extensions ['ros']
[2.618s] Level 1:colcon.colcon_core.package_identification:_identify(src/Arduino) by extension 'ros'
[2.618s] Level 1:colcon.colcon_core.package_identification:_identify(src/Arduino) by extensions ['cmake', 'python']
[2.618s] Level 1:colcon.colcon_core.package_identification:_identify(src/Arduino) by extension 'cmake'
[2.619s] Level 1:colcon.colcon_core.package_identification:_identify(src/Arduino) by extension 'python'
[2.619s] Level 1:colcon.colcon_core.package_identification:_identify(src/Arduino) by extensions ['python_setup_py']
[2.619s] Level 1:colcon.colcon_core.package_identification:_identify(src/Arduino) by extension 'python_setup_py'
[2.620s] Level 1:colcon.colcon_core.package_identification:_identify(src/Arduino/Calibracion_driver) by extensions ['ignore', 'ignore_ament_install']
[2.620s] Level 1:colcon.colcon_core.package_identification:_identify(src/Arduino/Calibracion_driver) by extension 'ignore'
[2.620s] Level 1:colcon.colcon_core.package_identification:_identify(src/Arduino/Calibracion_driver) by extension 'ignore_ament_install'
[2.621s] Level 1:colcon.colcon_core.package_identification:_identify(src/Arduino/Calibracion_driver) by extensions ['colcon_pkg']
[2.621s] Level 1:colcon.colcon_core.package_identification:_identify(src/Arduino/Calibracion_driver) by extension 'colcon_pkg'
[2.621s] Level 1:colcon.colcon_core.package_identification:_identify(src/Arduino/Calibracion_driver) by extensions ['colcon_meta']
[2.621s] Level 1:colcon.colcon_core.package_identification:_identify(src/Arduino/Calibracion_driver) by extension 'colcon_meta'
[2.621s] Level 1:colcon.colcon_core.package_identification:_identify(src/Arduino/Calibracion_driver) by extensions ['ros']
[2.622s] Level 1:colcon.colcon_core.package_identification:_identify(src/Arduino/Calibracion_driver) by extension 'ros'
[2.622s] Level 1:colcon.colcon_core.package_identification:_identify(src/Arduino/Calibracion_driver) by extensions ['cmake', 'python']
[2.622s] Level 1:colcon.colcon_core.package_identification:_identify(src/Arduino/Calibracion_driver) by extension 'cmake'
[2.622s] Level 1:colcon.colcon_core.package_identification:_identify(src/Arduino/Calibracion_driver) by extension 'python'
[2.623s] Level 1:colcon.colcon_core.package_identification:_identify(src/Arduino/Calibracion_driver) by extensions ['python_setup_py']
[2.623s] Level 1:colcon.colcon_core.package_identification:_identify(src/Arduino/Calibracion_driver) by extension 'python_setup_py'
[2.623s] Level 1:colcon.colcon_core.package_identification:_identify(src/Arduino/Driver) by extensions ['ignore', 'ignore_ament_install']
[2.624s] Level 1:colcon.colcon_core.package_identification:_identify(src/Arduino/Driver) by extension 'ignore'
[2.624s] Level 1:colcon.colcon_core.package_identification:_identify(src/Arduino/Driver) by extension 'ignore_ament_install'
[2.624s] Level 1:colcon.colcon_core.package_identification:_identify(src/Arduino/Driver) by extensions ['colcon_pkg']
[2.625s] Level 1:colcon.colcon_core.package_identification:_identify(src/Arduino/Driver) by extension 'colcon_pkg'
[2.625s] Level 1:colcon.colcon_core.package_identification:_identify(src/Arduino/Driver) by extensions ['colcon_meta']
[2.625s] Level 1:colcon.colcon_core.package_identification:_identify(src/Arduino/Driver) by extension 'colcon_meta'
[2.625s] Level 1:colcon.colcon_core.package_identification:_identify(src/Arduino/Driver) by extensions ['ros']
[2.625s] Level 1:colcon.colcon_core.package_identification:_identify(src/Arduino/Driver) by extension 'ros'
[2.626s] Level 1:colcon.colcon_core.package_identification:_identify(src/Arduino/Driver) by extensions ['cmake', 'python']
[2.626s] Level 1:colcon.colcon_core.package_identification:_identify(src/Arduino/Driver) by extension 'cmake'
[2.626s] Level 1:colcon.colcon_core.package_identification:_identify(src/Arduino/Driver) by extension 'python'
[2.626s] Level 1:colcon.colcon_core.package_identification:_identify(src/Arduino/Driver) by extensions ['python_setup_py']
[2.626s] Level 1:colcon.colcon_core.package_identification:_identify(src/Arduino/Driver) by extension 'python_setup_py'
[2.627s] Level 1:colcon.colcon_core.package_identification:_identify(src/Arduino/Rebase) by extensions ['ignore', 'ignore_ament_install']
[2.627s] Level 1:colcon.colcon_core.package_identification:_identify(src/Arduino/Rebase) by extension 'ignore'
[2.627s] Level 1:colcon.colcon_core.package_identification:_identify(src/Arduino/Rebase) by extension 'ignore_ament_install'
[2.628s] Level 1:colcon.colcon_core.package_identification:_identify(src/Arduino/Rebase) by extensions ['colcon_pkg']
[2.628s] Level 1:colcon.colcon_core.package_identification:_identify(src/Arduino/Rebase) by extension 'colcon_pkg'
[2.628s] Level 1:colcon.colcon_core.package_identification:_identify(src/Arduino/Rebase) by extensions ['colcon_meta']
[2.628s] Level 1:colcon.colcon_core.package_identification:_identify(src/Arduino/Rebase) by extension 'colcon_meta'
[2.629s] Level 1:colcon.colcon_core.package_identification:_identify(src/Arduino/Rebase) by extensions ['ros']
[2.629s] Level 1:colcon.colcon_core.package_identification:_identify(src/Arduino/Rebase) by extension 'ros'
[2.629s] Level 1:colcon.colcon_core.package_identification:_identify(src/Arduino/Rebase) by extensions ['cmake', 'python']
[2.629s] Level 1:colcon.colcon_core.package_identification:_identify(src/Arduino/Rebase) by extension 'cmake'
[2.629s] Level 1:colcon.colcon_core.package_identification:_identify(src/Arduino/Rebase) by extension 'python'
[2.630s] Level 1:colcon.colcon_core.package_identification:_identify(src/Arduino/Rebase) by extensions ['python_setup_py']
[2.630s] Level 1:colcon.colcon_core.package_identification:_identify(src/Arduino/Rebase) by extension 'python_setup_py'
[2.630s] Level 1:colcon.colcon_core.package_identification:_identify(src/Arduino/Rebase/Rebase) by extensions ['ignore', 'ignore_ament_install']
[2.631s] Level 1:colcon.colcon_core.package_identification:_identify(src/Arduino/Rebase/Rebase) by extension 'ignore'
[2.631s] Level 1:colcon.colcon_core.package_identification:_identify(src/Arduino/Rebase/Rebase) by extension 'ignore_ament_install'
[2.631s] Level 1:colcon.colcon_core.package_identification:_identify(src/Arduino/Rebase/Rebase) by extensions ['colcon_pkg']
[2.631s] Level 1:colcon.colcon_core.package_identification:_identify(src/Arduino/Rebase/Rebase) by extension 'colcon_pkg'
[2.632s] Level 1:colcon.colcon_core.package_identification:_identify(src/Arduino/Rebase/Rebase) by extensions ['colcon_meta']
[2.632s] Level 1:colcon.colcon_core.package_identification:_identify(src/Arduino/Rebase/Rebase) by extension 'colcon_meta'
[2.632s] Level 1:colcon.colcon_core.package_identification:_identify(src/Arduino/Rebase/Rebase) by extensions ['ros']
[2.632s] Level 1:colcon.colcon_core.package_identification:_identify(src/Arduino/Rebase/Rebase) by extension 'ros'
[2.632s] Level 1:colcon.colcon_core.package_identification:_identify(src/Arduino/Rebase/Rebase) by extensions ['cmake', 'python']
[2.633s] Level 1:colcon.colcon_core.package_identification:_identify(src/Arduino/Rebase/Rebase) by extension 'cmake'
[2.633s] Level 1:colcon.colcon_core.package_identification:_identify(src/Arduino/Rebase/Rebase) by extension 'python'
[2.633s] Level 1:colcon.colcon_core.package_identification:_identify(src/Arduino/Rebase/Rebase) by extensions ['python_setup_py']
[2.633s] Level 1:colcon.colcon_core.package_identification:_identify(src/Arduino/Rebase/Rebase) by extension 'python_setup_py'
[2.634s] Level 1:colcon.colcon_core.package_identification:_identify(src/Arduino/Rebase/sketch_apr16a) by extensions ['ignore', 'ignore_ament_install']
[2.634s] Level 1:colcon.colcon_core.package_identification:_identify(src/Arduino/Rebase/sketch_apr16a) by extension 'ignore'
[2.634s] Level 1:colcon.colcon_core.package_identification:_identify(src/Arduino/Rebase/sketch_apr16a) by extension 'ignore_ament_install'
[2.635s] Level 1:colcon.colcon_core.package_identification:_identify(src/Arduino/Rebase/sketch_apr16a) by extensions ['colcon_pkg']
[2.635s] Level 1:colcon.colcon_core.package_identification:_identify(src/Arduino/Rebase/sketch_apr16a) by extension 'colcon_pkg'
[2.635s] Level 1:colcon.colcon_core.package_identification:_identify(src/Arduino/Rebase/sketch_apr16a) by extensions ['colcon_meta']
[2.635s] Level 1:colcon.colcon_core.package_identification:_identify(src/Arduino/Rebase/sketch_apr16a) by extension 'colcon_meta'
[2.635s] Level 1:colcon.colcon_core.package_identification:_identify(src/Arduino/Rebase/sketch_apr16a) by extensions ['ros']
[2.636s] Level 1:colcon.colcon_core.package_identification:_identify(src/Arduino/Rebase/sketch_apr16a) by extension 'ros'
[2.636s] Level 1:colcon.colcon_core.package_identification:_identify(src/Arduino/Rebase/sketch_apr16a) by extensions ['cmake', 'python']
[2.636s] Level 1:colcon.colcon_core.package_identification:_identify(src/Arduino/Rebase/sketch_apr16a) by extension 'cmake'
[2.636s] Level 1:colcon.colcon_core.package_identification:_identify(src/Arduino/Rebase/sketch_apr16a) by extension 'python'
[2.637s] Level 1:colcon.colcon_core.package_identification:_identify(src/Arduino/Rebase/sketch_apr16a) by extensions ['python_setup_py']
[2.637s] Level 1:colcon.colcon_core.package_identification:_identify(src/Arduino/Rebase/sketch_apr16a) by extension 'python_setup_py'
[2.637s] Level 1:colcon.colcon_core.package_identification:_identify(src/Arduino/Servo_mov) by extensions ['ignore', 'ignore_ament_install']
[2.638s] Level 1:colcon.colcon_core.package_identification:_identify(src/Arduino/Servo_mov) by extension 'ignore'
[2.638s] Level 1:colcon.colcon_core.package_identification:_identify(src/Arduino/Servo_mov) by extension 'ignore_ament_install'
[2.638s] Level 1:colcon.colcon_core.package_identification:_identify(src/Arduino/Servo_mov) by extensions ['colcon_pkg']
[2.638s] Level 1:colcon.colcon_core.package_identification:_identify(src/Arduino/Servo_mov) by extension 'colcon_pkg'
[2.638s] Level 1:colcon.colcon_core.package_identification:_identify(src/Arduino/Servo_mov) by extensions ['colcon_meta']
[2.639s] Level 1:colcon.colcon_core.package_identification:_identify(src/Arduino/Servo_mov) by extension 'colcon_meta'
[2.639s] Level 1:colcon.colcon_core.package_identification:_identify(src/Arduino/Servo_mov) by extensions ['ros']
[2.639s] Level 1:colcon.colcon_core.package_identification:_identify(src/Arduino/Servo_mov) by extension 'ros'
[2.639s] Level 1:colcon.colcon_core.package_identification:_identify(src/Arduino/Servo_mov) by extensions ['cmake', 'python']
[2.640s] Level 1:colcon.colcon_core.package_identification:_identify(src/Arduino/Servo_mov) by extension 'cmake'
[2.640s] Level 1:colcon.colcon_core.package_identification:_identify(src/Arduino/Servo_mov) by extension 'python'
[2.640s] Level 1:colcon.colcon_core.package_identification:_identify(src/Arduino/Servo_mov) by extensions ['python_setup_py']
[2.640s] Level 1:colcon.colcon_core.package_identification:_identify(src/Arduino/Servo_mov) by extension 'python_setup_py'
[2.641s] Level 1:colcon.colcon_core.package_identification:_identify(src/Arduino/TestDriver) by extensions ['ignore', 'ignore_ament_install']
[2.641s] Level 1:colcon.colcon_core.package_identification:_identify(src/Arduino/TestDriver) by extension 'ignore'
[2.641s] Level 1:colcon.colcon_core.package_identification:_identify(src/Arduino/TestDriver) by extension 'ignore_ament_install'
[2.641s] Level 1:colcon.colcon_core.package_identification:_identify(src/Arduino/TestDriver) by extensions ['colcon_pkg']
[2.642s] Level 1:colcon.colcon_core.package_identification:_identify(src/Arduino/TestDriver) by extension 'colcon_pkg'
[2.642s] Level 1:colcon.colcon_core.package_identification:_identify(src/Arduino/TestDriver) by extensions ['colcon_meta']
[2.642s] Level 1:colcon.colcon_core.package_identification:_identify(src/Arduino/TestDriver) by extension 'colcon_meta'
[2.642s] Level 1:colcon.colcon_core.package_identification:_identify(src/Arduino/TestDriver) by extensions ['ros']
[2.642s] Level 1:colcon.colcon_core.package_identification:_identify(src/Arduino/TestDriver) by extension 'ros'
[2.643s] Level 1:colcon.colcon_core.package_identification:_identify(src/Arduino/TestDriver) by extensions ['cmake', 'python']
[2.643s] Level 1:colcon.colcon_core.package_identification:_identify(src/Arduino/TestDriver) by extension 'cmake'
[2.643s] Level 1:colcon.colcon_core.package_identification:_identify(src/Arduino/TestDriver) by extension 'python'
[2.643s] Level 1:colcon.colcon_core.package_identification:_identify(src/Arduino/TestDriver) by extensions ['python_setup_py']
[2.643s] Level 1:colcon.colcon_core.package_identification:_identify(src/Arduino/TestDriver) by extension 'python_setup_py'
[2.644s] Level 1:colcon.colcon_core.package_identification:_identify(src/hardware) by extensions ['ignore', 'ignore_ament_install']
[2.644s] Level 1:colcon.colcon_core.package_identification:_identify(src/hardware) by extension 'ignore'
[2.645s] Level 1:colcon.colcon_core.package_identification:_identify(src/hardware) by extension 'ignore_ament_install'
[2.645s] Level 1:colcon.colcon_core.package_identification:_identify(src/hardware) by extensions ['colcon_pkg']
[2.645s] Level 1:colcon.colcon_core.package_identification:_identify(src/hardware) by extension 'colcon_pkg'
[2.645s] Level 1:colcon.colcon_core.package_identification:_identify(src/hardware) by extensions ['colcon_meta']
[2.645s] Level 1:colcon.colcon_core.package_identification:_identify(src/hardware) by extension 'colcon_meta'
[2.646s] Level 1:colcon.colcon_core.package_identification:_identify(src/hardware) by extensions ['ros']
[2.646s] Level 1:colcon.colcon_core.package_identification:_identify(src/hardware) by extension 'ros'
[2.646s] Level 1:colcon.colcon_core.package_identification:_identify(src/hardware) by extensions ['cmake', 'python']
[2.646s] Level 1:colcon.colcon_core.package_identification:_identify(src/hardware) by extension 'cmake'
[2.646s] Level 1:colcon.colcon_core.package_identification:_identify(src/hardware) by extension 'python'
[2.647s] Level 1:colcon.colcon_core.package_identification:_identify(src/hardware) by extensions ['python_setup_py']
[2.647s] Level 1:colcon.colcon_core.package_identification:_identify(src/hardware) by extension 'python_setup_py'
[2.647s] Level 1:colcon.colcon_core.package_identification:_identify(src/hardware/boton_inicio) by extensions ['ignore', 'ignore_ament_install']
[2.648s] Level 1:colcon.colcon_core.package_identification:_identify(src/hardware/boton_inicio) by extension 'ignore'
[2.648s] Level 1:colcon.colcon_core.package_identification:_identify(src/hardware/boton_inicio) by extension 'ignore_ament_install'
[2.648s] Level 1:colcon.colcon_core.package_identification:_identify(src/hardware/boton_inicio) by extensions ['colcon_pkg']
[2.648s] Level 1:colcon.colcon_core.package_identification:_identify(src/hardware/boton_inicio) by extension 'colcon_pkg'
[2.649s] Level 1:colcon.colcon_core.package_identification:_identify(src/hardware/boton_inicio) by extensions ['colcon_meta']
[2.649s] Level 1:colcon.colcon_core.package_identification:_identify(src/hardware/boton_inicio) by extension 'colcon_meta'
[2.649s] Level 1:colcon.colcon_core.package_identification:_identify(src/hardware/boton_inicio) by extensions ['ros']
[2.649s] Level 1:colcon.colcon_core.package_identification:_identify(src/hardware/boton_inicio) by extension 'ros'
[2.649s] Level 1:colcon.colcon_core.package_identification:_identify(src/hardware/boton_inicio) by extensions ['cmake', 'python']
[2.650s] Level 1:colcon.colcon_core.package_identification:_identify(src/hardware/boton_inicio) by extension 'cmake'
[2.650s] Level 1:colcon.colcon_core.package_identification:_identify(src/hardware/boton_inicio) by extension 'python'
[2.650s] Level 1:colcon.colcon_core.package_identification:_identify(src/hardware/boton_inicio) by extensions ['python_setup_py']
[2.650s] Level 1:colcon.colcon_core.package_identification:_identify(src/hardware/boton_inicio) by extension 'python_setup_py'
[2.651s] Level 1:colcon.colcon_core.package_identification:_identify(src/hardware/directional_led) by extensions ['ignore', 'ignore_ament_install']
[2.651s] Level 1:colcon.colcon_core.package_identification:_identify(src/hardware/directional_led) by extension 'ignore'
[2.651s] Level 1:colcon.colcon_core.package_identification:_identify(src/hardware/directional_led) by extension 'ignore_ament_install'
[2.652s] Level 1:colcon.colcon_core.package_identification:_identify(src/hardware/directional_led) by extensions ['colcon_pkg']
[2.652s] Level 1:colcon.colcon_core.package_identification:_identify(src/hardware/directional_led) by extension 'colcon_pkg'
[2.652s] Level 1:colcon.colcon_core.package_identification:_identify(src/hardware/directional_led) by extensions ['colcon_meta']
[2.652s] Level 1:colcon.colcon_core.package_identification:_identify(src/hardware/directional_led) by extension 'colcon_meta'
[2.652s] Level 1:colcon.colcon_core.package_identification:_identify(src/hardware/directional_led) by extensions ['ros']
[2.653s] Level 1:colcon.colcon_core.package_identification:_identify(src/hardware/directional_led) by extension 'ros'
[2.665s] DEBUG:colcon.colcon_core.package_identification:Package 'src/hardware/directional_led' with type 'ros.ament_python' and name 'directional_led'
[2.666s] Level 1:colcon.colcon_core.package_identification:_identify(src/hardware/driver) by extensions ['ignore', 'ignore_ament_install']
[2.666s] Level 1:colcon.colcon_core.package_identification:_identify(src/hardware/driver) by extension 'ignore'
[2.666s] Level 1:colcon.colcon_core.package_identification:_identify(src/hardware/driver) by extension 'ignore_ament_install'
[2.667s] Level 1:colcon.colcon_core.package_identification:_identify(src/hardware/driver) by extensions ['colcon_pkg']
[2.667s] Level 1:colcon.colcon_core.package_identification:_identify(src/hardware/driver) by extension 'colcon_pkg'
[2.667s] Level 1:colcon.colcon_core.package_identification:_identify(src/hardware/driver) by extensions ['colcon_meta']
[2.667s] Level 1:colcon.colcon_core.package_identification:_identify(src/hardware/driver) by extension 'colcon_meta'
[2.667s] Level 1:colcon.colcon_core.package_identification:_identify(src/hardware/driver) by extensions ['ros']
[2.668s] Level 1:colcon.colcon_core.package_identification:_identify(src/hardware/driver) by extension 'ros'
[2.670s] DEBUG:colcon.colcon_core.package_identification:Package 'src/hardware/driver' with type 'ros.ament_python' and name 'driver'
[2.671s] Level 1:colcon.colcon_core.package_identification:_identify(src/hardware/servo) by extensions ['ignore', 'ignore_ament_install']
[2.671s] Level 1:colcon.colcon_core.package_identification:_identify(src/hardware/servo) by extension 'ignore'
[2.672s] Level 1:colcon.colcon_core.package_identification:_identify(src/hardware/servo) by extension 'ignore_ament_install'
[2.672s] Level 1:colcon.colcon_core.package_identification:_identify(src/hardware/servo) by extensions ['colcon_pkg']
[2.672s] Level 1:colcon.colcon_core.package_identification:_identify(src/hardware/servo) by extension 'colcon_pkg'
[2.672s] Level 1:colcon.colcon_core.package_identification:_identify(src/hardware/servo) by extensions ['colcon_meta']
[2.672s] Level 1:colcon.colcon_core.package_identification:_identify(src/hardware/servo) by extension 'colcon_meta'
[2.673s] Level 1:colcon.colcon_core.package_identification:_identify(src/hardware/servo) by extensions ['ros']
[2.673s] Level 1:colcon.colcon_core.package_identification:_identify(src/hardware/servo) by extension 'ros'
[2.676s] DEBUG:colcon.colcon_core.package_identification:Package 'src/hardware/servo' with type 'ros.ament_python' and name 'servo'
[2.676s] Level 1:colcon.colcon_core.package_identification:_identify(src/hardware/webcam) by extensions ['ignore', 'ignore_ament_install']
[2.677s] Level 1:colcon.colcon_core.package_identification:_identify(src/hardware/webcam) by extension 'ignore'
[2.677s] Level 1:colcon.colcon_core.package_identification:_identify(src/hardware/webcam) by extension 'ignore_ament_install'
[2.677s] Level 1:colcon.colcon_core.package_identification:_identify(src/hardware/webcam) by extensions ['colcon_pkg']
[2.678s] Level 1:colcon.colcon_core.package_identification:_identify(src/hardware/webcam) by extension 'colcon_pkg'
[2.678s] Level 1:colcon.colcon_core.package_identification:_identify(src/hardware/webcam) by extensions ['colcon_meta']
[2.678s] Level 1:colcon.colcon_core.package_identification:_identify(src/hardware/webcam) by extension 'colcon_meta'
[2.678s] Level 1:colcon.colcon_core.package_identification:_identify(src/hardware/webcam) by extensions ['ros']
[2.678s] Level 1:colcon.colcon_core.package_identification:_identify(src/hardware/webcam) by extension 'ros'
[2.681s] DEBUG:colcon.colcon_core.package_identification:Package 'src/hardware/webcam' with type 'ros.ament_python' and name 'webcam'
[2.682s] Level 1:colcon.colcon_core.package_identification:_identify(src/hardware/ydlidar_client) by extensions ['ignore', 'ignore_ament_install']
[2.682s] Level 1:colcon.colcon_core.package_identification:_identify(src/hardware/ydlidar_client) by extension 'ignore'
[2.682s] Level 1:colcon.colcon_core.package_identification:_identify(src/hardware/ydlidar_client) by extension 'ignore_ament_install'
[2.683s] Level 1:colcon.colcon_core.package_identification:_identify(src/hardware/ydlidar_client) by extensions ['colcon_pkg']
[2.683s] Level 1:colcon.colcon_core.package_identification:_identify(src/hardware/ydlidar_client) by extension 'colcon_pkg'
[2.683s] Level 1:colcon.colcon_core.package_identification:_identify(src/hardware/ydlidar_client) by extensions ['colcon_meta']
[2.683s] Level 1:colcon.colcon_core.package_identification:_identify(src/hardware/ydlidar_client) by extension 'colcon_meta'
[2.684s] Level 1:colcon.colcon_core.package_identification:_identify(src/hardware/ydlidar_client) by extensions ['ros']
[2.684s] Level 1:colcon.colcon_core.package_identification:_identify(src/hardware/ydlidar_client) by extension 'ros'
[2.687s] DEBUG:colcon.colcon_core.package_identification:Package 'src/hardware/ydlidar_client' with type 'ros.ament_python' and name 'ydlidar_client'
[2.688s] Level 1:colcon.colcon_core.package_identification:_identify(src/hardware/ydlidar_publicador) by extensions ['ignore', 'ignore_ament_install']
[2.688s] Level 1:colcon.colcon_core.package_identification:_identify(src/hardware/ydlidar_publicador) by extension 'ignore'
[2.689s] Level 1:colcon.colcon_core.package_identification:_identify(src/hardware/ydlidar_publicador) by extension 'ignore_ament_install'
[2.689s] Level 1:colcon.colcon_core.package_identification:_identify(src/hardware/ydlidar_publicador) by extensions ['colcon_pkg']
[2.689s] Level 1:colcon.colcon_core.package_identification:_identify(src/hardware/ydlidar_publicador) by extension 'colcon_pkg'
[2.689s] Level 1:colcon.colcon_core.package_identification:_identify(src/hardware/ydlidar_publicador) by extensions ['colcon_meta']
[2.689s] Level 1:colcon.colcon_core.package_identification:_identify(src/hardware/ydlidar_publicador) by extension 'colcon_meta'
[2.690s] Level 1:colcon.colcon_core.package_identification:_identify(src/hardware/ydlidar_publicador) by extensions ['ros']
[2.690s] Level 1:colcon.colcon_core.package_identification:_identify(src/hardware/ydlidar_publicador) by extension 'ros'
[2.693s] DEBUG:colcon.colcon_core.package_identification:Package 'src/hardware/ydlidar_publicador' with type 'ros.ament_cmake' and name 'ydlidar_publicador'
[2.694s] Level 1:colcon.colcon_core.package_identification:_identify(src/test) by extensions ['ignore', 'ignore_ament_install']
[2.694s] Level 1:colcon.colcon_core.package_identification:_identify(src/test) by extension 'ignore'
[2.695s] Level 1:colcon.colcon_core.package_identification:_identify(src/test) by extension 'ignore_ament_install'
[2.695s] Level 1:colcon.colcon_core.package_identification:_identify(src/test) by extensions ['colcon_pkg']
[2.695s] Level 1:colcon.colcon_core.package_identification:_identify(src/test) by extension 'colcon_pkg'
[2.695s] Level 1:colcon.colcon_core.package_identification:_identify(src/test) by extensions ['colcon_meta']
[2.695s] Level 1:colcon.colcon_core.package_identification:_identify(src/test) by extension 'colcon_meta'
[2.696s] Level 1:colcon.colcon_core.package_identification:_identify(src/test) by extensions ['ros']
[2.696s] Level 1:colcon.colcon_core.package_identification:_identify(src/test) by extension 'ros'
[2.696s] Level 1:colcon.colcon_core.package_identification:_identify(src/test) by extensions ['cmake', 'python']
[2.696s] Level 1:colcon.colcon_core.package_identification:_identify(src/test) by extension 'cmake'
[2.697s] Level 1:colcon.colcon_core.package_identification:_identify(src/test) by extension 'python'
[2.697s] Level 1:colcon.colcon_core.package_identification:_identify(src/test) by extensions ['python_setup_py']
[2.697s] Level 1:colcon.colcon_core.package_identification:_identify(src/test) by extension 'python_setup_py'
[2.698s] Level 1:colcon.colcon_core.package_identification:_identify(src/test/serial_bridge) by extensions ['ignore', 'ignore_ament_install']
[2.698s] Level 1:colcon.colcon_core.package_identification:_identify(src/test/serial_bridge) by extension 'ignore'
[2.698s] Level 1:colcon.colcon_core.package_identification:_identify(src/test/serial_bridge) by extension 'ignore_ament_install'
[2.699s] Level 1:colcon.colcon_core.package_identification:_identify(src/test/serial_bridge) by extensions ['colcon_pkg']
[2.699s] Level 1:colcon.colcon_core.package_identification:_identify(src/test/serial_bridge) by extension 'colcon_pkg'
[2.699s] Level 1:colcon.colcon_core.package_identification:_identify(src/test/serial_bridge) by extensions ['colcon_meta']
[2.699s] Level 1:colcon.colcon_core.package_identification:_identify(src/test/serial_bridge) by extension 'colcon_meta'
[2.699s] Level 1:colcon.colcon_core.package_identification:_identify(src/test/serial_bridge) by extensions ['ros']
[2.699s] Level 1:colcon.colcon_core.package_identification:_identify(src/test/serial_bridge) by extension 'ros'
[2.703s] DEBUG:colcon.colcon_core.package_identification:Package 'src/test/serial_bridge' with type 'ros.ament_python' and name 'serial_bridge'
[2.703s] Level 1:colcon.colcon_core.package_identification:_identify(src/vision) by extensions ['ignore', 'ignore_ament_install']
[2.704s] Level 1:colcon.colcon_core.package_identification:_identify(src/vision) by extension 'ignore'
[2.704s] Level 1:colcon.colcon_core.package_identification:_identify(src/vision) by extension 'ignore_ament_install'
[2.704s] Level 1:colcon.colcon_core.package_identification:_identify(src/vision) by extensions ['colcon_pkg']
[2.704s] Level 1:colcon.colcon_core.package_identification:_identify(src/vision) by extension 'colcon_pkg'
[2.705s] Level 1:colcon.colcon_core.package_identification:_identify(src/vision) by extensions ['colcon_meta']
[2.705s] Level 1:colcon.colcon_core.package_identification:_identify(src/vision) by extension 'colcon_meta'
[2.705s] Level 1:colcon.colcon_core.package_identification:_identify(src/vision) by extensions ['ros']
[2.705s] Level 1:colcon.colcon_core.package_identification:_identify(src/vision) by extension 'ros'
[2.706s] Level 1:colcon.colcon_core.package_identification:_identify(src/vision) by extensions ['cmake', 'python']
[2.706s] Level 1:colcon.colcon_core.package_identification:_identify(src/vision) by extension 'cmake'
[2.706s] Level 1:colcon.colcon_core.package_identification:_identify(src/vision) by extension 'python'
[2.706s] Level 1:colcon.colcon_core.package_identification:_identify(src/vision) by extensions ['python_setup_py']
[2.706s] Level 1:colcon.colcon_core.package_identification:_identify(src/vision) by extension 'python_setup_py'
[2.707s] Level 1:colcon.colcon_core.package_identification:_identify(src/vision/lanes_borders) by extensions ['ignore', 'ignore_ament_install']
[2.707s] Level 1:colcon.colcon_core.package_identification:_identify(src/vision/lanes_borders) by extension 'ignore'
[2.707s] Level 1:colcon.colcon_core.package_identification:_identify(src/vision/lanes_borders) by extension 'ignore_ament_install'
[2.708s] Level 1:colcon.colcon_core.package_identification:_identify(src/vision/lanes_borders) by extensions ['colcon_pkg']
[2.708s] Level 1:colcon.colcon_core.package_identification:_identify(src/vision/lanes_borders) by extension 'colcon_pkg'
[2.708s] Level 1:colcon.colcon_core.package_identification:_identify(src/vision/lanes_borders) by extensions ['colcon_meta']
[2.708s] Level 1:colcon.colcon_core.package_identification:_identify(src/vision/lanes_borders) by extension 'colcon_meta'
[2.708s] Level 1:colcon.colcon_core.package_identification:_identify(src/vision/lanes_borders) by extensions ['ros']
[2.709s] Level 1:colcon.colcon_core.package_identification:_identify(src/vision/lanes_borders) by extension 'ros'
[2.711s] DEBUG:colcon.colcon_core.package_identification:Package 'src/vision/lanes_borders' with type 'ros.ament_python' and name 'lanes_borders'
[2.712s] Level 1:colcon.colcon_core.package_identification:_identify(src/vision/red_vision) by extensions ['ignore', 'ignore_ament_install']
[2.712s] Level 1:colcon.colcon_core.package_identification:_identify(src/vision/red_vision) by extension 'ignore'
[2.713s] Level 1:colcon.colcon_core.package_identification:_identify(src/vision/red_vision) by extension 'ignore_ament_install'
[2.713s] Level 1:colcon.colcon_core.package_identification:_identify(src/vision/red_vision) by extensions ['colcon_pkg']
[2.713s] Level 1:colcon.colcon_core.package_identification:_identify(src/vision/red_vision) by extension 'colcon_pkg'
[2.713s] Level 1:colcon.colcon_core.package_identification:_identify(src/vision/red_vision) by extensions ['colcon_meta']
[2.713s] Level 1:colcon.colcon_core.package_identification:_identify(src/vision/red_vision) by extension 'colcon_meta'
[2.714s] Level 1:colcon.colcon_core.package_identification:_identify(src/vision/red_vision) by extensions ['ros']
[2.714s] Level 1:colcon.colcon_core.package_identification:_identify(src/vision/red_vision) by extension 'ros'
[2.717s] DEBUG:colcon.colcon_core.package_identification:Package 'src/vision/red_vision' with type 'ros.ament_python' and name 'red_vision'
[2.717s] Level 1:colcon.colcon_core.package_identification:_identify(src/vision/steering_error) by extensions ['ignore', 'ignore_ament_install']
[2.718s] Level 1:colcon.colcon_core.package_identification:_identify(src/vision/steering_error) by extension 'ignore'
[2.718s] Level 1:colcon.colcon_core.package_identification:_identify(src/vision/steering_error) by extension 'ignore_ament_install'
[2.718s] Level 1:colcon.colcon_core.package_identification:_identify(src/vision/steering_error) by extensions ['colcon_pkg']
[2.719s] Level 1:colcon.colcon_core.package_identification:_identify(src/vision/steering_error) by extension 'colcon_pkg'
[2.719s] Level 1:colcon.colcon_core.package_identification:_identify(src/vision/steering_error) by extensions ['colcon_meta']
[2.719s] Level 1:colcon.colcon_core.package_identification:_identify(src/vision/steering_error) by extension 'colcon_meta'
[2.719s] Level 1:colcon.colcon_core.package_identification:_identify(src/vision/steering_error) by extensions ['ros']
[2.719s] Level 1:colcon.colcon_core.package_identification:_identify(src/vision/steering_error) by extension 'ros'
[2.722s] DEBUG:colcon.colcon_core.package_identification:Package 'src/vision/steering_error' with type 'ros.ament_python' and name 'steering_error'
[2.723s] Level 1:colcon.colcon_core.package_identification:_identify(venv) by extensions ['ignore', 'ignore_ament_install']
[2.723s] Level 1:colcon.colcon_core.package_identification:_identify(venv) by extension 'ignore'
[2.723s] Level 1:colcon.colcon_core.package_identification:_identify(venv) by extension 'ignore_ament_install'
[2.724s] Level 1:colcon.colcon_core.package_identification:_identify(venv) by extensions ['colcon_pkg']
[2.724s] Level 1:colcon.colcon_core.package_identification:_identify(venv) by extension 'colcon_pkg'
[2.724s] Level 1:colcon.colcon_core.package_identification:_identify(venv) by extensions ['colcon_meta']
[2.724s] Level 1:colcon.colcon_core.package_identification:_identify(venv) by extension 'colcon_meta'
[2.724s] Level 1:colcon.colcon_core.package_identification:_identify(venv) by extensions ['ros']
[2.724s] Level 1:colcon.colcon_core.package_identification:_identify(venv) by extension 'ros'
[2.725s] Level 1:colcon.colcon_core.package_identification:_identify(venv) by extensions ['cmake', 'python']
[2.725s] Level 1:colcon.colcon_core.package_identification:_identify(venv) by extension 'cmake'
[2.725s] Level 1:colcon.colcon_core.package_identification:_identify(venv) by extension 'python'
[2.725s] Level 1:colcon.colcon_core.package_identification:_identify(venv) by extensions ['python_setup_py']
[2.725s] Level 1:colcon.colcon_core.package_identification:_identify(venv) by extension 'python_setup_py'
[2.726s] Level 1:colcon.colcon_core.package_identification:_identify(venv/bin) by extensions ['ignore', 'ignore_ament_install']
[2.726s] Level 1:colcon.colcon_core.package_identification:_identify(venv/bin) by extension 'ignore'
[2.727s] Level 1:colcon.colcon_core.package_identification:_identify(venv/bin) by extension 'ignore_ament_install'
[2.727s] Level 1:colcon.colcon_core.package_identification:_identify(venv/bin) by extensions ['colcon_pkg']
[2.727s] Level 1:colcon.colcon_core.package_identification:_identify(venv/bin) by extension 'colcon_pkg'
[2.728s] Level 1:colcon.colcon_core.package_identification:_identify(venv/bin) by extensions ['colcon_meta']
[2.728s] Level 1:colcon.colcon_core.package_identification:_identify(venv/bin) by extension 'colcon_meta'
[2.728s] Level 1:colcon.colcon_core.package_identification:_identify(venv/bin) by extensions ['ros']
[2.728s] Level 1:colcon.colcon_core.package_identification:_identify(venv/bin) by extension 'ros'
[2.728s] Level 1:colcon.colcon_core.package_identification:_identify(venv/bin) by extensions ['cmake', 'python']
[2.729s] Level 1:colcon.colcon_core.package_identification:_identify(venv/bin) by extension 'cmake'
[2.729s] Level 1:colcon.colcon_core.package_identification:_identify(venv/bin) by extension 'python'
[2.729s] Level 1:colcon.colcon_core.package_identification:_identify(venv/bin) by extensions ['python_setup_py']
[2.729s] Level 1:colcon.colcon_core.package_identification:_identify(venv/bin) by extension 'python_setup_py'
[2.729s] Level 1:colcon.colcon_core.package_discovery:discover_packages(recursive) using defaults
[2.730s] Level 1:colcon.colcon_core.package_discovery:discover_packages(ignore) discover
[2.730s] Level 1:colcon.colcon_core.package_discovery:discover_packages(ignore) using defaults
[2.730s] Level 1:colcon.colcon_core.package_discovery:discover_packages(path) discover
[2.730s] Level 1:colcon.colcon_core.package_discovery:discover_packages(path) using defaults
[2.882s] INFO:colcon.colcon_core.package_selection:Skipping not selected package 'directional_led' in 'src/hardware/directional_led'
[2.882s] INFO:colcon.colcon_core.package_selection:Skipping not selected package 'driver' in 'src/hardware/driver'
[2.882s] INFO:colcon.colcon_core.package_selection:Skipping not selected package 'lanes_borders' in 'src/vision/lanes_borders'
[2.882s] INFO:colcon.colcon_core.package_selection:Skipping not selected package 'red_vision' in 'src/vision/red_vision'
[2.882s] INFO:colcon.colcon_core.package_selection:Skipping not selected package 'serial_bridge' in 'src/test/serial_bridge'
[2.883s] INFO:colcon.colcon_core.package_selection:Skipping not selected package 'servo' in 'src/hardware/servo'
[2.883s] INFO:colcon.colcon_core.package_selection:Skipping not selected package 'steering_error' in 'src/vision/steering_error'
[2.883s] INFO:colcon.colcon_core.package_selection:Skipping not selected package 'webcam' in 'src/hardware/webcam'
[2.883s] INFO:colcon.colcon_core.package_selection:Skipping not selected package 'ydlidar_publicador' in 'src/hardware/ydlidar_publicador'
[2.886s] Level 1:colcon.colcon_core.package_discovery:discover_packages(prefix_path) check parameters
[2.886s] Level 1:colcon.colcon_core.package_discovery:discover_packages(prefix_path) discover
[2.905s] DEBUG:colcon.colcon_installed_package_information.package_discovery:Found 16 installed packages in /home/crofi/AutoModelCrofi/ros2_ws/install
[2.908s] DEBUG:colcon.colcon_installed_package_information.package_discovery:Found 1 installed packages in /home/crofi/ydlidar_ros2_ws/install
[2.967s] DEBUG:colcon.colcon_installed_package_information.package_discovery:Found 341 installed packages in /home/crofi/ros2_humble/ros2-linux
[2.982s] DEBUG:colcon.colcon_installed_package_information.package_discovery:Found 58 installed packages in /opt/ros/humble
[2.993s] Level 1:colcon.colcon_core.package_discovery:discover_packages(prefix_path) using defaults
[3.349s] Level 5:colcon.colcon_core.verb:set package 'ydlidar_client' build argument 'cmake_args' from command line to 'None'
[3.349s] Level 5:colcon.colcon_core.verb:set package 'ydlidar_client' build argument 'cmake_target' from command line to 'None'
[3.349s] Level 5:colcon.colcon_core.verb:set package 'ydlidar_client' build argument 'cmake_target_skip_unavailable' from command line to 'False'
[3.349s] Level 5:colcon.colcon_core.verb:set package 'ydlidar_client' build argument 'cmake_clean_cache' from command line to 'False'
[3.349s] Level 5:colcon.colcon_core.verb:set package 'ydlidar_client' build argument 'cmake_clean_first' from command line to 'False'
[3.349s] Level 5:colcon.colcon_core.verb:set package 'ydlidar_client' build argument 'cmake_force_configure' from command line to 'False'
[3.349s] Level 5:colcon.colcon_core.verb:set package 'ydlidar_client' build argument 'ament_cmake_args' from command line to 'None'
[3.350s] Level 5:colcon.colcon_core.verb:set package 'ydlidar_client' build argument 'catkin_cmake_args' from command line to 'None'
[3.350s] Level 5:colcon.colcon_core.verb:set package 'ydlidar_client' build argument 'catkin_skip_building_tests' from command line to 'False'
[3.350s] DEBUG:colcon.colcon_core.verb:Building package 'ydlidar_client' with the following arguments: {'ament_cmake_args': None, 'build_base': '/home/crofi/AutoModelCrofi/ros2_ws/build/ydlidar_client', 'catkin_cmake_args': None, 'catkin_skip_building_tests': False, 'cmake_args': None, 'cmake_clean_cache': False, 'cmake_clean_first': False, 'cmake_force_configure': False, 'cmake_target': None, 'cmake_target_skip_unavailable': False, 'install_base': '/home/crofi/AutoModelCrofi/ros2_ws/install/ydlidar_client', 'merge_install': False, 'path': '/home/crofi/AutoModelCrofi/ros2_ws/src/hardware/ydlidar_client', 'symlink_install': True, 'test_result_base': None}
[3.350s] INFO:colcon.colcon_core.executor:Executing jobs using 'parallel' executor
[3.354s] DEBUG:colcon.colcon_parallel_executor.executor.parallel:run_until_complete
[3.355s] INFO:colcon.colcon_ros.task.ament_python.build:Building ROS package in '/home/crofi/AutoModelCrofi/ros2_ws/src/hardware/ydlidar_client' with build type 'ament_python'
[3.356s] Level 1:colcon.colcon_core.shell:create_environment_hook('ydlidar_client', 'ament_prefix_path')
[3.373s] INFO:colcon.colcon_core.plugin_system:Skipping extension 'colcon_core.shell.bat': Not used on non-Windows systems
[3.374s] INFO:colcon.colcon_core.shell:Creating environment hook '/home/crofi/AutoModelCrofi/ros2_ws/install/ydlidar_client/share/ydlidar_client/hook/ament_prefix_path.ps1'
[3.378s] INFO:colcon.colcon_core.shell:Creating environment descriptor '/home/crofi/AutoModelCrofi/ros2_ws/install/ydlidar_client/share/ydlidar_client/hook/ament_prefix_path.dsv'
[3.381s] INFO:colcon.colcon_core.shell:Creating environment hook '/home/crofi/AutoModelCrofi/ros2_ws/install/ydlidar_client/share/ydlidar_client/hook/ament_prefix_path.sh'
[3.386s] INFO:colcon.colcon_core.shell:Skip shell extension 'powershell' for command environment: Not usable outside of PowerShell
[3.387s] DEBUG:colcon.colcon_core.shell:Skip shell extension 'dsv' for command environment
[5.032s] INFO:colcon.colcon_core.task.python.build:Building Python package in '/home/crofi/AutoModelCrofi/ros2_ws/src/hardware/ydlidar_client'
[5.034s] INFO:colcon.colcon_core.shell:Skip shell extension 'powershell' for command environment: Not usable outside of PowerShell
[5.034s] DEBUG:colcon.colcon_core.shell:Skip shell extension 'dsv' for command environment
[7.302s] DEBUG:colcon.colcon_core.event_handler.log_command:Invoking command in '/home/crofi/AutoModelCrofi/ros2_ws/build/ydlidar_client': PYTHONPATH=/home/crofi/AutoModelCrofi/ros2_ws/build/ydlidar_client/prefix_override:/usr/lib/python3/dist-packages/colcon_core/task/python/colcon_distutils_commands:/home/crofi/AutoModelCrofi/ros2_ws/install/ydlidar_client/lib/python3.10/site-packages:${PYTHONPATH} /usr/bin/python3 -W ignore:setup.py install is deprecated -W ignore:easy_install command is deprecated setup.py develop --editable --build-directory /home/crofi/AutoModelCrofi/ros2_ws/build/ydlidar_client/build --no-deps symlink_data
[10.158s] Level 1:colcon.colcon_core.shell:create_environment_hook('ydlidar_client', 'pythonpath_develop')
[10.160s] INFO:colcon.colcon_core.shell:Creating environment hook '/home/crofi/AutoModelCrofi/ros2_ws/build/ydlidar_client/share/ydlidar_client/hook/pythonpath_develop.ps1'
[10.163s] INFO:colcon.colcon_core.shell:Creating environment descriptor '/home/crofi/AutoModelCrofi/ros2_ws/build/ydlidar_client/share/ydlidar_client/hook/pythonpath_develop.dsv'
[10.165s] DEBUG:colcon.colcon_core.event_handler.log_command:Invoked command in '/home/crofi/AutoModelCrofi/ros2_ws/build/ydlidar_client' returned '0': PYTHONPATH=/home/crofi/AutoModelCrofi/ros2_ws/build/ydlidar_client/prefix_override:/usr/lib/python3/dist-packages/colcon_core/task/python/colcon_distutils_commands:/home/crofi/AutoModelCrofi/ros2_ws/install/ydlidar_client/lib/python3.10/site-packages:${PYTHONPATH} /usr/bin/python3 -W ignore:setup.py install is deprecated -W ignore:easy_install command is deprecated setup.py develop --editable --build-directory /home/crofi/AutoModelCrofi/ros2_ws/build/ydlidar_client/build --no-deps symlink_data
[10.168s] INFO:colcon.colcon_core.shell:Creating environment hook '/home/crofi/AutoModelCrofi/ros2_ws/build/ydlidar_client/share/ydlidar_client/hook/pythonpath_develop.sh'
[10.195s] Level 1:colcon.colcon_core.environment:checking '/home/crofi/AutoModelCrofi/ros2_ws/install/ydlidar_client' for CMake module files
[10.198s] Level 1:colcon.colcon_core.environment:checking '/home/crofi/AutoModelCrofi/ros2_ws/install/ydlidar_client' for CMake config files
[10.202s] Level 1:colcon.colcon_core.environment:checking '/home/crofi/AutoModelCrofi/ros2_ws/install/ydlidar_client/lib'
[10.204s] Level 1:colcon.colcon_core.environment:checking '/home/crofi/AutoModelCrofi/ros2_ws/install/ydlidar_client/bin'
[10.204s] Level 1:colcon.colcon_core.environment:checking '/home/crofi/AutoModelCrofi/ros2_ws/install/ydlidar_client/lib/pkgconfig/ydlidar_client.pc'
[10.205s] Level 1:colcon.colcon_core.environment:checking '/home/crofi/AutoModelCrofi/ros2_ws/install/ydlidar_client/lib/python3.10/site-packages'
[10.206s] Level 1:colcon.colcon_core.shell:create_environment_hook('ydlidar_client', 'pythonpath')
[10.207s] INFO:colcon.colcon_core.shell:Creating environment hook '/home/crofi/AutoModelCrofi/ros2_ws/install/ydlidar_client/share/ydlidar_client/hook/pythonpath.ps1'
[10.209s] INFO:colcon.colcon_core.shell:Creating environment descriptor '/home/crofi/AutoModelCrofi/ros2_ws/install/ydlidar_client/share/ydlidar_client/hook/pythonpath.dsv'
[10.211s] INFO:colcon.colcon_core.shell:Creating environment hook '/home/crofi/AutoModelCrofi/ros2_ws/install/ydlidar_client/share/ydlidar_client/hook/pythonpath.sh'
[10.214s] Level 1:colcon.colcon_core.environment:checking '/home/crofi/AutoModelCrofi/ros2_ws/install/ydlidar_client/bin'
[10.214s] Level 1:colcon.colcon_core.environment:create_environment_scripts_only(ydlidar_client)
[10.216s] INFO:colcon.colcon_core.shell:Creating package script '/home/crofi/AutoModelCrofi/ros2_ws/install/ydlidar_client/share/ydlidar_client/package.ps1'
[10.221s] INFO:colcon.colcon_core.shell:Creating package descriptor '/home/crofi/AutoModelCrofi/ros2_ws/install/ydlidar_client/share/ydlidar_client/package.dsv'
[10.224s] INFO:colcon.colcon_core.shell:Creating package script '/home/crofi/AutoModelCrofi/ros2_ws/install/ydlidar_client/share/ydlidar_client/package.sh'
[10.229s] INFO:colcon.colcon_core.shell:Creating package script '/home/crofi/AutoModelCrofi/ros2_ws/install/ydlidar_client/share/ydlidar_client/package.bash'
[10.233s] INFO:colcon.colcon_core.shell:Creating package script '/home/crofi/AutoModelCrofi/ros2_ws/install/ydlidar_client/share/ydlidar_client/package.zsh'
[10.238s] Level 1:colcon.colcon_core.environment:create_file_with_runtime_dependencies(/home/crofi/AutoModelCrofi/ros2_ws/install/ydlidar_client/share/colcon-core/packages/ydlidar_client)
[10.240s] DEBUG:colcon.colcon_parallel_executor.executor.parallel:closing loop
[10.241s] DEBUG:colcon.colcon_parallel_executor.executor.parallel:loop closed
[10.242s] DEBUG:colcon.colcon_parallel_executor.executor.parallel:run_until_complete finished with '0'
[10.242s] DEBUG:colcon.colcon_core.event_reactor:joining thread
[10.285s] INFO:colcon.colcon_core.plugin_system:Skipping extension 'colcon_notification.desktop_notification.terminal_notifier': Not used on non-Darwin systems
[10.285s] INFO:colcon.colcon_core.plugin_system:Skipping extension 'colcon_notification.desktop_notification.win32': Not used on non-Windows systems
[10.285s] INFO:colcon.colcon_notification.desktop_notification:Sending desktop notification using 'notify2'
[10.312s] DEBUG:colcon.colcon_notification.desktop_notification.notify2:Failed to initialize notify2: org.freedesktop.DBus.Error.ServiceUnknown: The name org.freedesktop.Notifications was not provided by any .service files
[10.313s] DEBUG:colcon.colcon_core.event_reactor:joined thread
[10.315s] INFO:colcon.colcon_core.shell:Creating prefix script '/home/crofi/AutoModelCrofi/ros2_ws/install/local_setup.ps1'
[10.323s] INFO:colcon.colcon_core.shell:Creating prefix util module '/home/crofi/AutoModelCrofi/ros2_ws/install/_local_setup_util_ps1.py'
[10.333s] INFO:colcon.colcon_core.shell:Creating prefix chain script '/home/crofi/AutoModelCrofi/ros2_ws/install/setup.ps1'
[10.345s] INFO:colcon.colcon_core.shell:Creating prefix script '/home/crofi/AutoModelCrofi/ros2_ws/install/local_setup.sh'
[10.349s] INFO:colcon.colcon_core.shell:Creating prefix util module '/home/crofi/AutoModelCrofi/ros2_ws/install/_local_setup_util_sh.py'
[10.352s] INFO:colcon.colcon_core.shell:Creating prefix chain script '/home/crofi/AutoModelCrofi/ros2_ws/install/setup.sh'
[10.362s] INFO:colcon.colcon_core.shell:Creating prefix script '/home/crofi/AutoModelCrofi/ros2_ws/install/local_setup.bash'
[10.366s] INFO:colcon.colcon_core.shell:Creating prefix chain script '/home/crofi/AutoModelCrofi/ros2_ws/install/setup.bash'
[10.377s] INFO:colcon.colcon_core.shell:Creating prefix script '/home/crofi/AutoModelCrofi/ros2_ws/install/local_setup.zsh'
[10.380s] INFO:colcon.colcon_core.shell:Creating prefix chain script '/home/crofi/AutoModelCrofi/ros2_ws/install/setup.zsh'
