[2.182s] Invoking command in '/home/tars/AutoModelCrofi/build/lane_detector': PYTHONPATH=/home/tars/AutoModelCrofi/build/lane_detector/prefix_override:/usr/lib/python3/dist-packages/colcon_core/task/python/colcon_distutils_commands:/home/tars/AutoModelCrofi/install/lane_detector/lib/python3.12/site-packages:${PYTHONPATH} /usr/bin/python3 -W ignore:setup.py install is deprecated -W ignore:easy_install command is deprecated setup.py develop --editable --build-directory /home/tars/AutoModelCrofi/build/lane_detector/build --no-deps symlink_data
[2.586s] running develop
[2.856s] running egg_info
[2.856s] creating lane_detector.egg-info
[2.881s] writing lane_detector.egg-info/PKG-INFO
[2.881s] writing dependency_links to lane_detector.egg-info/dependency_links.txt
[2.881s] writing entry points to lane_detector.egg-info/entry_points.txt
[2.881s] writing requirements to lane_detector.egg-info/requires.txt
[2.881s] writing top-level names to lane_detector.egg-info/top_level.txt
[2.882s] writing manifest file 'lane_detector.egg-info/SOURCES.txt'
[2.939s] reading manifest file 'lane_detector.egg-info/SOURCES.txt'
[2.942s] writing manifest file 'lane_detector.egg-info/SOURCES.txt'
[2.967s] running build_ext
[2.967s] Creating /home/tars/AutoModelCrofi/install/lane_detector/lib/python3.12/site-packages/lane-detector.egg-link (link to .)
[2.967s] Installing lane_detector script to /home/tars/AutoModelCrofi/install/lane_detector/lib/lane_detector
[2.968s] 
[2.968s] Installed /home/tars/AutoModelCrofi/build/lane_detector
[2.968s] running symlink_data
[2.968s] creating /home/tars/AutoModelCrofi/install/lane_detector/share/ament_index
[2.970s] creating /home/tars/AutoModelCrofi/install/lane_detector/share/ament_index/resource_index
[2.970s] creating /home/tars/AutoModelCrofi/install/lane_detector/share/ament_index/resource_index/packages
[2.970s] symbolically linking /home/tars/AutoModelCrofi/build/lane_detector/resource/lane_detector -> /home/tars/AutoModelCrofi/install/lane_detector/share/ament_index/resource_index/packages
[2.971s] symbolically linking /home/tars/AutoModelCrofi/build/lane_detector/package.xml -> /home/tars/AutoModelCrofi/install/lane_detector/share/lane_detector
[3.237s] Invoked command in '/home/tars/AutoModelCrofi/build/lane_detector' returned '0': PYTHONPATH=/home/tars/AutoModelCrofi/build/lane_detector/prefix_override:/usr/lib/python3/dist-packages/colcon_core/task/python/colcon_distutils_commands:/home/tars/AutoModelCrofi/install/lane_detector/lib/python3.12/site-packages:${PYTHONPATH} /usr/bin/python3 -W ignore:setup.py install is deprecated -W ignore:easy_install command is deprecated setup.py develop --editable --build-directory /home/tars/AutoModelCrofi/build/lane_detector/build --no-deps symlink_data
