[0.715s] DEBUG:colcon:Command line arguments: ['/usr/bin/colcon', 'build']
[0.715s] DEBUG:colcon:Parsed command line arguments: Namespace(log_base=None, log_level=None, verb_name='build', build_base='build', install_base='install', merge_install=False, symlink_install=False, test_result_base=None, continue_on_error=False, executor='parallel', parallel_workers=4, event_handlers=None, ignore_user_meta=False, metas=['./colcon.meta'], base_paths=['.'], packages_ignore=None, packages_ignore_regex=None, paths=None, packages_up_to=None, packages_up_to_regex=None, packages_above=None, packages_above_and_dependencies=None, packages_above_depth=None, packages_select_by_dep=None, packages_skip_by_dep=None, packages_skip_up_to=None, packages_select_build_failed=False, packages_skip_build_finished=False, packages_select_test_failures=False, packages_skip_test_passed=False, packages_select=None, packages_skip=None, packages_select_regex=None, packages_skip_regex=None, packages_start=None, packages_end=None, allow_overriding=[], cmake_args=None, cmake_target=None, cmake_target_skip_unavailable=False, cmake_clean_cache=False, cmake_clean_first=False, cmake_force_configure=False, ament_cmake_args=None, catkin_cmake_args=None, catkin_skip_building_tests=False, mixin_files=None, mixin=None, verb_parser=<colcon_mixin.mixin.mixin_argument.MixinArgumentDecorator object at 0xffffaa3f7f10>, verb_extension=<colcon_core.verb.build.BuildVerb object at 0xffffaa5d8e50>, main=<bound method BuildVerb.main of <colcon_core.verb.build.BuildVerb object at 0xffffaa5d8e50>>, mixin_verb=('build',))
[1.859s] Level 1:colcon.colcon_core.package_discovery:discover_packages(colcon_meta) check parameters
[1.860s] Level 1:colcon.colcon_core.package_discovery:discover_packages(recursive) check parameters
[1.861s] Level 1:colcon.colcon_core.package_discovery:discover_packages(ignore) check parameters
[1.861s] Level 1:colcon.colcon_core.package_discovery:discover_packages(path) check parameters
[1.861s] Level 1:colcon.colcon_core.package_discovery:discover_packages(colcon_meta) discover
[1.861s] Level 1:colcon.colcon_core.package_discovery:discover_packages(recursive) discover
[1.862s] INFO:colcon.colcon_core.package_discovery:Crawling recursively for packages in '/home/crofi/AutoModel_Rep'
[1.862s] Level 1:colcon.colcon_core.package_identification:_identify(.) by extensions ['ignore', 'ignore_ament_install']
[1.864s] Level 1:colcon.colcon_core.package_identification:_identify(.) by extension 'ignore'
[1.864s] Level 1:colcon.colcon_core.package_identification:_identify(.) by extension 'ignore_ament_install'
[1.865s] Level 1:colcon.colcon_core.package_identification:_identify(.) by extensions ['colcon_pkg']
[1.865s] Level 1:colcon.colcon_core.package_identification:_identify(.) by extension 'colcon_pkg'
[1.865s] Level 1:colcon.colcon_core.package_identification:_identify(.) by extensions ['colcon_meta']
[1.865s] Level 1:colcon.colcon_core.package_identification:_identify(.) by extension 'colcon_meta'
[1.866s] Level 1:colcon.colcon_core.package_identification:_identify(.) by extensions ['ros']
[1.866s] Level 1:colcon.colcon_core.package_identification:_identify(.) by extension 'ros'
[1.923s] Level 1:colcon.colcon_core.package_identification:_identify(.) by extensions ['cmake', 'python']
[1.924s] Level 1:colcon.colcon_core.package_identification:_identify(.) by extension 'cmake'
[1.924s] Level 1:colcon.colcon_core.package_identification:_identify(.) by extension 'python'
[1.924s] Level 1:colcon.colcon_core.package_identification:_identify(.) by extensions ['python_setup_py']
[1.924s] Level 1:colcon.colcon_core.package_identification:_identify(.) by extension 'python_setup_py'
[1.925s] Level 1:colcon.colcon_core.package_identification:_identify(build) by extensions ['ignore', 'ignore_ament_install']
[1.925s] Level 1:colcon.colcon_core.package_identification:_identify(build) by extension 'ignore'
[1.926s] Level 1:colcon.colcon_core.package_identification:_identify(build) ignored
[1.926s] Level 1:colcon.colcon_core.package_identification:_identify(install) by extensions ['ignore', 'ignore_ament_install']
[1.927s] Level 1:colcon.colcon_core.package_identification:_identify(install) by extension 'ignore'
[1.927s] Level 1:colcon.colcon_core.package_identification:_identify(install) ignored
[1.927s] Level 1:colcon.colcon_core.package_identification:_identify(log) by extensions ['ignore', 'ignore_ament_install']
[1.928s] Level 1:colcon.colcon_core.package_identification:_identify(log) by extension 'ignore'
[1.928s] Level 1:colcon.colcon_core.package_identification:_identify(log) ignored
[1.929s] Level 1:colcon.colcon_core.package_identification:_identify(ros2_ws) by extensions ['ignore', 'ignore_ament_install']
[1.929s] Level 1:colcon.colcon_core.package_identification:_identify(ros2_ws) by extension 'ignore'
[1.929s] Level 1:colcon.colcon_core.package_identification:_identify(ros2_ws) by extension 'ignore_ament_install'
[1.929s] Level 1:colcon.colcon_core.package_identification:_identify(ros2_ws) by extensions ['colcon_pkg']
[1.929s] Level 1:colcon.colcon_core.package_identification:_identify(ros2_ws) by extension 'colcon_pkg'
[1.930s] Level 1:colcon.colcon_core.package_identification:_identify(ros2_ws) by extensions ['colcon_meta']
[1.930s] Level 1:colcon.colcon_core.package_identification:_identify(ros2_ws) by extension 'colcon_meta'
[1.930s] Level 1:colcon.colcon_core.package_identification:_identify(ros2_ws) by extensions ['ros']
[1.930s] Level 1:colcon.colcon_core.package_identification:_identify(ros2_ws) by extension 'ros'
[1.930s] Level 1:colcon.colcon_core.package_identification:_identify(ros2_ws) by extensions ['cmake', 'python']
[1.930s] Level 1:colcon.colcon_core.package_identification:_identify(ros2_ws) by extension 'cmake'
[1.931s] Level 1:colcon.colcon_core.package_identification:_identify(ros2_ws) by extension 'python'
[1.931s] Level 1:colcon.colcon_core.package_identification:_identify(ros2_ws) by extensions ['python_setup_py']
[1.931s] Level 1:colcon.colcon_core.package_identification:_identify(ros2_ws) by extension 'python_setup_py'
[1.931s] Level 1:colcon.colcon_core.package_identification:_identify(ros2_ws/build) by extensions ['ignore', 'ignore_ament_install']
[1.932s] Level 1:colcon.colcon_core.package_identification:_identify(ros2_ws/build) by extension 'ignore'
[1.932s] Level 1:colcon.colcon_core.package_identification:_identify(ros2_ws/build) ignored
[1.933s] Level 1:colcon.colcon_core.package_identification:_identify(ros2_ws/install) by extensions ['ignore', 'ignore_ament_install']
[1.933s] Level 1:colcon.colcon_core.package_identification:_identify(ros2_ws/install) by extension 'ignore'
[1.933s] Level 1:colcon.colcon_core.package_identification:_identify(ros2_ws/install) ignored
[1.936s] Level 1:colcon.colcon_core.package_identification:_identify(ros2_ws/log) by extensions ['ignore', 'ignore_ament_install']
[1.937s] Level 1:colcon.colcon_core.package_identification:_identify(ros2_ws/log) by extension 'ignore'
[1.937s] Level 1:colcon.colcon_core.package_identification:_identify(ros2_ws/log) ignored
[1.937s] Level 1:colcon.colcon_core.package_identification:_identify(ros2_ws/src) by extensions ['ignore', 'ignore_ament_install']
[1.937s] Level 1:colcon.colcon_core.package_identification:_identify(ros2_ws/src) by extension 'ignore'
[1.938s] Level 1:colcon.colcon_core.package_identification:_identify(ros2_ws/src) by extension 'ignore_ament_install'
[1.938s] Level 1:colcon.colcon_core.package_identification:_identify(ros2_ws/src) by extensions ['colcon_pkg']
[1.938s] Level 1:colcon.colcon_core.package_identification:_identify(ros2_ws/src) by extension 'colcon_pkg'
[1.938s] Level 1:colcon.colcon_core.package_identification:_identify(ros2_ws/src) by extensions ['colcon_meta']
[1.938s] Level 1:colcon.colcon_core.package_identification:_identify(ros2_ws/src) by extension 'colcon_meta'
[1.938s] Level 1:colcon.colcon_core.package_identification:_identify(ros2_ws/src) by extensions ['ros']
[1.939s] Level 1:colcon.colcon_core.package_identification:_identify(ros2_ws/src) by extension 'ros'
[1.939s] Level 1:colcon.colcon_core.package_identification:_identify(ros2_ws/src) by extensions ['cmake', 'python']
[1.939s] Level 1:colcon.colcon_core.package_identification:_identify(ros2_ws/src) by extension 'cmake'
[1.939s] Level 1:colcon.colcon_core.package_identification:_identify(ros2_ws/src) by extension 'python'
[1.939s] Level 1:colcon.colcon_core.package_identification:_identify(ros2_ws/src) by extensions ['python_setup_py']
[1.940s] Level 1:colcon.colcon_core.package_identification:_identify(ros2_ws/src) by extension 'python_setup_py'
[1.940s] Level 1:colcon.colcon_core.package_identification:_identify(ros2_ws/src/build) by extensions ['ignore', 'ignore_ament_install']
[1.940s] Level 1:colcon.colcon_core.package_identification:_identify(ros2_ws/src/build) by extension 'ignore'
[1.941s] Level 1:colcon.colcon_core.package_identification:_identify(ros2_ws/src/build) ignored
[1.941s] Level 1:colcon.colcon_core.package_identification:_identify(ros2_ws/src/hardware) by extensions ['ignore', 'ignore_ament_install']
[1.941s] Level 1:colcon.colcon_core.package_identification:_identify(ros2_ws/src/hardware) by extension 'ignore'
[1.941s] Level 1:colcon.colcon_core.package_identification:_identify(ros2_ws/src/hardware) by extension 'ignore_ament_install'
[1.942s] Level 1:colcon.colcon_core.package_identification:_identify(ros2_ws/src/hardware) by extensions ['colcon_pkg']
[1.942s] Level 1:colcon.colcon_core.package_identification:_identify(ros2_ws/src/hardware) by extension 'colcon_pkg'
[1.942s] Level 1:colcon.colcon_core.package_identification:_identify(ros2_ws/src/hardware) by extensions ['colcon_meta']
[1.942s] Level 1:colcon.colcon_core.package_identification:_identify(ros2_ws/src/hardware) by extension 'colcon_meta'
[1.942s] Level 1:colcon.colcon_core.package_identification:_identify(ros2_ws/src/hardware) by extensions ['ros']
[1.942s] Level 1:colcon.colcon_core.package_identification:_identify(ros2_ws/src/hardware) by extension 'ros'
[1.943s] Level 1:colcon.colcon_core.package_identification:_identify(ros2_ws/src/hardware) by extensions ['cmake', 'python']
[1.943s] Level 1:colcon.colcon_core.package_identification:_identify(ros2_ws/src/hardware) by extension 'cmake'
[1.943s] Level 1:colcon.colcon_core.package_identification:_identify(ros2_ws/src/hardware) by extension 'python'
[1.943s] Level 1:colcon.colcon_core.package_identification:_identify(ros2_ws/src/hardware) by extensions ['python_setup_py']
[1.944s] Level 1:colcon.colcon_core.package_identification:_identify(ros2_ws/src/hardware) by extension 'python_setup_py'
[1.944s] Level 1:colcon.colcon_core.package_identification:_identify(ros2_ws/src/hardware/servo) by extensions ['ignore', 'ignore_ament_install']
[1.945s] Level 1:colcon.colcon_core.package_identification:_identify(ros2_ws/src/hardware/servo) by extension 'ignore'
[1.945s] Level 1:colcon.colcon_core.package_identification:_identify(ros2_ws/src/hardware/servo) by extension 'ignore_ament_install'
[1.945s] Level 1:colcon.colcon_core.package_identification:_identify(ros2_ws/src/hardware/servo) by extensions ['colcon_pkg']
[1.945s] Level 1:colcon.colcon_core.package_identification:_identify(ros2_ws/src/hardware/servo) by extension 'colcon_pkg'
[1.945s] Level 1:colcon.colcon_core.package_identification:_identify(ros2_ws/src/hardware/servo) by extensions ['colcon_meta']
[1.945s] Level 1:colcon.colcon_core.package_identification:_identify(ros2_ws/src/hardware/servo) by extension 'colcon_meta'
[1.946s] Level 1:colcon.colcon_core.package_identification:_identify(ros2_ws/src/hardware/servo) by extensions ['ros']
[1.946s] Level 1:colcon.colcon_core.package_identification:_identify(ros2_ws/src/hardware/servo) by extension 'ros'
[1.964s] DEBUG:colcon.colcon_core.package_identification:Package 'ros2_ws/src/hardware/servo' with type 'ros.ament_python' and name 'servo'
[1.965s] Level 1:colcon.colcon_core.package_identification:_identify(ros2_ws/src/hardware/webcam) by extensions ['ignore', 'ignore_ament_install']
[1.966s] Level 1:colcon.colcon_core.package_identification:_identify(ros2_ws/src/hardware/webcam) by extension 'ignore'
[1.966s] Level 1:colcon.colcon_core.package_identification:_identify(ros2_ws/src/hardware/webcam) by extension 'ignore_ament_install'
[1.967s] Level 1:colcon.colcon_core.package_identification:_identify(ros2_ws/src/hardware/webcam) by extensions ['colcon_pkg']
[1.967s] Level 1:colcon.colcon_core.package_identification:_identify(ros2_ws/src/hardware/webcam) by extension 'colcon_pkg'
[1.967s] Level 1:colcon.colcon_core.package_identification:_identify(ros2_ws/src/hardware/webcam) by extensions ['colcon_meta']
[1.967s] Level 1:colcon.colcon_core.package_identification:_identify(ros2_ws/src/hardware/webcam) by extension 'colcon_meta'
[1.968s] Level 1:colcon.colcon_core.package_identification:_identify(ros2_ws/src/hardware/webcam) by extensions ['ros']
[1.968s] Level 1:colcon.colcon_core.package_identification:_identify(ros2_ws/src/hardware/webcam) by extension 'ros'
[1.971s] DEBUG:colcon.colcon_core.package_identification:Package 'ros2_ws/src/hardware/webcam' with type 'ros.ament_python' and name 'webcam'
[1.972s] Level 1:colcon.colcon_core.package_identification:_identify(ros2_ws/src/hardware/webcam_recorted) by extensions ['ignore', 'ignore_ament_install']
[1.972s] Level 1:colcon.colcon_core.package_identification:_identify(ros2_ws/src/hardware/webcam_recorted) by extension 'ignore'
[1.972s] Level 1:colcon.colcon_core.package_identification:_identify(ros2_ws/src/hardware/webcam_recorted) by extension 'ignore_ament_install'
[1.973s] Level 1:colcon.colcon_core.package_identification:_identify(ros2_ws/src/hardware/webcam_recorted) by extensions ['colcon_pkg']
[1.973s] Level 1:colcon.colcon_core.package_identification:_identify(ros2_ws/src/hardware/webcam_recorted) by extension 'colcon_pkg'
[1.973s] Level 1:colcon.colcon_core.package_identification:_identify(ros2_ws/src/hardware/webcam_recorted) by extensions ['colcon_meta']
[1.973s] Level 1:colcon.colcon_core.package_identification:_identify(ros2_ws/src/hardware/webcam_recorted) by extension 'colcon_meta'
[1.973s] Level 1:colcon.colcon_core.package_identification:_identify(ros2_ws/src/hardware/webcam_recorted) by extensions ['ros']
[1.973s] Level 1:colcon.colcon_core.package_identification:_identify(ros2_ws/src/hardware/webcam_recorted) by extension 'ros'
[1.976s] DEBUG:colcon.colcon_core.package_identification:Package 'ros2_ws/src/hardware/webcam_recorted' with type 'ros.ament_python' and name 'webcam_recorted'
[1.976s] Level 1:colcon.colcon_core.package_identification:_identify(ros2_ws/src/install) by extensions ['ignore', 'ignore_ament_install']
[1.977s] Level 1:colcon.colcon_core.package_identification:_identify(ros2_ws/src/install) by extension 'ignore'
[1.977s] Level 1:colcon.colcon_core.package_identification:_identify(ros2_ws/src/install) ignored
[1.977s] Level 1:colcon.colcon_core.package_identification:_identify(ros2_ws/src/log) by extensions ['ignore', 'ignore_ament_install']
[1.978s] Level 1:colcon.colcon_core.package_identification:_identify(ros2_ws/src/log) by extension 'ignore'
[1.978s] Level 1:colcon.colcon_core.package_identification:_identify(ros2_ws/src/log) ignored
[1.978s] Level 1:colcon.colcon_core.package_identification:_identify(ros2_ws/src/vision) by extensions ['ignore', 'ignore_ament_install']
[1.979s] Level 1:colcon.colcon_core.package_identification:_identify(ros2_ws/src/vision) by extension 'ignore'
[1.979s] Level 1:colcon.colcon_core.package_identification:_identify(ros2_ws/src/vision) by extension 'ignore_ament_install'
[1.979s] Level 1:colcon.colcon_core.package_identification:_identify(ros2_ws/src/vision) by extensions ['colcon_pkg']
[1.979s] Level 1:colcon.colcon_core.package_identification:_identify(ros2_ws/src/vision) by extension 'colcon_pkg'
[1.979s] Level 1:colcon.colcon_core.package_identification:_identify(ros2_ws/src/vision) by extensions ['colcon_meta']
[1.980s] Level 1:colcon.colcon_core.package_identification:_identify(ros2_ws/src/vision) by extension 'colcon_meta'
[1.980s] Level 1:colcon.colcon_core.package_identification:_identify(ros2_ws/src/vision) by extensions ['ros']
[1.980s] Level 1:colcon.colcon_core.package_identification:_identify(ros2_ws/src/vision) by extension 'ros'
[1.980s] Level 1:colcon.colcon_core.package_identification:_identify(ros2_ws/src/vision) by extensions ['cmake', 'python']
[1.981s] Level 1:colcon.colcon_core.package_identification:_identify(ros2_ws/src/vision) by extension 'cmake'
[1.981s] Level 1:colcon.colcon_core.package_identification:_identify(ros2_ws/src/vision) by extension 'python'
[1.981s] Level 1:colcon.colcon_core.package_identification:_identify(ros2_ws/src/vision) by extensions ['python_setup_py']
[1.981s] Level 1:colcon.colcon_core.package_identification:_identify(ros2_ws/src/vision) by extension 'python_setup_py'
[1.982s] Level 1:colcon.colcon_core.package_identification:_identify(ros2_ws/src/vision/lane_angle) by extensions ['ignore', 'ignore_ament_install']
[1.982s] Level 1:colcon.colcon_core.package_identification:_identify(ros2_ws/src/vision/lane_angle) by extension 'ignore'
[1.982s] Level 1:colcon.colcon_core.package_identification:_identify(ros2_ws/src/vision/lane_angle) by extension 'ignore_ament_install'
[1.982s] Level 1:colcon.colcon_core.package_identification:_identify(ros2_ws/src/vision/lane_angle) by extensions ['colcon_pkg']
[1.982s] Level 1:colcon.colcon_core.package_identification:_identify(ros2_ws/src/vision/lane_angle) by extension 'colcon_pkg'
[1.983s] Level 1:colcon.colcon_core.package_identification:_identify(ros2_ws/src/vision/lane_angle) by extensions ['colcon_meta']
[1.983s] Level 1:colcon.colcon_core.package_identification:_identify(ros2_ws/src/vision/lane_angle) by extension 'colcon_meta'
[1.983s] Level 1:colcon.colcon_core.package_identification:_identify(ros2_ws/src/vision/lane_angle) by extensions ['ros']
[1.983s] Level 1:colcon.colcon_core.package_identification:_identify(ros2_ws/src/vision/lane_angle) by extension 'ros'
[1.985s] DEBUG:colcon.colcon_core.package_identification:Package 'ros2_ws/src/vision/lane_angle' with type 'ros.ament_python' and name 'lane_angle'
[1.986s] Level 1:colcon.colcon_core.package_identification:_identify(ros2_ws/src/vision/lane_detector) by extensions ['ignore', 'ignore_ament_install']
[1.986s] Level 1:colcon.colcon_core.package_identification:_identify(ros2_ws/src/vision/lane_detector) by extension 'ignore'
[1.987s] Level 1:colcon.colcon_core.package_identification:_identify(ros2_ws/src/vision/lane_detector) by extension 'ignore_ament_install'
[1.987s] Level 1:colcon.colcon_core.package_identification:_identify(ros2_ws/src/vision/lane_detector) by extensions ['colcon_pkg']
[1.987s] Level 1:colcon.colcon_core.package_identification:_identify(ros2_ws/src/vision/lane_detector) by extension 'colcon_pkg'
[1.987s] Level 1:colcon.colcon_core.package_identification:_identify(ros2_ws/src/vision/lane_detector) by extensions ['colcon_meta']
[1.987s] Level 1:colcon.colcon_core.package_identification:_identify(ros2_ws/src/vision/lane_detector) by extension 'colcon_meta'
[1.988s] Level 1:colcon.colcon_core.package_identification:_identify(ros2_ws/src/vision/lane_detector) by extensions ['ros']
[1.988s] Level 1:colcon.colcon_core.package_identification:_identify(ros2_ws/src/vision/lane_detector) by extension 'ros'
[1.990s] DEBUG:colcon.colcon_core.package_identification:Package 'ros2_ws/src/vision/lane_detector' with type 'ros.ament_python' and name 'lane_detector'
[1.991s] Level 1:colcon.colcon_core.package_identification:_identify(ros2_ws/src/vision/red_vision) by extensions ['ignore', 'ignore_ament_install']
[1.991s] Level 1:colcon.colcon_core.package_identification:_identify(ros2_ws/src/vision/red_vision) by extension 'ignore'
[1.991s] Level 1:colcon.colcon_core.package_identification:_identify(ros2_ws/src/vision/red_vision) by extension 'ignore_ament_install'
[1.992s] Level 1:colcon.colcon_core.package_identification:_identify(ros2_ws/src/vision/red_vision) by extensions ['colcon_pkg']
[1.992s] Level 1:colcon.colcon_core.package_identification:_identify(ros2_ws/src/vision/red_vision) by extension 'colcon_pkg'
[1.992s] Level 1:colcon.colcon_core.package_identification:_identify(ros2_ws/src/vision/red_vision) by extensions ['colcon_meta']
[1.992s] Level 1:colcon.colcon_core.package_identification:_identify(ros2_ws/src/vision/red_vision) by extension 'colcon_meta'
[1.993s] Level 1:colcon.colcon_core.package_identification:_identify(ros2_ws/src/vision/red_vision) by extensions ['ros']
[1.993s] Level 1:colcon.colcon_core.package_identification:_identify(ros2_ws/src/vision/red_vision) by extension 'ros'
[1.995s] DEBUG:colcon.colcon_core.package_identification:Package 'ros2_ws/src/vision/red_vision' with type 'ros.ament_python' and name 'red_vision'
[1.996s] Level 1:colcon.colcon_core.package_identification:_identify(ros2_ws/src/vision/senal_detector) by extensions ['ignore', 'ignore_ament_install']
[1.997s] Level 1:colcon.colcon_core.package_identification:_identify(ros2_ws/src/vision/senal_detector) by extension 'ignore'
[1.998s] Level 1:colcon.colcon_core.package_identification:_identify(ros2_ws/src/vision/senal_detector) by extension 'ignore_ament_install'
[1.999s] Level 1:colcon.colcon_core.package_identification:_identify(ros2_ws/src/vision/senal_detector) by extensions ['colcon_pkg']
[1.999s] Level 1:colcon.colcon_core.package_identification:_identify(ros2_ws/src/vision/senal_detector) by extension 'colcon_pkg'
[2.000s] Level 1:colcon.colcon_core.package_identification:_identify(ros2_ws/src/vision/senal_detector) by extensions ['colcon_meta']
[2.000s] Level 1:colcon.colcon_core.package_identification:_identify(ros2_ws/src/vision/senal_detector) by extension 'colcon_meta'
[2.001s] Level 1:colcon.colcon_core.package_identification:_identify(ros2_ws/src/vision/senal_detector) by extensions ['ros']
[2.001s] Level 1:colcon.colcon_core.package_identification:_identify(ros2_ws/src/vision/senal_detector) by extension 'ros'
[2.006s] DEBUG:colcon.colcon_core.package_identification:Package 'ros2_ws/src/vision/senal_detector' with type 'ros.ament_python' and name 'senal_detector'
[2.006s] Level 1:colcon.colcon_core.package_discovery:discover_packages(recursive) using defaults
[2.007s] Level 1:colcon.colcon_core.package_discovery:discover_packages(ignore) discover
[2.007s] Level 1:colcon.colcon_core.package_discovery:discover_packages(ignore) using defaults
[2.008s] Level 1:colcon.colcon_core.package_discovery:discover_packages(path) discover
[2.008s] Level 1:colcon.colcon_core.package_discovery:discover_packages(path) using defaults
[2.179s] Level 1:colcon.colcon_core.package_discovery:discover_packages(prefix_path) check parameters
[2.180s] Level 1:colcon.colcon_core.package_discovery:discover_packages(prefix_path) discover
[2.193s] DEBUG:colcon.colcon_installed_package_information.package_discovery:Found 7 installed packages in /home/crofi/AutoModel_Rep/install
[2.197s] DEBUG:colcon.colcon_installed_package_information.package_discovery:Found 9 installed packages in /home/crofi/ros2_ws/install
[2.213s] DEBUG:colcon.colcon_installed_package_information.package_discovery:Found 295 installed packages in /opt/ros/humble
[2.220s] Level 1:colcon.colcon_core.package_discovery:discover_packages(prefix_path) using defaults
[2.467s] Level 5:colcon.colcon_core.verb:set package 'lane_angle' build argument 'cmake_args' from command line to 'None'
[2.468s] Level 5:colcon.colcon_core.verb:set package 'lane_angle' build argument 'cmake_target' from command line to 'None'
[2.468s] Level 5:colcon.colcon_core.verb:set package 'lane_angle' build argument 'cmake_target_skip_unavailable' from command line to 'False'
[2.468s] Level 5:colcon.colcon_core.verb:set package 'lane_angle' build argument 'cmake_clean_cache' from command line to 'False'
[2.468s] Level 5:colcon.colcon_core.verb:set package 'lane_angle' build argument 'cmake_clean_first' from command line to 'False'
[2.468s] Level 5:colcon.colcon_core.verb:set package 'lane_angle' build argument 'cmake_force_configure' from command line to 'False'
[2.468s] Level 5:colcon.colcon_core.verb:set package 'lane_angle' build argument 'ament_cmake_args' from command line to 'None'
[2.468s] Level 5:colcon.colcon_core.verb:set package 'lane_angle' build argument 'catkin_cmake_args' from command line to 'None'
[2.468s] Level 5:colcon.colcon_core.verb:set package 'lane_angle' build argument 'catkin_skip_building_tests' from command line to 'False'
[2.469s] DEBUG:colcon.colcon_core.verb:Building package 'lane_angle' with the following arguments: {'ament_cmake_args': None, 'build_base': '/home/crofi/AutoModel_Rep/build/lane_angle', 'catkin_cmake_args': None, 'catkin_skip_building_tests': False, 'cmake_args': None, 'cmake_clean_cache': False, 'cmake_clean_first': False, 'cmake_force_configure': False, 'cmake_target': None, 'cmake_target_skip_unavailable': False, 'install_base': '/home/crofi/AutoModel_Rep/install/lane_angle', 'merge_install': False, 'path': '/home/crofi/AutoModel_Rep/ros2_ws/src/vision/lane_angle', 'symlink_install': False, 'test_result_base': None}
[2.470s] Level 5:colcon.colcon_core.verb:set package 'lane_detector' build argument 'cmake_args' from command line to 'None'
[2.470s] Level 5:colcon.colcon_core.verb:set package 'lane_detector' build argument 'cmake_target' from command line to 'None'
[2.471s] Level 5:colcon.colcon_core.verb:set package 'lane_detector' build argument 'cmake_target_skip_unavailable' from command line to 'False'
[2.471s] Level 5:colcon.colcon_core.verb:set package 'lane_detector' build argument 'cmake_clean_cache' from command line to 'False'
[2.471s] Level 5:colcon.colcon_core.verb:set package 'lane_detector' build argument 'cmake_clean_first' from command line to 'False'
[2.471s] Level 5:colcon.colcon_core.verb:set package 'lane_detector' build argument 'cmake_force_configure' from command line to 'False'
[2.471s] Level 5:colcon.colcon_core.verb:set package 'lane_detector' build argument 'ament_cmake_args' from command line to 'None'
[2.471s] Level 5:colcon.colcon_core.verb:set package 'lane_detector' build argument 'catkin_cmake_args' from command line to 'None'
[2.471s] Level 5:colcon.colcon_core.verb:set package 'lane_detector' build argument 'catkin_skip_building_tests' from command line to 'False'
[2.471s] DEBUG:colcon.colcon_core.verb:Building package 'lane_detector' with the following arguments: {'ament_cmake_args': None, 'build_base': '/home/crofi/AutoModel_Rep/build/lane_detector', 'catkin_cmake_args': None, 'catkin_skip_building_tests': False, 'cmake_args': None, 'cmake_clean_cache': False, 'cmake_clean_first': False, 'cmake_force_configure': False, 'cmake_target': None, 'cmake_target_skip_unavailable': False, 'install_base': '/home/crofi/AutoModel_Rep/install/lane_detector', 'merge_install': False, 'path': '/home/crofi/AutoModel_Rep/ros2_ws/src/vision/lane_detector', 'symlink_install': False, 'test_result_base': None}
[2.473s] Level 5:colcon.colcon_core.verb:set package 'red_vision' build argument 'cmake_args' from command line to 'None'
[2.473s] Level 5:colcon.colcon_core.verb:set package 'red_vision' build argument 'cmake_target' from command line to 'None'
[2.473s] Level 5:colcon.colcon_core.verb:set package 'red_vision' build argument 'cmake_target_skip_unavailable' from command line to 'False'
[2.473s] Level 5:colcon.colcon_core.verb:set package 'red_vision' build argument 'cmake_clean_cache' from command line to 'False'
[2.473s] Level 5:colcon.colcon_core.verb:set package 'red_vision' build argument 'cmake_clean_first' from command line to 'False'
[2.473s] Level 5:colcon.colcon_core.verb:set package 'red_vision' build argument 'cmake_force_configure' from command line to 'False'
[2.474s] Level 5:colcon.colcon_core.verb:set package 'red_vision' build argument 'ament_cmake_args' from command line to 'None'
[2.474s] Level 5:colcon.colcon_core.verb:set package 'red_vision' build argument 'catkin_cmake_args' from command line to 'None'
[2.474s] Level 5:colcon.colcon_core.verb:set package 'red_vision' build argument 'catkin_skip_building_tests' from command line to 'False'
[2.474s] DEBUG:colcon.colcon_core.verb:Building package 'red_vision' with the following arguments: {'ament_cmake_args': None, 'build_base': '/home/crofi/AutoModel_Rep/build/red_vision', 'catkin_cmake_args': None, 'catkin_skip_building_tests': False, 'cmake_args': None, 'cmake_clean_cache': False, 'cmake_clean_first': False, 'cmake_force_configure': False, 'cmake_target': None, 'cmake_target_skip_unavailable': False, 'install_base': '/home/crofi/AutoModel_Rep/install/red_vision', 'merge_install': False, 'path': '/home/crofi/AutoModel_Rep/ros2_ws/src/vision/red_vision', 'symlink_install': False, 'test_result_base': None}
[2.475s] Level 5:colcon.colcon_core.verb:set package 'senal_detector' build argument 'cmake_args' from command line to 'None'
[2.476s] Level 5:colcon.colcon_core.verb:set package 'senal_detector' build argument 'cmake_target' from command line to 'None'
[2.476s] Level 5:colcon.colcon_core.verb:set package 'senal_detector' build argument 'cmake_target_skip_unavailable' from command line to 'False'
[2.476s] Level 5:colcon.colcon_core.verb:set package 'senal_detector' build argument 'cmake_clean_cache' from command line to 'False'
[2.476s] Level 5:colcon.colcon_core.verb:set package 'senal_detector' build argument 'cmake_clean_first' from command line to 'False'
[2.476s] Level 5:colcon.colcon_core.verb:set package 'senal_detector' build argument 'cmake_force_configure' from command line to 'False'
[2.476s] Level 5:colcon.colcon_core.verb:set package 'senal_detector' build argument 'ament_cmake_args' from command line to 'None'
[2.476s] Level 5:colcon.colcon_core.verb:set package 'senal_detector' build argument 'catkin_cmake_args' from command line to 'None'
[2.476s] Level 5:colcon.colcon_core.verb:set package 'senal_detector' build argument 'catkin_skip_building_tests' from command line to 'False'
[2.476s] DEBUG:colcon.colcon_core.verb:Building package 'senal_detector' with the following arguments: {'ament_cmake_args': None, 'build_base': '/home/crofi/AutoModel_Rep/build/senal_detector', 'catkin_cmake_args': None, 'catkin_skip_building_tests': False, 'cmake_args': None, 'cmake_clean_cache': False, 'cmake_clean_first': False, 'cmake_force_configure': False, 'cmake_target': None, 'cmake_target_skip_unavailable': False, 'install_base': '/home/crofi/AutoModel_Rep/install/senal_detector', 'merge_install': False, 'path': '/home/crofi/AutoModel_Rep/ros2_ws/src/vision/senal_detector', 'symlink_install': False, 'test_result_base': None}
[2.478s] Level 5:colcon.colcon_core.verb:set package 'servo' build argument 'cmake_args' from command line to 'None'
[2.478s] Level 5:colcon.colcon_core.verb:set package 'servo' build argument 'cmake_target' from command line to 'None'
[2.478s] Level 5:colcon.colcon_core.verb:set package 'servo' build argument 'cmake_target_skip_unavailable' from command line to 'False'
[2.478s] Level 5:colcon.colcon_core.verb:set package 'servo' build argument 'cmake_clean_cache' from command line to 'False'
[2.478s] Level 5:colcon.colcon_core.verb:set package 'servo' build argument 'cmake_clean_first' from command line to 'False'
[2.479s] Level 5:colcon.colcon_core.verb:set package 'servo' build argument 'cmake_force_configure' from command line to 'False'
[2.479s] Level 5:colcon.colcon_core.verb:set package 'servo' build argument 'ament_cmake_args' from command line to 'None'
[2.479s] Level 5:colcon.colcon_core.verb:set package 'servo' build argument 'catkin_cmake_args' from command line to 'None'
[2.479s] Level 5:colcon.colcon_core.verb:set package 'servo' build argument 'catkin_skip_building_tests' from command line to 'False'
[2.479s] DEBUG:colcon.colcon_core.verb:Building package 'servo' with the following arguments: {'ament_cmake_args': None, 'build_base': '/home/crofi/AutoModel_Rep/build/servo', 'catkin_cmake_args': None, 'catkin_skip_building_tests': False, 'cmake_args': None, 'cmake_clean_cache': False, 'cmake_clean_first': False, 'cmake_force_configure': False, 'cmake_target': None, 'cmake_target_skip_unavailable': False, 'install_base': '/home/crofi/AutoModel_Rep/install/servo', 'merge_install': False, 'path': '/home/crofi/AutoModel_Rep/ros2_ws/src/hardware/servo', 'symlink_install': False, 'test_result_base': None}
[2.480s] Level 5:colcon.colcon_core.verb:set package 'webcam' build argument 'cmake_args' from command line to 'None'
[2.481s] Level 5:colcon.colcon_core.verb:set package 'webcam' build argument 'cmake_target' from command line to 'None'
[2.481s] Level 5:colcon.colcon_core.verb:set package 'webcam' build argument 'cmake_target_skip_unavailable' from command line to 'False'
[2.481s] Level 5:colcon.colcon_core.verb:set package 'webcam' build argument 'cmake_clean_cache' from command line to 'False'
[2.481s] Level 5:colcon.colcon_core.verb:set package 'webcam' build argument 'cmake_clean_first' from command line to 'False'
[2.481s] Level 5:colcon.colcon_core.verb:set package 'webcam' build argument 'cmake_force_configure' from command line to 'False'
[2.481s] Level 5:colcon.colcon_core.verb:set package 'webcam' build argument 'ament_cmake_args' from command line to 'None'
[2.481s] Level 5:colcon.colcon_core.verb:set package 'webcam' build argument 'catkin_cmake_args' from command line to 'None'
[2.481s] Level 5:colcon.colcon_core.verb:set package 'webcam' build argument 'catkin_skip_building_tests' from command line to 'False'
[2.482s] DEBUG:colcon.colcon_core.verb:Building package 'webcam' with the following arguments: {'ament_cmake_args': None, 'build_base': '/home/crofi/AutoModel_Rep/build/webcam', 'catkin_cmake_args': None, 'catkin_skip_building_tests': False, 'cmake_args': None, 'cmake_clean_cache': False, 'cmake_clean_first': False, 'cmake_force_configure': False, 'cmake_target': None, 'cmake_target_skip_unavailable': False, 'install_base': '/home/crofi/AutoModel_Rep/install/webcam', 'merge_install': False, 'path': '/home/crofi/AutoModel_Rep/ros2_ws/src/hardware/webcam', 'symlink_install': False, 'test_result_base': None}
[2.483s] Level 5:colcon.colcon_core.verb:set package 'webcam_recorted' build argument 'cmake_args' from command line to 'None'
[2.483s] Level 5:colcon.colcon_core.verb:set package 'webcam_recorted' build argument 'cmake_target' from command line to 'None'
[2.483s] Level 5:colcon.colcon_core.verb:set package 'webcam_recorted' build argument 'cmake_target_skip_unavailable' from command line to 'False'
[2.483s] Level 5:colcon.colcon_core.verb:set package 'webcam_recorted' build argument 'cmake_clean_cache' from command line to 'False'
[2.483s] Level 5:colcon.colcon_core.verb:set package 'webcam_recorted' build argument 'cmake_clean_first' from command line to 'False'
[2.484s] Level 5:colcon.colcon_core.verb:set package 'webcam_recorted' build argument 'cmake_force_configure' from command line to 'False'
[2.484s] Level 5:colcon.colcon_core.verb:set package 'webcam_recorted' build argument 'ament_cmake_args' from command line to 'None'
[2.484s] Level 5:colcon.colcon_core.verb:set package 'webcam_recorted' build argument 'catkin_cmake_args' from command line to 'None'
[2.484s] Level 5:colcon.colcon_core.verb:set package 'webcam_recorted' build argument 'catkin_skip_building_tests' from command line to 'False'
[2.484s] DEBUG:colcon.colcon_core.verb:Building package 'webcam_recorted' with the following arguments: {'ament_cmake_args': None, 'build_base': '/home/crofi/AutoModel_Rep/build/webcam_recorted', 'catkin_cmake_args': None, 'catkin_skip_building_tests': False, 'cmake_args': None, 'cmake_clean_cache': False, 'cmake_clean_first': False, 'cmake_force_configure': False, 'cmake_target': None, 'cmake_target_skip_unavailable': False, 'install_base': '/home/crofi/AutoModel_Rep/install/webcam_recorted', 'merge_install': False, 'path': '/home/crofi/AutoModel_Rep/ros2_ws/src/hardware/webcam_recorted', 'symlink_install': False, 'test_result_base': None}
[2.485s] INFO:colcon.colcon_core.executor:Executing jobs using 'parallel' executor
[2.488s] DEBUG:colcon.colcon_parallel_executor.executor.parallel:run_until_complete
[2.489s] INFO:colcon.colcon_ros.task.ament_python.build:Building ROS package in '/home/crofi/AutoModel_Rep/ros2_ws/src/vision/lane_angle' with build type 'ament_python'
[2.491s] Level 1:colcon.colcon_core.shell:create_environment_hook('lane_angle', 'ament_prefix_path')
[2.509s] INFO:colcon.colcon_core.plugin_system:Skipping extension 'colcon_core.shell.bat': Not used on non-Windows systems
[2.511s] INFO:colcon.colcon_core.shell:Creating environment hook '/home/crofi/AutoModel_Rep/install/lane_angle/share/lane_angle/hook/ament_prefix_path.ps1'
[2.516s] INFO:colcon.colcon_core.shell:Creating environment descriptor '/home/crofi/AutoModel_Rep/install/lane_angle/share/lane_angle/hook/ament_prefix_path.dsv'
[2.519s] INFO:colcon.colcon_core.shell:Creating environment hook '/home/crofi/AutoModel_Rep/install/lane_angle/share/lane_angle/hook/ament_prefix_path.sh'
[2.524s] INFO:colcon.colcon_core.shell:Skip shell extension 'powershell' for command environment: Not usable outside of PowerShell
[2.525s] DEBUG:colcon.colcon_core.shell:Skip shell extension 'dsv' for command environment
[2.558s] INFO:colcon.colcon_ros.task.ament_python.build:Building ROS package in '/home/crofi/AutoModel_Rep/ros2_ws/src/vision/lane_detector' with build type 'ament_python'
[2.560s] Level 1:colcon.colcon_core.shell:create_environment_hook('lane_detector', 'ament_prefix_path')
[2.562s] INFO:colcon.colcon_core.shell:Creating environment hook '/home/crofi/AutoModel_Rep/install/lane_detector/share/lane_detector/hook/ament_prefix_path.ps1'
[2.567s] INFO:colcon.colcon_core.shell:Creating environment descriptor '/home/crofi/AutoModel_Rep/install/lane_detector/share/lane_detector/hook/ament_prefix_path.dsv'
[2.569s] INFO:colcon.colcon_core.shell:Creating environment hook '/home/crofi/AutoModel_Rep/install/lane_detector/share/lane_detector/hook/ament_prefix_path.sh'
[2.572s] INFO:colcon.colcon_core.shell:Skip shell extension 'powershell' for command environment: Not usable outside of PowerShell
[2.572s] DEBUG:colcon.colcon_core.shell:Skip shell extension 'dsv' for command environment
[2.608s] INFO:colcon.colcon_ros.task.ament_python.build:Building ROS package in '/home/crofi/AutoModel_Rep/ros2_ws/src/vision/red_vision' with build type 'ament_python'
[2.609s] Level 1:colcon.colcon_core.shell:create_environment_hook('red_vision', 'ament_prefix_path')
[2.611s] INFO:colcon.colcon_core.shell:Creating environment hook '/home/crofi/AutoModel_Rep/install/red_vision/share/red_vision/hook/ament_prefix_path.ps1'
[2.615s] INFO:colcon.colcon_core.shell:Creating environment descriptor '/home/crofi/AutoModel_Rep/install/red_vision/share/red_vision/hook/ament_prefix_path.dsv'
[2.620s] INFO:colcon.colcon_core.shell:Creating environment hook '/home/crofi/AutoModel_Rep/install/red_vision/share/red_vision/hook/ament_prefix_path.sh'
[2.625s] INFO:colcon.colcon_core.shell:Skip shell extension 'powershell' for command environment: Not usable outside of PowerShell
[2.626s] DEBUG:colcon.colcon_core.shell:Skip shell extension 'dsv' for command environment
[2.657s] INFO:colcon.colcon_ros.task.ament_python.build:Building ROS package in '/home/crofi/AutoModel_Rep/ros2_ws/src/vision/senal_detector' with build type 'ament_python'
[2.658s] Level 1:colcon.colcon_core.shell:create_environment_hook('senal_detector', 'ament_prefix_path')
[2.660s] INFO:colcon.colcon_core.shell:Creating environment hook '/home/crofi/AutoModel_Rep/install/senal_detector/share/senal_detector/hook/ament_prefix_path.ps1'
[2.664s] INFO:colcon.colcon_core.shell:Creating environment descriptor '/home/crofi/AutoModel_Rep/install/senal_detector/share/senal_detector/hook/ament_prefix_path.dsv'
[2.668s] INFO:colcon.colcon_core.shell:Creating environment hook '/home/crofi/AutoModel_Rep/install/senal_detector/share/senal_detector/hook/ament_prefix_path.sh'
[2.674s] INFO:colcon.colcon_core.shell:Skip shell extension 'powershell' for command environment: Not usable outside of PowerShell
[2.674s] DEBUG:colcon.colcon_core.shell:Skip shell extension 'dsv' for command environment
[4.572s] INFO:colcon.colcon_core.task.python.build:Building Python package in '/home/crofi/AutoModel_Rep/ros2_ws/src/vision/lane_angle'
[4.573s] INFO:colcon.colcon_core.shell:Skip shell extension 'powershell' for command environment: Not usable outside of PowerShell
[4.574s] DEBUG:colcon.colcon_core.shell:Skip shell extension 'dsv' for command environment
[6.474s] INFO:colcon.colcon_core.task.python.build:Building Python package in '/home/crofi/AutoModel_Rep/ros2_ws/src/vision/lane_detector'
[6.476s] INFO:colcon.colcon_core.shell:Skip shell extension 'powershell' for command environment: Not usable outside of PowerShell
[6.476s] DEBUG:colcon.colcon_core.shell:Skip shell extension 'dsv' for command environment
[8.363s] INFO:colcon.colcon_core.task.python.build:Building Python package in '/home/crofi/AutoModel_Rep/ros2_ws/src/vision/red_vision'
[8.365s] INFO:colcon.colcon_core.shell:Skip shell extension 'powershell' for command environment: Not usable outside of PowerShell
[8.366s] DEBUG:colcon.colcon_core.shell:Skip shell extension 'dsv' for command environment
[10.221s] INFO:colcon.colcon_core.task.python.build:Building Python package in '/home/crofi/AutoModel_Rep/ros2_ws/src/vision/senal_detector'
[10.223s] INFO:colcon.colcon_core.shell:Skip shell extension 'powershell' for command environment: Not usable outside of PowerShell
[10.224s] DEBUG:colcon.colcon_core.shell:Skip shell extension 'dsv' for command environment
[13.628s] DEBUG:colcon.colcon_core.event_handler.log_command:Invoking command in '/home/crofi/AutoModel_Rep/ros2_ws/src/vision/lane_angle': PYTHONPATH=/home/crofi/AutoModel_Rep/build/lane_angle/prefix_override:/usr/lib/python3/dist-packages/colcon_core/task/python/colcon_distutils_commands:/home/crofi/AutoModel_Rep/install/lane_angle/lib/python3.10/site-packages:${PYTHONPATH} /usr/bin/python3 -W ignore:setup.py install is deprecated -W ignore:easy_install command is deprecated setup.py egg_info --egg-base ../../../../build/lane_angle build --build-base /home/crofi/AutoModel_Rep/build/lane_angle/build install --record /home/crofi/AutoModel_Rep/build/lane_angle/install.log --single-version-externally-managed install_data
[15.270s] DEBUG:colcon.colcon_core.event_handler.log_command:Invoking command in '/home/crofi/AutoModel_Rep/ros2_ws/src/vision/red_vision': PYTHONPATH=/home/crofi/AutoModel_Rep/build/red_vision/prefix_override:/usr/lib/python3/dist-packages/colcon_core/task/python/colcon_distutils_commands:/home/crofi/AutoModel_Rep/install/red_vision/lib/python3.10/site-packages:${PYTHONPATH} /usr/bin/python3 -W ignore:setup.py install is deprecated -W ignore:easy_install command is deprecated setup.py egg_info --egg-base ../../../../build/red_vision build --build-base /home/crofi/AutoModel_Rep/build/red_vision/build install --record /home/crofi/AutoModel_Rep/build/red_vision/install.log --single-version-externally-managed install_data
[15.304s] DEBUG:colcon.colcon_core.event_handler.log_command:Invoking command in '/home/crofi/AutoModel_Rep/ros2_ws/src/vision/senal_detector': PYTHONPATH=/home/crofi/AutoModel_Rep/build/senal_detector/prefix_override:/usr/lib/python3/dist-packages/colcon_core/task/python/colcon_distutils_commands:/home/crofi/AutoModel_Rep/install/senal_detector/lib/python3.10/site-packages:${PYTHONPATH} /usr/bin/python3 -W ignore:setup.py install is deprecated -W ignore:easy_install command is deprecated setup.py egg_info --egg-base ../../../../build/senal_detector build --build-base /home/crofi/AutoModel_Rep/build/senal_detector/build install --record /home/crofi/AutoModel_Rep/build/senal_detector/install.log --single-version-externally-managed install_data
[15.684s] DEBUG:colcon.colcon_core.event_handler.log_command:Invoking command in '/home/crofi/AutoModel_Rep/ros2_ws/src/vision/lane_detector': PYTHONPATH=/home/crofi/AutoModel_Rep/build/lane_detector/prefix_override:/usr/lib/python3/dist-packages/colcon_core/task/python/colcon_distutils_commands:/home/crofi/AutoModel_Rep/install/lane_detector/lib/python3.10/site-packages:${PYTHONPATH} /usr/bin/python3 -W ignore:setup.py install is deprecated -W ignore:easy_install command is deprecated setup.py egg_info --egg-base ../../../../build/lane_detector build --build-base /home/crofi/AutoModel_Rep/build/lane_detector/build install --record /home/crofi/AutoModel_Rep/build/lane_detector/install.log --single-version-externally-managed install_data
[17.693s] DEBUG:colcon.colcon_core.event_handler.log_command:Invoked command in '/home/crofi/AutoModel_Rep/ros2_ws/src/vision/lane_angle' returned '0': PYTHONPATH=/home/crofi/AutoModel_Rep/build/lane_angle/prefix_override:/usr/lib/python3/dist-packages/colcon_core/task/python/colcon_distutils_commands:/home/crofi/AutoModel_Rep/install/lane_angle/lib/python3.10/site-packages:${PYTHONPATH} /usr/bin/python3 -W ignore:setup.py install is deprecated -W ignore:easy_install command is deprecated setup.py egg_info --egg-base ../../../../build/lane_angle build --build-base /home/crofi/AutoModel_Rep/build/lane_angle/build install --record /home/crofi/AutoModel_Rep/build/lane_angle/install.log --single-version-externally-managed install_data
[17.726s] Level 1:colcon.colcon_core.environment:checking '/home/crofi/AutoModel_Rep/install/lane_angle' for CMake module files
[17.729s] Level 1:colcon.colcon_core.environment:checking '/home/crofi/AutoModel_Rep/install/lane_angle' for CMake config files
[17.734s] Level 1:colcon.colcon_core.environment:checking '/home/crofi/AutoModel_Rep/install/lane_angle/lib'
[17.735s] Level 1:colcon.colcon_core.environment:checking '/home/crofi/AutoModel_Rep/install/lane_angle/bin'
[17.736s] Level 1:colcon.colcon_core.environment:checking '/home/crofi/AutoModel_Rep/install/lane_angle/lib/pkgconfig/lane_angle.pc'
[17.737s] Level 1:colcon.colcon_core.environment:checking '/home/crofi/AutoModel_Rep/install/lane_angle/lib/python3.10/site-packages'
[17.738s] Level 1:colcon.colcon_core.shell:create_environment_hook('lane_angle', 'pythonpath')
[17.739s] INFO:colcon.colcon_core.shell:Creating environment hook '/home/crofi/AutoModel_Rep/install/lane_angle/share/lane_angle/hook/pythonpath.ps1'
[17.742s] INFO:colcon.colcon_core.shell:Creating environment descriptor '/home/crofi/AutoModel_Rep/install/lane_angle/share/lane_angle/hook/pythonpath.dsv'
[17.745s] INFO:colcon.colcon_core.shell:Creating environment hook '/home/crofi/AutoModel_Rep/install/lane_angle/share/lane_angle/hook/pythonpath.sh'
[17.768s] Level 1:colcon.colcon_core.environment:checking '/home/crofi/AutoModel_Rep/install/lane_angle/bin'
[17.769s] Level 1:colcon.colcon_core.environment:create_environment_scripts_only(lane_angle)
[17.771s] INFO:colcon.colcon_core.shell:Creating package script '/home/crofi/AutoModel_Rep/install/lane_angle/share/lane_angle/package.ps1'
[17.777s] INFO:colcon.colcon_core.shell:Creating package descriptor '/home/crofi/AutoModel_Rep/install/lane_angle/share/lane_angle/package.dsv'
[17.781s] INFO:colcon.colcon_core.shell:Creating package script '/home/crofi/AutoModel_Rep/install/lane_angle/share/lane_angle/package.sh'
[17.786s] INFO:colcon.colcon_core.shell:Creating package script '/home/crofi/AutoModel_Rep/install/lane_angle/share/lane_angle/package.bash'
[17.791s] INFO:colcon.colcon_core.shell:Creating package script '/home/crofi/AutoModel_Rep/install/lane_angle/share/lane_angle/package.zsh'
[17.811s] Level 1:colcon.colcon_core.environment:create_file_with_runtime_dependencies(/home/crofi/AutoModel_Rep/install/lane_angle/share/colcon-core/packages/lane_angle)
[17.813s] INFO:colcon.colcon_ros.task.ament_python.build:Building ROS package in '/home/crofi/AutoModel_Rep/ros2_ws/src/hardware/servo' with build type 'ament_python'
[17.820s] Level 1:colcon.colcon_core.shell:create_environment_hook('servo', 'ament_prefix_path')
[17.822s] INFO:colcon.colcon_core.shell:Creating environment hook '/home/crofi/AutoModel_Rep/install/servo/share/servo/hook/ament_prefix_path.ps1'
[17.844s] INFO:colcon.colcon_core.shell:Creating environment descriptor '/home/crofi/AutoModel_Rep/install/servo/share/servo/hook/ament_prefix_path.dsv'
[17.854s] INFO:colcon.colcon_core.shell:Creating environment hook '/home/crofi/AutoModel_Rep/install/servo/share/servo/hook/ament_prefix_path.sh'
[17.872s] INFO:colcon.colcon_core.shell:Skip shell extension 'powershell' for command environment: Not usable outside of PowerShell
[17.873s] DEBUG:colcon.colcon_core.shell:Skip shell extension 'dsv' for command environment
[21.030s] INFO:colcon.colcon_core.task.python.build:Building Python package in '/home/crofi/AutoModel_Rep/ros2_ws/src/hardware/servo'
[21.031s] INFO:colcon.colcon_core.shell:Skip shell extension 'powershell' for command environment: Not usable outside of PowerShell
[21.031s] DEBUG:colcon.colcon_core.shell:Skip shell extension 'dsv' for command environment
[21.077s] Level 1:colcon.colcon_core.environment:checking '/home/crofi/AutoModel_Rep/install/red_vision' for CMake module files
[21.080s] DEBUG:colcon.colcon_core.event_handler.log_command:Invoked command in '/home/crofi/AutoModel_Rep/ros2_ws/src/vision/red_vision' returned '0': PYTHONPATH=/home/crofi/AutoModel_Rep/build/red_vision/prefix_override:/usr/lib/python3/dist-packages/colcon_core/task/python/colcon_distutils_commands:/home/crofi/AutoModel_Rep/install/red_vision/lib/python3.10/site-packages:${PYTHONPATH} /usr/bin/python3 -W ignore:setup.py install is deprecated -W ignore:easy_install command is deprecated setup.py egg_info --egg-base ../../../../build/red_vision build --build-base /home/crofi/AutoModel_Rep/build/red_vision/build install --record /home/crofi/AutoModel_Rep/build/red_vision/install.log --single-version-externally-managed install_data
[21.082s] Level 1:colcon.colcon_core.environment:checking '/home/crofi/AutoModel_Rep/install/red_vision' for CMake config files
[21.086s] Level 1:colcon.colcon_core.environment:checking '/home/crofi/AutoModel_Rep/install/red_vision/lib'
[21.086s] Level 1:colcon.colcon_core.environment:checking '/home/crofi/AutoModel_Rep/install/red_vision/bin'
[21.087s] Level 1:colcon.colcon_core.environment:checking '/home/crofi/AutoModel_Rep/install/red_vision/lib/pkgconfig/red_vision.pc'
[21.088s] Level 1:colcon.colcon_core.environment:checking '/home/crofi/AutoModel_Rep/install/red_vision/lib/python3.10/site-packages'
[21.088s] Level 1:colcon.colcon_core.shell:create_environment_hook('red_vision', 'pythonpath')
[21.089s] INFO:colcon.colcon_core.shell:Creating environment hook '/home/crofi/AutoModel_Rep/install/red_vision/share/red_vision/hook/pythonpath.ps1'
[21.092s] INFO:colcon.colcon_core.shell:Creating environment descriptor '/home/crofi/AutoModel_Rep/install/red_vision/share/red_vision/hook/pythonpath.dsv'
[21.094s] INFO:colcon.colcon_core.shell:Creating environment hook '/home/crofi/AutoModel_Rep/install/red_vision/share/red_vision/hook/pythonpath.sh'
[21.098s] Level 1:colcon.colcon_core.environment:checking '/home/crofi/AutoModel_Rep/install/red_vision/bin'
[21.099s] Level 1:colcon.colcon_core.environment:create_environment_scripts_only(red_vision)
[21.102s] INFO:colcon.colcon_core.shell:Creating package script '/home/crofi/AutoModel_Rep/install/red_vision/share/red_vision/package.ps1'
[21.108s] INFO:colcon.colcon_core.shell:Creating package descriptor '/home/crofi/AutoModel_Rep/install/red_vision/share/red_vision/package.dsv'
[21.113s] INFO:colcon.colcon_core.shell:Creating package script '/home/crofi/AutoModel_Rep/install/red_vision/share/red_vision/package.sh'
[21.116s] INFO:colcon.colcon_core.shell:Creating package script '/home/crofi/AutoModel_Rep/install/red_vision/share/red_vision/package.bash'
[21.119s] INFO:colcon.colcon_core.shell:Creating package script '/home/crofi/AutoModel_Rep/install/red_vision/share/red_vision/package.zsh'
[21.121s] Level 1:colcon.colcon_core.environment:create_file_with_runtime_dependencies(/home/crofi/AutoModel_Rep/install/red_vision/share/colcon-core/packages/red_vision)
[21.122s] Level 1:colcon.colcon_core.environment:checking '/home/crofi/AutoModel_Rep/install/senal_detector' for CMake module files
[21.127s] DEBUG:colcon.colcon_core.event_handler.log_command:Invoked command in '/home/crofi/AutoModel_Rep/ros2_ws/src/vision/senal_detector' returned '0': PYTHONPATH=/home/crofi/AutoModel_Rep/build/senal_detector/prefix_override:/usr/lib/python3/dist-packages/colcon_core/task/python/colcon_distutils_commands:/home/crofi/AutoModel_Rep/install/senal_detector/lib/python3.10/site-packages:${PYTHONPATH} /usr/bin/python3 -W ignore:setup.py install is deprecated -W ignore:easy_install command is deprecated setup.py egg_info --egg-base ../../../../build/senal_detector build --build-base /home/crofi/AutoModel_Rep/build/senal_detector/build install --record /home/crofi/AutoModel_Rep/build/senal_detector/install.log --single-version-externally-managed install_data
[21.128s] Level 1:colcon.colcon_core.environment:checking '/home/crofi/AutoModel_Rep/install/senal_detector' for CMake config files
[21.131s] Level 1:colcon.colcon_core.environment:checking '/home/crofi/AutoModel_Rep/install/senal_detector/lib'
[21.132s] Level 1:colcon.colcon_core.environment:checking '/home/crofi/AutoModel_Rep/install/senal_detector/bin'
[21.132s] Level 1:colcon.colcon_core.environment:checking '/home/crofi/AutoModel_Rep/install/senal_detector/lib/pkgconfig/senal_detector.pc'
[21.133s] Level 1:colcon.colcon_core.environment:checking '/home/crofi/AutoModel_Rep/install/senal_detector/lib/python3.10/site-packages'
[21.134s] Level 1:colcon.colcon_core.shell:create_environment_hook('senal_detector', 'pythonpath')
[21.135s] INFO:colcon.colcon_core.shell:Creating environment hook '/home/crofi/AutoModel_Rep/install/senal_detector/share/senal_detector/hook/pythonpath.ps1'
[21.138s] INFO:colcon.colcon_core.shell:Creating environment descriptor '/home/crofi/AutoModel_Rep/install/senal_detector/share/senal_detector/hook/pythonpath.dsv'
[21.141s] INFO:colcon.colcon_core.shell:Creating environment hook '/home/crofi/AutoModel_Rep/install/senal_detector/share/senal_detector/hook/pythonpath.sh'
[21.144s] Level 1:colcon.colcon_core.environment:checking '/home/crofi/AutoModel_Rep/install/senal_detector/bin'
[21.145s] Level 1:colcon.colcon_core.environment:create_environment_scripts_only(senal_detector)
[21.147s] INFO:colcon.colcon_core.shell:Creating package script '/home/crofi/AutoModel_Rep/install/senal_detector/share/senal_detector/package.ps1'
[21.154s] INFO:colcon.colcon_core.shell:Creating package descriptor '/home/crofi/AutoModel_Rep/install/senal_detector/share/senal_detector/package.dsv'
[21.160s] INFO:colcon.colcon_core.shell:Creating package script '/home/crofi/AutoModel_Rep/install/senal_detector/share/senal_detector/package.sh'
[21.164s] INFO:colcon.colcon_core.shell:Creating package script '/home/crofi/AutoModel_Rep/install/senal_detector/share/senal_detector/package.bash'
[21.167s] INFO:colcon.colcon_core.shell:Creating package script '/home/crofi/AutoModel_Rep/install/senal_detector/share/senal_detector/package.zsh'
[21.171s] Level 1:colcon.colcon_core.environment:create_file_with_runtime_dependencies(/home/crofi/AutoModel_Rep/install/senal_detector/share/colcon-core/packages/senal_detector)
[21.174s] Level 1:colcon.colcon_core.environment:checking '/home/crofi/AutoModel_Rep/install/lane_detector' for CMake module files
[21.179s] DEBUG:colcon.colcon_core.event_handler.log_command:Invoked command in '/home/crofi/AutoModel_Rep/ros2_ws/src/vision/lane_detector' returned '0': PYTHONPATH=/home/crofi/AutoModel_Rep/build/lane_detector/prefix_override:/usr/lib/python3/dist-packages/colcon_core/task/python/colcon_distutils_commands:/home/crofi/AutoModel_Rep/install/lane_detector/lib/python3.10/site-packages:${PYTHONPATH} /usr/bin/python3 -W ignore:setup.py install is deprecated -W ignore:easy_install command is deprecated setup.py egg_info --egg-base ../../../../build/lane_detector build --build-base /home/crofi/AutoModel_Rep/build/lane_detector/build install --record /home/crofi/AutoModel_Rep/build/lane_detector/install.log --single-version-externally-managed install_data
[21.180s] Level 1:colcon.colcon_core.environment:checking '/home/crofi/AutoModel_Rep/install/lane_detector' for CMake config files
[21.185s] Level 1:colcon.colcon_core.environment:checking '/home/crofi/AutoModel_Rep/install/lane_detector/lib'
[21.186s] Level 1:colcon.colcon_core.environment:checking '/home/crofi/AutoModel_Rep/install/lane_detector/bin'
[21.186s] Level 1:colcon.colcon_core.environment:checking '/home/crofi/AutoModel_Rep/install/lane_detector/lib/pkgconfig/lane_detector.pc'
[21.187s] Level 1:colcon.colcon_core.environment:checking '/home/crofi/AutoModel_Rep/install/lane_detector/lib/python3.10/site-packages'
[21.187s] Level 1:colcon.colcon_core.shell:create_environment_hook('lane_detector', 'pythonpath')
[21.189s] INFO:colcon.colcon_core.shell:Creating environment hook '/home/crofi/AutoModel_Rep/install/lane_detector/share/lane_detector/hook/pythonpath.ps1'
[21.192s] INFO:colcon.colcon_core.shell:Creating environment descriptor '/home/crofi/AutoModel_Rep/install/lane_detector/share/lane_detector/hook/pythonpath.dsv'
[21.195s] INFO:colcon.colcon_core.shell:Creating environment hook '/home/crofi/AutoModel_Rep/install/lane_detector/share/lane_detector/hook/pythonpath.sh'
[21.201s] Level 1:colcon.colcon_core.environment:checking '/home/crofi/AutoModel_Rep/install/lane_detector/bin'
[21.202s] Level 1:colcon.colcon_core.environment:create_environment_scripts_only(lane_detector)
[21.205s] INFO:colcon.colcon_core.shell:Creating package script '/home/crofi/AutoModel_Rep/install/lane_detector/share/lane_detector/package.ps1'
[21.211s] INFO:colcon.colcon_core.shell:Creating package descriptor '/home/crofi/AutoModel_Rep/install/lane_detector/share/lane_detector/package.dsv'
[21.214s] INFO:colcon.colcon_core.shell:Creating package script '/home/crofi/AutoModel_Rep/install/lane_detector/share/lane_detector/package.sh'
[21.217s] INFO:colcon.colcon_core.shell:Creating package script '/home/crofi/AutoModel_Rep/install/lane_detector/share/lane_detector/package.bash'
[21.221s] INFO:colcon.colcon_core.shell:Creating package script '/home/crofi/AutoModel_Rep/install/lane_detector/share/lane_detector/package.zsh'
[21.224s] Level 1:colcon.colcon_core.environment:create_file_with_runtime_dependencies(/home/crofi/AutoModel_Rep/install/lane_detector/share/colcon-core/packages/lane_detector)
[21.229s] INFO:colcon.colcon_ros.task.ament_python.build:Building ROS package in '/home/crofi/AutoModel_Rep/ros2_ws/src/hardware/webcam' with build type 'ament_python'
[21.230s] Level 1:colcon.colcon_core.shell:create_environment_hook('webcam', 'ament_prefix_path')
[21.231s] INFO:colcon.colcon_core.shell:Creating environment hook '/home/crofi/AutoModel_Rep/install/webcam/share/webcam/hook/ament_prefix_path.ps1'
[21.234s] INFO:colcon.colcon_core.shell:Creating environment descriptor '/home/crofi/AutoModel_Rep/install/webcam/share/webcam/hook/ament_prefix_path.dsv'
[21.236s] INFO:colcon.colcon_core.shell:Creating environment hook '/home/crofi/AutoModel_Rep/install/webcam/share/webcam/hook/ament_prefix_path.sh'
[21.240s] INFO:colcon.colcon_core.shell:Skip shell extension 'powershell' for command environment: Not usable outside of PowerShell
[21.240s] DEBUG:colcon.colcon_core.shell:Skip shell extension 'dsv' for command environment
[21.277s] INFO:colcon.colcon_ros.task.ament_python.build:Building ROS package in '/home/crofi/AutoModel_Rep/ros2_ws/src/hardware/webcam_recorted' with build type 'ament_python'
[21.278s] Level 1:colcon.colcon_core.shell:create_environment_hook('webcam_recorted', 'ament_prefix_path')
[21.279s] INFO:colcon.colcon_core.shell:Creating environment hook '/home/crofi/AutoModel_Rep/install/webcam_recorted/share/webcam_recorted/hook/ament_prefix_path.ps1'
[21.282s] INFO:colcon.colcon_core.shell:Creating environment descriptor '/home/crofi/AutoModel_Rep/install/webcam_recorted/share/webcam_recorted/hook/ament_prefix_path.dsv'
[21.285s] INFO:colcon.colcon_core.shell:Creating environment hook '/home/crofi/AutoModel_Rep/install/webcam_recorted/share/webcam_recorted/hook/ament_prefix_path.sh'
[21.289s] INFO:colcon.colcon_core.shell:Skip shell extension 'powershell' for command environment: Not usable outside of PowerShell
[21.289s] DEBUG:colcon.colcon_core.shell:Skip shell extension 'dsv' for command environment
[23.543s] INFO:colcon.colcon_core.task.python.build:Building Python package in '/home/crofi/AutoModel_Rep/ros2_ws/src/hardware/webcam'
[23.544s] INFO:colcon.colcon_core.shell:Skip shell extension 'powershell' for command environment: Not usable outside of PowerShell
[23.544s] DEBUG:colcon.colcon_core.shell:Skip shell extension 'dsv' for command environment
[25.571s] INFO:colcon.colcon_core.task.python.build:Building Python package in '/home/crofi/AutoModel_Rep/ros2_ws/src/hardware/webcam_recorted'
[25.572s] INFO:colcon.colcon_core.shell:Skip shell extension 'powershell' for command environment: Not usable outside of PowerShell
[25.578s] DEBUG:colcon.colcon_core.shell:Skip shell extension 'dsv' for command environment
[25.653s] DEBUG:colcon.colcon_core.event_handler.log_command:Invoking command in '/home/crofi/AutoModel_Rep/ros2_ws/src/hardware/servo': PYTHONPATH=/home/crofi/AutoModel_Rep/build/servo/prefix_override:/usr/lib/python3/dist-packages/colcon_core/task/python/colcon_distutils_commands:/home/crofi/AutoModel_Rep/install/servo/lib/python3.10/site-packages:${PYTHONPATH} /usr/bin/python3 -W ignore:setup.py install is deprecated -W ignore:easy_install command is deprecated setup.py egg_info --egg-base ../../../../build/servo build --build-base /home/crofi/AutoModel_Rep/build/servo/build install --record /home/crofi/AutoModel_Rep/build/servo/install.log --single-version-externally-managed install_data
[28.733s] Level 1:colcon.colcon_core.environment:checking '/home/crofi/AutoModel_Rep/install/servo' for CMake module files
[28.736s] Level 1:colcon.colcon_core.environment:checking '/home/crofi/AutoModel_Rep/install/servo' for CMake config files
[28.740s] Level 1:colcon.colcon_core.environment:checking '/home/crofi/AutoModel_Rep/install/servo/lib'
[28.741s] Level 1:colcon.colcon_core.environment:checking '/home/crofi/AutoModel_Rep/install/servo/bin'
[28.742s] Level 1:colcon.colcon_core.environment:checking '/home/crofi/AutoModel_Rep/install/servo/lib/pkgconfig/servo.pc'
[28.743s] Level 1:colcon.colcon_core.environment:checking '/home/crofi/AutoModel_Rep/install/servo/lib/python3.10/site-packages'
[28.743s] Level 1:colcon.colcon_core.shell:create_environment_hook('servo', 'pythonpath')
[28.745s] DEBUG:colcon.colcon_core.event_handler.log_command:Invoked command in '/home/crofi/AutoModel_Rep/ros2_ws/src/hardware/servo' returned '0': PYTHONPATH=/home/crofi/AutoModel_Rep/build/servo/prefix_override:/usr/lib/python3/dist-packages/colcon_core/task/python/colcon_distutils_commands:/home/crofi/AutoModel_Rep/install/servo/lib/python3.10/site-packages:${PYTHONPATH} /usr/bin/python3 -W ignore:setup.py install is deprecated -W ignore:easy_install command is deprecated setup.py egg_info --egg-base ../../../../build/servo build --build-base /home/crofi/AutoModel_Rep/build/servo/build install --record /home/crofi/AutoModel_Rep/build/servo/install.log --single-version-externally-managed install_data
[28.748s] INFO:colcon.colcon_core.shell:Creating environment hook '/home/crofi/AutoModel_Rep/install/servo/share/servo/hook/pythonpath.ps1'
[28.755s] INFO:colcon.colcon_core.shell:Creating environment descriptor '/home/crofi/AutoModel_Rep/install/servo/share/servo/hook/pythonpath.dsv'
[28.765s] INFO:colcon.colcon_core.shell:Creating environment hook '/home/crofi/AutoModel_Rep/install/servo/share/servo/hook/pythonpath.sh'
[28.773s] Level 1:colcon.colcon_core.environment:checking '/home/crofi/AutoModel_Rep/install/servo/bin'
[28.774s] Level 1:colcon.colcon_core.environment:create_environment_scripts_only(servo)
[28.776s] INFO:colcon.colcon_core.shell:Creating package script '/home/crofi/AutoModel_Rep/install/servo/share/servo/package.ps1'
[28.781s] INFO:colcon.colcon_core.shell:Creating package descriptor '/home/crofi/AutoModel_Rep/install/servo/share/servo/package.dsv'
[28.785s] INFO:colcon.colcon_core.shell:Creating package script '/home/crofi/AutoModel_Rep/install/servo/share/servo/package.sh'
[28.791s] INFO:colcon.colcon_core.shell:Creating package script '/home/crofi/AutoModel_Rep/install/servo/share/servo/package.bash'
[28.795s] INFO:colcon.colcon_core.shell:Creating package script '/home/crofi/AutoModel_Rep/install/servo/share/servo/package.zsh'
[28.810s] Level 1:colcon.colcon_core.environment:create_file_with_runtime_dependencies(/home/crofi/AutoModel_Rep/install/servo/share/colcon-core/packages/servo)
[29.337s] DEBUG:colcon.colcon_core.event_handler.log_command:Invoking command in '/home/crofi/AutoModel_Rep/ros2_ws/src/hardware/webcam_recorted': PYTHONPATH=/home/crofi/AutoModel_Rep/build/webcam_recorted/prefix_override:/usr/lib/python3/dist-packages/colcon_core/task/python/colcon_distutils_commands:/home/crofi/AutoModel_Rep/install/webcam_recorted/lib/python3.10/site-packages:${PYTHONPATH} /usr/bin/python3 -W ignore:setup.py install is deprecated -W ignore:easy_install command is deprecated setup.py egg_info --egg-base ../../../../build/webcam_recorted build --build-base /home/crofi/AutoModel_Rep/build/webcam_recorted/build install --record /home/crofi/AutoModel_Rep/build/webcam_recorted/install.log --single-version-externally-managed install_data
[29.430s] DEBUG:colcon.colcon_core.event_handler.log_command:Invoking command in '/home/crofi/AutoModel_Rep/ros2_ws/src/hardware/webcam': PYTHONPATH=/home/crofi/AutoModel_Rep/build/webcam/prefix_override:/usr/lib/python3/dist-packages/colcon_core/task/python/colcon_distutils_commands:/home/crofi/AutoModel_Rep/install/webcam/lib/python3.10/site-packages:${PYTHONPATH} /usr/bin/python3 -W ignore:setup.py install is deprecated -W ignore:easy_install command is deprecated setup.py egg_info --egg-base ../../../../build/webcam build --build-base /home/crofi/AutoModel_Rep/build/webcam/build install --record /home/crofi/AutoModel_Rep/build/webcam/install.log --single-version-externally-managed install_data
[31.891s] Level 1:colcon.colcon_core.environment:checking '/home/crofi/AutoModel_Rep/install/webcam_recorted' for CMake module files
[31.898s] Level 1:colcon.colcon_core.environment:checking '/home/crofi/AutoModel_Rep/install/webcam_recorted' for CMake config files
[31.908s] DEBUG:colcon.colcon_core.event_handler.log_command:Invoked command in '/home/crofi/AutoModel_Rep/ros2_ws/src/hardware/webcam_recorted' returned '0': PYTHONPATH=/home/crofi/AutoModel_Rep/build/webcam_recorted/prefix_override:/usr/lib/python3/dist-packages/colcon_core/task/python/colcon_distutils_commands:/home/crofi/AutoModel_Rep/install/webcam_recorted/lib/python3.10/site-packages:${PYTHONPATH} /usr/bin/python3 -W ignore:setup.py install is deprecated -W ignore:easy_install command is deprecated setup.py egg_info --egg-base ../../../../build/webcam_recorted build --build-base /home/crofi/AutoModel_Rep/build/webcam_recorted/build install --record /home/crofi/AutoModel_Rep/build/webcam_recorted/install.log --single-version-externally-managed install_data
[31.915s] Level 1:colcon.colcon_core.environment:checking '/home/crofi/AutoModel_Rep/install/webcam_recorted/lib'
[31.918s] Level 1:colcon.colcon_core.environment:checking '/home/crofi/AutoModel_Rep/install/webcam_recorted/bin'
[31.919s] Level 1:colcon.colcon_core.environment:checking '/home/crofi/AutoModel_Rep/install/webcam_recorted/lib/pkgconfig/webcam_recorted.pc'
[31.923s] Level 1:colcon.colcon_core.environment:checking '/home/crofi/AutoModel_Rep/install/webcam_recorted/lib/python3.10/site-packages'
[31.924s] Level 1:colcon.colcon_core.shell:create_environment_hook('webcam_recorted', 'pythonpath')
[31.926s] INFO:colcon.colcon_core.shell:Creating environment hook '/home/crofi/AutoModel_Rep/install/webcam_recorted/share/webcam_recorted/hook/pythonpath.ps1'
[31.932s] INFO:colcon.colcon_core.shell:Creating environment descriptor '/home/crofi/AutoModel_Rep/install/webcam_recorted/share/webcam_recorted/hook/pythonpath.dsv'
[31.937s] INFO:colcon.colcon_core.shell:Creating environment hook '/home/crofi/AutoModel_Rep/install/webcam_recorted/share/webcam_recorted/hook/pythonpath.sh'
[31.943s] Level 1:colcon.colcon_core.environment:checking '/home/crofi/AutoModel_Rep/install/webcam_recorted/bin'
[31.944s] Level 1:colcon.colcon_core.environment:create_environment_scripts_only(webcam_recorted)
[31.946s] INFO:colcon.colcon_core.shell:Creating package script '/home/crofi/AutoModel_Rep/install/webcam_recorted/share/webcam_recorted/package.ps1'
[31.955s] INFO:colcon.colcon_core.shell:Creating package descriptor '/home/crofi/AutoModel_Rep/install/webcam_recorted/share/webcam_recorted/package.dsv'
[31.965s] INFO:colcon.colcon_core.shell:Creating package script '/home/crofi/AutoModel_Rep/install/webcam_recorted/share/webcam_recorted/package.sh'
[31.974s] INFO:colcon.colcon_core.shell:Creating package script '/home/crofi/AutoModel_Rep/install/webcam_recorted/share/webcam_recorted/package.bash'
[31.978s] INFO:colcon.colcon_core.shell:Creating package script '/home/crofi/AutoModel_Rep/install/webcam_recorted/share/webcam_recorted/package.zsh'
[31.981s] Level 1:colcon.colcon_core.environment:create_file_with_runtime_dependencies(/home/crofi/AutoModel_Rep/install/webcam_recorted/share/colcon-core/packages/webcam_recorted)
[31.992s] Level 1:colcon.colcon_core.environment:checking '/home/crofi/AutoModel_Rep/install/webcam' for CMake module files
[31.995s] DEBUG:colcon.colcon_core.event_handler.log_command:Invoked command in '/home/crofi/AutoModel_Rep/ros2_ws/src/hardware/webcam' returned '0': PYTHONPATH=/home/crofi/AutoModel_Rep/build/webcam/prefix_override:/usr/lib/python3/dist-packages/colcon_core/task/python/colcon_distutils_commands:/home/crofi/AutoModel_Rep/install/webcam/lib/python3.10/site-packages:${PYTHONPATH} /usr/bin/python3 -W ignore:setup.py install is deprecated -W ignore:easy_install command is deprecated setup.py egg_info --egg-base ../../../../build/webcam build --build-base /home/crofi/AutoModel_Rep/build/webcam/build install --record /home/crofi/AutoModel_Rep/build/webcam/install.log --single-version-externally-managed install_data
[31.999s] Level 1:colcon.colcon_core.environment:checking '/home/crofi/AutoModel_Rep/install/webcam' for CMake config files
[32.006s] Level 1:colcon.colcon_core.environment:checking '/home/crofi/AutoModel_Rep/install/webcam/lib'
[32.006s] Level 1:colcon.colcon_core.environment:checking '/home/crofi/AutoModel_Rep/install/webcam/bin'
[32.007s] Level 1:colcon.colcon_core.environment:checking '/home/crofi/AutoModel_Rep/install/webcam/lib/pkgconfig/webcam.pc'
[32.009s] Level 1:colcon.colcon_core.environment:checking '/home/crofi/AutoModel_Rep/install/webcam/lib/python3.10/site-packages'
[32.009s] Level 1:colcon.colcon_core.shell:create_environment_hook('webcam', 'pythonpath')
[32.011s] INFO:colcon.colcon_core.shell:Creating environment hook '/home/crofi/AutoModel_Rep/install/webcam/share/webcam/hook/pythonpath.ps1'
[32.016s] INFO:colcon.colcon_core.shell:Creating environment descriptor '/home/crofi/AutoModel_Rep/install/webcam/share/webcam/hook/pythonpath.dsv'
[32.020s] INFO:colcon.colcon_core.shell:Creating environment hook '/home/crofi/AutoModel_Rep/install/webcam/share/webcam/hook/pythonpath.sh'
[32.025s] Level 1:colcon.colcon_core.environment:checking '/home/crofi/AutoModel_Rep/install/webcam/bin'
[32.025s] Level 1:colcon.colcon_core.environment:create_environment_scripts_only(webcam)
[32.027s] INFO:colcon.colcon_core.shell:Creating package script '/home/crofi/AutoModel_Rep/install/webcam/share/webcam/package.ps1'
[32.030s] INFO:colcon.colcon_core.shell:Creating package descriptor '/home/crofi/AutoModel_Rep/install/webcam/share/webcam/package.dsv'
[32.033s] INFO:colcon.colcon_core.shell:Creating package script '/home/crofi/AutoModel_Rep/install/webcam/share/webcam/package.sh'
[32.036s] INFO:colcon.colcon_core.shell:Creating package script '/home/crofi/AutoModel_Rep/install/webcam/share/webcam/package.bash'
[32.038s] INFO:colcon.colcon_core.shell:Creating package script '/home/crofi/AutoModel_Rep/install/webcam/share/webcam/package.zsh'
[32.040s] Level 1:colcon.colcon_core.environment:create_file_with_runtime_dependencies(/home/crofi/AutoModel_Rep/install/webcam/share/colcon-core/packages/webcam)
[32.041s] DEBUG:colcon.colcon_parallel_executor.executor.parallel:closing loop
[32.042s] DEBUG:colcon.colcon_parallel_executor.executor.parallel:loop closed
[32.043s] DEBUG:colcon.colcon_parallel_executor.executor.parallel:run_until_complete finished with '0'
[32.043s] DEBUG:colcon.colcon_core.event_reactor:joining thread
[32.089s] INFO:colcon.colcon_core.plugin_system:Skipping extension 'colcon_notification.desktop_notification.terminal_notifier': Not used on non-Darwin systems
[32.089s] INFO:colcon.colcon_core.plugin_system:Skipping extension 'colcon_notification.desktop_notification.win32': Not used on non-Windows systems
[32.089s] INFO:colcon.colcon_notification.desktop_notification:Sending desktop notification using 'notify2'
[32.172s] DEBUG:colcon.colcon_core.event_reactor:joined thread
[32.173s] INFO:colcon.colcon_core.shell:Creating prefix script '/home/crofi/AutoModel_Rep/install/local_setup.ps1'
[32.179s] INFO:colcon.colcon_core.shell:Creating prefix util module '/home/crofi/AutoModel_Rep/install/_local_setup_util_ps1.py'
[32.188s] INFO:colcon.colcon_core.shell:Creating prefix chain script '/home/crofi/AutoModel_Rep/install/setup.ps1'
[32.201s] INFO:colcon.colcon_core.shell:Creating prefix script '/home/crofi/AutoModel_Rep/install/local_setup.sh'
[32.209s] INFO:colcon.colcon_core.shell:Creating prefix util module '/home/crofi/AutoModel_Rep/install/_local_setup_util_sh.py'
[32.217s] INFO:colcon.colcon_core.shell:Creating prefix chain script '/home/crofi/AutoModel_Rep/install/setup.sh'
[32.230s] INFO:colcon.colcon_core.shell:Creating prefix script '/home/crofi/AutoModel_Rep/install/local_setup.bash'
[32.235s] INFO:colcon.colcon_core.shell:Creating prefix chain script '/home/crofi/AutoModel_Rep/install/setup.bash'
[32.245s] INFO:colcon.colcon_core.shell:Creating prefix script '/home/crofi/AutoModel_Rep/install/local_setup.zsh'
[32.250s] INFO:colcon.colcon_core.shell:Creating prefix chain script '/home/crofi/AutoModel_Rep/install/setup.zsh'
