[2.058s] Invoking command in '/home/tars/AutoModelCrofi/ros2_ws/src/build/red_vision': PYTHONPATH=/home/tars/AutoModelCrofi/ros2_ws/src/build/red_vision/prefix_override:/usr/lib/python3/dist-packages/colcon_core/task/python/colcon_distutils_commands:/home/tars/AutoModelCrofi/ros2_ws/src/install/red_vision/lib/python3.12/site-packages:${PYTHONPATH} /usr/bin/python3 -W ignore:setup.py install is deprecated -W ignore:easy_install command is deprecated setup.py develop --editable --build-directory /home/tars/AutoModelCrofi/ros2_ws/src/build/red_vision/build --no-deps symlink_data
[2.493s] running develop
[2.775s] running egg_info
[2.775s] creating red_vision.egg-info
[2.804s] writing red_vision.egg-info/PKG-INFO
[2.805s] writing dependency_links to red_vision.egg-info/dependency_links.txt
[2.805s] writing entry points to red_vision.egg-info/entry_points.txt
[2.805s] writing requirements to red_vision.egg-info/requires.txt
[2.805s] writing top-level names to red_vision.egg-info/top_level.txt
[2.806s] writing manifest file 'red_vision.egg-info/SOURCES.txt'
[2.866s] reading manifest file 'red_vision.egg-info/SOURCES.txt'
[2.867s] writing manifest file 'red_vision.egg-info/SOURCES.txt'
[2.894s] running build_ext
[2.894s] Creating /home/tars/AutoModelCrofi/ros2_ws/src/install/red_vision/lib/python3.12/site-packages/red-vision.egg-link (link to .)
[2.895s] Installing red_vision script to /home/tars/AutoModelCrofi/ros2_ws/src/install/red_vision/lib/red_vision
[2.895s] 
[2.898s] Installed /home/tars/AutoModelCrofi/ros2_ws/src/build/red_vision
[2.898s] running symlink_data
[2.900s] creating /home/tars/AutoModelCrofi/ros2_ws/src/install/red_vision/share/ament_index
[2.900s] creating /home/tars/AutoModelCrofi/ros2_ws/src/install/red_vision/share/ament_index/resource_index
[2.900s] creating /home/tars/AutoModelCrofi/ros2_ws/src/install/red_vision/share/ament_index/resource_index/packages
[2.900s] symbolically linking /home/tars/AutoModelCrofi/ros2_ws/src/build/red_vision/resource/red_vision -> /home/tars/AutoModelCrofi/ros2_ws/src/install/red_vision/share/ament_index/resource_index/packages
[2.900s] symbolically linking /home/tars/AutoModelCrofi/ros2_ws/src/build/red_vision/package.xml -> /home/tars/AutoModelCrofi/ros2_ws/src/install/red_vision/share/red_vision
[3.099s] Invoked command in '/home/tars/AutoModelCrofi/ros2_ws/src/build/red_vision' returned '0': PYTHONPATH=/home/tars/AutoModelCrofi/ros2_ws/src/build/red_vision/prefix_override:/usr/lib/python3/dist-packages/colcon_core/task/python/colcon_distutils_commands:/home/tars/AutoModelCrofi/ros2_ws/src/install/red_vision/lib/python3.12/site-packages:${PYTHONPATH} /usr/bin/python3 -W ignore:setup.py install is deprecated -W ignore:easy_install command is deprecated setup.py develop --editable --build-directory /home/tars/AutoModelCrofi/ros2_ws/src/build/red_vision/build --no-deps symlink_data
