[9.274s] Invoking command in '/home/crofi/ros2_ws/src/vision/lane_angle': PYTHONPATH=/home/crofi/ros2_ws/build/lane_angle/prefix_override:/usr/lib/python3/dist-packages/colcon_core/task/python/colcon_distutils_commands:/home/crofi/ros2_ws/install/lane_angle/lib/python3.10/site-packages:${PYTHONPATH} /usr/bin/python3 -W ignore:setup.py install is deprecated -W ignore:easy_install command is deprecated setup.py egg_info --egg-base ../../../build/lane_angle build --build-base /home/crofi/ros2_ws/build/lane_angle/build install --record /home/crofi/ros2_ws/build/lane_angle/install.log --single-version-externally-managed install_data
[11.780s] running egg_info
[11.784s] writing ../../../build/lane_angle/lane_angle.egg-info/PKG-INFO
[11.785s] writing dependency_links to ../../../build/lane_angle/lane_angle.egg-info/dependency_links.txt
[11.787s] writing entry points to ../../../build/lane_angle/lane_angle.egg-info/entry_points.txt
[11.791s] writing requirements to ../../../build/lane_angle/lane_angle.egg-info/requires.txt
[11.794s] writing top-level names to ../../../build/lane_angle/lane_angle.egg-info/top_level.txt
[11.802s] reading manifest file '../../../build/lane_angle/lane_angle.egg-info/SOURCES.txt'
[11.807s] writing manifest file '../../../build/lane_angle/lane_angle.egg-info/SOURCES.txt'
[11.807s] running build
[11.808s] running build_py
[11.809s] running install
[11.811s] running install_lib
[11.828s] running install_data
[11.829s] running install_egg_info
[11.843s] removing '/home/crofi/ros2_ws/install/lane_angle/lib/python3.10/site-packages/lane_angle-0.0.0-py3.10.egg-info' (and everything under it)
[11.843s] Copying ../../../build/lane_angle/lane_angle.egg-info to /home/crofi/ros2_ws/install/lane_angle/lib/python3.10/site-packages/lane_angle-0.0.0-py3.10.egg-info
[11.852s] running install_scripts
[11.974s] Installing lane_angle script to /home/crofi/ros2_ws/install/lane_angle/lib/lane_angle
[11.976s] writing list of installed files to '/home/crofi/ros2_ws/build/lane_angle/install.log'
[12.201s] Invoked command in '/home/crofi/ros2_ws/src/vision/lane_angle' returned '0': PYTHONPATH=/home/crofi/ros2_ws/build/lane_angle/prefix_override:/usr/lib/python3/dist-packages/colcon_core/task/python/colcon_distutils_commands:/home/crofi/ros2_ws/install/lane_angle/lib/python3.10/site-packages:${PYTHONPATH} /usr/bin/python3 -W ignore:setup.py install is deprecated -W ignore:easy_install command is deprecated setup.py egg_info --egg-base ../../../build/lane_angle build --build-base /home/crofi/ros2_ws/build/lane_angle/build install --record /home/crofi/ros2_ws/build/lane_angle/install.log --single-version-externally-managed install_data
