[0.471s] Invoking command in '/home/tars/AutoModelCrofi/ros2_ws/src/build/ydlidar_ros2_driver': CMAKE_PREFIX_PATH=${CMAKE_PREFIX_PATH}:/opt/ros/jazzy /usr/bin/cmake --build /home/tars/AutoModelCrofi/ros2_ws/src/build/ydlidar_ros2_driver -- -j8 -l8
[0.528s] [100%] Built target ydlidar_ros2_driver_node
[0.529s] [100%] Built target ydlidar_ros2_driver_client
[0.540s] Invoked command in '/home/tars/AutoModelCrofi/ros2_ws/src/build/ydlidar_ros2_driver' returned '0': CMAKE_PREFIX_PATH=${CMAKE_PREFIX_PATH}:/opt/ros/jazzy /usr/bin/cmake --build /home/tars/AutoModelCrofi/ros2_ws/src/build/ydlidar_ros2_driver -- -j8 -l8
[0.552s] Invoking command in '/home/tars/AutoModelCrofi/ros2_ws/src/build/ydlidar_ros2_driver': CMAKE_PREFIX_PATH=${CMAKE_PREFIX_PATH}:/opt/ros/jazzy /usr/bin/cmake --install /home/tars/AutoModelCrofi/ros2_ws/src/build/ydlidar_ros2_driver
[0.561s] -- Install configuration: ""
[0.561s] -- Execute custom install script
[0.562s] -- Up-to-date symlink: /home/tars/AutoModelCrofi/ros2_ws/src/install/ydlidar_ros2_driver/lib/ydlidar_ros2_driver/ydlidar_ros2_driver_node
[0.562s] -- Up-to-date symlink: /home/tars/AutoModelCrofi/ros2_ws/src/install/ydlidar_ros2_driver/lib/ydlidar_ros2_driver/ydlidar_ros2_driver_client
[0.562s] -- Up-to-date symlink: /home/tars/AutoModelCrofi/ros2_ws/src/install/ydlidar_ros2_driver/share/ydlidar_ros2_driver/launch/ydlidar.py
[0.562s] -- Up-to-date symlink: /home/tars/AutoModelCrofi/ros2_ws/src/install/ydlidar_ros2_driver/share/ydlidar_ros2_driver/launch/ydlidar_launch.py
[0.563s] -- Up-to-date symlink: /home/tars/AutoModelCrofi/ros2_ws/src/install/ydlidar_ros2_driver/share/ydlidar_ros2_driver/launch/ydlidar_launch_view.py
[0.563s] -- Up-to-date symlink: /home/tars/AutoModelCrofi/ros2_ws/src/install/ydlidar_ros2_driver/share/ydlidar_ros2_driver/params/G1.yaml
[0.563s] -- Up-to-date symlink: /home/tars/AutoModelCrofi/ros2_ws/src/install/ydlidar_ros2_driver/share/ydlidar_ros2_driver/params/G2.yaml
[0.563s] -- Up-to-date symlink: /home/tars/AutoModelCrofi/ros2_ws/src/install/ydlidar_ros2_driver/share/ydlidar_ros2_driver/params/G6.yaml
[0.563s] -- Up-to-date symlink: /home/tars/AutoModelCrofi/ros2_ws/src/install/ydlidar_ros2_driver/share/ydlidar_ros2_driver/params/GS2.yaml
[0.563s] -- Up-to-date symlink: /home/tars/AutoModelCrofi/ros2_ws/src/install/ydlidar_ros2_driver/share/ydlidar_ros2_driver/params/TEA.yaml
[0.564s] -- Up-to-date symlink: /home/tars/AutoModelCrofi/ros2_ws/src/install/ydlidar_ros2_driver/share/ydlidar_ros2_driver/params/TG.yaml
[0.564s] -- Up-to-date symlink: /home/tars/AutoModelCrofi/ros2_ws/src/install/ydlidar_ros2_driver/share/ydlidar_ros2_driver/params/TminiPro.yaml
[0.564s] -- Up-to-date symlink: /home/tars/AutoModelCrofi/ros2_ws/src/install/ydlidar_ros2_driver/share/ydlidar_ros2_driver/params/X2.yaml
[0.564s] -- Up-to-date symlink: /home/tars/AutoModelCrofi/ros2_ws/src/install/ydlidar_ros2_driver/share/ydlidar_ros2_driver/params/X4-Pro.yaml
[0.564s] -- Up-to-date symlink: /home/tars/AutoModelCrofi/ros2_ws/src/install/ydlidar_ros2_driver/share/ydlidar_ros2_driver/params/X4.yaml
[0.564s] -- Up-to-date symlink: /home/tars/AutoModelCrofi/ros2_ws/src/install/ydlidar_ros2_driver/share/ydlidar_ros2_driver/params/ydlidar.yaml
[0.565s] -- Up-to-date symlink: /home/tars/AutoModelCrofi/ros2_ws/src/install/ydlidar_ros2_driver/share/ydlidar_ros2_driver/startup/initenv.sh
[0.565s] -- Up-to-date symlink: /home/tars/AutoModelCrofi/ros2_ws/src/install/ydlidar_ros2_driver/share/ydlidar_ros2_driver/config/ydlidar.rviz
[0.565s] -- Up-to-date symlink: /home/tars/AutoModelCrofi/ros2_ws/src/install/ydlidar_ros2_driver/share/ament_index/resource_index/package_run_dependencies/ydlidar_ros2_driver
[0.565s] -- Up-to-date symlink: /home/tars/AutoModelCrofi/ros2_ws/src/install/ydlidar_ros2_driver/share/ament_index/resource_index/parent_prefix_path/ydlidar_ros2_driver
[0.565s] -- Up-to-date symlink: /home/tars/AutoModelCrofi/ros2_ws/src/install/ydlidar_ros2_driver/share/ydlidar_ros2_driver/environment/ament_prefix_path.sh
[0.566s] -- Up-to-date symlink: /home/tars/AutoModelCrofi/ros2_ws/src/install/ydlidar_ros2_driver/share/ydlidar_ros2_driver/environment/ament_prefix_path.dsv
[0.566s] -- Up-to-date symlink: /home/tars/AutoModelCrofi/ros2_ws/src/install/ydlidar_ros2_driver/share/ydlidar_ros2_driver/environment/path.sh
[0.566s] -- Up-to-date symlink: /home/tars/AutoModelCrofi/ros2_ws/src/install/ydlidar_ros2_driver/share/ydlidar_ros2_driver/environment/path.dsv
[0.566s] -- Up-to-date symlink: /home/tars/AutoModelCrofi/ros2_ws/src/install/ydlidar_ros2_driver/share/ydlidar_ros2_driver/local_setup.bash
[0.566s] -- Up-to-date symlink: /home/tars/AutoModelCrofi/ros2_ws/src/install/ydlidar_ros2_driver/share/ydlidar_ros2_driver/local_setup.sh
[0.566s] -- Up-to-date symlink: /home/tars/AutoModelCrofi/ros2_ws/src/install/ydlidar_ros2_driver/share/ydlidar_ros2_driver/local_setup.zsh
[0.567s] -- Up-to-date symlink: /home/tars/AutoModelCrofi/ros2_ws/src/install/ydlidar_ros2_driver/share/ydlidar_ros2_driver/local_setup.dsv
[0.567s] -- Symlinking: /home/tars/AutoModelCrofi/ros2_ws/src/install/ydlidar_ros2_driver/share/ydlidar_ros2_driver/package.dsv
[0.576s] -- Up-to-date symlink: /home/tars/AutoModelCrofi/ros2_ws/src/install/ydlidar_ros2_driver/share/ament_index/resource_index/packages/ydlidar_ros2_driver
[0.576s] -- Up-to-date symlink: /home/tars/AutoModelCrofi/ros2_ws/src/install/ydlidar_ros2_driver/share/ydlidar_ros2_driver/cmake/ydlidar_ros2_driverConfig.cmake
[0.576s] -- Up-to-date symlink: /home/tars/AutoModelCrofi/ros2_ws/src/install/ydlidar_ros2_driver/share/ydlidar_ros2_driver/cmake/ydlidar_ros2_driverConfig-version.cmake
[0.577s] -- Up-to-date symlink: /home/tars/AutoModelCrofi/ros2_ws/src/install/ydlidar_ros2_driver/share/ydlidar_ros2_driver/package.xml
[0.579s] Invoked command in '/home/tars/AutoModelCrofi/ros2_ws/src/build/ydlidar_ros2_driver' returned '0': CMAKE_PREFIX_PATH=${CMAKE_PREFIX_PATH}:/opt/ros/jazzy /usr/bin/cmake --install /home/tars/AutoModelCrofi/ros2_ws/src/build/ydlidar_ros2_driver
