[9.963s] Invoking command in '/home/crofi/ros2_ws/src/hardware/webcam': PYTHONPATH=/home/crofi/ros2_ws/src/build/webcam/prefix_override:/usr/lib/python3/dist-packages/colcon_core/task/python/colcon_distutils_commands:/home/crofi/ros2_ws/src/install/webcam/lib/python3.10/site-packages:${PYTHONPATH} /usr/bin/python3 -W ignore:setup.py install is deprecated -W ignore:easy_install command is deprecated setup.py egg_info --egg-base ../../build/webcam build --build-base /home/crofi/ros2_ws/src/build/webcam/build install --record /home/crofi/ros2_ws/src/build/webcam/install.log --single-version-externally-managed install_data
[12.097s] running egg_info
[12.101s] creating ../../build/webcam/webcam.egg-info
[12.103s] writing ../../build/webcam/webcam.egg-info/PKG-INFO
[12.107s] writing dependency_links to ../../build/webcam/webcam.egg-info/dependency_links.txt
[12.108s] writing entry points to ../../build/webcam/webcam.egg-info/entry_points.txt
[12.109s] writing requirements to ../../build/webcam/webcam.egg-info/requires.txt
[12.110s] writing top-level names to ../../build/webcam/webcam.egg-info/top_level.txt
[12.112s] writing manifest file '../../build/webcam/webcam.egg-info/SOURCES.txt'
[12.123s] reading manifest file '../../build/webcam/webcam.egg-info/SOURCES.txt'
[12.125s] adding license file 'LICENSE'
[12.128s] writing manifest file '../../build/webcam/webcam.egg-info/SOURCES.txt'
[12.129s] running build
[12.131s] running build_py
[12.139s] creating /home/crofi/ros2_ws/src/build/webcam/build
[12.140s] creating /home/crofi/ros2_ws/src/build/webcam/build/lib
[12.141s] creating /home/crofi/ros2_ws/src/build/webcam/build/lib/webcam
[12.142s] copying webcam/__init__.py -> /home/crofi/ros2_ws/src/build/webcam/build/lib/webcam
[12.142s] copying webcam/webcam.py -> /home/crofi/ros2_ws/src/build/webcam/build/lib/webcam
[12.143s] running install
[12.143s] running install_lib
[12.146s] creating /home/crofi/ros2_ws/src/install/webcam/lib/python3.10/site-packages/webcam
[12.147s] copying /home/crofi/ros2_ws/src/build/webcam/build/lib/webcam/__init__.py -> /home/crofi/ros2_ws/src/install/webcam/lib/python3.10/site-packages/webcam
[12.149s] copying /home/crofi/ros2_ws/src/build/webcam/build/lib/webcam/webcam.py -> /home/crofi/ros2_ws/src/install/webcam/lib/python3.10/site-packages/webcam
[12.162s] byte-compiling /home/crofi/ros2_ws/src/install/webcam/lib/python3.10/site-packages/webcam/__init__.py to __init__.cpython-310.pyc
[12.168s] byte-compiling /home/crofi/ros2_ws/src/install/webcam/lib/python3.10/site-packages/webcam/webcam.py to webcam.cpython-310.pyc
[12.188s] running install_data
[12.189s] creating /home/crofi/ros2_ws/src/install/webcam/share/ament_index
[12.189s] creating /home/crofi/ros2_ws/src/install/webcam/share/ament_index/resource_index
[12.190s] creating /home/crofi/ros2_ws/src/install/webcam/share/ament_index/resource_index/packages
[12.190s] copying resource/webcam -> /home/crofi/ros2_ws/src/install/webcam/share/ament_index/resource_index/packages
[12.192s] copying package.xml -> /home/crofi/ros2_ws/src/install/webcam/share/webcam
[12.192s] running install_egg_info
[12.193s] Copying ../../build/webcam/webcam.egg-info to /home/crofi/ros2_ws/src/install/webcam/lib/python3.10/site-packages/webcam-0.0.0-py3.10.egg-info
[12.203s] running install_scripts
[12.417s] Installing webcam script to /home/crofi/ros2_ws/src/install/webcam/lib/webcam
[12.421s] writing list of installed files to '/home/crofi/ros2_ws/src/build/webcam/install.log'
[12.786s] Invoked command in '/home/crofi/ros2_ws/src/hardware/webcam' returned '0': PYTHONPATH=/home/crofi/ros2_ws/src/build/webcam/prefix_override:/usr/lib/python3/dist-packages/colcon_core/task/python/colcon_distutils_commands:/home/crofi/ros2_ws/src/install/webcam/lib/python3.10/site-packages:${PYTHONPATH} /usr/bin/python3 -W ignore:setup.py install is deprecated -W ignore:easy_install command is deprecated setup.py egg_info --egg-base ../../build/webcam build --build-base /home/crofi/ros2_ws/src/build/webcam/build install --record /home/crofi/ros2_ws/src/build/webcam/install.log --single-version-externally-managed install_data
