[28.853s] Invoking command in '/home/crofi/AutoModel_Rep/ros2_ws/src/vision/senal_detector': PYTHONPATH=/home/crofi/AutoModel_Rep/build/senal_detector/prefix_override:/usr/lib/python3/dist-packages/colcon_core/task/python/colcon_distutils_commands:/home/crofi/AutoModel_Rep/install/senal_detector/lib/python3.10/site-packages:${PYTHONPATH} /usr/bin/python3 -W ignore:setup.py install is deprecated -W ignore:easy_install command is deprecated setup.py egg_info --egg-base ../../../../build/senal_detector build --build-base /home/crofi/AutoModel_Rep/build/senal_detector/build install --record /home/crofi/AutoModel_Rep/build/senal_detector/install.log --single-version-externally-managed install_data
[32.648s] running egg_info
[32.653s] writing ../../../../build/senal_detector/senal_detector.egg-info/PKG-INFO
[32.656s] writing dependency_links to ../../../../build/senal_detector/senal_detector.egg-info/dependency_links.txt
[32.660s] writing entry points to ../../../../build/senal_detector/senal_detector.egg-info/entry_points.txt
[32.662s] writing requirements to ../../../../build/senal_detector/senal_detector.egg-info/requires.txt
[32.662s] writing top-level names to ../../../../build/senal_detector/senal_detector.egg-info/top_level.txt
[32.676s] reading manifest file '../../../../build/senal_detector/senal_detector.egg-info/SOURCES.txt'
[32.680s] writing manifest file '../../../../build/senal_detector/senal_detector.egg-info/SOURCES.txt'
[32.682s] running build
[32.693s] running build_py
[32.695s] running install
[32.696s] running install_lib
[32.719s] running install_data
[32.720s] running install_egg_info
[32.753s] removing '/home/crofi/AutoModel_Rep/install/senal_detector/lib/python3.10/site-packages/senal_detector-0.0.0-py3.10.egg-info' (and everything under it)
[32.755s] Copying ../../../../build/senal_detector/senal_detector.egg-info to /home/crofi/AutoModel_Rep/install/senal_detector/lib/python3.10/site-packages/senal_detector-0.0.0-py3.10.egg-info
[32.763s] running install_scripts
[32.940s] Installing senal_detector script to /home/crofi/AutoModel_Rep/install/senal_detector/lib/senal_detector
[32.945s] writing list of installed files to '/home/crofi/AutoModel_Rep/build/senal_detector/install.log'
[35.645s] Invoked command in '/home/crofi/AutoModel_Rep/ros2_ws/src/vision/senal_detector' returned '0': PYTHONPATH=/home/crofi/AutoModel_Rep/build/senal_detector/prefix_override:/usr/lib/python3/dist-packages/colcon_core/task/python/colcon_distutils_commands:/home/crofi/AutoModel_Rep/install/senal_detector/lib/python3.10/site-packages:${PYTHONPATH} /usr/bin/python3 -W ignore:setup.py install is deprecated -W ignore:easy_install command is deprecated setup.py egg_info --egg-base ../../../../build/senal_detector build --build-base /home/crofi/AutoModel_Rep/build/senal_detector/build install --record /home/crofi/AutoModel_Rep/build/senal_detector/install.log --single-version-externally-managed install_data
