[8.852s] Invoking command in '/home/crofi/ros2_ws/src/vision/lane_angle': PYTHONPATH=/home/crofi/ros2_ws/build/lane_angle/prefix_override:/usr/lib/python3/dist-packages/colcon_core/task/python/colcon_distutils_commands:/home/crofi/ros2_ws/install/lane_angle/lib/python3.10/site-packages:${PYTHONPATH} /usr/bin/python3 -W ignore:setup.py install is deprecated -W ignore:easy_install command is deprecated setup.py egg_info --egg-base ../../../build/lane_angle build --build-base /home/crofi/ros2_ws/build/lane_angle/build install --record /home/crofi/ros2_ws/build/lane_angle/install.log --single-version-externally-managed install_data
[11.378s] running egg_info
[11.378s] writing ../../../build/lane_angle/lane_angle.egg-info/PKG-INFO
[11.379s] writing dependency_links to ../../../build/lane_angle/lane_angle.egg-info/dependency_links.txt
[11.380s] writing entry points to ../../../build/lane_angle/lane_angle.egg-info/entry_points.txt
[11.381s] writing requirements to ../../../build/lane_angle/lane_angle.egg-info/requires.txt
[11.382s] writing top-level names to ../../../build/lane_angle/lane_angle.egg-info/top_level.txt
[11.392s] reading manifest file '../../../build/lane_angle/lane_angle.egg-info/SOURCES.txt'
[11.397s] writing manifest file '../../../build/lane_angle/lane_angle.egg-info/SOURCES.txt'
[11.398s] running build
[11.399s] running build_py
[11.401s] running install
[11.402s] running install_lib
[11.418s] running install_data
[11.419s] running install_egg_info
[11.431s] removing '/home/crofi/ros2_ws/install/lane_angle/lib/python3.10/site-packages/lane_angle-0.0.0-py3.10.egg-info' (and everything under it)
[11.434s] Copying ../../../build/lane_angle/lane_angle.egg-info to /home/crofi/ros2_ws/install/lane_angle/lib/python3.10/site-packages/lane_angle-0.0.0-py3.10.egg-info
[11.442s] running install_scripts
[11.561s] Installing lane_angle script to /home/crofi/ros2_ws/install/lane_angle/lib/lane_angle
[11.563s] writing list of installed files to '/home/crofi/ros2_ws/build/lane_angle/install.log'
[11.771s] Invoked command in '/home/crofi/ros2_ws/src/vision/lane_angle' returned '0': PYTHONPATH=/home/crofi/ros2_ws/build/lane_angle/prefix_override:/usr/lib/python3/dist-packages/colcon_core/task/python/colcon_distutils_commands:/home/crofi/ros2_ws/install/lane_angle/lib/python3.10/site-packages:${PYTHONPATH} /usr/bin/python3 -W ignore:setup.py install is deprecated -W ignore:easy_install command is deprecated setup.py egg_info --egg-base ../../../build/lane_angle build --build-base /home/crofi/ros2_ws/build/lane_angle/build install --record /home/crofi/ros2_ws/build/lane_angle/install.log --single-version-externally-managed install_data
