[18.276s] Invoking command in '/home/crofi/ros2_ws/src/vision/lane_angle': PYTHONPATH=/home/crofi/ros2_ws/build/lane_angle/prefix_override:/usr/lib/python3/dist-packages/colcon_core/task/python/colcon_distutils_commands:/home/crofi/ros2_ws/install/lane_angle/lib/python3.10/site-packages:${PYTHONPATH} /usr/bin/python3 -W ignore:setup.py install is deprecated -W ignore:easy_install command is deprecated setup.py egg_info --egg-base ../../../build/lane_angle build --build-base /home/crofi/ros2_ws/build/lane_angle/build install --record /home/crofi/ros2_ws/build/lane_angle/install.log --single-version-externally-managed install_data
[21.590s] running egg_info
[21.591s] writing ../../../build/lane_angle/lane_angle.egg-info/PKG-INFO
[21.593s] writing dependency_links to ../../../build/lane_angle/lane_angle.egg-info/dependency_links.txt
[21.594s] writing entry points to ../../../build/lane_angle/lane_angle.egg-info/entry_points.txt
[21.596s] writing requirements to ../../../build/lane_angle/lane_angle.egg-info/requires.txt
[21.599s] writing top-level names to ../../../build/lane_angle/lane_angle.egg-info/top_level.txt
[21.615s] reading manifest file '../../../build/lane_angle/lane_angle.egg-info/SOURCES.txt'
[21.621s] writing manifest file '../../../build/lane_angle/lane_angle.egg-info/SOURCES.txt'
[21.623s] running build
[21.624s] running build_py
[21.631s] running install
[21.633s] running install_lib
[21.703s] running install_data
[21.706s] running install_egg_info
[21.746s] removing '/home/crofi/ros2_ws/install/lane_angle/lib/python3.10/site-packages/lane_angle-0.0.0-py3.10.egg-info' (and everything under it)
[21.756s] Copying ../../../build/lane_angle/lane_angle.egg-info to /home/crofi/ros2_ws/install/lane_angle/lib/python3.10/site-packages/lane_angle-0.0.0-py3.10.egg-info
[21.778s] running install_scripts
[22.186s] Installing lane_angle script to /home/crofi/ros2_ws/install/lane_angle/lib/lane_angle
[22.212s] writing list of installed files to '/home/crofi/ros2_ws/build/lane_angle/install.log'
[22.702s] Invoked command in '/home/crofi/ros2_ws/src/vision/lane_angle' returned '0': PYTHONPATH=/home/crofi/ros2_ws/build/lane_angle/prefix_override:/usr/lib/python3/dist-packages/colcon_core/task/python/colcon_distutils_commands:/home/crofi/ros2_ws/install/lane_angle/lib/python3.10/site-packages:${PYTHONPATH} /usr/bin/python3 -W ignore:setup.py install is deprecated -W ignore:easy_install command is deprecated setup.py egg_info --egg-base ../../../build/lane_angle build --build-base /home/crofi/ros2_ws/build/lane_angle/build install --record /home/crofi/ros2_ws/build/lane_angle/install.log --single-version-externally-managed install_data
