[10.216s] Invoking command in '/home/crofi/ros2_ws/src/vision/senal_detector': PYTHONPATH=/home/crofi/ros2_ws/build/senal_detector/prefix_override:/usr/lib/python3/dist-packages/colcon_core/task/python/colcon_distutils_commands:/home/crofi/ros2_ws/install/senal_detector/lib/python3.10/site-packages:${PYTHONPATH} /usr/bin/python3 -W ignore:setup.py install is deprecated -W ignore:easy_install command is deprecated setup.py egg_info --egg-base ../../../build/senal_detector build --build-base /home/crofi/ros2_ws/build/senal_detector/build install --record /home/crofi/ros2_ws/build/senal_detector/install.log --single-version-externally-managed install_data
[13.166s] running egg_info
[13.170s] writing ../../../build/senal_detector/senal_detector.egg-info/PKG-INFO
[13.171s] writing dependency_links to ../../../build/senal_detector/senal_detector.egg-info/dependency_links.txt
[13.175s] writing entry points to ../../../build/senal_detector/senal_detector.egg-info/entry_points.txt
[13.177s] writing requirements to ../../../build/senal_detector/senal_detector.egg-info/requires.txt
[13.178s] writing top-level names to ../../../build/senal_detector/senal_detector.egg-info/top_level.txt
[13.193s] reading manifest file '../../../build/senal_detector/senal_detector.egg-info/SOURCES.txt'
[13.200s] writing manifest file '../../../build/senal_detector/senal_detector.egg-info/SOURCES.txt'
[13.200s] running build
[13.201s] running build_py
[13.203s] running install
[13.204s] running install_lib
[13.220s] running install_data
[13.221s] running install_egg_info
[13.232s] removing '/home/crofi/ros2_ws/install/senal_detector/lib/python3.10/site-packages/senal_detector-0.0.0-py3.10.egg-info' (and everything under it)
[13.234s] Copying ../../../build/senal_detector/senal_detector.egg-info to /home/crofi/ros2_ws/install/senal_detector/lib/python3.10/site-packages/senal_detector-0.0.0-py3.10.egg-info
[13.252s] running install_scripts
[13.446s] Installing senal_detector script to /home/crofi/ros2_ws/install/senal_detector/lib/senal_detector
[13.484s] writing list of installed files to '/home/crofi/ros2_ws/build/senal_detector/install.log'
[14.924s] Invoked command in '/home/crofi/ros2_ws/src/vision/senal_detector' returned '0': PYTHONPATH=/home/crofi/ros2_ws/build/senal_detector/prefix_override:/usr/lib/python3/dist-packages/colcon_core/task/python/colcon_distutils_commands:/home/crofi/ros2_ws/install/senal_detector/lib/python3.10/site-packages:${PYTHONPATH} /usr/bin/python3 -W ignore:setup.py install is deprecated -W ignore:easy_install command is deprecated setup.py egg_info --egg-base ../../../build/senal_detector build --build-base /home/crofi/ros2_ws/build/senal_detector/build install --record /home/crofi/ros2_ws/build/senal_detector/install.log --single-version-externally-managed install_data
