[14.613s] Invoking command in '/home/crofi/AutoModel_Rep/ros2_ws/src/vision/senal_detector': PYTHONPATH=/home/crofi/AutoModel_Rep/build/senal_detector/prefix_override:/usr/lib/python3/dist-packages/colcon_core/task/python/colcon_distutils_commands:/home/crofi/AutoModel_Rep/install/senal_detector/lib/python3.10/site-packages:${PYTHONPATH} /usr/bin/python3 -W ignore:setup.py install is deprecated -W ignore:easy_install command is deprecated setup.py egg_info --egg-base ../../../../build/senal_detector build --build-base /home/crofi/AutoModel_Rep/build/senal_detector/build install --record /home/crofi/AutoModel_Rep/build/senal_detector/install.log --single-version-externally-managed install_data
[18.323s] running egg_info
[18.345s] writing ../../../../build/senal_detector/senal_detector.egg-info/PKG-INFO
[18.349s] writing dependency_links to ../../../../build/senal_detector/senal_detector.egg-info/dependency_links.txt
[18.354s] writing entry points to ../../../../build/senal_detector/senal_detector.egg-info/entry_points.txt
[18.363s] writing requirements to ../../../../build/senal_detector/senal_detector.egg-info/requires.txt
[18.365s] writing top-level names to ../../../../build/senal_detector/senal_detector.egg-info/top_level.txt
[18.366s] reading manifest file '../../../../build/senal_detector/senal_detector.egg-info/SOURCES.txt'
[18.369s] writing manifest file '../../../../build/senal_detector/senal_detector.egg-info/SOURCES.txt'
[18.372s] running build
[18.382s] running build_py
[18.386s] running install
[18.390s] running install_lib
[18.391s] running install_data
[18.392s] running install_egg_info
[18.405s] removing '/home/crofi/AutoModel_Rep/install/senal_detector/lib/python3.10/site-packages/senal_detector-0.0.0-py3.10.egg-info' (and everything under it)
[18.407s] Copying ../../../../build/senal_detector/senal_detector.egg-info to /home/crofi/AutoModel_Rep/install/senal_detector/lib/python3.10/site-packages/senal_detector-0.0.0-py3.10.egg-info
[18.427s] running install_scripts
[18.738s] Installing senal_detector script to /home/crofi/AutoModel_Rep/install/senal_detector/lib/senal_detector
[18.760s] writing list of installed files to '/home/crofi/AutoModel_Rep/build/senal_detector/install.log'
[21.455s] Invoked command in '/home/crofi/AutoModel_Rep/ros2_ws/src/vision/senal_detector' returned '0': PYTHONPATH=/home/crofi/AutoModel_Rep/build/senal_detector/prefix_override:/usr/lib/python3/dist-packages/colcon_core/task/python/colcon_distutils_commands:/home/crofi/AutoModel_Rep/install/senal_detector/lib/python3.10/site-packages:${PYTHONPATH} /usr/bin/python3 -W ignore:setup.py install is deprecated -W ignore:easy_install command is deprecated setup.py egg_info --egg-base ../../../../build/senal_detector build --build-base /home/crofi/AutoModel_Rep/build/senal_detector/build install --record /home/crofi/AutoModel_Rep/build/senal_detector/install.log --single-version-externally-managed install_data
