[16.677s] Invoking command in '/home/crofi/AutoModel_Rep/ros2_ws/src/hardware/servo': PYTHONPATH=/home/crofi/AutoModel_Rep/build/servo/prefix_override:/usr/lib/python3/dist-packages/colcon_core/task/python/colcon_distutils_commands:/home/crofi/AutoModel_Rep/install/servo/lib/python3.10/site-packages:${PYTHONPATH} /usr/bin/python3 -W ignore:setup.py install is deprecated -W ignore:easy_install command is deprecated setup.py egg_info --egg-base ../../../../build/servo build --build-base /home/crofi/AutoModel_Rep/build/servo/build install --record /home/crofi/AutoModel_Rep/build/servo/install.log --single-version-externally-managed install_data
[20.098s] running egg_info
[20.108s] writing ../../../../build/servo/servo.egg-info/PKG-INFO
[20.129s] writing dependency_links to ../../../../build/servo/servo.egg-info/dependency_links.txt
[20.133s] writing entry points to ../../../../build/servo/servo.egg-info/entry_points.txt
[20.138s] writing requirements to ../../../../build/servo/servo.egg-info/requires.txt
[20.149s] writing top-level names to ../../../../build/servo/servo.egg-info/top_level.txt
[20.181s] reading manifest file '../../../../build/servo/servo.egg-info/SOURCES.txt'
[20.232s] writing manifest file '../../../../build/servo/servo.egg-info/SOURCES.txt'
[20.234s] running build
[20.240s] running build_py
[20.253s] running install
[20.254s] running install_lib
[20.278s] running install_data
[20.285s] running install_egg_info
[20.289s] removing '/home/crofi/AutoModel_Rep/install/servo/lib/python3.10/site-packages/servo-0.0.0-py3.10.egg-info' (and everything under it)
[20.292s] Copying ../../../../build/servo/servo.egg-info to /home/crofi/AutoModel_Rep/install/servo/lib/python3.10/site-packages/servo-0.0.0-py3.10.egg-info
[20.301s] running install_scripts
[20.587s] Installing servo script to /home/crofi/AutoModel_Rep/install/servo/lib/servo
[20.592s] writing list of installed files to '/home/crofi/AutoModel_Rep/build/servo/install.log'
[21.363s] Invoked command in '/home/crofi/AutoModel_Rep/ros2_ws/src/hardware/servo' returned '0': PYTHONPATH=/home/crofi/AutoModel_Rep/build/servo/prefix_override:/usr/lib/python3/dist-packages/colcon_core/task/python/colcon_distutils_commands:/home/crofi/AutoModel_Rep/install/servo/lib/python3.10/site-packages:${PYTHONPATH} /usr/bin/python3 -W ignore:setup.py install is deprecated -W ignore:easy_install command is deprecated setup.py egg_info --egg-base ../../../../build/servo build --build-base /home/crofi/AutoModel_Rep/build/servo/build install --record /home/crofi/AutoModel_Rep/build/servo/install.log --single-version-externally-managed install_data
